[2024-05-16T12:06:06.466+0000] {processor.py:161} INFO - Started process (PID=7264) to work on /usr/local/python/3.10.13/lib/python3.10/site-packages/airflow/example_dags/plugins/workday.py
[2024-05-16T12:06:06.467+0000] {processor.py:830} INFO - Processing file /usr/local/python/3.10.13/lib/python3.10/site-packages/airflow/example_dags/plugins/workday.py for tasks to queue
[2024-05-16T12:06:06.468+0000] {logging_mixin.py:188} INFO - [2024-05-16T12:06:06.468+0000] {dagbag.py:545} INFO - Filling up the DagBag from /usr/local/python/3.10.13/lib/python3.10/site-packages/airflow/example_dags/plugins/workday.py
[2024-05-16T12:06:06.836+0000] {processor.py:842} WARNING - No viable dags retrieved from /usr/local/python/3.10.13/lib/python3.10/site-packages/airflow/example_dags/plugins/workday.py
[2024-05-16T12:06:06.842+0000] {processor.py:183} INFO - Processing /usr/local/python/3.10.13/lib/python3.10/site-packages/airflow/example_dags/plugins/workday.py took 0.380 seconds
[2024-05-16T12:07:08.054+0000] {processor.py:161} INFO - Started process (PID=7684) to work on /usr/local/python/3.10.13/lib/python3.10/site-packages/airflow/example_dags/plugins/workday.py
[2024-05-16T12:07:08.055+0000] {processor.py:830} INFO - Processing file /usr/local/python/3.10.13/lib/python3.10/site-packages/airflow/example_dags/plugins/workday.py for tasks to queue
[2024-05-16T12:07:08.057+0000] {logging_mixin.py:188} INFO - [2024-05-16T12:07:08.057+0000] {dagbag.py:545} INFO - Filling up the DagBag from /usr/local/python/3.10.13/lib/python3.10/site-packages/airflow/example_dags/plugins/workday.py
[2024-05-16T12:07:08.341+0000] {processor.py:842} WARNING - No viable dags retrieved from /usr/local/python/3.10.13/lib/python3.10/site-packages/airflow/example_dags/plugins/workday.py
[2024-05-16T12:07:08.347+0000] {processor.py:183} INFO - Processing /usr/local/python/3.10.13/lib/python3.10/site-packages/airflow/example_dags/plugins/workday.py took 0.301 seconds
[2024-05-16T12:07:56.715+0000] {processor.py:161} INFO - Started process (PID=8019) to work on /usr/local/python/3.10.13/lib/python3.10/site-packages/airflow/example_dags/plugins/workday.py
[2024-05-16T12:07:56.716+0000] {processor.py:830} INFO - Processing file /usr/local/python/3.10.13/lib/python3.10/site-packages/airflow/example_dags/plugins/workday.py for tasks to queue
[2024-05-16T12:07:56.718+0000] {logging_mixin.py:188} INFO - [2024-05-16T12:07:56.717+0000] {dagbag.py:545} INFO - Filling up the DagBag from /usr/local/python/3.10.13/lib/python3.10/site-packages/airflow/example_dags/plugins/workday.py
[2024-05-16T12:07:56.981+0000] {processor.py:842} WARNING - No viable dags retrieved from /usr/local/python/3.10.13/lib/python3.10/site-packages/airflow/example_dags/plugins/workday.py
[2024-05-16T12:07:56.989+0000] {processor.py:183} INFO - Processing /usr/local/python/3.10.13/lib/python3.10/site-packages/airflow/example_dags/plugins/workday.py took 0.278 seconds
[2024-05-16T12:08:40.659+0000] {processor.py:161} INFO - Started process (PID=8318) to work on /usr/local/python/3.10.13/lib/python3.10/site-packages/airflow/example_dags/plugins/workday.py
[2024-05-16T12:08:40.660+0000] {processor.py:830} INFO - Processing file /usr/local/python/3.10.13/lib/python3.10/site-packages/airflow/example_dags/plugins/workday.py for tasks to queue
[2024-05-16T12:08:40.661+0000] {logging_mixin.py:188} INFO - [2024-05-16T12:08:40.661+0000] {dagbag.py:545} INFO - Filling up the DagBag from /usr/local/python/3.10.13/lib/python3.10/site-packages/airflow/example_dags/plugins/workday.py
[2024-05-16T12:08:40.952+0000] {processor.py:842} WARNING - No viable dags retrieved from /usr/local/python/3.10.13/lib/python3.10/site-packages/airflow/example_dags/plugins/workday.py
[2024-05-16T12:08:40.960+0000] {processor.py:183} INFO - Processing /usr/local/python/3.10.13/lib/python3.10/site-packages/airflow/example_dags/plugins/workday.py took 0.305 seconds
[2024-05-16T12:09:24.662+0000] {processor.py:161} INFO - Started process (PID=8678) to work on /usr/local/python/3.10.13/lib/python3.10/site-packages/airflow/example_dags/plugins/workday.py
[2024-05-16T12:09:24.663+0000] {processor.py:830} INFO - Processing file /usr/local/python/3.10.13/lib/python3.10/site-packages/airflow/example_dags/plugins/workday.py for tasks to queue
[2024-05-16T12:09:24.664+0000] {logging_mixin.py:188} INFO - [2024-05-16T12:09:24.664+0000] {dagbag.py:545} INFO - Filling up the DagBag from /usr/local/python/3.10.13/lib/python3.10/site-packages/airflow/example_dags/plugins/workday.py
[2024-05-16T12:09:24.970+0000] {processor.py:842} WARNING - No viable dags retrieved from /usr/local/python/3.10.13/lib/python3.10/site-packages/airflow/example_dags/plugins/workday.py
[2024-05-16T12:09:24.976+0000] {processor.py:183} INFO - Processing /usr/local/python/3.10.13/lib/python3.10/site-packages/airflow/example_dags/plugins/workday.py took 0.319 seconds
[2024-05-16T12:10:08.919+0000] {processor.py:161} INFO - Started process (PID=8975) to work on /usr/local/python/3.10.13/lib/python3.10/site-packages/airflow/example_dags/plugins/workday.py
[2024-05-16T12:10:08.920+0000] {processor.py:830} INFO - Processing file /usr/local/python/3.10.13/lib/python3.10/site-packages/airflow/example_dags/plugins/workday.py for tasks to queue
[2024-05-16T12:10:08.921+0000] {logging_mixin.py:188} INFO - [2024-05-16T12:10:08.921+0000] {dagbag.py:545} INFO - Filling up the DagBag from /usr/local/python/3.10.13/lib/python3.10/site-packages/airflow/example_dags/plugins/workday.py
[2024-05-16T12:10:09.182+0000] {processor.py:842} WARNING - No viable dags retrieved from /usr/local/python/3.10.13/lib/python3.10/site-packages/airflow/example_dags/plugins/workday.py
[2024-05-16T12:10:09.188+0000] {processor.py:183} INFO - Processing /usr/local/python/3.10.13/lib/python3.10/site-packages/airflow/example_dags/plugins/workday.py took 0.274 seconds
[2024-05-16T12:10:51.668+0000] {processor.py:161} INFO - Started process (PID=9269) to work on /usr/local/python/3.10.13/lib/python3.10/site-packages/airflow/example_dags/plugins/workday.py
[2024-05-16T12:10:51.668+0000] {processor.py:830} INFO - Processing file /usr/local/python/3.10.13/lib/python3.10/site-packages/airflow/example_dags/plugins/workday.py for tasks to queue
[2024-05-16T12:10:51.670+0000] {logging_mixin.py:188} INFO - [2024-05-16T12:10:51.669+0000] {dagbag.py:545} INFO - Filling up the DagBag from /usr/local/python/3.10.13/lib/python3.10/site-packages/airflow/example_dags/plugins/workday.py
[2024-05-16T12:10:51.952+0000] {processor.py:842} WARNING - No viable dags retrieved from /usr/local/python/3.10.13/lib/python3.10/site-packages/airflow/example_dags/plugins/workday.py
[2024-05-16T12:10:51.958+0000] {processor.py:183} INFO - Processing /usr/local/python/3.10.13/lib/python3.10/site-packages/airflow/example_dags/plugins/workday.py took 0.295 seconds
[2024-05-16T12:11:31.367+0000] {processor.py:161} INFO - Started process (PID=9541) to work on /usr/local/python/3.10.13/lib/python3.10/site-packages/airflow/example_dags/plugins/workday.py
[2024-05-16T12:11:31.368+0000] {processor.py:830} INFO - Processing file /usr/local/python/3.10.13/lib/python3.10/site-packages/airflow/example_dags/plugins/workday.py for tasks to queue
[2024-05-16T12:11:31.369+0000] {logging_mixin.py:188} INFO - [2024-05-16T12:11:31.369+0000] {dagbag.py:545} INFO - Filling up the DagBag from /usr/local/python/3.10.13/lib/python3.10/site-packages/airflow/example_dags/plugins/workday.py
[2024-05-16T12:11:31.634+0000] {processor.py:842} WARNING - No viable dags retrieved from /usr/local/python/3.10.13/lib/python3.10/site-packages/airflow/example_dags/plugins/workday.py
[2024-05-16T12:11:31.641+0000] {processor.py:183} INFO - Processing /usr/local/python/3.10.13/lib/python3.10/site-packages/airflow/example_dags/plugins/workday.py took 0.278 seconds
[2024-05-16T12:12:10.646+0000] {processor.py:161} INFO - Started process (PID=9817) to work on /usr/local/python/3.10.13/lib/python3.10/site-packages/airflow/example_dags/plugins/workday.py
[2024-05-16T12:12:10.647+0000] {processor.py:830} INFO - Processing file /usr/local/python/3.10.13/lib/python3.10/site-packages/airflow/example_dags/plugins/workday.py for tasks to queue
[2024-05-16T12:12:10.648+0000] {logging_mixin.py:188} INFO - [2024-05-16T12:12:10.648+0000] {dagbag.py:545} INFO - Filling up the DagBag from /usr/local/python/3.10.13/lib/python3.10/site-packages/airflow/example_dags/plugins/workday.py
[2024-05-16T12:12:10.910+0000] {processor.py:842} WARNING - No viable dags retrieved from /usr/local/python/3.10.13/lib/python3.10/site-packages/airflow/example_dags/plugins/workday.py
[2024-05-16T12:12:10.917+0000] {processor.py:183} INFO - Processing /usr/local/python/3.10.13/lib/python3.10/site-packages/airflow/example_dags/plugins/workday.py took 0.277 seconds
[2024-05-16T12:12:54.719+0000] {processor.py:161} INFO - Started process (PID=10111) to work on /usr/local/python/3.10.13/lib/python3.10/site-packages/airflow/example_dags/plugins/workday.py
[2024-05-16T12:12:54.720+0000] {processor.py:830} INFO - Processing file /usr/local/python/3.10.13/lib/python3.10/site-packages/airflow/example_dags/plugins/workday.py for tasks to queue
[2024-05-16T12:12:54.721+0000] {logging_mixin.py:188} INFO - [2024-05-16T12:12:54.721+0000] {dagbag.py:545} INFO - Filling up the DagBag from /usr/local/python/3.10.13/lib/python3.10/site-packages/airflow/example_dags/plugins/workday.py
[2024-05-16T12:12:54.999+0000] {processor.py:842} WARNING - No viable dags retrieved from /usr/local/python/3.10.13/lib/python3.10/site-packages/airflow/example_dags/plugins/workday.py
[2024-05-16T12:12:55.008+0000] {processor.py:183} INFO - Processing /usr/local/python/3.10.13/lib/python3.10/site-packages/airflow/example_dags/plugins/workday.py took 0.294 seconds
[2024-05-16T12:13:36.513+0000] {processor.py:161} INFO - Started process (PID=10403) to work on /usr/local/python/3.10.13/lib/python3.10/site-packages/airflow/example_dags/plugins/workday.py
[2024-05-16T12:13:36.514+0000] {processor.py:830} INFO - Processing file /usr/local/python/3.10.13/lib/python3.10/site-packages/airflow/example_dags/plugins/workday.py for tasks to queue
[2024-05-16T12:13:36.515+0000] {logging_mixin.py:188} INFO - [2024-05-16T12:13:36.515+0000] {dagbag.py:545} INFO - Filling up the DagBag from /usr/local/python/3.10.13/lib/python3.10/site-packages/airflow/example_dags/plugins/workday.py
[2024-05-16T12:13:36.778+0000] {processor.py:842} WARNING - No viable dags retrieved from /usr/local/python/3.10.13/lib/python3.10/site-packages/airflow/example_dags/plugins/workday.py
[2024-05-16T12:13:36.784+0000] {processor.py:183} INFO - Processing /usr/local/python/3.10.13/lib/python3.10/site-packages/airflow/example_dags/plugins/workday.py took 0.276 seconds
[2024-05-16T12:14:17.881+0000] {processor.py:161} INFO - Started process (PID=10689) to work on /usr/local/python/3.10.13/lib/python3.10/site-packages/airflow/example_dags/plugins/workday.py
[2024-05-16T12:14:17.882+0000] {processor.py:830} INFO - Processing file /usr/local/python/3.10.13/lib/python3.10/site-packages/airflow/example_dags/plugins/workday.py for tasks to queue
[2024-05-16T12:14:17.883+0000] {logging_mixin.py:188} INFO - [2024-05-16T12:14:17.883+0000] {dagbag.py:545} INFO - Filling up the DagBag from /usr/local/python/3.10.13/lib/python3.10/site-packages/airflow/example_dags/plugins/workday.py
[2024-05-16T12:14:18.264+0000] {processor.py:842} WARNING - No viable dags retrieved from /usr/local/python/3.10.13/lib/python3.10/site-packages/airflow/example_dags/plugins/workday.py
[2024-05-16T12:14:18.271+0000] {processor.py:183} INFO - Processing /usr/local/python/3.10.13/lib/python3.10/site-packages/airflow/example_dags/plugins/workday.py took 0.395 seconds
[2024-05-16T12:15:00.464+0000] {processor.py:161} INFO - Started process (PID=10990) to work on /usr/local/python/3.10.13/lib/python3.10/site-packages/airflow/example_dags/plugins/workday.py
[2024-05-16T12:15:00.465+0000] {processor.py:830} INFO - Processing file /usr/local/python/3.10.13/lib/python3.10/site-packages/airflow/example_dags/plugins/workday.py for tasks to queue
[2024-05-16T12:15:00.466+0000] {logging_mixin.py:188} INFO - [2024-05-16T12:15:00.466+0000] {dagbag.py:545} INFO - Filling up the DagBag from /usr/local/python/3.10.13/lib/python3.10/site-packages/airflow/example_dags/plugins/workday.py
[2024-05-16T12:15:00.762+0000] {processor.py:842} WARNING - No viable dags retrieved from /usr/local/python/3.10.13/lib/python3.10/site-packages/airflow/example_dags/plugins/workday.py
[2024-05-16T12:15:00.768+0000] {processor.py:183} INFO - Processing /usr/local/python/3.10.13/lib/python3.10/site-packages/airflow/example_dags/plugins/workday.py took 0.309 seconds
[2024-05-16T12:15:42.543+0000] {processor.py:161} INFO - Started process (PID=11292) to work on /usr/local/python/3.10.13/lib/python3.10/site-packages/airflow/example_dags/plugins/workday.py
[2024-05-16T12:15:42.544+0000] {processor.py:830} INFO - Processing file /usr/local/python/3.10.13/lib/python3.10/site-packages/airflow/example_dags/plugins/workday.py for tasks to queue
[2024-05-16T12:15:42.545+0000] {logging_mixin.py:188} INFO - [2024-05-16T12:15:42.545+0000] {dagbag.py:545} INFO - Filling up the DagBag from /usr/local/python/3.10.13/lib/python3.10/site-packages/airflow/example_dags/plugins/workday.py
[2024-05-16T12:15:42.823+0000] {processor.py:842} WARNING - No viable dags retrieved from /usr/local/python/3.10.13/lib/python3.10/site-packages/airflow/example_dags/plugins/workday.py
[2024-05-16T12:15:42.829+0000] {processor.py:183} INFO - Processing /usr/local/python/3.10.13/lib/python3.10/site-packages/airflow/example_dags/plugins/workday.py took 0.290 seconds
[2024-05-16T12:16:26.341+0000] {processor.py:161} INFO - Started process (PID=11617) to work on /usr/local/python/3.10.13/lib/python3.10/site-packages/airflow/example_dags/plugins/workday.py
[2024-05-16T12:16:26.341+0000] {processor.py:830} INFO - Processing file /usr/local/python/3.10.13/lib/python3.10/site-packages/airflow/example_dags/plugins/workday.py for tasks to queue
[2024-05-16T12:16:26.343+0000] {logging_mixin.py:188} INFO - [2024-05-16T12:16:26.342+0000] {dagbag.py:545} INFO - Filling up the DagBag from /usr/local/python/3.10.13/lib/python3.10/site-packages/airflow/example_dags/plugins/workday.py
[2024-05-16T12:16:26.603+0000] {processor.py:842} WARNING - No viable dags retrieved from /usr/local/python/3.10.13/lib/python3.10/site-packages/airflow/example_dags/plugins/workday.py
[2024-05-16T12:16:26.610+0000] {processor.py:183} INFO - Processing /usr/local/python/3.10.13/lib/python3.10/site-packages/airflow/example_dags/plugins/workday.py took 0.274 seconds
[2024-05-16T12:17:09.736+0000] {processor.py:161} INFO - Started process (PID=11929) to work on /usr/local/python/3.10.13/lib/python3.10/site-packages/airflow/example_dags/plugins/workday.py
[2024-05-16T12:17:09.736+0000] {processor.py:830} INFO - Processing file /usr/local/python/3.10.13/lib/python3.10/site-packages/airflow/example_dags/plugins/workday.py for tasks to queue
[2024-05-16T12:17:09.738+0000] {logging_mixin.py:188} INFO - [2024-05-16T12:17:09.737+0000] {dagbag.py:545} INFO - Filling up the DagBag from /usr/local/python/3.10.13/lib/python3.10/site-packages/airflow/example_dags/plugins/workday.py
[2024-05-16T12:17:10.008+0000] {processor.py:842} WARNING - No viable dags retrieved from /usr/local/python/3.10.13/lib/python3.10/site-packages/airflow/example_dags/plugins/workday.py
[2024-05-16T12:17:10.014+0000] {processor.py:183} INFO - Processing /usr/local/python/3.10.13/lib/python3.10/site-packages/airflow/example_dags/plugins/workday.py took 0.284 seconds
[2024-05-16T12:17:52.679+0000] {processor.py:161} INFO - Started process (PID=12244) to work on /usr/local/python/3.10.13/lib/python3.10/site-packages/airflow/example_dags/plugins/workday.py
[2024-05-16T12:17:52.680+0000] {processor.py:830} INFO - Processing file /usr/local/python/3.10.13/lib/python3.10/site-packages/airflow/example_dags/plugins/workday.py for tasks to queue
[2024-05-16T12:17:52.681+0000] {logging_mixin.py:188} INFO - [2024-05-16T12:17:52.681+0000] {dagbag.py:545} INFO - Filling up the DagBag from /usr/local/python/3.10.13/lib/python3.10/site-packages/airflow/example_dags/plugins/workday.py
[2024-05-16T12:17:52.943+0000] {processor.py:842} WARNING - No viable dags retrieved from /usr/local/python/3.10.13/lib/python3.10/site-packages/airflow/example_dags/plugins/workday.py
[2024-05-16T12:17:52.950+0000] {processor.py:183} INFO - Processing /usr/local/python/3.10.13/lib/python3.10/site-packages/airflow/example_dags/plugins/workday.py took 0.276 seconds
[2024-05-16T12:18:32.645+0000] {processor.py:161} INFO - Started process (PID=12506) to work on /usr/local/python/3.10.13/lib/python3.10/site-packages/airflow/example_dags/plugins/workday.py
[2024-05-16T12:18:32.646+0000] {processor.py:830} INFO - Processing file /usr/local/python/3.10.13/lib/python3.10/site-packages/airflow/example_dags/plugins/workday.py for tasks to queue
[2024-05-16T12:18:32.647+0000] {logging_mixin.py:188} INFO - [2024-05-16T12:18:32.647+0000] {dagbag.py:545} INFO - Filling up the DagBag from /usr/local/python/3.10.13/lib/python3.10/site-packages/airflow/example_dags/plugins/workday.py
[2024-05-16T12:18:33.017+0000] {processor.py:842} WARNING - No viable dags retrieved from /usr/local/python/3.10.13/lib/python3.10/site-packages/airflow/example_dags/plugins/workday.py
[2024-05-16T12:18:33.025+0000] {processor.py:183} INFO - Processing /usr/local/python/3.10.13/lib/python3.10/site-packages/airflow/example_dags/plugins/workday.py took 0.386 seconds
[2024-05-16T12:19:14.617+0000] {processor.py:161} INFO - Started process (PID=12823) to work on /usr/local/python/3.10.13/lib/python3.10/site-packages/airflow/example_dags/plugins/workday.py
[2024-05-16T12:19:14.618+0000] {processor.py:830} INFO - Processing file /usr/local/python/3.10.13/lib/python3.10/site-packages/airflow/example_dags/plugins/workday.py for tasks to queue
[2024-05-16T12:19:14.619+0000] {logging_mixin.py:188} INFO - [2024-05-16T12:19:14.619+0000] {dagbag.py:545} INFO - Filling up the DagBag from /usr/local/python/3.10.13/lib/python3.10/site-packages/airflow/example_dags/plugins/workday.py
[2024-05-16T12:19:14.911+0000] {processor.py:842} WARNING - No viable dags retrieved from /usr/local/python/3.10.13/lib/python3.10/site-packages/airflow/example_dags/plugins/workday.py
[2024-05-16T12:19:14.918+0000] {processor.py:183} INFO - Processing /usr/local/python/3.10.13/lib/python3.10/site-packages/airflow/example_dags/plugins/workday.py took 0.306 seconds
[2024-05-16T12:19:56.801+0000] {processor.py:161} INFO - Started process (PID=13128) to work on /usr/local/python/3.10.13/lib/python3.10/site-packages/airflow/example_dags/plugins/workday.py
[2024-05-16T12:19:56.802+0000] {processor.py:830} INFO - Processing file /usr/local/python/3.10.13/lib/python3.10/site-packages/airflow/example_dags/plugins/workday.py for tasks to queue
[2024-05-16T12:19:56.803+0000] {logging_mixin.py:188} INFO - [2024-05-16T12:19:56.803+0000] {dagbag.py:545} INFO - Filling up the DagBag from /usr/local/python/3.10.13/lib/python3.10/site-packages/airflow/example_dags/plugins/workday.py
[2024-05-16T12:19:57.064+0000] {processor.py:842} WARNING - No viable dags retrieved from /usr/local/python/3.10.13/lib/python3.10/site-packages/airflow/example_dags/plugins/workday.py
[2024-05-16T12:19:57.070+0000] {processor.py:183} INFO - Processing /usr/local/python/3.10.13/lib/python3.10/site-packages/airflow/example_dags/plugins/workday.py took 0.274 seconds
[2024-05-16T12:20:37.440+0000] {processor.py:161} INFO - Started process (PID=13425) to work on /usr/local/python/3.10.13/lib/python3.10/site-packages/airflow/example_dags/plugins/workday.py
[2024-05-16T12:20:37.441+0000] {processor.py:830} INFO - Processing file /usr/local/python/3.10.13/lib/python3.10/site-packages/airflow/example_dags/plugins/workday.py for tasks to queue
[2024-05-16T12:20:37.442+0000] {logging_mixin.py:188} INFO - [2024-05-16T12:20:37.442+0000] {dagbag.py:545} INFO - Filling up the DagBag from /usr/local/python/3.10.13/lib/python3.10/site-packages/airflow/example_dags/plugins/workday.py
[2024-05-16T12:20:37.737+0000] {processor.py:842} WARNING - No viable dags retrieved from /usr/local/python/3.10.13/lib/python3.10/site-packages/airflow/example_dags/plugins/workday.py
[2024-05-16T12:20:37.743+0000] {processor.py:183} INFO - Processing /usr/local/python/3.10.13/lib/python3.10/site-packages/airflow/example_dags/plugins/workday.py took 0.308 seconds
[2024-05-16T12:21:20.670+0000] {processor.py:161} INFO - Started process (PID=13715) to work on /usr/local/python/3.10.13/lib/python3.10/site-packages/airflow/example_dags/plugins/workday.py
[2024-05-16T12:21:20.670+0000] {processor.py:830} INFO - Processing file /usr/local/python/3.10.13/lib/python3.10/site-packages/airflow/example_dags/plugins/workday.py for tasks to queue
[2024-05-16T12:21:20.672+0000] {logging_mixin.py:188} INFO - [2024-05-16T12:21:20.671+0000] {dagbag.py:545} INFO - Filling up the DagBag from /usr/local/python/3.10.13/lib/python3.10/site-packages/airflow/example_dags/plugins/workday.py
[2024-05-16T12:21:20.971+0000] {processor.py:842} WARNING - No viable dags retrieved from /usr/local/python/3.10.13/lib/python3.10/site-packages/airflow/example_dags/plugins/workday.py
[2024-05-16T12:21:20.977+0000] {processor.py:183} INFO - Processing /usr/local/python/3.10.13/lib/python3.10/site-packages/airflow/example_dags/plugins/workday.py took 0.312 seconds
[2024-05-16T12:22:04.070+0000] {processor.py:161} INFO - Started process (PID=14020) to work on /usr/local/python/3.10.13/lib/python3.10/site-packages/airflow/example_dags/plugins/workday.py
[2024-05-16T12:22:04.070+0000] {processor.py:830} INFO - Processing file /usr/local/python/3.10.13/lib/python3.10/site-packages/airflow/example_dags/plugins/workday.py for tasks to queue
[2024-05-16T12:22:04.072+0000] {logging_mixin.py:188} INFO - [2024-05-16T12:22:04.071+0000] {dagbag.py:545} INFO - Filling up the DagBag from /usr/local/python/3.10.13/lib/python3.10/site-packages/airflow/example_dags/plugins/workday.py
[2024-05-16T12:22:04.390+0000] {processor.py:842} WARNING - No viable dags retrieved from /usr/local/python/3.10.13/lib/python3.10/site-packages/airflow/example_dags/plugins/workday.py
[2024-05-16T12:22:04.397+0000] {processor.py:183} INFO - Processing /usr/local/python/3.10.13/lib/python3.10/site-packages/airflow/example_dags/plugins/workday.py took 0.332 seconds
[2024-05-16T12:22:47.616+0000] {processor.py:161} INFO - Started process (PID=14363) to work on /usr/local/python/3.10.13/lib/python3.10/site-packages/airflow/example_dags/plugins/workday.py
[2024-05-16T12:22:47.617+0000] {processor.py:830} INFO - Processing file /usr/local/python/3.10.13/lib/python3.10/site-packages/airflow/example_dags/plugins/workday.py for tasks to queue
[2024-05-16T12:22:47.618+0000] {logging_mixin.py:188} INFO - [2024-05-16T12:22:47.618+0000] {dagbag.py:545} INFO - Filling up the DagBag from /usr/local/python/3.10.13/lib/python3.10/site-packages/airflow/example_dags/plugins/workday.py
[2024-05-16T12:22:47.914+0000] {processor.py:842} WARNING - No viable dags retrieved from /usr/local/python/3.10.13/lib/python3.10/site-packages/airflow/example_dags/plugins/workday.py
[2024-05-16T12:22:47.921+0000] {processor.py:183} INFO - Processing /usr/local/python/3.10.13/lib/python3.10/site-packages/airflow/example_dags/plugins/workday.py took 0.309 seconds
[2024-05-16T12:23:32.394+0000] {processor.py:161} INFO - Started process (PID=14693) to work on /usr/local/python/3.10.13/lib/python3.10/site-packages/airflow/example_dags/plugins/workday.py
[2024-05-16T12:23:32.395+0000] {processor.py:830} INFO - Processing file /usr/local/python/3.10.13/lib/python3.10/site-packages/airflow/example_dags/plugins/workday.py for tasks to queue
[2024-05-16T12:23:32.396+0000] {logging_mixin.py:188} INFO - [2024-05-16T12:23:32.396+0000] {dagbag.py:545} INFO - Filling up the DagBag from /usr/local/python/3.10.13/lib/python3.10/site-packages/airflow/example_dags/plugins/workday.py
[2024-05-16T12:23:32.709+0000] {processor.py:842} WARNING - No viable dags retrieved from /usr/local/python/3.10.13/lib/python3.10/site-packages/airflow/example_dags/plugins/workday.py
[2024-05-16T12:23:32.716+0000] {processor.py:183} INFO - Processing /usr/local/python/3.10.13/lib/python3.10/site-packages/airflow/example_dags/plugins/workday.py took 0.326 seconds
[2024-05-16T12:24:16.740+0000] {processor.py:161} INFO - Started process (PID=15019) to work on /usr/local/python/3.10.13/lib/python3.10/site-packages/airflow/example_dags/plugins/workday.py
[2024-05-16T12:24:16.740+0000] {processor.py:830} INFO - Processing file /usr/local/python/3.10.13/lib/python3.10/site-packages/airflow/example_dags/plugins/workday.py for tasks to queue
[2024-05-16T12:24:16.742+0000] {logging_mixin.py:188} INFO - [2024-05-16T12:24:16.742+0000] {dagbag.py:545} INFO - Filling up the DagBag from /usr/local/python/3.10.13/lib/python3.10/site-packages/airflow/example_dags/plugins/workday.py
[2024-05-16T12:24:17.020+0000] {processor.py:842} WARNING - No viable dags retrieved from /usr/local/python/3.10.13/lib/python3.10/site-packages/airflow/example_dags/plugins/workday.py
[2024-05-16T12:24:17.026+0000] {processor.py:183} INFO - Processing /usr/local/python/3.10.13/lib/python3.10/site-packages/airflow/example_dags/plugins/workday.py took 0.292 seconds
[2024-05-16T12:24:58.795+0000] {processor.py:161} INFO - Started process (PID=15336) to work on /usr/local/python/3.10.13/lib/python3.10/site-packages/airflow/example_dags/plugins/workday.py
[2024-05-16T12:24:58.796+0000] {processor.py:830} INFO - Processing file /usr/local/python/3.10.13/lib/python3.10/site-packages/airflow/example_dags/plugins/workday.py for tasks to queue
[2024-05-16T12:24:58.797+0000] {logging_mixin.py:188} INFO - [2024-05-16T12:24:58.797+0000] {dagbag.py:545} INFO - Filling up the DagBag from /usr/local/python/3.10.13/lib/python3.10/site-packages/airflow/example_dags/plugins/workday.py
[2024-05-16T12:24:59.077+0000] {processor.py:842} WARNING - No viable dags retrieved from /usr/local/python/3.10.13/lib/python3.10/site-packages/airflow/example_dags/plugins/workday.py
[2024-05-16T12:24:59.084+0000] {processor.py:183} INFO - Processing /usr/local/python/3.10.13/lib/python3.10/site-packages/airflow/example_dags/plugins/workday.py took 0.294 seconds
[2024-05-16T12:25:37.974+0000] {processor.py:161} INFO - Started process (PID=15641) to work on /usr/local/python/3.10.13/lib/python3.10/site-packages/airflow/example_dags/plugins/workday.py
[2024-05-16T12:25:37.975+0000] {processor.py:830} INFO - Processing file /usr/local/python/3.10.13/lib/python3.10/site-packages/airflow/example_dags/plugins/workday.py for tasks to queue
[2024-05-16T12:25:37.976+0000] {logging_mixin.py:188} INFO - [2024-05-16T12:25:37.976+0000] {dagbag.py:545} INFO - Filling up the DagBag from /usr/local/python/3.10.13/lib/python3.10/site-packages/airflow/example_dags/plugins/workday.py
[2024-05-16T12:25:38.240+0000] {processor.py:842} WARNING - No viable dags retrieved from /usr/local/python/3.10.13/lib/python3.10/site-packages/airflow/example_dags/plugins/workday.py
[2024-05-16T12:25:38.247+0000] {processor.py:183} INFO - Processing /usr/local/python/3.10.13/lib/python3.10/site-packages/airflow/example_dags/plugins/workday.py took 0.278 seconds
[2024-05-16T12:26:16.871+0000] {processor.py:161} INFO - Started process (PID=15935) to work on /usr/local/python/3.10.13/lib/python3.10/site-packages/airflow/example_dags/plugins/workday.py
[2024-05-16T12:26:16.872+0000] {processor.py:830} INFO - Processing file /usr/local/python/3.10.13/lib/python3.10/site-packages/airflow/example_dags/plugins/workday.py for tasks to queue
[2024-05-16T12:26:16.873+0000] {logging_mixin.py:188} INFO - [2024-05-16T12:26:16.873+0000] {dagbag.py:545} INFO - Filling up the DagBag from /usr/local/python/3.10.13/lib/python3.10/site-packages/airflow/example_dags/plugins/workday.py
[2024-05-16T12:26:17.142+0000] {processor.py:842} WARNING - No viable dags retrieved from /usr/local/python/3.10.13/lib/python3.10/site-packages/airflow/example_dags/plugins/workday.py
[2024-05-16T12:26:17.149+0000] {processor.py:183} INFO - Processing /usr/local/python/3.10.13/lib/python3.10/site-packages/airflow/example_dags/plugins/workday.py took 0.283 seconds
[2024-05-16T12:26:59.533+0000] {processor.py:161} INFO - Started process (PID=16245) to work on /usr/local/python/3.10.13/lib/python3.10/site-packages/airflow/example_dags/plugins/workday.py
[2024-05-16T12:26:59.534+0000] {processor.py:830} INFO - Processing file /usr/local/python/3.10.13/lib/python3.10/site-packages/airflow/example_dags/plugins/workday.py for tasks to queue
[2024-05-16T12:26:59.535+0000] {logging_mixin.py:188} INFO - [2024-05-16T12:26:59.535+0000] {dagbag.py:545} INFO - Filling up the DagBag from /usr/local/python/3.10.13/lib/python3.10/site-packages/airflow/example_dags/plugins/workday.py
[2024-05-16T12:26:59.822+0000] {processor.py:842} WARNING - No viable dags retrieved from /usr/local/python/3.10.13/lib/python3.10/site-packages/airflow/example_dags/plugins/workday.py
[2024-05-16T12:26:59.829+0000] {processor.py:183} INFO - Processing /usr/local/python/3.10.13/lib/python3.10/site-packages/airflow/example_dags/plugins/workday.py took 0.300 seconds
[2024-05-16T12:27:42.028+0000] {processor.py:161} INFO - Started process (PID=16560) to work on /usr/local/python/3.10.13/lib/python3.10/site-packages/airflow/example_dags/plugins/workday.py
[2024-05-16T12:27:42.029+0000] {processor.py:830} INFO - Processing file /usr/local/python/3.10.13/lib/python3.10/site-packages/airflow/example_dags/plugins/workday.py for tasks to queue
[2024-05-16T12:27:42.030+0000] {logging_mixin.py:188} INFO - [2024-05-16T12:27:42.030+0000] {dagbag.py:545} INFO - Filling up the DagBag from /usr/local/python/3.10.13/lib/python3.10/site-packages/airflow/example_dags/plugins/workday.py
[2024-05-16T12:27:42.324+0000] {processor.py:842} WARNING - No viable dags retrieved from /usr/local/python/3.10.13/lib/python3.10/site-packages/airflow/example_dags/plugins/workday.py
[2024-05-16T12:27:42.332+0000] {processor.py:183} INFO - Processing /usr/local/python/3.10.13/lib/python3.10/site-packages/airflow/example_dags/plugins/workday.py took 0.308 seconds
[2024-05-16T12:28:25.560+0000] {processor.py:161} INFO - Started process (PID=16895) to work on /usr/local/python/3.10.13/lib/python3.10/site-packages/airflow/example_dags/plugins/workday.py
[2024-05-16T12:28:25.561+0000] {processor.py:830} INFO - Processing file /usr/local/python/3.10.13/lib/python3.10/site-packages/airflow/example_dags/plugins/workday.py for tasks to queue
[2024-05-16T12:28:25.563+0000] {logging_mixin.py:188} INFO - [2024-05-16T12:28:25.563+0000] {dagbag.py:545} INFO - Filling up the DagBag from /usr/local/python/3.10.13/lib/python3.10/site-packages/airflow/example_dags/plugins/workday.py
[2024-05-16T12:28:25.882+0000] {processor.py:842} WARNING - No viable dags retrieved from /usr/local/python/3.10.13/lib/python3.10/site-packages/airflow/example_dags/plugins/workday.py
[2024-05-16T12:28:25.889+0000] {processor.py:183} INFO - Processing /usr/local/python/3.10.13/lib/python3.10/site-packages/airflow/example_dags/plugins/workday.py took 0.333 seconds
[2024-05-16T12:29:06.515+0000] {processor.py:161} INFO - Started process (PID=17177) to work on /usr/local/python/3.10.13/lib/python3.10/site-packages/airflow/example_dags/plugins/workday.py
[2024-05-16T12:29:06.516+0000] {processor.py:830} INFO - Processing file /usr/local/python/3.10.13/lib/python3.10/site-packages/airflow/example_dags/plugins/workday.py for tasks to queue
[2024-05-16T12:29:06.517+0000] {logging_mixin.py:188} INFO - [2024-05-16T12:29:06.517+0000] {dagbag.py:545} INFO - Filling up the DagBag from /usr/local/python/3.10.13/lib/python3.10/site-packages/airflow/example_dags/plugins/workday.py
[2024-05-16T12:29:06.781+0000] {processor.py:842} WARNING - No viable dags retrieved from /usr/local/python/3.10.13/lib/python3.10/site-packages/airflow/example_dags/plugins/workday.py
[2024-05-16T12:29:06.787+0000] {processor.py:183} INFO - Processing /usr/local/python/3.10.13/lib/python3.10/site-packages/airflow/example_dags/plugins/workday.py took 0.277 seconds
[2024-05-16T12:29:49.158+0000] {processor.py:161} INFO - Started process (PID=17482) to work on /usr/local/python/3.10.13/lib/python3.10/site-packages/airflow/example_dags/plugins/workday.py
[2024-05-16T12:29:49.159+0000] {processor.py:830} INFO - Processing file /usr/local/python/3.10.13/lib/python3.10/site-packages/airflow/example_dags/plugins/workday.py for tasks to queue
[2024-05-16T12:29:49.161+0000] {logging_mixin.py:188} INFO - [2024-05-16T12:29:49.160+0000] {dagbag.py:545} INFO - Filling up the DagBag from /usr/local/python/3.10.13/lib/python3.10/site-packages/airflow/example_dags/plugins/workday.py
[2024-05-16T12:29:49.427+0000] {processor.py:842} WARNING - No viable dags retrieved from /usr/local/python/3.10.13/lib/python3.10/site-packages/airflow/example_dags/plugins/workday.py
[2024-05-16T12:29:49.433+0000] {processor.py:183} INFO - Processing /usr/local/python/3.10.13/lib/python3.10/site-packages/airflow/example_dags/plugins/workday.py took 0.279 seconds
[2024-05-16T12:30:32.319+0000] {processor.py:161} INFO - Started process (PID=17789) to work on /usr/local/python/3.10.13/lib/python3.10/site-packages/airflow/example_dags/plugins/workday.py
[2024-05-16T12:30:32.320+0000] {processor.py:830} INFO - Processing file /usr/local/python/3.10.13/lib/python3.10/site-packages/airflow/example_dags/plugins/workday.py for tasks to queue
[2024-05-16T12:30:32.321+0000] {logging_mixin.py:188} INFO - [2024-05-16T12:30:32.321+0000] {dagbag.py:545} INFO - Filling up the DagBag from /usr/local/python/3.10.13/lib/python3.10/site-packages/airflow/example_dags/plugins/workday.py
[2024-05-16T12:30:32.585+0000] {processor.py:842} WARNING - No viable dags retrieved from /usr/local/python/3.10.13/lib/python3.10/site-packages/airflow/example_dags/plugins/workday.py
[2024-05-16T12:30:32.591+0000] {processor.py:183} INFO - Processing /usr/local/python/3.10.13/lib/python3.10/site-packages/airflow/example_dags/plugins/workday.py took 0.277 seconds
[2024-05-16T12:31:16.695+0000] {processor.py:161} INFO - Started process (PID=18110) to work on /usr/local/python/3.10.13/lib/python3.10/site-packages/airflow/example_dags/plugins/workday.py
[2024-05-16T12:31:16.696+0000] {processor.py:830} INFO - Processing file /usr/local/python/3.10.13/lib/python3.10/site-packages/airflow/example_dags/plugins/workday.py for tasks to queue
[2024-05-16T12:31:16.697+0000] {logging_mixin.py:188} INFO - [2024-05-16T12:31:16.697+0000] {dagbag.py:545} INFO - Filling up the DagBag from /usr/local/python/3.10.13/lib/python3.10/site-packages/airflow/example_dags/plugins/workday.py
[2024-05-16T12:31:17.024+0000] {processor.py:842} WARNING - No viable dags retrieved from /usr/local/python/3.10.13/lib/python3.10/site-packages/airflow/example_dags/plugins/workday.py
[2024-05-16T12:31:17.031+0000] {processor.py:183} INFO - Processing /usr/local/python/3.10.13/lib/python3.10/site-packages/airflow/example_dags/plugins/workday.py took 0.341 seconds
[2024-05-16T12:32:00.251+0000] {processor.py:161} INFO - Started process (PID=18436) to work on /usr/local/python/3.10.13/lib/python3.10/site-packages/airflow/example_dags/plugins/workday.py
[2024-05-16T12:32:00.251+0000] {processor.py:830} INFO - Processing file /usr/local/python/3.10.13/lib/python3.10/site-packages/airflow/example_dags/plugins/workday.py for tasks to queue
[2024-05-16T12:32:00.253+0000] {logging_mixin.py:188} INFO - [2024-05-16T12:32:00.252+0000] {dagbag.py:545} INFO - Filling up the DagBag from /usr/local/python/3.10.13/lib/python3.10/site-packages/airflow/example_dags/plugins/workday.py
[2024-05-16T12:32:00.521+0000] {processor.py:842} WARNING - No viable dags retrieved from /usr/local/python/3.10.13/lib/python3.10/site-packages/airflow/example_dags/plugins/workday.py
[2024-05-16T12:32:00.528+0000] {processor.py:183} INFO - Processing /usr/local/python/3.10.13/lib/python3.10/site-packages/airflow/example_dags/plugins/workday.py took 0.282 seconds
[2024-05-16T12:32:39.448+0000] {processor.py:161} INFO - Started process (PID=18714) to work on /usr/local/python/3.10.13/lib/python3.10/site-packages/airflow/example_dags/plugins/workday.py
[2024-05-16T12:32:39.449+0000] {processor.py:830} INFO - Processing file /usr/local/python/3.10.13/lib/python3.10/site-packages/airflow/example_dags/plugins/workday.py for tasks to queue
[2024-05-16T12:32:39.450+0000] {logging_mixin.py:188} INFO - [2024-05-16T12:32:39.450+0000] {dagbag.py:545} INFO - Filling up the DagBag from /usr/local/python/3.10.13/lib/python3.10/site-packages/airflow/example_dags/plugins/workday.py
[2024-05-16T12:32:39.715+0000] {processor.py:842} WARNING - No viable dags retrieved from /usr/local/python/3.10.13/lib/python3.10/site-packages/airflow/example_dags/plugins/workday.py
[2024-05-16T12:32:39.721+0000] {processor.py:183} INFO - Processing /usr/local/python/3.10.13/lib/python3.10/site-packages/airflow/example_dags/plugins/workday.py took 0.278 seconds
[2024-05-16T12:33:20.535+0000] {processor.py:161} INFO - Started process (PID=19021) to work on /usr/local/python/3.10.13/lib/python3.10/site-packages/airflow/example_dags/plugins/workday.py
[2024-05-16T12:33:20.537+0000] {processor.py:830} INFO - Processing file /usr/local/python/3.10.13/lib/python3.10/site-packages/airflow/example_dags/plugins/workday.py for tasks to queue
[2024-05-16T12:33:20.538+0000] {logging_mixin.py:188} INFO - [2024-05-16T12:33:20.538+0000] {dagbag.py:545} INFO - Filling up the DagBag from /usr/local/python/3.10.13/lib/python3.10/site-packages/airflow/example_dags/plugins/workday.py
[2024-05-16T12:33:20.846+0000] {processor.py:842} WARNING - No viable dags retrieved from /usr/local/python/3.10.13/lib/python3.10/site-packages/airflow/example_dags/plugins/workday.py
[2024-05-16T12:33:20.853+0000] {processor.py:183} INFO - Processing /usr/local/python/3.10.13/lib/python3.10/site-packages/airflow/example_dags/plugins/workday.py took 0.324 seconds
[2024-05-16T12:34:03.835+0000] {processor.py:161} INFO - Started process (PID=19337) to work on /usr/local/python/3.10.13/lib/python3.10/site-packages/airflow/example_dags/plugins/workday.py
[2024-05-16T12:34:03.836+0000] {processor.py:830} INFO - Processing file /usr/local/python/3.10.13/lib/python3.10/site-packages/airflow/example_dags/plugins/workday.py for tasks to queue
[2024-05-16T12:34:03.837+0000] {logging_mixin.py:188} INFO - [2024-05-16T12:34:03.837+0000] {dagbag.py:545} INFO - Filling up the DagBag from /usr/local/python/3.10.13/lib/python3.10/site-packages/airflow/example_dags/plugins/workday.py
[2024-05-16T12:34:04.103+0000] {processor.py:842} WARNING - No viable dags retrieved from /usr/local/python/3.10.13/lib/python3.10/site-packages/airflow/example_dags/plugins/workday.py
[2024-05-16T12:34:04.109+0000] {processor.py:183} INFO - Processing /usr/local/python/3.10.13/lib/python3.10/site-packages/airflow/example_dags/plugins/workday.py took 0.279 seconds
[2024-05-16T12:34:47.200+0000] {processor.py:161} INFO - Started process (PID=19643) to work on /usr/local/python/3.10.13/lib/python3.10/site-packages/airflow/example_dags/plugins/workday.py
[2024-05-16T12:34:47.201+0000] {processor.py:830} INFO - Processing file /usr/local/python/3.10.13/lib/python3.10/site-packages/airflow/example_dags/plugins/workday.py for tasks to queue
[2024-05-16T12:34:47.202+0000] {logging_mixin.py:188} INFO - [2024-05-16T12:34:47.202+0000] {dagbag.py:545} INFO - Filling up the DagBag from /usr/local/python/3.10.13/lib/python3.10/site-packages/airflow/example_dags/plugins/workday.py
[2024-05-16T12:34:47.507+0000] {processor.py:842} WARNING - No viable dags retrieved from /usr/local/python/3.10.13/lib/python3.10/site-packages/airflow/example_dags/plugins/workday.py
[2024-05-16T12:34:47.514+0000] {processor.py:183} INFO - Processing /usr/local/python/3.10.13/lib/python3.10/site-packages/airflow/example_dags/plugins/workday.py took 0.319 seconds
[2024-05-16T12:35:30.677+0000] {processor.py:161} INFO - Started process (PID=19963) to work on /usr/local/python/3.10.13/lib/python3.10/site-packages/airflow/example_dags/plugins/workday.py
[2024-05-16T12:35:30.678+0000] {processor.py:830} INFO - Processing file /usr/local/python/3.10.13/lib/python3.10/site-packages/airflow/example_dags/plugins/workday.py for tasks to queue
[2024-05-16T12:35:30.679+0000] {logging_mixin.py:188} INFO - [2024-05-16T12:35:30.679+0000] {dagbag.py:545} INFO - Filling up the DagBag from /usr/local/python/3.10.13/lib/python3.10/site-packages/airflow/example_dags/plugins/workday.py
[2024-05-16T12:35:30.940+0000] {processor.py:842} WARNING - No viable dags retrieved from /usr/local/python/3.10.13/lib/python3.10/site-packages/airflow/example_dags/plugins/workday.py
[2024-05-16T12:35:30.946+0000] {processor.py:183} INFO - Processing /usr/local/python/3.10.13/lib/python3.10/site-packages/airflow/example_dags/plugins/workday.py took 0.274 seconds
[2024-05-16T12:36:09.910+0000] {processor.py:161} INFO - Started process (PID=20257) to work on /usr/local/python/3.10.13/lib/python3.10/site-packages/airflow/example_dags/plugins/workday.py
[2024-05-16T12:36:09.911+0000] {processor.py:830} INFO - Processing file /usr/local/python/3.10.13/lib/python3.10/site-packages/airflow/example_dags/plugins/workday.py for tasks to queue
[2024-05-16T12:36:09.912+0000] {logging_mixin.py:188} INFO - [2024-05-16T12:36:09.912+0000] {dagbag.py:545} INFO - Filling up the DagBag from /usr/local/python/3.10.13/lib/python3.10/site-packages/airflow/example_dags/plugins/workday.py
[2024-05-16T12:36:10.173+0000] {processor.py:842} WARNING - No viable dags retrieved from /usr/local/python/3.10.13/lib/python3.10/site-packages/airflow/example_dags/plugins/workday.py
[2024-05-16T12:36:10.179+0000] {processor.py:183} INFO - Processing /usr/local/python/3.10.13/lib/python3.10/site-packages/airflow/example_dags/plugins/workday.py took 0.276 seconds
[2024-05-16T12:36:50.490+0000] {processor.py:161} INFO - Started process (PID=20547) to work on /usr/local/python/3.10.13/lib/python3.10/site-packages/airflow/example_dags/plugins/workday.py
[2024-05-16T12:36:50.491+0000] {processor.py:830} INFO - Processing file /usr/local/python/3.10.13/lib/python3.10/site-packages/airflow/example_dags/plugins/workday.py for tasks to queue
[2024-05-16T12:36:50.492+0000] {logging_mixin.py:188} INFO - [2024-05-16T12:36:50.492+0000] {dagbag.py:545} INFO - Filling up the DagBag from /usr/local/python/3.10.13/lib/python3.10/site-packages/airflow/example_dags/plugins/workday.py
[2024-05-16T12:36:50.868+0000] {processor.py:842} WARNING - No viable dags retrieved from /usr/local/python/3.10.13/lib/python3.10/site-packages/airflow/example_dags/plugins/workday.py
[2024-05-16T12:36:50.874+0000] {processor.py:183} INFO - Processing /usr/local/python/3.10.13/lib/python3.10/site-packages/airflow/example_dags/plugins/workday.py took 0.388 seconds
[2024-05-16T12:37:33.938+0000] {processor.py:161} INFO - Started process (PID=20846) to work on /usr/local/python/3.10.13/lib/python3.10/site-packages/airflow/example_dags/plugins/workday.py
[2024-05-16T12:37:33.939+0000] {processor.py:830} INFO - Processing file /usr/local/python/3.10.13/lib/python3.10/site-packages/airflow/example_dags/plugins/workday.py for tasks to queue
[2024-05-16T12:37:33.940+0000] {logging_mixin.py:188} INFO - [2024-05-16T12:37:33.940+0000] {dagbag.py:545} INFO - Filling up the DagBag from /usr/local/python/3.10.13/lib/python3.10/site-packages/airflow/example_dags/plugins/workday.py
[2024-05-16T12:37:34.411+0000] {processor.py:842} WARNING - No viable dags retrieved from /usr/local/python/3.10.13/lib/python3.10/site-packages/airflow/example_dags/plugins/workday.py
[2024-05-16T12:37:34.416+0000] {processor.py:183} INFO - Processing /usr/local/python/3.10.13/lib/python3.10/site-packages/airflow/example_dags/plugins/workday.py took 0.483 seconds
[2024-05-16T12:38:13.008+0000] {processor.py:161} INFO - Started process (PID=21130) to work on /usr/local/python/3.10.13/lib/python3.10/site-packages/airflow/example_dags/plugins/workday.py
[2024-05-16T12:38:13.009+0000] {processor.py:830} INFO - Processing file /usr/local/python/3.10.13/lib/python3.10/site-packages/airflow/example_dags/plugins/workday.py for tasks to queue
[2024-05-16T12:38:13.010+0000] {logging_mixin.py:188} INFO - [2024-05-16T12:38:13.010+0000] {dagbag.py:545} INFO - Filling up the DagBag from /usr/local/python/3.10.13/lib/python3.10/site-packages/airflow/example_dags/plugins/workday.py
[2024-05-16T12:38:13.356+0000] {processor.py:842} WARNING - No viable dags retrieved from /usr/local/python/3.10.13/lib/python3.10/site-packages/airflow/example_dags/plugins/workday.py
[2024-05-16T12:38:13.362+0000] {processor.py:183} INFO - Processing /usr/local/python/3.10.13/lib/python3.10/site-packages/airflow/example_dags/plugins/workday.py took 0.358 seconds
[2024-05-16T12:38:52.430+0000] {processor.py:161} INFO - Started process (PID=21404) to work on /usr/local/python/3.10.13/lib/python3.10/site-packages/airflow/example_dags/plugins/workday.py
[2024-05-16T12:38:52.430+0000] {processor.py:830} INFO - Processing file /usr/local/python/3.10.13/lib/python3.10/site-packages/airflow/example_dags/plugins/workday.py for tasks to queue
[2024-05-16T12:38:52.432+0000] {logging_mixin.py:188} INFO - [2024-05-16T12:38:52.431+0000] {dagbag.py:545} INFO - Filling up the DagBag from /usr/local/python/3.10.13/lib/python3.10/site-packages/airflow/example_dags/plugins/workday.py
[2024-05-16T12:38:52.773+0000] {processor.py:842} WARNING - No viable dags retrieved from /usr/local/python/3.10.13/lib/python3.10/site-packages/airflow/example_dags/plugins/workday.py
[2024-05-16T12:38:52.778+0000] {processor.py:183} INFO - Processing /usr/local/python/3.10.13/lib/python3.10/site-packages/airflow/example_dags/plugins/workday.py took 0.353 seconds
[2024-05-16T12:39:36.431+0000] {processor.py:161} INFO - Started process (PID=21729) to work on /usr/local/python/3.10.13/lib/python3.10/site-packages/airflow/example_dags/plugins/workday.py
[2024-05-16T12:39:36.432+0000] {processor.py:830} INFO - Processing file /usr/local/python/3.10.13/lib/python3.10/site-packages/airflow/example_dags/plugins/workday.py for tasks to queue
[2024-05-16T12:39:36.434+0000] {logging_mixin.py:188} INFO - [2024-05-16T12:39:36.433+0000] {dagbag.py:545} INFO - Filling up the DagBag from /usr/local/python/3.10.13/lib/python3.10/site-packages/airflow/example_dags/plugins/workday.py
[2024-05-16T12:39:36.850+0000] {processor.py:842} WARNING - No viable dags retrieved from /usr/local/python/3.10.13/lib/python3.10/site-packages/airflow/example_dags/plugins/workday.py
[2024-05-16T12:39:36.856+0000] {processor.py:183} INFO - Processing /usr/local/python/3.10.13/lib/python3.10/site-packages/airflow/example_dags/plugins/workday.py took 0.432 seconds
[2024-05-16T12:40:18.504+0000] {processor.py:161} INFO - Started process (PID=22040) to work on /usr/local/python/3.10.13/lib/python3.10/site-packages/airflow/example_dags/plugins/workday.py
[2024-05-16T12:40:18.505+0000] {processor.py:830} INFO - Processing file /usr/local/python/3.10.13/lib/python3.10/site-packages/airflow/example_dags/plugins/workday.py for tasks to queue
[2024-05-16T12:40:18.506+0000] {logging_mixin.py:188} INFO - [2024-05-16T12:40:18.506+0000] {dagbag.py:545} INFO - Filling up the DagBag from /usr/local/python/3.10.13/lib/python3.10/site-packages/airflow/example_dags/plugins/workday.py
[2024-05-16T12:40:18.848+0000] {processor.py:842} WARNING - No viable dags retrieved from /usr/local/python/3.10.13/lib/python3.10/site-packages/airflow/example_dags/plugins/workday.py
[2024-05-16T12:40:18.853+0000] {processor.py:183} INFO - Processing /usr/local/python/3.10.13/lib/python3.10/site-packages/airflow/example_dags/plugins/workday.py took 0.355 seconds
[2024-05-16T12:41:01.413+0000] {processor.py:161} INFO - Started process (PID=22348) to work on /usr/local/python/3.10.13/lib/python3.10/site-packages/airflow/example_dags/plugins/workday.py
[2024-05-16T12:41:01.413+0000] {processor.py:830} INFO - Processing file /usr/local/python/3.10.13/lib/python3.10/site-packages/airflow/example_dags/plugins/workday.py for tasks to queue
[2024-05-16T12:41:01.415+0000] {logging_mixin.py:188} INFO - [2024-05-16T12:41:01.414+0000] {dagbag.py:545} INFO - Filling up the DagBag from /usr/local/python/3.10.13/lib/python3.10/site-packages/airflow/example_dags/plugins/workday.py
[2024-05-16T12:41:01.763+0000] {processor.py:842} WARNING - No viable dags retrieved from /usr/local/python/3.10.13/lib/python3.10/site-packages/airflow/example_dags/plugins/workday.py
[2024-05-16T12:41:01.769+0000] {processor.py:183} INFO - Processing /usr/local/python/3.10.13/lib/python3.10/site-packages/airflow/example_dags/plugins/workday.py took 0.361 seconds
[2024-05-16T12:41:41.449+0000] {processor.py:161} INFO - Started process (PID=22628) to work on /usr/local/python/3.10.13/lib/python3.10/site-packages/airflow/example_dags/plugins/workday.py
[2024-05-16T12:41:41.450+0000] {processor.py:830} INFO - Processing file /usr/local/python/3.10.13/lib/python3.10/site-packages/airflow/example_dags/plugins/workday.py for tasks to queue
[2024-05-16T12:41:41.451+0000] {logging_mixin.py:188} INFO - [2024-05-16T12:41:41.451+0000] {dagbag.py:545} INFO - Filling up the DagBag from /usr/local/python/3.10.13/lib/python3.10/site-packages/airflow/example_dags/plugins/workday.py
[2024-05-16T12:41:41.798+0000] {processor.py:842} WARNING - No viable dags retrieved from /usr/local/python/3.10.13/lib/python3.10/site-packages/airflow/example_dags/plugins/workday.py
[2024-05-16T12:41:41.803+0000] {processor.py:183} INFO - Processing /usr/local/python/3.10.13/lib/python3.10/site-packages/airflow/example_dags/plugins/workday.py took 0.359 seconds
[2024-05-16T12:42:26.707+0000] {processor.py:161} INFO - Started process (PID=22952) to work on /usr/local/python/3.10.13/lib/python3.10/site-packages/airflow/example_dags/plugins/workday.py
[2024-05-16T12:42:26.708+0000] {processor.py:830} INFO - Processing file /usr/local/python/3.10.13/lib/python3.10/site-packages/airflow/example_dags/plugins/workday.py for tasks to queue
[2024-05-16T12:42:26.710+0000] {logging_mixin.py:188} INFO - [2024-05-16T12:42:26.709+0000] {dagbag.py:545} INFO - Filling up the DagBag from /usr/local/python/3.10.13/lib/python3.10/site-packages/airflow/example_dags/plugins/workday.py
[2024-05-16T12:42:27.099+0000] {processor.py:842} WARNING - No viable dags retrieved from /usr/local/python/3.10.13/lib/python3.10/site-packages/airflow/example_dags/plugins/workday.py
[2024-05-16T12:42:27.104+0000] {processor.py:183} INFO - Processing /usr/local/python/3.10.13/lib/python3.10/site-packages/airflow/example_dags/plugins/workday.py took 0.402 seconds
[2024-05-16T12:43:07.483+0000] {processor.py:161} INFO - Started process (PID=23259) to work on /usr/local/python/3.10.13/lib/python3.10/site-packages/airflow/example_dags/plugins/workday.py
[2024-05-16T12:43:07.484+0000] {processor.py:830} INFO - Processing file /usr/local/python/3.10.13/lib/python3.10/site-packages/airflow/example_dags/plugins/workday.py for tasks to queue
[2024-05-16T12:43:07.486+0000] {logging_mixin.py:188} INFO - [2024-05-16T12:43:07.485+0000] {dagbag.py:545} INFO - Filling up the DagBag from /usr/local/python/3.10.13/lib/python3.10/site-packages/airflow/example_dags/plugins/workday.py
[2024-05-16T12:43:07.850+0000] {processor.py:842} WARNING - No viable dags retrieved from /usr/local/python/3.10.13/lib/python3.10/site-packages/airflow/example_dags/plugins/workday.py
[2024-05-16T12:43:07.855+0000] {processor.py:183} INFO - Processing /usr/local/python/3.10.13/lib/python3.10/site-packages/airflow/example_dags/plugins/workday.py took 0.377 seconds
[2024-05-16T12:43:49.710+0000] {processor.py:161} INFO - Started process (PID=23564) to work on /usr/local/python/3.10.13/lib/python3.10/site-packages/airflow/example_dags/plugins/workday.py
[2024-05-16T12:43:49.711+0000] {processor.py:830} INFO - Processing file /usr/local/python/3.10.13/lib/python3.10/site-packages/airflow/example_dags/plugins/workday.py for tasks to queue
[2024-05-16T12:43:49.712+0000] {logging_mixin.py:188} INFO - [2024-05-16T12:43:49.712+0000] {dagbag.py:545} INFO - Filling up the DagBag from /usr/local/python/3.10.13/lib/python3.10/site-packages/airflow/example_dags/plugins/workday.py
[2024-05-16T12:43:50.071+0000] {processor.py:842} WARNING - No viable dags retrieved from /usr/local/python/3.10.13/lib/python3.10/site-packages/airflow/example_dags/plugins/workday.py
[2024-05-16T12:43:50.078+0000] {processor.py:183} INFO - Processing /usr/local/python/3.10.13/lib/python3.10/site-packages/airflow/example_dags/plugins/workday.py took 0.373 seconds
[2024-05-16T12:44:33.417+0000] {processor.py:161} INFO - Started process (PID=23890) to work on /usr/local/python/3.10.13/lib/python3.10/site-packages/airflow/example_dags/plugins/workday.py
[2024-05-16T12:44:33.418+0000] {processor.py:830} INFO - Processing file /usr/local/python/3.10.13/lib/python3.10/site-packages/airflow/example_dags/plugins/workday.py for tasks to queue
[2024-05-16T12:44:33.419+0000] {logging_mixin.py:188} INFO - [2024-05-16T12:44:33.419+0000] {dagbag.py:545} INFO - Filling up the DagBag from /usr/local/python/3.10.13/lib/python3.10/site-packages/airflow/example_dags/plugins/workday.py
[2024-05-16T12:44:33.845+0000] {processor.py:842} WARNING - No viable dags retrieved from /usr/local/python/3.10.13/lib/python3.10/site-packages/airflow/example_dags/plugins/workday.py
[2024-05-16T12:44:33.850+0000] {processor.py:183} INFO - Processing /usr/local/python/3.10.13/lib/python3.10/site-packages/airflow/example_dags/plugins/workday.py took 0.438 seconds
[2024-05-16T12:45:15.476+0000] {processor.py:161} INFO - Started process (PID=24238) to work on /usr/local/python/3.10.13/lib/python3.10/site-packages/airflow/example_dags/plugins/workday.py
[2024-05-16T12:45:15.489+0000] {processor.py:830} INFO - Processing file /usr/local/python/3.10.13/lib/python3.10/site-packages/airflow/example_dags/plugins/workday.py for tasks to queue
[2024-05-16T12:45:15.491+0000] {logging_mixin.py:188} INFO - [2024-05-16T12:45:15.491+0000] {dagbag.py:545} INFO - Filling up the DagBag from /usr/local/python/3.10.13/lib/python3.10/site-packages/airflow/example_dags/plugins/workday.py
[2024-05-16T12:45:16.629+0000] {processor.py:842} WARNING - No viable dags retrieved from /usr/local/python/3.10.13/lib/python3.10/site-packages/airflow/example_dags/plugins/workday.py
[2024-05-16T12:45:16.652+0000] {processor.py:183} INFO - Processing /usr/local/python/3.10.13/lib/python3.10/site-packages/airflow/example_dags/plugins/workday.py took 1.187 seconds
