[2024-05-16T12:06:49.794+0000] {processor.py:161} INFO - Started process (PID=7562) to work on /usr/local/python/3.10.13/lib/python3.10/site-packages/airflow/example_dags/example_params_ui_tutorial.py
[2024-05-16T12:06:49.795+0000] {processor.py:830} INFO - Processing file /usr/local/python/3.10.13/lib/python3.10/site-packages/airflow/example_dags/example_params_ui_tutorial.py for tasks to queue
[2024-05-16T12:06:49.796+0000] {logging_mixin.py:188} INFO - [2024-05-16T12:06:49.796+0000] {dagbag.py:545} INFO - Filling up the DagBag from /usr/local/python/3.10.13/lib/python3.10/site-packages/airflow/example_dags/example_params_ui_tutorial.py
[2024-05-16T12:06:49.805+0000] {processor.py:840} INFO - DAG(s) 'example_params_ui_tutorial' retrieved from /usr/local/python/3.10.13/lib/python3.10/site-packages/airflow/example_dags/example_params_ui_tutorial.py
[2024-05-16T12:06:49.993+0000] {logging_mixin.py:188} INFO - [2024-05-16T12:06:49.992+0000] {dag.py:3096} INFO - Sync 1 DAGs
[2024-05-16T12:06:50.000+0000] {logging_mixin.py:188} INFO - [2024-05-16T12:06:50.000+0000] {dag.py:3954} INFO - Setting next_dagrun for example_params_ui_tutorial to None, run_after=None
[2024-05-16T12:06:50.047+0000] {processor.py:183} INFO - Processing /usr/local/python/3.10.13/lib/python3.10/site-packages/airflow/example_dags/example_params_ui_tutorial.py took 0.257 seconds
[2024-05-16T12:07:43.404+0000] {processor.py:161} INFO - Started process (PID=7938) to work on /usr/local/python/3.10.13/lib/python3.10/site-packages/airflow/example_dags/example_params_ui_tutorial.py
[2024-05-16T12:07:43.405+0000] {processor.py:830} INFO - Processing file /usr/local/python/3.10.13/lib/python3.10/site-packages/airflow/example_dags/example_params_ui_tutorial.py for tasks to queue
[2024-05-16T12:07:43.406+0000] {logging_mixin.py:188} INFO - [2024-05-16T12:07:43.406+0000] {dagbag.py:545} INFO - Filling up the DagBag from /usr/local/python/3.10.13/lib/python3.10/site-packages/airflow/example_dags/example_params_ui_tutorial.py
[2024-05-16T12:07:43.415+0000] {processor.py:840} INFO - DAG(s) 'example_params_ui_tutorial' retrieved from /usr/local/python/3.10.13/lib/python3.10/site-packages/airflow/example_dags/example_params_ui_tutorial.py
[2024-05-16T12:07:43.452+0000] {logging_mixin.py:188} INFO - [2024-05-16T12:07:43.452+0000] {dag.py:3096} INFO - Sync 1 DAGs
[2024-05-16T12:07:43.462+0000] {logging_mixin.py:188} INFO - [2024-05-16T12:07:43.462+0000] {dag.py:3954} INFO - Setting next_dagrun for example_params_ui_tutorial to None, run_after=None
[2024-05-16T12:07:43.506+0000] {processor.py:183} INFO - Processing /usr/local/python/3.10.13/lib/python3.10/site-packages/airflow/example_dags/example_params_ui_tutorial.py took 0.107 seconds
[2024-05-16T12:08:33.784+0000] {processor.py:161} INFO - Started process (PID=8285) to work on /usr/local/python/3.10.13/lib/python3.10/site-packages/airflow/example_dags/example_params_ui_tutorial.py
[2024-05-16T12:08:33.785+0000] {processor.py:830} INFO - Processing file /usr/local/python/3.10.13/lib/python3.10/site-packages/airflow/example_dags/example_params_ui_tutorial.py for tasks to queue
[2024-05-16T12:08:33.786+0000] {logging_mixin.py:188} INFO - [2024-05-16T12:08:33.786+0000] {dagbag.py:545} INFO - Filling up the DagBag from /usr/local/python/3.10.13/lib/python3.10/site-packages/airflow/example_dags/example_params_ui_tutorial.py
[2024-05-16T12:08:33.796+0000] {processor.py:840} INFO - DAG(s) 'example_params_ui_tutorial' retrieved from /usr/local/python/3.10.13/lib/python3.10/site-packages/airflow/example_dags/example_params_ui_tutorial.py
[2024-05-16T12:08:33.832+0000] {logging_mixin.py:188} INFO - [2024-05-16T12:08:33.832+0000] {dag.py:3096} INFO - Sync 1 DAGs
[2024-05-16T12:08:33.841+0000] {logging_mixin.py:188} INFO - [2024-05-16T12:08:33.841+0000] {dag.py:3954} INFO - Setting next_dagrun for example_params_ui_tutorial to None, run_after=None
[2024-05-16T12:08:33.886+0000] {processor.py:183} INFO - Processing /usr/local/python/3.10.13/lib/python3.10/site-packages/airflow/example_dags/example_params_ui_tutorial.py took 0.106 seconds
[2024-05-16T12:09:41.759+0000] {processor.py:161} INFO - Started process (PID=8782) to work on /usr/local/python/3.10.13/lib/python3.10/site-packages/airflow/example_dags/example_params_ui_tutorial.py
[2024-05-16T12:09:41.760+0000] {processor.py:830} INFO - Processing file /usr/local/python/3.10.13/lib/python3.10/site-packages/airflow/example_dags/example_params_ui_tutorial.py for tasks to queue
[2024-05-16T12:09:41.761+0000] {logging_mixin.py:188} INFO - [2024-05-16T12:09:41.761+0000] {dagbag.py:545} INFO - Filling up the DagBag from /usr/local/python/3.10.13/lib/python3.10/site-packages/airflow/example_dags/example_params_ui_tutorial.py
[2024-05-16T12:09:41.770+0000] {processor.py:840} INFO - DAG(s) 'example_params_ui_tutorial' retrieved from /usr/local/python/3.10.13/lib/python3.10/site-packages/airflow/example_dags/example_params_ui_tutorial.py
[2024-05-16T12:09:41.808+0000] {logging_mixin.py:188} INFO - [2024-05-16T12:09:41.808+0000] {dag.py:3096} INFO - Sync 1 DAGs
[2024-05-16T12:09:41.817+0000] {logging_mixin.py:188} INFO - [2024-05-16T12:09:41.817+0000] {dag.py:3954} INFO - Setting next_dagrun for example_params_ui_tutorial to None, run_after=None
[2024-05-16T12:09:41.862+0000] {processor.py:183} INFO - Processing /usr/local/python/3.10.13/lib/python3.10/site-packages/airflow/example_dags/example_params_ui_tutorial.py took 0.108 seconds
[2024-05-16T12:10:46.895+0000] {processor.py:161} INFO - Started process (PID=9239) to work on /usr/local/python/3.10.13/lib/python3.10/site-packages/airflow/example_dags/example_params_ui_tutorial.py
[2024-05-16T12:10:46.896+0000] {processor.py:830} INFO - Processing file /usr/local/python/3.10.13/lib/python3.10/site-packages/airflow/example_dags/example_params_ui_tutorial.py for tasks to queue
[2024-05-16T12:10:46.897+0000] {logging_mixin.py:188} INFO - [2024-05-16T12:10:46.897+0000] {dagbag.py:545} INFO - Filling up the DagBag from /usr/local/python/3.10.13/lib/python3.10/site-packages/airflow/example_dags/example_params_ui_tutorial.py
[2024-05-16T12:10:46.907+0000] {processor.py:840} INFO - DAG(s) 'example_params_ui_tutorial' retrieved from /usr/local/python/3.10.13/lib/python3.10/site-packages/airflow/example_dags/example_params_ui_tutorial.py
[2024-05-16T12:10:46.944+0000] {logging_mixin.py:188} INFO - [2024-05-16T12:10:46.944+0000] {dag.py:3096} INFO - Sync 1 DAGs
[2024-05-16T12:10:46.956+0000] {logging_mixin.py:188} INFO - [2024-05-16T12:10:46.956+0000] {dag.py:3954} INFO - Setting next_dagrun for example_params_ui_tutorial to None, run_after=None
[2024-05-16T12:10:47.008+0000] {processor.py:183} INFO - Processing /usr/local/python/3.10.13/lib/python3.10/site-packages/airflow/example_dags/example_params_ui_tutorial.py took 0.117 seconds
[2024-05-16T12:11:44.678+0000] {processor.py:161} INFO - Started process (PID=9625) to work on /usr/local/python/3.10.13/lib/python3.10/site-packages/airflow/example_dags/example_params_ui_tutorial.py
[2024-05-16T12:11:44.679+0000] {processor.py:830} INFO - Processing file /usr/local/python/3.10.13/lib/python3.10/site-packages/airflow/example_dags/example_params_ui_tutorial.py for tasks to queue
[2024-05-16T12:11:44.681+0000] {logging_mixin.py:188} INFO - [2024-05-16T12:11:44.680+0000] {dagbag.py:545} INFO - Filling up the DagBag from /usr/local/python/3.10.13/lib/python3.10/site-packages/airflow/example_dags/example_params_ui_tutorial.py
[2024-05-16T12:11:44.694+0000] {processor.py:840} INFO - DAG(s) 'example_params_ui_tutorial' retrieved from /usr/local/python/3.10.13/lib/python3.10/site-packages/airflow/example_dags/example_params_ui_tutorial.py
[2024-05-16T12:11:44.733+0000] {logging_mixin.py:188} INFO - [2024-05-16T12:11:44.733+0000] {dag.py:3096} INFO - Sync 1 DAGs
[2024-05-16T12:11:44.742+0000] {logging_mixin.py:188} INFO - [2024-05-16T12:11:44.742+0000] {dag.py:3954} INFO - Setting next_dagrun for example_params_ui_tutorial to None, run_after=None
[2024-05-16T12:11:44.788+0000] {processor.py:183} INFO - Processing /usr/local/python/3.10.13/lib/python3.10/site-packages/airflow/example_dags/example_params_ui_tutorial.py took 0.117 seconds
[2024-05-16T12:12:48.928+0000] {processor.py:161} INFO - Started process (PID=10087) to work on /usr/local/python/3.10.13/lib/python3.10/site-packages/airflow/example_dags/example_params_ui_tutorial.py
[2024-05-16T12:12:48.929+0000] {processor.py:830} INFO - Processing file /usr/local/python/3.10.13/lib/python3.10/site-packages/airflow/example_dags/example_params_ui_tutorial.py for tasks to queue
[2024-05-16T12:12:48.930+0000] {logging_mixin.py:188} INFO - [2024-05-16T12:12:48.930+0000] {dagbag.py:545} INFO - Filling up the DagBag from /usr/local/python/3.10.13/lib/python3.10/site-packages/airflow/example_dags/example_params_ui_tutorial.py
[2024-05-16T12:12:48.939+0000] {processor.py:840} INFO - DAG(s) 'example_params_ui_tutorial' retrieved from /usr/local/python/3.10.13/lib/python3.10/site-packages/airflow/example_dags/example_params_ui_tutorial.py
[2024-05-16T12:12:48.977+0000] {logging_mixin.py:188} INFO - [2024-05-16T12:12:48.977+0000] {dag.py:3096} INFO - Sync 1 DAGs
[2024-05-16T12:12:48.986+0000] {logging_mixin.py:188} INFO - [2024-05-16T12:12:48.986+0000] {dag.py:3954} INFO - Setting next_dagrun for example_params_ui_tutorial to None, run_after=None
[2024-05-16T12:12:49.034+0000] {processor.py:183} INFO - Processing /usr/local/python/3.10.13/lib/python3.10/site-packages/airflow/example_dags/example_params_ui_tutorial.py took 0.111 seconds
[2024-05-16T12:13:51.076+0000] {processor.py:161} INFO - Started process (PID=10516) to work on /usr/local/python/3.10.13/lib/python3.10/site-packages/airflow/example_dags/example_params_ui_tutorial.py
[2024-05-16T12:13:51.077+0000] {processor.py:830} INFO - Processing file /usr/local/python/3.10.13/lib/python3.10/site-packages/airflow/example_dags/example_params_ui_tutorial.py for tasks to queue
[2024-05-16T12:13:51.078+0000] {logging_mixin.py:188} INFO - [2024-05-16T12:13:51.078+0000] {dagbag.py:545} INFO - Filling up the DagBag from /usr/local/python/3.10.13/lib/python3.10/site-packages/airflow/example_dags/example_params_ui_tutorial.py
[2024-05-16T12:13:51.088+0000] {processor.py:840} INFO - DAG(s) 'example_params_ui_tutorial' retrieved from /usr/local/python/3.10.13/lib/python3.10/site-packages/airflow/example_dags/example_params_ui_tutorial.py
[2024-05-16T12:13:51.126+0000] {logging_mixin.py:188} INFO - [2024-05-16T12:13:51.126+0000] {dag.py:3096} INFO - Sync 1 DAGs
[2024-05-16T12:13:51.135+0000] {logging_mixin.py:188} INFO - [2024-05-16T12:13:51.135+0000] {dag.py:3954} INFO - Setting next_dagrun for example_params_ui_tutorial to None, run_after=None
[2024-05-16T12:13:51.196+0000] {processor.py:183} INFO - Processing /usr/local/python/3.10.13/lib/python3.10/site-packages/airflow/example_dags/example_params_ui_tutorial.py took 0.127 seconds
[2024-05-16T12:14:53.574+0000] {processor.py:161} INFO - Started process (PID=10941) to work on /usr/local/python/3.10.13/lib/python3.10/site-packages/airflow/example_dags/example_params_ui_tutorial.py
[2024-05-16T12:14:53.575+0000] {processor.py:830} INFO - Processing file /usr/local/python/3.10.13/lib/python3.10/site-packages/airflow/example_dags/example_params_ui_tutorial.py for tasks to queue
[2024-05-16T12:14:53.576+0000] {logging_mixin.py:188} INFO - [2024-05-16T12:14:53.576+0000] {dagbag.py:545} INFO - Filling up the DagBag from /usr/local/python/3.10.13/lib/python3.10/site-packages/airflow/example_dags/example_params_ui_tutorial.py
[2024-05-16T12:14:53.585+0000] {processor.py:840} INFO - DAG(s) 'example_params_ui_tutorial' retrieved from /usr/local/python/3.10.13/lib/python3.10/site-packages/airflow/example_dags/example_params_ui_tutorial.py
[2024-05-16T12:14:53.625+0000] {logging_mixin.py:188} INFO - [2024-05-16T12:14:53.624+0000] {dag.py:3096} INFO - Sync 1 DAGs
[2024-05-16T12:14:53.633+0000] {logging_mixin.py:188} INFO - [2024-05-16T12:14:53.633+0000] {dag.py:3954} INFO - Setting next_dagrun for example_params_ui_tutorial to None, run_after=None
[2024-05-16T12:14:53.678+0000] {processor.py:183} INFO - Processing /usr/local/python/3.10.13/lib/python3.10/site-packages/airflow/example_dags/example_params_ui_tutorial.py took 0.108 seconds
[2024-05-16T12:15:58.607+0000] {processor.py:161} INFO - Started process (PID=11406) to work on /usr/local/python/3.10.13/lib/python3.10/site-packages/airflow/example_dags/example_params_ui_tutorial.py
[2024-05-16T12:15:58.608+0000] {processor.py:830} INFO - Processing file /usr/local/python/3.10.13/lib/python3.10/site-packages/airflow/example_dags/example_params_ui_tutorial.py for tasks to queue
[2024-05-16T12:15:58.609+0000] {logging_mixin.py:188} INFO - [2024-05-16T12:15:58.609+0000] {dagbag.py:545} INFO - Filling up the DagBag from /usr/local/python/3.10.13/lib/python3.10/site-packages/airflow/example_dags/example_params_ui_tutorial.py
[2024-05-16T12:15:58.618+0000] {processor.py:840} INFO - DAG(s) 'example_params_ui_tutorial' retrieved from /usr/local/python/3.10.13/lib/python3.10/site-packages/airflow/example_dags/example_params_ui_tutorial.py
[2024-05-16T12:15:58.656+0000] {logging_mixin.py:188} INFO - [2024-05-16T12:15:58.656+0000] {dag.py:3096} INFO - Sync 1 DAGs
[2024-05-16T12:15:58.665+0000] {logging_mixin.py:188} INFO - [2024-05-16T12:15:58.665+0000] {dag.py:3954} INFO - Setting next_dagrun for example_params_ui_tutorial to None, run_after=None
[2024-05-16T12:15:58.712+0000] {processor.py:183} INFO - Processing /usr/local/python/3.10.13/lib/python3.10/site-packages/airflow/example_dags/example_params_ui_tutorial.py took 0.110 seconds
[2024-05-16T12:17:03.657+0000] {processor.py:161} INFO - Started process (PID=11896) to work on /usr/local/python/3.10.13/lib/python3.10/site-packages/airflow/example_dags/example_params_ui_tutorial.py
[2024-05-16T12:17:03.658+0000] {processor.py:830} INFO - Processing file /usr/local/python/3.10.13/lib/python3.10/site-packages/airflow/example_dags/example_params_ui_tutorial.py for tasks to queue
[2024-05-16T12:17:03.659+0000] {logging_mixin.py:188} INFO - [2024-05-16T12:17:03.659+0000] {dagbag.py:545} INFO - Filling up the DagBag from /usr/local/python/3.10.13/lib/python3.10/site-packages/airflow/example_dags/example_params_ui_tutorial.py
[2024-05-16T12:17:03.668+0000] {processor.py:840} INFO - DAG(s) 'example_params_ui_tutorial' retrieved from /usr/local/python/3.10.13/lib/python3.10/site-packages/airflow/example_dags/example_params_ui_tutorial.py
[2024-05-16T12:17:03.707+0000] {logging_mixin.py:188} INFO - [2024-05-16T12:17:03.706+0000] {dag.py:3096} INFO - Sync 1 DAGs
[2024-05-16T12:17:03.716+0000] {logging_mixin.py:188} INFO - [2024-05-16T12:17:03.716+0000] {dag.py:3954} INFO - Setting next_dagrun for example_params_ui_tutorial to None, run_after=None
[2024-05-16T12:17:03.762+0000] {processor.py:183} INFO - Processing /usr/local/python/3.10.13/lib/python3.10/site-packages/airflow/example_dags/example_params_ui_tutorial.py took 0.110 seconds
[2024-05-16T12:18:06.168+0000] {processor.py:161} INFO - Started process (PID=12333) to work on /usr/local/python/3.10.13/lib/python3.10/site-packages/airflow/example_dags/example_params_ui_tutorial.py
[2024-05-16T12:18:06.169+0000] {processor.py:830} INFO - Processing file /usr/local/python/3.10.13/lib/python3.10/site-packages/airflow/example_dags/example_params_ui_tutorial.py for tasks to queue
[2024-05-16T12:18:06.171+0000] {logging_mixin.py:188} INFO - [2024-05-16T12:18:06.170+0000] {dagbag.py:545} INFO - Filling up the DagBag from /usr/local/python/3.10.13/lib/python3.10/site-packages/airflow/example_dags/example_params_ui_tutorial.py
[2024-05-16T12:18:06.182+0000] {processor.py:840} INFO - DAG(s) 'example_params_ui_tutorial' retrieved from /usr/local/python/3.10.13/lib/python3.10/site-packages/airflow/example_dags/example_params_ui_tutorial.py
[2024-05-16T12:18:06.220+0000] {logging_mixin.py:188} INFO - [2024-05-16T12:18:06.220+0000] {dag.py:3096} INFO - Sync 1 DAGs
[2024-05-16T12:18:06.230+0000] {logging_mixin.py:188} INFO - [2024-05-16T12:18:06.229+0000] {dag.py:3954} INFO - Setting next_dagrun for example_params_ui_tutorial to None, run_after=None
[2024-05-16T12:18:06.277+0000] {processor.py:183} INFO - Processing /usr/local/python/3.10.13/lib/python3.10/site-packages/airflow/example_dags/example_params_ui_tutorial.py took 0.116 seconds
[2024-05-16T12:19:09.253+0000] {processor.py:161} INFO - Started process (PID=12779) to work on /usr/local/python/3.10.13/lib/python3.10/site-packages/airflow/example_dags/example_params_ui_tutorial.py
[2024-05-16T12:19:09.253+0000] {processor.py:830} INFO - Processing file /usr/local/python/3.10.13/lib/python3.10/site-packages/airflow/example_dags/example_params_ui_tutorial.py for tasks to queue
[2024-05-16T12:19:09.255+0000] {logging_mixin.py:188} INFO - [2024-05-16T12:19:09.254+0000] {dagbag.py:545} INFO - Filling up the DagBag from /usr/local/python/3.10.13/lib/python3.10/site-packages/airflow/example_dags/example_params_ui_tutorial.py
[2024-05-16T12:19:09.263+0000] {processor.py:840} INFO - DAG(s) 'example_params_ui_tutorial' retrieved from /usr/local/python/3.10.13/lib/python3.10/site-packages/airflow/example_dags/example_params_ui_tutorial.py
[2024-05-16T12:19:09.300+0000] {logging_mixin.py:188} INFO - [2024-05-16T12:19:09.300+0000] {dag.py:3096} INFO - Sync 1 DAGs
[2024-05-16T12:19:09.310+0000] {logging_mixin.py:188} INFO - [2024-05-16T12:19:09.309+0000] {dag.py:3954} INFO - Setting next_dagrun for example_params_ui_tutorial to None, run_after=None
[2024-05-16T12:19:09.355+0000] {processor.py:183} INFO - Processing /usr/local/python/3.10.13/lib/python3.10/site-packages/airflow/example_dags/example_params_ui_tutorial.py took 0.107 seconds
[2024-05-16T12:20:11.587+0000] {processor.py:161} INFO - Started process (PID=13226) to work on /usr/local/python/3.10.13/lib/python3.10/site-packages/airflow/example_dags/example_params_ui_tutorial.py
[2024-05-16T12:20:11.588+0000] {processor.py:830} INFO - Processing file /usr/local/python/3.10.13/lib/python3.10/site-packages/airflow/example_dags/example_params_ui_tutorial.py for tasks to queue
[2024-05-16T12:20:11.589+0000] {logging_mixin.py:188} INFO - [2024-05-16T12:20:11.589+0000] {dagbag.py:545} INFO - Filling up the DagBag from /usr/local/python/3.10.13/lib/python3.10/site-packages/airflow/example_dags/example_params_ui_tutorial.py
[2024-05-16T12:20:11.598+0000] {processor.py:840} INFO - DAG(s) 'example_params_ui_tutorial' retrieved from /usr/local/python/3.10.13/lib/python3.10/site-packages/airflow/example_dags/example_params_ui_tutorial.py
[2024-05-16T12:20:11.636+0000] {logging_mixin.py:188} INFO - [2024-05-16T12:20:11.635+0000] {dag.py:3096} INFO - Sync 1 DAGs
[2024-05-16T12:20:11.644+0000] {logging_mixin.py:188} INFO - [2024-05-16T12:20:11.644+0000] {dag.py:3954} INFO - Setting next_dagrun for example_params_ui_tutorial to None, run_after=None
[2024-05-16T12:20:11.690+0000] {processor.py:183} INFO - Processing /usr/local/python/3.10.13/lib/python3.10/site-packages/airflow/example_dags/example_params_ui_tutorial.py took 0.107 seconds
[2024-05-16T12:21:15.389+0000] {processor.py:161} INFO - Started process (PID=13672) to work on /usr/local/python/3.10.13/lib/python3.10/site-packages/airflow/example_dags/example_params_ui_tutorial.py
[2024-05-16T12:21:15.390+0000] {processor.py:830} INFO - Processing file /usr/local/python/3.10.13/lib/python3.10/site-packages/airflow/example_dags/example_params_ui_tutorial.py for tasks to queue
[2024-05-16T12:21:15.391+0000] {logging_mixin.py:188} INFO - [2024-05-16T12:21:15.391+0000] {dagbag.py:545} INFO - Filling up the DagBag from /usr/local/python/3.10.13/lib/python3.10/site-packages/airflow/example_dags/example_params_ui_tutorial.py
[2024-05-16T12:21:15.401+0000] {processor.py:840} INFO - DAG(s) 'example_params_ui_tutorial' retrieved from /usr/local/python/3.10.13/lib/python3.10/site-packages/airflow/example_dags/example_params_ui_tutorial.py
[2024-05-16T12:21:15.439+0000] {logging_mixin.py:188} INFO - [2024-05-16T12:21:15.439+0000] {dag.py:3096} INFO - Sync 1 DAGs
[2024-05-16T12:21:15.448+0000] {logging_mixin.py:188} INFO - [2024-05-16T12:21:15.448+0000] {dag.py:3954} INFO - Setting next_dagrun for example_params_ui_tutorial to None, run_after=None
[2024-05-16T12:21:15.494+0000] {processor.py:183} INFO - Processing /usr/local/python/3.10.13/lib/python3.10/site-packages/airflow/example_dags/example_params_ui_tutorial.py took 0.110 seconds
[2024-05-16T12:22:19.295+0000] {processor.py:161} INFO - Started process (PID=14151) to work on /usr/local/python/3.10.13/lib/python3.10/site-packages/airflow/example_dags/example_params_ui_tutorial.py
[2024-05-16T12:22:19.295+0000] {processor.py:830} INFO - Processing file /usr/local/python/3.10.13/lib/python3.10/site-packages/airflow/example_dags/example_params_ui_tutorial.py for tasks to queue
[2024-05-16T12:22:19.297+0000] {logging_mixin.py:188} INFO - [2024-05-16T12:22:19.296+0000] {dagbag.py:545} INFO - Filling up the DagBag from /usr/local/python/3.10.13/lib/python3.10/site-packages/airflow/example_dags/example_params_ui_tutorial.py
[2024-05-16T12:22:19.308+0000] {processor.py:840} INFO - DAG(s) 'example_params_ui_tutorial' retrieved from /usr/local/python/3.10.13/lib/python3.10/site-packages/airflow/example_dags/example_params_ui_tutorial.py
[2024-05-16T12:22:19.347+0000] {logging_mixin.py:188} INFO - [2024-05-16T12:22:19.346+0000] {dag.py:3096} INFO - Sync 1 DAGs
[2024-05-16T12:22:19.356+0000] {logging_mixin.py:188} INFO - [2024-05-16T12:22:19.356+0000] {dag.py:3954} INFO - Setting next_dagrun for example_params_ui_tutorial to None, run_after=None
[2024-05-16T12:22:19.408+0000] {processor.py:183} INFO - Processing /usr/local/python/3.10.13/lib/python3.10/site-packages/airflow/example_dags/example_params_ui_tutorial.py took 0.118 seconds
[2024-05-16T12:23:25.951+0000] {processor.py:161} INFO - Started process (PID=14635) to work on /usr/local/python/3.10.13/lib/python3.10/site-packages/airflow/example_dags/example_params_ui_tutorial.py
[2024-05-16T12:23:25.952+0000] {processor.py:830} INFO - Processing file /usr/local/python/3.10.13/lib/python3.10/site-packages/airflow/example_dags/example_params_ui_tutorial.py for tasks to queue
[2024-05-16T12:23:25.953+0000] {logging_mixin.py:188} INFO - [2024-05-16T12:23:25.953+0000] {dagbag.py:545} INFO - Filling up the DagBag from /usr/local/python/3.10.13/lib/python3.10/site-packages/airflow/example_dags/example_params_ui_tutorial.py
[2024-05-16T12:23:25.963+0000] {processor.py:840} INFO - DAG(s) 'example_params_ui_tutorial' retrieved from /usr/local/python/3.10.13/lib/python3.10/site-packages/airflow/example_dags/example_params_ui_tutorial.py
[2024-05-16T12:23:26.004+0000] {logging_mixin.py:188} INFO - [2024-05-16T12:23:26.003+0000] {dag.py:3096} INFO - Sync 1 DAGs
[2024-05-16T12:23:26.015+0000] {logging_mixin.py:188} INFO - [2024-05-16T12:23:26.014+0000] {dag.py:3954} INFO - Setting next_dagrun for example_params_ui_tutorial to None, run_after=None
[2024-05-16T12:23:26.065+0000] {processor.py:183} INFO - Processing /usr/local/python/3.10.13/lib/python3.10/site-packages/airflow/example_dags/example_params_ui_tutorial.py took 0.120 seconds
[2024-05-16T12:24:30.909+0000] {processor.py:161} INFO - Started process (PID=15133) to work on /usr/local/python/3.10.13/lib/python3.10/site-packages/airflow/example_dags/example_params_ui_tutorial.py
[2024-05-16T12:24:30.910+0000] {processor.py:830} INFO - Processing file /usr/local/python/3.10.13/lib/python3.10/site-packages/airflow/example_dags/example_params_ui_tutorial.py for tasks to queue
[2024-05-16T12:24:30.911+0000] {logging_mixin.py:188} INFO - [2024-05-16T12:24:30.911+0000] {dagbag.py:545} INFO - Filling up the DagBag from /usr/local/python/3.10.13/lib/python3.10/site-packages/airflow/example_dags/example_params_ui_tutorial.py
[2024-05-16T12:24:30.920+0000] {processor.py:840} INFO - DAG(s) 'example_params_ui_tutorial' retrieved from /usr/local/python/3.10.13/lib/python3.10/site-packages/airflow/example_dags/example_params_ui_tutorial.py
[2024-05-16T12:24:30.959+0000] {logging_mixin.py:188} INFO - [2024-05-16T12:24:30.959+0000] {dag.py:3096} INFO - Sync 1 DAGs
[2024-05-16T12:24:30.967+0000] {logging_mixin.py:188} INFO - [2024-05-16T12:24:30.967+0000] {dag.py:3954} INFO - Setting next_dagrun for example_params_ui_tutorial to None, run_after=None
[2024-05-16T12:24:31.013+0000] {processor.py:183} INFO - Processing /usr/local/python/3.10.13/lib/python3.10/site-packages/airflow/example_dags/example_params_ui_tutorial.py took 0.109 seconds
[2024-05-16T12:25:30.395+0000] {processor.py:161} INFO - Started process (PID=15595) to work on /usr/local/python/3.10.13/lib/python3.10/site-packages/airflow/example_dags/example_params_ui_tutorial.py
[2024-05-16T12:25:30.396+0000] {processor.py:830} INFO - Processing file /usr/local/python/3.10.13/lib/python3.10/site-packages/airflow/example_dags/example_params_ui_tutorial.py for tasks to queue
[2024-05-16T12:25:30.397+0000] {logging_mixin.py:188} INFO - [2024-05-16T12:25:30.397+0000] {dagbag.py:545} INFO - Filling up the DagBag from /usr/local/python/3.10.13/lib/python3.10/site-packages/airflow/example_dags/example_params_ui_tutorial.py
[2024-05-16T12:25:30.406+0000] {processor.py:840} INFO - DAG(s) 'example_params_ui_tutorial' retrieved from /usr/local/python/3.10.13/lib/python3.10/site-packages/airflow/example_dags/example_params_ui_tutorial.py
[2024-05-16T12:25:30.445+0000] {logging_mixin.py:188} INFO - [2024-05-16T12:25:30.444+0000] {dag.py:3096} INFO - Sync 1 DAGs
[2024-05-16T12:25:30.454+0000] {logging_mixin.py:188} INFO - [2024-05-16T12:25:30.453+0000] {dag.py:3954} INFO - Setting next_dagrun for example_params_ui_tutorial to None, run_after=None
[2024-05-16T12:25:30.500+0000] {processor.py:183} INFO - Processing /usr/local/python/3.10.13/lib/python3.10/site-packages/airflow/example_dags/example_params_ui_tutorial.py took 0.110 seconds
[2024-05-16T12:26:29.716+0000] {processor.py:161} INFO - Started process (PID=16024) to work on /usr/local/python/3.10.13/lib/python3.10/site-packages/airflow/example_dags/example_params_ui_tutorial.py
[2024-05-16T12:26:29.717+0000] {processor.py:830} INFO - Processing file /usr/local/python/3.10.13/lib/python3.10/site-packages/airflow/example_dags/example_params_ui_tutorial.py for tasks to queue
[2024-05-16T12:26:29.719+0000] {logging_mixin.py:188} INFO - [2024-05-16T12:26:29.718+0000] {dagbag.py:545} INFO - Filling up the DagBag from /usr/local/python/3.10.13/lib/python3.10/site-packages/airflow/example_dags/example_params_ui_tutorial.py
[2024-05-16T12:26:29.733+0000] {processor.py:840} INFO - DAG(s) 'example_params_ui_tutorial' retrieved from /usr/local/python/3.10.13/lib/python3.10/site-packages/airflow/example_dags/example_params_ui_tutorial.py
[2024-05-16T12:26:29.771+0000] {logging_mixin.py:188} INFO - [2024-05-16T12:26:29.771+0000] {dag.py:3096} INFO - Sync 1 DAGs
[2024-05-16T12:26:29.782+0000] {logging_mixin.py:188} INFO - [2024-05-16T12:26:29.782+0000] {dag.py:3954} INFO - Setting next_dagrun for example_params_ui_tutorial to None, run_after=None
[2024-05-16T12:26:29.829+0000] {processor.py:183} INFO - Processing /usr/local/python/3.10.13/lib/python3.10/site-packages/airflow/example_dags/example_params_ui_tutorial.py took 0.120 seconds
[2024-05-16T12:27:34.458+0000] {processor.py:161} INFO - Started process (PID=16514) to work on /usr/local/python/3.10.13/lib/python3.10/site-packages/airflow/example_dags/example_params_ui_tutorial.py
[2024-05-16T12:27:34.459+0000] {processor.py:830} INFO - Processing file /usr/local/python/3.10.13/lib/python3.10/site-packages/airflow/example_dags/example_params_ui_tutorial.py for tasks to queue
[2024-05-16T12:27:34.460+0000] {logging_mixin.py:188} INFO - [2024-05-16T12:27:34.460+0000] {dagbag.py:545} INFO - Filling up the DagBag from /usr/local/python/3.10.13/lib/python3.10/site-packages/airflow/example_dags/example_params_ui_tutorial.py
[2024-05-16T12:27:34.469+0000] {processor.py:840} INFO - DAG(s) 'example_params_ui_tutorial' retrieved from /usr/local/python/3.10.13/lib/python3.10/site-packages/airflow/example_dags/example_params_ui_tutorial.py
[2024-05-16T12:27:34.506+0000] {logging_mixin.py:188} INFO - [2024-05-16T12:27:34.506+0000] {dag.py:3096} INFO - Sync 1 DAGs
[2024-05-16T12:27:34.516+0000] {logging_mixin.py:188} INFO - [2024-05-16T12:27:34.516+0000] {dag.py:3954} INFO - Setting next_dagrun for example_params_ui_tutorial to None, run_after=None
[2024-05-16T12:27:34.559+0000] {processor.py:183} INFO - Processing /usr/local/python/3.10.13/lib/python3.10/site-packages/airflow/example_dags/example_params_ui_tutorial.py took 0.106 seconds
[2024-05-16T12:28:37.884+0000] {processor.py:161} INFO - Started process (PID=16979) to work on /usr/local/python/3.10.13/lib/python3.10/site-packages/airflow/example_dags/example_params_ui_tutorial.py
[2024-05-16T12:28:37.885+0000] {processor.py:830} INFO - Processing file /usr/local/python/3.10.13/lib/python3.10/site-packages/airflow/example_dags/example_params_ui_tutorial.py for tasks to queue
[2024-05-16T12:28:37.886+0000] {logging_mixin.py:188} INFO - [2024-05-16T12:28:37.886+0000] {dagbag.py:545} INFO - Filling up the DagBag from /usr/local/python/3.10.13/lib/python3.10/site-packages/airflow/example_dags/example_params_ui_tutorial.py
[2024-05-16T12:28:37.895+0000] {processor.py:840} INFO - DAG(s) 'example_params_ui_tutorial' retrieved from /usr/local/python/3.10.13/lib/python3.10/site-packages/airflow/example_dags/example_params_ui_tutorial.py
[2024-05-16T12:28:37.936+0000] {logging_mixin.py:188} INFO - [2024-05-16T12:28:37.935+0000] {dag.py:3096} INFO - Sync 1 DAGs
[2024-05-16T12:28:37.948+0000] {logging_mixin.py:188} INFO - [2024-05-16T12:28:37.948+0000] {dag.py:3954} INFO - Setting next_dagrun for example_params_ui_tutorial to None, run_after=None
[2024-05-16T12:28:38.001+0000] {processor.py:183} INFO - Processing /usr/local/python/3.10.13/lib/python3.10/site-packages/airflow/example_dags/example_params_ui_tutorial.py took 0.122 seconds
[2024-05-16T12:29:42.414+0000] {processor.py:161} INFO - Started process (PID=17430) to work on /usr/local/python/3.10.13/lib/python3.10/site-packages/airflow/example_dags/example_params_ui_tutorial.py
[2024-05-16T12:29:42.414+0000] {processor.py:830} INFO - Processing file /usr/local/python/3.10.13/lib/python3.10/site-packages/airflow/example_dags/example_params_ui_tutorial.py for tasks to queue
[2024-05-16T12:29:42.416+0000] {logging_mixin.py:188} INFO - [2024-05-16T12:29:42.415+0000] {dagbag.py:545} INFO - Filling up the DagBag from /usr/local/python/3.10.13/lib/python3.10/site-packages/airflow/example_dags/example_params_ui_tutorial.py
[2024-05-16T12:29:42.425+0000] {processor.py:840} INFO - DAG(s) 'example_params_ui_tutorial' retrieved from /usr/local/python/3.10.13/lib/python3.10/site-packages/airflow/example_dags/example_params_ui_tutorial.py
[2024-05-16T12:29:42.491+0000] {logging_mixin.py:188} INFO - [2024-05-16T12:29:42.491+0000] {dag.py:3096} INFO - Sync 1 DAGs
[2024-05-16T12:29:42.505+0000] {logging_mixin.py:188} INFO - [2024-05-16T12:29:42.505+0000] {dag.py:3954} INFO - Setting next_dagrun for example_params_ui_tutorial to None, run_after=None
[2024-05-16T12:29:42.554+0000] {processor.py:183} INFO - Processing /usr/local/python/3.10.13/lib/python3.10/site-packages/airflow/example_dags/example_params_ui_tutorial.py took 0.145 seconds
[2024-05-16T12:30:46.755+0000] {processor.py:161} INFO - Started process (PID=17901) to work on /usr/local/python/3.10.13/lib/python3.10/site-packages/airflow/example_dags/example_params_ui_tutorial.py
[2024-05-16T12:30:46.756+0000] {processor.py:830} INFO - Processing file /usr/local/python/3.10.13/lib/python3.10/site-packages/airflow/example_dags/example_params_ui_tutorial.py for tasks to queue
[2024-05-16T12:30:46.758+0000] {logging_mixin.py:188} INFO - [2024-05-16T12:30:46.757+0000] {dagbag.py:545} INFO - Filling up the DagBag from /usr/local/python/3.10.13/lib/python3.10/site-packages/airflow/example_dags/example_params_ui_tutorial.py
[2024-05-16T12:30:46.767+0000] {processor.py:840} INFO - DAG(s) 'example_params_ui_tutorial' retrieved from /usr/local/python/3.10.13/lib/python3.10/site-packages/airflow/example_dags/example_params_ui_tutorial.py
[2024-05-16T12:30:46.813+0000] {logging_mixin.py:188} INFO - [2024-05-16T12:30:46.813+0000] {dag.py:3096} INFO - Sync 1 DAGs
[2024-05-16T12:30:46.827+0000] {logging_mixin.py:188} INFO - [2024-05-16T12:30:46.827+0000] {dag.py:3954} INFO - Setting next_dagrun for example_params_ui_tutorial to None, run_after=None
[2024-05-16T12:30:46.876+0000] {processor.py:183} INFO - Processing /usr/local/python/3.10.13/lib/python3.10/site-packages/airflow/example_dags/example_params_ui_tutorial.py took 0.128 seconds
[2024-05-16T12:31:53.324+0000] {processor.py:161} INFO - Started process (PID=18377) to work on /usr/local/python/3.10.13/lib/python3.10/site-packages/airflow/example_dags/example_params_ui_tutorial.py
[2024-05-16T12:31:53.325+0000] {processor.py:830} INFO - Processing file /usr/local/python/3.10.13/lib/python3.10/site-packages/airflow/example_dags/example_params_ui_tutorial.py for tasks to queue
[2024-05-16T12:31:53.326+0000] {logging_mixin.py:188} INFO - [2024-05-16T12:31:53.326+0000] {dagbag.py:545} INFO - Filling up the DagBag from /usr/local/python/3.10.13/lib/python3.10/site-packages/airflow/example_dags/example_params_ui_tutorial.py
[2024-05-16T12:31:53.335+0000] {processor.py:840} INFO - DAG(s) 'example_params_ui_tutorial' retrieved from /usr/local/python/3.10.13/lib/python3.10/site-packages/airflow/example_dags/example_params_ui_tutorial.py
[2024-05-16T12:31:53.373+0000] {logging_mixin.py:188} INFO - [2024-05-16T12:31:53.373+0000] {dag.py:3096} INFO - Sync 1 DAGs
[2024-05-16T12:31:53.382+0000] {logging_mixin.py:188} INFO - [2024-05-16T12:31:53.382+0000] {dag.py:3954} INFO - Setting next_dagrun for example_params_ui_tutorial to None, run_after=None
[2024-05-16T12:31:53.426+0000] {processor.py:183} INFO - Processing /usr/local/python/3.10.13/lib/python3.10/site-packages/airflow/example_dags/example_params_ui_tutorial.py took 0.107 seconds
[2024-05-16T12:32:53.325+0000] {processor.py:161} INFO - Started process (PID=18808) to work on /usr/local/python/3.10.13/lib/python3.10/site-packages/airflow/example_dags/example_params_ui_tutorial.py
[2024-05-16T12:32:53.326+0000] {processor.py:830} INFO - Processing file /usr/local/python/3.10.13/lib/python3.10/site-packages/airflow/example_dags/example_params_ui_tutorial.py for tasks to queue
[2024-05-16T12:32:53.327+0000] {logging_mixin.py:188} INFO - [2024-05-16T12:32:53.327+0000] {dagbag.py:545} INFO - Filling up the DagBag from /usr/local/python/3.10.13/lib/python3.10/site-packages/airflow/example_dags/example_params_ui_tutorial.py
[2024-05-16T12:32:53.343+0000] {processor.py:840} INFO - DAG(s) 'example_params_ui_tutorial' retrieved from /usr/local/python/3.10.13/lib/python3.10/site-packages/airflow/example_dags/example_params_ui_tutorial.py
[2024-05-16T12:32:53.383+0000] {logging_mixin.py:188} INFO - [2024-05-16T12:32:53.383+0000] {dag.py:3096} INFO - Sync 1 DAGs
[2024-05-16T12:32:53.393+0000] {logging_mixin.py:188} INFO - [2024-05-16T12:32:53.393+0000] {dag.py:3954} INFO - Setting next_dagrun for example_params_ui_tutorial to None, run_after=None
[2024-05-16T12:32:53.441+0000] {processor.py:183} INFO - Processing /usr/local/python/3.10.13/lib/python3.10/site-packages/airflow/example_dags/example_params_ui_tutorial.py took 0.122 seconds
[2024-05-16T12:33:57.887+0000] {processor.py:161} INFO - Started process (PID=19281) to work on /usr/local/python/3.10.13/lib/python3.10/site-packages/airflow/example_dags/example_params_ui_tutorial.py
[2024-05-16T12:33:57.888+0000] {processor.py:830} INFO - Processing file /usr/local/python/3.10.13/lib/python3.10/site-packages/airflow/example_dags/example_params_ui_tutorial.py for tasks to queue
[2024-05-16T12:33:57.889+0000] {logging_mixin.py:188} INFO - [2024-05-16T12:33:57.889+0000] {dagbag.py:545} INFO - Filling up the DagBag from /usr/local/python/3.10.13/lib/python3.10/site-packages/airflow/example_dags/example_params_ui_tutorial.py
[2024-05-16T12:33:57.899+0000] {processor.py:840} INFO - DAG(s) 'example_params_ui_tutorial' retrieved from /usr/local/python/3.10.13/lib/python3.10/site-packages/airflow/example_dags/example_params_ui_tutorial.py
[2024-05-16T12:33:57.938+0000] {logging_mixin.py:188} INFO - [2024-05-16T12:33:57.938+0000] {dag.py:3096} INFO - Sync 1 DAGs
[2024-05-16T12:33:57.947+0000] {logging_mixin.py:188} INFO - [2024-05-16T12:33:57.947+0000] {dag.py:3954} INFO - Setting next_dagrun for example_params_ui_tutorial to None, run_after=None
[2024-05-16T12:33:57.999+0000] {processor.py:183} INFO - Processing /usr/local/python/3.10.13/lib/python3.10/site-packages/airflow/example_dags/example_params_ui_tutorial.py took 0.116 seconds
[2024-05-16T12:35:01.088+0000] {processor.py:161} INFO - Started process (PID=19750) to work on /usr/local/python/3.10.13/lib/python3.10/site-packages/airflow/example_dags/example_params_ui_tutorial.py
[2024-05-16T12:35:01.089+0000] {processor.py:830} INFO - Processing file /usr/local/python/3.10.13/lib/python3.10/site-packages/airflow/example_dags/example_params_ui_tutorial.py for tasks to queue
[2024-05-16T12:35:01.092+0000] {logging_mixin.py:188} INFO - [2024-05-16T12:35:01.092+0000] {dagbag.py:545} INFO - Filling up the DagBag from /usr/local/python/3.10.13/lib/python3.10/site-packages/airflow/example_dags/example_params_ui_tutorial.py
[2024-05-16T12:35:01.107+0000] {processor.py:840} INFO - DAG(s) 'example_params_ui_tutorial' retrieved from /usr/local/python/3.10.13/lib/python3.10/site-packages/airflow/example_dags/example_params_ui_tutorial.py
[2024-05-16T12:35:01.160+0000] {logging_mixin.py:188} INFO - [2024-05-16T12:35:01.160+0000] {dag.py:3096} INFO - Sync 1 DAGs
[2024-05-16T12:35:01.169+0000] {logging_mixin.py:188} INFO - [2024-05-16T12:35:01.169+0000] {dag.py:3954} INFO - Setting next_dagrun for example_params_ui_tutorial to None, run_after=None
[2024-05-16T12:35:01.213+0000] {processor.py:183} INFO - Processing /usr/local/python/3.10.13/lib/python3.10/site-packages/airflow/example_dags/example_params_ui_tutorial.py took 0.132 seconds
[2024-05-16T12:36:04.170+0000] {processor.py:161} INFO - Started process (PID=20226) to work on /usr/local/python/3.10.13/lib/python3.10/site-packages/airflow/example_dags/example_params_ui_tutorial.py
[2024-05-16T12:36:04.171+0000] {processor.py:830} INFO - Processing file /usr/local/python/3.10.13/lib/python3.10/site-packages/airflow/example_dags/example_params_ui_tutorial.py for tasks to queue
[2024-05-16T12:36:04.172+0000] {logging_mixin.py:188} INFO - [2024-05-16T12:36:04.172+0000] {dagbag.py:545} INFO - Filling up the DagBag from /usr/local/python/3.10.13/lib/python3.10/site-packages/airflow/example_dags/example_params_ui_tutorial.py
[2024-05-16T12:36:04.181+0000] {processor.py:840} INFO - DAG(s) 'example_params_ui_tutorial' retrieved from /usr/local/python/3.10.13/lib/python3.10/site-packages/airflow/example_dags/example_params_ui_tutorial.py
[2024-05-16T12:36:04.222+0000] {logging_mixin.py:188} INFO - [2024-05-16T12:36:04.222+0000] {dag.py:3096} INFO - Sync 1 DAGs
[2024-05-16T12:36:04.231+0000] {logging_mixin.py:188} INFO - [2024-05-16T12:36:04.231+0000] {dag.py:3954} INFO - Setting next_dagrun for example_params_ui_tutorial to None, run_after=None
[2024-05-16T12:36:04.273+0000] {processor.py:183} INFO - Processing /usr/local/python/3.10.13/lib/python3.10/site-packages/airflow/example_dags/example_params_ui_tutorial.py took 0.108 seconds
[2024-05-16T12:37:05.971+0000] {processor.py:161} INFO - Started process (PID=20662) to work on /usr/local/python/3.10.13/lib/python3.10/site-packages/airflow/example_dags/example_params_ui_tutorial.py
[2024-05-16T12:37:05.972+0000] {processor.py:830} INFO - Processing file /usr/local/python/3.10.13/lib/python3.10/site-packages/airflow/example_dags/example_params_ui_tutorial.py for tasks to queue
[2024-05-16T12:37:05.973+0000] {logging_mixin.py:188} INFO - [2024-05-16T12:37:05.973+0000] {dagbag.py:545} INFO - Filling up the DagBag from /usr/local/python/3.10.13/lib/python3.10/site-packages/airflow/example_dags/example_params_ui_tutorial.py
[2024-05-16T12:37:05.982+0000] {processor.py:840} INFO - DAG(s) 'example_params_ui_tutorial' retrieved from /usr/local/python/3.10.13/lib/python3.10/site-packages/airflow/example_dags/example_params_ui_tutorial.py
[2024-05-16T12:37:06.019+0000] {logging_mixin.py:188} INFO - [2024-05-16T12:37:06.019+0000] {dag.py:3096} INFO - Sync 1 DAGs
[2024-05-16T12:37:06.028+0000] {logging_mixin.py:188} INFO - [2024-05-16T12:37:06.027+0000] {dag.py:3954} INFO - Setting next_dagrun for example_params_ui_tutorial to None, run_after=None
[2024-05-16T12:37:06.071+0000] {processor.py:183} INFO - Processing /usr/local/python/3.10.13/lib/python3.10/site-packages/airflow/example_dags/example_params_ui_tutorial.py took 0.104 seconds
[2024-05-16T12:38:06.564+0000] {processor.py:161} INFO - Started process (PID=21099) to work on /usr/local/python/3.10.13/lib/python3.10/site-packages/airflow/example_dags/example_params_ui_tutorial.py
[2024-05-16T12:38:06.564+0000] {processor.py:830} INFO - Processing file /usr/local/python/3.10.13/lib/python3.10/site-packages/airflow/example_dags/example_params_ui_tutorial.py for tasks to queue
[2024-05-16T12:38:06.566+0000] {logging_mixin.py:188} INFO - [2024-05-16T12:38:06.565+0000] {dagbag.py:545} INFO - Filling up the DagBag from /usr/local/python/3.10.13/lib/python3.10/site-packages/airflow/example_dags/example_params_ui_tutorial.py
[2024-05-16T12:38:06.575+0000] {processor.py:840} INFO - DAG(s) 'example_params_ui_tutorial' retrieved from /usr/local/python/3.10.13/lib/python3.10/site-packages/airflow/example_dags/example_params_ui_tutorial.py
[2024-05-16T12:38:06.614+0000] {logging_mixin.py:188} INFO - [2024-05-16T12:38:06.613+0000] {dag.py:3096} INFO - Sync 1 DAGs
[2024-05-16T12:38:06.623+0000] {logging_mixin.py:188} INFO - [2024-05-16T12:38:06.623+0000] {dag.py:3954} INFO - Setting next_dagrun for example_params_ui_tutorial to None, run_after=None
[2024-05-16T12:38:06.678+0000] {processor.py:183} INFO - Processing /usr/local/python/3.10.13/lib/python3.10/site-packages/airflow/example_dags/example_params_ui_tutorial.py took 0.120 seconds
[2024-05-16T12:39:06.836+0000] {processor.py:161} INFO - Started process (PID=21524) to work on /usr/local/python/3.10.13/lib/python3.10/site-packages/airflow/example_dags/example_params_ui_tutorial.py
[2024-05-16T12:39:06.837+0000] {processor.py:830} INFO - Processing file /usr/local/python/3.10.13/lib/python3.10/site-packages/airflow/example_dags/example_params_ui_tutorial.py for tasks to queue
[2024-05-16T12:39:06.838+0000] {logging_mixin.py:188} INFO - [2024-05-16T12:39:06.838+0000] {dagbag.py:545} INFO - Filling up the DagBag from /usr/local/python/3.10.13/lib/python3.10/site-packages/airflow/example_dags/example_params_ui_tutorial.py
[2024-05-16T12:39:06.848+0000] {processor.py:840} INFO - DAG(s) 'example_params_ui_tutorial' retrieved from /usr/local/python/3.10.13/lib/python3.10/site-packages/airflow/example_dags/example_params_ui_tutorial.py
[2024-05-16T12:39:06.890+0000] {logging_mixin.py:188} INFO - [2024-05-16T12:39:06.890+0000] {dag.py:3096} INFO - Sync 1 DAGs
[2024-05-16T12:39:06.900+0000] {logging_mixin.py:188} INFO - [2024-05-16T12:39:06.900+0000] {dag.py:3954} INFO - Setting next_dagrun for example_params_ui_tutorial to None, run_after=None
[2024-05-16T12:39:06.961+0000] {processor.py:183} INFO - Processing /usr/local/python/3.10.13/lib/python3.10/site-packages/airflow/example_dags/example_params_ui_tutorial.py took 0.131 seconds
[2024-05-16T12:40:11.964+0000] {processor.py:161} INFO - Started process (PID=21991) to work on /usr/local/python/3.10.13/lib/python3.10/site-packages/airflow/example_dags/example_params_ui_tutorial.py
[2024-05-16T12:40:11.965+0000] {processor.py:830} INFO - Processing file /usr/local/python/3.10.13/lib/python3.10/site-packages/airflow/example_dags/example_params_ui_tutorial.py for tasks to queue
[2024-05-16T12:40:11.966+0000] {logging_mixin.py:188} INFO - [2024-05-16T12:40:11.966+0000] {dagbag.py:545} INFO - Filling up the DagBag from /usr/local/python/3.10.13/lib/python3.10/site-packages/airflow/example_dags/example_params_ui_tutorial.py
[2024-05-16T12:40:11.975+0000] {processor.py:840} INFO - DAG(s) 'example_params_ui_tutorial' retrieved from /usr/local/python/3.10.13/lib/python3.10/site-packages/airflow/example_dags/example_params_ui_tutorial.py
[2024-05-16T12:40:12.027+0000] {logging_mixin.py:188} INFO - [2024-05-16T12:40:12.026+0000] {dag.py:3096} INFO - Sync 1 DAGs
[2024-05-16T12:40:12.036+0000] {logging_mixin.py:188} INFO - [2024-05-16T12:40:12.036+0000] {dag.py:3954} INFO - Setting next_dagrun for example_params_ui_tutorial to None, run_after=None
[2024-05-16T12:40:12.077+0000] {processor.py:183} INFO - Processing /usr/local/python/3.10.13/lib/python3.10/site-packages/airflow/example_dags/example_params_ui_tutorial.py took 0.118 seconds
[2024-05-16T12:41:15.071+0000] {processor.py:161} INFO - Started process (PID=22430) to work on /usr/local/python/3.10.13/lib/python3.10/site-packages/airflow/example_dags/example_params_ui_tutorial.py
[2024-05-16T12:41:15.071+0000] {processor.py:830} INFO - Processing file /usr/local/python/3.10.13/lib/python3.10/site-packages/airflow/example_dags/example_params_ui_tutorial.py for tasks to queue
[2024-05-16T12:41:15.073+0000] {logging_mixin.py:188} INFO - [2024-05-16T12:41:15.072+0000] {dagbag.py:545} INFO - Filling up the DagBag from /usr/local/python/3.10.13/lib/python3.10/site-packages/airflow/example_dags/example_params_ui_tutorial.py
[2024-05-16T12:41:15.082+0000] {processor.py:840} INFO - DAG(s) 'example_params_ui_tutorial' retrieved from /usr/local/python/3.10.13/lib/python3.10/site-packages/airflow/example_dags/example_params_ui_tutorial.py
[2024-05-16T12:41:15.121+0000] {logging_mixin.py:188} INFO - [2024-05-16T12:41:15.120+0000] {dag.py:3096} INFO - Sync 1 DAGs
[2024-05-16T12:41:15.129+0000] {logging_mixin.py:188} INFO - [2024-05-16T12:41:15.129+0000] {dag.py:3954} INFO - Setting next_dagrun for example_params_ui_tutorial to None, run_after=None
[2024-05-16T12:41:15.177+0000] {processor.py:183} INFO - Processing /usr/local/python/3.10.13/lib/python3.10/site-packages/airflow/example_dags/example_params_ui_tutorial.py took 0.111 seconds
[2024-05-16T12:42:19.393+0000] {processor.py:161} INFO - Started process (PID=22893) to work on /usr/local/python/3.10.13/lib/python3.10/site-packages/airflow/example_dags/example_params_ui_tutorial.py
[2024-05-16T12:42:19.394+0000] {processor.py:830} INFO - Processing file /usr/local/python/3.10.13/lib/python3.10/site-packages/airflow/example_dags/example_params_ui_tutorial.py for tasks to queue
[2024-05-16T12:42:19.396+0000] {logging_mixin.py:188} INFO - [2024-05-16T12:42:19.396+0000] {dagbag.py:545} INFO - Filling up the DagBag from /usr/local/python/3.10.13/lib/python3.10/site-packages/airflow/example_dags/example_params_ui_tutorial.py
[2024-05-16T12:42:19.409+0000] {processor.py:840} INFO - DAG(s) 'example_params_ui_tutorial' retrieved from /usr/local/python/3.10.13/lib/python3.10/site-packages/airflow/example_dags/example_params_ui_tutorial.py
[2024-05-16T12:42:19.477+0000] {logging_mixin.py:188} INFO - [2024-05-16T12:42:19.476+0000] {dag.py:3096} INFO - Sync 1 DAGs
[2024-05-16T12:42:19.487+0000] {logging_mixin.py:188} INFO - [2024-05-16T12:42:19.487+0000] {dag.py:3954} INFO - Setting next_dagrun for example_params_ui_tutorial to None, run_after=None
[2024-05-16T12:42:19.534+0000] {processor.py:183} INFO - Processing /usr/local/python/3.10.13/lib/python3.10/site-packages/airflow/example_dags/example_params_ui_tutorial.py took 0.147 seconds
[2024-05-16T12:43:20.760+0000] {processor.py:161} INFO - Started process (PID=23347) to work on /usr/local/python/3.10.13/lib/python3.10/site-packages/airflow/example_dags/example_params_ui_tutorial.py
[2024-05-16T12:43:20.761+0000] {processor.py:830} INFO - Processing file /usr/local/python/3.10.13/lib/python3.10/site-packages/airflow/example_dags/example_params_ui_tutorial.py for tasks to queue
[2024-05-16T12:43:20.762+0000] {logging_mixin.py:188} INFO - [2024-05-16T12:43:20.762+0000] {dagbag.py:545} INFO - Filling up the DagBag from /usr/local/python/3.10.13/lib/python3.10/site-packages/airflow/example_dags/example_params_ui_tutorial.py
[2024-05-16T12:43:20.775+0000] {processor.py:840} INFO - DAG(s) 'example_params_ui_tutorial' retrieved from /usr/local/python/3.10.13/lib/python3.10/site-packages/airflow/example_dags/example_params_ui_tutorial.py
[2024-05-16T12:43:20.856+0000] {logging_mixin.py:188} INFO - [2024-05-16T12:43:20.855+0000] {dag.py:3096} INFO - Sync 1 DAGs
[2024-05-16T12:43:20.865+0000] {logging_mixin.py:188} INFO - [2024-05-16T12:43:20.865+0000] {dag.py:3954} INFO - Setting next_dagrun for example_params_ui_tutorial to None, run_after=None
[2024-05-16T12:43:20.918+0000] {processor.py:183} INFO - Processing /usr/local/python/3.10.13/lib/python3.10/site-packages/airflow/example_dags/example_params_ui_tutorial.py took 0.166 seconds
[2024-05-16T12:44:25.575+0000] {processor.py:161} INFO - Started process (PID=23832) to work on /usr/local/python/3.10.13/lib/python3.10/site-packages/airflow/example_dags/example_params_ui_tutorial.py
[2024-05-16T12:44:25.576+0000] {processor.py:830} INFO - Processing file /usr/local/python/3.10.13/lib/python3.10/site-packages/airflow/example_dags/example_params_ui_tutorial.py for tasks to queue
[2024-05-16T12:44:25.577+0000] {logging_mixin.py:188} INFO - [2024-05-16T12:44:25.577+0000] {dagbag.py:545} INFO - Filling up the DagBag from /usr/local/python/3.10.13/lib/python3.10/site-packages/airflow/example_dags/example_params_ui_tutorial.py
[2024-05-16T12:44:25.587+0000] {processor.py:840} INFO - DAG(s) 'example_params_ui_tutorial' retrieved from /usr/local/python/3.10.13/lib/python3.10/site-packages/airflow/example_dags/example_params_ui_tutorial.py
[2024-05-16T12:44:25.626+0000] {logging_mixin.py:188} INFO - [2024-05-16T12:44:25.626+0000] {dag.py:3096} INFO - Sync 1 DAGs
[2024-05-16T12:44:25.635+0000] {logging_mixin.py:188} INFO - [2024-05-16T12:44:25.635+0000] {dag.py:3954} INFO - Setting next_dagrun for example_params_ui_tutorial to None, run_after=None
[2024-05-16T12:44:25.680+0000] {processor.py:183} INFO - Processing /usr/local/python/3.10.13/lib/python3.10/site-packages/airflow/example_dags/example_params_ui_tutorial.py took 0.111 seconds
[2024-05-16T12:45:31.923+0000] {processor.py:161} INFO - Started process (PID=24422) to work on /usr/local/python/3.10.13/lib/python3.10/site-packages/airflow/example_dags/example_params_ui_tutorial.py
[2024-05-16T12:45:31.924+0000] {processor.py:830} INFO - Processing file /usr/local/python/3.10.13/lib/python3.10/site-packages/airflow/example_dags/example_params_ui_tutorial.py for tasks to queue
[2024-05-16T12:45:31.926+0000] {logging_mixin.py:188} INFO - [2024-05-16T12:45:31.925+0000] {dagbag.py:545} INFO - Filling up the DagBag from /usr/local/python/3.10.13/lib/python3.10/site-packages/airflow/example_dags/example_params_ui_tutorial.py
[2024-05-16T12:45:31.936+0000] {processor.py:840} INFO - DAG(s) 'example_params_ui_tutorial' retrieved from /usr/local/python/3.10.13/lib/python3.10/site-packages/airflow/example_dags/example_params_ui_tutorial.py
[2024-05-16T12:45:31.975+0000] {logging_mixin.py:188} INFO - [2024-05-16T12:45:31.975+0000] {dag.py:3096} INFO - Sync 1 DAGs
[2024-05-16T12:45:31.984+0000] {logging_mixin.py:188} INFO - [2024-05-16T12:45:31.984+0000] {dag.py:3954} INFO - Setting next_dagrun for example_params_ui_tutorial to None, run_after=None
[2024-05-16T12:45:32.039+0000] {processor.py:183} INFO - Processing /usr/local/python/3.10.13/lib/python3.10/site-packages/airflow/example_dags/example_params_ui_tutorial.py took 0.122 seconds
