[2024-05-16T12:06:20.987+0000] {processor.py:161} INFO - Started process (PID=7387) to work on /usr/local/python/3.10.13/lib/python3.10/site-packages/airflow/example_dags/example_trigger_controller_dag.py
[2024-05-16T12:06:20.988+0000] {processor.py:830} INFO - Processing file /usr/local/python/3.10.13/lib/python3.10/site-packages/airflow/example_dags/example_trigger_controller_dag.py for tasks to queue
[2024-05-16T12:06:20.989+0000] {logging_mixin.py:188} INFO - [2024-05-16T12:06:20.989+0000] {dagbag.py:545} INFO - Filling up the DagBag from /usr/local/python/3.10.13/lib/python3.10/site-packages/airflow/example_dags/example_trigger_controller_dag.py
[2024-05-16T12:06:20.994+0000] {processor.py:840} INFO - DAG(s) 'example_trigger_controller_dag' retrieved from /usr/local/python/3.10.13/lib/python3.10/site-packages/airflow/example_dags/example_trigger_controller_dag.py
[2024-05-16T12:06:21.144+0000] {logging_mixin.py:188} INFO - [2024-05-16T12:06:21.144+0000] {dag.py:3096} INFO - Sync 1 DAGs
[2024-05-16T12:06:21.157+0000] {logging_mixin.py:188} INFO - [2024-05-16T12:06:21.157+0000] {dag.py:3954} INFO - Setting next_dagrun for example_trigger_controller_dag to 2021-01-01 00:00:00+00:00, run_after=2021-01-01 00:00:00+00:00
[2024-05-16T12:06:21.205+0000] {processor.py:183} INFO - Processing /usr/local/python/3.10.13/lib/python3.10/site-packages/airflow/example_dags/example_trigger_controller_dag.py took 0.223 seconds
[2024-05-16T12:07:19.371+0000] {processor.py:161} INFO - Started process (PID=7759) to work on /usr/local/python/3.10.13/lib/python3.10/site-packages/airflow/example_dags/example_trigger_controller_dag.py
[2024-05-16T12:07:19.371+0000] {processor.py:830} INFO - Processing file /usr/local/python/3.10.13/lib/python3.10/site-packages/airflow/example_dags/example_trigger_controller_dag.py for tasks to queue
[2024-05-16T12:07:19.373+0000] {logging_mixin.py:188} INFO - [2024-05-16T12:07:19.372+0000] {dagbag.py:545} INFO - Filling up the DagBag from /usr/local/python/3.10.13/lib/python3.10/site-packages/airflow/example_dags/example_trigger_controller_dag.py
[2024-05-16T12:07:19.376+0000] {processor.py:840} INFO - DAG(s) 'example_trigger_controller_dag' retrieved from /usr/local/python/3.10.13/lib/python3.10/site-packages/airflow/example_dags/example_trigger_controller_dag.py
[2024-05-16T12:07:19.387+0000] {logging_mixin.py:188} INFO - [2024-05-16T12:07:19.386+0000] {dag.py:3096} INFO - Sync 1 DAGs
[2024-05-16T12:07:19.401+0000] {logging_mixin.py:188} INFO - [2024-05-16T12:07:19.401+0000] {dag.py:3954} INFO - Setting next_dagrun for example_trigger_controller_dag to 2021-01-01 00:00:00+00:00, run_after=2021-01-01 00:00:00+00:00
[2024-05-16T12:07:19.452+0000] {processor.py:183} INFO - Processing /usr/local/python/3.10.13/lib/python3.10/site-packages/airflow/example_dags/example_trigger_controller_dag.py took 0.086 seconds
[2024-05-16T12:08:07.045+0000] {processor.py:161} INFO - Started process (PID=8091) to work on /usr/local/python/3.10.13/lib/python3.10/site-packages/airflow/example_dags/example_trigger_controller_dag.py
[2024-05-16T12:08:07.045+0000] {processor.py:830} INFO - Processing file /usr/local/python/3.10.13/lib/python3.10/site-packages/airflow/example_dags/example_trigger_controller_dag.py for tasks to queue
[2024-05-16T12:08:07.047+0000] {logging_mixin.py:188} INFO - [2024-05-16T12:08:07.046+0000] {dagbag.py:545} INFO - Filling up the DagBag from /usr/local/python/3.10.13/lib/python3.10/site-packages/airflow/example_dags/example_trigger_controller_dag.py
[2024-05-16T12:08:07.050+0000] {processor.py:840} INFO - DAG(s) 'example_trigger_controller_dag' retrieved from /usr/local/python/3.10.13/lib/python3.10/site-packages/airflow/example_dags/example_trigger_controller_dag.py
[2024-05-16T12:08:07.062+0000] {logging_mixin.py:188} INFO - [2024-05-16T12:08:07.061+0000] {dag.py:3096} INFO - Sync 1 DAGs
[2024-05-16T12:08:07.075+0000] {logging_mixin.py:188} INFO - [2024-05-16T12:08:07.075+0000] {dag.py:3954} INFO - Setting next_dagrun for example_trigger_controller_dag to 2021-01-01 00:00:00+00:00, run_after=2021-01-01 00:00:00+00:00
[2024-05-16T12:08:07.126+0000] {processor.py:183} INFO - Processing /usr/local/python/3.10.13/lib/python3.10/site-packages/airflow/example_dags/example_trigger_controller_dag.py took 0.087 seconds
[2024-05-16T12:08:58.846+0000] {processor.py:161} INFO - Started process (PID=8469) to work on /usr/local/python/3.10.13/lib/python3.10/site-packages/airflow/example_dags/example_trigger_controller_dag.py
[2024-05-16T12:08:58.848+0000] {processor.py:830} INFO - Processing file /usr/local/python/3.10.13/lib/python3.10/site-packages/airflow/example_dags/example_trigger_controller_dag.py for tasks to queue
[2024-05-16T12:08:58.850+0000] {logging_mixin.py:188} INFO - [2024-05-16T12:08:58.850+0000] {dagbag.py:545} INFO - Filling up the DagBag from /usr/local/python/3.10.13/lib/python3.10/site-packages/airflow/example_dags/example_trigger_controller_dag.py
[2024-05-16T12:08:58.856+0000] {processor.py:840} INFO - DAG(s) 'example_trigger_controller_dag' retrieved from /usr/local/python/3.10.13/lib/python3.10/site-packages/airflow/example_dags/example_trigger_controller_dag.py
[2024-05-16T12:08:58.871+0000] {logging_mixin.py:188} INFO - [2024-05-16T12:08:58.871+0000] {dag.py:3096} INFO - Sync 1 DAGs
[2024-05-16T12:08:58.893+0000] {logging_mixin.py:188} INFO - [2024-05-16T12:08:58.893+0000] {dag.py:3954} INFO - Setting next_dagrun for example_trigger_controller_dag to 2021-01-01 00:00:00+00:00, run_after=2021-01-01 00:00:00+00:00
[2024-05-16T12:08:58.944+0000] {processor.py:183} INFO - Processing /usr/local/python/3.10.13/lib/python3.10/site-packages/airflow/example_dags/example_trigger_controller_dag.py took 0.105 seconds
[2024-05-16T12:09:44.126+0000] {processor.py:161} INFO - Started process (PID=8809) to work on /usr/local/python/3.10.13/lib/python3.10/site-packages/airflow/example_dags/example_trigger_controller_dag.py
[2024-05-16T12:09:44.126+0000] {processor.py:830} INFO - Processing file /usr/local/python/3.10.13/lib/python3.10/site-packages/airflow/example_dags/example_trigger_controller_dag.py for tasks to queue
[2024-05-16T12:09:44.128+0000] {logging_mixin.py:188} INFO - [2024-05-16T12:09:44.127+0000] {dagbag.py:545} INFO - Filling up the DagBag from /usr/local/python/3.10.13/lib/python3.10/site-packages/airflow/example_dags/example_trigger_controller_dag.py
[2024-05-16T12:09:44.131+0000] {processor.py:840} INFO - DAG(s) 'example_trigger_controller_dag' retrieved from /usr/local/python/3.10.13/lib/python3.10/site-packages/airflow/example_dags/example_trigger_controller_dag.py
[2024-05-16T12:09:44.142+0000] {logging_mixin.py:188} INFO - [2024-05-16T12:09:44.142+0000] {dag.py:3096} INFO - Sync 1 DAGs
[2024-05-16T12:09:44.156+0000] {logging_mixin.py:188} INFO - [2024-05-16T12:09:44.155+0000] {dag.py:3954} INFO - Setting next_dagrun for example_trigger_controller_dag to 2021-01-01 00:00:00+00:00, run_after=2021-01-01 00:00:00+00:00
[2024-05-16T12:09:44.200+0000] {processor.py:183} INFO - Processing /usr/local/python/3.10.13/lib/python3.10/site-packages/airflow/example_dags/example_trigger_controller_dag.py took 0.079 seconds
[2024-05-16T12:10:26.887+0000] {processor.py:161} INFO - Started process (PID=9103) to work on /usr/local/python/3.10.13/lib/python3.10/site-packages/airflow/example_dags/example_trigger_controller_dag.py
[2024-05-16T12:10:26.887+0000] {processor.py:830} INFO - Processing file /usr/local/python/3.10.13/lib/python3.10/site-packages/airflow/example_dags/example_trigger_controller_dag.py for tasks to queue
[2024-05-16T12:10:26.889+0000] {logging_mixin.py:188} INFO - [2024-05-16T12:10:26.888+0000] {dagbag.py:545} INFO - Filling up the DagBag from /usr/local/python/3.10.13/lib/python3.10/site-packages/airflow/example_dags/example_trigger_controller_dag.py
[2024-05-16T12:10:26.893+0000] {processor.py:840} INFO - DAG(s) 'example_trigger_controller_dag' retrieved from /usr/local/python/3.10.13/lib/python3.10/site-packages/airflow/example_dags/example_trigger_controller_dag.py
[2024-05-16T12:10:26.904+0000] {logging_mixin.py:188} INFO - [2024-05-16T12:10:26.903+0000] {dag.py:3096} INFO - Sync 1 DAGs
[2024-05-16T12:10:26.918+0000] {logging_mixin.py:188} INFO - [2024-05-16T12:10:26.918+0000] {dag.py:3954} INFO - Setting next_dagrun for example_trigger_controller_dag to 2021-01-01 00:00:00+00:00, run_after=2021-01-01 00:00:00+00:00
[2024-05-16T12:10:26.963+0000] {processor.py:183} INFO - Processing /usr/local/python/3.10.13/lib/python3.10/site-packages/airflow/example_dags/example_trigger_controller_dag.py took 0.081 seconds
[2024-05-16T12:11:09.435+0000] {processor.py:161} INFO - Started process (PID=9392) to work on /usr/local/python/3.10.13/lib/python3.10/site-packages/airflow/example_dags/example_trigger_controller_dag.py
[2024-05-16T12:11:09.436+0000] {processor.py:830} INFO - Processing file /usr/local/python/3.10.13/lib/python3.10/site-packages/airflow/example_dags/example_trigger_controller_dag.py for tasks to queue
[2024-05-16T12:11:09.437+0000] {logging_mixin.py:188} INFO - [2024-05-16T12:11:09.437+0000] {dagbag.py:545} INFO - Filling up the DagBag from /usr/local/python/3.10.13/lib/python3.10/site-packages/airflow/example_dags/example_trigger_controller_dag.py
[2024-05-16T12:11:09.441+0000] {processor.py:840} INFO - DAG(s) 'example_trigger_controller_dag' retrieved from /usr/local/python/3.10.13/lib/python3.10/site-packages/airflow/example_dags/example_trigger_controller_dag.py
[2024-05-16T12:11:09.452+0000] {logging_mixin.py:188} INFO - [2024-05-16T12:11:09.452+0000] {dag.py:3096} INFO - Sync 1 DAGs
[2024-05-16T12:11:09.467+0000] {logging_mixin.py:188} INFO - [2024-05-16T12:11:09.467+0000] {dag.py:3954} INFO - Setting next_dagrun for example_trigger_controller_dag to 2021-01-01 00:00:00+00:00, run_after=2021-01-01 00:00:00+00:00
[2024-05-16T12:11:09.516+0000] {processor.py:183} INFO - Processing /usr/local/python/3.10.13/lib/python3.10/site-packages/airflow/example_dags/example_trigger_controller_dag.py took 0.086 seconds
[2024-05-16T12:11:52.209+0000] {processor.py:161} INFO - Started process (PID=9687) to work on /usr/local/python/3.10.13/lib/python3.10/site-packages/airflow/example_dags/example_trigger_controller_dag.py
[2024-05-16T12:11:52.209+0000] {processor.py:830} INFO - Processing file /usr/local/python/3.10.13/lib/python3.10/site-packages/airflow/example_dags/example_trigger_controller_dag.py for tasks to queue
[2024-05-16T12:11:52.211+0000] {logging_mixin.py:188} INFO - [2024-05-16T12:11:52.211+0000] {dagbag.py:545} INFO - Filling up the DagBag from /usr/local/python/3.10.13/lib/python3.10/site-packages/airflow/example_dags/example_trigger_controller_dag.py
[2024-05-16T12:11:52.215+0000] {processor.py:840} INFO - DAG(s) 'example_trigger_controller_dag' retrieved from /usr/local/python/3.10.13/lib/python3.10/site-packages/airflow/example_dags/example_trigger_controller_dag.py
[2024-05-16T12:11:52.225+0000] {logging_mixin.py:188} INFO - [2024-05-16T12:11:52.225+0000] {dag.py:3096} INFO - Sync 1 DAGs
[2024-05-16T12:11:52.246+0000] {logging_mixin.py:188} INFO - [2024-05-16T12:11:52.246+0000] {dag.py:3954} INFO - Setting next_dagrun for example_trigger_controller_dag to 2021-01-01 00:00:00+00:00, run_after=2021-01-01 00:00:00+00:00
[2024-05-16T12:11:52.298+0000] {processor.py:183} INFO - Processing /usr/local/python/3.10.13/lib/python3.10/site-packages/airflow/example_dags/example_trigger_controller_dag.py took 0.094 seconds
[2024-05-16T12:12:34.020+0000] {processor.py:161} INFO - Started process (PID=9968) to work on /usr/local/python/3.10.13/lib/python3.10/site-packages/airflow/example_dags/example_trigger_controller_dag.py
[2024-05-16T12:12:34.021+0000] {processor.py:830} INFO - Processing file /usr/local/python/3.10.13/lib/python3.10/site-packages/airflow/example_dags/example_trigger_controller_dag.py for tasks to queue
[2024-05-16T12:12:34.022+0000] {logging_mixin.py:188} INFO - [2024-05-16T12:12:34.022+0000] {dagbag.py:545} INFO - Filling up the DagBag from /usr/local/python/3.10.13/lib/python3.10/site-packages/airflow/example_dags/example_trigger_controller_dag.py
[2024-05-16T12:12:34.026+0000] {processor.py:840} INFO - DAG(s) 'example_trigger_controller_dag' retrieved from /usr/local/python/3.10.13/lib/python3.10/site-packages/airflow/example_dags/example_trigger_controller_dag.py
[2024-05-16T12:12:34.036+0000] {logging_mixin.py:188} INFO - [2024-05-16T12:12:34.036+0000] {dag.py:3096} INFO - Sync 1 DAGs
[2024-05-16T12:12:34.050+0000] {logging_mixin.py:188} INFO - [2024-05-16T12:12:34.050+0000] {dag.py:3954} INFO - Setting next_dagrun for example_trigger_controller_dag to 2021-01-01 00:00:00+00:00, run_after=2021-01-01 00:00:00+00:00
[2024-05-16T12:12:34.098+0000] {processor.py:183} INFO - Processing /usr/local/python/3.10.13/lib/python3.10/site-packages/airflow/example_dags/example_trigger_controller_dag.py took 0.083 seconds
[2024-05-16T12:13:16.829+0000] {processor.py:161} INFO - Started process (PID=10264) to work on /usr/local/python/3.10.13/lib/python3.10/site-packages/airflow/example_dags/example_trigger_controller_dag.py
[2024-05-16T12:13:16.830+0000] {processor.py:830} INFO - Processing file /usr/local/python/3.10.13/lib/python3.10/site-packages/airflow/example_dags/example_trigger_controller_dag.py for tasks to queue
[2024-05-16T12:13:16.831+0000] {logging_mixin.py:188} INFO - [2024-05-16T12:13:16.831+0000] {dagbag.py:545} INFO - Filling up the DagBag from /usr/local/python/3.10.13/lib/python3.10/site-packages/airflow/example_dags/example_trigger_controller_dag.py
[2024-05-16T12:13:16.835+0000] {processor.py:840} INFO - DAG(s) 'example_trigger_controller_dag' retrieved from /usr/local/python/3.10.13/lib/python3.10/site-packages/airflow/example_dags/example_trigger_controller_dag.py
[2024-05-16T12:13:16.845+0000] {logging_mixin.py:188} INFO - [2024-05-16T12:13:16.845+0000] {dag.py:3096} INFO - Sync 1 DAGs
[2024-05-16T12:13:16.859+0000] {logging_mixin.py:188} INFO - [2024-05-16T12:13:16.859+0000] {dag.py:3954} INFO - Setting next_dagrun for example_trigger_controller_dag to 2021-01-01 00:00:00+00:00, run_after=2021-01-01 00:00:00+00:00
[2024-05-16T12:13:16.904+0000] {processor.py:183} INFO - Processing /usr/local/python/3.10.13/lib/python3.10/site-packages/airflow/example_dags/example_trigger_controller_dag.py took 0.079 seconds
[2024-05-16T12:13:58.217+0000] {processor.py:161} INFO - Started process (PID=10565) to work on /usr/local/python/3.10.13/lib/python3.10/site-packages/airflow/example_dags/example_trigger_controller_dag.py
[2024-05-16T12:13:58.218+0000] {processor.py:830} INFO - Processing file /usr/local/python/3.10.13/lib/python3.10/site-packages/airflow/example_dags/example_trigger_controller_dag.py for tasks to queue
[2024-05-16T12:13:58.219+0000] {logging_mixin.py:188} INFO - [2024-05-16T12:13:58.219+0000] {dagbag.py:545} INFO - Filling up the DagBag from /usr/local/python/3.10.13/lib/python3.10/site-packages/airflow/example_dags/example_trigger_controller_dag.py
[2024-05-16T12:13:58.223+0000] {processor.py:840} INFO - DAG(s) 'example_trigger_controller_dag' retrieved from /usr/local/python/3.10.13/lib/python3.10/site-packages/airflow/example_dags/example_trigger_controller_dag.py
[2024-05-16T12:13:58.233+0000] {logging_mixin.py:188} INFO - [2024-05-16T12:13:58.233+0000] {dag.py:3096} INFO - Sync 1 DAGs
[2024-05-16T12:13:58.247+0000] {logging_mixin.py:188} INFO - [2024-05-16T12:13:58.247+0000] {dag.py:3954} INFO - Setting next_dagrun for example_trigger_controller_dag to 2021-01-01 00:00:00+00:00, run_after=2021-01-01 00:00:00+00:00
[2024-05-16T12:13:58.295+0000] {processor.py:183} INFO - Processing /usr/local/python/3.10.13/lib/python3.10/site-packages/airflow/example_dags/example_trigger_controller_dag.py took 0.083 seconds
[2024-05-16T12:14:39.675+0000] {processor.py:161} INFO - Started process (PID=10854) to work on /usr/local/python/3.10.13/lib/python3.10/site-packages/airflow/example_dags/example_trigger_controller_dag.py
[2024-05-16T12:14:39.676+0000] {processor.py:830} INFO - Processing file /usr/local/python/3.10.13/lib/python3.10/site-packages/airflow/example_dags/example_trigger_controller_dag.py for tasks to queue
[2024-05-16T12:14:39.677+0000] {logging_mixin.py:188} INFO - [2024-05-16T12:14:39.677+0000] {dagbag.py:545} INFO - Filling up the DagBag from /usr/local/python/3.10.13/lib/python3.10/site-packages/airflow/example_dags/example_trigger_controller_dag.py
[2024-05-16T12:14:39.681+0000] {processor.py:840} INFO - DAG(s) 'example_trigger_controller_dag' retrieved from /usr/local/python/3.10.13/lib/python3.10/site-packages/airflow/example_dags/example_trigger_controller_dag.py
[2024-05-16T12:14:39.693+0000] {logging_mixin.py:188} INFO - [2024-05-16T12:14:39.693+0000] {dag.py:3096} INFO - Sync 1 DAGs
[2024-05-16T12:14:39.708+0000] {logging_mixin.py:188} INFO - [2024-05-16T12:14:39.707+0000] {dag.py:3954} INFO - Setting next_dagrun for example_trigger_controller_dag to 2021-01-01 00:00:00+00:00, run_after=2021-01-01 00:00:00+00:00
[2024-05-16T12:14:39.755+0000] {processor.py:183} INFO - Processing /usr/local/python/3.10.13/lib/python3.10/site-packages/airflow/example_dags/example_trigger_controller_dag.py took 0.085 seconds
[2024-05-16T12:15:22.705+0000] {processor.py:161} INFO - Started process (PID=11140) to work on /usr/local/python/3.10.13/lib/python3.10/site-packages/airflow/example_dags/example_trigger_controller_dag.py
[2024-05-16T12:15:22.706+0000] {processor.py:830} INFO - Processing file /usr/local/python/3.10.13/lib/python3.10/site-packages/airflow/example_dags/example_trigger_controller_dag.py for tasks to queue
[2024-05-16T12:15:22.708+0000] {logging_mixin.py:188} INFO - [2024-05-16T12:15:22.708+0000] {dagbag.py:545} INFO - Filling up the DagBag from /usr/local/python/3.10.13/lib/python3.10/site-packages/airflow/example_dags/example_trigger_controller_dag.py
[2024-05-16T12:15:22.712+0000] {processor.py:840} INFO - DAG(s) 'example_trigger_controller_dag' retrieved from /usr/local/python/3.10.13/lib/python3.10/site-packages/airflow/example_dags/example_trigger_controller_dag.py
[2024-05-16T12:15:22.723+0000] {logging_mixin.py:188} INFO - [2024-05-16T12:15:22.723+0000] {dag.py:3096} INFO - Sync 1 DAGs
[2024-05-16T12:15:22.737+0000] {logging_mixin.py:188} INFO - [2024-05-16T12:15:22.737+0000] {dag.py:3954} INFO - Setting next_dagrun for example_trigger_controller_dag to 2021-01-01 00:00:00+00:00, run_after=2021-01-01 00:00:00+00:00
[2024-05-16T12:15:22.782+0000] {processor.py:183} INFO - Processing /usr/local/python/3.10.13/lib/python3.10/site-packages/airflow/example_dags/example_trigger_controller_dag.py took 0.082 seconds
[2024-05-16T12:16:04.467+0000] {processor.py:161} INFO - Started process (PID=11456) to work on /usr/local/python/3.10.13/lib/python3.10/site-packages/airflow/example_dags/example_trigger_controller_dag.py
[2024-05-16T12:16:04.467+0000] {processor.py:830} INFO - Processing file /usr/local/python/3.10.13/lib/python3.10/site-packages/airflow/example_dags/example_trigger_controller_dag.py for tasks to queue
[2024-05-16T12:16:04.469+0000] {logging_mixin.py:188} INFO - [2024-05-16T12:16:04.469+0000] {dagbag.py:545} INFO - Filling up the DagBag from /usr/local/python/3.10.13/lib/python3.10/site-packages/airflow/example_dags/example_trigger_controller_dag.py
[2024-05-16T12:16:04.473+0000] {processor.py:840} INFO - DAG(s) 'example_trigger_controller_dag' retrieved from /usr/local/python/3.10.13/lib/python3.10/site-packages/airflow/example_dags/example_trigger_controller_dag.py
[2024-05-16T12:16:04.485+0000] {logging_mixin.py:188} INFO - [2024-05-16T12:16:04.484+0000] {dag.py:3096} INFO - Sync 1 DAGs
[2024-05-16T12:16:04.499+0000] {logging_mixin.py:188} INFO - [2024-05-16T12:16:04.499+0000] {dag.py:3954} INFO - Setting next_dagrun for example_trigger_controller_dag to 2021-01-01 00:00:00+00:00, run_after=2021-01-01 00:00:00+00:00
[2024-05-16T12:16:04.547+0000] {processor.py:183} INFO - Processing /usr/local/python/3.10.13/lib/python3.10/site-packages/airflow/example_dags/example_trigger_controller_dag.py took 0.085 seconds
[2024-05-16T12:16:50.433+0000] {processor.py:161} INFO - Started process (PID=11789) to work on /usr/local/python/3.10.13/lib/python3.10/site-packages/airflow/example_dags/example_trigger_controller_dag.py
[2024-05-16T12:16:50.434+0000] {processor.py:830} INFO - Processing file /usr/local/python/3.10.13/lib/python3.10/site-packages/airflow/example_dags/example_trigger_controller_dag.py for tasks to queue
[2024-05-16T12:16:50.435+0000] {logging_mixin.py:188} INFO - [2024-05-16T12:16:50.435+0000] {dagbag.py:545} INFO - Filling up the DagBag from /usr/local/python/3.10.13/lib/python3.10/site-packages/airflow/example_dags/example_trigger_controller_dag.py
[2024-05-16T12:16:50.439+0000] {processor.py:840} INFO - DAG(s) 'example_trigger_controller_dag' retrieved from /usr/local/python/3.10.13/lib/python3.10/site-packages/airflow/example_dags/example_trigger_controller_dag.py
[2024-05-16T12:16:50.449+0000] {logging_mixin.py:188} INFO - [2024-05-16T12:16:50.449+0000] {dag.py:3096} INFO - Sync 1 DAGs
[2024-05-16T12:16:50.464+0000] {logging_mixin.py:188} INFO - [2024-05-16T12:16:50.464+0000] {dag.py:3954} INFO - Setting next_dagrun for example_trigger_controller_dag to 2021-01-01 00:00:00+00:00, run_after=2021-01-01 00:00:00+00:00
[2024-05-16T12:16:50.510+0000] {processor.py:183} INFO - Processing /usr/local/python/3.10.13/lib/python3.10/site-packages/airflow/example_dags/example_trigger_controller_dag.py took 0.081 seconds
[2024-05-16T12:17:32.010+0000] {processor.py:161} INFO - Started process (PID=12102) to work on /usr/local/python/3.10.13/lib/python3.10/site-packages/airflow/example_dags/example_trigger_controller_dag.py
[2024-05-16T12:17:32.011+0000] {processor.py:830} INFO - Processing file /usr/local/python/3.10.13/lib/python3.10/site-packages/airflow/example_dags/example_trigger_controller_dag.py for tasks to queue
[2024-05-16T12:17:32.012+0000] {logging_mixin.py:188} INFO - [2024-05-16T12:17:32.012+0000] {dagbag.py:545} INFO - Filling up the DagBag from /usr/local/python/3.10.13/lib/python3.10/site-packages/airflow/example_dags/example_trigger_controller_dag.py
[2024-05-16T12:17:32.016+0000] {processor.py:840} INFO - DAG(s) 'example_trigger_controller_dag' retrieved from /usr/local/python/3.10.13/lib/python3.10/site-packages/airflow/example_dags/example_trigger_controller_dag.py
[2024-05-16T12:17:32.027+0000] {logging_mixin.py:188} INFO - [2024-05-16T12:17:32.026+0000] {dag.py:3096} INFO - Sync 1 DAGs
[2024-05-16T12:17:32.041+0000] {logging_mixin.py:188} INFO - [2024-05-16T12:17:32.041+0000] {dag.py:3954} INFO - Setting next_dagrun for example_trigger_controller_dag to 2021-01-01 00:00:00+00:00, run_after=2021-01-01 00:00:00+00:00
[2024-05-16T12:17:32.086+0000] {processor.py:183} INFO - Processing /usr/local/python/3.10.13/lib/python3.10/site-packages/airflow/example_dags/example_trigger_controller_dag.py took 0.081 seconds
[2024-05-16T12:18:12.844+0000] {processor.py:161} INFO - Started process (PID=12385) to work on /usr/local/python/3.10.13/lib/python3.10/site-packages/airflow/example_dags/example_trigger_controller_dag.py
[2024-05-16T12:18:12.845+0000] {processor.py:830} INFO - Processing file /usr/local/python/3.10.13/lib/python3.10/site-packages/airflow/example_dags/example_trigger_controller_dag.py for tasks to queue
[2024-05-16T12:18:12.847+0000] {logging_mixin.py:188} INFO - [2024-05-16T12:18:12.847+0000] {dagbag.py:545} INFO - Filling up the DagBag from /usr/local/python/3.10.13/lib/python3.10/site-packages/airflow/example_dags/example_trigger_controller_dag.py
[2024-05-16T12:18:12.852+0000] {processor.py:840} INFO - DAG(s) 'example_trigger_controller_dag' retrieved from /usr/local/python/3.10.13/lib/python3.10/site-packages/airflow/example_dags/example_trigger_controller_dag.py
[2024-05-16T12:18:12.868+0000] {logging_mixin.py:188} INFO - [2024-05-16T12:18:12.868+0000] {dag.py:3096} INFO - Sync 1 DAGs
[2024-05-16T12:18:12.884+0000] {logging_mixin.py:188} INFO - [2024-05-16T12:18:12.884+0000] {dag.py:3954} INFO - Setting next_dagrun for example_trigger_controller_dag to 2021-01-01 00:00:00+00:00, run_after=2021-01-01 00:00:00+00:00
[2024-05-16T12:18:12.930+0000] {processor.py:183} INFO - Processing /usr/local/python/3.10.13/lib/python3.10/site-packages/airflow/example_dags/example_trigger_controller_dag.py took 0.093 seconds
[2024-05-16T12:18:54.350+0000] {processor.py:161} INFO - Started process (PID=12686) to work on /usr/local/python/3.10.13/lib/python3.10/site-packages/airflow/example_dags/example_trigger_controller_dag.py
[2024-05-16T12:18:54.351+0000] {processor.py:830} INFO - Processing file /usr/local/python/3.10.13/lib/python3.10/site-packages/airflow/example_dags/example_trigger_controller_dag.py for tasks to queue
[2024-05-16T12:18:54.352+0000] {logging_mixin.py:188} INFO - [2024-05-16T12:18:54.352+0000] {dagbag.py:545} INFO - Filling up the DagBag from /usr/local/python/3.10.13/lib/python3.10/site-packages/airflow/example_dags/example_trigger_controller_dag.py
[2024-05-16T12:18:54.356+0000] {processor.py:840} INFO - DAG(s) 'example_trigger_controller_dag' retrieved from /usr/local/python/3.10.13/lib/python3.10/site-packages/airflow/example_dags/example_trigger_controller_dag.py
[2024-05-16T12:18:54.367+0000] {logging_mixin.py:188} INFO - [2024-05-16T12:18:54.366+0000] {dag.py:3096} INFO - Sync 1 DAGs
[2024-05-16T12:18:54.381+0000] {logging_mixin.py:188} INFO - [2024-05-16T12:18:54.380+0000] {dag.py:3954} INFO - Setting next_dagrun for example_trigger_controller_dag to 2021-01-01 00:00:00+00:00, run_after=2021-01-01 00:00:00+00:00
[2024-05-16T12:18:54.425+0000] {processor.py:183} INFO - Processing /usr/local/python/3.10.13/lib/python3.10/site-packages/airflow/example_dags/example_trigger_controller_dag.py took 0.079 seconds
[2024-05-16T12:19:36.839+0000] {processor.py:161} INFO - Started process (PID=12986) to work on /usr/local/python/3.10.13/lib/python3.10/site-packages/airflow/example_dags/example_trigger_controller_dag.py
[2024-05-16T12:19:36.840+0000] {processor.py:830} INFO - Processing file /usr/local/python/3.10.13/lib/python3.10/site-packages/airflow/example_dags/example_trigger_controller_dag.py for tasks to queue
[2024-05-16T12:19:36.841+0000] {logging_mixin.py:188} INFO - [2024-05-16T12:19:36.841+0000] {dagbag.py:545} INFO - Filling up the DagBag from /usr/local/python/3.10.13/lib/python3.10/site-packages/airflow/example_dags/example_trigger_controller_dag.py
[2024-05-16T12:19:36.845+0000] {processor.py:840} INFO - DAG(s) 'example_trigger_controller_dag' retrieved from /usr/local/python/3.10.13/lib/python3.10/site-packages/airflow/example_dags/example_trigger_controller_dag.py
[2024-05-16T12:19:36.855+0000] {logging_mixin.py:188} INFO - [2024-05-16T12:19:36.855+0000] {dag.py:3096} INFO - Sync 1 DAGs
[2024-05-16T12:19:36.870+0000] {logging_mixin.py:188} INFO - [2024-05-16T12:19:36.870+0000] {dag.py:3954} INFO - Setting next_dagrun for example_trigger_controller_dag to 2021-01-01 00:00:00+00:00, run_after=2021-01-01 00:00:00+00:00
[2024-05-16T12:19:36.922+0000] {processor.py:183} INFO - Processing /usr/local/python/3.10.13/lib/python3.10/site-packages/airflow/example_dags/example_trigger_controller_dag.py took 0.087 seconds
[2024-05-16T12:20:18.270+0000] {processor.py:161} INFO - Started process (PID=13279) to work on /usr/local/python/3.10.13/lib/python3.10/site-packages/airflow/example_dags/example_trigger_controller_dag.py
[2024-05-16T12:20:18.271+0000] {processor.py:830} INFO - Processing file /usr/local/python/3.10.13/lib/python3.10/site-packages/airflow/example_dags/example_trigger_controller_dag.py for tasks to queue
[2024-05-16T12:20:18.272+0000] {logging_mixin.py:188} INFO - [2024-05-16T12:20:18.272+0000] {dagbag.py:545} INFO - Filling up the DagBag from /usr/local/python/3.10.13/lib/python3.10/site-packages/airflow/example_dags/example_trigger_controller_dag.py
[2024-05-16T12:20:18.276+0000] {processor.py:840} INFO - DAG(s) 'example_trigger_controller_dag' retrieved from /usr/local/python/3.10.13/lib/python3.10/site-packages/airflow/example_dags/example_trigger_controller_dag.py
[2024-05-16T12:20:18.286+0000] {logging_mixin.py:188} INFO - [2024-05-16T12:20:18.286+0000] {dag.py:3096} INFO - Sync 1 DAGs
[2024-05-16T12:20:18.300+0000] {logging_mixin.py:188} INFO - [2024-05-16T12:20:18.300+0000] {dag.py:3954} INFO - Setting next_dagrun for example_trigger_controller_dag to 2021-01-01 00:00:00+00:00, run_after=2021-01-01 00:00:00+00:00
[2024-05-16T12:20:18.350+0000] {processor.py:183} INFO - Processing /usr/local/python/3.10.13/lib/python3.10/site-packages/airflow/example_dags/example_trigger_controller_dag.py took 0.084 seconds
[2024-05-16T12:20:59.675+0000] {processor.py:161} INFO - Started process (PID=13570) to work on /usr/local/python/3.10.13/lib/python3.10/site-packages/airflow/example_dags/example_trigger_controller_dag.py
[2024-05-16T12:20:59.675+0000] {processor.py:830} INFO - Processing file /usr/local/python/3.10.13/lib/python3.10/site-packages/airflow/example_dags/example_trigger_controller_dag.py for tasks to queue
[2024-05-16T12:20:59.677+0000] {logging_mixin.py:188} INFO - [2024-05-16T12:20:59.677+0000] {dagbag.py:545} INFO - Filling up the DagBag from /usr/local/python/3.10.13/lib/python3.10/site-packages/airflow/example_dags/example_trigger_controller_dag.py
[2024-05-16T12:20:59.683+0000] {processor.py:840} INFO - DAG(s) 'example_trigger_controller_dag' retrieved from /usr/local/python/3.10.13/lib/python3.10/site-packages/airflow/example_dags/example_trigger_controller_dag.py
[2024-05-16T12:20:59.704+0000] {logging_mixin.py:188} INFO - [2024-05-16T12:20:59.704+0000] {dag.py:3096} INFO - Sync 1 DAGs
[2024-05-16T12:20:59.728+0000] {logging_mixin.py:188} INFO - [2024-05-16T12:20:59.728+0000] {dag.py:3954} INFO - Setting next_dagrun for example_trigger_controller_dag to 2021-01-01 00:00:00+00:00, run_after=2021-01-01 00:00:00+00:00
[2024-05-16T12:20:59.775+0000] {processor.py:183} INFO - Processing /usr/local/python/3.10.13/lib/python3.10/site-packages/airflow/example_dags/example_trigger_controller_dag.py took 0.108 seconds
[2024-05-16T12:21:42.815+0000] {processor.py:161} INFO - Started process (PID=13866) to work on /usr/local/python/3.10.13/lib/python3.10/site-packages/airflow/example_dags/example_trigger_controller_dag.py
[2024-05-16T12:21:42.816+0000] {processor.py:830} INFO - Processing file /usr/local/python/3.10.13/lib/python3.10/site-packages/airflow/example_dags/example_trigger_controller_dag.py for tasks to queue
[2024-05-16T12:21:42.818+0000] {logging_mixin.py:188} INFO - [2024-05-16T12:21:42.817+0000] {dagbag.py:545} INFO - Filling up the DagBag from /usr/local/python/3.10.13/lib/python3.10/site-packages/airflow/example_dags/example_trigger_controller_dag.py
[2024-05-16T12:21:42.821+0000] {processor.py:840} INFO - DAG(s) 'example_trigger_controller_dag' retrieved from /usr/local/python/3.10.13/lib/python3.10/site-packages/airflow/example_dags/example_trigger_controller_dag.py
[2024-05-16T12:21:42.831+0000] {logging_mixin.py:188} INFO - [2024-05-16T12:21:42.831+0000] {dag.py:3096} INFO - Sync 1 DAGs
[2024-05-16T12:21:42.846+0000] {logging_mixin.py:188} INFO - [2024-05-16T12:21:42.845+0000] {dag.py:3954} INFO - Setting next_dagrun for example_trigger_controller_dag to 2021-01-01 00:00:00+00:00, run_after=2021-01-01 00:00:00+00:00
[2024-05-16T12:21:42.889+0000] {processor.py:183} INFO - Processing /usr/local/python/3.10.13/lib/python3.10/site-packages/airflow/example_dags/example_trigger_controller_dag.py took 0.079 seconds
[2024-05-16T12:22:26.737+0000] {processor.py:161} INFO - Started process (PID=14195) to work on /usr/local/python/3.10.13/lib/python3.10/site-packages/airflow/example_dags/example_trigger_controller_dag.py
[2024-05-16T12:22:26.738+0000] {processor.py:830} INFO - Processing file /usr/local/python/3.10.13/lib/python3.10/site-packages/airflow/example_dags/example_trigger_controller_dag.py for tasks to queue
[2024-05-16T12:22:26.740+0000] {logging_mixin.py:188} INFO - [2024-05-16T12:22:26.739+0000] {dagbag.py:545} INFO - Filling up the DagBag from /usr/local/python/3.10.13/lib/python3.10/site-packages/airflow/example_dags/example_trigger_controller_dag.py
[2024-05-16T12:22:26.746+0000] {processor.py:840} INFO - DAG(s) 'example_trigger_controller_dag' retrieved from /usr/local/python/3.10.13/lib/python3.10/site-packages/airflow/example_dags/example_trigger_controller_dag.py
[2024-05-16T12:22:26.759+0000] {logging_mixin.py:188} INFO - [2024-05-16T12:22:26.758+0000] {dag.py:3096} INFO - Sync 1 DAGs
[2024-05-16T12:22:26.785+0000] {logging_mixin.py:188} INFO - [2024-05-16T12:22:26.784+0000] {dag.py:3954} INFO - Setting next_dagrun for example_trigger_controller_dag to 2021-01-01 00:00:00+00:00, run_after=2021-01-01 00:00:00+00:00
[2024-05-16T12:22:26.844+0000] {processor.py:183} INFO - Processing /usr/local/python/3.10.13/lib/python3.10/site-packages/airflow/example_dags/example_trigger_controller_dag.py took 0.114 seconds
[2024-05-16T12:23:11.403+0000] {processor.py:161} INFO - Started process (PID=14539) to work on /usr/local/python/3.10.13/lib/python3.10/site-packages/airflow/example_dags/example_trigger_controller_dag.py
[2024-05-16T12:23:11.404+0000] {processor.py:830} INFO - Processing file /usr/local/python/3.10.13/lib/python3.10/site-packages/airflow/example_dags/example_trigger_controller_dag.py for tasks to queue
[2024-05-16T12:23:11.406+0000] {logging_mixin.py:188} INFO - [2024-05-16T12:23:11.405+0000] {dagbag.py:545} INFO - Filling up the DagBag from /usr/local/python/3.10.13/lib/python3.10/site-packages/airflow/example_dags/example_trigger_controller_dag.py
[2024-05-16T12:23:11.409+0000] {processor.py:840} INFO - DAG(s) 'example_trigger_controller_dag' retrieved from /usr/local/python/3.10.13/lib/python3.10/site-packages/airflow/example_dags/example_trigger_controller_dag.py
[2024-05-16T12:23:11.420+0000] {logging_mixin.py:188} INFO - [2024-05-16T12:23:11.420+0000] {dag.py:3096} INFO - Sync 1 DAGs
[2024-05-16T12:23:11.434+0000] {logging_mixin.py:188} INFO - [2024-05-16T12:23:11.433+0000] {dag.py:3954} INFO - Setting next_dagrun for example_trigger_controller_dag to 2021-01-01 00:00:00+00:00, run_after=2021-01-01 00:00:00+00:00
[2024-05-16T12:23:11.494+0000] {processor.py:183} INFO - Processing /usr/local/python/3.10.13/lib/python3.10/site-packages/airflow/example_dags/example_trigger_controller_dag.py took 0.095 seconds
[2024-05-16T12:23:56.681+0000] {processor.py:161} INFO - Started process (PID=14873) to work on /usr/local/python/3.10.13/lib/python3.10/site-packages/airflow/example_dags/example_trigger_controller_dag.py
[2024-05-16T12:23:56.681+0000] {processor.py:830} INFO - Processing file /usr/local/python/3.10.13/lib/python3.10/site-packages/airflow/example_dags/example_trigger_controller_dag.py for tasks to queue
[2024-05-16T12:23:56.683+0000] {logging_mixin.py:188} INFO - [2024-05-16T12:23:56.682+0000] {dagbag.py:545} INFO - Filling up the DagBag from /usr/local/python/3.10.13/lib/python3.10/site-packages/airflow/example_dags/example_trigger_controller_dag.py
[2024-05-16T12:23:56.686+0000] {processor.py:840} INFO - DAG(s) 'example_trigger_controller_dag' retrieved from /usr/local/python/3.10.13/lib/python3.10/site-packages/airflow/example_dags/example_trigger_controller_dag.py
[2024-05-16T12:23:56.697+0000] {logging_mixin.py:188} INFO - [2024-05-16T12:23:56.697+0000] {dag.py:3096} INFO - Sync 1 DAGs
[2024-05-16T12:23:56.711+0000] {logging_mixin.py:188} INFO - [2024-05-16T12:23:56.711+0000] {dag.py:3954} INFO - Setting next_dagrun for example_trigger_controller_dag to 2021-01-01 00:00:00+00:00, run_after=2021-01-01 00:00:00+00:00
[2024-05-16T12:23:56.759+0000] {processor.py:183} INFO - Processing /usr/local/python/3.10.13/lib/python3.10/site-packages/airflow/example_dags/example_trigger_controller_dag.py took 0.083 seconds
[2024-05-16T12:24:39.615+0000] {processor.py:161} INFO - Started process (PID=15208) to work on /usr/local/python/3.10.13/lib/python3.10/site-packages/airflow/example_dags/example_trigger_controller_dag.py
[2024-05-16T12:24:39.616+0000] {processor.py:830} INFO - Processing file /usr/local/python/3.10.13/lib/python3.10/site-packages/airflow/example_dags/example_trigger_controller_dag.py for tasks to queue
[2024-05-16T12:24:39.617+0000] {logging_mixin.py:188} INFO - [2024-05-16T12:24:39.617+0000] {dagbag.py:545} INFO - Filling up the DagBag from /usr/local/python/3.10.13/lib/python3.10/site-packages/airflow/example_dags/example_trigger_controller_dag.py
[2024-05-16T12:24:39.621+0000] {processor.py:840} INFO - DAG(s) 'example_trigger_controller_dag' retrieved from /usr/local/python/3.10.13/lib/python3.10/site-packages/airflow/example_dags/example_trigger_controller_dag.py
[2024-05-16T12:24:39.631+0000] {logging_mixin.py:188} INFO - [2024-05-16T12:24:39.631+0000] {dag.py:3096} INFO - Sync 1 DAGs
[2024-05-16T12:24:39.646+0000] {logging_mixin.py:188} INFO - [2024-05-16T12:24:39.646+0000] {dag.py:3954} INFO - Setting next_dagrun for example_trigger_controller_dag to 2021-01-01 00:00:00+00:00, run_after=2021-01-01 00:00:00+00:00
[2024-05-16T12:24:39.692+0000] {processor.py:183} INFO - Processing /usr/local/python/3.10.13/lib/python3.10/site-packages/airflow/example_dags/example_trigger_controller_dag.py took 0.082 seconds
[2024-05-16T12:25:19.450+0000] {processor.py:161} INFO - Started process (PID=15489) to work on /usr/local/python/3.10.13/lib/python3.10/site-packages/airflow/example_dags/example_trigger_controller_dag.py
[2024-05-16T12:25:19.451+0000] {processor.py:830} INFO - Processing file /usr/local/python/3.10.13/lib/python3.10/site-packages/airflow/example_dags/example_trigger_controller_dag.py for tasks to queue
[2024-05-16T12:25:19.452+0000] {logging_mixin.py:188} INFO - [2024-05-16T12:25:19.452+0000] {dagbag.py:545} INFO - Filling up the DagBag from /usr/local/python/3.10.13/lib/python3.10/site-packages/airflow/example_dags/example_trigger_controller_dag.py
[2024-05-16T12:25:19.456+0000] {processor.py:840} INFO - DAG(s) 'example_trigger_controller_dag' retrieved from /usr/local/python/3.10.13/lib/python3.10/site-packages/airflow/example_dags/example_trigger_controller_dag.py
[2024-05-16T12:25:19.466+0000] {logging_mixin.py:188} INFO - [2024-05-16T12:25:19.466+0000] {dag.py:3096} INFO - Sync 1 DAGs
[2024-05-16T12:25:19.483+0000] {logging_mixin.py:188} INFO - [2024-05-16T12:25:19.482+0000] {dag.py:3954} INFO - Setting next_dagrun for example_trigger_controller_dag to 2021-01-01 00:00:00+00:00, run_after=2021-01-01 00:00:00+00:00
[2024-05-16T12:25:19.528+0000] {processor.py:183} INFO - Processing /usr/local/python/3.10.13/lib/python3.10/site-packages/airflow/example_dags/example_trigger_controller_dag.py took 0.082 seconds
[2024-05-16T12:25:58.787+0000] {processor.py:161} INFO - Started process (PID=15795) to work on /usr/local/python/3.10.13/lib/python3.10/site-packages/airflow/example_dags/example_trigger_controller_dag.py
[2024-05-16T12:25:58.787+0000] {processor.py:830} INFO - Processing file /usr/local/python/3.10.13/lib/python3.10/site-packages/airflow/example_dags/example_trigger_controller_dag.py for tasks to queue
[2024-05-16T12:25:58.789+0000] {logging_mixin.py:188} INFO - [2024-05-16T12:25:58.788+0000] {dagbag.py:545} INFO - Filling up the DagBag from /usr/local/python/3.10.13/lib/python3.10/site-packages/airflow/example_dags/example_trigger_controller_dag.py
[2024-05-16T12:25:58.793+0000] {processor.py:840} INFO - DAG(s) 'example_trigger_controller_dag' retrieved from /usr/local/python/3.10.13/lib/python3.10/site-packages/airflow/example_dags/example_trigger_controller_dag.py
[2024-05-16T12:25:58.803+0000] {logging_mixin.py:188} INFO - [2024-05-16T12:25:58.803+0000] {dag.py:3096} INFO - Sync 1 DAGs
[2024-05-16T12:25:58.817+0000] {logging_mixin.py:188} INFO - [2024-05-16T12:25:58.817+0000] {dag.py:3954} INFO - Setting next_dagrun for example_trigger_controller_dag to 2021-01-01 00:00:00+00:00, run_after=2021-01-01 00:00:00+00:00
[2024-05-16T12:25:58.904+0000] {processor.py:183} INFO - Processing /usr/local/python/3.10.13/lib/python3.10/site-packages/airflow/example_dags/example_trigger_controller_dag.py took 0.122 seconds
[2024-05-16T12:26:38.919+0000] {processor.py:161} INFO - Started process (PID=16090) to work on /usr/local/python/3.10.13/lib/python3.10/site-packages/airflow/example_dags/example_trigger_controller_dag.py
[2024-05-16T12:26:38.920+0000] {processor.py:830} INFO - Processing file /usr/local/python/3.10.13/lib/python3.10/site-packages/airflow/example_dags/example_trigger_controller_dag.py for tasks to queue
[2024-05-16T12:26:38.921+0000] {logging_mixin.py:188} INFO - [2024-05-16T12:26:38.921+0000] {dagbag.py:545} INFO - Filling up the DagBag from /usr/local/python/3.10.13/lib/python3.10/site-packages/airflow/example_dags/example_trigger_controller_dag.py
[2024-05-16T12:26:38.925+0000] {processor.py:840} INFO - DAG(s) 'example_trigger_controller_dag' retrieved from /usr/local/python/3.10.13/lib/python3.10/site-packages/airflow/example_dags/example_trigger_controller_dag.py
[2024-05-16T12:26:38.936+0000] {logging_mixin.py:188} INFO - [2024-05-16T12:26:38.936+0000] {dag.py:3096} INFO - Sync 1 DAGs
[2024-05-16T12:26:38.950+0000] {logging_mixin.py:188} INFO - [2024-05-16T12:26:38.950+0000] {dag.py:3954} INFO - Setting next_dagrun for example_trigger_controller_dag to 2021-01-01 00:00:00+00:00, run_after=2021-01-01 00:00:00+00:00
[2024-05-16T12:26:38.994+0000] {processor.py:183} INFO - Processing /usr/local/python/3.10.13/lib/python3.10/site-packages/airflow/example_dags/example_trigger_controller_dag.py took 0.080 seconds
[2024-05-16T12:27:22.566+0000] {processor.py:161} INFO - Started process (PID=16431) to work on /usr/local/python/3.10.13/lib/python3.10/site-packages/airflow/example_dags/example_trigger_controller_dag.py
[2024-05-16T12:27:22.567+0000] {processor.py:830} INFO - Processing file /usr/local/python/3.10.13/lib/python3.10/site-packages/airflow/example_dags/example_trigger_controller_dag.py for tasks to queue
[2024-05-16T12:27:22.568+0000] {logging_mixin.py:188} INFO - [2024-05-16T12:27:22.568+0000] {dagbag.py:545} INFO - Filling up the DagBag from /usr/local/python/3.10.13/lib/python3.10/site-packages/airflow/example_dags/example_trigger_controller_dag.py
[2024-05-16T12:27:22.572+0000] {processor.py:840} INFO - DAG(s) 'example_trigger_controller_dag' retrieved from /usr/local/python/3.10.13/lib/python3.10/site-packages/airflow/example_dags/example_trigger_controller_dag.py
[2024-05-16T12:27:22.584+0000] {logging_mixin.py:188} INFO - [2024-05-16T12:27:22.584+0000] {dag.py:3096} INFO - Sync 1 DAGs
[2024-05-16T12:27:22.601+0000] {logging_mixin.py:188} INFO - [2024-05-16T12:27:22.600+0000] {dag.py:3954} INFO - Setting next_dagrun for example_trigger_controller_dag to 2021-01-01 00:00:00+00:00, run_after=2021-01-01 00:00:00+00:00
[2024-05-16T12:27:22.647+0000] {processor.py:183} INFO - Processing /usr/local/python/3.10.13/lib/python3.10/site-packages/airflow/example_dags/example_trigger_controller_dag.py took 0.086 seconds
[2024-05-16T12:28:05.287+0000] {processor.py:161} INFO - Started process (PID=16743) to work on /usr/local/python/3.10.13/lib/python3.10/site-packages/airflow/example_dags/example_trigger_controller_dag.py
[2024-05-16T12:28:05.288+0000] {processor.py:830} INFO - Processing file /usr/local/python/3.10.13/lib/python3.10/site-packages/airflow/example_dags/example_trigger_controller_dag.py for tasks to queue
[2024-05-16T12:28:05.289+0000] {logging_mixin.py:188} INFO - [2024-05-16T12:28:05.289+0000] {dagbag.py:545} INFO - Filling up the DagBag from /usr/local/python/3.10.13/lib/python3.10/site-packages/airflow/example_dags/example_trigger_controller_dag.py
[2024-05-16T12:28:05.293+0000] {processor.py:840} INFO - DAG(s) 'example_trigger_controller_dag' retrieved from /usr/local/python/3.10.13/lib/python3.10/site-packages/airflow/example_dags/example_trigger_controller_dag.py
[2024-05-16T12:28:05.304+0000] {logging_mixin.py:188} INFO - [2024-05-16T12:28:05.304+0000] {dag.py:3096} INFO - Sync 1 DAGs
[2024-05-16T12:28:05.318+0000] {logging_mixin.py:188} INFO - [2024-05-16T12:28:05.318+0000] {dag.py:3954} INFO - Setting next_dagrun for example_trigger_controller_dag to 2021-01-01 00:00:00+00:00, run_after=2021-01-01 00:00:00+00:00
[2024-05-16T12:28:05.362+0000] {processor.py:183} INFO - Processing /usr/local/python/3.10.13/lib/python3.10/site-packages/airflow/example_dags/example_trigger_controller_dag.py took 0.079 seconds
[2024-05-16T12:28:46.330+0000] {processor.py:161} INFO - Started process (PID=17036) to work on /usr/local/python/3.10.13/lib/python3.10/site-packages/airflow/example_dags/example_trigger_controller_dag.py
[2024-05-16T12:28:46.331+0000] {processor.py:830} INFO - Processing file /usr/local/python/3.10.13/lib/python3.10/site-packages/airflow/example_dags/example_trigger_controller_dag.py for tasks to queue
[2024-05-16T12:28:46.332+0000] {logging_mixin.py:188} INFO - [2024-05-16T12:28:46.332+0000] {dagbag.py:545} INFO - Filling up the DagBag from /usr/local/python/3.10.13/lib/python3.10/site-packages/airflow/example_dags/example_trigger_controller_dag.py
[2024-05-16T12:28:46.336+0000] {processor.py:840} INFO - DAG(s) 'example_trigger_controller_dag' retrieved from /usr/local/python/3.10.13/lib/python3.10/site-packages/airflow/example_dags/example_trigger_controller_dag.py
[2024-05-16T12:28:46.350+0000] {logging_mixin.py:188} INFO - [2024-05-16T12:28:46.349+0000] {dag.py:3096} INFO - Sync 1 DAGs
[2024-05-16T12:28:46.364+0000] {logging_mixin.py:188} INFO - [2024-05-16T12:28:46.364+0000] {dag.py:3954} INFO - Setting next_dagrun for example_trigger_controller_dag to 2021-01-01 00:00:00+00:00, run_after=2021-01-01 00:00:00+00:00
[2024-05-16T12:28:46.407+0000] {processor.py:183} INFO - Processing /usr/local/python/3.10.13/lib/python3.10/site-packages/airflow/example_dags/example_trigger_controller_dag.py took 0.081 seconds
[2024-05-16T12:29:29.603+0000] {processor.py:161} INFO - Started process (PID=17337) to work on /usr/local/python/3.10.13/lib/python3.10/site-packages/airflow/example_dags/example_trigger_controller_dag.py
[2024-05-16T12:29:29.603+0000] {processor.py:830} INFO - Processing file /usr/local/python/3.10.13/lib/python3.10/site-packages/airflow/example_dags/example_trigger_controller_dag.py for tasks to queue
[2024-05-16T12:29:29.605+0000] {logging_mixin.py:188} INFO - [2024-05-16T12:29:29.604+0000] {dagbag.py:545} INFO - Filling up the DagBag from /usr/local/python/3.10.13/lib/python3.10/site-packages/airflow/example_dags/example_trigger_controller_dag.py
[2024-05-16T12:29:29.608+0000] {processor.py:840} INFO - DAG(s) 'example_trigger_controller_dag' retrieved from /usr/local/python/3.10.13/lib/python3.10/site-packages/airflow/example_dags/example_trigger_controller_dag.py
[2024-05-16T12:29:29.619+0000] {logging_mixin.py:188} INFO - [2024-05-16T12:29:29.618+0000] {dag.py:3096} INFO - Sync 1 DAGs
[2024-05-16T12:29:29.635+0000] {logging_mixin.py:188} INFO - [2024-05-16T12:29:29.635+0000] {dag.py:3954} INFO - Setting next_dagrun for example_trigger_controller_dag to 2021-01-01 00:00:00+00:00, run_after=2021-01-01 00:00:00+00:00
[2024-05-16T12:29:29.682+0000] {processor.py:183} INFO - Processing /usr/local/python/3.10.13/lib/python3.10/site-packages/airflow/example_dags/example_trigger_controller_dag.py took 0.085 seconds
[2024-05-16T12:30:12.659+0000] {processor.py:161} INFO - Started process (PID=17653) to work on /usr/local/python/3.10.13/lib/python3.10/site-packages/airflow/example_dags/example_trigger_controller_dag.py
[2024-05-16T12:30:12.659+0000] {processor.py:830} INFO - Processing file /usr/local/python/3.10.13/lib/python3.10/site-packages/airflow/example_dags/example_trigger_controller_dag.py for tasks to queue
[2024-05-16T12:30:12.661+0000] {logging_mixin.py:188} INFO - [2024-05-16T12:30:12.660+0000] {dagbag.py:545} INFO - Filling up the DagBag from /usr/local/python/3.10.13/lib/python3.10/site-packages/airflow/example_dags/example_trigger_controller_dag.py
[2024-05-16T12:30:12.664+0000] {processor.py:840} INFO - DAG(s) 'example_trigger_controller_dag' retrieved from /usr/local/python/3.10.13/lib/python3.10/site-packages/airflow/example_dags/example_trigger_controller_dag.py
[2024-05-16T12:30:12.675+0000] {logging_mixin.py:188} INFO - [2024-05-16T12:30:12.674+0000] {dag.py:3096} INFO - Sync 1 DAGs
[2024-05-16T12:30:12.689+0000] {logging_mixin.py:188} INFO - [2024-05-16T12:30:12.689+0000] {dag.py:3954} INFO - Setting next_dagrun for example_trigger_controller_dag to 2021-01-01 00:00:00+00:00, run_after=2021-01-01 00:00:00+00:00
[2024-05-16T12:30:12.734+0000] {processor.py:183} INFO - Processing /usr/local/python/3.10.13/lib/python3.10/site-packages/airflow/example_dags/example_trigger_controller_dag.py took 0.080 seconds
[2024-05-16T12:30:56.213+0000] {processor.py:161} INFO - Started process (PID=17953) to work on /usr/local/python/3.10.13/lib/python3.10/site-packages/airflow/example_dags/example_trigger_controller_dag.py
[2024-05-16T12:30:56.214+0000] {processor.py:830} INFO - Processing file /usr/local/python/3.10.13/lib/python3.10/site-packages/airflow/example_dags/example_trigger_controller_dag.py for tasks to queue
[2024-05-16T12:30:56.216+0000] {logging_mixin.py:188} INFO - [2024-05-16T12:30:56.216+0000] {dagbag.py:545} INFO - Filling up the DagBag from /usr/local/python/3.10.13/lib/python3.10/site-packages/airflow/example_dags/example_trigger_controller_dag.py
[2024-05-16T12:30:56.228+0000] {processor.py:840} INFO - DAG(s) 'example_trigger_controller_dag' retrieved from /usr/local/python/3.10.13/lib/python3.10/site-packages/airflow/example_dags/example_trigger_controller_dag.py
[2024-05-16T12:30:56.262+0000] {logging_mixin.py:188} INFO - [2024-05-16T12:30:56.261+0000] {dag.py:3096} INFO - Sync 1 DAGs
[2024-05-16T12:30:56.300+0000] {logging_mixin.py:188} INFO - [2024-05-16T12:30:56.300+0000] {dag.py:3954} INFO - Setting next_dagrun for example_trigger_controller_dag to 2021-01-01 00:00:00+00:00, run_after=2021-01-01 00:00:00+00:00
[2024-05-16T12:30:56.361+0000] {processor.py:183} INFO - Processing /usr/local/python/3.10.13/lib/python3.10/site-packages/airflow/example_dags/example_trigger_controller_dag.py took 0.159 seconds
[2024-05-16T12:31:40.710+0000] {processor.py:161} INFO - Started process (PID=18286) to work on /usr/local/python/3.10.13/lib/python3.10/site-packages/airflow/example_dags/example_trigger_controller_dag.py
[2024-05-16T12:31:40.711+0000] {processor.py:830} INFO - Processing file /usr/local/python/3.10.13/lib/python3.10/site-packages/airflow/example_dags/example_trigger_controller_dag.py for tasks to queue
[2024-05-16T12:31:40.712+0000] {logging_mixin.py:188} INFO - [2024-05-16T12:31:40.712+0000] {dagbag.py:545} INFO - Filling up the DagBag from /usr/local/python/3.10.13/lib/python3.10/site-packages/airflow/example_dags/example_trigger_controller_dag.py
[2024-05-16T12:31:40.716+0000] {processor.py:840} INFO - DAG(s) 'example_trigger_controller_dag' retrieved from /usr/local/python/3.10.13/lib/python3.10/site-packages/airflow/example_dags/example_trigger_controller_dag.py
[2024-05-16T12:31:40.732+0000] {logging_mixin.py:188} INFO - [2024-05-16T12:31:40.732+0000] {dag.py:3096} INFO - Sync 1 DAGs
[2024-05-16T12:31:40.757+0000] {logging_mixin.py:188} INFO - [2024-05-16T12:31:40.756+0000] {dag.py:3954} INFO - Setting next_dagrun for example_trigger_controller_dag to 2021-01-01 00:00:00+00:00, run_after=2021-01-01 00:00:00+00:00
[2024-05-16T12:31:40.808+0000] {processor.py:183} INFO - Processing /usr/local/python/3.10.13/lib/python3.10/site-packages/airflow/example_dags/example_trigger_controller_dag.py took 0.103 seconds
[2024-05-16T12:32:22.186+0000] {processor.py:161} INFO - Started process (PID=18584) to work on /usr/local/python/3.10.13/lib/python3.10/site-packages/airflow/example_dags/example_trigger_controller_dag.py
[2024-05-16T12:32:22.187+0000] {processor.py:830} INFO - Processing file /usr/local/python/3.10.13/lib/python3.10/site-packages/airflow/example_dags/example_trigger_controller_dag.py for tasks to queue
[2024-05-16T12:32:22.188+0000] {logging_mixin.py:188} INFO - [2024-05-16T12:32:22.188+0000] {dagbag.py:545} INFO - Filling up the DagBag from /usr/local/python/3.10.13/lib/python3.10/site-packages/airflow/example_dags/example_trigger_controller_dag.py
[2024-05-16T12:32:22.192+0000] {processor.py:840} INFO - DAG(s) 'example_trigger_controller_dag' retrieved from /usr/local/python/3.10.13/lib/python3.10/site-packages/airflow/example_dags/example_trigger_controller_dag.py
[2024-05-16T12:32:22.203+0000] {logging_mixin.py:188} INFO - [2024-05-16T12:32:22.202+0000] {dag.py:3096} INFO - Sync 1 DAGs
[2024-05-16T12:32:22.217+0000] {logging_mixin.py:188} INFO - [2024-05-16T12:32:22.217+0000] {dag.py:3954} INFO - Setting next_dagrun for example_trigger_controller_dag to 2021-01-01 00:00:00+00:00, run_after=2021-01-01 00:00:00+00:00
[2024-05-16T12:32:22.268+0000] {processor.py:183} INFO - Processing /usr/local/python/3.10.13/lib/python3.10/site-packages/airflow/example_dags/example_trigger_controller_dag.py took 0.087 seconds
[2024-05-16T12:33:02.624+0000] {processor.py:161} INFO - Started process (PID=18883) to work on /usr/local/python/3.10.13/lib/python3.10/site-packages/airflow/example_dags/example_trigger_controller_dag.py
[2024-05-16T12:33:02.625+0000] {processor.py:830} INFO - Processing file /usr/local/python/3.10.13/lib/python3.10/site-packages/airflow/example_dags/example_trigger_controller_dag.py for tasks to queue
[2024-05-16T12:33:02.626+0000] {logging_mixin.py:188} INFO - [2024-05-16T12:33:02.626+0000] {dagbag.py:545} INFO - Filling up the DagBag from /usr/local/python/3.10.13/lib/python3.10/site-packages/airflow/example_dags/example_trigger_controller_dag.py
[2024-05-16T12:33:02.630+0000] {processor.py:840} INFO - DAG(s) 'example_trigger_controller_dag' retrieved from /usr/local/python/3.10.13/lib/python3.10/site-packages/airflow/example_dags/example_trigger_controller_dag.py
[2024-05-16T12:33:02.642+0000] {logging_mixin.py:188} INFO - [2024-05-16T12:33:02.642+0000] {dag.py:3096} INFO - Sync 1 DAGs
[2024-05-16T12:33:02.657+0000] {logging_mixin.py:188} INFO - [2024-05-16T12:33:02.656+0000] {dag.py:3954} INFO - Setting next_dagrun for example_trigger_controller_dag to 2021-01-01 00:00:00+00:00, run_after=2021-01-01 00:00:00+00:00
[2024-05-16T12:33:02.700+0000] {processor.py:183} INFO - Processing /usr/local/python/3.10.13/lib/python3.10/site-packages/airflow/example_dags/example_trigger_controller_dag.py took 0.081 seconds
[2024-05-16T12:33:43.931+0000] {processor.py:161} INFO - Started process (PID=19186) to work on /usr/local/python/3.10.13/lib/python3.10/site-packages/airflow/example_dags/example_trigger_controller_dag.py
[2024-05-16T12:33:43.931+0000] {processor.py:830} INFO - Processing file /usr/local/python/3.10.13/lib/python3.10/site-packages/airflow/example_dags/example_trigger_controller_dag.py for tasks to queue
[2024-05-16T12:33:43.933+0000] {logging_mixin.py:188} INFO - [2024-05-16T12:33:43.933+0000] {dagbag.py:545} INFO - Filling up the DagBag from /usr/local/python/3.10.13/lib/python3.10/site-packages/airflow/example_dags/example_trigger_controller_dag.py
[2024-05-16T12:33:43.937+0000] {processor.py:840} INFO - DAG(s) 'example_trigger_controller_dag' retrieved from /usr/local/python/3.10.13/lib/python3.10/site-packages/airflow/example_dags/example_trigger_controller_dag.py
[2024-05-16T12:33:43.947+0000] {logging_mixin.py:188} INFO - [2024-05-16T12:33:43.947+0000] {dag.py:3096} INFO - Sync 1 DAGs
[2024-05-16T12:33:43.962+0000] {logging_mixin.py:188} INFO - [2024-05-16T12:33:43.962+0000] {dag.py:3954} INFO - Setting next_dagrun for example_trigger_controller_dag to 2021-01-01 00:00:00+00:00, run_after=2021-01-01 00:00:00+00:00
[2024-05-16T12:33:44.010+0000] {processor.py:183} INFO - Processing /usr/local/python/3.10.13/lib/python3.10/site-packages/airflow/example_dags/example_trigger_controller_dag.py took 0.084 seconds
[2024-05-16T12:34:27.551+0000] {processor.py:161} INFO - Started process (PID=19500) to work on /usr/local/python/3.10.13/lib/python3.10/site-packages/airflow/example_dags/example_trigger_controller_dag.py
[2024-05-16T12:34:27.552+0000] {processor.py:830} INFO - Processing file /usr/local/python/3.10.13/lib/python3.10/site-packages/airflow/example_dags/example_trigger_controller_dag.py for tasks to queue
[2024-05-16T12:34:27.554+0000] {logging_mixin.py:188} INFO - [2024-05-16T12:34:27.553+0000] {dagbag.py:545} INFO - Filling up the DagBag from /usr/local/python/3.10.13/lib/python3.10/site-packages/airflow/example_dags/example_trigger_controller_dag.py
[2024-05-16T12:34:27.559+0000] {processor.py:840} INFO - DAG(s) 'example_trigger_controller_dag' retrieved from /usr/local/python/3.10.13/lib/python3.10/site-packages/airflow/example_dags/example_trigger_controller_dag.py
[2024-05-16T12:34:27.571+0000] {logging_mixin.py:188} INFO - [2024-05-16T12:34:27.570+0000] {dag.py:3096} INFO - Sync 1 DAGs
[2024-05-16T12:34:27.585+0000] {logging_mixin.py:188} INFO - [2024-05-16T12:34:27.584+0000] {dag.py:3954} INFO - Setting next_dagrun for example_trigger_controller_dag to 2021-01-01 00:00:00+00:00, run_after=2021-01-01 00:00:00+00:00
[2024-05-16T12:34:27.649+0000] {processor.py:183} INFO - Processing /usr/local/python/3.10.13/lib/python3.10/site-packages/airflow/example_dags/example_trigger_controller_dag.py took 0.105 seconds
[2024-05-16T12:35:10.671+0000] {processor.py:161} INFO - Started process (PID=19813) to work on /usr/local/python/3.10.13/lib/python3.10/site-packages/airflow/example_dags/example_trigger_controller_dag.py
[2024-05-16T12:35:10.672+0000] {processor.py:830} INFO - Processing file /usr/local/python/3.10.13/lib/python3.10/site-packages/airflow/example_dags/example_trigger_controller_dag.py for tasks to queue
[2024-05-16T12:35:10.673+0000] {logging_mixin.py:188} INFO - [2024-05-16T12:35:10.673+0000] {dagbag.py:545} INFO - Filling up the DagBag from /usr/local/python/3.10.13/lib/python3.10/site-packages/airflow/example_dags/example_trigger_controller_dag.py
[2024-05-16T12:35:10.677+0000] {processor.py:840} INFO - DAG(s) 'example_trigger_controller_dag' retrieved from /usr/local/python/3.10.13/lib/python3.10/site-packages/airflow/example_dags/example_trigger_controller_dag.py
[2024-05-16T12:35:10.687+0000] {logging_mixin.py:188} INFO - [2024-05-16T12:35:10.687+0000] {dag.py:3096} INFO - Sync 1 DAGs
[2024-05-16T12:35:10.700+0000] {logging_mixin.py:188} INFO - [2024-05-16T12:35:10.700+0000] {dag.py:3954} INFO - Setting next_dagrun for example_trigger_controller_dag to 2021-01-01 00:00:00+00:00, run_after=2021-01-01 00:00:00+00:00
[2024-05-16T12:35:10.745+0000] {processor.py:183} INFO - Processing /usr/local/python/3.10.13/lib/python3.10/site-packages/airflow/example_dags/example_trigger_controller_dag.py took 0.079 seconds
[2024-05-16T12:35:53.167+0000] {processor.py:161} INFO - Started process (PID=20142) to work on /usr/local/python/3.10.13/lib/python3.10/site-packages/airflow/example_dags/example_trigger_controller_dag.py
[2024-05-16T12:35:53.168+0000] {processor.py:830} INFO - Processing file /usr/local/python/3.10.13/lib/python3.10/site-packages/airflow/example_dags/example_trigger_controller_dag.py for tasks to queue
[2024-05-16T12:35:53.169+0000] {logging_mixin.py:188} INFO - [2024-05-16T12:35:53.169+0000] {dagbag.py:545} INFO - Filling up the DagBag from /usr/local/python/3.10.13/lib/python3.10/site-packages/airflow/example_dags/example_trigger_controller_dag.py
[2024-05-16T12:35:53.173+0000] {processor.py:840} INFO - DAG(s) 'example_trigger_controller_dag' retrieved from /usr/local/python/3.10.13/lib/python3.10/site-packages/airflow/example_dags/example_trigger_controller_dag.py
[2024-05-16T12:35:53.185+0000] {logging_mixin.py:188} INFO - [2024-05-16T12:35:53.184+0000] {dag.py:3096} INFO - Sync 1 DAGs
[2024-05-16T12:35:53.211+0000] {logging_mixin.py:188} INFO - [2024-05-16T12:35:53.211+0000] {dag.py:3954} INFO - Setting next_dagrun for example_trigger_controller_dag to 2021-01-01 00:00:00+00:00, run_after=2021-01-01 00:00:00+00:00
[2024-05-16T12:35:53.264+0000] {processor.py:183} INFO - Processing /usr/local/python/3.10.13/lib/python3.10/site-packages/airflow/example_dags/example_trigger_controller_dag.py took 0.102 seconds
[2024-05-16T12:36:32.852+0000] {processor.py:161} INFO - Started process (PID=20432) to work on /usr/local/python/3.10.13/lib/python3.10/site-packages/airflow/example_dags/example_trigger_controller_dag.py
[2024-05-16T12:36:32.853+0000] {processor.py:830} INFO - Processing file /usr/local/python/3.10.13/lib/python3.10/site-packages/airflow/example_dags/example_trigger_controller_dag.py for tasks to queue
[2024-05-16T12:36:32.854+0000] {logging_mixin.py:188} INFO - [2024-05-16T12:36:32.854+0000] {dagbag.py:545} INFO - Filling up the DagBag from /usr/local/python/3.10.13/lib/python3.10/site-packages/airflow/example_dags/example_trigger_controller_dag.py
[2024-05-16T12:36:32.859+0000] {processor.py:840} INFO - DAG(s) 'example_trigger_controller_dag' retrieved from /usr/local/python/3.10.13/lib/python3.10/site-packages/airflow/example_dags/example_trigger_controller_dag.py
[2024-05-16T12:36:32.873+0000] {logging_mixin.py:188} INFO - [2024-05-16T12:36:32.873+0000] {dag.py:3096} INFO - Sync 1 DAGs
[2024-05-16T12:36:32.893+0000] {logging_mixin.py:188} INFO - [2024-05-16T12:36:32.893+0000] {dag.py:3954} INFO - Setting next_dagrun for example_trigger_controller_dag to 2021-01-01 00:00:00+00:00, run_after=2021-01-01 00:00:00+00:00
[2024-05-16T12:36:32.938+0000] {processor.py:183} INFO - Processing /usr/local/python/3.10.13/lib/python3.10/site-packages/airflow/example_dags/example_trigger_controller_dag.py took 0.091 seconds
[2024-05-16T12:37:14.761+0000] {processor.py:161} INFO - Started process (PID=20726) to work on /usr/local/python/3.10.13/lib/python3.10/site-packages/airflow/example_dags/example_trigger_controller_dag.py
[2024-05-16T12:37:14.761+0000] {processor.py:830} INFO - Processing file /usr/local/python/3.10.13/lib/python3.10/site-packages/airflow/example_dags/example_trigger_controller_dag.py for tasks to queue
[2024-05-16T12:37:14.763+0000] {logging_mixin.py:188} INFO - [2024-05-16T12:37:14.762+0000] {dagbag.py:545} INFO - Filling up the DagBag from /usr/local/python/3.10.13/lib/python3.10/site-packages/airflow/example_dags/example_trigger_controller_dag.py
[2024-05-16T12:37:14.767+0000] {processor.py:840} INFO - DAG(s) 'example_trigger_controller_dag' retrieved from /usr/local/python/3.10.13/lib/python3.10/site-packages/airflow/example_dags/example_trigger_controller_dag.py
[2024-05-16T12:37:14.777+0000] {logging_mixin.py:188} INFO - [2024-05-16T12:37:14.777+0000] {dag.py:3096} INFO - Sync 1 DAGs
[2024-05-16T12:37:14.791+0000] {logging_mixin.py:188} INFO - [2024-05-16T12:37:14.791+0000] {dag.py:3954} INFO - Setting next_dagrun for example_trigger_controller_dag to 2021-01-01 00:00:00+00:00, run_after=2021-01-01 00:00:00+00:00
[2024-05-16T12:37:14.836+0000] {processor.py:183} INFO - Processing /usr/local/python/3.10.13/lib/python3.10/site-packages/airflow/example_dags/example_trigger_controller_dag.py took 0.081 seconds
[2024-05-16T12:37:55.862+0000] {processor.py:161} INFO - Started process (PID=21021) to work on /usr/local/python/3.10.13/lib/python3.10/site-packages/airflow/example_dags/example_trigger_controller_dag.py
[2024-05-16T12:37:55.863+0000] {processor.py:830} INFO - Processing file /usr/local/python/3.10.13/lib/python3.10/site-packages/airflow/example_dags/example_trigger_controller_dag.py for tasks to queue
[2024-05-16T12:37:55.864+0000] {logging_mixin.py:188} INFO - [2024-05-16T12:37:55.864+0000] {dagbag.py:545} INFO - Filling up the DagBag from /usr/local/python/3.10.13/lib/python3.10/site-packages/airflow/example_dags/example_trigger_controller_dag.py
[2024-05-16T12:37:55.868+0000] {processor.py:840} INFO - DAG(s) 'example_trigger_controller_dag' retrieved from /usr/local/python/3.10.13/lib/python3.10/site-packages/airflow/example_dags/example_trigger_controller_dag.py
[2024-05-16T12:37:55.879+0000] {logging_mixin.py:188} INFO - [2024-05-16T12:37:55.878+0000] {dag.py:3096} INFO - Sync 1 DAGs
[2024-05-16T12:37:55.895+0000] {logging_mixin.py:188} INFO - [2024-05-16T12:37:55.895+0000] {dag.py:3954} INFO - Setting next_dagrun for example_trigger_controller_dag to 2021-01-01 00:00:00+00:00, run_after=2021-01-01 00:00:00+00:00
[2024-05-16T12:37:55.963+0000] {processor.py:183} INFO - Processing /usr/local/python/3.10.13/lib/python3.10/site-packages/airflow/example_dags/example_trigger_controller_dag.py took 0.106 seconds
[2024-05-16T12:38:34.874+0000] {processor.py:161} INFO - Started process (PID=21279) to work on /usr/local/python/3.10.13/lib/python3.10/site-packages/airflow/example_dags/example_trigger_controller_dag.py
[2024-05-16T12:38:34.874+0000] {processor.py:830} INFO - Processing file /usr/local/python/3.10.13/lib/python3.10/site-packages/airflow/example_dags/example_trigger_controller_dag.py for tasks to queue
[2024-05-16T12:38:34.876+0000] {logging_mixin.py:188} INFO - [2024-05-16T12:38:34.875+0000] {dagbag.py:545} INFO - Filling up the DagBag from /usr/local/python/3.10.13/lib/python3.10/site-packages/airflow/example_dags/example_trigger_controller_dag.py
[2024-05-16T12:38:34.879+0000] {processor.py:840} INFO - DAG(s) 'example_trigger_controller_dag' retrieved from /usr/local/python/3.10.13/lib/python3.10/site-packages/airflow/example_dags/example_trigger_controller_dag.py
[2024-05-16T12:38:34.890+0000] {logging_mixin.py:188} INFO - [2024-05-16T12:38:34.890+0000] {dag.py:3096} INFO - Sync 1 DAGs
[2024-05-16T12:38:34.904+0000] {logging_mixin.py:188} INFO - [2024-05-16T12:38:34.904+0000] {dag.py:3954} INFO - Setting next_dagrun for example_trigger_controller_dag to 2021-01-01 00:00:00+00:00, run_after=2021-01-01 00:00:00+00:00
[2024-05-16T12:38:34.948+0000] {processor.py:183} INFO - Processing /usr/local/python/3.10.13/lib/python3.10/site-packages/airflow/example_dags/example_trigger_controller_dag.py took 0.079 seconds
[2024-05-16T12:39:16.137+0000] {processor.py:161} INFO - Started process (PID=21587) to work on /usr/local/python/3.10.13/lib/python3.10/site-packages/airflow/example_dags/example_trigger_controller_dag.py
[2024-05-16T12:39:16.138+0000] {processor.py:830} INFO - Processing file /usr/local/python/3.10.13/lib/python3.10/site-packages/airflow/example_dags/example_trigger_controller_dag.py for tasks to queue
[2024-05-16T12:39:16.139+0000] {logging_mixin.py:188} INFO - [2024-05-16T12:39:16.139+0000] {dagbag.py:545} INFO - Filling up the DagBag from /usr/local/python/3.10.13/lib/python3.10/site-packages/airflow/example_dags/example_trigger_controller_dag.py
[2024-05-16T12:39:16.143+0000] {processor.py:840} INFO - DAG(s) 'example_trigger_controller_dag' retrieved from /usr/local/python/3.10.13/lib/python3.10/site-packages/airflow/example_dags/example_trigger_controller_dag.py
[2024-05-16T12:39:16.154+0000] {logging_mixin.py:188} INFO - [2024-05-16T12:39:16.154+0000] {dag.py:3096} INFO - Sync 1 DAGs
[2024-05-16T12:39:16.169+0000] {logging_mixin.py:188} INFO - [2024-05-16T12:39:16.168+0000] {dag.py:3954} INFO - Setting next_dagrun for example_trigger_controller_dag to 2021-01-01 00:00:00+00:00, run_after=2021-01-01 00:00:00+00:00
[2024-05-16T12:39:16.216+0000] {processor.py:183} INFO - Processing /usr/local/python/3.10.13/lib/python3.10/site-packages/airflow/example_dags/example_trigger_controller_dag.py took 0.084 seconds
[2024-05-16T12:40:00.463+0000] {processor.py:161} INFO - Started process (PID=21906) to work on /usr/local/python/3.10.13/lib/python3.10/site-packages/airflow/example_dags/example_trigger_controller_dag.py
[2024-05-16T12:40:00.464+0000] {processor.py:830} INFO - Processing file /usr/local/python/3.10.13/lib/python3.10/site-packages/airflow/example_dags/example_trigger_controller_dag.py for tasks to queue
[2024-05-16T12:40:00.466+0000] {logging_mixin.py:188} INFO - [2024-05-16T12:40:00.466+0000] {dagbag.py:545} INFO - Filling up the DagBag from /usr/local/python/3.10.13/lib/python3.10/site-packages/airflow/example_dags/example_trigger_controller_dag.py
[2024-05-16T12:40:00.471+0000] {processor.py:840} INFO - DAG(s) 'example_trigger_controller_dag' retrieved from /usr/local/python/3.10.13/lib/python3.10/site-packages/airflow/example_dags/example_trigger_controller_dag.py
[2024-05-16T12:40:00.484+0000] {logging_mixin.py:188} INFO - [2024-05-16T12:40:00.484+0000] {dag.py:3096} INFO - Sync 1 DAGs
[2024-05-16T12:40:00.499+0000] {logging_mixin.py:188} INFO - [2024-05-16T12:40:00.499+0000] {dag.py:3954} INFO - Setting next_dagrun for example_trigger_controller_dag to 2021-01-01 00:00:00+00:00, run_after=2021-01-01 00:00:00+00:00
[2024-05-16T12:40:00.546+0000] {processor.py:183} INFO - Processing /usr/local/python/3.10.13/lib/python3.10/site-packages/airflow/example_dags/example_trigger_controller_dag.py took 0.089 seconds
[2024-05-16T12:40:42.912+0000] {processor.py:161} INFO - Started process (PID=22210) to work on /usr/local/python/3.10.13/lib/python3.10/site-packages/airflow/example_dags/example_trigger_controller_dag.py
[2024-05-16T12:40:42.912+0000] {processor.py:830} INFO - Processing file /usr/local/python/3.10.13/lib/python3.10/site-packages/airflow/example_dags/example_trigger_controller_dag.py for tasks to queue
[2024-05-16T12:40:42.914+0000] {logging_mixin.py:188} INFO - [2024-05-16T12:40:42.913+0000] {dagbag.py:545} INFO - Filling up the DagBag from /usr/local/python/3.10.13/lib/python3.10/site-packages/airflow/example_dags/example_trigger_controller_dag.py
[2024-05-16T12:40:42.918+0000] {processor.py:840} INFO - DAG(s) 'example_trigger_controller_dag' retrieved from /usr/local/python/3.10.13/lib/python3.10/site-packages/airflow/example_dags/example_trigger_controller_dag.py
[2024-05-16T12:40:42.929+0000] {logging_mixin.py:188} INFO - [2024-05-16T12:40:42.928+0000] {dag.py:3096} INFO - Sync 1 DAGs
[2024-05-16T12:40:42.943+0000] {logging_mixin.py:188} INFO - [2024-05-16T12:40:42.943+0000] {dag.py:3954} INFO - Setting next_dagrun for example_trigger_controller_dag to 2021-01-01 00:00:00+00:00, run_after=2021-01-01 00:00:00+00:00
[2024-05-16T12:40:42.989+0000] {processor.py:183} INFO - Processing /usr/local/python/3.10.13/lib/python3.10/site-packages/airflow/example_dags/example_trigger_controller_dag.py took 0.081 seconds
[2024-05-16T12:41:24.039+0000] {processor.py:161} INFO - Started process (PID=22499) to work on /usr/local/python/3.10.13/lib/python3.10/site-packages/airflow/example_dags/example_trigger_controller_dag.py
[2024-05-16T12:41:24.040+0000] {processor.py:830} INFO - Processing file /usr/local/python/3.10.13/lib/python3.10/site-packages/airflow/example_dags/example_trigger_controller_dag.py for tasks to queue
[2024-05-16T12:41:24.041+0000] {logging_mixin.py:188} INFO - [2024-05-16T12:41:24.041+0000] {dagbag.py:545} INFO - Filling up the DagBag from /usr/local/python/3.10.13/lib/python3.10/site-packages/airflow/example_dags/example_trigger_controller_dag.py
[2024-05-16T12:41:24.045+0000] {processor.py:840} INFO - DAG(s) 'example_trigger_controller_dag' retrieved from /usr/local/python/3.10.13/lib/python3.10/site-packages/airflow/example_dags/example_trigger_controller_dag.py
[2024-05-16T12:41:24.055+0000] {logging_mixin.py:188} INFO - [2024-05-16T12:41:24.055+0000] {dag.py:3096} INFO - Sync 1 DAGs
[2024-05-16T12:41:24.069+0000] {logging_mixin.py:188} INFO - [2024-05-16T12:41:24.069+0000] {dag.py:3954} INFO - Setting next_dagrun for example_trigger_controller_dag to 2021-01-01 00:00:00+00:00, run_after=2021-01-01 00:00:00+00:00
[2024-05-16T12:41:24.115+0000] {processor.py:183} INFO - Processing /usr/local/python/3.10.13/lib/python3.10/site-packages/airflow/example_dags/example_trigger_controller_dag.py took 0.080 seconds
[2024-05-16T12:42:06.953+0000] {processor.py:161} INFO - Started process (PID=22807) to work on /usr/local/python/3.10.13/lib/python3.10/site-packages/airflow/example_dags/example_trigger_controller_dag.py
[2024-05-16T12:42:06.953+0000] {processor.py:830} INFO - Processing file /usr/local/python/3.10.13/lib/python3.10/site-packages/airflow/example_dags/example_trigger_controller_dag.py for tasks to queue
[2024-05-16T12:42:06.955+0000] {logging_mixin.py:188} INFO - [2024-05-16T12:42:06.955+0000] {dagbag.py:545} INFO - Filling up the DagBag from /usr/local/python/3.10.13/lib/python3.10/site-packages/airflow/example_dags/example_trigger_controller_dag.py
[2024-05-16T12:42:06.958+0000] {processor.py:840} INFO - DAG(s) 'example_trigger_controller_dag' retrieved from /usr/local/python/3.10.13/lib/python3.10/site-packages/airflow/example_dags/example_trigger_controller_dag.py
[2024-05-16T12:42:06.969+0000] {logging_mixin.py:188} INFO - [2024-05-16T12:42:06.969+0000] {dag.py:3096} INFO - Sync 1 DAGs
[2024-05-16T12:42:06.983+0000] {logging_mixin.py:188} INFO - [2024-05-16T12:42:06.983+0000] {dag.py:3954} INFO - Setting next_dagrun for example_trigger_controller_dag to 2021-01-01 00:00:00+00:00, run_after=2021-01-01 00:00:00+00:00
[2024-05-16T12:42:07.036+0000] {processor.py:183} INFO - Processing /usr/local/python/3.10.13/lib/python3.10/site-packages/airflow/example_dags/example_trigger_controller_dag.py took 0.088 seconds
[2024-05-16T12:42:49.666+0000] {processor.py:161} INFO - Started process (PID=23120) to work on /usr/local/python/3.10.13/lib/python3.10/site-packages/airflow/example_dags/example_trigger_controller_dag.py
[2024-05-16T12:42:49.667+0000] {processor.py:830} INFO - Processing file /usr/local/python/3.10.13/lib/python3.10/site-packages/airflow/example_dags/example_trigger_controller_dag.py for tasks to queue
[2024-05-16T12:42:49.668+0000] {logging_mixin.py:188} INFO - [2024-05-16T12:42:49.668+0000] {dagbag.py:545} INFO - Filling up the DagBag from /usr/local/python/3.10.13/lib/python3.10/site-packages/airflow/example_dags/example_trigger_controller_dag.py
[2024-05-16T12:42:49.672+0000] {processor.py:840} INFO - DAG(s) 'example_trigger_controller_dag' retrieved from /usr/local/python/3.10.13/lib/python3.10/site-packages/airflow/example_dags/example_trigger_controller_dag.py
[2024-05-16T12:42:49.682+0000] {logging_mixin.py:188} INFO - [2024-05-16T12:42:49.682+0000] {dag.py:3096} INFO - Sync 1 DAGs
[2024-05-16T12:42:49.695+0000] {logging_mixin.py:188} INFO - [2024-05-16T12:42:49.695+0000] {dag.py:3954} INFO - Setting next_dagrun for example_trigger_controller_dag to 2021-01-01 00:00:00+00:00, run_after=2021-01-01 00:00:00+00:00
[2024-05-16T12:42:49.741+0000] {processor.py:183} INFO - Processing /usr/local/python/3.10.13/lib/python3.10/site-packages/airflow/example_dags/example_trigger_controller_dag.py took 0.080 seconds
[2024-05-16T12:43:30.052+0000] {processor.py:161} INFO - Started process (PID=23421) to work on /usr/local/python/3.10.13/lib/python3.10/site-packages/airflow/example_dags/example_trigger_controller_dag.py
[2024-05-16T12:43:30.053+0000] {processor.py:830} INFO - Processing file /usr/local/python/3.10.13/lib/python3.10/site-packages/airflow/example_dags/example_trigger_controller_dag.py for tasks to queue
[2024-05-16T12:43:30.055+0000] {logging_mixin.py:188} INFO - [2024-05-16T12:43:30.054+0000] {dagbag.py:545} INFO - Filling up the DagBag from /usr/local/python/3.10.13/lib/python3.10/site-packages/airflow/example_dags/example_trigger_controller_dag.py
[2024-05-16T12:43:30.061+0000] {processor.py:840} INFO - DAG(s) 'example_trigger_controller_dag' retrieved from /usr/local/python/3.10.13/lib/python3.10/site-packages/airflow/example_dags/example_trigger_controller_dag.py
[2024-05-16T12:43:30.073+0000] {logging_mixin.py:188} INFO - [2024-05-16T12:43:30.072+0000] {dag.py:3096} INFO - Sync 1 DAGs
[2024-05-16T12:43:30.087+0000] {logging_mixin.py:188} INFO - [2024-05-16T12:43:30.086+0000] {dag.py:3954} INFO - Setting next_dagrun for example_trigger_controller_dag to 2021-01-01 00:00:00+00:00, run_after=2021-01-01 00:00:00+00:00
[2024-05-16T12:43:30.130+0000] {processor.py:183} INFO - Processing /usr/local/python/3.10.13/lib/python3.10/site-packages/airflow/example_dags/example_trigger_controller_dag.py took 0.082 seconds
[2024-05-16T12:44:14.237+0000] {processor.py:161} INFO - Started process (PID=23750) to work on /usr/local/python/3.10.13/lib/python3.10/site-packages/airflow/example_dags/example_trigger_controller_dag.py
[2024-05-16T12:44:14.238+0000] {processor.py:830} INFO - Processing file /usr/local/python/3.10.13/lib/python3.10/site-packages/airflow/example_dags/example_trigger_controller_dag.py for tasks to queue
[2024-05-16T12:44:14.239+0000] {logging_mixin.py:188} INFO - [2024-05-16T12:44:14.239+0000] {dagbag.py:545} INFO - Filling up the DagBag from /usr/local/python/3.10.13/lib/python3.10/site-packages/airflow/example_dags/example_trigger_controller_dag.py
[2024-05-16T12:44:14.243+0000] {processor.py:840} INFO - DAG(s) 'example_trigger_controller_dag' retrieved from /usr/local/python/3.10.13/lib/python3.10/site-packages/airflow/example_dags/example_trigger_controller_dag.py
[2024-05-16T12:44:14.256+0000] {logging_mixin.py:188} INFO - [2024-05-16T12:44:14.256+0000] {dag.py:3096} INFO - Sync 1 DAGs
[2024-05-16T12:44:14.276+0000] {logging_mixin.py:188} INFO - [2024-05-16T12:44:14.276+0000] {dag.py:3954} INFO - Setting next_dagrun for example_trigger_controller_dag to 2021-01-01 00:00:00+00:00, run_after=2021-01-01 00:00:00+00:00
[2024-05-16T12:44:14.324+0000] {processor.py:183} INFO - Processing /usr/local/python/3.10.13/lib/python3.10/site-packages/airflow/example_dags/example_trigger_controller_dag.py took 0.092 seconds
[2024-05-16T12:44:56.050+0000] {processor.py:161} INFO - Started process (PID=24050) to work on /usr/local/python/3.10.13/lib/python3.10/site-packages/airflow/example_dags/example_trigger_controller_dag.py
[2024-05-16T12:44:56.051+0000] {processor.py:830} INFO - Processing file /usr/local/python/3.10.13/lib/python3.10/site-packages/airflow/example_dags/example_trigger_controller_dag.py for tasks to queue
[2024-05-16T12:44:56.052+0000] {logging_mixin.py:188} INFO - [2024-05-16T12:44:56.052+0000] {dagbag.py:545} INFO - Filling up the DagBag from /usr/local/python/3.10.13/lib/python3.10/site-packages/airflow/example_dags/example_trigger_controller_dag.py
[2024-05-16T12:44:56.056+0000] {processor.py:840} INFO - DAG(s) 'example_trigger_controller_dag' retrieved from /usr/local/python/3.10.13/lib/python3.10/site-packages/airflow/example_dags/example_trigger_controller_dag.py
[2024-05-16T12:44:56.067+0000] {logging_mixin.py:188} INFO - [2024-05-16T12:44:56.067+0000] {dag.py:3096} INFO - Sync 1 DAGs
[2024-05-16T12:44:56.083+0000] {logging_mixin.py:188} INFO - [2024-05-16T12:44:56.083+0000] {dag.py:3954} INFO - Setting next_dagrun for example_trigger_controller_dag to 2021-01-01 00:00:00+00:00, run_after=2021-01-01 00:00:00+00:00
[2024-05-16T12:44:56.127+0000] {processor.py:183} INFO - Processing /usr/local/python/3.10.13/lib/python3.10/site-packages/airflow/example_dags/example_trigger_controller_dag.py took 0.081 seconds
