[2024-05-16T12:06:52.460+0000] {processor.py:161} INFO - Started process (PID=7588) to work on /usr/local/python/3.10.13/lib/python3.10/site-packages/airflow/example_dags/example_python_operator.py
[2024-05-16T12:06:52.461+0000] {processor.py:830} INFO - Processing file /usr/local/python/3.10.13/lib/python3.10/site-packages/airflow/example_dags/example_python_operator.py for tasks to queue
[2024-05-16T12:06:52.462+0000] {logging_mixin.py:188} INFO - [2024-05-16T12:06:52.462+0000] {dagbag.py:545} INFO - Filling up the DagBag from /usr/local/python/3.10.13/lib/python3.10/site-packages/airflow/example_dags/example_python_operator.py
[2024-05-16T12:06:52.470+0000] {processor.py:840} INFO - DAG(s) 'example_python_operator' retrieved from /usr/local/python/3.10.13/lib/python3.10/site-packages/airflow/example_dags/example_python_operator.py
[2024-05-16T12:06:52.643+0000] {logging_mixin.py:188} INFO - [2024-05-16T12:06:52.642+0000] {dag.py:3096} INFO - Sync 1 DAGs
[2024-05-16T12:06:52.650+0000] {logging_mixin.py:188} INFO - [2024-05-16T12:06:52.649+0000] {dag.py:3954} INFO - Setting next_dagrun for example_python_operator to None, run_after=None
[2024-05-16T12:06:52.695+0000] {processor.py:183} INFO - Processing /usr/local/python/3.10.13/lib/python3.10/site-packages/airflow/example_dags/example_python_operator.py took 0.240 seconds
[2024-05-16T12:07:45.536+0000] {processor.py:161} INFO - Started process (PID=7946) to work on /usr/local/python/3.10.13/lib/python3.10/site-packages/airflow/example_dags/example_python_operator.py
[2024-05-16T12:07:45.537+0000] {processor.py:830} INFO - Processing file /usr/local/python/3.10.13/lib/python3.10/site-packages/airflow/example_dags/example_python_operator.py for tasks to queue
[2024-05-16T12:07:45.538+0000] {logging_mixin.py:188} INFO - [2024-05-16T12:07:45.538+0000] {dagbag.py:545} INFO - Filling up the DagBag from /usr/local/python/3.10.13/lib/python3.10/site-packages/airflow/example_dags/example_python_operator.py
[2024-05-16T12:07:45.547+0000] {processor.py:840} INFO - DAG(s) 'example_python_operator' retrieved from /usr/local/python/3.10.13/lib/python3.10/site-packages/airflow/example_dags/example_python_operator.py
[2024-05-16T12:07:45.560+0000] {logging_mixin.py:188} INFO - [2024-05-16T12:07:45.560+0000] {dag.py:3096} INFO - Sync 1 DAGs
[2024-05-16T12:07:45.569+0000] {logging_mixin.py:188} INFO - [2024-05-16T12:07:45.569+0000] {dag.py:3954} INFO - Setting next_dagrun for example_python_operator to None, run_after=None
[2024-05-16T12:07:45.614+0000] {processor.py:183} INFO - Processing /usr/local/python/3.10.13/lib/python3.10/site-packages/airflow/example_dags/example_python_operator.py took 0.082 seconds
[2024-05-16T12:08:51.295+0000] {processor.py:161} INFO - Started process (PID=8408) to work on /usr/local/python/3.10.13/lib/python3.10/site-packages/airflow/example_dags/example_python_operator.py
[2024-05-16T12:08:51.296+0000] {processor.py:830} INFO - Processing file /usr/local/python/3.10.13/lib/python3.10/site-packages/airflow/example_dags/example_python_operator.py for tasks to queue
[2024-05-16T12:08:51.297+0000] {logging_mixin.py:188} INFO - [2024-05-16T12:08:51.297+0000] {dagbag.py:545} INFO - Filling up the DagBag from /usr/local/python/3.10.13/lib/python3.10/site-packages/airflow/example_dags/example_python_operator.py
[2024-05-16T12:08:51.306+0000] {processor.py:840} INFO - DAG(s) 'example_python_operator' retrieved from /usr/local/python/3.10.13/lib/python3.10/site-packages/airflow/example_dags/example_python_operator.py
[2024-05-16T12:08:51.320+0000] {logging_mixin.py:188} INFO - [2024-05-16T12:08:51.320+0000] {dag.py:3096} INFO - Sync 1 DAGs
[2024-05-16T12:08:51.329+0000] {logging_mixin.py:188} INFO - [2024-05-16T12:08:51.329+0000] {dag.py:3954} INFO - Setting next_dagrun for example_python_operator to None, run_after=None
[2024-05-16T12:08:51.375+0000] {processor.py:183} INFO - Processing /usr/local/python/3.10.13/lib/python3.10/site-packages/airflow/example_dags/example_python_operator.py took 0.084 seconds
[2024-05-16T12:09:58.785+0000] {processor.py:161} INFO - Started process (PID=8904) to work on /usr/local/python/3.10.13/lib/python3.10/site-packages/airflow/example_dags/example_python_operator.py
[2024-05-16T12:09:58.786+0000] {processor.py:830} INFO - Processing file /usr/local/python/3.10.13/lib/python3.10/site-packages/airflow/example_dags/example_python_operator.py for tasks to queue
[2024-05-16T12:09:58.787+0000] {logging_mixin.py:188} INFO - [2024-05-16T12:09:58.787+0000] {dagbag.py:545} INFO - Filling up the DagBag from /usr/local/python/3.10.13/lib/python3.10/site-packages/airflow/example_dags/example_python_operator.py
[2024-05-16T12:09:58.796+0000] {processor.py:840} INFO - DAG(s) 'example_python_operator' retrieved from /usr/local/python/3.10.13/lib/python3.10/site-packages/airflow/example_dags/example_python_operator.py
[2024-05-16T12:09:58.809+0000] {logging_mixin.py:188} INFO - [2024-05-16T12:09:58.809+0000] {dag.py:3096} INFO - Sync 1 DAGs
[2024-05-16T12:09:58.818+0000] {logging_mixin.py:188} INFO - [2024-05-16T12:09:58.817+0000] {dag.py:3954} INFO - Setting next_dagrun for example_python_operator to None, run_after=None
[2024-05-16T12:09:58.864+0000] {processor.py:183} INFO - Processing /usr/local/python/3.10.13/lib/python3.10/site-packages/airflow/example_dags/example_python_operator.py took 0.084 seconds
[2024-05-16T12:11:01.841+0000] {processor.py:161} INFO - Started process (PID=9334) to work on /usr/local/python/3.10.13/lib/python3.10/site-packages/airflow/example_dags/example_python_operator.py
[2024-05-16T12:11:01.842+0000] {processor.py:830} INFO - Processing file /usr/local/python/3.10.13/lib/python3.10/site-packages/airflow/example_dags/example_python_operator.py for tasks to queue
[2024-05-16T12:11:01.843+0000] {logging_mixin.py:188} INFO - [2024-05-16T12:11:01.843+0000] {dagbag.py:545} INFO - Filling up the DagBag from /usr/local/python/3.10.13/lib/python3.10/site-packages/airflow/example_dags/example_python_operator.py
[2024-05-16T12:11:01.852+0000] {processor.py:840} INFO - DAG(s) 'example_python_operator' retrieved from /usr/local/python/3.10.13/lib/python3.10/site-packages/airflow/example_dags/example_python_operator.py
[2024-05-16T12:11:01.865+0000] {logging_mixin.py:188} INFO - [2024-05-16T12:11:01.865+0000] {dag.py:3096} INFO - Sync 1 DAGs
[2024-05-16T12:11:01.874+0000] {logging_mixin.py:188} INFO - [2024-05-16T12:11:01.874+0000] {dag.py:3954} INFO - Setting next_dagrun for example_python_operator to None, run_after=None
[2024-05-16T12:11:01.919+0000] {processor.py:183} INFO - Processing /usr/local/python/3.10.13/lib/python3.10/site-packages/airflow/example_dags/example_python_operator.py took 0.083 seconds
[2024-05-16T12:12:00.391+0000] {processor.py:161} INFO - Started process (PID=9744) to work on /usr/local/python/3.10.13/lib/python3.10/site-packages/airflow/example_dags/example_python_operator.py
[2024-05-16T12:12:00.392+0000] {processor.py:830} INFO - Processing file /usr/local/python/3.10.13/lib/python3.10/site-packages/airflow/example_dags/example_python_operator.py for tasks to queue
[2024-05-16T12:12:00.393+0000] {logging_mixin.py:188} INFO - [2024-05-16T12:12:00.393+0000] {dagbag.py:545} INFO - Filling up the DagBag from /usr/local/python/3.10.13/lib/python3.10/site-packages/airflow/example_dags/example_python_operator.py
[2024-05-16T12:12:00.402+0000] {processor.py:840} INFO - DAG(s) 'example_python_operator' retrieved from /usr/local/python/3.10.13/lib/python3.10/site-packages/airflow/example_dags/example_python_operator.py
[2024-05-16T12:12:00.415+0000] {logging_mixin.py:188} INFO - [2024-05-16T12:12:00.415+0000] {dag.py:3096} INFO - Sync 1 DAGs
[2024-05-16T12:12:00.424+0000] {logging_mixin.py:188} INFO - [2024-05-16T12:12:00.423+0000] {dag.py:3954} INFO - Setting next_dagrun for example_python_operator to None, run_after=None
[2024-05-16T12:12:00.470+0000] {processor.py:183} INFO - Processing /usr/local/python/3.10.13/lib/python3.10/site-packages/airflow/example_dags/example_python_operator.py took 0.084 seconds
[2024-05-16T12:13:04.320+0000] {processor.py:161} INFO - Started process (PID=10184) to work on /usr/local/python/3.10.13/lib/python3.10/site-packages/airflow/example_dags/example_python_operator.py
[2024-05-16T12:13:04.321+0000] {processor.py:830} INFO - Processing file /usr/local/python/3.10.13/lib/python3.10/site-packages/airflow/example_dags/example_python_operator.py for tasks to queue
[2024-05-16T12:13:04.322+0000] {logging_mixin.py:188} INFO - [2024-05-16T12:13:04.322+0000] {dagbag.py:545} INFO - Filling up the DagBag from /usr/local/python/3.10.13/lib/python3.10/site-packages/airflow/example_dags/example_python_operator.py
[2024-05-16T12:13:04.330+0000] {processor.py:840} INFO - DAG(s) 'example_python_operator' retrieved from /usr/local/python/3.10.13/lib/python3.10/site-packages/airflow/example_dags/example_python_operator.py
[2024-05-16T12:13:04.346+0000] {logging_mixin.py:188} INFO - [2024-05-16T12:13:04.345+0000] {dag.py:3096} INFO - Sync 1 DAGs
[2024-05-16T12:13:04.354+0000] {logging_mixin.py:188} INFO - [2024-05-16T12:13:04.354+0000] {dag.py:3954} INFO - Setting next_dagrun for example_python_operator to None, run_after=None
[2024-05-16T12:13:04.401+0000] {processor.py:183} INFO - Processing /usr/local/python/3.10.13/lib/python3.10/site-packages/airflow/example_dags/example_python_operator.py took 0.085 seconds
[2024-05-16T12:14:06.988+0000] {processor.py:161} INFO - Started process (PID=10610) to work on /usr/local/python/3.10.13/lib/python3.10/site-packages/airflow/example_dags/example_python_operator.py
[2024-05-16T12:14:06.989+0000] {processor.py:830} INFO - Processing file /usr/local/python/3.10.13/lib/python3.10/site-packages/airflow/example_dags/example_python_operator.py for tasks to queue
[2024-05-16T12:14:06.990+0000] {logging_mixin.py:188} INFO - [2024-05-16T12:14:06.990+0000] {dagbag.py:545} INFO - Filling up the DagBag from /usr/local/python/3.10.13/lib/python3.10/site-packages/airflow/example_dags/example_python_operator.py
[2024-05-16T12:14:06.998+0000] {processor.py:840} INFO - DAG(s) 'example_python_operator' retrieved from /usr/local/python/3.10.13/lib/python3.10/site-packages/airflow/example_dags/example_python_operator.py
[2024-05-16T12:14:07.012+0000] {logging_mixin.py:188} INFO - [2024-05-16T12:14:07.011+0000] {dag.py:3096} INFO - Sync 1 DAGs
[2024-05-16T12:14:07.020+0000] {logging_mixin.py:188} INFO - [2024-05-16T12:14:07.020+0000] {dag.py:3954} INFO - Setting next_dagrun for example_python_operator to None, run_after=None
[2024-05-16T12:14:07.071+0000] {processor.py:183} INFO - Processing /usr/local/python/3.10.13/lib/python3.10/site-packages/airflow/example_dags/example_python_operator.py took 0.087 seconds
[2024-05-16T12:15:10.900+0000] {processor.py:161} INFO - Started process (PID=11062) to work on /usr/local/python/3.10.13/lib/python3.10/site-packages/airflow/example_dags/example_python_operator.py
[2024-05-16T12:15:10.900+0000] {processor.py:830} INFO - Processing file /usr/local/python/3.10.13/lib/python3.10/site-packages/airflow/example_dags/example_python_operator.py for tasks to queue
[2024-05-16T12:15:10.902+0000] {logging_mixin.py:188} INFO - [2024-05-16T12:15:10.901+0000] {dagbag.py:545} INFO - Filling up the DagBag from /usr/local/python/3.10.13/lib/python3.10/site-packages/airflow/example_dags/example_python_operator.py
[2024-05-16T12:15:10.910+0000] {processor.py:840} INFO - DAG(s) 'example_python_operator' retrieved from /usr/local/python/3.10.13/lib/python3.10/site-packages/airflow/example_dags/example_python_operator.py
[2024-05-16T12:15:10.924+0000] {logging_mixin.py:188} INFO - [2024-05-16T12:15:10.923+0000] {dag.py:3096} INFO - Sync 1 DAGs
[2024-05-16T12:15:10.932+0000] {logging_mixin.py:188} INFO - [2024-05-16T12:15:10.932+0000] {dag.py:3954} INFO - Setting next_dagrun for example_python_operator to None, run_after=None
[2024-05-16T12:15:10.989+0000] {processor.py:183} INFO - Processing /usr/local/python/3.10.13/lib/python3.10/site-packages/airflow/example_dags/example_python_operator.py took 0.094 seconds
[2024-05-16T12:16:14.803+0000] {processor.py:161} INFO - Started process (PID=11536) to work on /usr/local/python/3.10.13/lib/python3.10/site-packages/airflow/example_dags/example_python_operator.py
[2024-05-16T12:16:14.804+0000] {processor.py:830} INFO - Processing file /usr/local/python/3.10.13/lib/python3.10/site-packages/airflow/example_dags/example_python_operator.py for tasks to queue
[2024-05-16T12:16:14.805+0000] {logging_mixin.py:188} INFO - [2024-05-16T12:16:14.805+0000] {dagbag.py:545} INFO - Filling up the DagBag from /usr/local/python/3.10.13/lib/python3.10/site-packages/airflow/example_dags/example_python_operator.py
[2024-05-16T12:16:14.813+0000] {processor.py:840} INFO - DAG(s) 'example_python_operator' retrieved from /usr/local/python/3.10.13/lib/python3.10/site-packages/airflow/example_dags/example_python_operator.py
[2024-05-16T12:16:14.826+0000] {logging_mixin.py:188} INFO - [2024-05-16T12:16:14.826+0000] {dag.py:3096} INFO - Sync 1 DAGs
[2024-05-16T12:16:14.835+0000] {logging_mixin.py:188} INFO - [2024-05-16T12:16:14.835+0000] {dag.py:3954} INFO - Setting next_dagrun for example_python_operator to None, run_after=None
[2024-05-16T12:16:14.879+0000] {processor.py:183} INFO - Processing /usr/local/python/3.10.13/lib/python3.10/site-packages/airflow/example_dags/example_python_operator.py took 0.081 seconds
[2024-05-16T12:17:20.539+0000] {processor.py:161} INFO - Started process (PID=12003) to work on /usr/local/python/3.10.13/lib/python3.10/site-packages/airflow/example_dags/example_python_operator.py
[2024-05-16T12:17:20.540+0000] {processor.py:830} INFO - Processing file /usr/local/python/3.10.13/lib/python3.10/site-packages/airflow/example_dags/example_python_operator.py for tasks to queue
[2024-05-16T12:17:20.541+0000] {logging_mixin.py:188} INFO - [2024-05-16T12:17:20.541+0000] {dagbag.py:545} INFO - Filling up the DagBag from /usr/local/python/3.10.13/lib/python3.10/site-packages/airflow/example_dags/example_python_operator.py
[2024-05-16T12:17:20.549+0000] {processor.py:840} INFO - DAG(s) 'example_python_operator' retrieved from /usr/local/python/3.10.13/lib/python3.10/site-packages/airflow/example_dags/example_python_operator.py
[2024-05-16T12:17:20.563+0000] {logging_mixin.py:188} INFO - [2024-05-16T12:17:20.562+0000] {dag.py:3096} INFO - Sync 1 DAGs
[2024-05-16T12:17:20.571+0000] {logging_mixin.py:188} INFO - [2024-05-16T12:17:20.571+0000] {dag.py:3954} INFO - Setting next_dagrun for example_python_operator to None, run_after=None
[2024-05-16T12:17:20.621+0000] {processor.py:183} INFO - Processing /usr/local/python/3.10.13/lib/python3.10/site-packages/airflow/example_dags/example_python_operator.py took 0.087 seconds
[2024-05-16T12:18:22.406+0000] {processor.py:161} INFO - Started process (PID=12434) to work on /usr/local/python/3.10.13/lib/python3.10/site-packages/airflow/example_dags/example_python_operator.py
[2024-05-16T12:18:22.407+0000] {processor.py:830} INFO - Processing file /usr/local/python/3.10.13/lib/python3.10/site-packages/airflow/example_dags/example_python_operator.py for tasks to queue
[2024-05-16T12:18:22.409+0000] {logging_mixin.py:188} INFO - [2024-05-16T12:18:22.409+0000] {dagbag.py:545} INFO - Filling up the DagBag from /usr/local/python/3.10.13/lib/python3.10/site-packages/airflow/example_dags/example_python_operator.py
[2024-05-16T12:18:22.423+0000] {processor.py:840} INFO - DAG(s) 'example_python_operator' retrieved from /usr/local/python/3.10.13/lib/python3.10/site-packages/airflow/example_dags/example_python_operator.py
[2024-05-16T12:18:22.445+0000] {logging_mixin.py:188} INFO - [2024-05-16T12:18:22.445+0000] {dag.py:3096} INFO - Sync 1 DAGs
[2024-05-16T12:18:22.467+0000] {logging_mixin.py:188} INFO - [2024-05-16T12:18:22.467+0000] {dag.py:3954} INFO - Setting next_dagrun for example_python_operator to None, run_after=None
[2024-05-16T12:18:22.519+0000] {processor.py:183} INFO - Processing /usr/local/python/3.10.13/lib/python3.10/site-packages/airflow/example_dags/example_python_operator.py took 0.119 seconds
[2024-05-16T12:19:25.059+0000] {processor.py:161} INFO - Started process (PID=12904) to work on /usr/local/python/3.10.13/lib/python3.10/site-packages/airflow/example_dags/example_python_operator.py
[2024-05-16T12:19:25.060+0000] {processor.py:830} INFO - Processing file /usr/local/python/3.10.13/lib/python3.10/site-packages/airflow/example_dags/example_python_operator.py for tasks to queue
[2024-05-16T12:19:25.062+0000] {logging_mixin.py:188} INFO - [2024-05-16T12:19:25.062+0000] {dagbag.py:545} INFO - Filling up the DagBag from /usr/local/python/3.10.13/lib/python3.10/site-packages/airflow/example_dags/example_python_operator.py
[2024-05-16T12:19:25.074+0000] {processor.py:840} INFO - DAG(s) 'example_python_operator' retrieved from /usr/local/python/3.10.13/lib/python3.10/site-packages/airflow/example_dags/example_python_operator.py
[2024-05-16T12:19:25.090+0000] {logging_mixin.py:188} INFO - [2024-05-16T12:19:25.090+0000] {dag.py:3096} INFO - Sync 1 DAGs
[2024-05-16T12:19:25.100+0000] {logging_mixin.py:188} INFO - [2024-05-16T12:19:25.100+0000] {dag.py:3954} INFO - Setting next_dagrun for example_python_operator to None, run_after=None
[2024-05-16T12:19:25.146+0000] {processor.py:183} INFO - Processing /usr/local/python/3.10.13/lib/python3.10/site-packages/airflow/example_dags/example_python_operator.py took 0.093 seconds
[2024-05-16T12:20:26.173+0000] {processor.py:161} INFO - Started process (PID=13342) to work on /usr/local/python/3.10.13/lib/python3.10/site-packages/airflow/example_dags/example_python_operator.py
[2024-05-16T12:20:26.174+0000] {processor.py:830} INFO - Processing file /usr/local/python/3.10.13/lib/python3.10/site-packages/airflow/example_dags/example_python_operator.py for tasks to queue
[2024-05-16T12:20:26.175+0000] {logging_mixin.py:188} INFO - [2024-05-16T12:20:26.175+0000] {dagbag.py:545} INFO - Filling up the DagBag from /usr/local/python/3.10.13/lib/python3.10/site-packages/airflow/example_dags/example_python_operator.py
[2024-05-16T12:20:26.184+0000] {processor.py:840} INFO - DAG(s) 'example_python_operator' retrieved from /usr/local/python/3.10.13/lib/python3.10/site-packages/airflow/example_dags/example_python_operator.py
[2024-05-16T12:20:26.197+0000] {logging_mixin.py:188} INFO - [2024-05-16T12:20:26.197+0000] {dag.py:3096} INFO - Sync 1 DAGs
[2024-05-16T12:20:26.206+0000] {logging_mixin.py:188} INFO - [2024-05-16T12:20:26.206+0000] {dag.py:3954} INFO - Setting next_dagrun for example_python_operator to None, run_after=None
[2024-05-16T12:20:26.250+0000] {processor.py:183} INFO - Processing /usr/local/python/3.10.13/lib/python3.10/site-packages/airflow/example_dags/example_python_operator.py took 0.082 seconds
[2024-05-16T12:21:31.316+0000] {processor.py:161} INFO - Started process (PID=13792) to work on /usr/local/python/3.10.13/lib/python3.10/site-packages/airflow/example_dags/example_python_operator.py
[2024-05-16T12:21:31.316+0000] {processor.py:830} INFO - Processing file /usr/local/python/3.10.13/lib/python3.10/site-packages/airflow/example_dags/example_python_operator.py for tasks to queue
[2024-05-16T12:21:31.318+0000] {logging_mixin.py:188} INFO - [2024-05-16T12:21:31.318+0000] {dagbag.py:545} INFO - Filling up the DagBag from /usr/local/python/3.10.13/lib/python3.10/site-packages/airflow/example_dags/example_python_operator.py
[2024-05-16T12:21:31.326+0000] {processor.py:840} INFO - DAG(s) 'example_python_operator' retrieved from /usr/local/python/3.10.13/lib/python3.10/site-packages/airflow/example_dags/example_python_operator.py
[2024-05-16T12:21:31.339+0000] {logging_mixin.py:188} INFO - [2024-05-16T12:21:31.339+0000] {dag.py:3096} INFO - Sync 1 DAGs
[2024-05-16T12:21:31.348+0000] {logging_mixin.py:188} INFO - [2024-05-16T12:21:31.348+0000] {dag.py:3954} INFO - Setting next_dagrun for example_python_operator to None, run_after=None
[2024-05-16T12:21:31.399+0000] {processor.py:183} INFO - Processing /usr/local/python/3.10.13/lib/python3.10/site-packages/airflow/example_dags/example_python_operator.py took 0.088 seconds
[2024-05-16T12:22:36.035+0000] {processor.py:161} INFO - Started process (PID=14265) to work on /usr/local/python/3.10.13/lib/python3.10/site-packages/airflow/example_dags/example_python_operator.py
[2024-05-16T12:22:36.035+0000] {processor.py:830} INFO - Processing file /usr/local/python/3.10.13/lib/python3.10/site-packages/airflow/example_dags/example_python_operator.py for tasks to queue
[2024-05-16T12:22:36.037+0000] {logging_mixin.py:188} INFO - [2024-05-16T12:22:36.036+0000] {dagbag.py:545} INFO - Filling up the DagBag from /usr/local/python/3.10.13/lib/python3.10/site-packages/airflow/example_dags/example_python_operator.py
[2024-05-16T12:22:36.045+0000] {processor.py:840} INFO - DAG(s) 'example_python_operator' retrieved from /usr/local/python/3.10.13/lib/python3.10/site-packages/airflow/example_dags/example_python_operator.py
[2024-05-16T12:22:36.059+0000] {logging_mixin.py:188} INFO - [2024-05-16T12:22:36.059+0000] {dag.py:3096} INFO - Sync 1 DAGs
[2024-05-16T12:22:36.068+0000] {logging_mixin.py:188} INFO - [2024-05-16T12:22:36.068+0000] {dag.py:3954} INFO - Setting next_dagrun for example_python_operator to None, run_after=None
[2024-05-16T12:22:36.112+0000] {processor.py:183} INFO - Processing /usr/local/python/3.10.13/lib/python3.10/site-packages/airflow/example_dags/example_python_operator.py took 0.082 seconds
[2024-05-16T12:23:27.604+0000] {processor.py:161} INFO - Started process (PID=14652) to work on /usr/local/python/3.10.13/lib/python3.10/site-packages/airflow/example_dags/example_python_operator.py
[2024-05-16T12:23:27.604+0000] {processor.py:830} INFO - Processing file /usr/local/python/3.10.13/lib/python3.10/site-packages/airflow/example_dags/example_python_operator.py for tasks to queue
[2024-05-16T12:23:27.606+0000] {logging_mixin.py:188} INFO - [2024-05-16T12:23:27.605+0000] {dagbag.py:545} INFO - Filling up the DagBag from /usr/local/python/3.10.13/lib/python3.10/site-packages/airflow/example_dags/example_python_operator.py
[2024-05-16T12:23:27.614+0000] {processor.py:840} INFO - DAG(s) 'example_python_operator' retrieved from /usr/local/python/3.10.13/lib/python3.10/site-packages/airflow/example_dags/example_python_operator.py
[2024-05-16T12:23:27.628+0000] {logging_mixin.py:188} INFO - [2024-05-16T12:23:27.627+0000] {dag.py:3096} INFO - Sync 1 DAGs
[2024-05-16T12:23:27.637+0000] {logging_mixin.py:188} INFO - [2024-05-16T12:23:27.637+0000] {dag.py:3954} INFO - Setting next_dagrun for example_python_operator to None, run_after=None
[2024-05-16T12:23:27.684+0000] {processor.py:183} INFO - Processing /usr/local/python/3.10.13/lib/python3.10/site-packages/airflow/example_dags/example_python_operator.py took 0.086 seconds
[2024-05-16T12:24:33.275+0000] {processor.py:161} INFO - Started process (PID=15147) to work on /usr/local/python/3.10.13/lib/python3.10/site-packages/airflow/example_dags/example_python_operator.py
[2024-05-16T12:24:33.275+0000] {processor.py:830} INFO - Processing file /usr/local/python/3.10.13/lib/python3.10/site-packages/airflow/example_dags/example_python_operator.py for tasks to queue
[2024-05-16T12:24:33.277+0000] {logging_mixin.py:188} INFO - [2024-05-16T12:24:33.276+0000] {dagbag.py:545} INFO - Filling up the DagBag from /usr/local/python/3.10.13/lib/python3.10/site-packages/airflow/example_dags/example_python_operator.py
[2024-05-16T12:24:33.285+0000] {processor.py:840} INFO - DAG(s) 'example_python_operator' retrieved from /usr/local/python/3.10.13/lib/python3.10/site-packages/airflow/example_dags/example_python_operator.py
[2024-05-16T12:24:33.298+0000] {logging_mixin.py:188} INFO - [2024-05-16T12:24:33.298+0000] {dag.py:3096} INFO - Sync 1 DAGs
[2024-05-16T12:24:33.307+0000] {logging_mixin.py:188} INFO - [2024-05-16T12:24:33.307+0000] {dag.py:3954} INFO - Setting next_dagrun for example_python_operator to None, run_after=None
[2024-05-16T12:24:33.360+0000] {processor.py:183} INFO - Processing /usr/local/python/3.10.13/lib/python3.10/site-packages/airflow/example_dags/example_python_operator.py took 0.090 seconds
[2024-05-16T12:25:32.813+0000] {processor.py:161} INFO - Started process (PID=15609) to work on /usr/local/python/3.10.13/lib/python3.10/site-packages/airflow/example_dags/example_python_operator.py
[2024-05-16T12:25:32.814+0000] {processor.py:830} INFO - Processing file /usr/local/python/3.10.13/lib/python3.10/site-packages/airflow/example_dags/example_python_operator.py for tasks to queue
[2024-05-16T12:25:32.816+0000] {logging_mixin.py:188} INFO - [2024-05-16T12:25:32.815+0000] {dagbag.py:545} INFO - Filling up the DagBag from /usr/local/python/3.10.13/lib/python3.10/site-packages/airflow/example_dags/example_python_operator.py
[2024-05-16T12:25:32.824+0000] {processor.py:840} INFO - DAG(s) 'example_python_operator' retrieved from /usr/local/python/3.10.13/lib/python3.10/site-packages/airflow/example_dags/example_python_operator.py
[2024-05-16T12:25:32.840+0000] {logging_mixin.py:188} INFO - [2024-05-16T12:25:32.840+0000] {dag.py:3096} INFO - Sync 1 DAGs
[2024-05-16T12:25:32.849+0000] {logging_mixin.py:188} INFO - [2024-05-16T12:25:32.848+0000] {dag.py:3954} INFO - Setting next_dagrun for example_python_operator to None, run_after=None
[2024-05-16T12:25:32.895+0000] {processor.py:183} INFO - Processing /usr/local/python/3.10.13/lib/python3.10/site-packages/airflow/example_dags/example_python_operator.py took 0.087 seconds
[2024-05-16T12:26:31.593+0000] {processor.py:161} INFO - Started process (PID=16056) to work on /usr/local/python/3.10.13/lib/python3.10/site-packages/airflow/example_dags/example_python_operator.py
[2024-05-16T12:26:31.594+0000] {processor.py:830} INFO - Processing file /usr/local/python/3.10.13/lib/python3.10/site-packages/airflow/example_dags/example_python_operator.py for tasks to queue
[2024-05-16T12:26:31.596+0000] {logging_mixin.py:188} INFO - [2024-05-16T12:26:31.595+0000] {dagbag.py:545} INFO - Filling up the DagBag from /usr/local/python/3.10.13/lib/python3.10/site-packages/airflow/example_dags/example_python_operator.py
[2024-05-16T12:26:31.609+0000] {processor.py:840} INFO - DAG(s) 'example_python_operator' retrieved from /usr/local/python/3.10.13/lib/python3.10/site-packages/airflow/example_dags/example_python_operator.py
[2024-05-16T12:26:31.629+0000] {logging_mixin.py:188} INFO - [2024-05-16T12:26:31.629+0000] {dag.py:3096} INFO - Sync 1 DAGs
[2024-05-16T12:26:31.642+0000] {logging_mixin.py:188} INFO - [2024-05-16T12:26:31.642+0000] {dag.py:3954} INFO - Setting next_dagrun for example_python_operator to None, run_after=None
[2024-05-16T12:26:31.690+0000] {processor.py:183} INFO - Processing /usr/local/python/3.10.13/lib/python3.10/site-packages/airflow/example_dags/example_python_operator.py took 0.104 seconds
[2024-05-16T12:27:36.964+0000] {processor.py:161} INFO - Started process (PID=16528) to work on /usr/local/python/3.10.13/lib/python3.10/site-packages/airflow/example_dags/example_python_operator.py
[2024-05-16T12:27:36.965+0000] {processor.py:830} INFO - Processing file /usr/local/python/3.10.13/lib/python3.10/site-packages/airflow/example_dags/example_python_operator.py for tasks to queue
[2024-05-16T12:27:36.966+0000] {logging_mixin.py:188} INFO - [2024-05-16T12:27:36.966+0000] {dagbag.py:545} INFO - Filling up the DagBag from /usr/local/python/3.10.13/lib/python3.10/site-packages/airflow/example_dags/example_python_operator.py
[2024-05-16T12:27:36.975+0000] {processor.py:840} INFO - DAG(s) 'example_python_operator' retrieved from /usr/local/python/3.10.13/lib/python3.10/site-packages/airflow/example_dags/example_python_operator.py
[2024-05-16T12:27:36.988+0000] {logging_mixin.py:188} INFO - [2024-05-16T12:27:36.988+0000] {dag.py:3096} INFO - Sync 1 DAGs
[2024-05-16T12:27:36.997+0000] {logging_mixin.py:188} INFO - [2024-05-16T12:27:36.997+0000] {dag.py:3954} INFO - Setting next_dagrun for example_python_operator to None, run_after=None
[2024-05-16T12:27:37.045+0000] {processor.py:183} INFO - Processing /usr/local/python/3.10.13/lib/python3.10/site-packages/airflow/example_dags/example_python_operator.py took 0.086 seconds
[2024-05-16T12:28:40.259+0000] {processor.py:161} INFO - Started process (PID=16987) to work on /usr/local/python/3.10.13/lib/python3.10/site-packages/airflow/example_dags/example_python_operator.py
[2024-05-16T12:28:40.259+0000] {processor.py:830} INFO - Processing file /usr/local/python/3.10.13/lib/python3.10/site-packages/airflow/example_dags/example_python_operator.py for tasks to queue
[2024-05-16T12:28:40.261+0000] {logging_mixin.py:188} INFO - [2024-05-16T12:28:40.260+0000] {dagbag.py:545} INFO - Filling up the DagBag from /usr/local/python/3.10.13/lib/python3.10/site-packages/airflow/example_dags/example_python_operator.py
[2024-05-16T12:28:40.269+0000] {processor.py:840} INFO - DAG(s) 'example_python_operator' retrieved from /usr/local/python/3.10.13/lib/python3.10/site-packages/airflow/example_dags/example_python_operator.py
[2024-05-16T12:28:40.282+0000] {logging_mixin.py:188} INFO - [2024-05-16T12:28:40.282+0000] {dag.py:3096} INFO - Sync 1 DAGs
[2024-05-16T12:28:40.290+0000] {logging_mixin.py:188} INFO - [2024-05-16T12:28:40.290+0000] {dag.py:3954} INFO - Setting next_dagrun for example_python_operator to None, run_after=None
[2024-05-16T12:28:40.340+0000] {processor.py:183} INFO - Processing /usr/local/python/3.10.13/lib/python3.10/site-packages/airflow/example_dags/example_python_operator.py took 0.086 seconds
[2024-05-16T12:29:44.042+0000] {processor.py:161} INFO - Started process (PID=17438) to work on /usr/local/python/3.10.13/lib/python3.10/site-packages/airflow/example_dags/example_python_operator.py
[2024-05-16T12:29:44.043+0000] {processor.py:830} INFO - Processing file /usr/local/python/3.10.13/lib/python3.10/site-packages/airflow/example_dags/example_python_operator.py for tasks to queue
[2024-05-16T12:29:44.045+0000] {logging_mixin.py:188} INFO - [2024-05-16T12:29:44.044+0000] {dagbag.py:545} INFO - Filling up the DagBag from /usr/local/python/3.10.13/lib/python3.10/site-packages/airflow/example_dags/example_python_operator.py
[2024-05-16T12:29:44.053+0000] {processor.py:840} INFO - DAG(s) 'example_python_operator' retrieved from /usr/local/python/3.10.13/lib/python3.10/site-packages/airflow/example_dags/example_python_operator.py
[2024-05-16T12:29:44.067+0000] {logging_mixin.py:188} INFO - [2024-05-16T12:29:44.066+0000] {dag.py:3096} INFO - Sync 1 DAGs
[2024-05-16T12:29:44.075+0000] {logging_mixin.py:188} INFO - [2024-05-16T12:29:44.075+0000] {dag.py:3954} INFO - Setting next_dagrun for example_python_operator to None, run_after=None
[2024-05-16T12:29:44.135+0000] {processor.py:183} INFO - Processing /usr/local/python/3.10.13/lib/python3.10/site-packages/airflow/example_dags/example_python_operator.py took 0.098 seconds
[2024-05-16T12:30:48.798+0000] {processor.py:161} INFO - Started process (PID=17909) to work on /usr/local/python/3.10.13/lib/python3.10/site-packages/airflow/example_dags/example_python_operator.py
[2024-05-16T12:30:48.799+0000] {processor.py:830} INFO - Processing file /usr/local/python/3.10.13/lib/python3.10/site-packages/airflow/example_dags/example_python_operator.py for tasks to queue
[2024-05-16T12:30:48.801+0000] {logging_mixin.py:188} INFO - [2024-05-16T12:30:48.800+0000] {dagbag.py:545} INFO - Filling up the DagBag from /usr/local/python/3.10.13/lib/python3.10/site-packages/airflow/example_dags/example_python_operator.py
[2024-05-16T12:30:48.809+0000] {processor.py:840} INFO - DAG(s) 'example_python_operator' retrieved from /usr/local/python/3.10.13/lib/python3.10/site-packages/airflow/example_dags/example_python_operator.py
[2024-05-16T12:30:48.824+0000] {logging_mixin.py:188} INFO - [2024-05-16T12:30:48.824+0000] {dag.py:3096} INFO - Sync 1 DAGs
[2024-05-16T12:30:48.833+0000] {logging_mixin.py:188} INFO - [2024-05-16T12:30:48.833+0000] {dag.py:3954} INFO - Setting next_dagrun for example_python_operator to None, run_after=None
[2024-05-16T12:30:48.880+0000] {processor.py:183} INFO - Processing /usr/local/python/3.10.13/lib/python3.10/site-packages/airflow/example_dags/example_python_operator.py took 0.087 seconds
[2024-05-16T12:31:55.082+0000] {processor.py:161} INFO - Started process (PID=18385) to work on /usr/local/python/3.10.13/lib/python3.10/site-packages/airflow/example_dags/example_python_operator.py
[2024-05-16T12:31:55.083+0000] {processor.py:830} INFO - Processing file /usr/local/python/3.10.13/lib/python3.10/site-packages/airflow/example_dags/example_python_operator.py for tasks to queue
[2024-05-16T12:31:55.084+0000] {logging_mixin.py:188} INFO - [2024-05-16T12:31:55.084+0000] {dagbag.py:545} INFO - Filling up the DagBag from /usr/local/python/3.10.13/lib/python3.10/site-packages/airflow/example_dags/example_python_operator.py
[2024-05-16T12:31:55.096+0000] {processor.py:840} INFO - DAG(s) 'example_python_operator' retrieved from /usr/local/python/3.10.13/lib/python3.10/site-packages/airflow/example_dags/example_python_operator.py
[2024-05-16T12:31:55.122+0000] {logging_mixin.py:188} INFO - [2024-05-16T12:31:55.122+0000] {dag.py:3096} INFO - Sync 1 DAGs
[2024-05-16T12:31:55.135+0000] {logging_mixin.py:188} INFO - [2024-05-16T12:31:55.135+0000] {dag.py:3954} INFO - Setting next_dagrun for example_python_operator to None, run_after=None
[2024-05-16T12:31:55.181+0000] {processor.py:183} INFO - Processing /usr/local/python/3.10.13/lib/python3.10/site-packages/airflow/example_dags/example_python_operator.py took 0.104 seconds
[2024-05-16T12:32:55.691+0000] {processor.py:161} INFO - Started process (PID=18825) to work on /usr/local/python/3.10.13/lib/python3.10/site-packages/airflow/example_dags/example_python_operator.py
[2024-05-16T12:32:55.692+0000] {processor.py:830} INFO - Processing file /usr/local/python/3.10.13/lib/python3.10/site-packages/airflow/example_dags/example_python_operator.py for tasks to queue
[2024-05-16T12:32:55.693+0000] {logging_mixin.py:188} INFO - [2024-05-16T12:32:55.693+0000] {dagbag.py:545} INFO - Filling up the DagBag from /usr/local/python/3.10.13/lib/python3.10/site-packages/airflow/example_dags/example_python_operator.py
[2024-05-16T12:32:55.702+0000] {processor.py:840} INFO - DAG(s) 'example_python_operator' retrieved from /usr/local/python/3.10.13/lib/python3.10/site-packages/airflow/example_dags/example_python_operator.py
[2024-05-16T12:32:55.720+0000] {logging_mixin.py:188} INFO - [2024-05-16T12:32:55.720+0000] {dag.py:3096} INFO - Sync 1 DAGs
[2024-05-16T12:32:55.735+0000] {logging_mixin.py:188} INFO - [2024-05-16T12:32:55.735+0000] {dag.py:3954} INFO - Setting next_dagrun for example_python_operator to None, run_after=None
[2024-05-16T12:32:55.784+0000] {processor.py:183} INFO - Processing /usr/local/python/3.10.13/lib/python3.10/site-packages/airflow/example_dags/example_python_operator.py took 0.098 seconds
[2024-05-16T12:33:59.452+0000] {processor.py:161} INFO - Started process (PID=19286) to work on /usr/local/python/3.10.13/lib/python3.10/site-packages/airflow/example_dags/example_python_operator.py
[2024-05-16T12:33:59.452+0000] {processor.py:830} INFO - Processing file /usr/local/python/3.10.13/lib/python3.10/site-packages/airflow/example_dags/example_python_operator.py for tasks to queue
[2024-05-16T12:33:59.453+0000] {logging_mixin.py:188} INFO - [2024-05-16T12:33:59.453+0000] {dagbag.py:545} INFO - Filling up the DagBag from /usr/local/python/3.10.13/lib/python3.10/site-packages/airflow/example_dags/example_python_operator.py
[2024-05-16T12:33:59.462+0000] {processor.py:840} INFO - DAG(s) 'example_python_operator' retrieved from /usr/local/python/3.10.13/lib/python3.10/site-packages/airflow/example_dags/example_python_operator.py
[2024-05-16T12:33:59.475+0000] {logging_mixin.py:188} INFO - [2024-05-16T12:33:59.475+0000] {dag.py:3096} INFO - Sync 1 DAGs
[2024-05-16T12:33:59.484+0000] {logging_mixin.py:188} INFO - [2024-05-16T12:33:59.484+0000] {dag.py:3954} INFO - Setting next_dagrun for example_python_operator to None, run_after=None
[2024-05-16T12:33:59.533+0000] {processor.py:183} INFO - Processing /usr/local/python/3.10.13/lib/python3.10/site-packages/airflow/example_dags/example_python_operator.py took 0.086 seconds
[2024-05-16T12:35:03.454+0000] {processor.py:161} INFO - Started process (PID=19773) to work on /usr/local/python/3.10.13/lib/python3.10/site-packages/airflow/example_dags/example_python_operator.py
[2024-05-16T12:35:03.455+0000] {processor.py:830} INFO - Processing file /usr/local/python/3.10.13/lib/python3.10/site-packages/airflow/example_dags/example_python_operator.py for tasks to queue
[2024-05-16T12:35:03.456+0000] {logging_mixin.py:188} INFO - [2024-05-16T12:35:03.456+0000] {dagbag.py:545} INFO - Filling up the DagBag from /usr/local/python/3.10.13/lib/python3.10/site-packages/airflow/example_dags/example_python_operator.py
[2024-05-16T12:35:03.465+0000] {processor.py:840} INFO - DAG(s) 'example_python_operator' retrieved from /usr/local/python/3.10.13/lib/python3.10/site-packages/airflow/example_dags/example_python_operator.py
[2024-05-16T12:35:03.478+0000] {logging_mixin.py:188} INFO - [2024-05-16T12:35:03.478+0000] {dag.py:3096} INFO - Sync 1 DAGs
[2024-05-16T12:35:03.487+0000] {logging_mixin.py:188} INFO - [2024-05-16T12:35:03.487+0000] {dag.py:3954} INFO - Setting next_dagrun for example_python_operator to None, run_after=None
[2024-05-16T12:35:03.534+0000] {processor.py:183} INFO - Processing /usr/local/python/3.10.13/lib/python3.10/site-packages/airflow/example_dags/example_python_operator.py took 0.086 seconds
[2024-05-16T12:36:06.075+0000] {processor.py:161} INFO - Started process (PID=20234) to work on /usr/local/python/3.10.13/lib/python3.10/site-packages/airflow/example_dags/example_python_operator.py
[2024-05-16T12:36:06.076+0000] {processor.py:830} INFO - Processing file /usr/local/python/3.10.13/lib/python3.10/site-packages/airflow/example_dags/example_python_operator.py for tasks to queue
[2024-05-16T12:36:06.078+0000] {logging_mixin.py:188} INFO - [2024-05-16T12:36:06.077+0000] {dagbag.py:545} INFO - Filling up the DagBag from /usr/local/python/3.10.13/lib/python3.10/site-packages/airflow/example_dags/example_python_operator.py
[2024-05-16T12:36:06.087+0000] {processor.py:840} INFO - DAG(s) 'example_python_operator' retrieved from /usr/local/python/3.10.13/lib/python3.10/site-packages/airflow/example_dags/example_python_operator.py
[2024-05-16T12:36:06.101+0000] {logging_mixin.py:188} INFO - [2024-05-16T12:36:06.100+0000] {dag.py:3096} INFO - Sync 1 DAGs
[2024-05-16T12:36:06.110+0000] {logging_mixin.py:188} INFO - [2024-05-16T12:36:06.110+0000] {dag.py:3954} INFO - Setting next_dagrun for example_python_operator to None, run_after=None
[2024-05-16T12:36:06.156+0000] {processor.py:183} INFO - Processing /usr/local/python/3.10.13/lib/python3.10/site-packages/airflow/example_dags/example_python_operator.py took 0.086 seconds
[2024-05-16T12:37:07.568+0000] {processor.py:161} INFO - Started process (PID=20670) to work on /usr/local/python/3.10.13/lib/python3.10/site-packages/airflow/example_dags/example_python_operator.py
[2024-05-16T12:37:07.569+0000] {processor.py:830} INFO - Processing file /usr/local/python/3.10.13/lib/python3.10/site-packages/airflow/example_dags/example_python_operator.py for tasks to queue
[2024-05-16T12:37:07.571+0000] {logging_mixin.py:188} INFO - [2024-05-16T12:37:07.570+0000] {dagbag.py:545} INFO - Filling up the DagBag from /usr/local/python/3.10.13/lib/python3.10/site-packages/airflow/example_dags/example_python_operator.py
[2024-05-16T12:37:07.584+0000] {processor.py:840} INFO - DAG(s) 'example_python_operator' retrieved from /usr/local/python/3.10.13/lib/python3.10/site-packages/airflow/example_dags/example_python_operator.py
[2024-05-16T12:37:07.598+0000] {logging_mixin.py:188} INFO - [2024-05-16T12:37:07.598+0000] {dag.py:3096} INFO - Sync 1 DAGs
[2024-05-16T12:37:07.607+0000] {logging_mixin.py:188} INFO - [2024-05-16T12:37:07.607+0000] {dag.py:3954} INFO - Setting next_dagrun for example_python_operator to None, run_after=None
[2024-05-16T12:37:07.651+0000] {processor.py:183} INFO - Processing /usr/local/python/3.10.13/lib/python3.10/site-packages/airflow/example_dags/example_python_operator.py took 0.088 seconds
[2024-05-16T12:38:08.121+0000] {processor.py:161} INFO - Started process (PID=21107) to work on /usr/local/python/3.10.13/lib/python3.10/site-packages/airflow/example_dags/example_python_operator.py
[2024-05-16T12:38:08.122+0000] {processor.py:830} INFO - Processing file /usr/local/python/3.10.13/lib/python3.10/site-packages/airflow/example_dags/example_python_operator.py for tasks to queue
[2024-05-16T12:38:08.123+0000] {logging_mixin.py:188} INFO - [2024-05-16T12:38:08.123+0000] {dagbag.py:545} INFO - Filling up the DagBag from /usr/local/python/3.10.13/lib/python3.10/site-packages/airflow/example_dags/example_python_operator.py
[2024-05-16T12:38:08.131+0000] {processor.py:840} INFO - DAG(s) 'example_python_operator' retrieved from /usr/local/python/3.10.13/lib/python3.10/site-packages/airflow/example_dags/example_python_operator.py
[2024-05-16T12:38:08.144+0000] {logging_mixin.py:188} INFO - [2024-05-16T12:38:08.144+0000] {dag.py:3096} INFO - Sync 1 DAGs
[2024-05-16T12:38:08.153+0000] {logging_mixin.py:188} INFO - [2024-05-16T12:38:08.153+0000] {dag.py:3954} INFO - Setting next_dagrun for example_python_operator to None, run_after=None
[2024-05-16T12:38:08.200+0000] {processor.py:183} INFO - Processing /usr/local/python/3.10.13/lib/python3.10/site-packages/airflow/example_dags/example_python_operator.py took 0.084 seconds
[2024-05-16T12:39:08.663+0000] {processor.py:161} INFO - Started process (PID=21532) to work on /usr/local/python/3.10.13/lib/python3.10/site-packages/airflow/example_dags/example_python_operator.py
[2024-05-16T12:39:08.664+0000] {processor.py:830} INFO - Processing file /usr/local/python/3.10.13/lib/python3.10/site-packages/airflow/example_dags/example_python_operator.py for tasks to queue
[2024-05-16T12:39:08.665+0000] {logging_mixin.py:188} INFO - [2024-05-16T12:39:08.665+0000] {dagbag.py:545} INFO - Filling up the DagBag from /usr/local/python/3.10.13/lib/python3.10/site-packages/airflow/example_dags/example_python_operator.py
[2024-05-16T12:39:08.674+0000] {processor.py:840} INFO - DAG(s) 'example_python_operator' retrieved from /usr/local/python/3.10.13/lib/python3.10/site-packages/airflow/example_dags/example_python_operator.py
[2024-05-16T12:39:08.688+0000] {logging_mixin.py:188} INFO - [2024-05-16T12:39:08.688+0000] {dag.py:3096} INFO - Sync 1 DAGs
[2024-05-16T12:39:08.696+0000] {logging_mixin.py:188} INFO - [2024-05-16T12:39:08.696+0000] {dag.py:3954} INFO - Setting next_dagrun for example_python_operator to None, run_after=None
[2024-05-16T12:39:08.745+0000] {processor.py:183} INFO - Processing /usr/local/python/3.10.13/lib/python3.10/site-packages/airflow/example_dags/example_python_operator.py took 0.086 seconds
[2024-05-16T12:40:14.336+0000] {processor.py:161} INFO - Started process (PID=21999) to work on /usr/local/python/3.10.13/lib/python3.10/site-packages/airflow/example_dags/example_python_operator.py
[2024-05-16T12:40:14.337+0000] {processor.py:830} INFO - Processing file /usr/local/python/3.10.13/lib/python3.10/site-packages/airflow/example_dags/example_python_operator.py for tasks to queue
[2024-05-16T12:40:14.339+0000] {logging_mixin.py:188} INFO - [2024-05-16T12:40:14.338+0000] {dagbag.py:545} INFO - Filling up the DagBag from /usr/local/python/3.10.13/lib/python3.10/site-packages/airflow/example_dags/example_python_operator.py
[2024-05-16T12:40:14.347+0000] {processor.py:840} INFO - DAG(s) 'example_python_operator' retrieved from /usr/local/python/3.10.13/lib/python3.10/site-packages/airflow/example_dags/example_python_operator.py
[2024-05-16T12:40:14.360+0000] {logging_mixin.py:188} INFO - [2024-05-16T12:40:14.360+0000] {dag.py:3096} INFO - Sync 1 DAGs
[2024-05-16T12:40:14.369+0000] {logging_mixin.py:188} INFO - [2024-05-16T12:40:14.369+0000] {dag.py:3954} INFO - Setting next_dagrun for example_python_operator to None, run_after=None
[2024-05-16T12:40:14.413+0000] {processor.py:183} INFO - Processing /usr/local/python/3.10.13/lib/python3.10/site-packages/airflow/example_dags/example_python_operator.py took 0.081 seconds
[2024-05-16T12:41:17.444+0000] {processor.py:161} INFO - Started process (PID=22444) to work on /usr/local/python/3.10.13/lib/python3.10/site-packages/airflow/example_dags/example_python_operator.py
[2024-05-16T12:41:17.445+0000] {processor.py:830} INFO - Processing file /usr/local/python/3.10.13/lib/python3.10/site-packages/airflow/example_dags/example_python_operator.py for tasks to queue
[2024-05-16T12:41:17.446+0000] {logging_mixin.py:188} INFO - [2024-05-16T12:41:17.446+0000] {dagbag.py:545} INFO - Filling up the DagBag from /usr/local/python/3.10.13/lib/python3.10/site-packages/airflow/example_dags/example_python_operator.py
[2024-05-16T12:41:17.455+0000] {processor.py:840} INFO - DAG(s) 'example_python_operator' retrieved from /usr/local/python/3.10.13/lib/python3.10/site-packages/airflow/example_dags/example_python_operator.py
[2024-05-16T12:41:17.472+0000] {logging_mixin.py:188} INFO - [2024-05-16T12:41:17.471+0000] {dag.py:3096} INFO - Sync 1 DAGs
[2024-05-16T12:41:17.483+0000] {logging_mixin.py:188} INFO - [2024-05-16T12:41:17.483+0000] {dag.py:3954} INFO - Setting next_dagrun for example_python_operator to None, run_after=None
[2024-05-16T12:41:17.535+0000] {processor.py:183} INFO - Processing /usr/local/python/3.10.13/lib/python3.10/site-packages/airflow/example_dags/example_python_operator.py took 0.095 seconds
[2024-05-16T12:42:21.536+0000] {processor.py:161} INFO - Started process (PID=22924) to work on /usr/local/python/3.10.13/lib/python3.10/site-packages/airflow/example_dags/example_python_operator.py
[2024-05-16T12:42:21.537+0000] {processor.py:830} INFO - Processing file /usr/local/python/3.10.13/lib/python3.10/site-packages/airflow/example_dags/example_python_operator.py for tasks to queue
[2024-05-16T12:42:21.540+0000] {logging_mixin.py:188} INFO - [2024-05-16T12:42:21.539+0000] {dagbag.py:545} INFO - Filling up the DagBag from /usr/local/python/3.10.13/lib/python3.10/site-packages/airflow/example_dags/example_python_operator.py
[2024-05-16T12:42:21.551+0000] {processor.py:840} INFO - DAG(s) 'example_python_operator' retrieved from /usr/local/python/3.10.13/lib/python3.10/site-packages/airflow/example_dags/example_python_operator.py
[2024-05-16T12:42:21.564+0000] {logging_mixin.py:188} INFO - [2024-05-16T12:42:21.564+0000] {dag.py:3096} INFO - Sync 1 DAGs
[2024-05-16T12:42:21.576+0000] {logging_mixin.py:188} INFO - [2024-05-16T12:42:21.576+0000] {dag.py:3954} INFO - Setting next_dagrun for example_python_operator to None, run_after=None
[2024-05-16T12:42:21.633+0000] {processor.py:183} INFO - Processing /usr/local/python/3.10.13/lib/python3.10/site-packages/airflow/example_dags/example_python_operator.py took 0.105 seconds
[2024-05-16T12:43:22.577+0000] {processor.py:161} INFO - Started process (PID=23381) to work on /usr/local/python/3.10.13/lib/python3.10/site-packages/airflow/example_dags/example_python_operator.py
[2024-05-16T12:43:22.578+0000] {processor.py:830} INFO - Processing file /usr/local/python/3.10.13/lib/python3.10/site-packages/airflow/example_dags/example_python_operator.py for tasks to queue
[2024-05-16T12:43:22.579+0000] {logging_mixin.py:188} INFO - [2024-05-16T12:43:22.579+0000] {dagbag.py:545} INFO - Filling up the DagBag from /usr/local/python/3.10.13/lib/python3.10/site-packages/airflow/example_dags/example_python_operator.py
[2024-05-16T12:43:22.588+0000] {processor.py:840} INFO - DAG(s) 'example_python_operator' retrieved from /usr/local/python/3.10.13/lib/python3.10/site-packages/airflow/example_dags/example_python_operator.py
[2024-05-16T12:43:22.601+0000] {logging_mixin.py:188} INFO - [2024-05-16T12:43:22.601+0000] {dag.py:3096} INFO - Sync 1 DAGs
[2024-05-16T12:43:22.609+0000] {logging_mixin.py:188} INFO - [2024-05-16T12:43:22.609+0000] {dag.py:3954} INFO - Setting next_dagrun for example_python_operator to None, run_after=None
[2024-05-16T12:43:22.653+0000] {processor.py:183} INFO - Processing /usr/local/python/3.10.13/lib/python3.10/site-packages/airflow/example_dags/example_python_operator.py took 0.080 seconds
[2024-05-16T12:44:28.061+0000] {processor.py:161} INFO - Started process (PID=23848) to work on /usr/local/python/3.10.13/lib/python3.10/site-packages/airflow/example_dags/example_python_operator.py
[2024-05-16T12:44:28.062+0000] {processor.py:830} INFO - Processing file /usr/local/python/3.10.13/lib/python3.10/site-packages/airflow/example_dags/example_python_operator.py for tasks to queue
[2024-05-16T12:44:28.063+0000] {logging_mixin.py:188} INFO - [2024-05-16T12:44:28.063+0000] {dagbag.py:545} INFO - Filling up the DagBag from /usr/local/python/3.10.13/lib/python3.10/site-packages/airflow/example_dags/example_python_operator.py
[2024-05-16T12:44:28.072+0000] {processor.py:840} INFO - DAG(s) 'example_python_operator' retrieved from /usr/local/python/3.10.13/lib/python3.10/site-packages/airflow/example_dags/example_python_operator.py
[2024-05-16T12:44:28.087+0000] {logging_mixin.py:188} INFO - [2024-05-16T12:44:28.087+0000] {dag.py:3096} INFO - Sync 1 DAGs
[2024-05-16T12:44:28.095+0000] {logging_mixin.py:188} INFO - [2024-05-16T12:44:28.095+0000] {dag.py:3954} INFO - Setting next_dagrun for example_python_operator to None, run_after=None
[2024-05-16T12:44:28.147+0000] {processor.py:183} INFO - Processing /usr/local/python/3.10.13/lib/python3.10/site-packages/airflow/example_dags/example_python_operator.py took 0.091 seconds
[2024-05-16T12:45:33.380+0000] {processor.py:161} INFO - Started process (PID=24424) to work on /usr/local/python/3.10.13/lib/python3.10/site-packages/airflow/example_dags/example_python_operator.py
[2024-05-16T12:45:33.381+0000] {processor.py:830} INFO - Processing file /usr/local/python/3.10.13/lib/python3.10/site-packages/airflow/example_dags/example_python_operator.py for tasks to queue
[2024-05-16T12:45:33.382+0000] {logging_mixin.py:188} INFO - [2024-05-16T12:45:33.382+0000] {dagbag.py:545} INFO - Filling up the DagBag from /usr/local/python/3.10.13/lib/python3.10/site-packages/airflow/example_dags/example_python_operator.py
[2024-05-16T12:45:33.395+0000] {processor.py:840} INFO - DAG(s) 'example_python_operator' retrieved from /usr/local/python/3.10.13/lib/python3.10/site-packages/airflow/example_dags/example_python_operator.py
[2024-05-16T12:45:33.419+0000] {logging_mixin.py:188} INFO - [2024-05-16T12:45:33.419+0000] {dag.py:3096} INFO - Sync 1 DAGs
[2024-05-16T12:45:33.434+0000] {logging_mixin.py:188} INFO - [2024-05-16T12:45:33.434+0000] {dag.py:3954} INFO - Setting next_dagrun for example_python_operator to None, run_after=None
[2024-05-16T12:45:33.495+0000] {processor.py:183} INFO - Processing /usr/local/python/3.10.13/lib/python3.10/site-packages/airflow/example_dags/example_python_operator.py took 0.120 seconds
