[2024-05-16T12:06:26.245+0000] {processor.py:161} INFO - Started process (PID=7409) to work on /usr/local/python/3.10.13/lib/python3.10/site-packages/airflow/example_dags/example_short_circuit_decorator.py
[2024-05-16T12:06:26.245+0000] {processor.py:830} INFO - Processing file /usr/local/python/3.10.13/lib/python3.10/site-packages/airflow/example_dags/example_short_circuit_decorator.py for tasks to queue
[2024-05-16T12:06:26.247+0000] {logging_mixin.py:188} INFO - [2024-05-16T12:06:26.246+0000] {dagbag.py:545} INFO - Filling up the DagBag from /usr/local/python/3.10.13/lib/python3.10/site-packages/airflow/example_dags/example_short_circuit_decorator.py
[2024-05-16T12:06:26.255+0000] {processor.py:840} INFO - DAG(s) 'example_short_circuit_decorator' retrieved from /usr/local/python/3.10.13/lib/python3.10/site-packages/airflow/example_dags/example_short_circuit_decorator.py
[2024-05-16T12:06:26.409+0000] {logging_mixin.py:188} INFO - [2024-05-16T12:06:26.408+0000] {dag.py:3096} INFO - Sync 1 DAGs
[2024-05-16T12:06:26.422+0000] {logging_mixin.py:188} INFO - [2024-05-16T12:06:26.421+0000] {dag.py:3954} INFO - Setting next_dagrun for example_short_circuit_decorator to 2024-05-15 00:00:00+00:00, run_after=2024-05-16 00:00:00+00:00
[2024-05-16T12:06:26.469+0000] {processor.py:183} INFO - Processing /usr/local/python/3.10.13/lib/python3.10/site-packages/airflow/example_dags/example_short_circuit_decorator.py took 0.228 seconds
[2024-05-16T12:07:23.682+0000] {processor.py:161} INFO - Started process (PID=7799) to work on /usr/local/python/3.10.13/lib/python3.10/site-packages/airflow/example_dags/example_short_circuit_decorator.py
[2024-05-16T12:07:23.682+0000] {processor.py:830} INFO - Processing file /usr/local/python/3.10.13/lib/python3.10/site-packages/airflow/example_dags/example_short_circuit_decorator.py for tasks to queue
[2024-05-16T12:07:23.684+0000] {logging_mixin.py:188} INFO - [2024-05-16T12:07:23.683+0000] {dagbag.py:545} INFO - Filling up the DagBag from /usr/local/python/3.10.13/lib/python3.10/site-packages/airflow/example_dags/example_short_circuit_decorator.py
[2024-05-16T12:07:23.691+0000] {processor.py:840} INFO - DAG(s) 'example_short_circuit_decorator' retrieved from /usr/local/python/3.10.13/lib/python3.10/site-packages/airflow/example_dags/example_short_circuit_decorator.py
[2024-05-16T12:07:23.705+0000] {logging_mixin.py:188} INFO - [2024-05-16T12:07:23.705+0000] {dag.py:3096} INFO - Sync 1 DAGs
[2024-05-16T12:07:23.719+0000] {logging_mixin.py:188} INFO - [2024-05-16T12:07:23.719+0000] {dag.py:3954} INFO - Setting next_dagrun for example_short_circuit_decorator to 2024-05-15 00:00:00+00:00, run_after=2024-05-16 00:00:00+00:00
[2024-05-16T12:07:23.767+0000] {processor.py:183} INFO - Processing /usr/local/python/3.10.13/lib/python3.10/site-packages/airflow/example_dags/example_short_circuit_decorator.py took 0.090 seconds
[2024-05-16T12:08:14.616+0000] {processor.py:161} INFO - Started process (PID=8153) to work on /usr/local/python/3.10.13/lib/python3.10/site-packages/airflow/example_dags/example_short_circuit_decorator.py
[2024-05-16T12:08:14.616+0000] {processor.py:830} INFO - Processing file /usr/local/python/3.10.13/lib/python3.10/site-packages/airflow/example_dags/example_short_circuit_decorator.py for tasks to queue
[2024-05-16T12:08:14.618+0000] {logging_mixin.py:188} INFO - [2024-05-16T12:08:14.617+0000] {dagbag.py:545} INFO - Filling up the DagBag from /usr/local/python/3.10.13/lib/python3.10/site-packages/airflow/example_dags/example_short_circuit_decorator.py
[2024-05-16T12:08:14.625+0000] {processor.py:840} INFO - DAG(s) 'example_short_circuit_decorator' retrieved from /usr/local/python/3.10.13/lib/python3.10/site-packages/airflow/example_dags/example_short_circuit_decorator.py
[2024-05-16T12:08:14.639+0000] {logging_mixin.py:188} INFO - [2024-05-16T12:08:14.638+0000] {dag.py:3096} INFO - Sync 1 DAGs
[2024-05-16T12:08:14.653+0000] {logging_mixin.py:188} INFO - [2024-05-16T12:08:14.652+0000] {dag.py:3954} INFO - Setting next_dagrun for example_short_circuit_decorator to 2024-05-15 00:00:00+00:00, run_after=2024-05-16 00:00:00+00:00
[2024-05-16T12:08:14.700+0000] {processor.py:183} INFO - Processing /usr/local/python/3.10.13/lib/python3.10/site-packages/airflow/example_dags/example_short_circuit_decorator.py took 0.089 seconds
[2024-05-16T12:09:03.457+0000] {processor.py:161} INFO - Started process (PID=8515) to work on /usr/local/python/3.10.13/lib/python3.10/site-packages/airflow/example_dags/example_short_circuit_decorator.py
[2024-05-16T12:09:03.458+0000] {processor.py:830} INFO - Processing file /usr/local/python/3.10.13/lib/python3.10/site-packages/airflow/example_dags/example_short_circuit_decorator.py for tasks to queue
[2024-05-16T12:09:03.460+0000] {logging_mixin.py:188} INFO - [2024-05-16T12:09:03.459+0000] {dagbag.py:545} INFO - Filling up the DagBag from /usr/local/python/3.10.13/lib/python3.10/site-packages/airflow/example_dags/example_short_circuit_decorator.py
[2024-05-16T12:09:03.466+0000] {processor.py:840} INFO - DAG(s) 'example_short_circuit_decorator' retrieved from /usr/local/python/3.10.13/lib/python3.10/site-packages/airflow/example_dags/example_short_circuit_decorator.py
[2024-05-16T12:09:03.480+0000] {logging_mixin.py:188} INFO - [2024-05-16T12:09:03.480+0000] {dag.py:3096} INFO - Sync 1 DAGs
[2024-05-16T12:09:03.495+0000] {logging_mixin.py:188} INFO - [2024-05-16T12:09:03.495+0000] {dag.py:3954} INFO - Setting next_dagrun for example_short_circuit_decorator to 2024-05-15 00:00:00+00:00, run_after=2024-05-16 00:00:00+00:00
[2024-05-16T12:09:03.540+0000] {processor.py:183} INFO - Processing /usr/local/python/3.10.13/lib/python3.10/site-packages/airflow/example_dags/example_short_circuit_decorator.py took 0.087 seconds
[2024-05-16T12:09:47.320+0000] {processor.py:161} INFO - Started process (PID=8831) to work on /usr/local/python/3.10.13/lib/python3.10/site-packages/airflow/example_dags/example_short_circuit_decorator.py
[2024-05-16T12:09:47.321+0000] {processor.py:830} INFO - Processing file /usr/local/python/3.10.13/lib/python3.10/site-packages/airflow/example_dags/example_short_circuit_decorator.py for tasks to queue
[2024-05-16T12:09:47.322+0000] {logging_mixin.py:188} INFO - [2024-05-16T12:09:47.322+0000] {dagbag.py:545} INFO - Filling up the DagBag from /usr/local/python/3.10.13/lib/python3.10/site-packages/airflow/example_dags/example_short_circuit_decorator.py
[2024-05-16T12:09:47.330+0000] {processor.py:840} INFO - DAG(s) 'example_short_circuit_decorator' retrieved from /usr/local/python/3.10.13/lib/python3.10/site-packages/airflow/example_dags/example_short_circuit_decorator.py
[2024-05-16T12:09:47.344+0000] {logging_mixin.py:188} INFO - [2024-05-16T12:09:47.343+0000] {dag.py:3096} INFO - Sync 1 DAGs
[2024-05-16T12:09:47.358+0000] {logging_mixin.py:188} INFO - [2024-05-16T12:09:47.358+0000] {dag.py:3954} INFO - Setting next_dagrun for example_short_circuit_decorator to 2024-05-15 00:00:00+00:00, run_after=2024-05-16 00:00:00+00:00
[2024-05-16T12:09:47.406+0000] {processor.py:183} INFO - Processing /usr/local/python/3.10.13/lib/python3.10/site-packages/airflow/example_dags/example_short_circuit_decorator.py took 0.091 seconds
[2024-05-16T12:10:31.477+0000] {processor.py:161} INFO - Started process (PID=9125) to work on /usr/local/python/3.10.13/lib/python3.10/site-packages/airflow/example_dags/example_short_circuit_decorator.py
[2024-05-16T12:10:31.477+0000] {processor.py:830} INFO - Processing file /usr/local/python/3.10.13/lib/python3.10/site-packages/airflow/example_dags/example_short_circuit_decorator.py for tasks to queue
[2024-05-16T12:10:31.479+0000] {logging_mixin.py:188} INFO - [2024-05-16T12:10:31.478+0000] {dagbag.py:545} INFO - Filling up the DagBag from /usr/local/python/3.10.13/lib/python3.10/site-packages/airflow/example_dags/example_short_circuit_decorator.py
[2024-05-16T12:10:31.486+0000] {processor.py:840} INFO - DAG(s) 'example_short_circuit_decorator' retrieved from /usr/local/python/3.10.13/lib/python3.10/site-packages/airflow/example_dags/example_short_circuit_decorator.py
[2024-05-16T12:10:31.500+0000] {logging_mixin.py:188} INFO - [2024-05-16T12:10:31.500+0000] {dag.py:3096} INFO - Sync 1 DAGs
[2024-05-16T12:10:31.515+0000] {logging_mixin.py:188} INFO - [2024-05-16T12:10:31.515+0000] {dag.py:3954} INFO - Setting next_dagrun for example_short_circuit_decorator to 2024-05-15 00:00:00+00:00, run_after=2024-05-16 00:00:00+00:00
[2024-05-16T12:10:31.561+0000] {processor.py:183} INFO - Processing /usr/local/python/3.10.13/lib/python3.10/site-packages/airflow/example_dags/example_short_circuit_decorator.py took 0.089 seconds
[2024-05-16T12:11:13.441+0000] {processor.py:161} INFO - Started process (PID=9414) to work on /usr/local/python/3.10.13/lib/python3.10/site-packages/airflow/example_dags/example_short_circuit_decorator.py
[2024-05-16T12:11:13.442+0000] {processor.py:830} INFO - Processing file /usr/local/python/3.10.13/lib/python3.10/site-packages/airflow/example_dags/example_short_circuit_decorator.py for tasks to queue
[2024-05-16T12:11:13.445+0000] {logging_mixin.py:188} INFO - [2024-05-16T12:11:13.444+0000] {dagbag.py:545} INFO - Filling up the DagBag from /usr/local/python/3.10.13/lib/python3.10/site-packages/airflow/example_dags/example_short_circuit_decorator.py
[2024-05-16T12:11:13.456+0000] {processor.py:840} INFO - DAG(s) 'example_short_circuit_decorator' retrieved from /usr/local/python/3.10.13/lib/python3.10/site-packages/airflow/example_dags/example_short_circuit_decorator.py
[2024-05-16T12:11:13.474+0000] {logging_mixin.py:188} INFO - [2024-05-16T12:11:13.474+0000] {dag.py:3096} INFO - Sync 1 DAGs
[2024-05-16T12:11:13.489+0000] {logging_mixin.py:188} INFO - [2024-05-16T12:11:13.489+0000] {dag.py:3954} INFO - Setting next_dagrun for example_short_circuit_decorator to 2024-05-15 00:00:00+00:00, run_after=2024-05-16 00:00:00+00:00
[2024-05-16T12:11:13.536+0000] {processor.py:183} INFO - Processing /usr/local/python/3.10.13/lib/python3.10/site-packages/airflow/example_dags/example_short_circuit_decorator.py took 0.102 seconds
[2024-05-16T12:11:56.390+0000] {processor.py:161} INFO - Started process (PID=9722) to work on /usr/local/python/3.10.13/lib/python3.10/site-packages/airflow/example_dags/example_short_circuit_decorator.py
[2024-05-16T12:11:56.390+0000] {processor.py:830} INFO - Processing file /usr/local/python/3.10.13/lib/python3.10/site-packages/airflow/example_dags/example_short_circuit_decorator.py for tasks to queue
[2024-05-16T12:11:56.392+0000] {logging_mixin.py:188} INFO - [2024-05-16T12:11:56.392+0000] {dagbag.py:545} INFO - Filling up the DagBag from /usr/local/python/3.10.13/lib/python3.10/site-packages/airflow/example_dags/example_short_circuit_decorator.py
[2024-05-16T12:11:56.399+0000] {processor.py:840} INFO - DAG(s) 'example_short_circuit_decorator' retrieved from /usr/local/python/3.10.13/lib/python3.10/site-packages/airflow/example_dags/example_short_circuit_decorator.py
[2024-05-16T12:11:56.413+0000] {logging_mixin.py:188} INFO - [2024-05-16T12:11:56.413+0000] {dag.py:3096} INFO - Sync 1 DAGs
[2024-05-16T12:11:56.427+0000] {logging_mixin.py:188} INFO - [2024-05-16T12:11:56.426+0000] {dag.py:3954} INFO - Setting next_dagrun for example_short_circuit_decorator to 2024-05-15 00:00:00+00:00, run_after=2024-05-16 00:00:00+00:00
[2024-05-16T12:11:56.476+0000] {processor.py:183} INFO - Processing /usr/local/python/3.10.13/lib/python3.10/site-packages/airflow/example_dags/example_short_circuit_decorator.py took 0.091 seconds
[2024-05-16T12:12:38.054+0000] {processor.py:161} INFO - Started process (PID=10009) to work on /usr/local/python/3.10.13/lib/python3.10/site-packages/airflow/example_dags/example_short_circuit_decorator.py
[2024-05-16T12:12:38.054+0000] {processor.py:830} INFO - Processing file /usr/local/python/3.10.13/lib/python3.10/site-packages/airflow/example_dags/example_short_circuit_decorator.py for tasks to queue
[2024-05-16T12:12:38.056+0000] {logging_mixin.py:188} INFO - [2024-05-16T12:12:38.055+0000] {dagbag.py:545} INFO - Filling up the DagBag from /usr/local/python/3.10.13/lib/python3.10/site-packages/airflow/example_dags/example_short_circuit_decorator.py
[2024-05-16T12:12:38.063+0000] {processor.py:840} INFO - DAG(s) 'example_short_circuit_decorator' retrieved from /usr/local/python/3.10.13/lib/python3.10/site-packages/airflow/example_dags/example_short_circuit_decorator.py
[2024-05-16T12:12:38.076+0000] {logging_mixin.py:188} INFO - [2024-05-16T12:12:38.076+0000] {dag.py:3096} INFO - Sync 1 DAGs
[2024-05-16T12:12:38.090+0000] {logging_mixin.py:188} INFO - [2024-05-16T12:12:38.090+0000] {dag.py:3954} INFO - Setting next_dagrun for example_short_circuit_decorator to 2024-05-15 00:00:00+00:00, run_after=2024-05-16 00:00:00+00:00
[2024-05-16T12:12:38.152+0000] {processor.py:183} INFO - Processing /usr/local/python/3.10.13/lib/python3.10/site-packages/airflow/example_dags/example_short_circuit_decorator.py took 0.103 seconds
[2024-05-16T12:13:20.566+0000] {processor.py:161} INFO - Started process (PID=10304) to work on /usr/local/python/3.10.13/lib/python3.10/site-packages/airflow/example_dags/example_short_circuit_decorator.py
[2024-05-16T12:13:20.567+0000] {processor.py:830} INFO - Processing file /usr/local/python/3.10.13/lib/python3.10/site-packages/airflow/example_dags/example_short_circuit_decorator.py for tasks to queue
[2024-05-16T12:13:20.568+0000] {logging_mixin.py:188} INFO - [2024-05-16T12:13:20.568+0000] {dagbag.py:545} INFO - Filling up the DagBag from /usr/local/python/3.10.13/lib/python3.10/site-packages/airflow/example_dags/example_short_circuit_decorator.py
[2024-05-16T12:13:20.575+0000] {processor.py:840} INFO - DAG(s) 'example_short_circuit_decorator' retrieved from /usr/local/python/3.10.13/lib/python3.10/site-packages/airflow/example_dags/example_short_circuit_decorator.py
[2024-05-16T12:13:20.589+0000] {logging_mixin.py:188} INFO - [2024-05-16T12:13:20.589+0000] {dag.py:3096} INFO - Sync 1 DAGs
[2024-05-16T12:13:20.603+0000] {logging_mixin.py:188} INFO - [2024-05-16T12:13:20.602+0000] {dag.py:3954} INFO - Setting next_dagrun for example_short_circuit_decorator to 2024-05-15 00:00:00+00:00, run_after=2024-05-16 00:00:00+00:00
[2024-05-16T12:13:20.648+0000] {processor.py:183} INFO - Processing /usr/local/python/3.10.13/lib/python3.10/site-packages/airflow/example_dags/example_short_circuit_decorator.py took 0.086 seconds
[2024-05-16T12:14:02.260+0000] {processor.py:161} INFO - Started process (PID=10587) to work on /usr/local/python/3.10.13/lib/python3.10/site-packages/airflow/example_dags/example_short_circuit_decorator.py
[2024-05-16T12:14:02.261+0000] {processor.py:830} INFO - Processing file /usr/local/python/3.10.13/lib/python3.10/site-packages/airflow/example_dags/example_short_circuit_decorator.py for tasks to queue
[2024-05-16T12:14:02.262+0000] {logging_mixin.py:188} INFO - [2024-05-16T12:14:02.262+0000] {dagbag.py:545} INFO - Filling up the DagBag from /usr/local/python/3.10.13/lib/python3.10/site-packages/airflow/example_dags/example_short_circuit_decorator.py
[2024-05-16T12:14:02.270+0000] {processor.py:840} INFO - DAG(s) 'example_short_circuit_decorator' retrieved from /usr/local/python/3.10.13/lib/python3.10/site-packages/airflow/example_dags/example_short_circuit_decorator.py
[2024-05-16T12:14:02.284+0000] {logging_mixin.py:188} INFO - [2024-05-16T12:14:02.283+0000] {dag.py:3096} INFO - Sync 1 DAGs
[2024-05-16T12:14:02.298+0000] {logging_mixin.py:188} INFO - [2024-05-16T12:14:02.298+0000] {dag.py:3954} INFO - Setting next_dagrun for example_short_circuit_decorator to 2024-05-15 00:00:00+00:00, run_after=2024-05-16 00:00:00+00:00
[2024-05-16T12:14:02.344+0000] {processor.py:183} INFO - Processing /usr/local/python/3.10.13/lib/python3.10/site-packages/airflow/example_dags/example_short_circuit_decorator.py took 0.089 seconds
[2024-05-16T12:14:43.821+0000] {processor.py:161} INFO - Started process (PID=10870) to work on /usr/local/python/3.10.13/lib/python3.10/site-packages/airflow/example_dags/example_short_circuit_decorator.py
[2024-05-16T12:14:43.821+0000] {processor.py:830} INFO - Processing file /usr/local/python/3.10.13/lib/python3.10/site-packages/airflow/example_dags/example_short_circuit_decorator.py for tasks to queue
[2024-05-16T12:14:43.823+0000] {logging_mixin.py:188} INFO - [2024-05-16T12:14:43.822+0000] {dagbag.py:545} INFO - Filling up the DagBag from /usr/local/python/3.10.13/lib/python3.10/site-packages/airflow/example_dags/example_short_circuit_decorator.py
[2024-05-16T12:14:43.830+0000] {processor.py:840} INFO - DAG(s) 'example_short_circuit_decorator' retrieved from /usr/local/python/3.10.13/lib/python3.10/site-packages/airflow/example_dags/example_short_circuit_decorator.py
[2024-05-16T12:14:43.844+0000] {logging_mixin.py:188} INFO - [2024-05-16T12:14:43.843+0000] {dag.py:3096} INFO - Sync 1 DAGs
[2024-05-16T12:14:43.858+0000] {logging_mixin.py:188} INFO - [2024-05-16T12:14:43.858+0000] {dag.py:3954} INFO - Setting next_dagrun for example_short_circuit_decorator to 2024-05-15 00:00:00+00:00, run_after=2024-05-16 00:00:00+00:00
[2024-05-16T12:14:43.905+0000] {processor.py:183} INFO - Processing /usr/local/python/3.10.13/lib/python3.10/site-packages/airflow/example_dags/example_short_circuit_decorator.py took 0.089 seconds
[2024-05-16T12:15:26.331+0000] {processor.py:161} INFO - Started process (PID=11165) to work on /usr/local/python/3.10.13/lib/python3.10/site-packages/airflow/example_dags/example_short_circuit_decorator.py
[2024-05-16T12:15:26.332+0000] {processor.py:830} INFO - Processing file /usr/local/python/3.10.13/lib/python3.10/site-packages/airflow/example_dags/example_short_circuit_decorator.py for tasks to queue
[2024-05-16T12:15:26.333+0000] {logging_mixin.py:188} INFO - [2024-05-16T12:15:26.333+0000] {dagbag.py:545} INFO - Filling up the DagBag from /usr/local/python/3.10.13/lib/python3.10/site-packages/airflow/example_dags/example_short_circuit_decorator.py
[2024-05-16T12:15:26.340+0000] {processor.py:840} INFO - DAG(s) 'example_short_circuit_decorator' retrieved from /usr/local/python/3.10.13/lib/python3.10/site-packages/airflow/example_dags/example_short_circuit_decorator.py
[2024-05-16T12:15:26.354+0000] {logging_mixin.py:188} INFO - [2024-05-16T12:15:26.354+0000] {dag.py:3096} INFO - Sync 1 DAGs
[2024-05-16T12:15:26.368+0000] {logging_mixin.py:188} INFO - [2024-05-16T12:15:26.368+0000] {dag.py:3954} INFO - Setting next_dagrun for example_short_circuit_decorator to 2024-05-15 00:00:00+00:00, run_after=2024-05-16 00:00:00+00:00
[2024-05-16T12:15:26.415+0000] {processor.py:183} INFO - Processing /usr/local/python/3.10.13/lib/python3.10/site-packages/airflow/example_dags/example_short_circuit_decorator.py took 0.089 seconds
[2024-05-16T12:16:09.166+0000] {processor.py:161} INFO - Started process (PID=11487) to work on /usr/local/python/3.10.13/lib/python3.10/site-packages/airflow/example_dags/example_short_circuit_decorator.py
[2024-05-16T12:16:09.167+0000] {processor.py:830} INFO - Processing file /usr/local/python/3.10.13/lib/python3.10/site-packages/airflow/example_dags/example_short_circuit_decorator.py for tasks to queue
[2024-05-16T12:16:09.168+0000] {logging_mixin.py:188} INFO - [2024-05-16T12:16:09.168+0000] {dagbag.py:545} INFO - Filling up the DagBag from /usr/local/python/3.10.13/lib/python3.10/site-packages/airflow/example_dags/example_short_circuit_decorator.py
[2024-05-16T12:16:09.175+0000] {processor.py:840} INFO - DAG(s) 'example_short_circuit_decorator' retrieved from /usr/local/python/3.10.13/lib/python3.10/site-packages/airflow/example_dags/example_short_circuit_decorator.py
[2024-05-16T12:16:09.189+0000] {logging_mixin.py:188} INFO - [2024-05-16T12:16:09.189+0000] {dag.py:3096} INFO - Sync 1 DAGs
[2024-05-16T12:16:09.203+0000] {logging_mixin.py:188} INFO - [2024-05-16T12:16:09.203+0000] {dag.py:3954} INFO - Setting next_dagrun for example_short_circuit_decorator to 2024-05-15 00:00:00+00:00, run_after=2024-05-16 00:00:00+00:00
[2024-05-16T12:16:09.250+0000] {processor.py:183} INFO - Processing /usr/local/python/3.10.13/lib/python3.10/site-packages/airflow/example_dags/example_short_circuit_decorator.py took 0.089 seconds
[2024-05-16T12:16:53.450+0000] {processor.py:161} INFO - Started process (PID=11818) to work on /usr/local/python/3.10.13/lib/python3.10/site-packages/airflow/example_dags/example_short_circuit_decorator.py
[2024-05-16T12:16:53.451+0000] {processor.py:830} INFO - Processing file /usr/local/python/3.10.13/lib/python3.10/site-packages/airflow/example_dags/example_short_circuit_decorator.py for tasks to queue
[2024-05-16T12:16:53.452+0000] {logging_mixin.py:188} INFO - [2024-05-16T12:16:53.452+0000] {dagbag.py:545} INFO - Filling up the DagBag from /usr/local/python/3.10.13/lib/python3.10/site-packages/airflow/example_dags/example_short_circuit_decorator.py
[2024-05-16T12:16:53.460+0000] {processor.py:840} INFO - DAG(s) 'example_short_circuit_decorator' retrieved from /usr/local/python/3.10.13/lib/python3.10/site-packages/airflow/example_dags/example_short_circuit_decorator.py
[2024-05-16T12:16:53.474+0000] {logging_mixin.py:188} INFO - [2024-05-16T12:16:53.473+0000] {dag.py:3096} INFO - Sync 1 DAGs
[2024-05-16T12:16:53.488+0000] {logging_mixin.py:188} INFO - [2024-05-16T12:16:53.488+0000] {dag.py:3954} INFO - Setting next_dagrun for example_short_circuit_decorator to 2024-05-15 00:00:00+00:00, run_after=2024-05-16 00:00:00+00:00
[2024-05-16T12:16:53.539+0000] {processor.py:183} INFO - Processing /usr/local/python/3.10.13/lib/python3.10/site-packages/airflow/example_dags/example_short_circuit_decorator.py took 0.093 seconds
[2024-05-16T12:17:35.548+0000] {processor.py:161} INFO - Started process (PID=12119) to work on /usr/local/python/3.10.13/lib/python3.10/site-packages/airflow/example_dags/example_short_circuit_decorator.py
[2024-05-16T12:17:35.549+0000] {processor.py:830} INFO - Processing file /usr/local/python/3.10.13/lib/python3.10/site-packages/airflow/example_dags/example_short_circuit_decorator.py for tasks to queue
[2024-05-16T12:17:35.551+0000] {logging_mixin.py:188} INFO - [2024-05-16T12:17:35.550+0000] {dagbag.py:545} INFO - Filling up the DagBag from /usr/local/python/3.10.13/lib/python3.10/site-packages/airflow/example_dags/example_short_circuit_decorator.py
[2024-05-16T12:17:35.558+0000] {processor.py:840} INFO - DAG(s) 'example_short_circuit_decorator' retrieved from /usr/local/python/3.10.13/lib/python3.10/site-packages/airflow/example_dags/example_short_circuit_decorator.py
[2024-05-16T12:17:35.572+0000] {logging_mixin.py:188} INFO - [2024-05-16T12:17:35.571+0000] {dag.py:3096} INFO - Sync 1 DAGs
[2024-05-16T12:17:35.586+0000] {logging_mixin.py:188} INFO - [2024-05-16T12:17:35.586+0000] {dag.py:3954} INFO - Setting next_dagrun for example_short_circuit_decorator to 2024-05-15 00:00:00+00:00, run_after=2024-05-16 00:00:00+00:00
[2024-05-16T12:17:35.637+0000] {processor.py:183} INFO - Processing /usr/local/python/3.10.13/lib/python3.10/site-packages/airflow/example_dags/example_short_circuit_decorator.py took 0.093 seconds
[2024-05-16T12:18:17.230+0000] {processor.py:161} INFO - Started process (PID=12411) to work on /usr/local/python/3.10.13/lib/python3.10/site-packages/airflow/example_dags/example_short_circuit_decorator.py
[2024-05-16T12:18:17.230+0000] {processor.py:830} INFO - Processing file /usr/local/python/3.10.13/lib/python3.10/site-packages/airflow/example_dags/example_short_circuit_decorator.py for tasks to queue
[2024-05-16T12:18:17.232+0000] {logging_mixin.py:188} INFO - [2024-05-16T12:18:17.231+0000] {dagbag.py:545} INFO - Filling up the DagBag from /usr/local/python/3.10.13/lib/python3.10/site-packages/airflow/example_dags/example_short_circuit_decorator.py
[2024-05-16T12:18:17.239+0000] {processor.py:840} INFO - DAG(s) 'example_short_circuit_decorator' retrieved from /usr/local/python/3.10.13/lib/python3.10/site-packages/airflow/example_dags/example_short_circuit_decorator.py
[2024-05-16T12:18:17.253+0000] {logging_mixin.py:188} INFO - [2024-05-16T12:18:17.253+0000] {dag.py:3096} INFO - Sync 1 DAGs
[2024-05-16T12:18:17.269+0000] {logging_mixin.py:188} INFO - [2024-05-16T12:18:17.268+0000] {dag.py:3954} INFO - Setting next_dagrun for example_short_circuit_decorator to 2024-05-15 00:00:00+00:00, run_after=2024-05-16 00:00:00+00:00
[2024-05-16T12:18:17.324+0000] {processor.py:183} INFO - Processing /usr/local/python/3.10.13/lib/python3.10/site-packages/airflow/example_dags/example_short_circuit_decorator.py took 0.099 seconds
[2024-05-16T12:18:57.464+0000] {processor.py:161} INFO - Started process (PID=12702) to work on /usr/local/python/3.10.13/lib/python3.10/site-packages/airflow/example_dags/example_short_circuit_decorator.py
[2024-05-16T12:18:57.465+0000] {processor.py:830} INFO - Processing file /usr/local/python/3.10.13/lib/python3.10/site-packages/airflow/example_dags/example_short_circuit_decorator.py for tasks to queue
[2024-05-16T12:18:57.466+0000] {logging_mixin.py:188} INFO - [2024-05-16T12:18:57.466+0000] {dagbag.py:545} INFO - Filling up the DagBag from /usr/local/python/3.10.13/lib/python3.10/site-packages/airflow/example_dags/example_short_circuit_decorator.py
[2024-05-16T12:18:57.474+0000] {processor.py:840} INFO - DAG(s) 'example_short_circuit_decorator' retrieved from /usr/local/python/3.10.13/lib/python3.10/site-packages/airflow/example_dags/example_short_circuit_decorator.py
[2024-05-16T12:18:57.489+0000] {logging_mixin.py:188} INFO - [2024-05-16T12:18:57.489+0000] {dag.py:3096} INFO - Sync 1 DAGs
[2024-05-16T12:18:57.503+0000] {logging_mixin.py:188} INFO - [2024-05-16T12:18:57.503+0000] {dag.py:3954} INFO - Setting next_dagrun for example_short_circuit_decorator to 2024-05-15 00:00:00+00:00, run_after=2024-05-16 00:00:00+00:00
[2024-05-16T12:18:57.550+0000] {processor.py:183} INFO - Processing /usr/local/python/3.10.13/lib/python3.10/site-packages/airflow/example_dags/example_short_circuit_decorator.py took 0.090 seconds
[2024-05-16T12:19:41.336+0000] {processor.py:161} INFO - Started process (PID=13008) to work on /usr/local/python/3.10.13/lib/python3.10/site-packages/airflow/example_dags/example_short_circuit_decorator.py
[2024-05-16T12:19:41.336+0000] {processor.py:830} INFO - Processing file /usr/local/python/3.10.13/lib/python3.10/site-packages/airflow/example_dags/example_short_circuit_decorator.py for tasks to queue
[2024-05-16T12:19:41.338+0000] {logging_mixin.py:188} INFO - [2024-05-16T12:19:41.338+0000] {dagbag.py:545} INFO - Filling up the DagBag from /usr/local/python/3.10.13/lib/python3.10/site-packages/airflow/example_dags/example_short_circuit_decorator.py
[2024-05-16T12:19:41.347+0000] {processor.py:840} INFO - DAG(s) 'example_short_circuit_decorator' retrieved from /usr/local/python/3.10.13/lib/python3.10/site-packages/airflow/example_dags/example_short_circuit_decorator.py
[2024-05-16T12:19:41.362+0000] {logging_mixin.py:188} INFO - [2024-05-16T12:19:41.362+0000] {dag.py:3096} INFO - Sync 1 DAGs
[2024-05-16T12:19:41.378+0000] {logging_mixin.py:188} INFO - [2024-05-16T12:19:41.378+0000] {dag.py:3954} INFO - Setting next_dagrun for example_short_circuit_decorator to 2024-05-15 00:00:00+00:00, run_after=2024-05-16 00:00:00+00:00
[2024-05-16T12:19:41.423+0000] {processor.py:183} INFO - Processing /usr/local/python/3.10.13/lib/python3.10/site-packages/airflow/example_dags/example_short_circuit_decorator.py took 0.092 seconds
[2024-05-16T12:20:22.852+0000] {processor.py:161} INFO - Started process (PID=13305) to work on /usr/local/python/3.10.13/lib/python3.10/site-packages/airflow/example_dags/example_short_circuit_decorator.py
[2024-05-16T12:20:22.853+0000] {processor.py:830} INFO - Processing file /usr/local/python/3.10.13/lib/python3.10/site-packages/airflow/example_dags/example_short_circuit_decorator.py for tasks to queue
[2024-05-16T12:20:22.855+0000] {logging_mixin.py:188} INFO - [2024-05-16T12:20:22.855+0000] {dagbag.py:545} INFO - Filling up the DagBag from /usr/local/python/3.10.13/lib/python3.10/site-packages/airflow/example_dags/example_short_circuit_decorator.py
[2024-05-16T12:20:22.870+0000] {processor.py:840} INFO - DAG(s) 'example_short_circuit_decorator' retrieved from /usr/local/python/3.10.13/lib/python3.10/site-packages/airflow/example_dags/example_short_circuit_decorator.py
[2024-05-16T12:20:22.893+0000] {logging_mixin.py:188} INFO - [2024-05-16T12:20:22.892+0000] {dag.py:3096} INFO - Sync 1 DAGs
[2024-05-16T12:20:22.913+0000] {logging_mixin.py:188} INFO - [2024-05-16T12:20:22.912+0000] {dag.py:3954} INFO - Setting next_dagrun for example_short_circuit_decorator to 2024-05-15 00:00:00+00:00, run_after=2024-05-16 00:00:00+00:00
[2024-05-16T12:20:22.963+0000] {processor.py:183} INFO - Processing /usr/local/python/3.10.13/lib/python3.10/site-packages/airflow/example_dags/example_short_circuit_decorator.py took 0.118 seconds
[2024-05-16T12:21:04.317+0000] {processor.py:161} INFO - Started process (PID=13598) to work on /usr/local/python/3.10.13/lib/python3.10/site-packages/airflow/example_dags/example_short_circuit_decorator.py
[2024-05-16T12:21:04.318+0000] {processor.py:830} INFO - Processing file /usr/local/python/3.10.13/lib/python3.10/site-packages/airflow/example_dags/example_short_circuit_decorator.py for tasks to queue
[2024-05-16T12:21:04.319+0000] {logging_mixin.py:188} INFO - [2024-05-16T12:21:04.319+0000] {dagbag.py:545} INFO - Filling up the DagBag from /usr/local/python/3.10.13/lib/python3.10/site-packages/airflow/example_dags/example_short_circuit_decorator.py
[2024-05-16T12:21:04.326+0000] {processor.py:840} INFO - DAG(s) 'example_short_circuit_decorator' retrieved from /usr/local/python/3.10.13/lib/python3.10/site-packages/airflow/example_dags/example_short_circuit_decorator.py
[2024-05-16T12:21:04.340+0000] {logging_mixin.py:188} INFO - [2024-05-16T12:21:04.340+0000] {dag.py:3096} INFO - Sync 1 DAGs
[2024-05-16T12:21:04.356+0000] {logging_mixin.py:188} INFO - [2024-05-16T12:21:04.356+0000] {dag.py:3954} INFO - Setting next_dagrun for example_short_circuit_decorator to 2024-05-15 00:00:00+00:00, run_after=2024-05-16 00:00:00+00:00
[2024-05-16T12:21:04.404+0000] {processor.py:183} INFO - Processing /usr/local/python/3.10.13/lib/python3.10/site-packages/airflow/example_dags/example_short_circuit_decorator.py took 0.092 seconds
[2024-05-16T12:21:46.815+0000] {processor.py:161} INFO - Started process (PID=13908) to work on /usr/local/python/3.10.13/lib/python3.10/site-packages/airflow/example_dags/example_short_circuit_decorator.py
[2024-05-16T12:21:46.816+0000] {processor.py:830} INFO - Processing file /usr/local/python/3.10.13/lib/python3.10/site-packages/airflow/example_dags/example_short_circuit_decorator.py for tasks to queue
[2024-05-16T12:21:46.818+0000] {logging_mixin.py:188} INFO - [2024-05-16T12:21:46.817+0000] {dagbag.py:545} INFO - Filling up the DagBag from /usr/local/python/3.10.13/lib/python3.10/site-packages/airflow/example_dags/example_short_circuit_decorator.py
[2024-05-16T12:21:46.825+0000] {processor.py:840} INFO - DAG(s) 'example_short_circuit_decorator' retrieved from /usr/local/python/3.10.13/lib/python3.10/site-packages/airflow/example_dags/example_short_circuit_decorator.py
[2024-05-16T12:21:46.839+0000] {logging_mixin.py:188} INFO - [2024-05-16T12:21:46.838+0000] {dag.py:3096} INFO - Sync 1 DAGs
[2024-05-16T12:21:46.853+0000] {logging_mixin.py:188} INFO - [2024-05-16T12:21:46.853+0000] {dag.py:3954} INFO - Setting next_dagrun for example_short_circuit_decorator to 2024-05-15 00:00:00+00:00, run_after=2024-05-16 00:00:00+00:00
[2024-05-16T12:21:46.898+0000] {processor.py:183} INFO - Processing /usr/local/python/3.10.13/lib/python3.10/site-packages/airflow/example_dags/example_short_circuit_decorator.py took 0.087 seconds
[2024-05-16T12:22:30.864+0000] {processor.py:161} INFO - Started process (PID=14233) to work on /usr/local/python/3.10.13/lib/python3.10/site-packages/airflow/example_dags/example_short_circuit_decorator.py
[2024-05-16T12:22:30.865+0000] {processor.py:830} INFO - Processing file /usr/local/python/3.10.13/lib/python3.10/site-packages/airflow/example_dags/example_short_circuit_decorator.py for tasks to queue
[2024-05-16T12:22:30.866+0000] {logging_mixin.py:188} INFO - [2024-05-16T12:22:30.866+0000] {dagbag.py:545} INFO - Filling up the DagBag from /usr/local/python/3.10.13/lib/python3.10/site-packages/airflow/example_dags/example_short_circuit_decorator.py
[2024-05-16T12:22:30.873+0000] {processor.py:840} INFO - DAG(s) 'example_short_circuit_decorator' retrieved from /usr/local/python/3.10.13/lib/python3.10/site-packages/airflow/example_dags/example_short_circuit_decorator.py
[2024-05-16T12:22:30.887+0000] {logging_mixin.py:188} INFO - [2024-05-16T12:22:30.887+0000] {dag.py:3096} INFO - Sync 1 DAGs
[2024-05-16T12:22:30.901+0000] {logging_mixin.py:188} INFO - [2024-05-16T12:22:30.901+0000] {dag.py:3954} INFO - Setting next_dagrun for example_short_circuit_decorator to 2024-05-15 00:00:00+00:00, run_after=2024-05-16 00:00:00+00:00
[2024-05-16T12:22:30.947+0000] {processor.py:183} INFO - Processing /usr/local/python/3.10.13/lib/python3.10/site-packages/airflow/example_dags/example_short_circuit_decorator.py took 0.088 seconds
[2024-05-16T12:23:15.402+0000] {processor.py:161} INFO - Started process (PID=14558) to work on /usr/local/python/3.10.13/lib/python3.10/site-packages/airflow/example_dags/example_short_circuit_decorator.py
[2024-05-16T12:23:15.403+0000] {processor.py:830} INFO - Processing file /usr/local/python/3.10.13/lib/python3.10/site-packages/airflow/example_dags/example_short_circuit_decorator.py for tasks to queue
[2024-05-16T12:23:15.404+0000] {logging_mixin.py:188} INFO - [2024-05-16T12:23:15.404+0000] {dagbag.py:545} INFO - Filling up the DagBag from /usr/local/python/3.10.13/lib/python3.10/site-packages/airflow/example_dags/example_short_circuit_decorator.py
[2024-05-16T12:23:15.411+0000] {processor.py:840} INFO - DAG(s) 'example_short_circuit_decorator' retrieved from /usr/local/python/3.10.13/lib/python3.10/site-packages/airflow/example_dags/example_short_circuit_decorator.py
[2024-05-16T12:23:15.426+0000] {logging_mixin.py:188} INFO - [2024-05-16T12:23:15.425+0000] {dag.py:3096} INFO - Sync 1 DAGs
[2024-05-16T12:23:15.441+0000] {logging_mixin.py:188} INFO - [2024-05-16T12:23:15.441+0000] {dag.py:3954} INFO - Setting next_dagrun for example_short_circuit_decorator to 2024-05-15 00:00:00+00:00, run_after=2024-05-16 00:00:00+00:00
[2024-05-16T12:23:15.501+0000] {processor.py:183} INFO - Processing /usr/local/python/3.10.13/lib/python3.10/site-packages/airflow/example_dags/example_short_circuit_decorator.py took 0.105 seconds
[2024-05-16T12:24:00.300+0000] {processor.py:161} INFO - Started process (PID=14915) to work on /usr/local/python/3.10.13/lib/python3.10/site-packages/airflow/example_dags/example_short_circuit_decorator.py
[2024-05-16T12:24:00.301+0000] {processor.py:830} INFO - Processing file /usr/local/python/3.10.13/lib/python3.10/site-packages/airflow/example_dags/example_short_circuit_decorator.py for tasks to queue
[2024-05-16T12:24:00.303+0000] {logging_mixin.py:188} INFO - [2024-05-16T12:24:00.302+0000] {dagbag.py:545} INFO - Filling up the DagBag from /usr/local/python/3.10.13/lib/python3.10/site-packages/airflow/example_dags/example_short_circuit_decorator.py
[2024-05-16T12:24:00.314+0000] {processor.py:840} INFO - DAG(s) 'example_short_circuit_decorator' retrieved from /usr/local/python/3.10.13/lib/python3.10/site-packages/airflow/example_dags/example_short_circuit_decorator.py
[2024-05-16T12:24:00.329+0000] {logging_mixin.py:188} INFO - [2024-05-16T12:24:00.329+0000] {dag.py:3096} INFO - Sync 1 DAGs
[2024-05-16T12:24:00.345+0000] {logging_mixin.py:188} INFO - [2024-05-16T12:24:00.344+0000] {dag.py:3954} INFO - Setting next_dagrun for example_short_circuit_decorator to 2024-05-15 00:00:00+00:00, run_after=2024-05-16 00:00:00+00:00
[2024-05-16T12:24:00.391+0000] {processor.py:183} INFO - Processing /usr/local/python/3.10.13/lib/python3.10/site-packages/airflow/example_dags/example_short_circuit_decorator.py took 0.096 seconds
[2024-05-16T12:24:43.305+0000] {processor.py:161} INFO - Started process (PID=15224) to work on /usr/local/python/3.10.13/lib/python3.10/site-packages/airflow/example_dags/example_short_circuit_decorator.py
[2024-05-16T12:24:43.306+0000] {processor.py:830} INFO - Processing file /usr/local/python/3.10.13/lib/python3.10/site-packages/airflow/example_dags/example_short_circuit_decorator.py for tasks to queue
[2024-05-16T12:24:43.307+0000] {logging_mixin.py:188} INFO - [2024-05-16T12:24:43.307+0000] {dagbag.py:545} INFO - Filling up the DagBag from /usr/local/python/3.10.13/lib/python3.10/site-packages/airflow/example_dags/example_short_circuit_decorator.py
[2024-05-16T12:24:43.314+0000] {processor.py:840} INFO - DAG(s) 'example_short_circuit_decorator' retrieved from /usr/local/python/3.10.13/lib/python3.10/site-packages/airflow/example_dags/example_short_circuit_decorator.py
[2024-05-16T12:24:43.328+0000] {logging_mixin.py:188} INFO - [2024-05-16T12:24:43.328+0000] {dag.py:3096} INFO - Sync 1 DAGs
[2024-05-16T12:24:43.343+0000] {logging_mixin.py:188} INFO - [2024-05-16T12:24:43.343+0000] {dag.py:3954} INFO - Setting next_dagrun for example_short_circuit_decorator to 2024-05-15 00:00:00+00:00, run_after=2024-05-16 00:00:00+00:00
[2024-05-16T12:24:43.391+0000] {processor.py:183} INFO - Processing /usr/local/python/3.10.13/lib/python3.10/site-packages/airflow/example_dags/example_short_circuit_decorator.py took 0.091 seconds
[2024-05-16T12:25:22.744+0000] {processor.py:161} INFO - Started process (PID=15530) to work on /usr/local/python/3.10.13/lib/python3.10/site-packages/airflow/example_dags/example_short_circuit_decorator.py
[2024-05-16T12:25:22.745+0000] {processor.py:830} INFO - Processing file /usr/local/python/3.10.13/lib/python3.10/site-packages/airflow/example_dags/example_short_circuit_decorator.py for tasks to queue
[2024-05-16T12:25:22.746+0000] {logging_mixin.py:188} INFO - [2024-05-16T12:25:22.746+0000] {dagbag.py:545} INFO - Filling up the DagBag from /usr/local/python/3.10.13/lib/python3.10/site-packages/airflow/example_dags/example_short_circuit_decorator.py
[2024-05-16T12:25:22.754+0000] {processor.py:840} INFO - DAG(s) 'example_short_circuit_decorator' retrieved from /usr/local/python/3.10.13/lib/python3.10/site-packages/airflow/example_dags/example_short_circuit_decorator.py
[2024-05-16T12:25:22.767+0000] {logging_mixin.py:188} INFO - [2024-05-16T12:25:22.767+0000] {dag.py:3096} INFO - Sync 1 DAGs
[2024-05-16T12:25:22.782+0000] {logging_mixin.py:188} INFO - [2024-05-16T12:25:22.781+0000] {dag.py:3954} INFO - Setting next_dagrun for example_short_circuit_decorator to 2024-05-15 00:00:00+00:00, run_after=2024-05-16 00:00:00+00:00
[2024-05-16T12:25:22.832+0000] {processor.py:183} INFO - Processing /usr/local/python/3.10.13/lib/python3.10/site-packages/airflow/example_dags/example_short_circuit_decorator.py took 0.092 seconds
[2024-05-16T12:26:01.655+0000] {processor.py:161} INFO - Started process (PID=15826) to work on /usr/local/python/3.10.13/lib/python3.10/site-packages/airflow/example_dags/example_short_circuit_decorator.py
[2024-05-16T12:26:01.655+0000] {processor.py:830} INFO - Processing file /usr/local/python/3.10.13/lib/python3.10/site-packages/airflow/example_dags/example_short_circuit_decorator.py for tasks to queue
[2024-05-16T12:26:01.657+0000] {logging_mixin.py:188} INFO - [2024-05-16T12:26:01.656+0000] {dagbag.py:545} INFO - Filling up the DagBag from /usr/local/python/3.10.13/lib/python3.10/site-packages/airflow/example_dags/example_short_circuit_decorator.py
[2024-05-16T12:26:01.664+0000] {processor.py:840} INFO - DAG(s) 'example_short_circuit_decorator' retrieved from /usr/local/python/3.10.13/lib/python3.10/site-packages/airflow/example_dags/example_short_circuit_decorator.py
[2024-05-16T12:26:01.678+0000] {logging_mixin.py:188} INFO - [2024-05-16T12:26:01.678+0000] {dag.py:3096} INFO - Sync 1 DAGs
[2024-05-16T12:26:01.693+0000] {logging_mixin.py:188} INFO - [2024-05-16T12:26:01.692+0000] {dag.py:3954} INFO - Setting next_dagrun for example_short_circuit_decorator to 2024-05-15 00:00:00+00:00, run_after=2024-05-16 00:00:00+00:00
[2024-05-16T12:26:01.738+0000] {processor.py:183} INFO - Processing /usr/local/python/3.10.13/lib/python3.10/site-packages/airflow/example_dags/example_short_circuit_decorator.py took 0.088 seconds
[2024-05-16T12:26:42.919+0000] {processor.py:161} INFO - Started process (PID=16134) to work on /usr/local/python/3.10.13/lib/python3.10/site-packages/airflow/example_dags/example_short_circuit_decorator.py
[2024-05-16T12:26:42.920+0000] {processor.py:830} INFO - Processing file /usr/local/python/3.10.13/lib/python3.10/site-packages/airflow/example_dags/example_short_circuit_decorator.py for tasks to queue
[2024-05-16T12:26:42.921+0000] {logging_mixin.py:188} INFO - [2024-05-16T12:26:42.921+0000] {dagbag.py:545} INFO - Filling up the DagBag from /usr/local/python/3.10.13/lib/python3.10/site-packages/airflow/example_dags/example_short_circuit_decorator.py
[2024-05-16T12:26:42.928+0000] {processor.py:840} INFO - DAG(s) 'example_short_circuit_decorator' retrieved from /usr/local/python/3.10.13/lib/python3.10/site-packages/airflow/example_dags/example_short_circuit_decorator.py
[2024-05-16T12:26:42.944+0000] {logging_mixin.py:188} INFO - [2024-05-16T12:26:42.944+0000] {dag.py:3096} INFO - Sync 1 DAGs
[2024-05-16T12:26:42.959+0000] {logging_mixin.py:188} INFO - [2024-05-16T12:26:42.959+0000] {dag.py:3954} INFO - Setting next_dagrun for example_short_circuit_decorator to 2024-05-15 00:00:00+00:00, run_after=2024-05-16 00:00:00+00:00
[2024-05-16T12:26:43.004+0000] {processor.py:183} INFO - Processing /usr/local/python/3.10.13/lib/python3.10/site-packages/airflow/example_dags/example_short_circuit_decorator.py took 0.090 seconds
[2024-05-16T12:27:26.324+0000] {processor.py:161} INFO - Started process (PID=16457) to work on /usr/local/python/3.10.13/lib/python3.10/site-packages/airflow/example_dags/example_short_circuit_decorator.py
[2024-05-16T12:27:26.324+0000] {processor.py:830} INFO - Processing file /usr/local/python/3.10.13/lib/python3.10/site-packages/airflow/example_dags/example_short_circuit_decorator.py for tasks to queue
[2024-05-16T12:27:26.326+0000] {logging_mixin.py:188} INFO - [2024-05-16T12:27:26.325+0000] {dagbag.py:545} INFO - Filling up the DagBag from /usr/local/python/3.10.13/lib/python3.10/site-packages/airflow/example_dags/example_short_circuit_decorator.py
[2024-05-16T12:27:26.333+0000] {processor.py:840} INFO - DAG(s) 'example_short_circuit_decorator' retrieved from /usr/local/python/3.10.13/lib/python3.10/site-packages/airflow/example_dags/example_short_circuit_decorator.py
[2024-05-16T12:27:26.346+0000] {logging_mixin.py:188} INFO - [2024-05-16T12:27:26.346+0000] {dag.py:3096} INFO - Sync 1 DAGs
[2024-05-16T12:27:26.360+0000] {logging_mixin.py:188} INFO - [2024-05-16T12:27:26.360+0000] {dag.py:3954} INFO - Setting next_dagrun for example_short_circuit_decorator to 2024-05-15 00:00:00+00:00, run_after=2024-05-16 00:00:00+00:00
[2024-05-16T12:27:26.409+0000] {processor.py:183} INFO - Processing /usr/local/python/3.10.13/lib/python3.10/site-packages/airflow/example_dags/example_short_circuit_decorator.py took 0.090 seconds
[2024-05-16T12:28:09.019+0000] {processor.py:161} INFO - Started process (PID=16768) to work on /usr/local/python/3.10.13/lib/python3.10/site-packages/airflow/example_dags/example_short_circuit_decorator.py
[2024-05-16T12:28:09.020+0000] {processor.py:830} INFO - Processing file /usr/local/python/3.10.13/lib/python3.10/site-packages/airflow/example_dags/example_short_circuit_decorator.py for tasks to queue
[2024-05-16T12:28:09.021+0000] {logging_mixin.py:188} INFO - [2024-05-16T12:28:09.021+0000] {dagbag.py:545} INFO - Filling up the DagBag from /usr/local/python/3.10.13/lib/python3.10/site-packages/airflow/example_dags/example_short_circuit_decorator.py
[2024-05-16T12:28:09.030+0000] {processor.py:840} INFO - DAG(s) 'example_short_circuit_decorator' retrieved from /usr/local/python/3.10.13/lib/python3.10/site-packages/airflow/example_dags/example_short_circuit_decorator.py
[2024-05-16T12:28:09.047+0000] {logging_mixin.py:188} INFO - [2024-05-16T12:28:09.047+0000] {dag.py:3096} INFO - Sync 1 DAGs
[2024-05-16T12:28:09.063+0000] {logging_mixin.py:188} INFO - [2024-05-16T12:28:09.062+0000] {dag.py:3954} INFO - Setting next_dagrun for example_short_circuit_decorator to 2024-05-15 00:00:00+00:00, run_after=2024-05-16 00:00:00+00:00
[2024-05-16T12:28:09.108+0000] {processor.py:183} INFO - Processing /usr/local/python/3.10.13/lib/python3.10/site-packages/airflow/example_dags/example_short_circuit_decorator.py took 0.094 seconds
[2024-05-16T12:28:50.502+0000] {processor.py:161} INFO - Started process (PID=17058) to work on /usr/local/python/3.10.13/lib/python3.10/site-packages/airflow/example_dags/example_short_circuit_decorator.py
[2024-05-16T12:28:50.503+0000] {processor.py:830} INFO - Processing file /usr/local/python/3.10.13/lib/python3.10/site-packages/airflow/example_dags/example_short_circuit_decorator.py for tasks to queue
[2024-05-16T12:28:50.504+0000] {logging_mixin.py:188} INFO - [2024-05-16T12:28:50.504+0000] {dagbag.py:545} INFO - Filling up the DagBag from /usr/local/python/3.10.13/lib/python3.10/site-packages/airflow/example_dags/example_short_circuit_decorator.py
[2024-05-16T12:28:50.512+0000] {processor.py:840} INFO - DAG(s) 'example_short_circuit_decorator' retrieved from /usr/local/python/3.10.13/lib/python3.10/site-packages/airflow/example_dags/example_short_circuit_decorator.py
[2024-05-16T12:28:50.526+0000] {logging_mixin.py:188} INFO - [2024-05-16T12:28:50.526+0000] {dag.py:3096} INFO - Sync 1 DAGs
[2024-05-16T12:28:50.541+0000] {logging_mixin.py:188} INFO - [2024-05-16T12:28:50.540+0000] {dag.py:3954} INFO - Setting next_dagrun for example_short_circuit_decorator to 2024-05-15 00:00:00+00:00, run_after=2024-05-16 00:00:00+00:00
[2024-05-16T12:28:50.586+0000] {processor.py:183} INFO - Processing /usr/local/python/3.10.13/lib/python3.10/site-packages/airflow/example_dags/example_short_circuit_decorator.py took 0.089 seconds
[2024-05-16T12:29:33.610+0000] {processor.py:161} INFO - Started process (PID=17362) to work on /usr/local/python/3.10.13/lib/python3.10/site-packages/airflow/example_dags/example_short_circuit_decorator.py
[2024-05-16T12:29:33.611+0000] {processor.py:830} INFO - Processing file /usr/local/python/3.10.13/lib/python3.10/site-packages/airflow/example_dags/example_short_circuit_decorator.py for tasks to queue
[2024-05-16T12:29:33.613+0000] {logging_mixin.py:188} INFO - [2024-05-16T12:29:33.612+0000] {dagbag.py:545} INFO - Filling up the DagBag from /usr/local/python/3.10.13/lib/python3.10/site-packages/airflow/example_dags/example_short_circuit_decorator.py
[2024-05-16T12:29:33.624+0000] {processor.py:840} INFO - DAG(s) 'example_short_circuit_decorator' retrieved from /usr/local/python/3.10.13/lib/python3.10/site-packages/airflow/example_dags/example_short_circuit_decorator.py
[2024-05-16T12:29:33.644+0000] {logging_mixin.py:188} INFO - [2024-05-16T12:29:33.644+0000] {dag.py:3096} INFO - Sync 1 DAGs
[2024-05-16T12:29:33.663+0000] {logging_mixin.py:188} INFO - [2024-05-16T12:29:33.663+0000] {dag.py:3954} INFO - Setting next_dagrun for example_short_circuit_decorator to 2024-05-15 00:00:00+00:00, run_after=2024-05-16 00:00:00+00:00
[2024-05-16T12:29:33.710+0000] {processor.py:183} INFO - Processing /usr/local/python/3.10.13/lib/python3.10/site-packages/airflow/example_dags/example_short_circuit_decorator.py took 0.107 seconds
[2024-05-16T12:30:16.704+0000] {processor.py:161} INFO - Started process (PID=17694) to work on /usr/local/python/3.10.13/lib/python3.10/site-packages/airflow/example_dags/example_short_circuit_decorator.py
[2024-05-16T12:30:16.706+0000] {processor.py:830} INFO - Processing file /usr/local/python/3.10.13/lib/python3.10/site-packages/airflow/example_dags/example_short_circuit_decorator.py for tasks to queue
[2024-05-16T12:30:16.707+0000] {logging_mixin.py:188} INFO - [2024-05-16T12:30:16.707+0000] {dagbag.py:545} INFO - Filling up the DagBag from /usr/local/python/3.10.13/lib/python3.10/site-packages/airflow/example_dags/example_short_circuit_decorator.py
[2024-05-16T12:30:16.714+0000] {processor.py:840} INFO - DAG(s) 'example_short_circuit_decorator' retrieved from /usr/local/python/3.10.13/lib/python3.10/site-packages/airflow/example_dags/example_short_circuit_decorator.py
[2024-05-16T12:30:16.730+0000] {logging_mixin.py:188} INFO - [2024-05-16T12:30:16.729+0000] {dag.py:3096} INFO - Sync 1 DAGs
[2024-05-16T12:30:16.747+0000] {logging_mixin.py:188} INFO - [2024-05-16T12:30:16.746+0000] {dag.py:3954} INFO - Setting next_dagrun for example_short_circuit_decorator to 2024-05-15 00:00:00+00:00, run_after=2024-05-16 00:00:00+00:00
[2024-05-16T12:30:16.792+0000] {processor.py:183} INFO - Processing /usr/local/python/3.10.13/lib/python3.10/site-packages/airflow/example_dags/example_short_circuit_decorator.py took 0.092 seconds
[2024-05-16T12:31:00.753+0000] {processor.py:161} INFO - Started process (PID=17989) to work on /usr/local/python/3.10.13/lib/python3.10/site-packages/airflow/example_dags/example_short_circuit_decorator.py
[2024-05-16T12:31:00.754+0000] {processor.py:830} INFO - Processing file /usr/local/python/3.10.13/lib/python3.10/site-packages/airflow/example_dags/example_short_circuit_decorator.py for tasks to queue
[2024-05-16T12:31:00.755+0000] {logging_mixin.py:188} INFO - [2024-05-16T12:31:00.755+0000] {dagbag.py:545} INFO - Filling up the DagBag from /usr/local/python/3.10.13/lib/python3.10/site-packages/airflow/example_dags/example_short_circuit_decorator.py
[2024-05-16T12:31:00.766+0000] {processor.py:840} INFO - DAG(s) 'example_short_circuit_decorator' retrieved from /usr/local/python/3.10.13/lib/python3.10/site-packages/airflow/example_dags/example_short_circuit_decorator.py
[2024-05-16T12:31:00.779+0000] {logging_mixin.py:188} INFO - [2024-05-16T12:31:00.779+0000] {dag.py:3096} INFO - Sync 1 DAGs
[2024-05-16T12:31:00.801+0000] {logging_mixin.py:188} INFO - [2024-05-16T12:31:00.801+0000] {dag.py:3954} INFO - Setting next_dagrun for example_short_circuit_decorator to 2024-05-15 00:00:00+00:00, run_after=2024-05-16 00:00:00+00:00
[2024-05-16T12:31:00.848+0000] {processor.py:183} INFO - Processing /usr/local/python/3.10.13/lib/python3.10/site-packages/airflow/example_dags/example_short_circuit_decorator.py took 0.100 seconds
[2024-05-16T12:31:44.744+0000] {processor.py:161} INFO - Started process (PID=18308) to work on /usr/local/python/3.10.13/lib/python3.10/site-packages/airflow/example_dags/example_short_circuit_decorator.py
[2024-05-16T12:31:44.745+0000] {processor.py:830} INFO - Processing file /usr/local/python/3.10.13/lib/python3.10/site-packages/airflow/example_dags/example_short_circuit_decorator.py for tasks to queue
[2024-05-16T12:31:44.746+0000] {logging_mixin.py:188} INFO - [2024-05-16T12:31:44.746+0000] {dagbag.py:545} INFO - Filling up the DagBag from /usr/local/python/3.10.13/lib/python3.10/site-packages/airflow/example_dags/example_short_circuit_decorator.py
[2024-05-16T12:31:44.754+0000] {processor.py:840} INFO - DAG(s) 'example_short_circuit_decorator' retrieved from /usr/local/python/3.10.13/lib/python3.10/site-packages/airflow/example_dags/example_short_circuit_decorator.py
[2024-05-16T12:31:44.768+0000] {logging_mixin.py:188} INFO - [2024-05-16T12:31:44.768+0000] {dag.py:3096} INFO - Sync 1 DAGs
[2024-05-16T12:31:44.783+0000] {logging_mixin.py:188} INFO - [2024-05-16T12:31:44.783+0000] {dag.py:3954} INFO - Setting next_dagrun for example_short_circuit_decorator to 2024-05-15 00:00:00+00:00, run_after=2024-05-16 00:00:00+00:00
[2024-05-16T12:31:44.830+0000] {processor.py:183} INFO - Processing /usr/local/python/3.10.13/lib/python3.10/site-packages/airflow/example_dags/example_short_circuit_decorator.py took 0.090 seconds
[2024-05-16T12:32:26.223+0000] {processor.py:161} INFO - Started process (PID=18606) to work on /usr/local/python/3.10.13/lib/python3.10/site-packages/airflow/example_dags/example_short_circuit_decorator.py
[2024-05-16T12:32:26.223+0000] {processor.py:830} INFO - Processing file /usr/local/python/3.10.13/lib/python3.10/site-packages/airflow/example_dags/example_short_circuit_decorator.py for tasks to queue
[2024-05-16T12:32:26.225+0000] {logging_mixin.py:188} INFO - [2024-05-16T12:32:26.224+0000] {dagbag.py:545} INFO - Filling up the DagBag from /usr/local/python/3.10.13/lib/python3.10/site-packages/airflow/example_dags/example_short_circuit_decorator.py
[2024-05-16T12:32:26.232+0000] {processor.py:840} INFO - DAG(s) 'example_short_circuit_decorator' retrieved from /usr/local/python/3.10.13/lib/python3.10/site-packages/airflow/example_dags/example_short_circuit_decorator.py
[2024-05-16T12:32:26.247+0000] {logging_mixin.py:188} INFO - [2024-05-16T12:32:26.247+0000] {dag.py:3096} INFO - Sync 1 DAGs
[2024-05-16T12:32:26.262+0000] {logging_mixin.py:188} INFO - [2024-05-16T12:32:26.261+0000] {dag.py:3954} INFO - Setting next_dagrun for example_short_circuit_decorator to 2024-05-15 00:00:00+00:00, run_after=2024-05-16 00:00:00+00:00
[2024-05-16T12:32:26.308+0000] {processor.py:183} INFO - Processing /usr/local/python/3.10.13/lib/python3.10/site-packages/airflow/example_dags/example_short_circuit_decorator.py took 0.090 seconds
[2024-05-16T12:33:26.643+0000] {processor.py:161} INFO - Started process (PID=19051) to work on /usr/local/python/3.10.13/lib/python3.10/site-packages/airflow/example_dags/example_short_circuit_decorator.py
[2024-05-16T12:33:26.645+0000] {processor.py:830} INFO - Processing file /usr/local/python/3.10.13/lib/python3.10/site-packages/airflow/example_dags/example_short_circuit_decorator.py for tasks to queue
[2024-05-16T12:33:26.647+0000] {logging_mixin.py:188} INFO - [2024-05-16T12:33:26.646+0000] {dagbag.py:545} INFO - Filling up the DagBag from /usr/local/python/3.10.13/lib/python3.10/site-packages/airflow/example_dags/example_short_circuit_decorator.py
[2024-05-16T12:33:26.658+0000] {processor.py:840} INFO - DAG(s) 'example_short_circuit_decorator' retrieved from /usr/local/python/3.10.13/lib/python3.10/site-packages/airflow/example_dags/example_short_circuit_decorator.py
[2024-05-16T12:33:26.673+0000] {logging_mixin.py:188} INFO - [2024-05-16T12:33:26.673+0000] {dag.py:3096} INFO - Sync 1 DAGs
[2024-05-16T12:33:26.688+0000] {logging_mixin.py:188} INFO - [2024-05-16T12:33:26.688+0000] {dag.py:3954} INFO - Setting next_dagrun for example_short_circuit_decorator to 2024-05-15 00:00:00+00:00, run_after=2024-05-16 00:00:00+00:00
[2024-05-16T12:33:26.732+0000] {processor.py:183} INFO - Processing /usr/local/python/3.10.13/lib/python3.10/site-packages/airflow/example_dags/example_short_circuit_decorator.py took 0.095 seconds
[2024-05-16T12:34:08.499+0000] {processor.py:161} INFO - Started process (PID=19364) to work on /usr/local/python/3.10.13/lib/python3.10/site-packages/airflow/example_dags/example_short_circuit_decorator.py
[2024-05-16T12:34:08.500+0000] {processor.py:830} INFO - Processing file /usr/local/python/3.10.13/lib/python3.10/site-packages/airflow/example_dags/example_short_circuit_decorator.py for tasks to queue
[2024-05-16T12:34:08.502+0000] {logging_mixin.py:188} INFO - [2024-05-16T12:34:08.501+0000] {dagbag.py:545} INFO - Filling up the DagBag from /usr/local/python/3.10.13/lib/python3.10/site-packages/airflow/example_dags/example_short_circuit_decorator.py
[2024-05-16T12:34:08.509+0000] {processor.py:840} INFO - DAG(s) 'example_short_circuit_decorator' retrieved from /usr/local/python/3.10.13/lib/python3.10/site-packages/airflow/example_dags/example_short_circuit_decorator.py
[2024-05-16T12:34:08.524+0000] {logging_mixin.py:188} INFO - [2024-05-16T12:34:08.524+0000] {dag.py:3096} INFO - Sync 1 DAGs
[2024-05-16T12:34:08.539+0000] {logging_mixin.py:188} INFO - [2024-05-16T12:34:08.539+0000] {dag.py:3954} INFO - Setting next_dagrun for example_short_circuit_decorator to 2024-05-15 00:00:00+00:00, run_after=2024-05-16 00:00:00+00:00
[2024-05-16T12:34:08.581+0000] {processor.py:183} INFO - Processing /usr/local/python/3.10.13/lib/python3.10/site-packages/airflow/example_dags/example_short_circuit_decorator.py took 0.087 seconds
[2024-05-16T12:34:50.844+0000] {processor.py:161} INFO - Started process (PID=19674) to work on /usr/local/python/3.10.13/lib/python3.10/site-packages/airflow/example_dags/example_short_circuit_decorator.py
[2024-05-16T12:34:50.847+0000] {processor.py:830} INFO - Processing file /usr/local/python/3.10.13/lib/python3.10/site-packages/airflow/example_dags/example_short_circuit_decorator.py for tasks to queue
[2024-05-16T12:34:50.848+0000] {logging_mixin.py:188} INFO - [2024-05-16T12:34:50.848+0000] {dagbag.py:545} INFO - Filling up the DagBag from /usr/local/python/3.10.13/lib/python3.10/site-packages/airflow/example_dags/example_short_circuit_decorator.py
[2024-05-16T12:34:50.864+0000] {processor.py:840} INFO - DAG(s) 'example_short_circuit_decorator' retrieved from /usr/local/python/3.10.13/lib/python3.10/site-packages/airflow/example_dags/example_short_circuit_decorator.py
[2024-05-16T12:34:50.888+0000] {logging_mixin.py:188} INFO - [2024-05-16T12:34:50.888+0000] {dag.py:3096} INFO - Sync 1 DAGs
[2024-05-16T12:34:50.911+0000] {logging_mixin.py:188} INFO - [2024-05-16T12:34:50.911+0000] {dag.py:3954} INFO - Setting next_dagrun for example_short_circuit_decorator to 2024-05-15 00:00:00+00:00, run_after=2024-05-16 00:00:00+00:00
[2024-05-16T12:34:50.966+0000] {processor.py:183} INFO - Processing /usr/local/python/3.10.13/lib/python3.10/site-packages/airflow/example_dags/example_short_circuit_decorator.py took 0.127 seconds
[2024-05-16T12:35:35.210+0000] {processor.py:161} INFO - Started process (PID=20009) to work on /usr/local/python/3.10.13/lib/python3.10/site-packages/airflow/example_dags/example_short_circuit_decorator.py
[2024-05-16T12:35:35.211+0000] {processor.py:830} INFO - Processing file /usr/local/python/3.10.13/lib/python3.10/site-packages/airflow/example_dags/example_short_circuit_decorator.py for tasks to queue
[2024-05-16T12:35:35.213+0000] {logging_mixin.py:188} INFO - [2024-05-16T12:35:35.212+0000] {dagbag.py:545} INFO - Filling up the DagBag from /usr/local/python/3.10.13/lib/python3.10/site-packages/airflow/example_dags/example_short_circuit_decorator.py
[2024-05-16T12:35:35.220+0000] {processor.py:840} INFO - DAG(s) 'example_short_circuit_decorator' retrieved from /usr/local/python/3.10.13/lib/python3.10/site-packages/airflow/example_dags/example_short_circuit_decorator.py
[2024-05-16T12:35:35.234+0000] {logging_mixin.py:188} INFO - [2024-05-16T12:35:35.234+0000] {dag.py:3096} INFO - Sync 1 DAGs
[2024-05-16T12:35:35.248+0000] {logging_mixin.py:188} INFO - [2024-05-16T12:35:35.248+0000] {dag.py:3954} INFO - Setting next_dagrun for example_short_circuit_decorator to 2024-05-15 00:00:00+00:00, run_after=2024-05-16 00:00:00+00:00
[2024-05-16T12:35:35.292+0000] {processor.py:183} INFO - Processing /usr/local/python/3.10.13/lib/python3.10/site-packages/airflow/example_dags/example_short_circuit_decorator.py took 0.087 seconds
[2024-05-16T12:36:15.086+0000] {processor.py:161} INFO - Started process (PID=20300) to work on /usr/local/python/3.10.13/lib/python3.10/site-packages/airflow/example_dags/example_short_circuit_decorator.py
[2024-05-16T12:36:15.087+0000] {processor.py:830} INFO - Processing file /usr/local/python/3.10.13/lib/python3.10/site-packages/airflow/example_dags/example_short_circuit_decorator.py for tasks to queue
[2024-05-16T12:36:15.088+0000] {logging_mixin.py:188} INFO - [2024-05-16T12:36:15.088+0000] {dagbag.py:545} INFO - Filling up the DagBag from /usr/local/python/3.10.13/lib/python3.10/site-packages/airflow/example_dags/example_short_circuit_decorator.py
[2024-05-16T12:36:15.095+0000] {processor.py:840} INFO - DAG(s) 'example_short_circuit_decorator' retrieved from /usr/local/python/3.10.13/lib/python3.10/site-packages/airflow/example_dags/example_short_circuit_decorator.py
[2024-05-16T12:36:15.109+0000] {logging_mixin.py:188} INFO - [2024-05-16T12:36:15.109+0000] {dag.py:3096} INFO - Sync 1 DAGs
[2024-05-16T12:36:15.124+0000] {logging_mixin.py:188} INFO - [2024-05-16T12:36:15.124+0000] {dag.py:3954} INFO - Setting next_dagrun for example_short_circuit_decorator to 2024-05-15 00:00:00+00:00, run_after=2024-05-16 00:00:00+00:00
[2024-05-16T12:36:15.170+0000] {processor.py:183} INFO - Processing /usr/local/python/3.10.13/lib/python3.10/site-packages/airflow/example_dags/example_short_circuit_decorator.py took 0.090 seconds
[2024-05-16T12:36:56.775+0000] {processor.py:161} INFO - Started process (PID=20597) to work on /usr/local/python/3.10.13/lib/python3.10/site-packages/airflow/example_dags/example_short_circuit_decorator.py
[2024-05-16T12:36:56.776+0000] {processor.py:830} INFO - Processing file /usr/local/python/3.10.13/lib/python3.10/site-packages/airflow/example_dags/example_short_circuit_decorator.py for tasks to queue
[2024-05-16T12:36:56.777+0000] {logging_mixin.py:188} INFO - [2024-05-16T12:36:56.776+0000] {dagbag.py:545} INFO - Filling up the DagBag from /usr/local/python/3.10.13/lib/python3.10/site-packages/airflow/example_dags/example_short_circuit_decorator.py
[2024-05-16T12:36:56.784+0000] {processor.py:840} INFO - DAG(s) 'example_short_circuit_decorator' retrieved from /usr/local/python/3.10.13/lib/python3.10/site-packages/airflow/example_dags/example_short_circuit_decorator.py
[2024-05-16T12:36:56.799+0000] {logging_mixin.py:188} INFO - [2024-05-16T12:36:56.799+0000] {dag.py:3096} INFO - Sync 1 DAGs
[2024-05-16T12:36:56.814+0000] {logging_mixin.py:188} INFO - [2024-05-16T12:36:56.814+0000] {dag.py:3954} INFO - Setting next_dagrun for example_short_circuit_decorator to 2024-05-15 00:00:00+00:00, run_after=2024-05-16 00:00:00+00:00
[2024-05-16T12:36:56.859+0000] {processor.py:183} INFO - Processing /usr/local/python/3.10.13/lib/python3.10/site-packages/airflow/example_dags/example_short_circuit_decorator.py took 0.089 seconds
[2024-05-16T12:37:40.115+0000] {processor.py:161} INFO - Started process (PID=20898) to work on /usr/local/python/3.10.13/lib/python3.10/site-packages/airflow/example_dags/example_short_circuit_decorator.py
[2024-05-16T12:37:40.116+0000] {processor.py:830} INFO - Processing file /usr/local/python/3.10.13/lib/python3.10/site-packages/airflow/example_dags/example_short_circuit_decorator.py for tasks to queue
[2024-05-16T12:37:40.118+0000] {logging_mixin.py:188} INFO - [2024-05-16T12:37:40.117+0000] {dagbag.py:545} INFO - Filling up the DagBag from /usr/local/python/3.10.13/lib/python3.10/site-packages/airflow/example_dags/example_short_circuit_decorator.py
[2024-05-16T12:37:40.125+0000] {processor.py:840} INFO - DAG(s) 'example_short_circuit_decorator' retrieved from /usr/local/python/3.10.13/lib/python3.10/site-packages/airflow/example_dags/example_short_circuit_decorator.py
[2024-05-16T12:37:40.139+0000] {logging_mixin.py:188} INFO - [2024-05-16T12:37:40.139+0000] {dag.py:3096} INFO - Sync 1 DAGs
[2024-05-16T12:37:40.153+0000] {logging_mixin.py:188} INFO - [2024-05-16T12:37:40.153+0000] {dag.py:3954} INFO - Setting next_dagrun for example_short_circuit_decorator to 2024-05-15 00:00:00+00:00, run_after=2024-05-16 00:00:00+00:00
[2024-05-16T12:37:40.198+0000] {processor.py:183} INFO - Processing /usr/local/python/3.10.13/lib/python3.10/site-packages/airflow/example_dags/example_short_circuit_decorator.py took 0.088 seconds
[2024-05-16T12:38:37.295+0000] {processor.py:161} INFO - Started process (PID=21306) to work on /usr/local/python/3.10.13/lib/python3.10/site-packages/airflow/example_dags/example_short_circuit_decorator.py
[2024-05-16T12:38:37.296+0000] {processor.py:830} INFO - Processing file /usr/local/python/3.10.13/lib/python3.10/site-packages/airflow/example_dags/example_short_circuit_decorator.py for tasks to queue
[2024-05-16T12:38:37.297+0000] {logging_mixin.py:188} INFO - [2024-05-16T12:38:37.297+0000] {dagbag.py:545} INFO - Filling up the DagBag from /usr/local/python/3.10.13/lib/python3.10/site-packages/airflow/example_dags/example_short_circuit_decorator.py
[2024-05-16T12:38:37.305+0000] {processor.py:840} INFO - DAG(s) 'example_short_circuit_decorator' retrieved from /usr/local/python/3.10.13/lib/python3.10/site-packages/airflow/example_dags/example_short_circuit_decorator.py
[2024-05-16T12:38:37.319+0000] {logging_mixin.py:188} INFO - [2024-05-16T12:38:37.319+0000] {dag.py:3096} INFO - Sync 1 DAGs
[2024-05-16T12:38:37.334+0000] {logging_mixin.py:188} INFO - [2024-05-16T12:38:37.333+0000] {dag.py:3954} INFO - Setting next_dagrun for example_short_circuit_decorator to 2024-05-15 00:00:00+00:00, run_after=2024-05-16 00:00:00+00:00
[2024-05-16T12:38:37.380+0000] {processor.py:183} INFO - Processing /usr/local/python/3.10.13/lib/python3.10/site-packages/airflow/example_dags/example_short_circuit_decorator.py took 0.090 seconds
[2024-05-16T12:39:20.171+0000] {processor.py:161} INFO - Started process (PID=21610) to work on /usr/local/python/3.10.13/lib/python3.10/site-packages/airflow/example_dags/example_short_circuit_decorator.py
[2024-05-16T12:39:20.172+0000] {processor.py:830} INFO - Processing file /usr/local/python/3.10.13/lib/python3.10/site-packages/airflow/example_dags/example_short_circuit_decorator.py for tasks to queue
[2024-05-16T12:39:20.173+0000] {logging_mixin.py:188} INFO - [2024-05-16T12:39:20.173+0000] {dagbag.py:545} INFO - Filling up the DagBag from /usr/local/python/3.10.13/lib/python3.10/site-packages/airflow/example_dags/example_short_circuit_decorator.py
[2024-05-16T12:39:20.180+0000] {processor.py:840} INFO - DAG(s) 'example_short_circuit_decorator' retrieved from /usr/local/python/3.10.13/lib/python3.10/site-packages/airflow/example_dags/example_short_circuit_decorator.py
[2024-05-16T12:39:20.194+0000] {logging_mixin.py:188} INFO - [2024-05-16T12:39:20.194+0000] {dag.py:3096} INFO - Sync 1 DAGs
[2024-05-16T12:39:20.209+0000] {logging_mixin.py:188} INFO - [2024-05-16T12:39:20.209+0000] {dag.py:3954} INFO - Setting next_dagrun for example_short_circuit_decorator to 2024-05-15 00:00:00+00:00, run_after=2024-05-16 00:00:00+00:00
[2024-05-16T12:39:20.253+0000] {processor.py:183} INFO - Processing /usr/local/python/3.10.13/lib/python3.10/site-packages/airflow/example_dags/example_short_circuit_decorator.py took 0.087 seconds
[2024-05-16T12:40:04.540+0000] {processor.py:161} INFO - Started process (PID=21922) to work on /usr/local/python/3.10.13/lib/python3.10/site-packages/airflow/example_dags/example_short_circuit_decorator.py
[2024-05-16T12:40:04.540+0000] {processor.py:830} INFO - Processing file /usr/local/python/3.10.13/lib/python3.10/site-packages/airflow/example_dags/example_short_circuit_decorator.py for tasks to queue
[2024-05-16T12:40:04.542+0000] {logging_mixin.py:188} INFO - [2024-05-16T12:40:04.541+0000] {dagbag.py:545} INFO - Filling up the DagBag from /usr/local/python/3.10.13/lib/python3.10/site-packages/airflow/example_dags/example_short_circuit_decorator.py
[2024-05-16T12:40:04.549+0000] {processor.py:840} INFO - DAG(s) 'example_short_circuit_decorator' retrieved from /usr/local/python/3.10.13/lib/python3.10/site-packages/airflow/example_dags/example_short_circuit_decorator.py
[2024-05-16T12:40:04.562+0000] {logging_mixin.py:188} INFO - [2024-05-16T12:40:04.562+0000] {dag.py:3096} INFO - Sync 1 DAGs
[2024-05-16T12:40:04.576+0000] {logging_mixin.py:188} INFO - [2024-05-16T12:40:04.576+0000] {dag.py:3954} INFO - Setting next_dagrun for example_short_circuit_decorator to 2024-05-15 00:00:00+00:00, run_after=2024-05-16 00:00:00+00:00
[2024-05-16T12:40:04.621+0000] {processor.py:183} INFO - Processing /usr/local/python/3.10.13/lib/python3.10/site-packages/airflow/example_dags/example_short_circuit_decorator.py took 0.087 seconds
[2024-05-16T12:40:46.912+0000] {processor.py:161} INFO - Started process (PID=22235) to work on /usr/local/python/3.10.13/lib/python3.10/site-packages/airflow/example_dags/example_short_circuit_decorator.py
[2024-05-16T12:40:46.912+0000] {processor.py:830} INFO - Processing file /usr/local/python/3.10.13/lib/python3.10/site-packages/airflow/example_dags/example_short_circuit_decorator.py for tasks to queue
[2024-05-16T12:40:46.914+0000] {logging_mixin.py:188} INFO - [2024-05-16T12:40:46.914+0000] {dagbag.py:545} INFO - Filling up the DagBag from /usr/local/python/3.10.13/lib/python3.10/site-packages/airflow/example_dags/example_short_circuit_decorator.py
[2024-05-16T12:40:46.923+0000] {processor.py:840} INFO - DAG(s) 'example_short_circuit_decorator' retrieved from /usr/local/python/3.10.13/lib/python3.10/site-packages/airflow/example_dags/example_short_circuit_decorator.py
[2024-05-16T12:40:46.938+0000] {logging_mixin.py:188} INFO - [2024-05-16T12:40:46.938+0000] {dag.py:3096} INFO - Sync 1 DAGs
[2024-05-16T12:40:46.952+0000] {logging_mixin.py:188} INFO - [2024-05-16T12:40:46.952+0000] {dag.py:3954} INFO - Setting next_dagrun for example_short_circuit_decorator to 2024-05-15 00:00:00+00:00, run_after=2024-05-16 00:00:00+00:00
[2024-05-16T12:40:46.996+0000] {processor.py:183} INFO - Processing /usr/local/python/3.10.13/lib/python3.10/site-packages/airflow/example_dags/example_short_circuit_decorator.py took 0.089 seconds
[2024-05-16T12:41:28.314+0000] {processor.py:161} INFO - Started process (PID=22521) to work on /usr/local/python/3.10.13/lib/python3.10/site-packages/airflow/example_dags/example_short_circuit_decorator.py
[2024-05-16T12:41:28.315+0000] {processor.py:830} INFO - Processing file /usr/local/python/3.10.13/lib/python3.10/site-packages/airflow/example_dags/example_short_circuit_decorator.py for tasks to queue
[2024-05-16T12:41:28.316+0000] {logging_mixin.py:188} INFO - [2024-05-16T12:41:28.316+0000] {dagbag.py:545} INFO - Filling up the DagBag from /usr/local/python/3.10.13/lib/python3.10/site-packages/airflow/example_dags/example_short_circuit_decorator.py
[2024-05-16T12:41:28.324+0000] {processor.py:840} INFO - DAG(s) 'example_short_circuit_decorator' retrieved from /usr/local/python/3.10.13/lib/python3.10/site-packages/airflow/example_dags/example_short_circuit_decorator.py
[2024-05-16T12:41:28.337+0000] {logging_mixin.py:188} INFO - [2024-05-16T12:41:28.337+0000] {dag.py:3096} INFO - Sync 1 DAGs
[2024-05-16T12:41:28.352+0000] {logging_mixin.py:188} INFO - [2024-05-16T12:41:28.352+0000] {dag.py:3954} INFO - Setting next_dagrun for example_short_circuit_decorator to 2024-05-15 00:00:00+00:00, run_after=2024-05-16 00:00:00+00:00
[2024-05-16T12:41:28.400+0000] {processor.py:183} INFO - Processing /usr/local/python/3.10.13/lib/python3.10/site-packages/airflow/example_dags/example_short_circuit_decorator.py took 0.090 seconds
[2024-05-16T12:42:09.819+0000] {processor.py:161} INFO - Started process (PID=22841) to work on /usr/local/python/3.10.13/lib/python3.10/site-packages/airflow/example_dags/example_short_circuit_decorator.py
[2024-05-16T12:42:09.820+0000] {processor.py:830} INFO - Processing file /usr/local/python/3.10.13/lib/python3.10/site-packages/airflow/example_dags/example_short_circuit_decorator.py for tasks to queue
[2024-05-16T12:42:09.821+0000] {logging_mixin.py:188} INFO - [2024-05-16T12:42:09.821+0000] {dagbag.py:545} INFO - Filling up the DagBag from /usr/local/python/3.10.13/lib/python3.10/site-packages/airflow/example_dags/example_short_circuit_decorator.py
[2024-05-16T12:42:09.829+0000] {processor.py:840} INFO - DAG(s) 'example_short_circuit_decorator' retrieved from /usr/local/python/3.10.13/lib/python3.10/site-packages/airflow/example_dags/example_short_circuit_decorator.py
[2024-05-16T12:42:09.843+0000] {logging_mixin.py:188} INFO - [2024-05-16T12:42:09.843+0000] {dag.py:3096} INFO - Sync 1 DAGs
[2024-05-16T12:42:09.857+0000] {logging_mixin.py:188} INFO - [2024-05-16T12:42:09.857+0000] {dag.py:3954} INFO - Setting next_dagrun for example_short_circuit_decorator to 2024-05-15 00:00:00+00:00, run_after=2024-05-16 00:00:00+00:00
[2024-05-16T12:42:09.903+0000] {processor.py:183} INFO - Processing /usr/local/python/3.10.13/lib/python3.10/site-packages/airflow/example_dags/example_short_circuit_decorator.py took 0.088 seconds
[2024-05-16T12:42:53.568+0000] {processor.py:161} INFO - Started process (PID=23157) to work on /usr/local/python/3.10.13/lib/python3.10/site-packages/airflow/example_dags/example_short_circuit_decorator.py
[2024-05-16T12:42:53.569+0000] {processor.py:830} INFO - Processing file /usr/local/python/3.10.13/lib/python3.10/site-packages/airflow/example_dags/example_short_circuit_decorator.py for tasks to queue
[2024-05-16T12:42:53.570+0000] {logging_mixin.py:188} INFO - [2024-05-16T12:42:53.570+0000] {dagbag.py:545} INFO - Filling up the DagBag from /usr/local/python/3.10.13/lib/python3.10/site-packages/airflow/example_dags/example_short_circuit_decorator.py
[2024-05-16T12:42:53.578+0000] {processor.py:840} INFO - DAG(s) 'example_short_circuit_decorator' retrieved from /usr/local/python/3.10.13/lib/python3.10/site-packages/airflow/example_dags/example_short_circuit_decorator.py
[2024-05-16T12:42:53.593+0000] {logging_mixin.py:188} INFO - [2024-05-16T12:42:53.593+0000] {dag.py:3096} INFO - Sync 1 DAGs
[2024-05-16T12:42:53.608+0000] {logging_mixin.py:188} INFO - [2024-05-16T12:42:53.608+0000] {dag.py:3954} INFO - Setting next_dagrun for example_short_circuit_decorator to 2024-05-15 00:00:00+00:00, run_after=2024-05-16 00:00:00+00:00
[2024-05-16T12:42:53.652+0000] {processor.py:183} INFO - Processing /usr/local/python/3.10.13/lib/python3.10/site-packages/airflow/example_dags/example_short_circuit_decorator.py took 0.089 seconds
[2024-05-16T12:43:34.091+0000] {processor.py:161} INFO - Started process (PID=23463) to work on /usr/local/python/3.10.13/lib/python3.10/site-packages/airflow/example_dags/example_short_circuit_decorator.py
[2024-05-16T12:43:34.092+0000] {processor.py:830} INFO - Processing file /usr/local/python/3.10.13/lib/python3.10/site-packages/airflow/example_dags/example_short_circuit_decorator.py for tasks to queue
[2024-05-16T12:43:34.093+0000] {logging_mixin.py:188} INFO - [2024-05-16T12:43:34.093+0000] {dagbag.py:545} INFO - Filling up the DagBag from /usr/local/python/3.10.13/lib/python3.10/site-packages/airflow/example_dags/example_short_circuit_decorator.py
[2024-05-16T12:43:34.100+0000] {processor.py:840} INFO - DAG(s) 'example_short_circuit_decorator' retrieved from /usr/local/python/3.10.13/lib/python3.10/site-packages/airflow/example_dags/example_short_circuit_decorator.py
[2024-05-16T12:43:34.115+0000] {logging_mixin.py:188} INFO - [2024-05-16T12:43:34.115+0000] {dag.py:3096} INFO - Sync 1 DAGs
[2024-05-16T12:43:34.131+0000] {logging_mixin.py:188} INFO - [2024-05-16T12:43:34.130+0000] {dag.py:3954} INFO - Setting next_dagrun for example_short_circuit_decorator to 2024-05-15 00:00:00+00:00, run_after=2024-05-16 00:00:00+00:00
[2024-05-16T12:43:34.179+0000] {processor.py:183} INFO - Processing /usr/local/python/3.10.13/lib/python3.10/site-packages/airflow/example_dags/example_short_circuit_decorator.py took 0.092 seconds
[2024-05-16T12:44:17.865+0000] {processor.py:161} INFO - Started process (PID=23775) to work on /usr/local/python/3.10.13/lib/python3.10/site-packages/airflow/example_dags/example_short_circuit_decorator.py
[2024-05-16T12:44:17.866+0000] {processor.py:830} INFO - Processing file /usr/local/python/3.10.13/lib/python3.10/site-packages/airflow/example_dags/example_short_circuit_decorator.py for tasks to queue
[2024-05-16T12:44:17.868+0000] {logging_mixin.py:188} INFO - [2024-05-16T12:44:17.868+0000] {dagbag.py:545} INFO - Filling up the DagBag from /usr/local/python/3.10.13/lib/python3.10/site-packages/airflow/example_dags/example_short_circuit_decorator.py
[2024-05-16T12:44:17.876+0000] {processor.py:840} INFO - DAG(s) 'example_short_circuit_decorator' retrieved from /usr/local/python/3.10.13/lib/python3.10/site-packages/airflow/example_dags/example_short_circuit_decorator.py
[2024-05-16T12:44:17.890+0000] {logging_mixin.py:188} INFO - [2024-05-16T12:44:17.890+0000] {dag.py:3096} INFO - Sync 1 DAGs
[2024-05-16T12:44:17.905+0000] {logging_mixin.py:188} INFO - [2024-05-16T12:44:17.905+0000] {dag.py:3954} INFO - Setting next_dagrun for example_short_circuit_decorator to 2024-05-15 00:00:00+00:00, run_after=2024-05-16 00:00:00+00:00
[2024-05-16T12:44:17.952+0000] {processor.py:183} INFO - Processing /usr/local/python/3.10.13/lib/python3.10/site-packages/airflow/example_dags/example_short_circuit_decorator.py took 0.091 seconds
[2024-05-16T12:45:00.689+0000] {processor.py:161} INFO - Started process (PID=24081) to work on /usr/local/python/3.10.13/lib/python3.10/site-packages/airflow/example_dags/example_short_circuit_decorator.py
[2024-05-16T12:45:00.689+0000] {processor.py:830} INFO - Processing file /usr/local/python/3.10.13/lib/python3.10/site-packages/airflow/example_dags/example_short_circuit_decorator.py for tasks to queue
[2024-05-16T12:45:00.691+0000] {logging_mixin.py:188} INFO - [2024-05-16T12:45:00.690+0000] {dagbag.py:545} INFO - Filling up the DagBag from /usr/local/python/3.10.13/lib/python3.10/site-packages/airflow/example_dags/example_short_circuit_decorator.py
[2024-05-16T12:45:00.698+0000] {processor.py:840} INFO - DAG(s) 'example_short_circuit_decorator' retrieved from /usr/local/python/3.10.13/lib/python3.10/site-packages/airflow/example_dags/example_short_circuit_decorator.py
[2024-05-16T12:45:00.712+0000] {logging_mixin.py:188} INFO - [2024-05-16T12:45:00.712+0000] {dag.py:3096} INFO - Sync 1 DAGs
[2024-05-16T12:45:00.728+0000] {logging_mixin.py:188} INFO - [2024-05-16T12:45:00.727+0000] {dag.py:3954} INFO - Setting next_dagrun for example_short_circuit_decorator to 2024-05-15 00:00:00+00:00, run_after=2024-05-16 00:00:00+00:00
[2024-05-16T12:45:00.774+0000] {processor.py:183} INFO - Processing /usr/local/python/3.10.13/lib/python3.10/site-packages/airflow/example_dags/example_short_circuit_decorator.py took 0.090 seconds
