[2024-05-16T12:06:55.169+0000] {processor.py:161} INFO - Started process (PID=7603) to work on /usr/local/python/3.10.13/lib/python3.10/site-packages/airflow/example_dags/example_bash_decorator.py
[2024-05-16T12:06:55.170+0000] {processor.py:830} INFO - Processing file /usr/local/python/3.10.13/lib/python3.10/site-packages/airflow/example_dags/example_bash_decorator.py for tasks to queue
[2024-05-16T12:06:55.171+0000] {logging_mixin.py:188} INFO - [2024-05-16T12:06:55.171+0000] {dagbag.py:545} INFO - Filling up the DagBag from /usr/local/python/3.10.13/lib/python3.10/site-packages/airflow/example_dags/example_bash_decorator.py
[2024-05-16T12:06:55.259+0000] {processor.py:840} INFO - DAG(s) 'example_bash_decorator' retrieved from /usr/local/python/3.10.13/lib/python3.10/site-packages/airflow/example_dags/example_bash_decorator.py
[2024-05-16T12:06:55.334+0000] {logging_mixin.py:188} INFO - [2024-05-16T12:06:55.334+0000] {dag.py:3096} INFO - Sync 1 DAGs
[2024-05-16T12:06:55.341+0000] {logging_mixin.py:188} INFO - [2024-05-16T12:06:55.341+0000] {dag.py:3954} INFO - Setting next_dagrun for example_bash_decorator to None, run_after=None
[2024-05-16T12:06:55.387+0000] {processor.py:183} INFO - Processing /usr/local/python/3.10.13/lib/python3.10/site-packages/airflow/example_dags/example_bash_decorator.py took 0.223 seconds
[2024-05-16T12:07:48.507+0000] {processor.py:161} INFO - Started process (PID=7962) to work on /usr/local/python/3.10.13/lib/python3.10/site-packages/airflow/example_dags/example_bash_decorator.py
[2024-05-16T12:07:48.507+0000] {processor.py:830} INFO - Processing file /usr/local/python/3.10.13/lib/python3.10/site-packages/airflow/example_dags/example_bash_decorator.py for tasks to queue
[2024-05-16T12:07:48.509+0000] {logging_mixin.py:188} INFO - [2024-05-16T12:07:48.508+0000] {dagbag.py:545} INFO - Filling up the DagBag from /usr/local/python/3.10.13/lib/python3.10/site-packages/airflow/example_dags/example_bash_decorator.py
[2024-05-16T12:07:48.520+0000] {processor.py:840} INFO - DAG(s) 'example_bash_decorator' retrieved from /usr/local/python/3.10.13/lib/python3.10/site-packages/airflow/example_dags/example_bash_decorator.py
[2024-05-16T12:07:48.533+0000] {logging_mixin.py:188} INFO - [2024-05-16T12:07:48.533+0000] {dag.py:3096} INFO - Sync 1 DAGs
[2024-05-16T12:07:48.542+0000] {logging_mixin.py:188} INFO - [2024-05-16T12:07:48.542+0000] {dag.py:3954} INFO - Setting next_dagrun for example_bash_decorator to None, run_after=None
[2024-05-16T12:07:48.591+0000] {processor.py:183} INFO - Processing /usr/local/python/3.10.13/lib/python3.10/site-packages/airflow/example_dags/example_bash_decorator.py took 0.090 seconds
[2024-05-16T12:08:54.842+0000] {processor.py:161} INFO - Started process (PID=8444) to work on /usr/local/python/3.10.13/lib/python3.10/site-packages/airflow/example_dags/example_bash_decorator.py
[2024-05-16T12:08:54.843+0000] {processor.py:830} INFO - Processing file /usr/local/python/3.10.13/lib/python3.10/site-packages/airflow/example_dags/example_bash_decorator.py for tasks to queue
[2024-05-16T12:08:54.844+0000] {logging_mixin.py:188} INFO - [2024-05-16T12:08:54.844+0000] {dagbag.py:545} INFO - Filling up the DagBag from /usr/local/python/3.10.13/lib/python3.10/site-packages/airflow/example_dags/example_bash_decorator.py
[2024-05-16T12:08:54.855+0000] {processor.py:840} INFO - DAG(s) 'example_bash_decorator' retrieved from /usr/local/python/3.10.13/lib/python3.10/site-packages/airflow/example_dags/example_bash_decorator.py
[2024-05-16T12:08:54.868+0000] {logging_mixin.py:188} INFO - [2024-05-16T12:08:54.868+0000] {dag.py:3096} INFO - Sync 1 DAGs
[2024-05-16T12:08:54.877+0000] {logging_mixin.py:188} INFO - [2024-05-16T12:08:54.877+0000] {dag.py:3954} INFO - Setting next_dagrun for example_bash_decorator to None, run_after=None
[2024-05-16T12:08:54.923+0000] {processor.py:183} INFO - Processing /usr/local/python/3.10.13/lib/python3.10/site-packages/airflow/example_dags/example_bash_decorator.py took 0.085 seconds
[2024-05-16T12:10:02.118+0000] {processor.py:161} INFO - Started process (PID=8919) to work on /usr/local/python/3.10.13/lib/python3.10/site-packages/airflow/example_dags/example_bash_decorator.py
[2024-05-16T12:10:02.119+0000] {processor.py:830} INFO - Processing file /usr/local/python/3.10.13/lib/python3.10/site-packages/airflow/example_dags/example_bash_decorator.py for tasks to queue
[2024-05-16T12:10:02.120+0000] {logging_mixin.py:188} INFO - [2024-05-16T12:10:02.120+0000] {dagbag.py:545} INFO - Filling up the DagBag from /usr/local/python/3.10.13/lib/python3.10/site-packages/airflow/example_dags/example_bash_decorator.py
[2024-05-16T12:10:02.131+0000] {processor.py:840} INFO - DAG(s) 'example_bash_decorator' retrieved from /usr/local/python/3.10.13/lib/python3.10/site-packages/airflow/example_dags/example_bash_decorator.py
[2024-05-16T12:10:02.145+0000] {logging_mixin.py:188} INFO - [2024-05-16T12:10:02.145+0000] {dag.py:3096} INFO - Sync 1 DAGs
[2024-05-16T12:10:02.154+0000] {logging_mixin.py:188} INFO - [2024-05-16T12:10:02.154+0000] {dag.py:3954} INFO - Setting next_dagrun for example_bash_decorator to None, run_after=None
[2024-05-16T12:10:02.202+0000] {processor.py:183} INFO - Processing /usr/local/python/3.10.13/lib/python3.10/site-packages/airflow/example_dags/example_bash_decorator.py took 0.089 seconds
[2024-05-16T12:11:04.169+0000] {processor.py:161} INFO - Started process (PID=9349) to work on /usr/local/python/3.10.13/lib/python3.10/site-packages/airflow/example_dags/example_bash_decorator.py
[2024-05-16T12:11:04.170+0000] {processor.py:830} INFO - Processing file /usr/local/python/3.10.13/lib/python3.10/site-packages/airflow/example_dags/example_bash_decorator.py for tasks to queue
[2024-05-16T12:11:04.171+0000] {logging_mixin.py:188} INFO - [2024-05-16T12:11:04.171+0000] {dagbag.py:545} INFO - Filling up the DagBag from /usr/local/python/3.10.13/lib/python3.10/site-packages/airflow/example_dags/example_bash_decorator.py
[2024-05-16T12:11:04.182+0000] {processor.py:840} INFO - DAG(s) 'example_bash_decorator' retrieved from /usr/local/python/3.10.13/lib/python3.10/site-packages/airflow/example_dags/example_bash_decorator.py
[2024-05-16T12:11:04.196+0000] {logging_mixin.py:188} INFO - [2024-05-16T12:11:04.196+0000] {dag.py:3096} INFO - Sync 1 DAGs
[2024-05-16T12:11:04.204+0000] {logging_mixin.py:188} INFO - [2024-05-16T12:11:04.204+0000] {dag.py:3954} INFO - Setting next_dagrun for example_bash_decorator to None, run_after=None
[2024-05-16T12:11:04.251+0000] {processor.py:183} INFO - Processing /usr/local/python/3.10.13/lib/python3.10/site-packages/airflow/example_dags/example_bash_decorator.py took 0.086 seconds
[2024-05-16T12:12:02.950+0000] {processor.py:161} INFO - Started process (PID=9759) to work on /usr/local/python/3.10.13/lib/python3.10/site-packages/airflow/example_dags/example_bash_decorator.py
[2024-05-16T12:12:02.951+0000] {processor.py:830} INFO - Processing file /usr/local/python/3.10.13/lib/python3.10/site-packages/airflow/example_dags/example_bash_decorator.py for tasks to queue
[2024-05-16T12:12:02.952+0000] {logging_mixin.py:188} INFO - [2024-05-16T12:12:02.952+0000] {dagbag.py:545} INFO - Filling up the DagBag from /usr/local/python/3.10.13/lib/python3.10/site-packages/airflow/example_dags/example_bash_decorator.py
[2024-05-16T12:12:02.963+0000] {processor.py:840} INFO - DAG(s) 'example_bash_decorator' retrieved from /usr/local/python/3.10.13/lib/python3.10/site-packages/airflow/example_dags/example_bash_decorator.py
[2024-05-16T12:12:02.977+0000] {logging_mixin.py:188} INFO - [2024-05-16T12:12:02.977+0000] {dag.py:3096} INFO - Sync 1 DAGs
[2024-05-16T12:12:02.986+0000] {logging_mixin.py:188} INFO - [2024-05-16T12:12:02.986+0000] {dag.py:3954} INFO - Setting next_dagrun for example_bash_decorator to None, run_after=None
[2024-05-16T12:12:03.031+0000] {processor.py:183} INFO - Processing /usr/local/python/3.10.13/lib/python3.10/site-packages/airflow/example_dags/example_bash_decorator.py took 0.085 seconds
[2024-05-16T12:13:07.729+0000] {processor.py:161} INFO - Started process (PID=10225) to work on /usr/local/python/3.10.13/lib/python3.10/site-packages/airflow/example_dags/example_bash_decorator.py
[2024-05-16T12:13:07.729+0000] {processor.py:830} INFO - Processing file /usr/local/python/3.10.13/lib/python3.10/site-packages/airflow/example_dags/example_bash_decorator.py for tasks to queue
[2024-05-16T12:13:07.731+0000] {logging_mixin.py:188} INFO - [2024-05-16T12:13:07.730+0000] {dagbag.py:545} INFO - Filling up the DagBag from /usr/local/python/3.10.13/lib/python3.10/site-packages/airflow/example_dags/example_bash_decorator.py
[2024-05-16T12:13:07.742+0000] {processor.py:840} INFO - DAG(s) 'example_bash_decorator' retrieved from /usr/local/python/3.10.13/lib/python3.10/site-packages/airflow/example_dags/example_bash_decorator.py
[2024-05-16T12:13:07.755+0000] {logging_mixin.py:188} INFO - [2024-05-16T12:13:07.755+0000] {dag.py:3096} INFO - Sync 1 DAGs
[2024-05-16T12:13:07.764+0000] {logging_mixin.py:188} INFO - [2024-05-16T12:13:07.764+0000] {dag.py:3954} INFO - Setting next_dagrun for example_bash_decorator to None, run_after=None
[2024-05-16T12:13:07.809+0000] {processor.py:183} INFO - Processing /usr/local/python/3.10.13/lib/python3.10/site-packages/airflow/example_dags/example_bash_decorator.py took 0.085 seconds
[2024-05-16T12:14:10.122+0000] {processor.py:161} INFO - Started process (PID=10645) to work on /usr/local/python/3.10.13/lib/python3.10/site-packages/airflow/example_dags/example_bash_decorator.py
[2024-05-16T12:14:10.123+0000] {processor.py:830} INFO - Processing file /usr/local/python/3.10.13/lib/python3.10/site-packages/airflow/example_dags/example_bash_decorator.py for tasks to queue
[2024-05-16T12:14:10.124+0000] {logging_mixin.py:188} INFO - [2024-05-16T12:14:10.124+0000] {dagbag.py:545} INFO - Filling up the DagBag from /usr/local/python/3.10.13/lib/python3.10/site-packages/airflow/example_dags/example_bash_decorator.py
[2024-05-16T12:14:10.136+0000] {processor.py:840} INFO - DAG(s) 'example_bash_decorator' retrieved from /usr/local/python/3.10.13/lib/python3.10/site-packages/airflow/example_dags/example_bash_decorator.py
[2024-05-16T12:14:10.150+0000] {logging_mixin.py:188} INFO - [2024-05-16T12:14:10.150+0000] {dag.py:3096} INFO - Sync 1 DAGs
[2024-05-16T12:14:10.159+0000] {logging_mixin.py:188} INFO - [2024-05-16T12:14:10.159+0000] {dag.py:3954} INFO - Setting next_dagrun for example_bash_decorator to None, run_after=None
[2024-05-16T12:14:10.218+0000] {processor.py:183} INFO - Processing /usr/local/python/3.10.13/lib/python3.10/site-packages/airflow/example_dags/example_bash_decorator.py took 0.100 seconds
[2024-05-16T12:15:13.713+0000] {processor.py:161} INFO - Started process (PID=11083) to work on /usr/local/python/3.10.13/lib/python3.10/site-packages/airflow/example_dags/example_bash_decorator.py
[2024-05-16T12:15:13.714+0000] {processor.py:830} INFO - Processing file /usr/local/python/3.10.13/lib/python3.10/site-packages/airflow/example_dags/example_bash_decorator.py for tasks to queue
[2024-05-16T12:15:13.715+0000] {logging_mixin.py:188} INFO - [2024-05-16T12:15:13.715+0000] {dagbag.py:545} INFO - Filling up the DagBag from /usr/local/python/3.10.13/lib/python3.10/site-packages/airflow/example_dags/example_bash_decorator.py
[2024-05-16T12:15:13.726+0000] {processor.py:840} INFO - DAG(s) 'example_bash_decorator' retrieved from /usr/local/python/3.10.13/lib/python3.10/site-packages/airflow/example_dags/example_bash_decorator.py
[2024-05-16T12:15:13.740+0000] {logging_mixin.py:188} INFO - [2024-05-16T12:15:13.739+0000] {dag.py:3096} INFO - Sync 1 DAGs
[2024-05-16T12:15:13.748+0000] {logging_mixin.py:188} INFO - [2024-05-16T12:15:13.748+0000] {dag.py:3954} INFO - Setting next_dagrun for example_bash_decorator to None, run_after=None
[2024-05-16T12:15:13.795+0000] {processor.py:183} INFO - Processing /usr/local/python/3.10.13/lib/python3.10/site-packages/airflow/example_dags/example_bash_decorator.py took 0.087 seconds
[2024-05-16T12:16:18.245+0000] {processor.py:161} INFO - Started process (PID=11557) to work on /usr/local/python/3.10.13/lib/python3.10/site-packages/airflow/example_dags/example_bash_decorator.py
[2024-05-16T12:16:18.245+0000] {processor.py:830} INFO - Processing file /usr/local/python/3.10.13/lib/python3.10/site-packages/airflow/example_dags/example_bash_decorator.py for tasks to queue
[2024-05-16T12:16:18.247+0000] {logging_mixin.py:188} INFO - [2024-05-16T12:16:18.247+0000] {dagbag.py:545} INFO - Filling up the DagBag from /usr/local/python/3.10.13/lib/python3.10/site-packages/airflow/example_dags/example_bash_decorator.py
[2024-05-16T12:16:18.257+0000] {processor.py:840} INFO - DAG(s) 'example_bash_decorator' retrieved from /usr/local/python/3.10.13/lib/python3.10/site-packages/airflow/example_dags/example_bash_decorator.py
[2024-05-16T12:16:18.274+0000] {logging_mixin.py:188} INFO - [2024-05-16T12:16:18.274+0000] {dag.py:3096} INFO - Sync 1 DAGs
[2024-05-16T12:16:18.283+0000] {logging_mixin.py:188} INFO - [2024-05-16T12:16:18.283+0000] {dag.py:3954} INFO - Setting next_dagrun for example_bash_decorator to None, run_after=None
[2024-05-16T12:16:18.329+0000] {processor.py:183} INFO - Processing /usr/local/python/3.10.13/lib/python3.10/site-packages/airflow/example_dags/example_bash_decorator.py took 0.089 seconds
[2024-05-16T12:17:23.140+0000] {processor.py:161} INFO - Started process (PID=12037) to work on /usr/local/python/3.10.13/lib/python3.10/site-packages/airflow/example_dags/example_bash_decorator.py
[2024-05-16T12:17:23.141+0000] {processor.py:830} INFO - Processing file /usr/local/python/3.10.13/lib/python3.10/site-packages/airflow/example_dags/example_bash_decorator.py for tasks to queue
[2024-05-16T12:17:23.143+0000] {logging_mixin.py:188} INFO - [2024-05-16T12:17:23.143+0000] {dagbag.py:545} INFO - Filling up the DagBag from /usr/local/python/3.10.13/lib/python3.10/site-packages/airflow/example_dags/example_bash_decorator.py
[2024-05-16T12:17:23.154+0000] {processor.py:840} INFO - DAG(s) 'example_bash_decorator' retrieved from /usr/local/python/3.10.13/lib/python3.10/site-packages/airflow/example_dags/example_bash_decorator.py
[2024-05-16T12:17:23.168+0000] {logging_mixin.py:188} INFO - [2024-05-16T12:17:23.168+0000] {dag.py:3096} INFO - Sync 1 DAGs
[2024-05-16T12:17:23.177+0000] {logging_mixin.py:188} INFO - [2024-05-16T12:17:23.177+0000] {dag.py:3954} INFO - Setting next_dagrun for example_bash_decorator to None, run_after=None
[2024-05-16T12:17:23.220+0000] {processor.py:183} INFO - Processing /usr/local/python/3.10.13/lib/python3.10/site-packages/airflow/example_dags/example_bash_decorator.py took 0.085 seconds
[2024-05-16T12:18:24.129+0000] {processor.py:161} INFO - Started process (PID=12465) to work on /usr/local/python/3.10.13/lib/python3.10/site-packages/airflow/example_dags/example_bash_decorator.py
[2024-05-16T12:18:24.130+0000] {processor.py:830} INFO - Processing file /usr/local/python/3.10.13/lib/python3.10/site-packages/airflow/example_dags/example_bash_decorator.py for tasks to queue
[2024-05-16T12:18:24.131+0000] {logging_mixin.py:188} INFO - [2024-05-16T12:18:24.131+0000] {dagbag.py:545} INFO - Filling up the DagBag from /usr/local/python/3.10.13/lib/python3.10/site-packages/airflow/example_dags/example_bash_decorator.py
[2024-05-16T12:18:24.142+0000] {processor.py:840} INFO - DAG(s) 'example_bash_decorator' retrieved from /usr/local/python/3.10.13/lib/python3.10/site-packages/airflow/example_dags/example_bash_decorator.py
[2024-05-16T12:18:24.156+0000] {logging_mixin.py:188} INFO - [2024-05-16T12:18:24.156+0000] {dag.py:3096} INFO - Sync 1 DAGs
[2024-05-16T12:18:24.165+0000] {logging_mixin.py:188} INFO - [2024-05-16T12:18:24.165+0000] {dag.py:3954} INFO - Setting next_dagrun for example_bash_decorator to None, run_after=None
[2024-05-16T12:18:24.208+0000] {processor.py:183} INFO - Processing /usr/local/python/3.10.13/lib/python3.10/site-packages/airflow/example_dags/example_bash_decorator.py took 0.084 seconds
[2024-05-16T12:19:27.672+0000] {processor.py:161} INFO - Started process (PID=12923) to work on /usr/local/python/3.10.13/lib/python3.10/site-packages/airflow/example_dags/example_bash_decorator.py
[2024-05-16T12:19:27.673+0000] {processor.py:830} INFO - Processing file /usr/local/python/3.10.13/lib/python3.10/site-packages/airflow/example_dags/example_bash_decorator.py for tasks to queue
[2024-05-16T12:19:27.675+0000] {logging_mixin.py:188} INFO - [2024-05-16T12:19:27.674+0000] {dagbag.py:545} INFO - Filling up the DagBag from /usr/local/python/3.10.13/lib/python3.10/site-packages/airflow/example_dags/example_bash_decorator.py
[2024-05-16T12:19:27.692+0000] {processor.py:840} INFO - DAG(s) 'example_bash_decorator' retrieved from /usr/local/python/3.10.13/lib/python3.10/site-packages/airflow/example_dags/example_bash_decorator.py
[2024-05-16T12:19:27.714+0000] {logging_mixin.py:188} INFO - [2024-05-16T12:19:27.714+0000] {dag.py:3096} INFO - Sync 1 DAGs
[2024-05-16T12:19:27.741+0000] {logging_mixin.py:188} INFO - [2024-05-16T12:19:27.741+0000] {dag.py:3954} INFO - Setting next_dagrun for example_bash_decorator to None, run_after=None
[2024-05-16T12:19:27.811+0000] {processor.py:183} INFO - Processing /usr/local/python/3.10.13/lib/python3.10/site-packages/airflow/example_dags/example_bash_decorator.py took 0.145 seconds
[2024-05-16T12:20:29.612+0000] {processor.py:161} INFO - Started process (PID=13363) to work on /usr/local/python/3.10.13/lib/python3.10/site-packages/airflow/example_dags/example_bash_decorator.py
[2024-05-16T12:20:29.612+0000] {processor.py:830} INFO - Processing file /usr/local/python/3.10.13/lib/python3.10/site-packages/airflow/example_dags/example_bash_decorator.py for tasks to queue
[2024-05-16T12:20:29.614+0000] {logging_mixin.py:188} INFO - [2024-05-16T12:20:29.613+0000] {dagbag.py:545} INFO - Filling up the DagBag from /usr/local/python/3.10.13/lib/python3.10/site-packages/airflow/example_dags/example_bash_decorator.py
[2024-05-16T12:20:29.624+0000] {processor.py:840} INFO - DAG(s) 'example_bash_decorator' retrieved from /usr/local/python/3.10.13/lib/python3.10/site-packages/airflow/example_dags/example_bash_decorator.py
[2024-05-16T12:20:29.639+0000] {logging_mixin.py:188} INFO - [2024-05-16T12:20:29.638+0000] {dag.py:3096} INFO - Sync 1 DAGs
[2024-05-16T12:20:29.647+0000] {logging_mixin.py:188} INFO - [2024-05-16T12:20:29.647+0000] {dag.py:3954} INFO - Setting next_dagrun for example_bash_decorator to None, run_after=None
[2024-05-16T12:20:29.692+0000] {processor.py:183} INFO - Processing /usr/local/python/3.10.13/lib/python3.10/site-packages/airflow/example_dags/example_bash_decorator.py took 0.085 seconds
[2024-05-16T12:21:34.749+0000] {processor.py:161} INFO - Started process (PID=13807) to work on /usr/local/python/3.10.13/lib/python3.10/site-packages/airflow/example_dags/example_bash_decorator.py
[2024-05-16T12:21:34.749+0000] {processor.py:830} INFO - Processing file /usr/local/python/3.10.13/lib/python3.10/site-packages/airflow/example_dags/example_bash_decorator.py for tasks to queue
[2024-05-16T12:21:34.750+0000] {logging_mixin.py:188} INFO - [2024-05-16T12:21:34.750+0000] {dagbag.py:545} INFO - Filling up the DagBag from /usr/local/python/3.10.13/lib/python3.10/site-packages/airflow/example_dags/example_bash_decorator.py
[2024-05-16T12:21:34.761+0000] {processor.py:840} INFO - DAG(s) 'example_bash_decorator' retrieved from /usr/local/python/3.10.13/lib/python3.10/site-packages/airflow/example_dags/example_bash_decorator.py
[2024-05-16T12:21:34.775+0000] {logging_mixin.py:188} INFO - [2024-05-16T12:21:34.775+0000] {dag.py:3096} INFO - Sync 1 DAGs
[2024-05-16T12:21:34.784+0000] {logging_mixin.py:188} INFO - [2024-05-16T12:21:34.783+0000] {dag.py:3954} INFO - Setting next_dagrun for example_bash_decorator to None, run_after=None
[2024-05-16T12:21:34.830+0000] {processor.py:183} INFO - Processing /usr/local/python/3.10.13/lib/python3.10/site-packages/airflow/example_dags/example_bash_decorator.py took 0.086 seconds
[2024-05-16T12:22:38.913+0000] {processor.py:161} INFO - Started process (PID=14301) to work on /usr/local/python/3.10.13/lib/python3.10/site-packages/airflow/example_dags/example_bash_decorator.py
[2024-05-16T12:22:38.914+0000] {processor.py:830} INFO - Processing file /usr/local/python/3.10.13/lib/python3.10/site-packages/airflow/example_dags/example_bash_decorator.py for tasks to queue
[2024-05-16T12:22:38.916+0000] {logging_mixin.py:188} INFO - [2024-05-16T12:22:38.915+0000] {dagbag.py:545} INFO - Filling up the DagBag from /usr/local/python/3.10.13/lib/python3.10/site-packages/airflow/example_dags/example_bash_decorator.py
[2024-05-16T12:22:38.934+0000] {processor.py:840} INFO - DAG(s) 'example_bash_decorator' retrieved from /usr/local/python/3.10.13/lib/python3.10/site-packages/airflow/example_dags/example_bash_decorator.py
[2024-05-16T12:22:38.951+0000] {logging_mixin.py:188} INFO - [2024-05-16T12:22:38.950+0000] {dag.py:3096} INFO - Sync 1 DAGs
[2024-05-16T12:22:38.964+0000] {logging_mixin.py:188} INFO - [2024-05-16T12:22:38.964+0000] {dag.py:3954} INFO - Setting next_dagrun for example_bash_decorator to None, run_after=None
[2024-05-16T12:22:39.010+0000] {processor.py:183} INFO - Processing /usr/local/python/3.10.13/lib/python3.10/site-packages/airflow/example_dags/example_bash_decorator.py took 0.113 seconds
[2024-05-16T12:23:46.735+0000] {processor.py:161} INFO - Started process (PID=14795) to work on /usr/local/python/3.10.13/lib/python3.10/site-packages/airflow/example_dags/example_bash_decorator.py
[2024-05-16T12:23:46.736+0000] {processor.py:830} INFO - Processing file /usr/local/python/3.10.13/lib/python3.10/site-packages/airflow/example_dags/example_bash_decorator.py for tasks to queue
[2024-05-16T12:23:46.737+0000] {logging_mixin.py:188} INFO - [2024-05-16T12:23:46.737+0000] {dagbag.py:545} INFO - Filling up the DagBag from /usr/local/python/3.10.13/lib/python3.10/site-packages/airflow/example_dags/example_bash_decorator.py
[2024-05-16T12:23:46.748+0000] {processor.py:840} INFO - DAG(s) 'example_bash_decorator' retrieved from /usr/local/python/3.10.13/lib/python3.10/site-packages/airflow/example_dags/example_bash_decorator.py
[2024-05-16T12:23:46.763+0000] {logging_mixin.py:188} INFO - [2024-05-16T12:23:46.763+0000] {dag.py:3096} INFO - Sync 1 DAGs
[2024-05-16T12:23:46.773+0000] {logging_mixin.py:188} INFO - [2024-05-16T12:23:46.772+0000] {dag.py:3954} INFO - Setting next_dagrun for example_bash_decorator to None, run_after=None
[2024-05-16T12:23:46.819+0000] {processor.py:183} INFO - Processing /usr/local/python/3.10.13/lib/python3.10/site-packages/airflow/example_dags/example_bash_decorator.py took 0.088 seconds
[2024-05-16T12:24:51.095+0000] {processor.py:161} INFO - Started process (PID=15288) to work on /usr/local/python/3.10.13/lib/python3.10/site-packages/airflow/example_dags/example_bash_decorator.py
[2024-05-16T12:24:51.096+0000] {processor.py:830} INFO - Processing file /usr/local/python/3.10.13/lib/python3.10/site-packages/airflow/example_dags/example_bash_decorator.py for tasks to queue
[2024-05-16T12:24:51.097+0000] {logging_mixin.py:188} INFO - [2024-05-16T12:24:51.097+0000] {dagbag.py:545} INFO - Filling up the DagBag from /usr/local/python/3.10.13/lib/python3.10/site-packages/airflow/example_dags/example_bash_decorator.py
[2024-05-16T12:24:51.108+0000] {processor.py:840} INFO - DAG(s) 'example_bash_decorator' retrieved from /usr/local/python/3.10.13/lib/python3.10/site-packages/airflow/example_dags/example_bash_decorator.py
[2024-05-16T12:24:51.122+0000] {logging_mixin.py:188} INFO - [2024-05-16T12:24:51.122+0000] {dag.py:3096} INFO - Sync 1 DAGs
[2024-05-16T12:24:51.132+0000] {logging_mixin.py:188} INFO - [2024-05-16T12:24:51.131+0000] {dag.py:3954} INFO - Setting next_dagrun for example_bash_decorator to None, run_after=None
[2024-05-16T12:24:51.178+0000] {processor.py:183} INFO - Processing /usr/local/python/3.10.13/lib/python3.10/site-packages/airflow/example_dags/example_bash_decorator.py took 0.087 seconds
[2024-05-16T12:25:50.703+0000] {processor.py:161} INFO - Started process (PID=15747) to work on /usr/local/python/3.10.13/lib/python3.10/site-packages/airflow/example_dags/example_bash_decorator.py
[2024-05-16T12:25:50.704+0000] {processor.py:830} INFO - Processing file /usr/local/python/3.10.13/lib/python3.10/site-packages/airflow/example_dags/example_bash_decorator.py for tasks to queue
[2024-05-16T12:25:50.705+0000] {logging_mixin.py:188} INFO - [2024-05-16T12:25:50.705+0000] {dagbag.py:545} INFO - Filling up the DagBag from /usr/local/python/3.10.13/lib/python3.10/site-packages/airflow/example_dags/example_bash_decorator.py
[2024-05-16T12:25:50.721+0000] {processor.py:840} INFO - DAG(s) 'example_bash_decorator' retrieved from /usr/local/python/3.10.13/lib/python3.10/site-packages/airflow/example_dags/example_bash_decorator.py
[2024-05-16T12:25:50.744+0000] {logging_mixin.py:188} INFO - [2024-05-16T12:25:50.744+0000] {dag.py:3096} INFO - Sync 1 DAGs
[2024-05-16T12:25:50.757+0000] {logging_mixin.py:188} INFO - [2024-05-16T12:25:50.757+0000] {dag.py:3954} INFO - Setting next_dagrun for example_bash_decorator to None, run_after=None
[2024-05-16T12:25:50.804+0000] {processor.py:183} INFO - Processing /usr/local/python/3.10.13/lib/python3.10/site-packages/airflow/example_dags/example_bash_decorator.py took 0.106 seconds
[2024-05-16T12:26:51.529+0000] {processor.py:161} INFO - Started process (PID=16179) to work on /usr/local/python/3.10.13/lib/python3.10/site-packages/airflow/example_dags/example_bash_decorator.py
[2024-05-16T12:26:51.530+0000] {processor.py:830} INFO - Processing file /usr/local/python/3.10.13/lib/python3.10/site-packages/airflow/example_dags/example_bash_decorator.py for tasks to queue
[2024-05-16T12:26:51.532+0000] {logging_mixin.py:188} INFO - [2024-05-16T12:26:51.531+0000] {dagbag.py:545} INFO - Filling up the DagBag from /usr/local/python/3.10.13/lib/python3.10/site-packages/airflow/example_dags/example_bash_decorator.py
[2024-05-16T12:26:51.550+0000] {processor.py:840} INFO - DAG(s) 'example_bash_decorator' retrieved from /usr/local/python/3.10.13/lib/python3.10/site-packages/airflow/example_dags/example_bash_decorator.py
[2024-05-16T12:26:51.573+0000] {logging_mixin.py:188} INFO - [2024-05-16T12:26:51.573+0000] {dag.py:3096} INFO - Sync 1 DAGs
[2024-05-16T12:26:51.592+0000] {logging_mixin.py:188} INFO - [2024-05-16T12:26:51.592+0000] {dag.py:3954} INFO - Setting next_dagrun for example_bash_decorator to None, run_after=None
[2024-05-16T12:26:51.659+0000] {processor.py:183} INFO - Processing /usr/local/python/3.10.13/lib/python3.10/site-packages/airflow/example_dags/example_bash_decorator.py took 0.137 seconds
[2024-05-16T12:27:56.411+0000] {processor.py:161} INFO - Started process (PID=16672) to work on /usr/local/python/3.10.13/lib/python3.10/site-packages/airflow/example_dags/example_bash_decorator.py
[2024-05-16T12:27:56.412+0000] {processor.py:830} INFO - Processing file /usr/local/python/3.10.13/lib/python3.10/site-packages/airflow/example_dags/example_bash_decorator.py for tasks to queue
[2024-05-16T12:27:56.414+0000] {logging_mixin.py:188} INFO - [2024-05-16T12:27:56.413+0000] {dagbag.py:545} INFO - Filling up the DagBag from /usr/local/python/3.10.13/lib/python3.10/site-packages/airflow/example_dags/example_bash_decorator.py
[2024-05-16T12:27:56.426+0000] {processor.py:840} INFO - DAG(s) 'example_bash_decorator' retrieved from /usr/local/python/3.10.13/lib/python3.10/site-packages/airflow/example_dags/example_bash_decorator.py
[2024-05-16T12:27:56.441+0000] {logging_mixin.py:188} INFO - [2024-05-16T12:27:56.441+0000] {dag.py:3096} INFO - Sync 1 DAGs
[2024-05-16T12:27:56.450+0000] {logging_mixin.py:188} INFO - [2024-05-16T12:27:56.450+0000] {dag.py:3954} INFO - Setting next_dagrun for example_bash_decorator to None, run_after=None
[2024-05-16T12:27:56.493+0000] {processor.py:183} INFO - Processing /usr/local/python/3.10.13/lib/python3.10/site-packages/airflow/example_dags/example_bash_decorator.py took 0.089 seconds
[2024-05-16T12:28:58.574+0000] {processor.py:161} INFO - Started process (PID=17120) to work on /usr/local/python/3.10.13/lib/python3.10/site-packages/airflow/example_dags/example_bash_decorator.py
[2024-05-16T12:28:58.575+0000] {processor.py:830} INFO - Processing file /usr/local/python/3.10.13/lib/python3.10/site-packages/airflow/example_dags/example_bash_decorator.py for tasks to queue
[2024-05-16T12:28:58.576+0000] {logging_mixin.py:188} INFO - [2024-05-16T12:28:58.576+0000] {dagbag.py:545} INFO - Filling up the DagBag from /usr/local/python/3.10.13/lib/python3.10/site-packages/airflow/example_dags/example_bash_decorator.py
[2024-05-16T12:28:58.587+0000] {processor.py:840} INFO - DAG(s) 'example_bash_decorator' retrieved from /usr/local/python/3.10.13/lib/python3.10/site-packages/airflow/example_dags/example_bash_decorator.py
[2024-05-16T12:28:58.603+0000] {logging_mixin.py:188} INFO - [2024-05-16T12:28:58.603+0000] {dag.py:3096} INFO - Sync 1 DAGs
[2024-05-16T12:28:58.612+0000] {logging_mixin.py:188} INFO - [2024-05-16T12:28:58.611+0000] {dag.py:3954} INFO - Setting next_dagrun for example_bash_decorator to None, run_after=None
[2024-05-16T12:28:58.657+0000] {processor.py:183} INFO - Processing /usr/local/python/3.10.13/lib/python3.10/site-packages/airflow/example_dags/example_bash_decorator.py took 0.087 seconds
[2024-05-16T12:30:03.566+0000] {processor.py:161} INFO - Started process (PID=17585) to work on /usr/local/python/3.10.13/lib/python3.10/site-packages/airflow/example_dags/example_bash_decorator.py
[2024-05-16T12:30:03.567+0000] {processor.py:830} INFO - Processing file /usr/local/python/3.10.13/lib/python3.10/site-packages/airflow/example_dags/example_bash_decorator.py for tasks to queue
[2024-05-16T12:30:03.568+0000] {logging_mixin.py:188} INFO - [2024-05-16T12:30:03.568+0000] {dagbag.py:545} INFO - Filling up the DagBag from /usr/local/python/3.10.13/lib/python3.10/site-packages/airflow/example_dags/example_bash_decorator.py
[2024-05-16T12:30:03.579+0000] {processor.py:840} INFO - DAG(s) 'example_bash_decorator' retrieved from /usr/local/python/3.10.13/lib/python3.10/site-packages/airflow/example_dags/example_bash_decorator.py
[2024-05-16T12:30:03.593+0000] {logging_mixin.py:188} INFO - [2024-05-16T12:30:03.593+0000] {dag.py:3096} INFO - Sync 1 DAGs
[2024-05-16T12:30:03.602+0000] {logging_mixin.py:188} INFO - [2024-05-16T12:30:03.602+0000] {dag.py:3954} INFO - Setting next_dagrun for example_bash_decorator to None, run_after=None
[2024-05-16T12:30:03.646+0000] {processor.py:183} INFO - Processing /usr/local/python/3.10.13/lib/python3.10/site-packages/airflow/example_dags/example_bash_decorator.py took 0.084 seconds
[2024-05-16T12:31:08.646+0000] {processor.py:161} INFO - Started process (PID=18060) to work on /usr/local/python/3.10.13/lib/python3.10/site-packages/airflow/example_dags/example_bash_decorator.py
[2024-05-16T12:31:08.647+0000] {processor.py:830} INFO - Processing file /usr/local/python/3.10.13/lib/python3.10/site-packages/airflow/example_dags/example_bash_decorator.py for tasks to queue
[2024-05-16T12:31:08.650+0000] {logging_mixin.py:188} INFO - [2024-05-16T12:31:08.649+0000] {dagbag.py:545} INFO - Filling up the DagBag from /usr/local/python/3.10.13/lib/python3.10/site-packages/airflow/example_dags/example_bash_decorator.py
[2024-05-16T12:31:08.666+0000] {processor.py:840} INFO - DAG(s) 'example_bash_decorator' retrieved from /usr/local/python/3.10.13/lib/python3.10/site-packages/airflow/example_dags/example_bash_decorator.py
[2024-05-16T12:31:08.692+0000] {logging_mixin.py:188} INFO - [2024-05-16T12:31:08.692+0000] {dag.py:3096} INFO - Sync 1 DAGs
[2024-05-16T12:31:08.707+0000] {logging_mixin.py:188} INFO - [2024-05-16T12:31:08.706+0000] {dag.py:3954} INFO - Setting next_dagrun for example_bash_decorator to None, run_after=None
[2024-05-16T12:31:08.758+0000] {processor.py:183} INFO - Processing /usr/local/python/3.10.13/lib/python3.10/site-packages/airflow/example_dags/example_bash_decorator.py took 0.118 seconds
[2024-05-16T12:32:11.735+0000] {processor.py:161} INFO - Started process (PID=18513) to work on /usr/local/python/3.10.13/lib/python3.10/site-packages/airflow/example_dags/example_bash_decorator.py
[2024-05-16T12:32:11.736+0000] {processor.py:830} INFO - Processing file /usr/local/python/3.10.13/lib/python3.10/site-packages/airflow/example_dags/example_bash_decorator.py for tasks to queue
[2024-05-16T12:32:11.737+0000] {logging_mixin.py:188} INFO - [2024-05-16T12:32:11.737+0000] {dagbag.py:545} INFO - Filling up the DagBag from /usr/local/python/3.10.13/lib/python3.10/site-packages/airflow/example_dags/example_bash_decorator.py
[2024-05-16T12:32:11.757+0000] {processor.py:840} INFO - DAG(s) 'example_bash_decorator' retrieved from /usr/local/python/3.10.13/lib/python3.10/site-packages/airflow/example_dags/example_bash_decorator.py
[2024-05-16T12:32:11.782+0000] {logging_mixin.py:188} INFO - [2024-05-16T12:32:11.781+0000] {dag.py:3096} INFO - Sync 1 DAGs
[2024-05-16T12:32:11.795+0000] {logging_mixin.py:188} INFO - [2024-05-16T12:32:11.794+0000] {dag.py:3954} INFO - Setting next_dagrun for example_bash_decorator to None, run_after=None
[2024-05-16T12:32:11.849+0000] {processor.py:183} INFO - Processing /usr/local/python/3.10.13/lib/python3.10/site-packages/airflow/example_dags/example_bash_decorator.py took 0.118 seconds
[2024-05-16T12:33:12.964+0000] {processor.py:161} INFO - Started process (PID=18953) to work on /usr/local/python/3.10.13/lib/python3.10/site-packages/airflow/example_dags/example_bash_decorator.py
[2024-05-16T12:33:12.965+0000] {processor.py:830} INFO - Processing file /usr/local/python/3.10.13/lib/python3.10/site-packages/airflow/example_dags/example_bash_decorator.py for tasks to queue
[2024-05-16T12:33:12.966+0000] {logging_mixin.py:188} INFO - [2024-05-16T12:33:12.966+0000] {dagbag.py:545} INFO - Filling up the DagBag from /usr/local/python/3.10.13/lib/python3.10/site-packages/airflow/example_dags/example_bash_decorator.py
[2024-05-16T12:33:12.978+0000] {processor.py:840} INFO - DAG(s) 'example_bash_decorator' retrieved from /usr/local/python/3.10.13/lib/python3.10/site-packages/airflow/example_dags/example_bash_decorator.py
[2024-05-16T12:33:12.992+0000] {logging_mixin.py:188} INFO - [2024-05-16T12:33:12.992+0000] {dag.py:3096} INFO - Sync 1 DAGs
[2024-05-16T12:33:13.001+0000] {logging_mixin.py:188} INFO - [2024-05-16T12:33:13.001+0000] {dag.py:3954} INFO - Setting next_dagrun for example_bash_decorator to None, run_after=None
[2024-05-16T12:33:13.058+0000] {processor.py:183} INFO - Processing /usr/local/python/3.10.13/lib/python3.10/site-packages/airflow/example_dags/example_bash_decorator.py took 0.100 seconds
[2024-05-16T12:34:18.251+0000] {processor.py:161} INFO - Started process (PID=19438) to work on /usr/local/python/3.10.13/lib/python3.10/site-packages/airflow/example_dags/example_bash_decorator.py
[2024-05-16T12:34:18.252+0000] {processor.py:830} INFO - Processing file /usr/local/python/3.10.13/lib/python3.10/site-packages/airflow/example_dags/example_bash_decorator.py for tasks to queue
[2024-05-16T12:34:18.253+0000] {logging_mixin.py:188} INFO - [2024-05-16T12:34:18.253+0000] {dagbag.py:545} INFO - Filling up the DagBag from /usr/local/python/3.10.13/lib/python3.10/site-packages/airflow/example_dags/example_bash_decorator.py
[2024-05-16T12:34:18.269+0000] {processor.py:840} INFO - DAG(s) 'example_bash_decorator' retrieved from /usr/local/python/3.10.13/lib/python3.10/site-packages/airflow/example_dags/example_bash_decorator.py
[2024-05-16T12:34:18.288+0000] {logging_mixin.py:188} INFO - [2024-05-16T12:34:18.287+0000] {dag.py:3096} INFO - Sync 1 DAGs
[2024-05-16T12:34:18.298+0000] {logging_mixin.py:188} INFO - [2024-05-16T12:34:18.298+0000] {dag.py:3954} INFO - Setting next_dagrun for example_bash_decorator to None, run_after=None
[2024-05-16T12:34:18.346+0000] {processor.py:183} INFO - Processing /usr/local/python/3.10.13/lib/python3.10/site-packages/airflow/example_dags/example_bash_decorator.py took 0.102 seconds
[2024-05-16T12:35:21.466+0000] {processor.py:161} INFO - Started process (PID=19901) to work on /usr/local/python/3.10.13/lib/python3.10/site-packages/airflow/example_dags/example_bash_decorator.py
[2024-05-16T12:35:21.467+0000] {processor.py:830} INFO - Processing file /usr/local/python/3.10.13/lib/python3.10/site-packages/airflow/example_dags/example_bash_decorator.py for tasks to queue
[2024-05-16T12:35:21.469+0000] {logging_mixin.py:188} INFO - [2024-05-16T12:35:21.468+0000] {dagbag.py:545} INFO - Filling up the DagBag from /usr/local/python/3.10.13/lib/python3.10/site-packages/airflow/example_dags/example_bash_decorator.py
[2024-05-16T12:35:21.480+0000] {processor.py:840} INFO - DAG(s) 'example_bash_decorator' retrieved from /usr/local/python/3.10.13/lib/python3.10/site-packages/airflow/example_dags/example_bash_decorator.py
[2024-05-16T12:35:21.502+0000] {logging_mixin.py:188} INFO - [2024-05-16T12:35:21.502+0000] {dag.py:3096} INFO - Sync 1 DAGs
[2024-05-16T12:35:21.512+0000] {logging_mixin.py:188} INFO - [2024-05-16T12:35:21.512+0000] {dag.py:3954} INFO - Setting next_dagrun for example_bash_decorator to None, run_after=None
[2024-05-16T12:35:21.554+0000] {processor.py:183} INFO - Processing /usr/local/python/3.10.13/lib/python3.10/site-packages/airflow/example_dags/example_bash_decorator.py took 0.095 seconds
[2024-05-16T12:36:22.619+0000] {processor.py:161} INFO - Started process (PID=20354) to work on /usr/local/python/3.10.13/lib/python3.10/site-packages/airflow/example_dags/example_bash_decorator.py
[2024-05-16T12:36:22.621+0000] {processor.py:830} INFO - Processing file /usr/local/python/3.10.13/lib/python3.10/site-packages/airflow/example_dags/example_bash_decorator.py for tasks to queue
[2024-05-16T12:36:22.623+0000] {logging_mixin.py:188} INFO - [2024-05-16T12:36:22.623+0000] {dagbag.py:545} INFO - Filling up the DagBag from /usr/local/python/3.10.13/lib/python3.10/site-packages/airflow/example_dags/example_bash_decorator.py
[2024-05-16T12:36:22.641+0000] {processor.py:840} INFO - DAG(s) 'example_bash_decorator' retrieved from /usr/local/python/3.10.13/lib/python3.10/site-packages/airflow/example_dags/example_bash_decorator.py
[2024-05-16T12:36:22.668+0000] {logging_mixin.py:188} INFO - [2024-05-16T12:36:22.668+0000] {dag.py:3096} INFO - Sync 1 DAGs
[2024-05-16T12:36:22.681+0000] {logging_mixin.py:188} INFO - [2024-05-16T12:36:22.680+0000] {dag.py:3954} INFO - Setting next_dagrun for example_bash_decorator to None, run_after=None
[2024-05-16T12:36:22.728+0000] {processor.py:183} INFO - Processing /usr/local/python/3.10.13/lib/python3.10/site-packages/airflow/example_dags/example_bash_decorator.py took 0.119 seconds
[2024-05-16T12:37:25.337+0000] {processor.py:161} INFO - Started process (PID=20799) to work on /usr/local/python/3.10.13/lib/python3.10/site-packages/airflow/example_dags/example_bash_decorator.py
[2024-05-16T12:37:25.338+0000] {processor.py:830} INFO - Processing file /usr/local/python/3.10.13/lib/python3.10/site-packages/airflow/example_dags/example_bash_decorator.py for tasks to queue
[2024-05-16T12:37:25.339+0000] {logging_mixin.py:188} INFO - [2024-05-16T12:37:25.339+0000] {dagbag.py:545} INFO - Filling up the DagBag from /usr/local/python/3.10.13/lib/python3.10/site-packages/airflow/example_dags/example_bash_decorator.py
[2024-05-16T12:37:25.350+0000] {processor.py:840} INFO - DAG(s) 'example_bash_decorator' retrieved from /usr/local/python/3.10.13/lib/python3.10/site-packages/airflow/example_dags/example_bash_decorator.py
[2024-05-16T12:37:25.365+0000] {logging_mixin.py:188} INFO - [2024-05-16T12:37:25.365+0000] {dag.py:3096} INFO - Sync 1 DAGs
[2024-05-16T12:37:25.374+0000] {logging_mixin.py:188} INFO - [2024-05-16T12:37:25.373+0000] {dag.py:3954} INFO - Setting next_dagrun for example_bash_decorator to None, run_after=None
[2024-05-16T12:37:25.418+0000] {processor.py:183} INFO - Processing /usr/local/python/3.10.13/lib/python3.10/site-packages/airflow/example_dags/example_bash_decorator.py took 0.085 seconds
[2024-05-16T12:38:24.429+0000] {processor.py:161} INFO - Started process (PID=21209) to work on /usr/local/python/3.10.13/lib/python3.10/site-packages/airflow/example_dags/example_bash_decorator.py
[2024-05-16T12:38:24.430+0000] {processor.py:830} INFO - Processing file /usr/local/python/3.10.13/lib/python3.10/site-packages/airflow/example_dags/example_bash_decorator.py for tasks to queue
[2024-05-16T12:38:24.431+0000] {logging_mixin.py:188} INFO - [2024-05-16T12:38:24.431+0000] {dagbag.py:545} INFO - Filling up the DagBag from /usr/local/python/3.10.13/lib/python3.10/site-packages/airflow/example_dags/example_bash_decorator.py
[2024-05-16T12:38:24.442+0000] {processor.py:840} INFO - DAG(s) 'example_bash_decorator' retrieved from /usr/local/python/3.10.13/lib/python3.10/site-packages/airflow/example_dags/example_bash_decorator.py
[2024-05-16T12:38:24.456+0000] {logging_mixin.py:188} INFO - [2024-05-16T12:38:24.456+0000] {dag.py:3096} INFO - Sync 1 DAGs
[2024-05-16T12:38:24.465+0000] {logging_mixin.py:188} INFO - [2024-05-16T12:38:24.465+0000] {dag.py:3954} INFO - Setting next_dagrun for example_bash_decorator to None, run_after=None
[2024-05-16T12:38:24.510+0000] {processor.py:183} INFO - Processing /usr/local/python/3.10.13/lib/python3.10/site-packages/airflow/example_dags/example_bash_decorator.py took 0.085 seconds
[2024-05-16T12:39:28.554+0000] {processor.py:161} INFO - Started process (PID=21673) to work on /usr/local/python/3.10.13/lib/python3.10/site-packages/airflow/example_dags/example_bash_decorator.py
[2024-05-16T12:39:28.555+0000] {processor.py:830} INFO - Processing file /usr/local/python/3.10.13/lib/python3.10/site-packages/airflow/example_dags/example_bash_decorator.py for tasks to queue
[2024-05-16T12:39:28.556+0000] {logging_mixin.py:188} INFO - [2024-05-16T12:39:28.556+0000] {dagbag.py:545} INFO - Filling up the DagBag from /usr/local/python/3.10.13/lib/python3.10/site-packages/airflow/example_dags/example_bash_decorator.py
[2024-05-16T12:39:28.567+0000] {processor.py:840} INFO - DAG(s) 'example_bash_decorator' retrieved from /usr/local/python/3.10.13/lib/python3.10/site-packages/airflow/example_dags/example_bash_decorator.py
[2024-05-16T12:39:28.581+0000] {logging_mixin.py:188} INFO - [2024-05-16T12:39:28.581+0000] {dag.py:3096} INFO - Sync 1 DAGs
[2024-05-16T12:39:28.589+0000] {logging_mixin.py:188} INFO - [2024-05-16T12:39:28.589+0000] {dag.py:3954} INFO - Setting next_dagrun for example_bash_decorator to None, run_after=None
[2024-05-16T12:39:28.633+0000] {processor.py:183} INFO - Processing /usr/local/python/3.10.13/lib/python3.10/site-packages/airflow/example_dags/example_bash_decorator.py took 0.084 seconds
[2024-05-16T12:40:32.581+0000] {processor.py:161} INFO - Started process (PID=22134) to work on /usr/local/python/3.10.13/lib/python3.10/site-packages/airflow/example_dags/example_bash_decorator.py
[2024-05-16T12:40:32.582+0000] {processor.py:830} INFO - Processing file /usr/local/python/3.10.13/lib/python3.10/site-packages/airflow/example_dags/example_bash_decorator.py for tasks to queue
[2024-05-16T12:40:32.583+0000] {logging_mixin.py:188} INFO - [2024-05-16T12:40:32.583+0000] {dagbag.py:545} INFO - Filling up the DagBag from /usr/local/python/3.10.13/lib/python3.10/site-packages/airflow/example_dags/example_bash_decorator.py
[2024-05-16T12:40:32.601+0000] {processor.py:840} INFO - DAG(s) 'example_bash_decorator' retrieved from /usr/local/python/3.10.13/lib/python3.10/site-packages/airflow/example_dags/example_bash_decorator.py
[2024-05-16T12:40:32.624+0000] {logging_mixin.py:188} INFO - [2024-05-16T12:40:32.623+0000] {dag.py:3096} INFO - Sync 1 DAGs
[2024-05-16T12:40:32.637+0000] {logging_mixin.py:188} INFO - [2024-05-16T12:40:32.636+0000] {dag.py:3954} INFO - Setting next_dagrun for example_bash_decorator to None, run_after=None
[2024-05-16T12:40:32.684+0000] {processor.py:183} INFO - Processing /usr/local/python/3.10.13/lib/python3.10/site-packages/airflow/example_dags/example_bash_decorator.py took 0.110 seconds
[2024-05-16T12:41:34.552+0000] {processor.py:161} INFO - Started process (PID=22570) to work on /usr/local/python/3.10.13/lib/python3.10/site-packages/airflow/example_dags/example_bash_decorator.py
[2024-05-16T12:41:34.552+0000] {processor.py:830} INFO - Processing file /usr/local/python/3.10.13/lib/python3.10/site-packages/airflow/example_dags/example_bash_decorator.py for tasks to queue
[2024-05-16T12:41:34.554+0000] {logging_mixin.py:188} INFO - [2024-05-16T12:41:34.554+0000] {dagbag.py:545} INFO - Filling up the DagBag from /usr/local/python/3.10.13/lib/python3.10/site-packages/airflow/example_dags/example_bash_decorator.py
[2024-05-16T12:41:34.565+0000] {processor.py:840} INFO - DAG(s) 'example_bash_decorator' retrieved from /usr/local/python/3.10.13/lib/python3.10/site-packages/airflow/example_dags/example_bash_decorator.py
[2024-05-16T12:41:34.579+0000] {logging_mixin.py:188} INFO - [2024-05-16T12:41:34.579+0000] {dag.py:3096} INFO - Sync 1 DAGs
[2024-05-16T12:41:34.588+0000] {logging_mixin.py:188} INFO - [2024-05-16T12:41:34.588+0000] {dag.py:3954} INFO - Setting next_dagrun for example_bash_decorator to None, run_after=None
[2024-05-16T12:41:34.634+0000] {processor.py:183} INFO - Processing /usr/local/python/3.10.13/lib/python3.10/site-packages/airflow/example_dags/example_bash_decorator.py took 0.087 seconds
[2024-05-16T12:42:39.533+0000] {processor.py:161} INFO - Started process (PID=23043) to work on /usr/local/python/3.10.13/lib/python3.10/site-packages/airflow/example_dags/example_bash_decorator.py
[2024-05-16T12:42:39.534+0000] {processor.py:830} INFO - Processing file /usr/local/python/3.10.13/lib/python3.10/site-packages/airflow/example_dags/example_bash_decorator.py for tasks to queue
[2024-05-16T12:42:39.535+0000] {logging_mixin.py:188} INFO - [2024-05-16T12:42:39.535+0000] {dagbag.py:545} INFO - Filling up the DagBag from /usr/local/python/3.10.13/lib/python3.10/site-packages/airflow/example_dags/example_bash_decorator.py
[2024-05-16T12:42:39.546+0000] {processor.py:840} INFO - DAG(s) 'example_bash_decorator' retrieved from /usr/local/python/3.10.13/lib/python3.10/site-packages/airflow/example_dags/example_bash_decorator.py
[2024-05-16T12:42:39.560+0000] {logging_mixin.py:188} INFO - [2024-05-16T12:42:39.560+0000] {dag.py:3096} INFO - Sync 1 DAGs
[2024-05-16T12:42:39.569+0000] {logging_mixin.py:188} INFO - [2024-05-16T12:42:39.568+0000] {dag.py:3954} INFO - Setting next_dagrun for example_bash_decorator to None, run_after=None
[2024-05-16T12:42:39.621+0000] {processor.py:183} INFO - Processing /usr/local/python/3.10.13/lib/python3.10/site-packages/airflow/example_dags/example_bash_decorator.py took 0.094 seconds
[2024-05-16T12:43:41.256+0000] {processor.py:161} INFO - Started process (PID=23497) to work on /usr/local/python/3.10.13/lib/python3.10/site-packages/airflow/example_dags/example_bash_decorator.py
[2024-05-16T12:43:41.257+0000] {processor.py:830} INFO - Processing file /usr/local/python/3.10.13/lib/python3.10/site-packages/airflow/example_dags/example_bash_decorator.py for tasks to queue
[2024-05-16T12:43:41.259+0000] {logging_mixin.py:188} INFO - [2024-05-16T12:43:41.258+0000] {dagbag.py:545} INFO - Filling up the DagBag from /usr/local/python/3.10.13/lib/python3.10/site-packages/airflow/example_dags/example_bash_decorator.py
[2024-05-16T12:43:41.274+0000] {processor.py:840} INFO - DAG(s) 'example_bash_decorator' retrieved from /usr/local/python/3.10.13/lib/python3.10/site-packages/airflow/example_dags/example_bash_decorator.py
[2024-05-16T12:43:41.298+0000] {logging_mixin.py:188} INFO - [2024-05-16T12:43:41.298+0000] {dag.py:3096} INFO - Sync 1 DAGs
[2024-05-16T12:43:41.315+0000] {logging_mixin.py:188} INFO - [2024-05-16T12:43:41.315+0000] {dag.py:3954} INFO - Setting next_dagrun for example_bash_decorator to None, run_after=None
[2024-05-16T12:43:41.384+0000] {processor.py:183} INFO - Processing /usr/local/python/3.10.13/lib/python3.10/site-packages/airflow/example_dags/example_bash_decorator.py took 0.138 seconds
[2024-05-16T12:44:46.577+0000] {processor.py:161} INFO - Started process (PID=23981) to work on /usr/local/python/3.10.13/lib/python3.10/site-packages/airflow/example_dags/example_bash_decorator.py
[2024-05-16T12:44:46.577+0000] {processor.py:830} INFO - Processing file /usr/local/python/3.10.13/lib/python3.10/site-packages/airflow/example_dags/example_bash_decorator.py for tasks to queue
[2024-05-16T12:44:46.579+0000] {logging_mixin.py:188} INFO - [2024-05-16T12:44:46.578+0000] {dagbag.py:545} INFO - Filling up the DagBag from /usr/local/python/3.10.13/lib/python3.10/site-packages/airflow/example_dags/example_bash_decorator.py
[2024-05-16T12:44:46.589+0000] {processor.py:840} INFO - DAG(s) 'example_bash_decorator' retrieved from /usr/local/python/3.10.13/lib/python3.10/site-packages/airflow/example_dags/example_bash_decorator.py
[2024-05-16T12:44:46.604+0000] {logging_mixin.py:188} INFO - [2024-05-16T12:44:46.604+0000] {dag.py:3096} INFO - Sync 1 DAGs
[2024-05-16T12:44:46.612+0000] {logging_mixin.py:188} INFO - [2024-05-16T12:44:46.612+0000] {dag.py:3954} INFO - Setting next_dagrun for example_bash_decorator to None, run_after=None
[2024-05-16T12:44:46.664+0000] {processor.py:183} INFO - Processing /usr/local/python/3.10.13/lib/python3.10/site-packages/airflow/example_dags/example_bash_decorator.py took 0.092 seconds
