[2024-05-16T12:06:24.913+0000] {processor.py:161} INFO - Started process (PID=7402) to work on /usr/local/python/3.10.13/lib/python3.10/site-packages/airflow/example_dags/example_skip_dag.py
[2024-05-16T12:06:24.913+0000] {processor.py:830} INFO - Processing file /usr/local/python/3.10.13/lib/python3.10/site-packages/airflow/example_dags/example_skip_dag.py for tasks to queue
[2024-05-16T12:06:24.915+0000] {logging_mixin.py:188} INFO - [2024-05-16T12:06:24.914+0000] {dagbag.py:545} INFO - Filling up the DagBag from /usr/local/python/3.10.13/lib/python3.10/site-packages/airflow/example_dags/example_skip_dag.py
[2024-05-16T12:06:24.921+0000] {processor.py:840} INFO - DAG(s) 'example_skip_dag' retrieved from /usr/local/python/3.10.13/lib/python3.10/site-packages/airflow/example_dags/example_skip_dag.py
[2024-05-16T12:06:25.072+0000] {logging_mixin.py:188} INFO - [2024-05-16T12:06:25.072+0000] {dag.py:3096} INFO - Sync 1 DAGs
[2024-05-16T12:06:25.085+0000] {logging_mixin.py:188} INFO - [2024-05-16T12:06:25.085+0000] {dag.py:3954} INFO - Setting next_dagrun for example_skip_dag to 2024-05-15 00:00:00+00:00, run_after=2024-05-16 00:00:00+00:00
[2024-05-16T12:06:25.130+0000] {processor.py:183} INFO - Processing /usr/local/python/3.10.13/lib/python3.10/site-packages/airflow/example_dags/example_skip_dag.py took 0.222 seconds
[2024-05-16T12:07:22.449+0000] {processor.py:161} INFO - Started process (PID=7792) to work on /usr/local/python/3.10.13/lib/python3.10/site-packages/airflow/example_dags/example_skip_dag.py
[2024-05-16T12:07:22.449+0000] {processor.py:830} INFO - Processing file /usr/local/python/3.10.13/lib/python3.10/site-packages/airflow/example_dags/example_skip_dag.py for tasks to queue
[2024-05-16T12:07:22.451+0000] {logging_mixin.py:188} INFO - [2024-05-16T12:07:22.450+0000] {dagbag.py:545} INFO - Filling up the DagBag from /usr/local/python/3.10.13/lib/python3.10/site-packages/airflow/example_dags/example_skip_dag.py
[2024-05-16T12:07:22.456+0000] {processor.py:840} INFO - DAG(s) 'example_skip_dag' retrieved from /usr/local/python/3.10.13/lib/python3.10/site-packages/airflow/example_dags/example_skip_dag.py
[2024-05-16T12:07:22.468+0000] {logging_mixin.py:188} INFO - [2024-05-16T12:07:22.468+0000] {dag.py:3096} INFO - Sync 1 DAGs
[2024-05-16T12:07:22.486+0000] {logging_mixin.py:188} INFO - [2024-05-16T12:07:22.486+0000] {dag.py:3954} INFO - Setting next_dagrun for example_skip_dag to 2024-05-15 00:00:00+00:00, run_after=2024-05-16 00:00:00+00:00
[2024-05-16T12:07:22.549+0000] {processor.py:183} INFO - Processing /usr/local/python/3.10.13/lib/python3.10/site-packages/airflow/example_dags/example_skip_dag.py took 0.105 seconds
[2024-05-16T12:08:10.490+0000] {processor.py:161} INFO - Started process (PID=8112) to work on /usr/local/python/3.10.13/lib/python3.10/site-packages/airflow/example_dags/example_skip_dag.py
[2024-05-16T12:08:10.490+0000] {processor.py:830} INFO - Processing file /usr/local/python/3.10.13/lib/python3.10/site-packages/airflow/example_dags/example_skip_dag.py for tasks to queue
[2024-05-16T12:08:10.492+0000] {logging_mixin.py:188} INFO - [2024-05-16T12:08:10.492+0000] {dagbag.py:545} INFO - Filling up the DagBag from /usr/local/python/3.10.13/lib/python3.10/site-packages/airflow/example_dags/example_skip_dag.py
[2024-05-16T12:08:10.497+0000] {processor.py:840} INFO - DAG(s) 'example_skip_dag' retrieved from /usr/local/python/3.10.13/lib/python3.10/site-packages/airflow/example_dags/example_skip_dag.py
[2024-05-16T12:08:10.510+0000] {logging_mixin.py:188} INFO - [2024-05-16T12:08:10.510+0000] {dag.py:3096} INFO - Sync 1 DAGs
[2024-05-16T12:08:10.525+0000] {logging_mixin.py:188} INFO - [2024-05-16T12:08:10.525+0000] {dag.py:3954} INFO - Setting next_dagrun for example_skip_dag to 2024-05-15 00:00:00+00:00, run_after=2024-05-16 00:00:00+00:00
[2024-05-16T12:08:10.570+0000] {processor.py:183} INFO - Processing /usr/local/python/3.10.13/lib/python3.10/site-packages/airflow/example_dags/example_skip_dag.py took 0.085 seconds
[2024-05-16T12:09:02.321+0000] {processor.py:161} INFO - Started process (PID=8487) to work on /usr/local/python/3.10.13/lib/python3.10/site-packages/airflow/example_dags/example_skip_dag.py
[2024-05-16T12:09:02.321+0000] {processor.py:830} INFO - Processing file /usr/local/python/3.10.13/lib/python3.10/site-packages/airflow/example_dags/example_skip_dag.py for tasks to queue
[2024-05-16T12:09:02.323+0000] {logging_mixin.py:188} INFO - [2024-05-16T12:09:02.323+0000] {dagbag.py:545} INFO - Filling up the DagBag from /usr/local/python/3.10.13/lib/python3.10/site-packages/airflow/example_dags/example_skip_dag.py
[2024-05-16T12:09:02.328+0000] {processor.py:840} INFO - DAG(s) 'example_skip_dag' retrieved from /usr/local/python/3.10.13/lib/python3.10/site-packages/airflow/example_dags/example_skip_dag.py
[2024-05-16T12:09:02.341+0000] {logging_mixin.py:188} INFO - [2024-05-16T12:09:02.340+0000] {dag.py:3096} INFO - Sync 1 DAGs
[2024-05-16T12:09:02.355+0000] {logging_mixin.py:188} INFO - [2024-05-16T12:09:02.355+0000] {dag.py:3954} INFO - Setting next_dagrun for example_skip_dag to 2024-05-15 00:00:00+00:00, run_after=2024-05-16 00:00:00+00:00
[2024-05-16T12:09:02.400+0000] {processor.py:183} INFO - Processing /usr/local/python/3.10.13/lib/python3.10/site-packages/airflow/example_dags/example_skip_dag.py took 0.085 seconds
[2024-05-16T12:09:46.177+0000] {processor.py:161} INFO - Started process (PID=8818) to work on /usr/local/python/3.10.13/lib/python3.10/site-packages/airflow/example_dags/example_skip_dag.py
[2024-05-16T12:09:46.178+0000] {processor.py:830} INFO - Processing file /usr/local/python/3.10.13/lib/python3.10/site-packages/airflow/example_dags/example_skip_dag.py for tasks to queue
[2024-05-16T12:09:46.179+0000] {logging_mixin.py:188} INFO - [2024-05-16T12:09:46.179+0000] {dagbag.py:545} INFO - Filling up the DagBag from /usr/local/python/3.10.13/lib/python3.10/site-packages/airflow/example_dags/example_skip_dag.py
[2024-05-16T12:09:46.185+0000] {processor.py:840} INFO - DAG(s) 'example_skip_dag' retrieved from /usr/local/python/3.10.13/lib/python3.10/site-packages/airflow/example_dags/example_skip_dag.py
[2024-05-16T12:09:46.197+0000] {logging_mixin.py:188} INFO - [2024-05-16T12:09:46.197+0000] {dag.py:3096} INFO - Sync 1 DAGs
[2024-05-16T12:09:46.211+0000] {logging_mixin.py:188} INFO - [2024-05-16T12:09:46.211+0000] {dag.py:3954} INFO - Setting next_dagrun for example_skip_dag to 2024-05-15 00:00:00+00:00, run_after=2024-05-16 00:00:00+00:00
[2024-05-16T12:09:46.258+0000] {processor.py:183} INFO - Processing /usr/local/python/3.10.13/lib/python3.10/site-packages/airflow/example_dags/example_skip_dag.py took 0.086 seconds
[2024-05-16T12:10:30.334+0000] {processor.py:161} INFO - Started process (PID=9118) to work on /usr/local/python/3.10.13/lib/python3.10/site-packages/airflow/example_dags/example_skip_dag.py
[2024-05-16T12:10:30.335+0000] {processor.py:830} INFO - Processing file /usr/local/python/3.10.13/lib/python3.10/site-packages/airflow/example_dags/example_skip_dag.py for tasks to queue
[2024-05-16T12:10:30.336+0000] {logging_mixin.py:188} INFO - [2024-05-16T12:10:30.336+0000] {dagbag.py:545} INFO - Filling up the DagBag from /usr/local/python/3.10.13/lib/python3.10/site-packages/airflow/example_dags/example_skip_dag.py
[2024-05-16T12:10:30.343+0000] {processor.py:840} INFO - DAG(s) 'example_skip_dag' retrieved from /usr/local/python/3.10.13/lib/python3.10/site-packages/airflow/example_dags/example_skip_dag.py
[2024-05-16T12:10:30.356+0000] {logging_mixin.py:188} INFO - [2024-05-16T12:10:30.355+0000] {dag.py:3096} INFO - Sync 1 DAGs
[2024-05-16T12:10:30.370+0000] {logging_mixin.py:188} INFO - [2024-05-16T12:10:30.370+0000] {dag.py:3954} INFO - Setting next_dagrun for example_skip_dag to 2024-05-15 00:00:00+00:00, run_after=2024-05-16 00:00:00+00:00
[2024-05-16T12:10:30.422+0000] {processor.py:183} INFO - Processing /usr/local/python/3.10.13/lib/python3.10/site-packages/airflow/example_dags/example_skip_dag.py took 0.095 seconds
[2024-05-16T12:11:12.854+0000] {processor.py:161} INFO - Started process (PID=9407) to work on /usr/local/python/3.10.13/lib/python3.10/site-packages/airflow/example_dags/example_skip_dag.py
[2024-05-16T12:11:12.855+0000] {processor.py:830} INFO - Processing file /usr/local/python/3.10.13/lib/python3.10/site-packages/airflow/example_dags/example_skip_dag.py for tasks to queue
[2024-05-16T12:11:12.856+0000] {logging_mixin.py:188} INFO - [2024-05-16T12:11:12.856+0000] {dagbag.py:545} INFO - Filling up the DagBag from /usr/local/python/3.10.13/lib/python3.10/site-packages/airflow/example_dags/example_skip_dag.py
[2024-05-16T12:11:12.862+0000] {processor.py:840} INFO - DAG(s) 'example_skip_dag' retrieved from /usr/local/python/3.10.13/lib/python3.10/site-packages/airflow/example_dags/example_skip_dag.py
[2024-05-16T12:11:12.874+0000] {logging_mixin.py:188} INFO - [2024-05-16T12:11:12.874+0000] {dag.py:3096} INFO - Sync 1 DAGs
[2024-05-16T12:11:12.888+0000] {logging_mixin.py:188} INFO - [2024-05-16T12:11:12.888+0000] {dag.py:3954} INFO - Setting next_dagrun for example_skip_dag to 2024-05-15 00:00:00+00:00, run_after=2024-05-16 00:00:00+00:00
[2024-05-16T12:11:12.933+0000] {processor.py:183} INFO - Processing /usr/local/python/3.10.13/lib/python3.10/site-packages/airflow/example_dags/example_skip_dag.py took 0.084 seconds
[2024-05-16T12:11:55.123+0000] {processor.py:161} INFO - Started process (PID=9696) to work on /usr/local/python/3.10.13/lib/python3.10/site-packages/airflow/example_dags/example_skip_dag.py
[2024-05-16T12:11:55.124+0000] {processor.py:830} INFO - Processing file /usr/local/python/3.10.13/lib/python3.10/site-packages/airflow/example_dags/example_skip_dag.py for tasks to queue
[2024-05-16T12:11:55.125+0000] {logging_mixin.py:188} INFO - [2024-05-16T12:11:55.125+0000] {dagbag.py:545} INFO - Filling up the DagBag from /usr/local/python/3.10.13/lib/python3.10/site-packages/airflow/example_dags/example_skip_dag.py
[2024-05-16T12:11:55.133+0000] {processor.py:840} INFO - DAG(s) 'example_skip_dag' retrieved from /usr/local/python/3.10.13/lib/python3.10/site-packages/airflow/example_dags/example_skip_dag.py
[2024-05-16T12:11:55.153+0000] {logging_mixin.py:188} INFO - [2024-05-16T12:11:55.152+0000] {dag.py:3096} INFO - Sync 1 DAGs
[2024-05-16T12:11:55.175+0000] {logging_mixin.py:188} INFO - [2024-05-16T12:11:55.175+0000] {dag.py:3954} INFO - Setting next_dagrun for example_skip_dag to 2024-05-15 00:00:00+00:00, run_after=2024-05-16 00:00:00+00:00
[2024-05-16T12:11:55.224+0000] {processor.py:183} INFO - Processing /usr/local/python/3.10.13/lib/python3.10/site-packages/airflow/example_dags/example_skip_dag.py took 0.108 seconds
[2024-05-16T12:12:36.886+0000] {processor.py:161} INFO - Started process (PID=10008) to work on /usr/local/python/3.10.13/lib/python3.10/site-packages/airflow/example_dags/example_skip_dag.py
[2024-05-16T12:12:36.887+0000] {processor.py:830} INFO - Processing file /usr/local/python/3.10.13/lib/python3.10/site-packages/airflow/example_dags/example_skip_dag.py for tasks to queue
[2024-05-16T12:12:36.888+0000] {logging_mixin.py:188} INFO - [2024-05-16T12:12:36.888+0000] {dagbag.py:545} INFO - Filling up the DagBag from /usr/local/python/3.10.13/lib/python3.10/site-packages/airflow/example_dags/example_skip_dag.py
[2024-05-16T12:12:36.894+0000] {processor.py:840} INFO - DAG(s) 'example_skip_dag' retrieved from /usr/local/python/3.10.13/lib/python3.10/site-packages/airflow/example_dags/example_skip_dag.py
[2024-05-16T12:12:36.906+0000] {logging_mixin.py:188} INFO - [2024-05-16T12:12:36.906+0000] {dag.py:3096} INFO - Sync 1 DAGs
[2024-05-16T12:12:36.920+0000] {logging_mixin.py:188} INFO - [2024-05-16T12:12:36.920+0000] {dag.py:3954} INFO - Setting next_dagrun for example_skip_dag to 2024-05-15 00:00:00+00:00, run_after=2024-05-16 00:00:00+00:00
[2024-05-16T12:12:36.967+0000] {processor.py:183} INFO - Processing /usr/local/python/3.10.13/lib/python3.10/site-packages/airflow/example_dags/example_skip_dag.py took 0.086 seconds
[2024-05-16T12:13:19.433+0000] {processor.py:161} INFO - Started process (PID=10297) to work on /usr/local/python/3.10.13/lib/python3.10/site-packages/airflow/example_dags/example_skip_dag.py
[2024-05-16T12:13:19.433+0000] {processor.py:830} INFO - Processing file /usr/local/python/3.10.13/lib/python3.10/site-packages/airflow/example_dags/example_skip_dag.py for tasks to queue
[2024-05-16T12:13:19.435+0000] {logging_mixin.py:188} INFO - [2024-05-16T12:13:19.435+0000] {dagbag.py:545} INFO - Filling up the DagBag from /usr/local/python/3.10.13/lib/python3.10/site-packages/airflow/example_dags/example_skip_dag.py
[2024-05-16T12:13:19.440+0000] {processor.py:840} INFO - DAG(s) 'example_skip_dag' retrieved from /usr/local/python/3.10.13/lib/python3.10/site-packages/airflow/example_dags/example_skip_dag.py
[2024-05-16T12:13:19.452+0000] {logging_mixin.py:188} INFO - [2024-05-16T12:13:19.452+0000] {dag.py:3096} INFO - Sync 1 DAGs
[2024-05-16T12:13:19.466+0000] {logging_mixin.py:188} INFO - [2024-05-16T12:13:19.466+0000] {dag.py:3954} INFO - Setting next_dagrun for example_skip_dag to 2024-05-15 00:00:00+00:00, run_after=2024-05-16 00:00:00+00:00
[2024-05-16T12:13:19.511+0000] {processor.py:183} INFO - Processing /usr/local/python/3.10.13/lib/python3.10/site-packages/airflow/example_dags/example_skip_dag.py took 0.083 seconds
[2024-05-16T12:14:01.122+0000] {processor.py:161} INFO - Started process (PID=10580) to work on /usr/local/python/3.10.13/lib/python3.10/site-packages/airflow/example_dags/example_skip_dag.py
[2024-05-16T12:14:01.123+0000] {processor.py:830} INFO - Processing file /usr/local/python/3.10.13/lib/python3.10/site-packages/airflow/example_dags/example_skip_dag.py for tasks to queue
[2024-05-16T12:14:01.124+0000] {logging_mixin.py:188} INFO - [2024-05-16T12:14:01.124+0000] {dagbag.py:545} INFO - Filling up the DagBag from /usr/local/python/3.10.13/lib/python3.10/site-packages/airflow/example_dags/example_skip_dag.py
[2024-05-16T12:14:01.130+0000] {processor.py:840} INFO - DAG(s) 'example_skip_dag' retrieved from /usr/local/python/3.10.13/lib/python3.10/site-packages/airflow/example_dags/example_skip_dag.py
[2024-05-16T12:14:01.142+0000] {logging_mixin.py:188} INFO - [2024-05-16T12:14:01.142+0000] {dag.py:3096} INFO - Sync 1 DAGs
[2024-05-16T12:14:01.157+0000] {logging_mixin.py:188} INFO - [2024-05-16T12:14:01.157+0000] {dag.py:3954} INFO - Setting next_dagrun for example_skip_dag to 2024-05-15 00:00:00+00:00, run_after=2024-05-16 00:00:00+00:00
[2024-05-16T12:14:01.216+0000] {processor.py:183} INFO - Processing /usr/local/python/3.10.13/lib/python3.10/site-packages/airflow/example_dags/example_skip_dag.py took 0.098 seconds
[2024-05-16T12:14:42.688+0000] {processor.py:161} INFO - Started process (PID=10869) to work on /usr/local/python/3.10.13/lib/python3.10/site-packages/airflow/example_dags/example_skip_dag.py
[2024-05-16T12:14:42.689+0000] {processor.py:830} INFO - Processing file /usr/local/python/3.10.13/lib/python3.10/site-packages/airflow/example_dags/example_skip_dag.py for tasks to queue
[2024-05-16T12:14:42.691+0000] {logging_mixin.py:188} INFO - [2024-05-16T12:14:42.690+0000] {dagbag.py:545} INFO - Filling up the DagBag from /usr/local/python/3.10.13/lib/python3.10/site-packages/airflow/example_dags/example_skip_dag.py
[2024-05-16T12:14:42.697+0000] {processor.py:840} INFO - DAG(s) 'example_skip_dag' retrieved from /usr/local/python/3.10.13/lib/python3.10/site-packages/airflow/example_dags/example_skip_dag.py
[2024-05-16T12:14:42.710+0000] {logging_mixin.py:188} INFO - [2024-05-16T12:14:42.709+0000] {dag.py:3096} INFO - Sync 1 DAGs
[2024-05-16T12:14:42.724+0000] {logging_mixin.py:188} INFO - [2024-05-16T12:14:42.724+0000] {dag.py:3954} INFO - Setting next_dagrun for example_skip_dag to 2024-05-15 00:00:00+00:00, run_after=2024-05-16 00:00:00+00:00
[2024-05-16T12:14:42.769+0000] {processor.py:183} INFO - Processing /usr/local/python/3.10.13/lib/python3.10/site-packages/airflow/example_dags/example_skip_dag.py took 0.086 seconds
[2024-05-16T12:15:25.198+0000] {processor.py:161} INFO - Started process (PID=11158) to work on /usr/local/python/3.10.13/lib/python3.10/site-packages/airflow/example_dags/example_skip_dag.py
[2024-05-16T12:15:25.199+0000] {processor.py:830} INFO - Processing file /usr/local/python/3.10.13/lib/python3.10/site-packages/airflow/example_dags/example_skip_dag.py for tasks to queue
[2024-05-16T12:15:25.200+0000] {logging_mixin.py:188} INFO - [2024-05-16T12:15:25.200+0000] {dagbag.py:545} INFO - Filling up the DagBag from /usr/local/python/3.10.13/lib/python3.10/site-packages/airflow/example_dags/example_skip_dag.py
[2024-05-16T12:15:25.206+0000] {processor.py:840} INFO - DAG(s) 'example_skip_dag' retrieved from /usr/local/python/3.10.13/lib/python3.10/site-packages/airflow/example_dags/example_skip_dag.py
[2024-05-16T12:15:25.221+0000] {logging_mixin.py:188} INFO - [2024-05-16T12:15:25.221+0000] {dag.py:3096} INFO - Sync 1 DAGs
[2024-05-16T12:15:25.238+0000] {logging_mixin.py:188} INFO - [2024-05-16T12:15:25.237+0000] {dag.py:3954} INFO - Setting next_dagrun for example_skip_dag to 2024-05-15 00:00:00+00:00, run_after=2024-05-16 00:00:00+00:00
[2024-05-16T12:15:25.285+0000] {processor.py:183} INFO - Processing /usr/local/python/3.10.13/lib/python3.10/site-packages/airflow/example_dags/example_skip_dag.py took 0.093 seconds
[2024-05-16T12:16:08.024+0000] {processor.py:161} INFO - Started process (PID=11480) to work on /usr/local/python/3.10.13/lib/python3.10/site-packages/airflow/example_dags/example_skip_dag.py
[2024-05-16T12:16:08.025+0000] {processor.py:830} INFO - Processing file /usr/local/python/3.10.13/lib/python3.10/site-packages/airflow/example_dags/example_skip_dag.py for tasks to queue
[2024-05-16T12:16:08.027+0000] {logging_mixin.py:188} INFO - [2024-05-16T12:16:08.026+0000] {dagbag.py:545} INFO - Filling up the DagBag from /usr/local/python/3.10.13/lib/python3.10/site-packages/airflow/example_dags/example_skip_dag.py
[2024-05-16T12:16:08.032+0000] {processor.py:840} INFO - DAG(s) 'example_skip_dag' retrieved from /usr/local/python/3.10.13/lib/python3.10/site-packages/airflow/example_dags/example_skip_dag.py
[2024-05-16T12:16:08.044+0000] {logging_mixin.py:188} INFO - [2024-05-16T12:16:08.044+0000] {dag.py:3096} INFO - Sync 1 DAGs
[2024-05-16T12:16:08.059+0000] {logging_mixin.py:188} INFO - [2024-05-16T12:16:08.059+0000] {dag.py:3954} INFO - Setting next_dagrun for example_skip_dag to 2024-05-15 00:00:00+00:00, run_after=2024-05-16 00:00:00+00:00
[2024-05-16T12:16:08.110+0000] {processor.py:183} INFO - Processing /usr/local/python/3.10.13/lib/python3.10/site-packages/airflow/example_dags/example_skip_dag.py took 0.090 seconds
[2024-05-16T12:16:52.776+0000] {processor.py:161} INFO - Started process (PID=11817) to work on /usr/local/python/3.10.13/lib/python3.10/site-packages/airflow/example_dags/example_skip_dag.py
[2024-05-16T12:16:52.777+0000] {processor.py:830} INFO - Processing file /usr/local/python/3.10.13/lib/python3.10/site-packages/airflow/example_dags/example_skip_dag.py for tasks to queue
[2024-05-16T12:16:52.778+0000] {logging_mixin.py:188} INFO - [2024-05-16T12:16:52.778+0000] {dagbag.py:545} INFO - Filling up the DagBag from /usr/local/python/3.10.13/lib/python3.10/site-packages/airflow/example_dags/example_skip_dag.py
[2024-05-16T12:16:52.783+0000] {processor.py:840} INFO - DAG(s) 'example_skip_dag' retrieved from /usr/local/python/3.10.13/lib/python3.10/site-packages/airflow/example_dags/example_skip_dag.py
[2024-05-16T12:16:52.796+0000] {logging_mixin.py:188} INFO - [2024-05-16T12:16:52.796+0000] {dag.py:3096} INFO - Sync 1 DAGs
[2024-05-16T12:16:52.811+0000] {logging_mixin.py:188} INFO - [2024-05-16T12:16:52.811+0000] {dag.py:3954} INFO - Setting next_dagrun for example_skip_dag to 2024-05-15 00:00:00+00:00, run_after=2024-05-16 00:00:00+00:00
[2024-05-16T12:16:52.856+0000] {processor.py:183} INFO - Processing /usr/local/python/3.10.13/lib/python3.10/site-packages/airflow/example_dags/example_skip_dag.py took 0.085 seconds
[2024-05-16T12:17:34.416+0000] {processor.py:161} INFO - Started process (PID=12118) to work on /usr/local/python/3.10.13/lib/python3.10/site-packages/airflow/example_dags/example_skip_dag.py
[2024-05-16T12:17:34.416+0000] {processor.py:830} INFO - Processing file /usr/local/python/3.10.13/lib/python3.10/site-packages/airflow/example_dags/example_skip_dag.py for tasks to queue
[2024-05-16T12:17:34.418+0000] {logging_mixin.py:188} INFO - [2024-05-16T12:17:34.417+0000] {dagbag.py:545} INFO - Filling up the DagBag from /usr/local/python/3.10.13/lib/python3.10/site-packages/airflow/example_dags/example_skip_dag.py
[2024-05-16T12:17:34.423+0000] {processor.py:840} INFO - DAG(s) 'example_skip_dag' retrieved from /usr/local/python/3.10.13/lib/python3.10/site-packages/airflow/example_dags/example_skip_dag.py
[2024-05-16T12:17:34.435+0000] {logging_mixin.py:188} INFO - [2024-05-16T12:17:34.435+0000] {dag.py:3096} INFO - Sync 1 DAGs
[2024-05-16T12:17:34.450+0000] {logging_mixin.py:188} INFO - [2024-05-16T12:17:34.450+0000] {dag.py:3954} INFO - Setting next_dagrun for example_skip_dag to 2024-05-15 00:00:00+00:00, run_after=2024-05-16 00:00:00+00:00
[2024-05-16T12:17:34.496+0000] {processor.py:183} INFO - Processing /usr/local/python/3.10.13/lib/python3.10/site-packages/airflow/example_dags/example_skip_dag.py took 0.085 seconds
[2024-05-16T12:18:16.093+0000] {processor.py:161} INFO - Started process (PID=12397) to work on /usr/local/python/3.10.13/lib/python3.10/site-packages/airflow/example_dags/example_skip_dag.py
[2024-05-16T12:18:16.093+0000] {processor.py:830} INFO - Processing file /usr/local/python/3.10.13/lib/python3.10/site-packages/airflow/example_dags/example_skip_dag.py for tasks to queue
[2024-05-16T12:18:16.095+0000] {logging_mixin.py:188} INFO - [2024-05-16T12:18:16.094+0000] {dagbag.py:545} INFO - Filling up the DagBag from /usr/local/python/3.10.13/lib/python3.10/site-packages/airflow/example_dags/example_skip_dag.py
[2024-05-16T12:18:16.100+0000] {processor.py:840} INFO - DAG(s) 'example_skip_dag' retrieved from /usr/local/python/3.10.13/lib/python3.10/site-packages/airflow/example_dags/example_skip_dag.py
[2024-05-16T12:18:16.112+0000] {logging_mixin.py:188} INFO - [2024-05-16T12:18:16.112+0000] {dag.py:3096} INFO - Sync 1 DAGs
[2024-05-16T12:18:16.128+0000] {logging_mixin.py:188} INFO - [2024-05-16T12:18:16.128+0000] {dag.py:3954} INFO - Setting next_dagrun for example_skip_dag to 2024-05-15 00:00:00+00:00, run_after=2024-05-16 00:00:00+00:00
[2024-05-16T12:18:16.176+0000] {processor.py:183} INFO - Processing /usr/local/python/3.10.13/lib/python3.10/site-packages/airflow/example_dags/example_skip_dag.py took 0.088 seconds
[2024-05-16T12:18:56.333+0000] {processor.py:161} INFO - Started process (PID=12701) to work on /usr/local/python/3.10.13/lib/python3.10/site-packages/airflow/example_dags/example_skip_dag.py
[2024-05-16T12:18:56.334+0000] {processor.py:830} INFO - Processing file /usr/local/python/3.10.13/lib/python3.10/site-packages/airflow/example_dags/example_skip_dag.py for tasks to queue
[2024-05-16T12:18:56.335+0000] {logging_mixin.py:188} INFO - [2024-05-16T12:18:56.335+0000] {dagbag.py:545} INFO - Filling up the DagBag from /usr/local/python/3.10.13/lib/python3.10/site-packages/airflow/example_dags/example_skip_dag.py
[2024-05-16T12:18:56.341+0000] {processor.py:840} INFO - DAG(s) 'example_skip_dag' retrieved from /usr/local/python/3.10.13/lib/python3.10/site-packages/airflow/example_dags/example_skip_dag.py
[2024-05-16T12:18:56.354+0000] {logging_mixin.py:188} INFO - [2024-05-16T12:18:56.354+0000] {dag.py:3096} INFO - Sync 1 DAGs
[2024-05-16T12:18:56.370+0000] {logging_mixin.py:188} INFO - [2024-05-16T12:18:56.369+0000] {dag.py:3954} INFO - Setting next_dagrun for example_skip_dag to 2024-05-15 00:00:00+00:00, run_after=2024-05-16 00:00:00+00:00
[2024-05-16T12:18:56.416+0000] {processor.py:183} INFO - Processing /usr/local/python/3.10.13/lib/python3.10/site-packages/airflow/example_dags/example_skip_dag.py took 0.089 seconds
[2024-05-16T12:19:40.194+0000] {processor.py:161} INFO - Started process (PID=13007) to work on /usr/local/python/3.10.13/lib/python3.10/site-packages/airflow/example_dags/example_skip_dag.py
[2024-05-16T12:19:40.194+0000] {processor.py:830} INFO - Processing file /usr/local/python/3.10.13/lib/python3.10/site-packages/airflow/example_dags/example_skip_dag.py for tasks to queue
[2024-05-16T12:19:40.196+0000] {logging_mixin.py:188} INFO - [2024-05-16T12:19:40.195+0000] {dagbag.py:545} INFO - Filling up the DagBag from /usr/local/python/3.10.13/lib/python3.10/site-packages/airflow/example_dags/example_skip_dag.py
[2024-05-16T12:19:40.201+0000] {processor.py:840} INFO - DAG(s) 'example_skip_dag' retrieved from /usr/local/python/3.10.13/lib/python3.10/site-packages/airflow/example_dags/example_skip_dag.py
[2024-05-16T12:19:40.213+0000] {logging_mixin.py:188} INFO - [2024-05-16T12:19:40.213+0000] {dag.py:3096} INFO - Sync 1 DAGs
[2024-05-16T12:19:40.228+0000] {logging_mixin.py:188} INFO - [2024-05-16T12:19:40.228+0000] {dag.py:3954} INFO - Setting next_dagrun for example_skip_dag to 2024-05-15 00:00:00+00:00, run_after=2024-05-16 00:00:00+00:00
[2024-05-16T12:19:40.275+0000] {processor.py:183} INFO - Processing /usr/local/python/3.10.13/lib/python3.10/site-packages/airflow/example_dags/example_skip_dag.py took 0.086 seconds
[2024-05-16T12:20:21.715+0000] {processor.py:161} INFO - Started process (PID=13303) to work on /usr/local/python/3.10.13/lib/python3.10/site-packages/airflow/example_dags/example_skip_dag.py
[2024-05-16T12:20:21.716+0000] {processor.py:830} INFO - Processing file /usr/local/python/3.10.13/lib/python3.10/site-packages/airflow/example_dags/example_skip_dag.py for tasks to queue
[2024-05-16T12:20:21.718+0000] {logging_mixin.py:188} INFO - [2024-05-16T12:20:21.717+0000] {dagbag.py:545} INFO - Filling up the DagBag from /usr/local/python/3.10.13/lib/python3.10/site-packages/airflow/example_dags/example_skip_dag.py
[2024-05-16T12:20:21.727+0000] {processor.py:840} INFO - DAG(s) 'example_skip_dag' retrieved from /usr/local/python/3.10.13/lib/python3.10/site-packages/airflow/example_dags/example_skip_dag.py
[2024-05-16T12:20:21.739+0000] {logging_mixin.py:188} INFO - [2024-05-16T12:20:21.739+0000] {dag.py:3096} INFO - Sync 1 DAGs
[2024-05-16T12:20:21.753+0000] {logging_mixin.py:188} INFO - [2024-05-16T12:20:21.753+0000] {dag.py:3954} INFO - Setting next_dagrun for example_skip_dag to 2024-05-15 00:00:00+00:00, run_after=2024-05-16 00:00:00+00:00
[2024-05-16T12:20:21.800+0000] {processor.py:183} INFO - Processing /usr/local/python/3.10.13/lib/python3.10/site-packages/airflow/example_dags/example_skip_dag.py took 0.090 seconds
[2024-05-16T12:21:03.157+0000] {processor.py:161} INFO - Started process (PID=13591) to work on /usr/local/python/3.10.13/lib/python3.10/site-packages/airflow/example_dags/example_skip_dag.py
[2024-05-16T12:21:03.158+0000] {processor.py:830} INFO - Processing file /usr/local/python/3.10.13/lib/python3.10/site-packages/airflow/example_dags/example_skip_dag.py for tasks to queue
[2024-05-16T12:21:03.160+0000] {logging_mixin.py:188} INFO - [2024-05-16T12:21:03.159+0000] {dagbag.py:545} INFO - Filling up the DagBag from /usr/local/python/3.10.13/lib/python3.10/site-packages/airflow/example_dags/example_skip_dag.py
[2024-05-16T12:21:03.165+0000] {processor.py:840} INFO - DAG(s) 'example_skip_dag' retrieved from /usr/local/python/3.10.13/lib/python3.10/site-packages/airflow/example_dags/example_skip_dag.py
[2024-05-16T12:21:03.177+0000] {logging_mixin.py:188} INFO - [2024-05-16T12:21:03.177+0000] {dag.py:3096} INFO - Sync 1 DAGs
[2024-05-16T12:21:03.192+0000] {logging_mixin.py:188} INFO - [2024-05-16T12:21:03.192+0000] {dag.py:3954} INFO - Setting next_dagrun for example_skip_dag to 2024-05-15 00:00:00+00:00, run_after=2024-05-16 00:00:00+00:00
[2024-05-16T12:21:03.239+0000] {processor.py:183} INFO - Processing /usr/local/python/3.10.13/lib/python3.10/site-packages/airflow/example_dags/example_skip_dag.py took 0.087 seconds
[2024-05-16T12:21:46.221+0000] {processor.py:161} INFO - Started process (PID=13901) to work on /usr/local/python/3.10.13/lib/python3.10/site-packages/airflow/example_dags/example_skip_dag.py
[2024-05-16T12:21:46.222+0000] {processor.py:830} INFO - Processing file /usr/local/python/3.10.13/lib/python3.10/site-packages/airflow/example_dags/example_skip_dag.py for tasks to queue
[2024-05-16T12:21:46.224+0000] {logging_mixin.py:188} INFO - [2024-05-16T12:21:46.224+0000] {dagbag.py:545} INFO - Filling up the DagBag from /usr/local/python/3.10.13/lib/python3.10/site-packages/airflow/example_dags/example_skip_dag.py
[2024-05-16T12:21:46.234+0000] {processor.py:840} INFO - DAG(s) 'example_skip_dag' retrieved from /usr/local/python/3.10.13/lib/python3.10/site-packages/airflow/example_dags/example_skip_dag.py
[2024-05-16T12:21:46.248+0000] {logging_mixin.py:188} INFO - [2024-05-16T12:21:46.248+0000] {dag.py:3096} INFO - Sync 1 DAGs
[2024-05-16T12:21:46.270+0000] {logging_mixin.py:188} INFO - [2024-05-16T12:21:46.270+0000] {dag.py:3954} INFO - Setting next_dagrun for example_skip_dag to 2024-05-15 00:00:00+00:00, run_after=2024-05-16 00:00:00+00:00
[2024-05-16T12:21:46.315+0000] {processor.py:183} INFO - Processing /usr/local/python/3.10.13/lib/python3.10/site-packages/airflow/example_dags/example_skip_dag.py took 0.103 seconds
[2024-05-16T12:22:29.633+0000] {processor.py:161} INFO - Started process (PID=14229) to work on /usr/local/python/3.10.13/lib/python3.10/site-packages/airflow/example_dags/example_skip_dag.py
[2024-05-16T12:22:29.634+0000] {processor.py:830} INFO - Processing file /usr/local/python/3.10.13/lib/python3.10/site-packages/airflow/example_dags/example_skip_dag.py for tasks to queue
[2024-05-16T12:22:29.636+0000] {logging_mixin.py:188} INFO - [2024-05-16T12:22:29.635+0000] {dagbag.py:545} INFO - Filling up the DagBag from /usr/local/python/3.10.13/lib/python3.10/site-packages/airflow/example_dags/example_skip_dag.py
[2024-05-16T12:22:29.643+0000] {processor.py:840} INFO - DAG(s) 'example_skip_dag' retrieved from /usr/local/python/3.10.13/lib/python3.10/site-packages/airflow/example_dags/example_skip_dag.py
[2024-05-16T12:22:29.661+0000] {logging_mixin.py:188} INFO - [2024-05-16T12:22:29.660+0000] {dag.py:3096} INFO - Sync 1 DAGs
[2024-05-16T12:22:29.682+0000] {logging_mixin.py:188} INFO - [2024-05-16T12:22:29.682+0000] {dag.py:3954} INFO - Setting next_dagrun for example_skip_dag to 2024-05-15 00:00:00+00:00, run_after=2024-05-16 00:00:00+00:00
[2024-05-16T12:22:29.745+0000] {processor.py:183} INFO - Processing /usr/local/python/3.10.13/lib/python3.10/site-packages/airflow/example_dags/example_skip_dag.py took 0.119 seconds
[2024-05-16T12:23:14.741+0000] {processor.py:161} INFO - Started process (PID=14551) to work on /usr/local/python/3.10.13/lib/python3.10/site-packages/airflow/example_dags/example_skip_dag.py
[2024-05-16T12:23:14.742+0000] {processor.py:830} INFO - Processing file /usr/local/python/3.10.13/lib/python3.10/site-packages/airflow/example_dags/example_skip_dag.py for tasks to queue
[2024-05-16T12:23:14.744+0000] {logging_mixin.py:188} INFO - [2024-05-16T12:23:14.744+0000] {dagbag.py:545} INFO - Filling up the DagBag from /usr/local/python/3.10.13/lib/python3.10/site-packages/airflow/example_dags/example_skip_dag.py
[2024-05-16T12:23:14.751+0000] {processor.py:840} INFO - DAG(s) 'example_skip_dag' retrieved from /usr/local/python/3.10.13/lib/python3.10/site-packages/airflow/example_dags/example_skip_dag.py
[2024-05-16T12:23:14.773+0000] {logging_mixin.py:188} INFO - [2024-05-16T12:23:14.773+0000] {dag.py:3096} INFO - Sync 1 DAGs
[2024-05-16T12:23:14.797+0000] {logging_mixin.py:188} INFO - [2024-05-16T12:23:14.796+0000] {dag.py:3954} INFO - Setting next_dagrun for example_skip_dag to 2024-05-15 00:00:00+00:00, run_after=2024-05-16 00:00:00+00:00
[2024-05-16T12:23:14.844+0000] {processor.py:183} INFO - Processing /usr/local/python/3.10.13/lib/python3.10/site-packages/airflow/example_dags/example_skip_dag.py took 0.110 seconds
[2024-05-16T12:23:59.061+0000] {processor.py:161} INFO - Started process (PID=14902) to work on /usr/local/python/3.10.13/lib/python3.10/site-packages/airflow/example_dags/example_skip_dag.py
[2024-05-16T12:23:59.062+0000] {processor.py:830} INFO - Processing file /usr/local/python/3.10.13/lib/python3.10/site-packages/airflow/example_dags/example_skip_dag.py for tasks to queue
[2024-05-16T12:23:59.064+0000] {logging_mixin.py:188} INFO - [2024-05-16T12:23:59.063+0000] {dagbag.py:545} INFO - Filling up the DagBag from /usr/local/python/3.10.13/lib/python3.10/site-packages/airflow/example_dags/example_skip_dag.py
[2024-05-16T12:23:59.071+0000] {processor.py:840} INFO - DAG(s) 'example_skip_dag' retrieved from /usr/local/python/3.10.13/lib/python3.10/site-packages/airflow/example_dags/example_skip_dag.py
[2024-05-16T12:23:59.093+0000] {logging_mixin.py:188} INFO - [2024-05-16T12:23:59.092+0000] {dag.py:3096} INFO - Sync 1 DAGs
[2024-05-16T12:23:59.116+0000] {logging_mixin.py:188} INFO - [2024-05-16T12:23:59.116+0000] {dag.py:3954} INFO - Setting next_dagrun for example_skip_dag to 2024-05-15 00:00:00+00:00, run_after=2024-05-16 00:00:00+00:00
[2024-05-16T12:23:59.169+0000] {processor.py:183} INFO - Processing /usr/local/python/3.10.13/lib/python3.10/site-packages/airflow/example_dags/example_skip_dag.py took 0.112 seconds
[2024-05-16T12:24:42.172+0000] {processor.py:161} INFO - Started process (PID=15217) to work on /usr/local/python/3.10.13/lib/python3.10/site-packages/airflow/example_dags/example_skip_dag.py
[2024-05-16T12:24:42.173+0000] {processor.py:830} INFO - Processing file /usr/local/python/3.10.13/lib/python3.10/site-packages/airflow/example_dags/example_skip_dag.py for tasks to queue
[2024-05-16T12:24:42.174+0000] {logging_mixin.py:188} INFO - [2024-05-16T12:24:42.174+0000] {dagbag.py:545} INFO - Filling up the DagBag from /usr/local/python/3.10.13/lib/python3.10/site-packages/airflow/example_dags/example_skip_dag.py
[2024-05-16T12:24:42.180+0000] {processor.py:840} INFO - DAG(s) 'example_skip_dag' retrieved from /usr/local/python/3.10.13/lib/python3.10/site-packages/airflow/example_dags/example_skip_dag.py
[2024-05-16T12:24:42.192+0000] {logging_mixin.py:188} INFO - [2024-05-16T12:24:42.192+0000] {dag.py:3096} INFO - Sync 1 DAGs
[2024-05-16T12:24:42.207+0000] {logging_mixin.py:188} INFO - [2024-05-16T12:24:42.206+0000] {dag.py:3954} INFO - Setting next_dagrun for example_skip_dag to 2024-05-15 00:00:00+00:00, run_after=2024-05-16 00:00:00+00:00
[2024-05-16T12:24:42.253+0000] {processor.py:183} INFO - Processing /usr/local/python/3.10.13/lib/python3.10/site-packages/airflow/example_dags/example_skip_dag.py took 0.085 seconds
[2024-05-16T12:25:21.611+0000] {processor.py:161} INFO - Started process (PID=15529) to work on /usr/local/python/3.10.13/lib/python3.10/site-packages/airflow/example_dags/example_skip_dag.py
[2024-05-16T12:25:21.612+0000] {processor.py:830} INFO - Processing file /usr/local/python/3.10.13/lib/python3.10/site-packages/airflow/example_dags/example_skip_dag.py for tasks to queue
[2024-05-16T12:25:21.613+0000] {logging_mixin.py:188} INFO - [2024-05-16T12:25:21.613+0000] {dagbag.py:545} INFO - Filling up the DagBag from /usr/local/python/3.10.13/lib/python3.10/site-packages/airflow/example_dags/example_skip_dag.py
[2024-05-16T12:25:21.619+0000] {processor.py:840} INFO - DAG(s) 'example_skip_dag' retrieved from /usr/local/python/3.10.13/lib/python3.10/site-packages/airflow/example_dags/example_skip_dag.py
[2024-05-16T12:25:21.631+0000] {logging_mixin.py:188} INFO - [2024-05-16T12:25:21.631+0000] {dag.py:3096} INFO - Sync 1 DAGs
[2024-05-16T12:25:21.649+0000] {logging_mixin.py:188} INFO - [2024-05-16T12:25:21.649+0000] {dag.py:3954} INFO - Setting next_dagrun for example_skip_dag to 2024-05-15 00:00:00+00:00, run_after=2024-05-16 00:00:00+00:00
[2024-05-16T12:25:21.694+0000] {processor.py:183} INFO - Processing /usr/local/python/3.10.13/lib/python3.10/site-packages/airflow/example_dags/example_skip_dag.py took 0.088 seconds
[2024-05-16T12:26:01.077+0000] {processor.py:161} INFO - Started process (PID=15825) to work on /usr/local/python/3.10.13/lib/python3.10/site-packages/airflow/example_dags/example_skip_dag.py
[2024-05-16T12:26:01.078+0000] {processor.py:830} INFO - Processing file /usr/local/python/3.10.13/lib/python3.10/site-packages/airflow/example_dags/example_skip_dag.py for tasks to queue
[2024-05-16T12:26:01.079+0000] {logging_mixin.py:188} INFO - [2024-05-16T12:26:01.079+0000] {dagbag.py:545} INFO - Filling up the DagBag from /usr/local/python/3.10.13/lib/python3.10/site-packages/airflow/example_dags/example_skip_dag.py
[2024-05-16T12:26:01.084+0000] {processor.py:840} INFO - DAG(s) 'example_skip_dag' retrieved from /usr/local/python/3.10.13/lib/python3.10/site-packages/airflow/example_dags/example_skip_dag.py
[2024-05-16T12:26:01.097+0000] {logging_mixin.py:188} INFO - [2024-05-16T12:26:01.096+0000] {dag.py:3096} INFO - Sync 1 DAGs
[2024-05-16T12:26:01.111+0000] {logging_mixin.py:188} INFO - [2024-05-16T12:26:01.111+0000] {dag.py:3954} INFO - Setting next_dagrun for example_skip_dag to 2024-05-15 00:00:00+00:00, run_after=2024-05-16 00:00:00+00:00
[2024-05-16T12:26:01.155+0000] {processor.py:183} INFO - Processing /usr/local/python/3.10.13/lib/python3.10/site-packages/airflow/example_dags/example_skip_dag.py took 0.083 seconds
[2024-05-16T12:26:41.822+0000] {processor.py:161} INFO - Started process (PID=16126) to work on /usr/local/python/3.10.13/lib/python3.10/site-packages/airflow/example_dags/example_skip_dag.py
[2024-05-16T12:26:41.823+0000] {processor.py:830} INFO - Processing file /usr/local/python/3.10.13/lib/python3.10/site-packages/airflow/example_dags/example_skip_dag.py for tasks to queue
[2024-05-16T12:26:41.824+0000] {logging_mixin.py:188} INFO - [2024-05-16T12:26:41.824+0000] {dagbag.py:545} INFO - Filling up the DagBag from /usr/local/python/3.10.13/lib/python3.10/site-packages/airflow/example_dags/example_skip_dag.py
[2024-05-16T12:26:41.829+0000] {processor.py:840} INFO - DAG(s) 'example_skip_dag' retrieved from /usr/local/python/3.10.13/lib/python3.10/site-packages/airflow/example_dags/example_skip_dag.py
[2024-05-16T12:26:41.842+0000] {logging_mixin.py:188} INFO - [2024-05-16T12:26:41.842+0000] {dag.py:3096} INFO - Sync 1 DAGs
[2024-05-16T12:26:41.860+0000] {logging_mixin.py:188} INFO - [2024-05-16T12:26:41.860+0000] {dag.py:3954} INFO - Setting next_dagrun for example_skip_dag to 2024-05-15 00:00:00+00:00, run_after=2024-05-16 00:00:00+00:00
[2024-05-16T12:26:41.904+0000] {processor.py:183} INFO - Processing /usr/local/python/3.10.13/lib/python3.10/site-packages/airflow/example_dags/example_skip_dag.py took 0.087 seconds
[2024-05-16T12:27:25.190+0000] {processor.py:161} INFO - Started process (PID=16446) to work on /usr/local/python/3.10.13/lib/python3.10/site-packages/airflow/example_dags/example_skip_dag.py
[2024-05-16T12:27:25.191+0000] {processor.py:830} INFO - Processing file /usr/local/python/3.10.13/lib/python3.10/site-packages/airflow/example_dags/example_skip_dag.py for tasks to queue
[2024-05-16T12:27:25.192+0000] {logging_mixin.py:188} INFO - [2024-05-16T12:27:25.192+0000] {dagbag.py:545} INFO - Filling up the DagBag from /usr/local/python/3.10.13/lib/python3.10/site-packages/airflow/example_dags/example_skip_dag.py
[2024-05-16T12:27:25.197+0000] {processor.py:840} INFO - DAG(s) 'example_skip_dag' retrieved from /usr/local/python/3.10.13/lib/python3.10/site-packages/airflow/example_dags/example_skip_dag.py
[2024-05-16T12:27:25.210+0000] {logging_mixin.py:188} INFO - [2024-05-16T12:27:25.210+0000] {dag.py:3096} INFO - Sync 1 DAGs
[2024-05-16T12:27:25.224+0000] {logging_mixin.py:188} INFO - [2024-05-16T12:27:25.224+0000] {dag.py:3954} INFO - Setting next_dagrun for example_skip_dag to 2024-05-15 00:00:00+00:00, run_after=2024-05-16 00:00:00+00:00
[2024-05-16T12:27:25.270+0000] {processor.py:183} INFO - Processing /usr/local/python/3.10.13/lib/python3.10/site-packages/airflow/example_dags/example_skip_dag.py took 0.085 seconds
[2024-05-16T12:28:07.884+0000] {processor.py:161} INFO - Started process (PID=16752) to work on /usr/local/python/3.10.13/lib/python3.10/site-packages/airflow/example_dags/example_skip_dag.py
[2024-05-16T12:28:07.885+0000] {processor.py:830} INFO - Processing file /usr/local/python/3.10.13/lib/python3.10/site-packages/airflow/example_dags/example_skip_dag.py for tasks to queue
[2024-05-16T12:28:07.887+0000] {logging_mixin.py:188} INFO - [2024-05-16T12:28:07.886+0000] {dagbag.py:545} INFO - Filling up the DagBag from /usr/local/python/3.10.13/lib/python3.10/site-packages/airflow/example_dags/example_skip_dag.py
[2024-05-16T12:28:07.892+0000] {processor.py:840} INFO - DAG(s) 'example_skip_dag' retrieved from /usr/local/python/3.10.13/lib/python3.10/site-packages/airflow/example_dags/example_skip_dag.py
[2024-05-16T12:28:07.906+0000] {logging_mixin.py:188} INFO - [2024-05-16T12:28:07.906+0000] {dag.py:3096} INFO - Sync 1 DAGs
[2024-05-16T12:28:07.921+0000] {logging_mixin.py:188} INFO - [2024-05-16T12:28:07.921+0000] {dag.py:3954} INFO - Setting next_dagrun for example_skip_dag to 2024-05-15 00:00:00+00:00, run_after=2024-05-16 00:00:00+00:00
[2024-05-16T12:28:07.968+0000] {processor.py:183} INFO - Processing /usr/local/python/3.10.13/lib/python3.10/site-packages/airflow/example_dags/example_skip_dag.py took 0.089 seconds
[2024-05-16T12:28:49.368+0000] {processor.py:161} INFO - Started process (PID=17051) to work on /usr/local/python/3.10.13/lib/python3.10/site-packages/airflow/example_dags/example_skip_dag.py
[2024-05-16T12:28:49.369+0000] {processor.py:830} INFO - Processing file /usr/local/python/3.10.13/lib/python3.10/site-packages/airflow/example_dags/example_skip_dag.py for tasks to queue
[2024-05-16T12:28:49.370+0000] {logging_mixin.py:188} INFO - [2024-05-16T12:28:49.370+0000] {dagbag.py:545} INFO - Filling up the DagBag from /usr/local/python/3.10.13/lib/python3.10/site-packages/airflow/example_dags/example_skip_dag.py
[2024-05-16T12:28:49.375+0000] {processor.py:840} INFO - DAG(s) 'example_skip_dag' retrieved from /usr/local/python/3.10.13/lib/python3.10/site-packages/airflow/example_dags/example_skip_dag.py
[2024-05-16T12:28:49.387+0000] {logging_mixin.py:188} INFO - [2024-05-16T12:28:49.387+0000] {dag.py:3096} INFO - Sync 1 DAGs
[2024-05-16T12:28:49.402+0000] {logging_mixin.py:188} INFO - [2024-05-16T12:28:49.402+0000] {dag.py:3954} INFO - Setting next_dagrun for example_skip_dag to 2024-05-15 00:00:00+00:00, run_after=2024-05-16 00:00:00+00:00
[2024-05-16T12:28:49.450+0000] {processor.py:183} INFO - Processing /usr/local/python/3.10.13/lib/python3.10/site-packages/airflow/example_dags/example_skip_dag.py took 0.087 seconds
[2024-05-16T12:29:32.879+0000] {processor.py:161} INFO - Started process (PID=17355) to work on /usr/local/python/3.10.13/lib/python3.10/site-packages/airflow/example_dags/example_skip_dag.py
[2024-05-16T12:29:32.880+0000] {processor.py:830} INFO - Processing file /usr/local/python/3.10.13/lib/python3.10/site-packages/airflow/example_dags/example_skip_dag.py for tasks to queue
[2024-05-16T12:29:32.882+0000] {logging_mixin.py:188} INFO - [2024-05-16T12:29:32.882+0000] {dagbag.py:545} INFO - Filling up the DagBag from /usr/local/python/3.10.13/lib/python3.10/site-packages/airflow/example_dags/example_skip_dag.py
[2024-05-16T12:29:32.889+0000] {processor.py:840} INFO - DAG(s) 'example_skip_dag' retrieved from /usr/local/python/3.10.13/lib/python3.10/site-packages/airflow/example_dags/example_skip_dag.py
[2024-05-16T12:29:32.912+0000] {logging_mixin.py:188} INFO - [2024-05-16T12:29:32.912+0000] {dag.py:3096} INFO - Sync 1 DAGs
[2024-05-16T12:29:32.936+0000] {logging_mixin.py:188} INFO - [2024-05-16T12:29:32.936+0000] {dag.py:3954} INFO - Setting next_dagrun for example_skip_dag to 2024-05-15 00:00:00+00:00, run_after=2024-05-16 00:00:00+00:00
[2024-05-16T12:29:32.987+0000] {processor.py:183} INFO - Processing /usr/local/python/3.10.13/lib/python3.10/site-packages/airflow/example_dags/example_skip_dag.py took 0.114 seconds
[2024-05-16T12:30:15.530+0000] {processor.py:161} INFO - Started process (PID=17687) to work on /usr/local/python/3.10.13/lib/python3.10/site-packages/airflow/example_dags/example_skip_dag.py
[2024-05-16T12:30:15.531+0000] {processor.py:830} INFO - Processing file /usr/local/python/3.10.13/lib/python3.10/site-packages/airflow/example_dags/example_skip_dag.py for tasks to queue
[2024-05-16T12:30:15.533+0000] {logging_mixin.py:188} INFO - [2024-05-16T12:30:15.533+0000] {dagbag.py:545} INFO - Filling up the DagBag from /usr/local/python/3.10.13/lib/python3.10/site-packages/airflow/example_dags/example_skip_dag.py
[2024-05-16T12:30:15.541+0000] {processor.py:840} INFO - DAG(s) 'example_skip_dag' retrieved from /usr/local/python/3.10.13/lib/python3.10/site-packages/airflow/example_dags/example_skip_dag.py
[2024-05-16T12:30:15.557+0000] {logging_mixin.py:188} INFO - [2024-05-16T12:30:15.557+0000] {dag.py:3096} INFO - Sync 1 DAGs
[2024-05-16T12:30:15.573+0000] {logging_mixin.py:188} INFO - [2024-05-16T12:30:15.573+0000] {dag.py:3954} INFO - Setting next_dagrun for example_skip_dag to 2024-05-15 00:00:00+00:00, run_after=2024-05-16 00:00:00+00:00
[2024-05-16T12:30:15.618+0000] {processor.py:183} INFO - Processing /usr/local/python/3.10.13/lib/python3.10/site-packages/airflow/example_dags/example_skip_dag.py took 0.093 seconds
[2024-05-16T12:30:59.526+0000] {processor.py:161} INFO - Started process (PID=17982) to work on /usr/local/python/3.10.13/lib/python3.10/site-packages/airflow/example_dags/example_skip_dag.py
[2024-05-16T12:30:59.527+0000] {processor.py:830} INFO - Processing file /usr/local/python/3.10.13/lib/python3.10/site-packages/airflow/example_dags/example_skip_dag.py for tasks to queue
[2024-05-16T12:30:59.529+0000] {logging_mixin.py:188} INFO - [2024-05-16T12:30:59.529+0000] {dagbag.py:545} INFO - Filling up the DagBag from /usr/local/python/3.10.13/lib/python3.10/site-packages/airflow/example_dags/example_skip_dag.py
[2024-05-16T12:30:59.537+0000] {processor.py:840} INFO - DAG(s) 'example_skip_dag' retrieved from /usr/local/python/3.10.13/lib/python3.10/site-packages/airflow/example_dags/example_skip_dag.py
[2024-05-16T12:30:59.551+0000] {logging_mixin.py:188} INFO - [2024-05-16T12:30:59.551+0000] {dag.py:3096} INFO - Sync 1 DAGs
[2024-05-16T12:30:59.574+0000] {logging_mixin.py:188} INFO - [2024-05-16T12:30:59.574+0000] {dag.py:3954} INFO - Setting next_dagrun for example_skip_dag to 2024-05-15 00:00:00+00:00, run_after=2024-05-16 00:00:00+00:00
[2024-05-16T12:30:59.620+0000] {processor.py:183} INFO - Processing /usr/local/python/3.10.13/lib/python3.10/site-packages/airflow/example_dags/example_skip_dag.py took 0.102 seconds
[2024-05-16T12:31:43.577+0000] {processor.py:161} INFO - Started process (PID=18307) to work on /usr/local/python/3.10.13/lib/python3.10/site-packages/airflow/example_dags/example_skip_dag.py
[2024-05-16T12:31:43.578+0000] {processor.py:830} INFO - Processing file /usr/local/python/3.10.13/lib/python3.10/site-packages/airflow/example_dags/example_skip_dag.py for tasks to queue
[2024-05-16T12:31:43.579+0000] {logging_mixin.py:188} INFO - [2024-05-16T12:31:43.579+0000] {dagbag.py:545} INFO - Filling up the DagBag from /usr/local/python/3.10.13/lib/python3.10/site-packages/airflow/example_dags/example_skip_dag.py
[2024-05-16T12:31:43.585+0000] {processor.py:840} INFO - DAG(s) 'example_skip_dag' retrieved from /usr/local/python/3.10.13/lib/python3.10/site-packages/airflow/example_dags/example_skip_dag.py
[2024-05-16T12:31:43.597+0000] {logging_mixin.py:188} INFO - [2024-05-16T12:31:43.597+0000] {dag.py:3096} INFO - Sync 1 DAGs
[2024-05-16T12:31:43.611+0000] {logging_mixin.py:188} INFO - [2024-05-16T12:31:43.611+0000] {dag.py:3954} INFO - Setting next_dagrun for example_skip_dag to 2024-05-15 00:00:00+00:00, run_after=2024-05-16 00:00:00+00:00
[2024-05-16T12:31:43.656+0000] {processor.py:183} INFO - Processing /usr/local/python/3.10.13/lib/python3.10/site-packages/airflow/example_dags/example_skip_dag.py took 0.083 seconds
[2024-05-16T12:32:25.053+0000] {processor.py:161} INFO - Started process (PID=18605) to work on /usr/local/python/3.10.13/lib/python3.10/site-packages/airflow/example_dags/example_skip_dag.py
[2024-05-16T12:32:25.054+0000] {processor.py:830} INFO - Processing file /usr/local/python/3.10.13/lib/python3.10/site-packages/airflow/example_dags/example_skip_dag.py for tasks to queue
[2024-05-16T12:32:25.056+0000] {logging_mixin.py:188} INFO - [2024-05-16T12:32:25.055+0000] {dagbag.py:545} INFO - Filling up the DagBag from /usr/local/python/3.10.13/lib/python3.10/site-packages/airflow/example_dags/example_skip_dag.py
[2024-05-16T12:32:25.061+0000] {processor.py:840} INFO - DAG(s) 'example_skip_dag' retrieved from /usr/local/python/3.10.13/lib/python3.10/site-packages/airflow/example_dags/example_skip_dag.py
[2024-05-16T12:32:25.073+0000] {logging_mixin.py:188} INFO - [2024-05-16T12:32:25.073+0000] {dag.py:3096} INFO - Sync 1 DAGs
[2024-05-16T12:32:25.088+0000] {logging_mixin.py:188} INFO - [2024-05-16T12:32:25.088+0000] {dag.py:3954} INFO - Setting next_dagrun for example_skip_dag to 2024-05-15 00:00:00+00:00, run_after=2024-05-16 00:00:00+00:00
[2024-05-16T12:32:25.136+0000] {processor.py:183} INFO - Processing /usr/local/python/3.10.13/lib/python3.10/site-packages/airflow/example_dags/example_skip_dag.py took 0.087 seconds
[2024-05-16T12:33:05.386+0000] {processor.py:161} INFO - Started process (PID=18892) to work on /usr/local/python/3.10.13/lib/python3.10/site-packages/airflow/example_dags/example_skip_dag.py
[2024-05-16T12:33:05.386+0000] {processor.py:830} INFO - Processing file /usr/local/python/3.10.13/lib/python3.10/site-packages/airflow/example_dags/example_skip_dag.py for tasks to queue
[2024-05-16T12:33:05.388+0000] {logging_mixin.py:188} INFO - [2024-05-16T12:33:05.387+0000] {dagbag.py:545} INFO - Filling up the DagBag from /usr/local/python/3.10.13/lib/python3.10/site-packages/airflow/example_dags/example_skip_dag.py
[2024-05-16T12:33:05.393+0000] {processor.py:840} INFO - DAG(s) 'example_skip_dag' retrieved from /usr/local/python/3.10.13/lib/python3.10/site-packages/airflow/example_dags/example_skip_dag.py
[2024-05-16T12:33:05.407+0000] {logging_mixin.py:188} INFO - [2024-05-16T12:33:05.407+0000] {dag.py:3096} INFO - Sync 1 DAGs
[2024-05-16T12:33:05.422+0000] {logging_mixin.py:188} INFO - [2024-05-16T12:33:05.422+0000] {dag.py:3954} INFO - Setting next_dagrun for example_skip_dag to 2024-05-15 00:00:00+00:00, run_after=2024-05-16 00:00:00+00:00
[2024-05-16T12:33:05.468+0000] {processor.py:183} INFO - Processing /usr/local/python/3.10.13/lib/python3.10/site-packages/airflow/example_dags/example_skip_dag.py took 0.088 seconds
[2024-05-16T12:33:47.428+0000] {processor.py:161} INFO - Started process (PID=19207) to work on /usr/local/python/3.10.13/lib/python3.10/site-packages/airflow/example_dags/example_skip_dag.py
[2024-05-16T12:33:47.429+0000] {processor.py:830} INFO - Processing file /usr/local/python/3.10.13/lib/python3.10/site-packages/airflow/example_dags/example_skip_dag.py for tasks to queue
[2024-05-16T12:33:47.430+0000] {logging_mixin.py:188} INFO - [2024-05-16T12:33:47.430+0000] {dagbag.py:545} INFO - Filling up the DagBag from /usr/local/python/3.10.13/lib/python3.10/site-packages/airflow/example_dags/example_skip_dag.py
[2024-05-16T12:33:47.435+0000] {processor.py:840} INFO - DAG(s) 'example_skip_dag' retrieved from /usr/local/python/3.10.13/lib/python3.10/site-packages/airflow/example_dags/example_skip_dag.py
[2024-05-16T12:33:47.448+0000] {logging_mixin.py:188} INFO - [2024-05-16T12:33:47.448+0000] {dag.py:3096} INFO - Sync 1 DAGs
[2024-05-16T12:33:47.462+0000] {logging_mixin.py:188} INFO - [2024-05-16T12:33:47.462+0000] {dag.py:3954} INFO - Setting next_dagrun for example_skip_dag to 2024-05-15 00:00:00+00:00, run_after=2024-05-16 00:00:00+00:00
[2024-05-16T12:33:47.509+0000] {processor.py:183} INFO - Processing /usr/local/python/3.10.13/lib/python3.10/site-packages/airflow/example_dags/example_skip_dag.py took 0.085 seconds
[2024-05-16T12:34:30.462+0000] {processor.py:161} INFO - Started process (PID=19528) to work on /usr/local/python/3.10.13/lib/python3.10/site-packages/airflow/example_dags/example_skip_dag.py
[2024-05-16T12:34:30.464+0000] {processor.py:830} INFO - Processing file /usr/local/python/3.10.13/lib/python3.10/site-packages/airflow/example_dags/example_skip_dag.py for tasks to queue
[2024-05-16T12:34:30.465+0000] {logging_mixin.py:188} INFO - [2024-05-16T12:34:30.465+0000] {dagbag.py:545} INFO - Filling up the DagBag from /usr/local/python/3.10.13/lib/python3.10/site-packages/airflow/example_dags/example_skip_dag.py
[2024-05-16T12:34:30.475+0000] {processor.py:840} INFO - DAG(s) 'example_skip_dag' retrieved from /usr/local/python/3.10.13/lib/python3.10/site-packages/airflow/example_dags/example_skip_dag.py
[2024-05-16T12:34:30.487+0000] {logging_mixin.py:188} INFO - [2024-05-16T12:34:30.487+0000] {dag.py:3096} INFO - Sync 1 DAGs
[2024-05-16T12:34:30.507+0000] {logging_mixin.py:188} INFO - [2024-05-16T12:34:30.506+0000] {dag.py:3954} INFO - Setting next_dagrun for example_skip_dag to 2024-05-15 00:00:00+00:00, run_after=2024-05-16 00:00:00+00:00
[2024-05-16T12:34:30.554+0000] {processor.py:183} INFO - Processing /usr/local/python/3.10.13/lib/python3.10/site-packages/airflow/example_dags/example_skip_dag.py took 0.101 seconds
[2024-05-16T12:35:13.694+0000] {processor.py:161} INFO - Started process (PID=19850) to work on /usr/local/python/3.10.13/lib/python3.10/site-packages/airflow/example_dags/example_skip_dag.py
[2024-05-16T12:35:13.695+0000] {processor.py:830} INFO - Processing file /usr/local/python/3.10.13/lib/python3.10/site-packages/airflow/example_dags/example_skip_dag.py for tasks to queue
[2024-05-16T12:35:13.696+0000] {logging_mixin.py:188} INFO - [2024-05-16T12:35:13.696+0000] {dagbag.py:545} INFO - Filling up the DagBag from /usr/local/python/3.10.13/lib/python3.10/site-packages/airflow/example_dags/example_skip_dag.py
[2024-05-16T12:35:13.701+0000] {processor.py:840} INFO - DAG(s) 'example_skip_dag' retrieved from /usr/local/python/3.10.13/lib/python3.10/site-packages/airflow/example_dags/example_skip_dag.py
[2024-05-16T12:35:13.714+0000] {logging_mixin.py:188} INFO - [2024-05-16T12:35:13.714+0000] {dag.py:3096} INFO - Sync 1 DAGs
[2024-05-16T12:35:13.729+0000] {logging_mixin.py:188} INFO - [2024-05-16T12:35:13.729+0000] {dag.py:3954} INFO - Setting next_dagrun for example_skip_dag to 2024-05-15 00:00:00+00:00, run_after=2024-05-16 00:00:00+00:00
[2024-05-16T12:35:13.773+0000] {processor.py:183} INFO - Processing /usr/local/python/3.10.13/lib/python3.10/site-packages/airflow/example_dags/example_skip_dag.py took 0.085 seconds
[2024-05-16T12:35:56.671+0000] {processor.py:161} INFO - Started process (PID=20166) to work on /usr/local/python/3.10.13/lib/python3.10/site-packages/airflow/example_dags/example_skip_dag.py
[2024-05-16T12:35:56.672+0000] {processor.py:830} INFO - Processing file /usr/local/python/3.10.13/lib/python3.10/site-packages/airflow/example_dags/example_skip_dag.py for tasks to queue
[2024-05-16T12:35:56.673+0000] {logging_mixin.py:188} INFO - [2024-05-16T12:35:56.673+0000] {dagbag.py:545} INFO - Filling up the DagBag from /usr/local/python/3.10.13/lib/python3.10/site-packages/airflow/example_dags/example_skip_dag.py
[2024-05-16T12:35:56.679+0000] {processor.py:840} INFO - DAG(s) 'example_skip_dag' retrieved from /usr/local/python/3.10.13/lib/python3.10/site-packages/airflow/example_dags/example_skip_dag.py
[2024-05-16T12:35:56.692+0000] {logging_mixin.py:188} INFO - [2024-05-16T12:35:56.692+0000] {dag.py:3096} INFO - Sync 1 DAGs
[2024-05-16T12:35:56.712+0000] {logging_mixin.py:188} INFO - [2024-05-16T12:35:56.711+0000] {dag.py:3954} INFO - Setting next_dagrun for example_skip_dag to 2024-05-15 00:00:00+00:00, run_after=2024-05-16 00:00:00+00:00
[2024-05-16T12:35:56.756+0000] {processor.py:183} INFO - Processing /usr/local/python/3.10.13/lib/python3.10/site-packages/airflow/example_dags/example_skip_dag.py took 0.089 seconds
[2024-05-16T12:36:55.637+0000] {processor.py:161} INFO - Started process (PID=20589) to work on /usr/local/python/3.10.13/lib/python3.10/site-packages/airflow/example_dags/example_skip_dag.py
[2024-05-16T12:36:55.637+0000] {processor.py:830} INFO - Processing file /usr/local/python/3.10.13/lib/python3.10/site-packages/airflow/example_dags/example_skip_dag.py for tasks to queue
[2024-05-16T12:36:55.639+0000] {logging_mixin.py:188} INFO - [2024-05-16T12:36:55.638+0000] {dagbag.py:545} INFO - Filling up the DagBag from /usr/local/python/3.10.13/lib/python3.10/site-packages/airflow/example_dags/example_skip_dag.py
[2024-05-16T12:36:55.644+0000] {processor.py:840} INFO - DAG(s) 'example_skip_dag' retrieved from /usr/local/python/3.10.13/lib/python3.10/site-packages/airflow/example_dags/example_skip_dag.py
[2024-05-16T12:36:55.656+0000] {logging_mixin.py:188} INFO - [2024-05-16T12:36:55.656+0000] {dag.py:3096} INFO - Sync 1 DAGs
[2024-05-16T12:36:55.673+0000] {logging_mixin.py:188} INFO - [2024-05-16T12:36:55.673+0000] {dag.py:3954} INFO - Setting next_dagrun for example_skip_dag to 2024-05-15 00:00:00+00:00, run_after=2024-05-16 00:00:00+00:00
[2024-05-16T12:36:55.727+0000] {processor.py:183} INFO - Processing /usr/local/python/3.10.13/lib/python3.10/site-packages/airflow/example_dags/example_skip_dag.py took 0.095 seconds
[2024-05-16T12:37:38.983+0000] {processor.py:161} INFO - Started process (PID=20891) to work on /usr/local/python/3.10.13/lib/python3.10/site-packages/airflow/example_dags/example_skip_dag.py
[2024-05-16T12:37:38.983+0000] {processor.py:830} INFO - Processing file /usr/local/python/3.10.13/lib/python3.10/site-packages/airflow/example_dags/example_skip_dag.py for tasks to queue
[2024-05-16T12:37:38.985+0000] {logging_mixin.py:188} INFO - [2024-05-16T12:37:38.984+0000] {dagbag.py:545} INFO - Filling up the DagBag from /usr/local/python/3.10.13/lib/python3.10/site-packages/airflow/example_dags/example_skip_dag.py
[2024-05-16T12:37:38.990+0000] {processor.py:840} INFO - DAG(s) 'example_skip_dag' retrieved from /usr/local/python/3.10.13/lib/python3.10/site-packages/airflow/example_dags/example_skip_dag.py
[2024-05-16T12:37:39.002+0000] {logging_mixin.py:188} INFO - [2024-05-16T12:37:39.002+0000] {dag.py:3096} INFO - Sync 1 DAGs
[2024-05-16T12:37:39.017+0000] {logging_mixin.py:188} INFO - [2024-05-16T12:37:39.017+0000] {dag.py:3954} INFO - Setting next_dagrun for example_skip_dag to 2024-05-15 00:00:00+00:00, run_after=2024-05-16 00:00:00+00:00
[2024-05-16T12:37:39.071+0000] {processor.py:183} INFO - Processing /usr/local/python/3.10.13/lib/python3.10/site-packages/airflow/example_dags/example_skip_dag.py took 0.093 seconds
[2024-05-16T12:38:18.180+0000] {processor.py:161} INFO - Started process (PID=21179) to work on /usr/local/python/3.10.13/lib/python3.10/site-packages/airflow/example_dags/example_skip_dag.py
[2024-05-16T12:38:18.181+0000] {processor.py:830} INFO - Processing file /usr/local/python/3.10.13/lib/python3.10/site-packages/airflow/example_dags/example_skip_dag.py for tasks to queue
[2024-05-16T12:38:18.182+0000] {logging_mixin.py:188} INFO - [2024-05-16T12:38:18.182+0000] {dagbag.py:545} INFO - Filling up the DagBag from /usr/local/python/3.10.13/lib/python3.10/site-packages/airflow/example_dags/example_skip_dag.py
[2024-05-16T12:38:18.188+0000] {processor.py:840} INFO - DAG(s) 'example_skip_dag' retrieved from /usr/local/python/3.10.13/lib/python3.10/site-packages/airflow/example_dags/example_skip_dag.py
[2024-05-16T12:38:18.200+0000] {logging_mixin.py:188} INFO - [2024-05-16T12:38:18.200+0000] {dag.py:3096} INFO - Sync 1 DAGs
[2024-05-16T12:38:18.214+0000] {logging_mixin.py:188} INFO - [2024-05-16T12:38:18.214+0000] {dag.py:3954} INFO - Setting next_dagrun for example_skip_dag to 2024-05-15 00:00:00+00:00, run_after=2024-05-16 00:00:00+00:00
[2024-05-16T12:38:18.260+0000] {processor.py:183} INFO - Processing /usr/local/python/3.10.13/lib/python3.10/site-packages/airflow/example_dags/example_skip_dag.py took 0.084 seconds
[2024-05-16T12:39:19.000+0000] {processor.py:161} INFO - Started process (PID=21603) to work on /usr/local/python/3.10.13/lib/python3.10/site-packages/airflow/example_dags/example_skip_dag.py
[2024-05-16T12:39:19.000+0000] {processor.py:830} INFO - Processing file /usr/local/python/3.10.13/lib/python3.10/site-packages/airflow/example_dags/example_skip_dag.py for tasks to queue
[2024-05-16T12:39:19.002+0000] {logging_mixin.py:188} INFO - [2024-05-16T12:39:19.001+0000] {dagbag.py:545} INFO - Filling up the DagBag from /usr/local/python/3.10.13/lib/python3.10/site-packages/airflow/example_dags/example_skip_dag.py
[2024-05-16T12:39:19.007+0000] {processor.py:840} INFO - DAG(s) 'example_skip_dag' retrieved from /usr/local/python/3.10.13/lib/python3.10/site-packages/airflow/example_dags/example_skip_dag.py
[2024-05-16T12:39:19.019+0000] {logging_mixin.py:188} INFO - [2024-05-16T12:39:19.019+0000] {dag.py:3096} INFO - Sync 1 DAGs
[2024-05-16T12:39:19.034+0000] {logging_mixin.py:188} INFO - [2024-05-16T12:39:19.033+0000] {dag.py:3954} INFO - Setting next_dagrun for example_skip_dag to 2024-05-15 00:00:00+00:00, run_after=2024-05-16 00:00:00+00:00
[2024-05-16T12:39:19.076+0000] {processor.py:183} INFO - Processing /usr/local/python/3.10.13/lib/python3.10/site-packages/airflow/example_dags/example_skip_dag.py took 0.082 seconds
[2024-05-16T12:40:03.898+0000] {processor.py:161} INFO - Started process (PID=21921) to work on /usr/local/python/3.10.13/lib/python3.10/site-packages/airflow/example_dags/example_skip_dag.py
[2024-05-16T12:40:03.899+0000] {processor.py:830} INFO - Processing file /usr/local/python/3.10.13/lib/python3.10/site-packages/airflow/example_dags/example_skip_dag.py for tasks to queue
[2024-05-16T12:40:03.900+0000] {logging_mixin.py:188} INFO - [2024-05-16T12:40:03.900+0000] {dagbag.py:545} INFO - Filling up the DagBag from /usr/local/python/3.10.13/lib/python3.10/site-packages/airflow/example_dags/example_skip_dag.py
[2024-05-16T12:40:03.906+0000] {processor.py:840} INFO - DAG(s) 'example_skip_dag' retrieved from /usr/local/python/3.10.13/lib/python3.10/site-packages/airflow/example_dags/example_skip_dag.py
[2024-05-16T12:40:03.919+0000] {logging_mixin.py:188} INFO - [2024-05-16T12:40:03.919+0000] {dag.py:3096} INFO - Sync 1 DAGs
[2024-05-16T12:40:03.933+0000] {logging_mixin.py:188} INFO - [2024-05-16T12:40:03.933+0000] {dag.py:3954} INFO - Setting next_dagrun for example_skip_dag to 2024-05-15 00:00:00+00:00, run_after=2024-05-16 00:00:00+00:00
[2024-05-16T12:40:03.982+0000] {processor.py:183} INFO - Processing /usr/local/python/3.10.13/lib/python3.10/site-packages/airflow/example_dags/example_skip_dag.py took 0.090 seconds
[2024-05-16T12:40:46.319+0000] {processor.py:161} INFO - Started process (PID=22228) to work on /usr/local/python/3.10.13/lib/python3.10/site-packages/airflow/example_dags/example_skip_dag.py
[2024-05-16T12:40:46.319+0000] {processor.py:830} INFO - Processing file /usr/local/python/3.10.13/lib/python3.10/site-packages/airflow/example_dags/example_skip_dag.py for tasks to queue
[2024-05-16T12:40:46.321+0000] {logging_mixin.py:188} INFO - [2024-05-16T12:40:46.321+0000] {dagbag.py:545} INFO - Filling up the DagBag from /usr/local/python/3.10.13/lib/python3.10/site-packages/airflow/example_dags/example_skip_dag.py
[2024-05-16T12:40:46.328+0000] {processor.py:840} INFO - DAG(s) 'example_skip_dag' retrieved from /usr/local/python/3.10.13/lib/python3.10/site-packages/airflow/example_dags/example_skip_dag.py
[2024-05-16T12:40:46.349+0000] {logging_mixin.py:188} INFO - [2024-05-16T12:40:46.349+0000] {dag.py:3096} INFO - Sync 1 DAGs
[2024-05-16T12:40:46.371+0000] {logging_mixin.py:188} INFO - [2024-05-16T12:40:46.371+0000] {dag.py:3954} INFO - Setting next_dagrun for example_skip_dag to 2024-05-15 00:00:00+00:00, run_after=2024-05-16 00:00:00+00:00
[2024-05-16T12:40:46.417+0000] {processor.py:183} INFO - Processing /usr/local/python/3.10.13/lib/python3.10/site-packages/airflow/example_dags/example_skip_dag.py took 0.104 seconds
[2024-05-16T12:41:27.445+0000] {processor.py:161} INFO - Started process (PID=22514) to work on /usr/local/python/3.10.13/lib/python3.10/site-packages/airflow/example_dags/example_skip_dag.py
[2024-05-16T12:41:27.446+0000] {processor.py:830} INFO - Processing file /usr/local/python/3.10.13/lib/python3.10/site-packages/airflow/example_dags/example_skip_dag.py for tasks to queue
[2024-05-16T12:41:27.447+0000] {logging_mixin.py:188} INFO - [2024-05-16T12:41:27.447+0000] {dagbag.py:545} INFO - Filling up the DagBag from /usr/local/python/3.10.13/lib/python3.10/site-packages/airflow/example_dags/example_skip_dag.py
[2024-05-16T12:41:27.453+0000] {processor.py:840} INFO - DAG(s) 'example_skip_dag' retrieved from /usr/local/python/3.10.13/lib/python3.10/site-packages/airflow/example_dags/example_skip_dag.py
[2024-05-16T12:41:27.465+0000] {logging_mixin.py:188} INFO - [2024-05-16T12:41:27.465+0000] {dag.py:3096} INFO - Sync 1 DAGs
[2024-05-16T12:41:27.480+0000] {logging_mixin.py:188} INFO - [2024-05-16T12:41:27.480+0000] {dag.py:3954} INFO - Setting next_dagrun for example_skip_dag to 2024-05-15 00:00:00+00:00, run_after=2024-05-16 00:00:00+00:00
[2024-05-16T12:41:27.526+0000] {processor.py:183} INFO - Processing /usr/local/python/3.10.13/lib/python3.10/site-packages/airflow/example_dags/example_skip_dag.py took 0.086 seconds
[2024-05-16T12:42:09.243+0000] {processor.py:161} INFO - Started process (PID=22822) to work on /usr/local/python/3.10.13/lib/python3.10/site-packages/airflow/example_dags/example_skip_dag.py
[2024-05-16T12:42:09.244+0000] {processor.py:830} INFO - Processing file /usr/local/python/3.10.13/lib/python3.10/site-packages/airflow/example_dags/example_skip_dag.py for tasks to queue
[2024-05-16T12:42:09.245+0000] {logging_mixin.py:188} INFO - [2024-05-16T12:42:09.245+0000] {dagbag.py:545} INFO - Filling up the DagBag from /usr/local/python/3.10.13/lib/python3.10/site-packages/airflow/example_dags/example_skip_dag.py
[2024-05-16T12:42:09.251+0000] {processor.py:840} INFO - DAG(s) 'example_skip_dag' retrieved from /usr/local/python/3.10.13/lib/python3.10/site-packages/airflow/example_dags/example_skip_dag.py
[2024-05-16T12:42:09.264+0000] {logging_mixin.py:188} INFO - [2024-05-16T12:42:09.264+0000] {dag.py:3096} INFO - Sync 1 DAGs
[2024-05-16T12:42:09.278+0000] {logging_mixin.py:188} INFO - [2024-05-16T12:42:09.278+0000] {dag.py:3954} INFO - Setting next_dagrun for example_skip_dag to 2024-05-15 00:00:00+00:00, run_after=2024-05-16 00:00:00+00:00
[2024-05-16T12:42:09.332+0000] {processor.py:183} INFO - Processing /usr/local/python/3.10.13/lib/python3.10/site-packages/airflow/example_dags/example_skip_dag.py took 0.093 seconds
[2024-05-16T12:42:52.428+0000] {processor.py:161} INFO - Started process (PID=23150) to work on /usr/local/python/3.10.13/lib/python3.10/site-packages/airflow/example_dags/example_skip_dag.py
[2024-05-16T12:42:52.429+0000] {processor.py:830} INFO - Processing file /usr/local/python/3.10.13/lib/python3.10/site-packages/airflow/example_dags/example_skip_dag.py for tasks to queue
[2024-05-16T12:42:52.430+0000] {logging_mixin.py:188} INFO - [2024-05-16T12:42:52.430+0000] {dagbag.py:545} INFO - Filling up the DagBag from /usr/local/python/3.10.13/lib/python3.10/site-packages/airflow/example_dags/example_skip_dag.py
[2024-05-16T12:42:52.437+0000] {processor.py:840} INFO - DAG(s) 'example_skip_dag' retrieved from /usr/local/python/3.10.13/lib/python3.10/site-packages/airflow/example_dags/example_skip_dag.py
[2024-05-16T12:42:52.449+0000] {logging_mixin.py:188} INFO - [2024-05-16T12:42:52.449+0000] {dag.py:3096} INFO - Sync 1 DAGs
[2024-05-16T12:42:52.464+0000] {logging_mixin.py:188} INFO - [2024-05-16T12:42:52.464+0000] {dag.py:3954} INFO - Setting next_dagrun for example_skip_dag to 2024-05-15 00:00:00+00:00, run_after=2024-05-16 00:00:00+00:00
[2024-05-16T12:42:52.510+0000] {processor.py:183} INFO - Processing /usr/local/python/3.10.13/lib/python3.10/site-packages/airflow/example_dags/example_skip_dag.py took 0.087 seconds
[2024-05-16T12:43:32.920+0000] {processor.py:161} INFO - Started process (PID=23456) to work on /usr/local/python/3.10.13/lib/python3.10/site-packages/airflow/example_dags/example_skip_dag.py
[2024-05-16T12:43:32.921+0000] {processor.py:830} INFO - Processing file /usr/local/python/3.10.13/lib/python3.10/site-packages/airflow/example_dags/example_skip_dag.py for tasks to queue
[2024-05-16T12:43:32.922+0000] {logging_mixin.py:188} INFO - [2024-05-16T12:43:32.922+0000] {dagbag.py:545} INFO - Filling up the DagBag from /usr/local/python/3.10.13/lib/python3.10/site-packages/airflow/example_dags/example_skip_dag.py
[2024-05-16T12:43:32.927+0000] {processor.py:840} INFO - DAG(s) 'example_skip_dag' retrieved from /usr/local/python/3.10.13/lib/python3.10/site-packages/airflow/example_dags/example_skip_dag.py
[2024-05-16T12:43:32.939+0000] {logging_mixin.py:188} INFO - [2024-05-16T12:43:32.939+0000] {dag.py:3096} INFO - Sync 1 DAGs
[2024-05-16T12:43:32.954+0000] {logging_mixin.py:188} INFO - [2024-05-16T12:43:32.953+0000] {dag.py:3954} INFO - Setting next_dagrun for example_skip_dag to 2024-05-15 00:00:00+00:00, run_after=2024-05-16 00:00:00+00:00
[2024-05-16T12:43:32.998+0000] {processor.py:183} INFO - Processing /usr/local/python/3.10.13/lib/python3.10/site-packages/airflow/example_dags/example_skip_dag.py took 0.083 seconds
[2024-05-16T12:44:16.734+0000] {processor.py:161} INFO - Started process (PID=23768) to work on /usr/local/python/3.10.13/lib/python3.10/site-packages/airflow/example_dags/example_skip_dag.py
[2024-05-16T12:44:16.734+0000] {processor.py:830} INFO - Processing file /usr/local/python/3.10.13/lib/python3.10/site-packages/airflow/example_dags/example_skip_dag.py for tasks to queue
[2024-05-16T12:44:16.736+0000] {logging_mixin.py:188} INFO - [2024-05-16T12:44:16.735+0000] {dagbag.py:545} INFO - Filling up the DagBag from /usr/local/python/3.10.13/lib/python3.10/site-packages/airflow/example_dags/example_skip_dag.py
[2024-05-16T12:44:16.741+0000] {processor.py:840} INFO - DAG(s) 'example_skip_dag' retrieved from /usr/local/python/3.10.13/lib/python3.10/site-packages/airflow/example_dags/example_skip_dag.py
[2024-05-16T12:44:16.753+0000] {logging_mixin.py:188} INFO - [2024-05-16T12:44:16.753+0000] {dag.py:3096} INFO - Sync 1 DAGs
[2024-05-16T12:44:16.768+0000] {logging_mixin.py:188} INFO - [2024-05-16T12:44:16.768+0000] {dag.py:3954} INFO - Setting next_dagrun for example_skip_dag to 2024-05-15 00:00:00+00:00, run_after=2024-05-16 00:00:00+00:00
[2024-05-16T12:44:16.813+0000] {processor.py:183} INFO - Processing /usr/local/python/3.10.13/lib/python3.10/site-packages/airflow/example_dags/example_skip_dag.py took 0.085 seconds
[2024-05-16T12:44:59.556+0000] {processor.py:161} INFO - Started process (PID=24074) to work on /usr/local/python/3.10.13/lib/python3.10/site-packages/airflow/example_dags/example_skip_dag.py
[2024-05-16T12:44:59.557+0000] {processor.py:830} INFO - Processing file /usr/local/python/3.10.13/lib/python3.10/site-packages/airflow/example_dags/example_skip_dag.py for tasks to queue
[2024-05-16T12:44:59.559+0000] {logging_mixin.py:188} INFO - [2024-05-16T12:44:59.558+0000] {dagbag.py:545} INFO - Filling up the DagBag from /usr/local/python/3.10.13/lib/python3.10/site-packages/airflow/example_dags/example_skip_dag.py
[2024-05-16T12:44:59.564+0000] {processor.py:840} INFO - DAG(s) 'example_skip_dag' retrieved from /usr/local/python/3.10.13/lib/python3.10/site-packages/airflow/example_dags/example_skip_dag.py
[2024-05-16T12:44:59.576+0000] {logging_mixin.py:188} INFO - [2024-05-16T12:44:59.576+0000] {dag.py:3096} INFO - Sync 1 DAGs
[2024-05-16T12:44:59.591+0000] {logging_mixin.py:188} INFO - [2024-05-16T12:44:59.591+0000] {dag.py:3954} INFO - Setting next_dagrun for example_skip_dag to 2024-05-15 00:00:00+00:00, run_after=2024-05-16 00:00:00+00:00
[2024-05-16T12:44:59.637+0000] {processor.py:183} INFO - Processing /usr/local/python/3.10.13/lib/python3.10/site-packages/airflow/example_dags/example_skip_dag.py took 0.085 seconds
