[2024-05-16T12:06:48.425+0000] {processor.py:161} INFO - Started process (PID=7555) to work on /usr/local/python/3.10.13/lib/python3.10/site-packages/airflow/example_dags/example_complex.py
[2024-05-16T12:06:48.426+0000] {processor.py:830} INFO - Processing file /usr/local/python/3.10.13/lib/python3.10/site-packages/airflow/example_dags/example_complex.py for tasks to queue
[2024-05-16T12:06:48.427+0000] {logging_mixin.py:188} INFO - [2024-05-16T12:06:48.427+0000] {dagbag.py:545} INFO - Filling up the DagBag from /usr/local/python/3.10.13/lib/python3.10/site-packages/airflow/example_dags/example_complex.py
[2024-05-16T12:06:48.436+0000] {processor.py:840} INFO - DAG(s) 'example_complex' retrieved from /usr/local/python/3.10.13/lib/python3.10/site-packages/airflow/example_dags/example_complex.py
[2024-05-16T12:06:48.594+0000] {logging_mixin.py:188} INFO - [2024-05-16T12:06:48.593+0000] {dag.py:3096} INFO - Sync 1 DAGs
[2024-05-16T12:06:48.601+0000] {logging_mixin.py:188} INFO - [2024-05-16T12:06:48.600+0000] {dag.py:3954} INFO - Setting next_dagrun for example_complex to None, run_after=None
[2024-05-16T12:06:48.656+0000] {processor.py:183} INFO - Processing /usr/local/python/3.10.13/lib/python3.10/site-packages/airflow/example_dags/example_complex.py took 0.235 seconds
[2024-05-16T12:07:42.271+0000] {processor.py:161} INFO - Started process (PID=7931) to work on /usr/local/python/3.10.13/lib/python3.10/site-packages/airflow/example_dags/example_complex.py
[2024-05-16T12:07:42.271+0000] {processor.py:830} INFO - Processing file /usr/local/python/3.10.13/lib/python3.10/site-packages/airflow/example_dags/example_complex.py for tasks to queue
[2024-05-16T12:07:42.273+0000] {logging_mixin.py:188} INFO - [2024-05-16T12:07:42.272+0000] {dagbag.py:545} INFO - Filling up the DagBag from /usr/local/python/3.10.13/lib/python3.10/site-packages/airflow/example_dags/example_complex.py
[2024-05-16T12:07:42.282+0000] {processor.py:840} INFO - DAG(s) 'example_complex' retrieved from /usr/local/python/3.10.13/lib/python3.10/site-packages/airflow/example_dags/example_complex.py
[2024-05-16T12:07:42.304+0000] {logging_mixin.py:188} INFO - [2024-05-16T12:07:42.304+0000] {dag.py:3096} INFO - Sync 1 DAGs
[2024-05-16T12:07:42.313+0000] {logging_mixin.py:188} INFO - [2024-05-16T12:07:42.313+0000] {dag.py:3954} INFO - Setting next_dagrun for example_complex to None, run_after=None
[2024-05-16T12:07:42.359+0000] {processor.py:183} INFO - Processing /usr/local/python/3.10.13/lib/python3.10/site-packages/airflow/example_dags/example_complex.py took 0.093 seconds
[2024-05-16T12:08:33.185+0000] {processor.py:161} INFO - Started process (PID=8284) to work on /usr/local/python/3.10.13/lib/python3.10/site-packages/airflow/example_dags/example_complex.py
[2024-05-16T12:08:33.186+0000] {processor.py:830} INFO - Processing file /usr/local/python/3.10.13/lib/python3.10/site-packages/airflow/example_dags/example_complex.py for tasks to queue
[2024-05-16T12:08:33.187+0000] {logging_mixin.py:188} INFO - [2024-05-16T12:08:33.187+0000] {dagbag.py:545} INFO - Filling up the DagBag from /usr/local/python/3.10.13/lib/python3.10/site-packages/airflow/example_dags/example_complex.py
[2024-05-16T12:08:33.196+0000] {processor.py:840} INFO - DAG(s) 'example_complex' retrieved from /usr/local/python/3.10.13/lib/python3.10/site-packages/airflow/example_dags/example_complex.py
[2024-05-16T12:08:33.218+0000] {logging_mixin.py:188} INFO - [2024-05-16T12:08:33.217+0000] {dag.py:3096} INFO - Sync 1 DAGs
[2024-05-16T12:08:33.226+0000] {logging_mixin.py:188} INFO - [2024-05-16T12:08:33.226+0000] {dag.py:3954} INFO - Setting next_dagrun for example_complex to None, run_after=None
[2024-05-16T12:08:33.272+0000] {processor.py:183} INFO - Processing /usr/local/python/3.10.13/lib/python3.10/site-packages/airflow/example_dags/example_complex.py took 0.091 seconds
[2024-05-16T12:09:40.591+0000] {processor.py:161} INFO - Started process (PID=8768) to work on /usr/local/python/3.10.13/lib/python3.10/site-packages/airflow/example_dags/example_complex.py
[2024-05-16T12:09:40.592+0000] {processor.py:830} INFO - Processing file /usr/local/python/3.10.13/lib/python3.10/site-packages/airflow/example_dags/example_complex.py for tasks to queue
[2024-05-16T12:09:40.593+0000] {logging_mixin.py:188} INFO - [2024-05-16T12:09:40.593+0000] {dagbag.py:545} INFO - Filling up the DagBag from /usr/local/python/3.10.13/lib/python3.10/site-packages/airflow/example_dags/example_complex.py
[2024-05-16T12:09:40.602+0000] {processor.py:840} INFO - DAG(s) 'example_complex' retrieved from /usr/local/python/3.10.13/lib/python3.10/site-packages/airflow/example_dags/example_complex.py
[2024-05-16T12:09:40.624+0000] {logging_mixin.py:188} INFO - [2024-05-16T12:09:40.623+0000] {dag.py:3096} INFO - Sync 1 DAGs
[2024-05-16T12:09:40.632+0000] {logging_mixin.py:188} INFO - [2024-05-16T12:09:40.632+0000] {dag.py:3954} INFO - Setting next_dagrun for example_complex to None, run_after=None
[2024-05-16T12:09:40.680+0000] {processor.py:183} INFO - Processing /usr/local/python/3.10.13/lib/python3.10/site-packages/airflow/example_dags/example_complex.py took 0.094 seconds
[2024-05-16T12:10:45.762+0000] {processor.py:161} INFO - Started process (PID=9231) to work on /usr/local/python/3.10.13/lib/python3.10/site-packages/airflow/example_dags/example_complex.py
[2024-05-16T12:10:45.763+0000] {processor.py:830} INFO - Processing file /usr/local/python/3.10.13/lib/python3.10/site-packages/airflow/example_dags/example_complex.py for tasks to queue
[2024-05-16T12:10:45.764+0000] {logging_mixin.py:188} INFO - [2024-05-16T12:10:45.764+0000] {dagbag.py:545} INFO - Filling up the DagBag from /usr/local/python/3.10.13/lib/python3.10/site-packages/airflow/example_dags/example_complex.py
[2024-05-16T12:10:45.774+0000] {processor.py:840} INFO - DAG(s) 'example_complex' retrieved from /usr/local/python/3.10.13/lib/python3.10/site-packages/airflow/example_dags/example_complex.py
[2024-05-16T12:10:45.795+0000] {logging_mixin.py:188} INFO - [2024-05-16T12:10:45.795+0000] {dag.py:3096} INFO - Sync 1 DAGs
[2024-05-16T12:10:45.804+0000] {logging_mixin.py:188} INFO - [2024-05-16T12:10:45.804+0000] {dag.py:3954} INFO - Setting next_dagrun for example_complex to None, run_after=None
[2024-05-16T12:10:45.849+0000] {processor.py:183} INFO - Processing /usr/local/python/3.10.13/lib/python3.10/site-packages/airflow/example_dags/example_complex.py took 0.092 seconds
[2024-05-16T12:11:44.174+0000] {processor.py:161} INFO - Started process (PID=9624) to work on /usr/local/python/3.10.13/lib/python3.10/site-packages/airflow/example_dags/example_complex.py
[2024-05-16T12:11:44.175+0000] {processor.py:830} INFO - Processing file /usr/local/python/3.10.13/lib/python3.10/site-packages/airflow/example_dags/example_complex.py for tasks to queue
[2024-05-16T12:11:44.176+0000] {logging_mixin.py:188} INFO - [2024-05-16T12:11:44.176+0000] {dagbag.py:545} INFO - Filling up the DagBag from /usr/local/python/3.10.13/lib/python3.10/site-packages/airflow/example_dags/example_complex.py
[2024-05-16T12:11:44.186+0000] {processor.py:840} INFO - DAG(s) 'example_complex' retrieved from /usr/local/python/3.10.13/lib/python3.10/site-packages/airflow/example_dags/example_complex.py
[2024-05-16T12:11:44.207+0000] {logging_mixin.py:188} INFO - [2024-05-16T12:11:44.207+0000] {dag.py:3096} INFO - Sync 1 DAGs
[2024-05-16T12:11:44.216+0000] {logging_mixin.py:188} INFO - [2024-05-16T12:11:44.215+0000] {dag.py:3954} INFO - Setting next_dagrun for example_complex to None, run_after=None
[2024-05-16T12:11:44.260+0000] {processor.py:183} INFO - Processing /usr/local/python/3.10.13/lib/python3.10/site-packages/airflow/example_dags/example_complex.py took 0.090 seconds
[2024-05-16T12:12:48.409+0000] {processor.py:161} INFO - Started process (PID=10080) to work on /usr/local/python/3.10.13/lib/python3.10/site-packages/airflow/example_dags/example_complex.py
[2024-05-16T12:12:48.410+0000] {processor.py:830} INFO - Processing file /usr/local/python/3.10.13/lib/python3.10/site-packages/airflow/example_dags/example_complex.py for tasks to queue
[2024-05-16T12:12:48.411+0000] {logging_mixin.py:188} INFO - [2024-05-16T12:12:48.411+0000] {dagbag.py:545} INFO - Filling up the DagBag from /usr/local/python/3.10.13/lib/python3.10/site-packages/airflow/example_dags/example_complex.py
[2024-05-16T12:12:48.421+0000] {processor.py:840} INFO - DAG(s) 'example_complex' retrieved from /usr/local/python/3.10.13/lib/python3.10/site-packages/airflow/example_dags/example_complex.py
[2024-05-16T12:12:48.442+0000] {logging_mixin.py:188} INFO - [2024-05-16T12:12:48.442+0000] {dag.py:3096} INFO - Sync 1 DAGs
[2024-05-16T12:12:48.452+0000] {logging_mixin.py:188} INFO - [2024-05-16T12:12:48.452+0000] {dag.py:3954} INFO - Setting next_dagrun for example_complex to None, run_after=None
[2024-05-16T12:12:48.500+0000] {processor.py:183} INFO - Processing /usr/local/python/3.10.13/lib/python3.10/site-packages/airflow/example_dags/example_complex.py took 0.096 seconds
[2024-05-16T12:13:49.933+0000] {processor.py:161} INFO - Started process (PID=10503) to work on /usr/local/python/3.10.13/lib/python3.10/site-packages/airflow/example_dags/example_complex.py
[2024-05-16T12:13:49.934+0000] {processor.py:830} INFO - Processing file /usr/local/python/3.10.13/lib/python3.10/site-packages/airflow/example_dags/example_complex.py for tasks to queue
[2024-05-16T12:13:49.935+0000] {logging_mixin.py:188} INFO - [2024-05-16T12:13:49.935+0000] {dagbag.py:545} INFO - Filling up the DagBag from /usr/local/python/3.10.13/lib/python3.10/site-packages/airflow/example_dags/example_complex.py
[2024-05-16T12:13:49.944+0000] {processor.py:840} INFO - DAG(s) 'example_complex' retrieved from /usr/local/python/3.10.13/lib/python3.10/site-packages/airflow/example_dags/example_complex.py
[2024-05-16T12:13:49.966+0000] {logging_mixin.py:188} INFO - [2024-05-16T12:13:49.965+0000] {dag.py:3096} INFO - Sync 1 DAGs
[2024-05-16T12:13:49.974+0000] {logging_mixin.py:188} INFO - [2024-05-16T12:13:49.974+0000] {dag.py:3954} INFO - Setting next_dagrun for example_complex to None, run_after=None
[2024-05-16T12:13:50.018+0000] {processor.py:183} INFO - Processing /usr/local/python/3.10.13/lib/python3.10/site-packages/airflow/example_dags/example_complex.py took 0.089 seconds
[2024-05-16T12:14:52.439+0000] {processor.py:161} INFO - Started process (PID=10940) to work on /usr/local/python/3.10.13/lib/python3.10/site-packages/airflow/example_dags/example_complex.py
[2024-05-16T12:14:52.440+0000] {processor.py:830} INFO - Processing file /usr/local/python/3.10.13/lib/python3.10/site-packages/airflow/example_dags/example_complex.py for tasks to queue
[2024-05-16T12:14:52.441+0000] {logging_mixin.py:188} INFO - [2024-05-16T12:14:52.441+0000] {dagbag.py:545} INFO - Filling up the DagBag from /usr/local/python/3.10.13/lib/python3.10/site-packages/airflow/example_dags/example_complex.py
[2024-05-16T12:14:52.451+0000] {processor.py:840} INFO - DAG(s) 'example_complex' retrieved from /usr/local/python/3.10.13/lib/python3.10/site-packages/airflow/example_dags/example_complex.py
[2024-05-16T12:14:52.472+0000] {logging_mixin.py:188} INFO - [2024-05-16T12:14:52.472+0000] {dag.py:3096} INFO - Sync 1 DAGs
[2024-05-16T12:14:52.481+0000] {logging_mixin.py:188} INFO - [2024-05-16T12:14:52.481+0000] {dag.py:3954} INFO - Setting next_dagrun for example_complex to None, run_after=None
[2024-05-16T12:14:52.527+0000] {processor.py:183} INFO - Processing /usr/local/python/3.10.13/lib/python3.10/site-packages/airflow/example_dags/example_complex.py took 0.093 seconds
[2024-05-16T12:15:57.471+0000] {processor.py:161} INFO - Started process (PID=11399) to work on /usr/local/python/3.10.13/lib/python3.10/site-packages/airflow/example_dags/example_complex.py
[2024-05-16T12:15:57.472+0000] {processor.py:830} INFO - Processing file /usr/local/python/3.10.13/lib/python3.10/site-packages/airflow/example_dags/example_complex.py for tasks to queue
[2024-05-16T12:15:57.473+0000] {logging_mixin.py:188} INFO - [2024-05-16T12:15:57.473+0000] {dagbag.py:545} INFO - Filling up the DagBag from /usr/local/python/3.10.13/lib/python3.10/site-packages/airflow/example_dags/example_complex.py
[2024-05-16T12:15:57.483+0000] {processor.py:840} INFO - DAG(s) 'example_complex' retrieved from /usr/local/python/3.10.13/lib/python3.10/site-packages/airflow/example_dags/example_complex.py
[2024-05-16T12:15:57.506+0000] {logging_mixin.py:188} INFO - [2024-05-16T12:15:57.506+0000] {dag.py:3096} INFO - Sync 1 DAGs
[2024-05-16T12:15:57.515+0000] {logging_mixin.py:188} INFO - [2024-05-16T12:15:57.515+0000] {dag.py:3954} INFO - Setting next_dagrun for example_complex to None, run_after=None
[2024-05-16T12:15:57.561+0000] {processor.py:183} INFO - Processing /usr/local/python/3.10.13/lib/python3.10/site-packages/airflow/example_dags/example_complex.py took 0.094 seconds
[2024-05-16T12:17:02.910+0000] {processor.py:161} INFO - Started process (PID=11895) to work on /usr/local/python/3.10.13/lib/python3.10/site-packages/airflow/example_dags/example_complex.py
[2024-05-16T12:17:02.911+0000] {processor.py:830} INFO - Processing file /usr/local/python/3.10.13/lib/python3.10/site-packages/airflow/example_dags/example_complex.py for tasks to queue
[2024-05-16T12:17:02.912+0000] {logging_mixin.py:188} INFO - [2024-05-16T12:17:02.912+0000] {dagbag.py:545} INFO - Filling up the DagBag from /usr/local/python/3.10.13/lib/python3.10/site-packages/airflow/example_dags/example_complex.py
[2024-05-16T12:17:02.924+0000] {processor.py:840} INFO - DAG(s) 'example_complex' retrieved from /usr/local/python/3.10.13/lib/python3.10/site-packages/airflow/example_dags/example_complex.py
[2024-05-16T12:17:02.948+0000] {logging_mixin.py:188} INFO - [2024-05-16T12:17:02.948+0000] {dag.py:3096} INFO - Sync 1 DAGs
[2024-05-16T12:17:02.957+0000] {logging_mixin.py:188} INFO - [2024-05-16T12:17:02.957+0000] {dag.py:3954} INFO - Setting next_dagrun for example_complex to None, run_after=None
[2024-05-16T12:17:03.005+0000] {processor.py:183} INFO - Processing /usr/local/python/3.10.13/lib/python3.10/site-packages/airflow/example_dags/example_complex.py took 0.099 seconds
[2024-05-16T12:18:05.027+0000] {processor.py:161} INFO - Started process (PID=12326) to work on /usr/local/python/3.10.13/lib/python3.10/site-packages/airflow/example_dags/example_complex.py
[2024-05-16T12:18:05.027+0000] {processor.py:830} INFO - Processing file /usr/local/python/3.10.13/lib/python3.10/site-packages/airflow/example_dags/example_complex.py for tasks to queue
[2024-05-16T12:18:05.029+0000] {logging_mixin.py:188} INFO - [2024-05-16T12:18:05.028+0000] {dagbag.py:545} INFO - Filling up the DagBag from /usr/local/python/3.10.13/lib/python3.10/site-packages/airflow/example_dags/example_complex.py
[2024-05-16T12:18:05.038+0000] {processor.py:840} INFO - DAG(s) 'example_complex' retrieved from /usr/local/python/3.10.13/lib/python3.10/site-packages/airflow/example_dags/example_complex.py
[2024-05-16T12:18:05.059+0000] {logging_mixin.py:188} INFO - [2024-05-16T12:18:05.059+0000] {dag.py:3096} INFO - Sync 1 DAGs
[2024-05-16T12:18:05.068+0000] {logging_mixin.py:188} INFO - [2024-05-16T12:18:05.068+0000] {dag.py:3954} INFO - Setting next_dagrun for example_complex to None, run_after=None
[2024-05-16T12:18:05.113+0000] {processor.py:183} INFO - Processing /usr/local/python/3.10.13/lib/python3.10/site-packages/airflow/example_dags/example_complex.py took 0.091 seconds
[2024-05-16T12:19:08.018+0000] {processor.py:161} INFO - Started process (PID=12772) to work on /usr/local/python/3.10.13/lib/python3.10/site-packages/airflow/example_dags/example_complex.py
[2024-05-16T12:19:08.019+0000] {processor.py:830} INFO - Processing file /usr/local/python/3.10.13/lib/python3.10/site-packages/airflow/example_dags/example_complex.py for tasks to queue
[2024-05-16T12:19:08.020+0000] {logging_mixin.py:188} INFO - [2024-05-16T12:19:08.020+0000] {dagbag.py:545} INFO - Filling up the DagBag from /usr/local/python/3.10.13/lib/python3.10/site-packages/airflow/example_dags/example_complex.py
[2024-05-16T12:19:08.035+0000] {processor.py:840} INFO - DAG(s) 'example_complex' retrieved from /usr/local/python/3.10.13/lib/python3.10/site-packages/airflow/example_dags/example_complex.py
[2024-05-16T12:19:08.072+0000] {logging_mixin.py:188} INFO - [2024-05-16T12:19:08.072+0000] {dag.py:3096} INFO - Sync 1 DAGs
[2024-05-16T12:19:08.085+0000] {logging_mixin.py:188} INFO - [2024-05-16T12:19:08.085+0000] {dag.py:3954} INFO - Setting next_dagrun for example_complex to None, run_after=None
[2024-05-16T12:19:08.140+0000] {processor.py:183} INFO - Processing /usr/local/python/3.10.13/lib/python3.10/site-packages/airflow/example_dags/example_complex.py took 0.127 seconds
[2024-05-16T12:20:10.343+0000] {processor.py:161} INFO - Started process (PID=13212) to work on /usr/local/python/3.10.13/lib/python3.10/site-packages/airflow/example_dags/example_complex.py
[2024-05-16T12:20:10.343+0000] {processor.py:830} INFO - Processing file /usr/local/python/3.10.13/lib/python3.10/site-packages/airflow/example_dags/example_complex.py for tasks to queue
[2024-05-16T12:20:10.345+0000] {logging_mixin.py:188} INFO - [2024-05-16T12:20:10.345+0000] {dagbag.py:545} INFO - Filling up the DagBag from /usr/local/python/3.10.13/lib/python3.10/site-packages/airflow/example_dags/example_complex.py
[2024-05-16T12:20:10.356+0000] {processor.py:840} INFO - DAG(s) 'example_complex' retrieved from /usr/local/python/3.10.13/lib/python3.10/site-packages/airflow/example_dags/example_complex.py
[2024-05-16T12:20:10.378+0000] {logging_mixin.py:188} INFO - [2024-05-16T12:20:10.377+0000] {dag.py:3096} INFO - Sync 1 DAGs
[2024-05-16T12:20:10.386+0000] {logging_mixin.py:188} INFO - [2024-05-16T12:20:10.386+0000] {dag.py:3954} INFO - Setting next_dagrun for example_complex to None, run_after=None
[2024-05-16T12:20:10.438+0000] {processor.py:183} INFO - Processing /usr/local/python/3.10.13/lib/python3.10/site-packages/airflow/example_dags/example_complex.py took 0.100 seconds
[2024-05-16T12:21:14.423+0000] {processor.py:161} INFO - Started process (PID=13665) to work on /usr/local/python/3.10.13/lib/python3.10/site-packages/airflow/example_dags/example_complex.py
[2024-05-16T12:21:14.423+0000] {processor.py:830} INFO - Processing file /usr/local/python/3.10.13/lib/python3.10/site-packages/airflow/example_dags/example_complex.py for tasks to queue
[2024-05-16T12:21:14.425+0000] {logging_mixin.py:188} INFO - [2024-05-16T12:21:14.424+0000] {dagbag.py:545} INFO - Filling up the DagBag from /usr/local/python/3.10.13/lib/python3.10/site-packages/airflow/example_dags/example_complex.py
[2024-05-16T12:21:14.434+0000] {processor.py:840} INFO - DAG(s) 'example_complex' retrieved from /usr/local/python/3.10.13/lib/python3.10/site-packages/airflow/example_dags/example_complex.py
[2024-05-16T12:21:14.456+0000] {logging_mixin.py:188} INFO - [2024-05-16T12:21:14.456+0000] {dag.py:3096} INFO - Sync 1 DAGs
[2024-05-16T12:21:14.465+0000] {logging_mixin.py:188} INFO - [2024-05-16T12:21:14.465+0000] {dag.py:3954} INFO - Setting next_dagrun for example_complex to None, run_after=None
[2024-05-16T12:21:14.510+0000] {processor.py:183} INFO - Processing /usr/local/python/3.10.13/lib/python3.10/site-packages/airflow/example_dags/example_complex.py took 0.093 seconds
[2024-05-16T12:22:18.127+0000] {processor.py:161} INFO - Started process (PID=14144) to work on /usr/local/python/3.10.13/lib/python3.10/site-packages/airflow/example_dags/example_complex.py
[2024-05-16T12:22:18.127+0000] {processor.py:830} INFO - Processing file /usr/local/python/3.10.13/lib/python3.10/site-packages/airflow/example_dags/example_complex.py for tasks to queue
[2024-05-16T12:22:18.129+0000] {logging_mixin.py:188} INFO - [2024-05-16T12:22:18.129+0000] {dagbag.py:545} INFO - Filling up the DagBag from /usr/local/python/3.10.13/lib/python3.10/site-packages/airflow/example_dags/example_complex.py
[2024-05-16T12:22:18.139+0000] {processor.py:840} INFO - DAG(s) 'example_complex' retrieved from /usr/local/python/3.10.13/lib/python3.10/site-packages/airflow/example_dags/example_complex.py
[2024-05-16T12:22:18.161+0000] {logging_mixin.py:188} INFO - [2024-05-16T12:22:18.161+0000] {dag.py:3096} INFO - Sync 1 DAGs
[2024-05-16T12:22:18.170+0000] {logging_mixin.py:188} INFO - [2024-05-16T12:22:18.170+0000] {dag.py:3954} INFO - Setting next_dagrun for example_complex to None, run_after=None
[2024-05-16T12:22:18.213+0000] {processor.py:183} INFO - Processing /usr/local/python/3.10.13/lib/python3.10/site-packages/airflow/example_dags/example_complex.py took 0.092 seconds
[2024-05-16T12:23:25.354+0000] {processor.py:161} INFO - Started process (PID=14634) to work on /usr/local/python/3.10.13/lib/python3.10/site-packages/airflow/example_dags/example_complex.py
[2024-05-16T12:23:25.355+0000] {processor.py:830} INFO - Processing file /usr/local/python/3.10.13/lib/python3.10/site-packages/airflow/example_dags/example_complex.py for tasks to queue
[2024-05-16T12:23:25.356+0000] {logging_mixin.py:188} INFO - [2024-05-16T12:23:25.356+0000] {dagbag.py:545} INFO - Filling up the DagBag from /usr/local/python/3.10.13/lib/python3.10/site-packages/airflow/example_dags/example_complex.py
[2024-05-16T12:23:25.366+0000] {processor.py:840} INFO - DAG(s) 'example_complex' retrieved from /usr/local/python/3.10.13/lib/python3.10/site-packages/airflow/example_dags/example_complex.py
[2024-05-16T12:23:25.389+0000] {logging_mixin.py:188} INFO - [2024-05-16T12:23:25.389+0000] {dag.py:3096} INFO - Sync 1 DAGs
[2024-05-16T12:23:25.399+0000] {logging_mixin.py:188} INFO - [2024-05-16T12:23:25.399+0000] {dag.py:3954} INFO - Setting next_dagrun for example_complex to None, run_after=None
[2024-05-16T12:23:25.446+0000] {processor.py:183} INFO - Processing /usr/local/python/3.10.13/lib/python3.10/site-packages/airflow/example_dags/example_complex.py took 0.096 seconds
[2024-05-16T12:24:29.673+0000] {processor.py:161} INFO - Started process (PID=15132) to work on /usr/local/python/3.10.13/lib/python3.10/site-packages/airflow/example_dags/example_complex.py
[2024-05-16T12:24:29.674+0000] {processor.py:830} INFO - Processing file /usr/local/python/3.10.13/lib/python3.10/site-packages/airflow/example_dags/example_complex.py for tasks to queue
[2024-05-16T12:24:29.675+0000] {logging_mixin.py:188} INFO - [2024-05-16T12:24:29.675+0000] {dagbag.py:545} INFO - Filling up the DagBag from /usr/local/python/3.10.13/lib/python3.10/site-packages/airflow/example_dags/example_complex.py
[2024-05-16T12:24:29.685+0000] {processor.py:840} INFO - DAG(s) 'example_complex' retrieved from /usr/local/python/3.10.13/lib/python3.10/site-packages/airflow/example_dags/example_complex.py
[2024-05-16T12:24:29.707+0000] {logging_mixin.py:188} INFO - [2024-05-16T12:24:29.707+0000] {dag.py:3096} INFO - Sync 1 DAGs
[2024-05-16T12:24:29.720+0000] {logging_mixin.py:188} INFO - [2024-05-16T12:24:29.720+0000] {dag.py:3954} INFO - Setting next_dagrun for example_complex to None, run_after=None
[2024-05-16T12:24:29.768+0000] {processor.py:183} INFO - Processing /usr/local/python/3.10.13/lib/python3.10/site-packages/airflow/example_dags/example_complex.py took 0.099 seconds
[2024-05-16T12:25:29.279+0000] {processor.py:161} INFO - Started process (PID=15570) to work on /usr/local/python/3.10.13/lib/python3.10/site-packages/airflow/example_dags/example_complex.py
[2024-05-16T12:25:29.279+0000] {processor.py:830} INFO - Processing file /usr/local/python/3.10.13/lib/python3.10/site-packages/airflow/example_dags/example_complex.py for tasks to queue
[2024-05-16T12:25:29.281+0000] {logging_mixin.py:188} INFO - [2024-05-16T12:25:29.280+0000] {dagbag.py:545} INFO - Filling up the DagBag from /usr/local/python/3.10.13/lib/python3.10/site-packages/airflow/example_dags/example_complex.py
[2024-05-16T12:25:29.290+0000] {processor.py:840} INFO - DAG(s) 'example_complex' retrieved from /usr/local/python/3.10.13/lib/python3.10/site-packages/airflow/example_dags/example_complex.py
[2024-05-16T12:25:29.312+0000] {logging_mixin.py:188} INFO - [2024-05-16T12:25:29.312+0000] {dag.py:3096} INFO - Sync 1 DAGs
[2024-05-16T12:25:29.322+0000] {logging_mixin.py:188} INFO - [2024-05-16T12:25:29.322+0000] {dag.py:3954} INFO - Setting next_dagrun for example_complex to None, run_after=None
[2024-05-16T12:25:29.368+0000] {processor.py:183} INFO - Processing /usr/local/python/3.10.13/lib/python3.10/site-packages/airflow/example_dags/example_complex.py took 0.094 seconds
[2024-05-16T12:26:28.574+0000] {processor.py:161} INFO - Started process (PID=16014) to work on /usr/local/python/3.10.13/lib/python3.10/site-packages/airflow/example_dags/example_complex.py
[2024-05-16T12:26:28.575+0000] {processor.py:830} INFO - Processing file /usr/local/python/3.10.13/lib/python3.10/site-packages/airflow/example_dags/example_complex.py for tasks to queue
[2024-05-16T12:26:28.576+0000] {logging_mixin.py:188} INFO - [2024-05-16T12:26:28.576+0000] {dagbag.py:545} INFO - Filling up the DagBag from /usr/local/python/3.10.13/lib/python3.10/site-packages/airflow/example_dags/example_complex.py
[2024-05-16T12:26:28.585+0000] {processor.py:840} INFO - DAG(s) 'example_complex' retrieved from /usr/local/python/3.10.13/lib/python3.10/site-packages/airflow/example_dags/example_complex.py
[2024-05-16T12:26:28.607+0000] {logging_mixin.py:188} INFO - [2024-05-16T12:26:28.607+0000] {dag.py:3096} INFO - Sync 1 DAGs
[2024-05-16T12:26:28.618+0000] {logging_mixin.py:188} INFO - [2024-05-16T12:26:28.618+0000] {dag.py:3954} INFO - Setting next_dagrun for example_complex to None, run_after=None
[2024-05-16T12:26:28.663+0000] {processor.py:183} INFO - Processing /usr/local/python/3.10.13/lib/python3.10/site-packages/airflow/example_dags/example_complex.py took 0.094 seconds
[2024-05-16T12:27:33.837+0000] {processor.py:161} INFO - Started process (PID=16513) to work on /usr/local/python/3.10.13/lib/python3.10/site-packages/airflow/example_dags/example_complex.py
[2024-05-16T12:27:33.837+0000] {processor.py:830} INFO - Processing file /usr/local/python/3.10.13/lib/python3.10/site-packages/airflow/example_dags/example_complex.py for tasks to queue
[2024-05-16T12:27:33.839+0000] {logging_mixin.py:188} INFO - [2024-05-16T12:27:33.838+0000] {dagbag.py:545} INFO - Filling up the DagBag from /usr/local/python/3.10.13/lib/python3.10/site-packages/airflow/example_dags/example_complex.py
[2024-05-16T12:27:33.848+0000] {processor.py:840} INFO - DAG(s) 'example_complex' retrieved from /usr/local/python/3.10.13/lib/python3.10/site-packages/airflow/example_dags/example_complex.py
[2024-05-16T12:27:33.869+0000] {logging_mixin.py:188} INFO - [2024-05-16T12:27:33.869+0000] {dag.py:3096} INFO - Sync 1 DAGs
[2024-05-16T12:27:33.880+0000] {logging_mixin.py:188} INFO - [2024-05-16T12:27:33.880+0000] {dag.py:3954} INFO - Setting next_dagrun for example_complex to None, run_after=None
[2024-05-16T12:27:33.925+0000] {processor.py:183} INFO - Processing /usr/local/python/3.10.13/lib/python3.10/site-packages/airflow/example_dags/example_complex.py took 0.093 seconds
[2024-05-16T12:28:36.618+0000] {processor.py:161} INFO - Started process (PID=16972) to work on /usr/local/python/3.10.13/lib/python3.10/site-packages/airflow/example_dags/example_complex.py
[2024-05-16T12:28:36.619+0000] {processor.py:830} INFO - Processing file /usr/local/python/3.10.13/lib/python3.10/site-packages/airflow/example_dags/example_complex.py for tasks to queue
[2024-05-16T12:28:36.621+0000] {logging_mixin.py:188} INFO - [2024-05-16T12:28:36.620+0000] {dagbag.py:545} INFO - Filling up the DagBag from /usr/local/python/3.10.13/lib/python3.10/site-packages/airflow/example_dags/example_complex.py
[2024-05-16T12:28:36.639+0000] {processor.py:840} INFO - DAG(s) 'example_complex' retrieved from /usr/local/python/3.10.13/lib/python3.10/site-packages/airflow/example_dags/example_complex.py
[2024-05-16T12:28:36.676+0000] {logging_mixin.py:188} INFO - [2024-05-16T12:28:36.676+0000] {dag.py:3096} INFO - Sync 1 DAGs
[2024-05-16T12:28:36.690+0000] {logging_mixin.py:188} INFO - [2024-05-16T12:28:36.690+0000] {dag.py:3954} INFO - Setting next_dagrun for example_complex to None, run_after=None
[2024-05-16T12:28:36.737+0000] {processor.py:183} INFO - Processing /usr/local/python/3.10.13/lib/python3.10/site-packages/airflow/example_dags/example_complex.py took 0.126 seconds
[2024-05-16T12:29:41.175+0000] {processor.py:161} INFO - Started process (PID=17414) to work on /usr/local/python/3.10.13/lib/python3.10/site-packages/airflow/example_dags/example_complex.py
[2024-05-16T12:29:41.175+0000] {processor.py:830} INFO - Processing file /usr/local/python/3.10.13/lib/python3.10/site-packages/airflow/example_dags/example_complex.py for tasks to queue
[2024-05-16T12:29:41.177+0000] {logging_mixin.py:188} INFO - [2024-05-16T12:29:41.176+0000] {dagbag.py:545} INFO - Filling up the DagBag from /usr/local/python/3.10.13/lib/python3.10/site-packages/airflow/example_dags/example_complex.py
[2024-05-16T12:29:41.190+0000] {processor.py:840} INFO - DAG(s) 'example_complex' retrieved from /usr/local/python/3.10.13/lib/python3.10/site-packages/airflow/example_dags/example_complex.py
[2024-05-16T12:29:41.229+0000] {logging_mixin.py:188} INFO - [2024-05-16T12:29:41.228+0000] {dag.py:3096} INFO - Sync 1 DAGs
[2024-05-16T12:29:41.242+0000] {logging_mixin.py:188} INFO - [2024-05-16T12:29:41.242+0000] {dag.py:3954} INFO - Setting next_dagrun for example_complex to None, run_after=None
[2024-05-16T12:29:41.296+0000] {processor.py:183} INFO - Processing /usr/local/python/3.10.13/lib/python3.10/site-packages/airflow/example_dags/example_complex.py took 0.126 seconds
[2024-05-16T12:30:45.972+0000] {processor.py:161} INFO - Started process (PID=17875) to work on /usr/local/python/3.10.13/lib/python3.10/site-packages/airflow/example_dags/example_complex.py
[2024-05-16T12:30:45.977+0000] {processor.py:830} INFO - Processing file /usr/local/python/3.10.13/lib/python3.10/site-packages/airflow/example_dags/example_complex.py for tasks to queue
[2024-05-16T12:30:45.979+0000] {logging_mixin.py:188} INFO - [2024-05-16T12:30:45.978+0000] {dagbag.py:545} INFO - Filling up the DagBag from /usr/local/python/3.10.13/lib/python3.10/site-packages/airflow/example_dags/example_complex.py
[2024-05-16T12:30:45.998+0000] {processor.py:840} INFO - DAG(s) 'example_complex' retrieved from /usr/local/python/3.10.13/lib/python3.10/site-packages/airflow/example_dags/example_complex.py
[2024-05-16T12:30:46.041+0000] {logging_mixin.py:188} INFO - [2024-05-16T12:30:46.041+0000] {dag.py:3096} INFO - Sync 1 DAGs
[2024-05-16T12:30:46.057+0000] {logging_mixin.py:188} INFO - [2024-05-16T12:30:46.056+0000] {dag.py:3954} INFO - Setting next_dagrun for example_complex to None, run_after=None
[2024-05-16T12:30:46.108+0000] {processor.py:183} INFO - Processing /usr/local/python/3.10.13/lib/python3.10/site-packages/airflow/example_dags/example_complex.py took 0.145 seconds
[2024-05-16T12:31:52.185+0000] {processor.py:161} INFO - Started process (PID=18376) to work on /usr/local/python/3.10.13/lib/python3.10/site-packages/airflow/example_dags/example_complex.py
[2024-05-16T12:31:52.186+0000] {processor.py:830} INFO - Processing file /usr/local/python/3.10.13/lib/python3.10/site-packages/airflow/example_dags/example_complex.py for tasks to queue
[2024-05-16T12:31:52.188+0000] {logging_mixin.py:188} INFO - [2024-05-16T12:31:52.188+0000] {dagbag.py:545} INFO - Filling up the DagBag from /usr/local/python/3.10.13/lib/python3.10/site-packages/airflow/example_dags/example_complex.py
[2024-05-16T12:31:52.198+0000] {processor.py:840} INFO - DAG(s) 'example_complex' retrieved from /usr/local/python/3.10.13/lib/python3.10/site-packages/airflow/example_dags/example_complex.py
[2024-05-16T12:31:52.220+0000] {logging_mixin.py:188} INFO - [2024-05-16T12:31:52.220+0000] {dag.py:3096} INFO - Sync 1 DAGs
[2024-05-16T12:31:52.229+0000] {logging_mixin.py:188} INFO - [2024-05-16T12:31:52.229+0000] {dag.py:3954} INFO - Setting next_dagrun for example_complex to None, run_after=None
[2024-05-16T12:31:52.277+0000] {processor.py:183} INFO - Processing /usr/local/python/3.10.13/lib/python3.10/site-packages/airflow/example_dags/example_complex.py took 0.097 seconds
[2024-05-16T12:32:52.190+0000] {processor.py:161} INFO - Started process (PID=18807) to work on /usr/local/python/3.10.13/lib/python3.10/site-packages/airflow/example_dags/example_complex.py
[2024-05-16T12:32:52.190+0000] {processor.py:830} INFO - Processing file /usr/local/python/3.10.13/lib/python3.10/site-packages/airflow/example_dags/example_complex.py for tasks to queue
[2024-05-16T12:32:52.192+0000] {logging_mixin.py:188} INFO - [2024-05-16T12:32:52.191+0000] {dagbag.py:545} INFO - Filling up the DagBag from /usr/local/python/3.10.13/lib/python3.10/site-packages/airflow/example_dags/example_complex.py
[2024-05-16T12:32:52.201+0000] {processor.py:840} INFO - DAG(s) 'example_complex' retrieved from /usr/local/python/3.10.13/lib/python3.10/site-packages/airflow/example_dags/example_complex.py
[2024-05-16T12:32:52.222+0000] {logging_mixin.py:188} INFO - [2024-05-16T12:32:52.222+0000] {dag.py:3096} INFO - Sync 1 DAGs
[2024-05-16T12:32:52.231+0000] {logging_mixin.py:188} INFO - [2024-05-16T12:32:52.231+0000] {dag.py:3954} INFO - Setting next_dagrun for example_complex to None, run_after=None
[2024-05-16T12:32:52.274+0000] {processor.py:183} INFO - Processing /usr/local/python/3.10.13/lib/python3.10/site-packages/airflow/example_dags/example_complex.py took 0.090 seconds
[2024-05-16T12:33:56.657+0000] {processor.py:161} INFO - Started process (PID=19274) to work on /usr/local/python/3.10.13/lib/python3.10/site-packages/airflow/example_dags/example_complex.py
[2024-05-16T12:33:56.658+0000] {processor.py:830} INFO - Processing file /usr/local/python/3.10.13/lib/python3.10/site-packages/airflow/example_dags/example_complex.py for tasks to queue
[2024-05-16T12:33:56.660+0000] {logging_mixin.py:188} INFO - [2024-05-16T12:33:56.659+0000] {dagbag.py:545} INFO - Filling up the DagBag from /usr/local/python/3.10.13/lib/python3.10/site-packages/airflow/example_dags/example_complex.py
[2024-05-16T12:33:56.669+0000] {processor.py:840} INFO - DAG(s) 'example_complex' retrieved from /usr/local/python/3.10.13/lib/python3.10/site-packages/airflow/example_dags/example_complex.py
[2024-05-16T12:33:56.693+0000] {logging_mixin.py:188} INFO - [2024-05-16T12:33:56.692+0000] {dag.py:3096} INFO - Sync 1 DAGs
[2024-05-16T12:33:56.701+0000] {logging_mixin.py:188} INFO - [2024-05-16T12:33:56.701+0000] {dag.py:3954} INFO - Setting next_dagrun for example_complex to None, run_after=None
[2024-05-16T12:33:56.748+0000] {processor.py:183} INFO - Processing /usr/local/python/3.10.13/lib/python3.10/site-packages/airflow/example_dags/example_complex.py took 0.097 seconds
[2024-05-16T12:35:00.412+0000] {processor.py:161} INFO - Started process (PID=19737) to work on /usr/local/python/3.10.13/lib/python3.10/site-packages/airflow/example_dags/example_complex.py
[2024-05-16T12:35:00.413+0000] {processor.py:830} INFO - Processing file /usr/local/python/3.10.13/lib/python3.10/site-packages/airflow/example_dags/example_complex.py for tasks to queue
[2024-05-16T12:35:00.414+0000] {logging_mixin.py:188} INFO - [2024-05-16T12:35:00.414+0000] {dagbag.py:545} INFO - Filling up the DagBag from /usr/local/python/3.10.13/lib/python3.10/site-packages/airflow/example_dags/example_complex.py
[2024-05-16T12:35:00.423+0000] {processor.py:840} INFO - DAG(s) 'example_complex' retrieved from /usr/local/python/3.10.13/lib/python3.10/site-packages/airflow/example_dags/example_complex.py
[2024-05-16T12:35:00.445+0000] {logging_mixin.py:188} INFO - [2024-05-16T12:35:00.444+0000] {dag.py:3096} INFO - Sync 1 DAGs
[2024-05-16T12:35:00.453+0000] {logging_mixin.py:188} INFO - [2024-05-16T12:35:00.453+0000] {dag.py:3954} INFO - Setting next_dagrun for example_complex to None, run_after=None
[2024-05-16T12:35:00.495+0000] {processor.py:183} INFO - Processing /usr/local/python/3.10.13/lib/python3.10/site-packages/airflow/example_dags/example_complex.py took 0.088 seconds
[2024-05-16T12:36:03.605+0000] {processor.py:161} INFO - Started process (PID=20219) to work on /usr/local/python/3.10.13/lib/python3.10/site-packages/airflow/example_dags/example_complex.py
[2024-05-16T12:36:03.605+0000] {processor.py:830} INFO - Processing file /usr/local/python/3.10.13/lib/python3.10/site-packages/airflow/example_dags/example_complex.py for tasks to queue
[2024-05-16T12:36:03.607+0000] {logging_mixin.py:188} INFO - [2024-05-16T12:36:03.606+0000] {dagbag.py:545} INFO - Filling up the DagBag from /usr/local/python/3.10.13/lib/python3.10/site-packages/airflow/example_dags/example_complex.py
[2024-05-16T12:36:03.616+0000] {processor.py:840} INFO - DAG(s) 'example_complex' retrieved from /usr/local/python/3.10.13/lib/python3.10/site-packages/airflow/example_dags/example_complex.py
[2024-05-16T12:36:03.646+0000] {logging_mixin.py:188} INFO - [2024-05-16T12:36:03.646+0000] {dag.py:3096} INFO - Sync 1 DAGs
[2024-05-16T12:36:03.660+0000] {logging_mixin.py:188} INFO - [2024-05-16T12:36:03.659+0000] {dag.py:3954} INFO - Setting next_dagrun for example_complex to None, run_after=None
[2024-05-16T12:36:03.710+0000] {processor.py:183} INFO - Processing /usr/local/python/3.10.13/lib/python3.10/site-packages/airflow/example_dags/example_complex.py took 0.110 seconds
[2024-05-16T12:37:04.804+0000] {processor.py:161} INFO - Started process (PID=20655) to work on /usr/local/python/3.10.13/lib/python3.10/site-packages/airflow/example_dags/example_complex.py
[2024-05-16T12:37:04.805+0000] {processor.py:830} INFO - Processing file /usr/local/python/3.10.13/lib/python3.10/site-packages/airflow/example_dags/example_complex.py for tasks to queue
[2024-05-16T12:37:04.806+0000] {logging_mixin.py:188} INFO - [2024-05-16T12:37:04.806+0000] {dagbag.py:545} INFO - Filling up the DagBag from /usr/local/python/3.10.13/lib/python3.10/site-packages/airflow/example_dags/example_complex.py
[2024-05-16T12:37:04.816+0000] {processor.py:840} INFO - DAG(s) 'example_complex' retrieved from /usr/local/python/3.10.13/lib/python3.10/site-packages/airflow/example_dags/example_complex.py
[2024-05-16T12:37:04.837+0000] {logging_mixin.py:188} INFO - [2024-05-16T12:37:04.837+0000] {dag.py:3096} INFO - Sync 1 DAGs
[2024-05-16T12:37:04.846+0000] {logging_mixin.py:188} INFO - [2024-05-16T12:37:04.846+0000] {dag.py:3954} INFO - Setting next_dagrun for example_complex to None, run_after=None
[2024-05-16T12:37:04.889+0000] {processor.py:183} INFO - Processing /usr/local/python/3.10.13/lib/python3.10/site-packages/airflow/example_dags/example_complex.py took 0.090 seconds
[2024-05-16T12:38:06.104+0000] {processor.py:161} INFO - Started process (PID=21092) to work on /usr/local/python/3.10.13/lib/python3.10/site-packages/airflow/example_dags/example_complex.py
[2024-05-16T12:38:06.105+0000] {processor.py:830} INFO - Processing file /usr/local/python/3.10.13/lib/python3.10/site-packages/airflow/example_dags/example_complex.py for tasks to queue
[2024-05-16T12:38:06.107+0000] {logging_mixin.py:188} INFO - [2024-05-16T12:38:06.107+0000] {dagbag.py:545} INFO - Filling up the DagBag from /usr/local/python/3.10.13/lib/python3.10/site-packages/airflow/example_dags/example_complex.py
[2024-05-16T12:38:06.116+0000] {processor.py:840} INFO - DAG(s) 'example_complex' retrieved from /usr/local/python/3.10.13/lib/python3.10/site-packages/airflow/example_dags/example_complex.py
[2024-05-16T12:38:06.138+0000] {logging_mixin.py:188} INFO - [2024-05-16T12:38:06.138+0000] {dag.py:3096} INFO - Sync 1 DAGs
[2024-05-16T12:38:06.147+0000] {logging_mixin.py:188} INFO - [2024-05-16T12:38:06.147+0000] {dag.py:3954} INFO - Setting next_dagrun for example_complex to None, run_after=None
[2024-05-16T12:38:06.192+0000] {processor.py:183} INFO - Processing /usr/local/python/3.10.13/lib/python3.10/site-packages/airflow/example_dags/example_complex.py took 0.092 seconds
[2024-05-16T12:39:05.914+0000] {processor.py:161} INFO - Started process (PID=21508) to work on /usr/local/python/3.10.13/lib/python3.10/site-packages/airflow/example_dags/example_complex.py
[2024-05-16T12:39:05.915+0000] {processor.py:830} INFO - Processing file /usr/local/python/3.10.13/lib/python3.10/site-packages/airflow/example_dags/example_complex.py for tasks to queue
[2024-05-16T12:39:05.917+0000] {logging_mixin.py:188} INFO - [2024-05-16T12:39:05.917+0000] {dagbag.py:545} INFO - Filling up the DagBag from /usr/local/python/3.10.13/lib/python3.10/site-packages/airflow/example_dags/example_complex.py
[2024-05-16T12:39:05.933+0000] {processor.py:840} INFO - DAG(s) 'example_complex' retrieved from /usr/local/python/3.10.13/lib/python3.10/site-packages/airflow/example_dags/example_complex.py
[2024-05-16T12:39:05.969+0000] {logging_mixin.py:188} INFO - [2024-05-16T12:39:05.968+0000] {dag.py:3096} INFO - Sync 1 DAGs
[2024-05-16T12:39:05.978+0000] {logging_mixin.py:188} INFO - [2024-05-16T12:39:05.978+0000] {dag.py:3954} INFO - Setting next_dagrun for example_complex to None, run_after=None
[2024-05-16T12:39:06.042+0000] {processor.py:183} INFO - Processing /usr/local/python/3.10.13/lib/python3.10/site-packages/airflow/example_dags/example_complex.py took 0.144 seconds
[2024-05-16T12:40:10.796+0000] {processor.py:161} INFO - Started process (PID=21978) to work on /usr/local/python/3.10.13/lib/python3.10/site-packages/airflow/example_dags/example_complex.py
[2024-05-16T12:40:10.797+0000] {processor.py:830} INFO - Processing file /usr/local/python/3.10.13/lib/python3.10/site-packages/airflow/example_dags/example_complex.py for tasks to queue
[2024-05-16T12:40:10.798+0000] {logging_mixin.py:188} INFO - [2024-05-16T12:40:10.798+0000] {dagbag.py:545} INFO - Filling up the DagBag from /usr/local/python/3.10.13/lib/python3.10/site-packages/airflow/example_dags/example_complex.py
[2024-05-16T12:40:10.807+0000] {processor.py:840} INFO - DAG(s) 'example_complex' retrieved from /usr/local/python/3.10.13/lib/python3.10/site-packages/airflow/example_dags/example_complex.py
[2024-05-16T12:40:10.829+0000] {logging_mixin.py:188} INFO - [2024-05-16T12:40:10.829+0000] {dag.py:3096} INFO - Sync 1 DAGs
[2024-05-16T12:40:10.838+0000] {logging_mixin.py:188} INFO - [2024-05-16T12:40:10.838+0000] {dag.py:3954} INFO - Setting next_dagrun for example_complex to None, run_after=None
[2024-05-16T12:40:10.882+0000] {processor.py:183} INFO - Processing /usr/local/python/3.10.13/lib/python3.10/site-packages/airflow/example_dags/example_complex.py took 0.091 seconds
[2024-05-16T12:41:13.938+0000] {processor.py:161} INFO - Started process (PID=22429) to work on /usr/local/python/3.10.13/lib/python3.10/site-packages/airflow/example_dags/example_complex.py
[2024-05-16T12:41:13.939+0000] {processor.py:830} INFO - Processing file /usr/local/python/3.10.13/lib/python3.10/site-packages/airflow/example_dags/example_complex.py for tasks to queue
[2024-05-16T12:41:13.940+0000] {logging_mixin.py:188} INFO - [2024-05-16T12:41:13.940+0000] {dagbag.py:545} INFO - Filling up the DagBag from /usr/local/python/3.10.13/lib/python3.10/site-packages/airflow/example_dags/example_complex.py
[2024-05-16T12:41:13.950+0000] {processor.py:840} INFO - DAG(s) 'example_complex' retrieved from /usr/local/python/3.10.13/lib/python3.10/site-packages/airflow/example_dags/example_complex.py
[2024-05-16T12:41:13.971+0000] {logging_mixin.py:188} INFO - [2024-05-16T12:41:13.971+0000] {dag.py:3096} INFO - Sync 1 DAGs
[2024-05-16T12:41:13.980+0000] {logging_mixin.py:188} INFO - [2024-05-16T12:41:13.980+0000] {dag.py:3954} INFO - Setting next_dagrun for example_complex to None, run_after=None
[2024-05-16T12:41:14.026+0000] {processor.py:183} INFO - Processing /usr/local/python/3.10.13/lib/python3.10/site-packages/airflow/example_dags/example_complex.py took 0.094 seconds
[2024-05-16T12:42:18.533+0000] {processor.py:161} INFO - Started process (PID=22892) to work on /usr/local/python/3.10.13/lib/python3.10/site-packages/airflow/example_dags/example_complex.py
[2024-05-16T12:42:18.534+0000] {processor.py:830} INFO - Processing file /usr/local/python/3.10.13/lib/python3.10/site-packages/airflow/example_dags/example_complex.py for tasks to queue
[2024-05-16T12:42:18.535+0000] {logging_mixin.py:188} INFO - [2024-05-16T12:42:18.535+0000] {dagbag.py:545} INFO - Filling up the DagBag from /usr/local/python/3.10.13/lib/python3.10/site-packages/airflow/example_dags/example_complex.py
[2024-05-16T12:42:18.544+0000] {processor.py:840} INFO - DAG(s) 'example_complex' retrieved from /usr/local/python/3.10.13/lib/python3.10/site-packages/airflow/example_dags/example_complex.py
[2024-05-16T12:42:18.568+0000] {logging_mixin.py:188} INFO - [2024-05-16T12:42:18.568+0000] {dag.py:3096} INFO - Sync 1 DAGs
[2024-05-16T12:42:18.577+0000] {logging_mixin.py:188} INFO - [2024-05-16T12:42:18.576+0000] {dag.py:3954} INFO - Setting next_dagrun for example_complex to None, run_after=None
[2024-05-16T12:42:18.622+0000] {processor.py:183} INFO - Processing /usr/local/python/3.10.13/lib/python3.10/site-packages/airflow/example_dags/example_complex.py took 0.094 seconds
[2024-05-16T12:43:19.711+0000] {processor.py:161} INFO - Started process (PID=23345) to work on /usr/local/python/3.10.13/lib/python3.10/site-packages/airflow/example_dags/example_complex.py
[2024-05-16T12:43:19.712+0000] {processor.py:830} INFO - Processing file /usr/local/python/3.10.13/lib/python3.10/site-packages/airflow/example_dags/example_complex.py for tasks to queue
[2024-05-16T12:43:19.713+0000] {logging_mixin.py:188} INFO - [2024-05-16T12:43:19.713+0000] {dagbag.py:545} INFO - Filling up the DagBag from /usr/local/python/3.10.13/lib/python3.10/site-packages/airflow/example_dags/example_complex.py
[2024-05-16T12:43:19.725+0000] {processor.py:840} INFO - DAG(s) 'example_complex' retrieved from /usr/local/python/3.10.13/lib/python3.10/site-packages/airflow/example_dags/example_complex.py
[2024-05-16T12:43:19.748+0000] {logging_mixin.py:188} INFO - [2024-05-16T12:43:19.747+0000] {dag.py:3096} INFO - Sync 1 DAGs
[2024-05-16T12:43:19.756+0000] {logging_mixin.py:188} INFO - [2024-05-16T12:43:19.756+0000] {dag.py:3954} INFO - Setting next_dagrun for example_complex to None, run_after=None
[2024-05-16T12:43:19.800+0000] {processor.py:183} INFO - Processing /usr/local/python/3.10.13/lib/python3.10/site-packages/airflow/example_dags/example_complex.py took 0.094 seconds
[2024-05-16T12:44:24.778+0000] {processor.py:161} INFO - Started process (PID=23825) to work on /usr/local/python/3.10.13/lib/python3.10/site-packages/airflow/example_dags/example_complex.py
[2024-05-16T12:44:24.779+0000] {processor.py:830} INFO - Processing file /usr/local/python/3.10.13/lib/python3.10/site-packages/airflow/example_dags/example_complex.py for tasks to queue
[2024-05-16T12:44:24.780+0000] {logging_mixin.py:188} INFO - [2024-05-16T12:44:24.780+0000] {dagbag.py:545} INFO - Filling up the DagBag from /usr/local/python/3.10.13/lib/python3.10/site-packages/airflow/example_dags/example_complex.py
[2024-05-16T12:44:24.789+0000] {processor.py:840} INFO - DAG(s) 'example_complex' retrieved from /usr/local/python/3.10.13/lib/python3.10/site-packages/airflow/example_dags/example_complex.py
[2024-05-16T12:44:24.811+0000] {logging_mixin.py:188} INFO - [2024-05-16T12:44:24.811+0000] {dag.py:3096} INFO - Sync 1 DAGs
[2024-05-16T12:44:24.822+0000] {logging_mixin.py:188} INFO - [2024-05-16T12:44:24.821+0000] {dag.py:3954} INFO - Setting next_dagrun for example_complex to None, run_after=None
[2024-05-16T12:44:24.868+0000] {processor.py:183} INFO - Processing /usr/local/python/3.10.13/lib/python3.10/site-packages/airflow/example_dags/example_complex.py took 0.095 seconds
[2024-05-16T12:45:30.786+0000] {processor.py:161} INFO - Started process (PID=24409) to work on /usr/local/python/3.10.13/lib/python3.10/site-packages/airflow/example_dags/example_complex.py
[2024-05-16T12:45:30.787+0000] {processor.py:830} INFO - Processing file /usr/local/python/3.10.13/lib/python3.10/site-packages/airflow/example_dags/example_complex.py for tasks to queue
[2024-05-16T12:45:30.788+0000] {logging_mixin.py:188} INFO - [2024-05-16T12:45:30.788+0000] {dagbag.py:545} INFO - Filling up the DagBag from /usr/local/python/3.10.13/lib/python3.10/site-packages/airflow/example_dags/example_complex.py
[2024-05-16T12:45:30.798+0000] {processor.py:840} INFO - DAG(s) 'example_complex' retrieved from /usr/local/python/3.10.13/lib/python3.10/site-packages/airflow/example_dags/example_complex.py
[2024-05-16T12:45:30.821+0000] {logging_mixin.py:188} INFO - [2024-05-16T12:45:30.821+0000] {dag.py:3096} INFO - Sync 1 DAGs
[2024-05-16T12:45:30.830+0000] {logging_mixin.py:188} INFO - [2024-05-16T12:45:30.830+0000] {dag.py:3954} INFO - Setting next_dagrun for example_complex to None, run_after=None
[2024-05-16T12:45:30.875+0000] {processor.py:183} INFO - Processing /usr/local/python/3.10.13/lib/python3.10/site-packages/airflow/example_dags/example_complex.py took 0.093 seconds
