[2024-05-16T12:06:22.210+0000] {processor.py:161} INFO - Started process (PID=7388) to work on /usr/local/python/3.10.13/lib/python3.10/site-packages/airflow/example_dags/example_task_group.py
[2024-05-16T12:06:22.211+0000] {processor.py:830} INFO - Processing file /usr/local/python/3.10.13/lib/python3.10/site-packages/airflow/example_dags/example_task_group.py for tasks to queue
[2024-05-16T12:06:22.212+0000] {logging_mixin.py:188} INFO - [2024-05-16T12:06:22.212+0000] {dagbag.py:545} INFO - Filling up the DagBag from /usr/local/python/3.10.13/lib/python3.10/site-packages/airflow/example_dags/example_task_group.py
[2024-05-16T12:06:22.219+0000] {processor.py:840} INFO - DAG(s) 'example_task_group' retrieved from /usr/local/python/3.10.13/lib/python3.10/site-packages/airflow/example_dags/example_task_group.py
[2024-05-16T12:06:22.373+0000] {logging_mixin.py:188} INFO - [2024-05-16T12:06:22.372+0000] {dag.py:3096} INFO - Sync 1 DAGs
[2024-05-16T12:06:22.386+0000] {logging_mixin.py:188} INFO - [2024-05-16T12:06:22.386+0000] {dag.py:3954} INFO - Setting next_dagrun for example_task_group to 2024-05-15 00:00:00+00:00, run_after=2024-05-16 00:00:00+00:00
[2024-05-16T12:06:22.435+0000] {processor.py:183} INFO - Processing /usr/local/python/3.10.13/lib/python3.10/site-packages/airflow/example_dags/example_task_group.py took 0.229 seconds
[2024-05-16T12:07:20.051+0000] {processor.py:161} INFO - Started process (PID=7766) to work on /usr/local/python/3.10.13/lib/python3.10/site-packages/airflow/example_dags/example_task_group.py
[2024-05-16T12:07:20.052+0000] {processor.py:830} INFO - Processing file /usr/local/python/3.10.13/lib/python3.10/site-packages/airflow/example_dags/example_task_group.py for tasks to queue
[2024-05-16T12:07:20.054+0000] {logging_mixin.py:188} INFO - [2024-05-16T12:07:20.054+0000] {dagbag.py:545} INFO - Filling up the DagBag from /usr/local/python/3.10.13/lib/python3.10/site-packages/airflow/example_dags/example_task_group.py
[2024-05-16T12:07:20.063+0000] {processor.py:840} INFO - DAG(s) 'example_task_group' retrieved from /usr/local/python/3.10.13/lib/python3.10/site-packages/airflow/example_dags/example_task_group.py
[2024-05-16T12:07:20.083+0000] {logging_mixin.py:188} INFO - [2024-05-16T12:07:20.082+0000] {dag.py:3096} INFO - Sync 1 DAGs
[2024-05-16T12:07:20.098+0000] {logging_mixin.py:188} INFO - [2024-05-16T12:07:20.098+0000] {dag.py:3954} INFO - Setting next_dagrun for example_task_group to 2024-05-15 00:00:00+00:00, run_after=2024-05-16 00:00:00+00:00
[2024-05-16T12:07:20.145+0000] {processor.py:183} INFO - Processing /usr/local/python/3.10.13/lib/python3.10/site-packages/airflow/example_dags/example_task_group.py took 0.101 seconds
[2024-05-16T12:08:08.214+0000] {processor.py:161} INFO - Started process (PID=8098) to work on /usr/local/python/3.10.13/lib/python3.10/site-packages/airflow/example_dags/example_task_group.py
[2024-05-16T12:08:08.215+0000] {processor.py:830} INFO - Processing file /usr/local/python/3.10.13/lib/python3.10/site-packages/airflow/example_dags/example_task_group.py for tasks to queue
[2024-05-16T12:08:08.216+0000] {logging_mixin.py:188} INFO - [2024-05-16T12:08:08.216+0000] {dagbag.py:545} INFO - Filling up the DagBag from /usr/local/python/3.10.13/lib/python3.10/site-packages/airflow/example_dags/example_task_group.py
[2024-05-16T12:08:08.222+0000] {processor.py:840} INFO - DAG(s) 'example_task_group' retrieved from /usr/local/python/3.10.13/lib/python3.10/site-packages/airflow/example_dags/example_task_group.py
[2024-05-16T12:08:08.234+0000] {logging_mixin.py:188} INFO - [2024-05-16T12:08:08.234+0000] {dag.py:3096} INFO - Sync 1 DAGs
[2024-05-16T12:08:08.249+0000] {logging_mixin.py:188} INFO - [2024-05-16T12:08:08.249+0000] {dag.py:3954} INFO - Setting next_dagrun for example_task_group to 2024-05-15 00:00:00+00:00, run_after=2024-05-16 00:00:00+00:00
[2024-05-16T12:08:08.295+0000] {processor.py:183} INFO - Processing /usr/local/python/3.10.13/lib/python3.10/site-packages/airflow/example_dags/example_task_group.py took 0.086 seconds
[2024-05-16T12:09:00.112+0000] {processor.py:161} INFO - Started process (PID=8476) to work on /usr/local/python/3.10.13/lib/python3.10/site-packages/airflow/example_dags/example_task_group.py
[2024-05-16T12:09:00.113+0000] {processor.py:830} INFO - Processing file /usr/local/python/3.10.13/lib/python3.10/site-packages/airflow/example_dags/example_task_group.py for tasks to queue
[2024-05-16T12:09:00.115+0000] {logging_mixin.py:188} INFO - [2024-05-16T12:09:00.114+0000] {dagbag.py:545} INFO - Filling up the DagBag from /usr/local/python/3.10.13/lib/python3.10/site-packages/airflow/example_dags/example_task_group.py
[2024-05-16T12:09:00.120+0000] {processor.py:840} INFO - DAG(s) 'example_task_group' retrieved from /usr/local/python/3.10.13/lib/python3.10/site-packages/airflow/example_dags/example_task_group.py
[2024-05-16T12:09:00.132+0000] {logging_mixin.py:188} INFO - [2024-05-16T12:09:00.132+0000] {dag.py:3096} INFO - Sync 1 DAGs
[2024-05-16T12:09:00.147+0000] {logging_mixin.py:188} INFO - [2024-05-16T12:09:00.147+0000] {dag.py:3954} INFO - Setting next_dagrun for example_task_group to 2024-05-15 00:00:00+00:00, run_after=2024-05-16 00:00:00+00:00
[2024-05-16T12:09:00.194+0000] {processor.py:183} INFO - Processing /usr/local/python/3.10.13/lib/python3.10/site-packages/airflow/example_dags/example_task_group.py took 0.087 seconds
[2024-05-16T12:09:45.263+0000] {processor.py:161} INFO - Started process (PID=8816) to work on /usr/local/python/3.10.13/lib/python3.10/site-packages/airflow/example_dags/example_task_group.py
[2024-05-16T12:09:45.264+0000] {processor.py:830} INFO - Processing file /usr/local/python/3.10.13/lib/python3.10/site-packages/airflow/example_dags/example_task_group.py for tasks to queue
[2024-05-16T12:09:45.265+0000] {logging_mixin.py:188} INFO - [2024-05-16T12:09:45.265+0000] {dagbag.py:545} INFO - Filling up the DagBag from /usr/local/python/3.10.13/lib/python3.10/site-packages/airflow/example_dags/example_task_group.py
[2024-05-16T12:09:45.271+0000] {processor.py:840} INFO - DAG(s) 'example_task_group' retrieved from /usr/local/python/3.10.13/lib/python3.10/site-packages/airflow/example_dags/example_task_group.py
[2024-05-16T12:09:45.283+0000] {logging_mixin.py:188} INFO - [2024-05-16T12:09:45.283+0000] {dag.py:3096} INFO - Sync 1 DAGs
[2024-05-16T12:09:45.298+0000] {logging_mixin.py:188} INFO - [2024-05-16T12:09:45.298+0000] {dag.py:3954} INFO - Setting next_dagrun for example_task_group to 2024-05-15 00:00:00+00:00, run_after=2024-05-16 00:00:00+00:00
[2024-05-16T12:09:45.344+0000] {processor.py:183} INFO - Processing /usr/local/python/3.10.13/lib/python3.10/site-packages/airflow/example_dags/example_task_group.py took 0.086 seconds
[2024-05-16T12:10:28.058+0000] {processor.py:161} INFO - Started process (PID=9104) to work on /usr/local/python/3.10.13/lib/python3.10/site-packages/airflow/example_dags/example_task_group.py
[2024-05-16T12:10:28.059+0000] {processor.py:830} INFO - Processing file /usr/local/python/3.10.13/lib/python3.10/site-packages/airflow/example_dags/example_task_group.py for tasks to queue
[2024-05-16T12:10:28.060+0000] {logging_mixin.py:188} INFO - [2024-05-16T12:10:28.060+0000] {dagbag.py:545} INFO - Filling up the DagBag from /usr/local/python/3.10.13/lib/python3.10/site-packages/airflow/example_dags/example_task_group.py
[2024-05-16T12:10:28.066+0000] {processor.py:840} INFO - DAG(s) 'example_task_group' retrieved from /usr/local/python/3.10.13/lib/python3.10/site-packages/airflow/example_dags/example_task_group.py
[2024-05-16T12:10:28.078+0000] {logging_mixin.py:188} INFO - [2024-05-16T12:10:28.078+0000] {dag.py:3096} INFO - Sync 1 DAGs
[2024-05-16T12:10:28.093+0000] {logging_mixin.py:188} INFO - [2024-05-16T12:10:28.093+0000] {dag.py:3954} INFO - Setting next_dagrun for example_task_group to 2024-05-15 00:00:00+00:00, run_after=2024-05-16 00:00:00+00:00
[2024-05-16T12:10:28.143+0000] {processor.py:183} INFO - Processing /usr/local/python/3.10.13/lib/python3.10/site-packages/airflow/example_dags/example_task_group.py took 0.089 seconds
[2024-05-16T12:11:10.567+0000] {processor.py:161} INFO - Started process (PID=9399) to work on /usr/local/python/3.10.13/lib/python3.10/site-packages/airflow/example_dags/example_task_group.py
[2024-05-16T12:11:10.567+0000] {processor.py:830} INFO - Processing file /usr/local/python/3.10.13/lib/python3.10/site-packages/airflow/example_dags/example_task_group.py for tasks to queue
[2024-05-16T12:11:10.569+0000] {logging_mixin.py:188} INFO - [2024-05-16T12:11:10.568+0000] {dagbag.py:545} INFO - Filling up the DagBag from /usr/local/python/3.10.13/lib/python3.10/site-packages/airflow/example_dags/example_task_group.py
[2024-05-16T12:11:10.574+0000] {processor.py:840} INFO - DAG(s) 'example_task_group' retrieved from /usr/local/python/3.10.13/lib/python3.10/site-packages/airflow/example_dags/example_task_group.py
[2024-05-16T12:11:10.586+0000] {logging_mixin.py:188} INFO - [2024-05-16T12:11:10.586+0000] {dag.py:3096} INFO - Sync 1 DAGs
[2024-05-16T12:11:10.600+0000] {logging_mixin.py:188} INFO - [2024-05-16T12:11:10.600+0000] {dag.py:3954} INFO - Setting next_dagrun for example_task_group to 2024-05-15 00:00:00+00:00, run_after=2024-05-16 00:00:00+00:00
[2024-05-16T12:11:10.648+0000] {processor.py:183} INFO - Processing /usr/local/python/3.10.13/lib/python3.10/site-packages/airflow/example_dags/example_task_group.py took 0.086 seconds
[2024-05-16T12:11:53.352+0000] {processor.py:161} INFO - Started process (PID=9694) to work on /usr/local/python/3.10.13/lib/python3.10/site-packages/airflow/example_dags/example_task_group.py
[2024-05-16T12:11:53.352+0000] {processor.py:830} INFO - Processing file /usr/local/python/3.10.13/lib/python3.10/site-packages/airflow/example_dags/example_task_group.py for tasks to queue
[2024-05-16T12:11:53.354+0000] {logging_mixin.py:188} INFO - [2024-05-16T12:11:53.353+0000] {dagbag.py:545} INFO - Filling up the DagBag from /usr/local/python/3.10.13/lib/python3.10/site-packages/airflow/example_dags/example_task_group.py
[2024-05-16T12:11:53.359+0000] {processor.py:840} INFO - DAG(s) 'example_task_group' retrieved from /usr/local/python/3.10.13/lib/python3.10/site-packages/airflow/example_dags/example_task_group.py
[2024-05-16T12:11:53.372+0000] {logging_mixin.py:188} INFO - [2024-05-16T12:11:53.371+0000] {dag.py:3096} INFO - Sync 1 DAGs
[2024-05-16T12:11:53.386+0000] {logging_mixin.py:188} INFO - [2024-05-16T12:11:53.386+0000] {dag.py:3954} INFO - Setting next_dagrun for example_task_group to 2024-05-15 00:00:00+00:00, run_after=2024-05-16 00:00:00+00:00
[2024-05-16T12:11:53.433+0000] {processor.py:183} INFO - Processing /usr/local/python/3.10.13/lib/python3.10/site-packages/airflow/example_dags/example_task_group.py took 0.086 seconds
[2024-05-16T12:12:35.153+0000] {processor.py:161} INFO - Started process (PID=9981) to work on /usr/local/python/3.10.13/lib/python3.10/site-packages/airflow/example_dags/example_task_group.py
[2024-05-16T12:12:35.153+0000] {processor.py:830} INFO - Processing file /usr/local/python/3.10.13/lib/python3.10/site-packages/airflow/example_dags/example_task_group.py for tasks to queue
[2024-05-16T12:12:35.155+0000] {logging_mixin.py:188} INFO - [2024-05-16T12:12:35.154+0000] {dagbag.py:545} INFO - Filling up the DagBag from /usr/local/python/3.10.13/lib/python3.10/site-packages/airflow/example_dags/example_task_group.py
[2024-05-16T12:12:35.161+0000] {processor.py:840} INFO - DAG(s) 'example_task_group' retrieved from /usr/local/python/3.10.13/lib/python3.10/site-packages/airflow/example_dags/example_task_group.py
[2024-05-16T12:12:35.173+0000] {logging_mixin.py:188} INFO - [2024-05-16T12:12:35.173+0000] {dag.py:3096} INFO - Sync 1 DAGs
[2024-05-16T12:12:35.187+0000] {logging_mixin.py:188} INFO - [2024-05-16T12:12:35.187+0000] {dag.py:3954} INFO - Setting next_dagrun for example_task_group to 2024-05-15 00:00:00+00:00, run_after=2024-05-16 00:00:00+00:00
[2024-05-16T12:12:35.234+0000] {processor.py:183} INFO - Processing /usr/local/python/3.10.13/lib/python3.10/site-packages/airflow/example_dags/example_task_group.py took 0.086 seconds
[2024-05-16T12:13:17.962+0000] {processor.py:161} INFO - Started process (PID=10289) to work on /usr/local/python/3.10.13/lib/python3.10/site-packages/airflow/example_dags/example_task_group.py
[2024-05-16T12:13:17.962+0000] {processor.py:830} INFO - Processing file /usr/local/python/3.10.13/lib/python3.10/site-packages/airflow/example_dags/example_task_group.py for tasks to queue
[2024-05-16T12:13:17.964+0000] {logging_mixin.py:188} INFO - [2024-05-16T12:13:17.963+0000] {dagbag.py:545} INFO - Filling up the DagBag from /usr/local/python/3.10.13/lib/python3.10/site-packages/airflow/example_dags/example_task_group.py
[2024-05-16T12:13:17.970+0000] {processor.py:840} INFO - DAG(s) 'example_task_group' retrieved from /usr/local/python/3.10.13/lib/python3.10/site-packages/airflow/example_dags/example_task_group.py
[2024-05-16T12:13:17.982+0000] {logging_mixin.py:188} INFO - [2024-05-16T12:13:17.982+0000] {dag.py:3096} INFO - Sync 1 DAGs
[2024-05-16T12:13:17.996+0000] {logging_mixin.py:188} INFO - [2024-05-16T12:13:17.996+0000] {dag.py:3954} INFO - Setting next_dagrun for example_task_group to 2024-05-15 00:00:00+00:00, run_after=2024-05-16 00:00:00+00:00
[2024-05-16T12:13:18.048+0000] {processor.py:183} INFO - Processing /usr/local/python/3.10.13/lib/python3.10/site-packages/airflow/example_dags/example_task_group.py took 0.091 seconds
[2024-05-16T12:13:59.350+0000] {processor.py:161} INFO - Started process (PID=10572) to work on /usr/local/python/3.10.13/lib/python3.10/site-packages/airflow/example_dags/example_task_group.py
[2024-05-16T12:13:59.350+0000] {processor.py:830} INFO - Processing file /usr/local/python/3.10.13/lib/python3.10/site-packages/airflow/example_dags/example_task_group.py for tasks to queue
[2024-05-16T12:13:59.352+0000] {logging_mixin.py:188} INFO - [2024-05-16T12:13:59.351+0000] {dagbag.py:545} INFO - Filling up the DagBag from /usr/local/python/3.10.13/lib/python3.10/site-packages/airflow/example_dags/example_task_group.py
[2024-05-16T12:13:59.357+0000] {processor.py:840} INFO - DAG(s) 'example_task_group' retrieved from /usr/local/python/3.10.13/lib/python3.10/site-packages/airflow/example_dags/example_task_group.py
[2024-05-16T12:13:59.370+0000] {logging_mixin.py:188} INFO - [2024-05-16T12:13:59.370+0000] {dag.py:3096} INFO - Sync 1 DAGs
[2024-05-16T12:13:59.384+0000] {logging_mixin.py:188} INFO - [2024-05-16T12:13:59.384+0000] {dag.py:3954} INFO - Setting next_dagrun for example_task_group to 2024-05-15 00:00:00+00:00, run_after=2024-05-16 00:00:00+00:00
[2024-05-16T12:13:59.437+0000] {processor.py:183} INFO - Processing /usr/local/python/3.10.13/lib/python3.10/site-packages/airflow/example_dags/example_task_group.py took 0.093 seconds
[2024-05-16T12:14:40.623+0000] {processor.py:161} INFO - Started process (PID=10861) to work on /usr/local/python/3.10.13/lib/python3.10/site-packages/airflow/example_dags/example_task_group.py
[2024-05-16T12:14:40.624+0000] {processor.py:830} INFO - Processing file /usr/local/python/3.10.13/lib/python3.10/site-packages/airflow/example_dags/example_task_group.py for tasks to queue
[2024-05-16T12:14:40.625+0000] {logging_mixin.py:188} INFO - [2024-05-16T12:14:40.625+0000] {dagbag.py:545} INFO - Filling up the DagBag from /usr/local/python/3.10.13/lib/python3.10/site-packages/airflow/example_dags/example_task_group.py
[2024-05-16T12:14:40.631+0000] {processor.py:840} INFO - DAG(s) 'example_task_group' retrieved from /usr/local/python/3.10.13/lib/python3.10/site-packages/airflow/example_dags/example_task_group.py
[2024-05-16T12:14:40.644+0000] {logging_mixin.py:188} INFO - [2024-05-16T12:14:40.643+0000] {dag.py:3096} INFO - Sync 1 DAGs
[2024-05-16T12:14:40.658+0000] {logging_mixin.py:188} INFO - [2024-05-16T12:14:40.657+0000] {dag.py:3954} INFO - Setting next_dagrun for example_task_group to 2024-05-15 00:00:00+00:00, run_after=2024-05-16 00:00:00+00:00
[2024-05-16T12:14:40.704+0000] {processor.py:183} INFO - Processing /usr/local/python/3.10.13/lib/python3.10/site-packages/airflow/example_dags/example_task_group.py took 0.085 seconds
[2024-05-16T12:15:22.886+0000] {processor.py:161} INFO - Started process (PID=11141) to work on /usr/local/python/3.10.13/lib/python3.10/site-packages/airflow/example_dags/example_task_group.py
[2024-05-16T12:15:22.887+0000] {processor.py:830} INFO - Processing file /usr/local/python/3.10.13/lib/python3.10/site-packages/airflow/example_dags/example_task_group.py for tasks to queue
[2024-05-16T12:15:22.888+0000] {logging_mixin.py:188} INFO - [2024-05-16T12:15:22.888+0000] {dagbag.py:545} INFO - Filling up the DagBag from /usr/local/python/3.10.13/lib/python3.10/site-packages/airflow/example_dags/example_task_group.py
[2024-05-16T12:15:22.894+0000] {processor.py:840} INFO - DAG(s) 'example_task_group' retrieved from /usr/local/python/3.10.13/lib/python3.10/site-packages/airflow/example_dags/example_task_group.py
[2024-05-16T12:15:22.907+0000] {logging_mixin.py:188} INFO - [2024-05-16T12:15:22.907+0000] {dag.py:3096} INFO - Sync 1 DAGs
[2024-05-16T12:15:22.925+0000] {logging_mixin.py:188} INFO - [2024-05-16T12:15:22.925+0000] {dag.py:3954} INFO - Setting next_dagrun for example_task_group to 2024-05-15 00:00:00+00:00, run_after=2024-05-16 00:00:00+00:00
[2024-05-16T12:15:22.969+0000] {processor.py:183} INFO - Processing /usr/local/python/3.10.13/lib/python3.10/site-packages/airflow/example_dags/example_task_group.py took 0.087 seconds
[2024-05-16T12:16:05.636+0000] {processor.py:161} INFO - Started process (PID=11463) to work on /usr/local/python/3.10.13/lib/python3.10/site-packages/airflow/example_dags/example_task_group.py
[2024-05-16T12:16:05.637+0000] {processor.py:830} INFO - Processing file /usr/local/python/3.10.13/lib/python3.10/site-packages/airflow/example_dags/example_task_group.py for tasks to queue
[2024-05-16T12:16:05.638+0000] {logging_mixin.py:188} INFO - [2024-05-16T12:16:05.638+0000] {dagbag.py:545} INFO - Filling up the DagBag from /usr/local/python/3.10.13/lib/python3.10/site-packages/airflow/example_dags/example_task_group.py
[2024-05-16T12:16:05.644+0000] {processor.py:840} INFO - DAG(s) 'example_task_group' retrieved from /usr/local/python/3.10.13/lib/python3.10/site-packages/airflow/example_dags/example_task_group.py
[2024-05-16T12:16:05.657+0000] {logging_mixin.py:188} INFO - [2024-05-16T12:16:05.657+0000] {dag.py:3096} INFO - Sync 1 DAGs
[2024-05-16T12:16:05.672+0000] {logging_mixin.py:188} INFO - [2024-05-16T12:16:05.672+0000] {dag.py:3954} INFO - Setting next_dagrun for example_task_group to 2024-05-15 00:00:00+00:00, run_after=2024-05-16 00:00:00+00:00
[2024-05-16T12:16:05.719+0000] {processor.py:183} INFO - Processing /usr/local/python/3.10.13/lib/python3.10/site-packages/airflow/example_dags/example_task_group.py took 0.087 seconds
[2024-05-16T12:16:51.034+0000] {processor.py:161} INFO - Started process (PID=11809) to work on /usr/local/python/3.10.13/lib/python3.10/site-packages/airflow/example_dags/example_task_group.py
[2024-05-16T12:16:51.035+0000] {processor.py:830} INFO - Processing file /usr/local/python/3.10.13/lib/python3.10/site-packages/airflow/example_dags/example_task_group.py for tasks to queue
[2024-05-16T12:16:51.036+0000] {logging_mixin.py:188} INFO - [2024-05-16T12:16:51.036+0000] {dagbag.py:545} INFO - Filling up the DagBag from /usr/local/python/3.10.13/lib/python3.10/site-packages/airflow/example_dags/example_task_group.py
[2024-05-16T12:16:51.042+0000] {processor.py:840} INFO - DAG(s) 'example_task_group' retrieved from /usr/local/python/3.10.13/lib/python3.10/site-packages/airflow/example_dags/example_task_group.py
[2024-05-16T12:16:51.055+0000] {logging_mixin.py:188} INFO - [2024-05-16T12:16:51.054+0000] {dag.py:3096} INFO - Sync 1 DAGs
[2024-05-16T12:16:51.069+0000] {logging_mixin.py:188} INFO - [2024-05-16T12:16:51.069+0000] {dag.py:3954} INFO - Setting next_dagrun for example_task_group to 2024-05-15 00:00:00+00:00, run_after=2024-05-16 00:00:00+00:00
[2024-05-16T12:16:51.114+0000] {processor.py:183} INFO - Processing /usr/local/python/3.10.13/lib/python3.10/site-packages/airflow/example_dags/example_task_group.py took 0.085 seconds
[2024-05-16T12:17:32.613+0000] {processor.py:161} INFO - Started process (PID=12103) to work on /usr/local/python/3.10.13/lib/python3.10/site-packages/airflow/example_dags/example_task_group.py
[2024-05-16T12:17:32.613+0000] {processor.py:830} INFO - Processing file /usr/local/python/3.10.13/lib/python3.10/site-packages/airflow/example_dags/example_task_group.py for tasks to queue
[2024-05-16T12:17:32.615+0000] {logging_mixin.py:188} INFO - [2024-05-16T12:17:32.614+0000] {dagbag.py:545} INFO - Filling up the DagBag from /usr/local/python/3.10.13/lib/python3.10/site-packages/airflow/example_dags/example_task_group.py
[2024-05-16T12:17:32.620+0000] {processor.py:840} INFO - DAG(s) 'example_task_group' retrieved from /usr/local/python/3.10.13/lib/python3.10/site-packages/airflow/example_dags/example_task_group.py
[2024-05-16T12:17:32.632+0000] {logging_mixin.py:188} INFO - [2024-05-16T12:17:32.632+0000] {dag.py:3096} INFO - Sync 1 DAGs
[2024-05-16T12:17:32.647+0000] {logging_mixin.py:188} INFO - [2024-05-16T12:17:32.647+0000] {dag.py:3954} INFO - Setting next_dagrun for example_task_group to 2024-05-15 00:00:00+00:00, run_after=2024-05-16 00:00:00+00:00
[2024-05-16T12:17:32.691+0000] {processor.py:183} INFO - Processing /usr/local/python/3.10.13/lib/python3.10/site-packages/airflow/example_dags/example_task_group.py took 0.083 seconds
[2024-05-16T12:18:13.792+0000] {processor.py:161} INFO - Started process (PID=12389) to work on /usr/local/python/3.10.13/lib/python3.10/site-packages/airflow/example_dags/example_task_group.py
[2024-05-16T12:18:13.792+0000] {processor.py:830} INFO - Processing file /usr/local/python/3.10.13/lib/python3.10/site-packages/airflow/example_dags/example_task_group.py for tasks to queue
[2024-05-16T12:18:13.794+0000] {logging_mixin.py:188} INFO - [2024-05-16T12:18:13.793+0000] {dagbag.py:545} INFO - Filling up the DagBag from /usr/local/python/3.10.13/lib/python3.10/site-packages/airflow/example_dags/example_task_group.py
[2024-05-16T12:18:13.799+0000] {processor.py:840} INFO - DAG(s) 'example_task_group' retrieved from /usr/local/python/3.10.13/lib/python3.10/site-packages/airflow/example_dags/example_task_group.py
[2024-05-16T12:18:13.812+0000] {logging_mixin.py:188} INFO - [2024-05-16T12:18:13.812+0000] {dag.py:3096} INFO - Sync 1 DAGs
[2024-05-16T12:18:13.827+0000] {logging_mixin.py:188} INFO - [2024-05-16T12:18:13.827+0000] {dag.py:3954} INFO - Setting next_dagrun for example_task_group to 2024-05-15 00:00:00+00:00, run_after=2024-05-16 00:00:00+00:00
[2024-05-16T12:18:13.875+0000] {processor.py:183} INFO - Processing /usr/local/python/3.10.13/lib/python3.10/site-packages/airflow/example_dags/example_task_group.py took 0.088 seconds
[2024-05-16T12:18:54.825+0000] {processor.py:161} INFO - Started process (PID=12693) to work on /usr/local/python/3.10.13/lib/python3.10/site-packages/airflow/example_dags/example_task_group.py
[2024-05-16T12:18:54.826+0000] {processor.py:830} INFO - Processing file /usr/local/python/3.10.13/lib/python3.10/site-packages/airflow/example_dags/example_task_group.py for tasks to queue
[2024-05-16T12:18:54.827+0000] {logging_mixin.py:188} INFO - [2024-05-16T12:18:54.827+0000] {dagbag.py:545} INFO - Filling up the DagBag from /usr/local/python/3.10.13/lib/python3.10/site-packages/airflow/example_dags/example_task_group.py
[2024-05-16T12:18:54.833+0000] {processor.py:840} INFO - DAG(s) 'example_task_group' retrieved from /usr/local/python/3.10.13/lib/python3.10/site-packages/airflow/example_dags/example_task_group.py
[2024-05-16T12:18:54.846+0000] {logging_mixin.py:188} INFO - [2024-05-16T12:18:54.845+0000] {dag.py:3096} INFO - Sync 1 DAGs
[2024-05-16T12:18:54.860+0000] {logging_mixin.py:188} INFO - [2024-05-16T12:18:54.860+0000] {dag.py:3954} INFO - Setting next_dagrun for example_task_group to 2024-05-15 00:00:00+00:00, run_after=2024-05-16 00:00:00+00:00
[2024-05-16T12:18:54.906+0000] {processor.py:183} INFO - Processing /usr/local/python/3.10.13/lib/python3.10/site-packages/airflow/example_dags/example_task_group.py took 0.086 seconds
[2024-05-16T12:19:38.008+0000] {processor.py:161} INFO - Started process (PID=12993) to work on /usr/local/python/3.10.13/lib/python3.10/site-packages/airflow/example_dags/example_task_group.py
[2024-05-16T12:19:38.008+0000] {processor.py:830} INFO - Processing file /usr/local/python/3.10.13/lib/python3.10/site-packages/airflow/example_dags/example_task_group.py for tasks to queue
[2024-05-16T12:19:38.010+0000] {logging_mixin.py:188} INFO - [2024-05-16T12:19:38.009+0000] {dagbag.py:545} INFO - Filling up the DagBag from /usr/local/python/3.10.13/lib/python3.10/site-packages/airflow/example_dags/example_task_group.py
[2024-05-16T12:19:38.015+0000] {processor.py:840} INFO - DAG(s) 'example_task_group' retrieved from /usr/local/python/3.10.13/lib/python3.10/site-packages/airflow/example_dags/example_task_group.py
[2024-05-16T12:19:38.028+0000] {logging_mixin.py:188} INFO - [2024-05-16T12:19:38.028+0000] {dag.py:3096} INFO - Sync 1 DAGs
[2024-05-16T12:19:38.042+0000] {logging_mixin.py:188} INFO - [2024-05-16T12:19:38.042+0000] {dag.py:3954} INFO - Setting next_dagrun for example_task_group to 2024-05-15 00:00:00+00:00, run_after=2024-05-16 00:00:00+00:00
[2024-05-16T12:19:38.091+0000] {processor.py:183} INFO - Processing /usr/local/python/3.10.13/lib/python3.10/site-packages/airflow/example_dags/example_task_group.py took 0.088 seconds
[2024-05-16T12:20:19.442+0000] {processor.py:161} INFO - Started process (PID=13286) to work on /usr/local/python/3.10.13/lib/python3.10/site-packages/airflow/example_dags/example_task_group.py
[2024-05-16T12:20:19.443+0000] {processor.py:830} INFO - Processing file /usr/local/python/3.10.13/lib/python3.10/site-packages/airflow/example_dags/example_task_group.py for tasks to queue
[2024-05-16T12:20:19.444+0000] {logging_mixin.py:188} INFO - [2024-05-16T12:20:19.444+0000] {dagbag.py:545} INFO - Filling up the DagBag from /usr/local/python/3.10.13/lib/python3.10/site-packages/airflow/example_dags/example_task_group.py
[2024-05-16T12:20:19.450+0000] {processor.py:840} INFO - DAG(s) 'example_task_group' retrieved from /usr/local/python/3.10.13/lib/python3.10/site-packages/airflow/example_dags/example_task_group.py
[2024-05-16T12:20:19.462+0000] {logging_mixin.py:188} INFO - [2024-05-16T12:20:19.462+0000] {dag.py:3096} INFO - Sync 1 DAGs
[2024-05-16T12:20:19.476+0000] {logging_mixin.py:188} INFO - [2024-05-16T12:20:19.476+0000] {dag.py:3954} INFO - Setting next_dagrun for example_task_group to 2024-05-15 00:00:00+00:00, run_after=2024-05-16 00:00:00+00:00
[2024-05-16T12:20:19.523+0000] {processor.py:183} INFO - Processing /usr/local/python/3.10.13/lib/python3.10/site-packages/airflow/example_dags/example_task_group.py took 0.085 seconds
[2024-05-16T12:21:00.960+0000] {processor.py:161} INFO - Started process (PID=13583) to work on /usr/local/python/3.10.13/lib/python3.10/site-packages/airflow/example_dags/example_task_group.py
[2024-05-16T12:21:00.961+0000] {processor.py:830} INFO - Processing file /usr/local/python/3.10.13/lib/python3.10/site-packages/airflow/example_dags/example_task_group.py for tasks to queue
[2024-05-16T12:21:00.962+0000] {logging_mixin.py:188} INFO - [2024-05-16T12:21:00.962+0000] {dagbag.py:545} INFO - Filling up the DagBag from /usr/local/python/3.10.13/lib/python3.10/site-packages/airflow/example_dags/example_task_group.py
[2024-05-16T12:21:00.969+0000] {processor.py:840} INFO - DAG(s) 'example_task_group' retrieved from /usr/local/python/3.10.13/lib/python3.10/site-packages/airflow/example_dags/example_task_group.py
[2024-05-16T12:21:00.982+0000] {logging_mixin.py:188} INFO - [2024-05-16T12:21:00.982+0000] {dag.py:3096} INFO - Sync 1 DAGs
[2024-05-16T12:21:00.998+0000] {logging_mixin.py:188} INFO - [2024-05-16T12:21:00.998+0000] {dag.py:3954} INFO - Setting next_dagrun for example_task_group to 2024-05-15 00:00:00+00:00, run_after=2024-05-16 00:00:00+00:00
[2024-05-16T12:21:01.044+0000] {processor.py:183} INFO - Processing /usr/local/python/3.10.13/lib/python3.10/site-packages/airflow/example_dags/example_task_group.py took 0.089 seconds
[2024-05-16T12:21:43.948+0000] {processor.py:161} INFO - Started process (PID=13879) to work on /usr/local/python/3.10.13/lib/python3.10/site-packages/airflow/example_dags/example_task_group.py
[2024-05-16T12:21:43.949+0000] {processor.py:830} INFO - Processing file /usr/local/python/3.10.13/lib/python3.10/site-packages/airflow/example_dags/example_task_group.py for tasks to queue
[2024-05-16T12:21:43.950+0000] {logging_mixin.py:188} INFO - [2024-05-16T12:21:43.950+0000] {dagbag.py:545} INFO - Filling up the DagBag from /usr/local/python/3.10.13/lib/python3.10/site-packages/airflow/example_dags/example_task_group.py
[2024-05-16T12:21:43.956+0000] {processor.py:840} INFO - DAG(s) 'example_task_group' retrieved from /usr/local/python/3.10.13/lib/python3.10/site-packages/airflow/example_dags/example_task_group.py
[2024-05-16T12:21:43.969+0000] {logging_mixin.py:188} INFO - [2024-05-16T12:21:43.969+0000] {dag.py:3096} INFO - Sync 1 DAGs
[2024-05-16T12:21:43.984+0000] {logging_mixin.py:188} INFO - [2024-05-16T12:21:43.984+0000] {dag.py:3954} INFO - Setting next_dagrun for example_task_group to 2024-05-15 00:00:00+00:00, run_after=2024-05-16 00:00:00+00:00
[2024-05-16T12:21:44.030+0000] {processor.py:183} INFO - Processing /usr/local/python/3.10.13/lib/python3.10/site-packages/airflow/example_dags/example_task_group.py took 0.086 seconds
[2024-05-16T12:22:27.773+0000] {processor.py:161} INFO - Started process (PID=14221) to work on /usr/local/python/3.10.13/lib/python3.10/site-packages/airflow/example_dags/example_task_group.py
[2024-05-16T12:22:27.774+0000] {processor.py:830} INFO - Processing file /usr/local/python/3.10.13/lib/python3.10/site-packages/airflow/example_dags/example_task_group.py for tasks to queue
[2024-05-16T12:22:27.775+0000] {logging_mixin.py:188} INFO - [2024-05-16T12:22:27.775+0000] {dagbag.py:545} INFO - Filling up the DagBag from /usr/local/python/3.10.13/lib/python3.10/site-packages/airflow/example_dags/example_task_group.py
[2024-05-16T12:22:27.781+0000] {processor.py:840} INFO - DAG(s) 'example_task_group' retrieved from /usr/local/python/3.10.13/lib/python3.10/site-packages/airflow/example_dags/example_task_group.py
[2024-05-16T12:22:27.794+0000] {logging_mixin.py:188} INFO - [2024-05-16T12:22:27.793+0000] {dag.py:3096} INFO - Sync 1 DAGs
[2024-05-16T12:22:27.809+0000] {logging_mixin.py:188} INFO - [2024-05-16T12:22:27.808+0000] {dag.py:3954} INFO - Setting next_dagrun for example_task_group to 2024-05-15 00:00:00+00:00, run_after=2024-05-16 00:00:00+00:00
[2024-05-16T12:22:27.852+0000] {processor.py:183} INFO - Processing /usr/local/python/3.10.13/lib/python3.10/site-packages/airflow/example_dags/example_task_group.py took 0.083 seconds
[2024-05-16T12:23:12.462+0000] {processor.py:161} INFO - Started process (PID=14543) to work on /usr/local/python/3.10.13/lib/python3.10/site-packages/airflow/example_dags/example_task_group.py
[2024-05-16T12:23:12.463+0000] {processor.py:830} INFO - Processing file /usr/local/python/3.10.13/lib/python3.10/site-packages/airflow/example_dags/example_task_group.py for tasks to queue
[2024-05-16T12:23:12.464+0000] {logging_mixin.py:188} INFO - [2024-05-16T12:23:12.464+0000] {dagbag.py:545} INFO - Filling up the DagBag from /usr/local/python/3.10.13/lib/python3.10/site-packages/airflow/example_dags/example_task_group.py
[2024-05-16T12:23:12.470+0000] {processor.py:840} INFO - DAG(s) 'example_task_group' retrieved from /usr/local/python/3.10.13/lib/python3.10/site-packages/airflow/example_dags/example_task_group.py
[2024-05-16T12:23:12.482+0000] {logging_mixin.py:188} INFO - [2024-05-16T12:23:12.482+0000] {dag.py:3096} INFO - Sync 1 DAGs
[2024-05-16T12:23:12.496+0000] {logging_mixin.py:188} INFO - [2024-05-16T12:23:12.496+0000] {dag.py:3954} INFO - Setting next_dagrun for example_task_group to 2024-05-15 00:00:00+00:00, run_after=2024-05-16 00:00:00+00:00
[2024-05-16T12:23:12.541+0000] {processor.py:183} INFO - Processing /usr/local/python/3.10.13/lib/python3.10/site-packages/airflow/example_dags/example_task_group.py took 0.084 seconds
[2024-05-16T12:23:57.180+0000] {processor.py:161} INFO - Started process (PID=14874) to work on /usr/local/python/3.10.13/lib/python3.10/site-packages/airflow/example_dags/example_task_group.py
[2024-05-16T12:23:57.181+0000] {processor.py:830} INFO - Processing file /usr/local/python/3.10.13/lib/python3.10/site-packages/airflow/example_dags/example_task_group.py for tasks to queue
[2024-05-16T12:23:57.182+0000] {logging_mixin.py:188} INFO - [2024-05-16T12:23:57.182+0000] {dagbag.py:545} INFO - Filling up the DagBag from /usr/local/python/3.10.13/lib/python3.10/site-packages/airflow/example_dags/example_task_group.py
[2024-05-16T12:23:57.188+0000] {processor.py:840} INFO - DAG(s) 'example_task_group' retrieved from /usr/local/python/3.10.13/lib/python3.10/site-packages/airflow/example_dags/example_task_group.py
[2024-05-16T12:23:57.200+0000] {logging_mixin.py:188} INFO - [2024-05-16T12:23:57.200+0000] {dag.py:3096} INFO - Sync 1 DAGs
[2024-05-16T12:23:57.214+0000] {logging_mixin.py:188} INFO - [2024-05-16T12:23:57.214+0000] {dag.py:3954} INFO - Setting next_dagrun for example_task_group to 2024-05-15 00:00:00+00:00, run_after=2024-05-16 00:00:00+00:00
[2024-05-16T12:23:57.257+0000] {processor.py:183} INFO - Processing /usr/local/python/3.10.13/lib/python3.10/site-packages/airflow/example_dags/example_task_group.py took 0.082 seconds
[2024-05-16T12:24:39.908+0000] {processor.py:161} INFO - Started process (PID=15209) to work on /usr/local/python/3.10.13/lib/python3.10/site-packages/airflow/example_dags/example_task_group.py
[2024-05-16T12:24:39.909+0000] {processor.py:830} INFO - Processing file /usr/local/python/3.10.13/lib/python3.10/site-packages/airflow/example_dags/example_task_group.py for tasks to queue
[2024-05-16T12:24:39.910+0000] {logging_mixin.py:188} INFO - [2024-05-16T12:24:39.910+0000] {dagbag.py:545} INFO - Filling up the DagBag from /usr/local/python/3.10.13/lib/python3.10/site-packages/airflow/example_dags/example_task_group.py
[2024-05-16T12:24:39.916+0000] {processor.py:840} INFO - DAG(s) 'example_task_group' retrieved from /usr/local/python/3.10.13/lib/python3.10/site-packages/airflow/example_dags/example_task_group.py
[2024-05-16T12:24:39.929+0000] {logging_mixin.py:188} INFO - [2024-05-16T12:24:39.929+0000] {dag.py:3096} INFO - Sync 1 DAGs
[2024-05-16T12:24:39.944+0000] {logging_mixin.py:188} INFO - [2024-05-16T12:24:39.943+0000] {dag.py:3954} INFO - Setting next_dagrun for example_task_group to 2024-05-15 00:00:00+00:00, run_after=2024-05-16 00:00:00+00:00
[2024-05-16T12:24:39.987+0000] {processor.py:183} INFO - Processing /usr/local/python/3.10.13/lib/python3.10/site-packages/airflow/example_dags/example_task_group.py took 0.084 seconds
[2024-05-16T12:25:20.057+0000] {processor.py:161} INFO - Started process (PID=15515) to work on /usr/local/python/3.10.13/lib/python3.10/site-packages/airflow/example_dags/example_task_group.py
[2024-05-16T12:25:20.058+0000] {processor.py:830} INFO - Processing file /usr/local/python/3.10.13/lib/python3.10/site-packages/airflow/example_dags/example_task_group.py for tasks to queue
[2024-05-16T12:25:20.059+0000] {logging_mixin.py:188} INFO - [2024-05-16T12:25:20.059+0000] {dagbag.py:545} INFO - Filling up the DagBag from /usr/local/python/3.10.13/lib/python3.10/site-packages/airflow/example_dags/example_task_group.py
[2024-05-16T12:25:20.065+0000] {processor.py:840} INFO - DAG(s) 'example_task_group' retrieved from /usr/local/python/3.10.13/lib/python3.10/site-packages/airflow/example_dags/example_task_group.py
[2024-05-16T12:25:20.077+0000] {logging_mixin.py:188} INFO - [2024-05-16T12:25:20.077+0000] {dag.py:3096} INFO - Sync 1 DAGs
[2024-05-16T12:25:20.092+0000] {logging_mixin.py:188} INFO - [2024-05-16T12:25:20.092+0000] {dag.py:3954} INFO - Setting next_dagrun for example_task_group to 2024-05-15 00:00:00+00:00, run_after=2024-05-16 00:00:00+00:00
[2024-05-16T12:25:20.137+0000] {processor.py:183} INFO - Processing /usr/local/python/3.10.13/lib/python3.10/site-packages/airflow/example_dags/example_task_group.py took 0.084 seconds
[2024-05-16T12:25:59.447+0000] {processor.py:161} INFO - Started process (PID=15799) to work on /usr/local/python/3.10.13/lib/python3.10/site-packages/airflow/example_dags/example_task_group.py
[2024-05-16T12:25:59.447+0000] {processor.py:830} INFO - Processing file /usr/local/python/3.10.13/lib/python3.10/site-packages/airflow/example_dags/example_task_group.py for tasks to queue
[2024-05-16T12:25:59.449+0000] {logging_mixin.py:188} INFO - [2024-05-16T12:25:59.448+0000] {dagbag.py:545} INFO - Filling up the DagBag from /usr/local/python/3.10.13/lib/python3.10/site-packages/airflow/example_dags/example_task_group.py
[2024-05-16T12:25:59.454+0000] {processor.py:840} INFO - DAG(s) 'example_task_group' retrieved from /usr/local/python/3.10.13/lib/python3.10/site-packages/airflow/example_dags/example_task_group.py
[2024-05-16T12:25:59.466+0000] {logging_mixin.py:188} INFO - [2024-05-16T12:25:59.466+0000] {dag.py:3096} INFO - Sync 1 DAGs
[2024-05-16T12:25:59.481+0000] {logging_mixin.py:188} INFO - [2024-05-16T12:25:59.481+0000] {dag.py:3954} INFO - Setting next_dagrun for example_task_group to 2024-05-15 00:00:00+00:00, run_after=2024-05-16 00:00:00+00:00
[2024-05-16T12:25:59.525+0000] {processor.py:183} INFO - Processing /usr/local/python/3.10.13/lib/python3.10/site-packages/airflow/example_dags/example_task_group.py took 0.083 seconds
[2024-05-16T12:26:40.051+0000] {processor.py:161} INFO - Started process (PID=16097) to work on /usr/local/python/3.10.13/lib/python3.10/site-packages/airflow/example_dags/example_task_group.py
[2024-05-16T12:26:40.052+0000] {processor.py:830} INFO - Processing file /usr/local/python/3.10.13/lib/python3.10/site-packages/airflow/example_dags/example_task_group.py for tasks to queue
[2024-05-16T12:26:40.053+0000] {logging_mixin.py:188} INFO - [2024-05-16T12:26:40.053+0000] {dagbag.py:545} INFO - Filling up the DagBag from /usr/local/python/3.10.13/lib/python3.10/site-packages/airflow/example_dags/example_task_group.py
[2024-05-16T12:26:40.059+0000] {processor.py:840} INFO - DAG(s) 'example_task_group' retrieved from /usr/local/python/3.10.13/lib/python3.10/site-packages/airflow/example_dags/example_task_group.py
[2024-05-16T12:26:40.076+0000] {logging_mixin.py:188} INFO - [2024-05-16T12:26:40.075+0000] {dag.py:3096} INFO - Sync 1 DAGs
[2024-05-16T12:26:40.096+0000] {logging_mixin.py:188} INFO - [2024-05-16T12:26:40.096+0000] {dag.py:3954} INFO - Setting next_dagrun for example_task_group to 2024-05-15 00:00:00+00:00, run_after=2024-05-16 00:00:00+00:00
[2024-05-16T12:26:40.166+0000] {processor.py:183} INFO - Processing /usr/local/python/3.10.13/lib/python3.10/site-packages/airflow/example_dags/example_task_group.py took 0.119 seconds
[2024-05-16T12:27:23.700+0000] {processor.py:161} INFO - Started process (PID=16438) to work on /usr/local/python/3.10.13/lib/python3.10/site-packages/airflow/example_dags/example_task_group.py
[2024-05-16T12:27:23.701+0000] {processor.py:830} INFO - Processing file /usr/local/python/3.10.13/lib/python3.10/site-packages/airflow/example_dags/example_task_group.py for tasks to queue
[2024-05-16T12:27:23.702+0000] {logging_mixin.py:188} INFO - [2024-05-16T12:27:23.702+0000] {dagbag.py:545} INFO - Filling up the DagBag from /usr/local/python/3.10.13/lib/python3.10/site-packages/airflow/example_dags/example_task_group.py
[2024-05-16T12:27:23.708+0000] {processor.py:840} INFO - DAG(s) 'example_task_group' retrieved from /usr/local/python/3.10.13/lib/python3.10/site-packages/airflow/example_dags/example_task_group.py
[2024-05-16T12:27:23.721+0000] {logging_mixin.py:188} INFO - [2024-05-16T12:27:23.721+0000] {dag.py:3096} INFO - Sync 1 DAGs
[2024-05-16T12:27:23.736+0000] {logging_mixin.py:188} INFO - [2024-05-16T12:27:23.736+0000] {dag.py:3954} INFO - Setting next_dagrun for example_task_group to 2024-05-15 00:00:00+00:00, run_after=2024-05-16 00:00:00+00:00
[2024-05-16T12:27:23.779+0000] {processor.py:183} INFO - Processing /usr/local/python/3.10.13/lib/python3.10/site-packages/airflow/example_dags/example_task_group.py took 0.084 seconds
[2024-05-16T12:28:05.585+0000] {processor.py:161} INFO - Started process (PID=16744) to work on /usr/local/python/3.10.13/lib/python3.10/site-packages/airflow/example_dags/example_task_group.py
[2024-05-16T12:28:05.586+0000] {processor.py:830} INFO - Processing file /usr/local/python/3.10.13/lib/python3.10/site-packages/airflow/example_dags/example_task_group.py for tasks to queue
[2024-05-16T12:28:05.587+0000] {logging_mixin.py:188} INFO - [2024-05-16T12:28:05.587+0000] {dagbag.py:545} INFO - Filling up the DagBag from /usr/local/python/3.10.13/lib/python3.10/site-packages/airflow/example_dags/example_task_group.py
[2024-05-16T12:28:05.593+0000] {processor.py:840} INFO - DAG(s) 'example_task_group' retrieved from /usr/local/python/3.10.13/lib/python3.10/site-packages/airflow/example_dags/example_task_group.py
[2024-05-16T12:28:05.606+0000] {logging_mixin.py:188} INFO - [2024-05-16T12:28:05.606+0000] {dag.py:3096} INFO - Sync 1 DAGs
[2024-05-16T12:28:05.621+0000] {logging_mixin.py:188} INFO - [2024-05-16T12:28:05.620+0000] {dag.py:3954} INFO - Setting next_dagrun for example_task_group to 2024-05-15 00:00:00+00:00, run_after=2024-05-16 00:00:00+00:00
[2024-05-16T12:28:05.666+0000] {processor.py:183} INFO - Processing /usr/local/python/3.10.13/lib/python3.10/site-packages/airflow/example_dags/example_task_group.py took 0.088 seconds
[2024-05-16T12:28:47.064+0000] {processor.py:161} INFO - Started process (PID=17043) to work on /usr/local/python/3.10.13/lib/python3.10/site-packages/airflow/example_dags/example_task_group.py
[2024-05-16T12:28:47.064+0000] {processor.py:830} INFO - Processing file /usr/local/python/3.10.13/lib/python3.10/site-packages/airflow/example_dags/example_task_group.py for tasks to queue
[2024-05-16T12:28:47.066+0000] {logging_mixin.py:188} INFO - [2024-05-16T12:28:47.065+0000] {dagbag.py:545} INFO - Filling up the DagBag from /usr/local/python/3.10.13/lib/python3.10/site-packages/airflow/example_dags/example_task_group.py
[2024-05-16T12:28:47.071+0000] {processor.py:840} INFO - DAG(s) 'example_task_group' retrieved from /usr/local/python/3.10.13/lib/python3.10/site-packages/airflow/example_dags/example_task_group.py
[2024-05-16T12:28:47.088+0000] {logging_mixin.py:188} INFO - [2024-05-16T12:28:47.088+0000] {dag.py:3096} INFO - Sync 1 DAGs
[2024-05-16T12:28:47.106+0000] {logging_mixin.py:188} INFO - [2024-05-16T12:28:47.106+0000] {dag.py:3954} INFO - Setting next_dagrun for example_task_group to 2024-05-15 00:00:00+00:00, run_after=2024-05-16 00:00:00+00:00
[2024-05-16T12:28:47.151+0000] {processor.py:183} INFO - Processing /usr/local/python/3.10.13/lib/python3.10/site-packages/airflow/example_dags/example_task_group.py took 0.091 seconds
[2024-05-16T12:29:30.739+0000] {processor.py:161} INFO - Started process (PID=17344) to work on /usr/local/python/3.10.13/lib/python3.10/site-packages/airflow/example_dags/example_task_group.py
[2024-05-16T12:29:30.740+0000] {processor.py:830} INFO - Processing file /usr/local/python/3.10.13/lib/python3.10/site-packages/airflow/example_dags/example_task_group.py for tasks to queue
[2024-05-16T12:29:30.741+0000] {logging_mixin.py:188} INFO - [2024-05-16T12:29:30.741+0000] {dagbag.py:545} INFO - Filling up the DagBag from /usr/local/python/3.10.13/lib/python3.10/site-packages/airflow/example_dags/example_task_group.py
[2024-05-16T12:29:30.750+0000] {processor.py:840} INFO - DAG(s) 'example_task_group' retrieved from /usr/local/python/3.10.13/lib/python3.10/site-packages/airflow/example_dags/example_task_group.py
[2024-05-16T12:29:30.771+0000] {logging_mixin.py:188} INFO - [2024-05-16T12:29:30.771+0000] {dag.py:3096} INFO - Sync 1 DAGs
[2024-05-16T12:29:30.806+0000] {logging_mixin.py:188} INFO - [2024-05-16T12:29:30.806+0000] {dag.py:3954} INFO - Setting next_dagrun for example_task_group to 2024-05-15 00:00:00+00:00, run_after=2024-05-16 00:00:00+00:00
[2024-05-16T12:29:30.857+0000] {processor.py:183} INFO - Processing /usr/local/python/3.10.13/lib/python3.10/site-packages/airflow/example_dags/example_task_group.py took 0.123 seconds
[2024-05-16T12:30:13.791+0000] {processor.py:161} INFO - Started process (PID=17654) to work on /usr/local/python/3.10.13/lib/python3.10/site-packages/airflow/example_dags/example_task_group.py
[2024-05-16T12:30:13.791+0000] {processor.py:830} INFO - Processing file /usr/local/python/3.10.13/lib/python3.10/site-packages/airflow/example_dags/example_task_group.py for tasks to queue
[2024-05-16T12:30:13.793+0000] {logging_mixin.py:188} INFO - [2024-05-16T12:30:13.792+0000] {dagbag.py:545} INFO - Filling up the DagBag from /usr/local/python/3.10.13/lib/python3.10/site-packages/airflow/example_dags/example_task_group.py
[2024-05-16T12:30:13.798+0000] {processor.py:840} INFO - DAG(s) 'example_task_group' retrieved from /usr/local/python/3.10.13/lib/python3.10/site-packages/airflow/example_dags/example_task_group.py
[2024-05-16T12:30:13.811+0000] {logging_mixin.py:188} INFO - [2024-05-16T12:30:13.811+0000] {dag.py:3096} INFO - Sync 1 DAGs
[2024-05-16T12:30:13.826+0000] {logging_mixin.py:188} INFO - [2024-05-16T12:30:13.826+0000] {dag.py:3954} INFO - Setting next_dagrun for example_task_group to 2024-05-15 00:00:00+00:00, run_after=2024-05-16 00:00:00+00:00
[2024-05-16T12:30:13.879+0000] {processor.py:183} INFO - Processing /usr/local/python/3.10.13/lib/python3.10/site-packages/airflow/example_dags/example_task_group.py took 0.093 seconds
[2024-05-16T12:30:57.197+0000] {processor.py:161} INFO - Started process (PID=17968) to work on /usr/local/python/3.10.13/lib/python3.10/site-packages/airflow/example_dags/example_task_group.py
[2024-05-16T12:30:57.197+0000] {processor.py:830} INFO - Processing file /usr/local/python/3.10.13/lib/python3.10/site-packages/airflow/example_dags/example_task_group.py for tasks to queue
[2024-05-16T12:30:57.199+0000] {logging_mixin.py:188} INFO - [2024-05-16T12:30:57.199+0000] {dagbag.py:545} INFO - Filling up the DagBag from /usr/local/python/3.10.13/lib/python3.10/site-packages/airflow/example_dags/example_task_group.py
[2024-05-16T12:30:57.205+0000] {processor.py:840} INFO - DAG(s) 'example_task_group' retrieved from /usr/local/python/3.10.13/lib/python3.10/site-packages/airflow/example_dags/example_task_group.py
[2024-05-16T12:30:57.218+0000] {logging_mixin.py:188} INFO - [2024-05-16T12:30:57.217+0000] {dag.py:3096} INFO - Sync 1 DAGs
[2024-05-16T12:30:57.232+0000] {logging_mixin.py:188} INFO - [2024-05-16T12:30:57.232+0000] {dag.py:3954} INFO - Setting next_dagrun for example_task_group to 2024-05-15 00:00:00+00:00, run_after=2024-05-16 00:00:00+00:00
[2024-05-16T12:30:57.280+0000] {processor.py:183} INFO - Processing /usr/local/python/3.10.13/lib/python3.10/site-packages/airflow/example_dags/example_task_group.py took 0.088 seconds
[2024-05-16T12:31:41.943+0000] {processor.py:161} INFO - Started process (PID=18299) to work on /usr/local/python/3.10.13/lib/python3.10/site-packages/airflow/example_dags/example_task_group.py
[2024-05-16T12:31:41.943+0000] {processor.py:830} INFO - Processing file /usr/local/python/3.10.13/lib/python3.10/site-packages/airflow/example_dags/example_task_group.py for tasks to queue
[2024-05-16T12:31:41.945+0000] {logging_mixin.py:188} INFO - [2024-05-16T12:31:41.944+0000] {dagbag.py:545} INFO - Filling up the DagBag from /usr/local/python/3.10.13/lib/python3.10/site-packages/airflow/example_dags/example_task_group.py
[2024-05-16T12:31:41.950+0000] {processor.py:840} INFO - DAG(s) 'example_task_group' retrieved from /usr/local/python/3.10.13/lib/python3.10/site-packages/airflow/example_dags/example_task_group.py
[2024-05-16T12:31:41.964+0000] {logging_mixin.py:188} INFO - [2024-05-16T12:31:41.964+0000] {dag.py:3096} INFO - Sync 1 DAGs
[2024-05-16T12:31:41.979+0000] {logging_mixin.py:188} INFO - [2024-05-16T12:31:41.979+0000] {dag.py:3954} INFO - Setting next_dagrun for example_task_group to 2024-05-15 00:00:00+00:00, run_after=2024-05-16 00:00:00+00:00
[2024-05-16T12:31:42.024+0000] {processor.py:183} INFO - Processing /usr/local/python/3.10.13/lib/python3.10/site-packages/airflow/example_dags/example_task_group.py took 0.086 seconds
[2024-05-16T12:32:23.319+0000] {processor.py:161} INFO - Started process (PID=18591) to work on /usr/local/python/3.10.13/lib/python3.10/site-packages/airflow/example_dags/example_task_group.py
[2024-05-16T12:32:23.320+0000] {processor.py:830} INFO - Processing file /usr/local/python/3.10.13/lib/python3.10/site-packages/airflow/example_dags/example_task_group.py for tasks to queue
[2024-05-16T12:32:23.322+0000] {logging_mixin.py:188} INFO - [2024-05-16T12:32:23.321+0000] {dagbag.py:545} INFO - Filling up the DagBag from /usr/local/python/3.10.13/lib/python3.10/site-packages/airflow/example_dags/example_task_group.py
[2024-05-16T12:32:23.327+0000] {processor.py:840} INFO - DAG(s) 'example_task_group' retrieved from /usr/local/python/3.10.13/lib/python3.10/site-packages/airflow/example_dags/example_task_group.py
[2024-05-16T12:32:23.340+0000] {logging_mixin.py:188} INFO - [2024-05-16T12:32:23.340+0000] {dag.py:3096} INFO - Sync 1 DAGs
[2024-05-16T12:32:23.356+0000] {logging_mixin.py:188} INFO - [2024-05-16T12:32:23.356+0000] {dag.py:3954} INFO - Setting next_dagrun for example_task_group to 2024-05-15 00:00:00+00:00, run_after=2024-05-16 00:00:00+00:00
[2024-05-16T12:32:23.408+0000] {processor.py:183} INFO - Processing /usr/local/python/3.10.13/lib/python3.10/site-packages/airflow/example_dags/example_task_group.py took 0.094 seconds
[2024-05-16T12:33:03.762+0000] {processor.py:161} INFO - Started process (PID=18884) to work on /usr/local/python/3.10.13/lib/python3.10/site-packages/airflow/example_dags/example_task_group.py
[2024-05-16T12:33:03.763+0000] {processor.py:830} INFO - Processing file /usr/local/python/3.10.13/lib/python3.10/site-packages/airflow/example_dags/example_task_group.py for tasks to queue
[2024-05-16T12:33:03.765+0000] {logging_mixin.py:188} INFO - [2024-05-16T12:33:03.765+0000] {dagbag.py:545} INFO - Filling up the DagBag from /usr/local/python/3.10.13/lib/python3.10/site-packages/airflow/example_dags/example_task_group.py
[2024-05-16T12:33:03.773+0000] {processor.py:840} INFO - DAG(s) 'example_task_group' retrieved from /usr/local/python/3.10.13/lib/python3.10/site-packages/airflow/example_dags/example_task_group.py
[2024-05-16T12:33:03.791+0000] {logging_mixin.py:188} INFO - [2024-05-16T12:33:03.791+0000] {dag.py:3096} INFO - Sync 1 DAGs
[2024-05-16T12:33:03.815+0000] {logging_mixin.py:188} INFO - [2024-05-16T12:33:03.815+0000] {dag.py:3954} INFO - Setting next_dagrun for example_task_group to 2024-05-15 00:00:00+00:00, run_after=2024-05-16 00:00:00+00:00
[2024-05-16T12:33:03.877+0000] {processor.py:183} INFO - Processing /usr/local/python/3.10.13/lib/python3.10/site-packages/airflow/example_dags/example_task_group.py took 0.122 seconds
[2024-05-16T12:33:45.063+0000] {processor.py:161} INFO - Started process (PID=19187) to work on /usr/local/python/3.10.13/lib/python3.10/site-packages/airflow/example_dags/example_task_group.py
[2024-05-16T12:33:45.064+0000] {processor.py:830} INFO - Processing file /usr/local/python/3.10.13/lib/python3.10/site-packages/airflow/example_dags/example_task_group.py for tasks to queue
[2024-05-16T12:33:45.066+0000] {logging_mixin.py:188} INFO - [2024-05-16T12:33:45.066+0000] {dagbag.py:545} INFO - Filling up the DagBag from /usr/local/python/3.10.13/lib/python3.10/site-packages/airflow/example_dags/example_task_group.py
[2024-05-16T12:33:45.072+0000] {processor.py:840} INFO - DAG(s) 'example_task_group' retrieved from /usr/local/python/3.10.13/lib/python3.10/site-packages/airflow/example_dags/example_task_group.py
[2024-05-16T12:33:45.085+0000] {logging_mixin.py:188} INFO - [2024-05-16T12:33:45.085+0000] {dag.py:3096} INFO - Sync 1 DAGs
[2024-05-16T12:33:45.099+0000] {logging_mixin.py:188} INFO - [2024-05-16T12:33:45.099+0000] {dag.py:3954} INFO - Setting next_dagrun for example_task_group to 2024-05-15 00:00:00+00:00, run_after=2024-05-16 00:00:00+00:00
[2024-05-16T12:33:45.165+0000] {processor.py:183} INFO - Processing /usr/local/python/3.10.13/lib/python3.10/site-packages/airflow/example_dags/example_task_group.py took 0.107 seconds
[2024-05-16T12:34:28.782+0000] {processor.py:161} INFO - Started process (PID=19508) to work on /usr/local/python/3.10.13/lib/python3.10/site-packages/airflow/example_dags/example_task_group.py
[2024-05-16T12:34:28.783+0000] {processor.py:830} INFO - Processing file /usr/local/python/3.10.13/lib/python3.10/site-packages/airflow/example_dags/example_task_group.py for tasks to queue
[2024-05-16T12:34:28.784+0000] {logging_mixin.py:188} INFO - [2024-05-16T12:34:28.784+0000] {dagbag.py:545} INFO - Filling up the DagBag from /usr/local/python/3.10.13/lib/python3.10/site-packages/airflow/example_dags/example_task_group.py
[2024-05-16T12:34:28.790+0000] {processor.py:840} INFO - DAG(s) 'example_task_group' retrieved from /usr/local/python/3.10.13/lib/python3.10/site-packages/airflow/example_dags/example_task_group.py
[2024-05-16T12:34:28.802+0000] {logging_mixin.py:188} INFO - [2024-05-16T12:34:28.802+0000] {dag.py:3096} INFO - Sync 1 DAGs
[2024-05-16T12:34:28.817+0000] {logging_mixin.py:188} INFO - [2024-05-16T12:34:28.817+0000] {dag.py:3954} INFO - Setting next_dagrun for example_task_group to 2024-05-15 00:00:00+00:00, run_after=2024-05-16 00:00:00+00:00
[2024-05-16T12:34:28.862+0000] {processor.py:183} INFO - Processing /usr/local/python/3.10.13/lib/python3.10/site-packages/airflow/example_dags/example_task_group.py took 0.086 seconds
[2024-05-16T12:35:11.324+0000] {processor.py:161} INFO - Started process (PID=19833) to work on /usr/local/python/3.10.13/lib/python3.10/site-packages/airflow/example_dags/example_task_group.py
[2024-05-16T12:35:11.325+0000] {processor.py:830} INFO - Processing file /usr/local/python/3.10.13/lib/python3.10/site-packages/airflow/example_dags/example_task_group.py for tasks to queue
[2024-05-16T12:35:11.327+0000] {logging_mixin.py:188} INFO - [2024-05-16T12:35:11.326+0000] {dagbag.py:545} INFO - Filling up the DagBag from /usr/local/python/3.10.13/lib/python3.10/site-packages/airflow/example_dags/example_task_group.py
[2024-05-16T12:35:11.334+0000] {processor.py:840} INFO - DAG(s) 'example_task_group' retrieved from /usr/local/python/3.10.13/lib/python3.10/site-packages/airflow/example_dags/example_task_group.py
[2024-05-16T12:35:11.347+0000] {logging_mixin.py:188} INFO - [2024-05-16T12:35:11.346+0000] {dag.py:3096} INFO - Sync 1 DAGs
[2024-05-16T12:35:11.362+0000] {logging_mixin.py:188} INFO - [2024-05-16T12:35:11.361+0000] {dag.py:3954} INFO - Setting next_dagrun for example_task_group to 2024-05-15 00:00:00+00:00, run_after=2024-05-16 00:00:00+00:00
[2024-05-16T12:35:11.404+0000] {processor.py:183} INFO - Processing /usr/local/python/3.10.13/lib/python3.10/site-packages/airflow/example_dags/example_task_group.py took 0.085 seconds
[2024-05-16T12:35:54.406+0000] {processor.py:161} INFO - Started process (PID=20152) to work on /usr/local/python/3.10.13/lib/python3.10/site-packages/airflow/example_dags/example_task_group.py
[2024-05-16T12:35:54.406+0000] {processor.py:830} INFO - Processing file /usr/local/python/3.10.13/lib/python3.10/site-packages/airflow/example_dags/example_task_group.py for tasks to queue
[2024-05-16T12:35:54.408+0000] {logging_mixin.py:188} INFO - [2024-05-16T12:35:54.407+0000] {dagbag.py:545} INFO - Filling up the DagBag from /usr/local/python/3.10.13/lib/python3.10/site-packages/airflow/example_dags/example_task_group.py
[2024-05-16T12:35:54.413+0000] {processor.py:840} INFO - DAG(s) 'example_task_group' retrieved from /usr/local/python/3.10.13/lib/python3.10/site-packages/airflow/example_dags/example_task_group.py
[2024-05-16T12:35:54.427+0000] {logging_mixin.py:188} INFO - [2024-05-16T12:35:54.426+0000] {dag.py:3096} INFO - Sync 1 DAGs
[2024-05-16T12:35:54.443+0000] {logging_mixin.py:188} INFO - [2024-05-16T12:35:54.443+0000] {dag.py:3954} INFO - Setting next_dagrun for example_task_group to 2024-05-15 00:00:00+00:00, run_after=2024-05-16 00:00:00+00:00
[2024-05-16T12:35:54.490+0000] {processor.py:183} INFO - Processing /usr/local/python/3.10.13/lib/python3.10/site-packages/airflow/example_dags/example_task_group.py took 0.089 seconds
[2024-05-16T12:36:33.697+0000] {processor.py:161} INFO - Started process (PID=20440) to work on /usr/local/python/3.10.13/lib/python3.10/site-packages/airflow/example_dags/example_task_group.py
[2024-05-16T12:36:33.698+0000] {processor.py:830} INFO - Processing file /usr/local/python/3.10.13/lib/python3.10/site-packages/airflow/example_dags/example_task_group.py for tasks to queue
[2024-05-16T12:36:33.699+0000] {logging_mixin.py:188} INFO - [2024-05-16T12:36:33.699+0000] {dagbag.py:545} INFO - Filling up the DagBag from /usr/local/python/3.10.13/lib/python3.10/site-packages/airflow/example_dags/example_task_group.py
[2024-05-16T12:36:33.705+0000] {processor.py:840} INFO - DAG(s) 'example_task_group' retrieved from /usr/local/python/3.10.13/lib/python3.10/site-packages/airflow/example_dags/example_task_group.py
[2024-05-16T12:36:33.718+0000] {logging_mixin.py:188} INFO - [2024-05-16T12:36:33.718+0000] {dag.py:3096} INFO - Sync 1 DAGs
[2024-05-16T12:36:33.733+0000] {logging_mixin.py:188} INFO - [2024-05-16T12:36:33.733+0000] {dag.py:3954} INFO - Setting next_dagrun for example_task_group to 2024-05-15 00:00:00+00:00, run_after=2024-05-16 00:00:00+00:00
[2024-05-16T12:36:33.784+0000] {processor.py:183} INFO - Processing /usr/local/python/3.10.13/lib/python3.10/site-packages/airflow/example_dags/example_task_group.py took 0.092 seconds
[2024-05-16T12:37:14.998+0000] {processor.py:161} INFO - Started process (PID=20727) to work on /usr/local/python/3.10.13/lib/python3.10/site-packages/airflow/example_dags/example_task_group.py
[2024-05-16T12:37:14.999+0000] {processor.py:830} INFO - Processing file /usr/local/python/3.10.13/lib/python3.10/site-packages/airflow/example_dags/example_task_group.py for tasks to queue
[2024-05-16T12:37:15.000+0000] {logging_mixin.py:188} INFO - [2024-05-16T12:37:15.000+0000] {dagbag.py:545} INFO - Filling up the DagBag from /usr/local/python/3.10.13/lib/python3.10/site-packages/airflow/example_dags/example_task_group.py
[2024-05-16T12:37:15.006+0000] {processor.py:840} INFO - DAG(s) 'example_task_group' retrieved from /usr/local/python/3.10.13/lib/python3.10/site-packages/airflow/example_dags/example_task_group.py
[2024-05-16T12:37:15.018+0000] {logging_mixin.py:188} INFO - [2024-05-16T12:37:15.018+0000] {dag.py:3096} INFO - Sync 1 DAGs
[2024-05-16T12:37:15.033+0000] {logging_mixin.py:188} INFO - [2024-05-16T12:37:15.033+0000] {dag.py:3954} INFO - Setting next_dagrun for example_task_group to 2024-05-15 00:00:00+00:00, run_after=2024-05-16 00:00:00+00:00
[2024-05-16T12:37:15.075+0000] {processor.py:183} INFO - Processing /usr/local/python/3.10.13/lib/python3.10/site-packages/airflow/example_dags/example_task_group.py took 0.082 seconds
[2024-05-16T12:37:56.470+0000] {processor.py:161} INFO - Started process (PID=21022) to work on /usr/local/python/3.10.13/lib/python3.10/site-packages/airflow/example_dags/example_task_group.py
[2024-05-16T12:37:56.471+0000] {processor.py:830} INFO - Processing file /usr/local/python/3.10.13/lib/python3.10/site-packages/airflow/example_dags/example_task_group.py for tasks to queue
[2024-05-16T12:37:56.473+0000] {logging_mixin.py:188} INFO - [2024-05-16T12:37:56.472+0000] {dagbag.py:545} INFO - Filling up the DagBag from /usr/local/python/3.10.13/lib/python3.10/site-packages/airflow/example_dags/example_task_group.py
[2024-05-16T12:37:56.479+0000] {processor.py:840} INFO - DAG(s) 'example_task_group' retrieved from /usr/local/python/3.10.13/lib/python3.10/site-packages/airflow/example_dags/example_task_group.py
[2024-05-16T12:37:56.492+0000] {logging_mixin.py:188} INFO - [2024-05-16T12:37:56.491+0000] {dag.py:3096} INFO - Sync 1 DAGs
[2024-05-16T12:37:56.508+0000] {logging_mixin.py:188} INFO - [2024-05-16T12:37:56.508+0000] {dag.py:3954} INFO - Setting next_dagrun for example_task_group to 2024-05-15 00:00:00+00:00, run_after=2024-05-16 00:00:00+00:00
[2024-05-16T12:37:56.558+0000] {processor.py:183} INFO - Processing /usr/local/python/3.10.13/lib/python3.10/site-packages/airflow/example_dags/example_task_group.py took 0.092 seconds
[2024-05-16T12:38:35.483+0000] {processor.py:161} INFO - Started process (PID=21298) to work on /usr/local/python/3.10.13/lib/python3.10/site-packages/airflow/example_dags/example_task_group.py
[2024-05-16T12:38:35.484+0000] {processor.py:830} INFO - Processing file /usr/local/python/3.10.13/lib/python3.10/site-packages/airflow/example_dags/example_task_group.py for tasks to queue
[2024-05-16T12:38:35.485+0000] {logging_mixin.py:188} INFO - [2024-05-16T12:38:35.485+0000] {dagbag.py:545} INFO - Filling up the DagBag from /usr/local/python/3.10.13/lib/python3.10/site-packages/airflow/example_dags/example_task_group.py
[2024-05-16T12:38:35.491+0000] {processor.py:840} INFO - DAG(s) 'example_task_group' retrieved from /usr/local/python/3.10.13/lib/python3.10/site-packages/airflow/example_dags/example_task_group.py
[2024-05-16T12:38:35.503+0000] {logging_mixin.py:188} INFO - [2024-05-16T12:38:35.503+0000] {dag.py:3096} INFO - Sync 1 DAGs
[2024-05-16T12:38:35.519+0000] {logging_mixin.py:188} INFO - [2024-05-16T12:38:35.518+0000] {dag.py:3954} INFO - Setting next_dagrun for example_task_group to 2024-05-15 00:00:00+00:00, run_after=2024-05-16 00:00:00+00:00
[2024-05-16T12:38:35.582+0000] {processor.py:183} INFO - Processing /usr/local/python/3.10.13/lib/python3.10/site-packages/airflow/example_dags/example_task_group.py took 0.104 seconds
[2024-05-16T12:39:17.288+0000] {processor.py:161} INFO - Started process (PID=21595) to work on /usr/local/python/3.10.13/lib/python3.10/site-packages/airflow/example_dags/example_task_group.py
[2024-05-16T12:39:17.289+0000] {processor.py:830} INFO - Processing file /usr/local/python/3.10.13/lib/python3.10/site-packages/airflow/example_dags/example_task_group.py for tasks to queue
[2024-05-16T12:39:17.291+0000] {logging_mixin.py:188} INFO - [2024-05-16T12:39:17.290+0000] {dagbag.py:545} INFO - Filling up the DagBag from /usr/local/python/3.10.13/lib/python3.10/site-packages/airflow/example_dags/example_task_group.py
[2024-05-16T12:39:17.296+0000] {processor.py:840} INFO - DAG(s) 'example_task_group' retrieved from /usr/local/python/3.10.13/lib/python3.10/site-packages/airflow/example_dags/example_task_group.py
[2024-05-16T12:39:17.310+0000] {logging_mixin.py:188} INFO - [2024-05-16T12:39:17.310+0000] {dag.py:3096} INFO - Sync 1 DAGs
[2024-05-16T12:39:17.325+0000] {logging_mixin.py:188} INFO - [2024-05-16T12:39:17.325+0000] {dag.py:3954} INFO - Setting next_dagrun for example_task_group to 2024-05-15 00:00:00+00:00, run_after=2024-05-16 00:00:00+00:00
[2024-05-16T12:39:17.368+0000] {processor.py:183} INFO - Processing /usr/local/python/3.10.13/lib/python3.10/site-packages/airflow/example_dags/example_task_group.py took 0.085 seconds
[2024-05-16T12:40:01.628+0000] {processor.py:161} INFO - Started process (PID=21913) to work on /usr/local/python/3.10.13/lib/python3.10/site-packages/airflow/example_dags/example_task_group.py
[2024-05-16T12:40:01.628+0000] {processor.py:830} INFO - Processing file /usr/local/python/3.10.13/lib/python3.10/site-packages/airflow/example_dags/example_task_group.py for tasks to queue
[2024-05-16T12:40:01.630+0000] {logging_mixin.py:188} INFO - [2024-05-16T12:40:01.630+0000] {dagbag.py:545} INFO - Filling up the DagBag from /usr/local/python/3.10.13/lib/python3.10/site-packages/airflow/example_dags/example_task_group.py
[2024-05-16T12:40:01.635+0000] {processor.py:840} INFO - DAG(s) 'example_task_group' retrieved from /usr/local/python/3.10.13/lib/python3.10/site-packages/airflow/example_dags/example_task_group.py
[2024-05-16T12:40:01.648+0000] {logging_mixin.py:188} INFO - [2024-05-16T12:40:01.648+0000] {dag.py:3096} INFO - Sync 1 DAGs
[2024-05-16T12:40:01.662+0000] {logging_mixin.py:188} INFO - [2024-05-16T12:40:01.662+0000] {dag.py:3954} INFO - Setting next_dagrun for example_task_group to 2024-05-15 00:00:00+00:00, run_after=2024-05-16 00:00:00+00:00
[2024-05-16T12:40:01.708+0000] {processor.py:183} INFO - Processing /usr/local/python/3.10.13/lib/python3.10/site-packages/airflow/example_dags/example_task_group.py took 0.085 seconds
[2024-05-16T12:40:44.047+0000] {processor.py:161} INFO - Started process (PID=22217) to work on /usr/local/python/3.10.13/lib/python3.10/site-packages/airflow/example_dags/example_task_group.py
[2024-05-16T12:40:44.047+0000] {processor.py:830} INFO - Processing file /usr/local/python/3.10.13/lib/python3.10/site-packages/airflow/example_dags/example_task_group.py for tasks to queue
[2024-05-16T12:40:44.049+0000] {logging_mixin.py:188} INFO - [2024-05-16T12:40:44.048+0000] {dagbag.py:545} INFO - Filling up the DagBag from /usr/local/python/3.10.13/lib/python3.10/site-packages/airflow/example_dags/example_task_group.py
[2024-05-16T12:40:44.054+0000] {processor.py:840} INFO - DAG(s) 'example_task_group' retrieved from /usr/local/python/3.10.13/lib/python3.10/site-packages/airflow/example_dags/example_task_group.py
[2024-05-16T12:40:44.067+0000] {logging_mixin.py:188} INFO - [2024-05-16T12:40:44.067+0000] {dag.py:3096} INFO - Sync 1 DAGs
[2024-05-16T12:40:44.082+0000] {logging_mixin.py:188} INFO - [2024-05-16T12:40:44.082+0000] {dag.py:3954} INFO - Setting next_dagrun for example_task_group to 2024-05-15 00:00:00+00:00, run_after=2024-05-16 00:00:00+00:00
[2024-05-16T12:40:44.129+0000] {processor.py:183} INFO - Processing /usr/local/python/3.10.13/lib/python3.10/site-packages/airflow/example_dags/example_task_group.py took 0.087 seconds
[2024-05-16T12:41:25.181+0000] {processor.py:161} INFO - Started process (PID=22500) to work on /usr/local/python/3.10.13/lib/python3.10/site-packages/airflow/example_dags/example_task_group.py
[2024-05-16T12:41:25.182+0000] {processor.py:830} INFO - Processing file /usr/local/python/3.10.13/lib/python3.10/site-packages/airflow/example_dags/example_task_group.py for tasks to queue
[2024-05-16T12:41:25.184+0000] {logging_mixin.py:188} INFO - [2024-05-16T12:41:25.183+0000] {dagbag.py:545} INFO - Filling up the DagBag from /usr/local/python/3.10.13/lib/python3.10/site-packages/airflow/example_dags/example_task_group.py
[2024-05-16T12:41:25.189+0000] {processor.py:840} INFO - DAG(s) 'example_task_group' retrieved from /usr/local/python/3.10.13/lib/python3.10/site-packages/airflow/example_dags/example_task_group.py
[2024-05-16T12:41:25.202+0000] {logging_mixin.py:188} INFO - [2024-05-16T12:41:25.202+0000] {dag.py:3096} INFO - Sync 1 DAGs
[2024-05-16T12:41:25.217+0000] {logging_mixin.py:188} INFO - [2024-05-16T12:41:25.216+0000] {dag.py:3954} INFO - Setting next_dagrun for example_task_group to 2024-05-15 00:00:00+00:00, run_after=2024-05-16 00:00:00+00:00
[2024-05-16T12:41:25.262+0000] {processor.py:183} INFO - Processing /usr/local/python/3.10.13/lib/python3.10/site-packages/airflow/example_dags/example_task_group.py took 0.085 seconds
[2024-05-16T12:42:07.348+0000] {processor.py:161} INFO - Started process (PID=22814) to work on /usr/local/python/3.10.13/lib/python3.10/site-packages/airflow/example_dags/example_task_group.py
[2024-05-16T12:42:07.349+0000] {processor.py:830} INFO - Processing file /usr/local/python/3.10.13/lib/python3.10/site-packages/airflow/example_dags/example_task_group.py for tasks to queue
[2024-05-16T12:42:07.350+0000] {logging_mixin.py:188} INFO - [2024-05-16T12:42:07.350+0000] {dagbag.py:545} INFO - Filling up the DagBag from /usr/local/python/3.10.13/lib/python3.10/site-packages/airflow/example_dags/example_task_group.py
[2024-05-16T12:42:07.356+0000] {processor.py:840} INFO - DAG(s) 'example_task_group' retrieved from /usr/local/python/3.10.13/lib/python3.10/site-packages/airflow/example_dags/example_task_group.py
[2024-05-16T12:42:07.368+0000] {logging_mixin.py:188} INFO - [2024-05-16T12:42:07.368+0000] {dag.py:3096} INFO - Sync 1 DAGs
[2024-05-16T12:42:07.383+0000] {logging_mixin.py:188} INFO - [2024-05-16T12:42:07.383+0000] {dag.py:3954} INFO - Setting next_dagrun for example_task_group to 2024-05-15 00:00:00+00:00, run_after=2024-05-16 00:00:00+00:00
[2024-05-16T12:42:07.436+0000] {processor.py:183} INFO - Processing /usr/local/python/3.10.13/lib/python3.10/site-packages/airflow/example_dags/example_task_group.py took 0.093 seconds
[2024-05-16T12:42:50.127+0000] {processor.py:161} INFO - Started process (PID=23121) to work on /usr/local/python/3.10.13/lib/python3.10/site-packages/airflow/example_dags/example_task_group.py
[2024-05-16T12:42:50.127+0000] {processor.py:830} INFO - Processing file /usr/local/python/3.10.13/lib/python3.10/site-packages/airflow/example_dags/example_task_group.py for tasks to queue
[2024-05-16T12:42:50.129+0000] {logging_mixin.py:188} INFO - [2024-05-16T12:42:50.128+0000] {dagbag.py:545} INFO - Filling up the DagBag from /usr/local/python/3.10.13/lib/python3.10/site-packages/airflow/example_dags/example_task_group.py
[2024-05-16T12:42:50.135+0000] {processor.py:840} INFO - DAG(s) 'example_task_group' retrieved from /usr/local/python/3.10.13/lib/python3.10/site-packages/airflow/example_dags/example_task_group.py
[2024-05-16T12:42:50.147+0000] {logging_mixin.py:188} INFO - [2024-05-16T12:42:50.147+0000] {dag.py:3096} INFO - Sync 1 DAGs
[2024-05-16T12:42:50.162+0000] {logging_mixin.py:188} INFO - [2024-05-16T12:42:50.162+0000] {dag.py:3954} INFO - Setting next_dagrun for example_task_group to 2024-05-15 00:00:00+00:00, run_after=2024-05-16 00:00:00+00:00
[2024-05-16T12:42:50.211+0000] {processor.py:183} INFO - Processing /usr/local/python/3.10.13/lib/python3.10/site-packages/airflow/example_dags/example_task_group.py took 0.090 seconds
[2024-05-16T12:43:31.004+0000] {processor.py:161} INFO - Started process (PID=23422) to work on /usr/local/python/3.10.13/lib/python3.10/site-packages/airflow/example_dags/example_task_group.py
[2024-05-16T12:43:31.005+0000] {processor.py:830} INFO - Processing file /usr/local/python/3.10.13/lib/python3.10/site-packages/airflow/example_dags/example_task_group.py for tasks to queue
[2024-05-16T12:43:31.006+0000] {logging_mixin.py:188} INFO - [2024-05-16T12:43:31.006+0000] {dagbag.py:545} INFO - Filling up the DagBag from /usr/local/python/3.10.13/lib/python3.10/site-packages/airflow/example_dags/example_task_group.py
[2024-05-16T12:43:31.013+0000] {processor.py:840} INFO - DAG(s) 'example_task_group' retrieved from /usr/local/python/3.10.13/lib/python3.10/site-packages/airflow/example_dags/example_task_group.py
[2024-05-16T12:43:31.032+0000] {logging_mixin.py:188} INFO - [2024-05-16T12:43:31.032+0000] {dag.py:3096} INFO - Sync 1 DAGs
[2024-05-16T12:43:31.056+0000] {logging_mixin.py:188} INFO - [2024-05-16T12:43:31.056+0000] {dag.py:3954} INFO - Setting next_dagrun for example_task_group to 2024-05-15 00:00:00+00:00, run_after=2024-05-16 00:00:00+00:00
[2024-05-16T12:43:31.112+0000] {processor.py:183} INFO - Processing /usr/local/python/3.10.13/lib/python3.10/site-packages/airflow/example_dags/example_task_group.py took 0.112 seconds
[2024-05-16T12:44:14.429+0000] {processor.py:161} INFO - Started process (PID=23751) to work on /usr/local/python/3.10.13/lib/python3.10/site-packages/airflow/example_dags/example_task_group.py
[2024-05-16T12:44:14.429+0000] {processor.py:830} INFO - Processing file /usr/local/python/3.10.13/lib/python3.10/site-packages/airflow/example_dags/example_task_group.py for tasks to queue
[2024-05-16T12:44:14.431+0000] {logging_mixin.py:188} INFO - [2024-05-16T12:44:14.430+0000] {dagbag.py:545} INFO - Filling up the DagBag from /usr/local/python/3.10.13/lib/python3.10/site-packages/airflow/example_dags/example_task_group.py
[2024-05-16T12:44:14.436+0000] {processor.py:840} INFO - DAG(s) 'example_task_group' retrieved from /usr/local/python/3.10.13/lib/python3.10/site-packages/airflow/example_dags/example_task_group.py
[2024-05-16T12:44:14.449+0000] {logging_mixin.py:188} INFO - [2024-05-16T12:44:14.449+0000] {dag.py:3096} INFO - Sync 1 DAGs
[2024-05-16T12:44:14.465+0000] {logging_mixin.py:188} INFO - [2024-05-16T12:44:14.465+0000] {dag.py:3954} INFO - Setting next_dagrun for example_task_group to 2024-05-15 00:00:00+00:00, run_after=2024-05-16 00:00:00+00:00
[2024-05-16T12:44:14.512+0000] {processor.py:183} INFO - Processing /usr/local/python/3.10.13/lib/python3.10/site-packages/airflow/example_dags/example_task_group.py took 0.088 seconds
[2024-05-16T12:44:57.184+0000] {processor.py:161} INFO - Started process (PID=24057) to work on /usr/local/python/3.10.13/lib/python3.10/site-packages/airflow/example_dags/example_task_group.py
[2024-05-16T12:44:57.185+0000] {processor.py:830} INFO - Processing file /usr/local/python/3.10.13/lib/python3.10/site-packages/airflow/example_dags/example_task_group.py for tasks to queue
[2024-05-16T12:44:57.186+0000] {logging_mixin.py:188} INFO - [2024-05-16T12:44:57.186+0000] {dagbag.py:545} INFO - Filling up the DagBag from /usr/local/python/3.10.13/lib/python3.10/site-packages/airflow/example_dags/example_task_group.py
[2024-05-16T12:44:57.192+0000] {processor.py:840} INFO - DAG(s) 'example_task_group' retrieved from /usr/local/python/3.10.13/lib/python3.10/site-packages/airflow/example_dags/example_task_group.py
[2024-05-16T12:44:57.205+0000] {logging_mixin.py:188} INFO - [2024-05-16T12:44:57.205+0000] {dag.py:3096} INFO - Sync 1 DAGs
[2024-05-16T12:44:57.219+0000] {logging_mixin.py:188} INFO - [2024-05-16T12:44:57.219+0000] {dag.py:3954} INFO - Setting next_dagrun for example_task_group to 2024-05-15 00:00:00+00:00, run_after=2024-05-16 00:00:00+00:00
[2024-05-16T12:44:57.264+0000] {processor.py:183} INFO - Processing /usr/local/python/3.10.13/lib/python3.10/site-packages/airflow/example_dags/example_task_group.py took 0.084 seconds
