[2024-05-16T12:06:32.213+0000] {processor.py:161} INFO - Started process (PID=7457) to work on /usr/local/python/3.10.13/lib/python3.10/site-packages/airflow/example_dags/example_xcomargs.py
[2024-05-16T12:06:32.214+0000] {processor.py:830} INFO - Processing file /usr/local/python/3.10.13/lib/python3.10/site-packages/airflow/example_dags/example_xcomargs.py for tasks to queue
[2024-05-16T12:06:32.215+0000] {logging_mixin.py:188} INFO - [2024-05-16T12:06:32.215+0000] {dagbag.py:545} INFO - Filling up the DagBag from /usr/local/python/3.10.13/lib/python3.10/site-packages/airflow/example_dags/example_xcomargs.py
[2024-05-16T12:06:32.222+0000] {processor.py:840} INFO - DAG(s) 'example_xcom_args_with_operators', 'example_xcom_args' retrieved from /usr/local/python/3.10.13/lib/python3.10/site-packages/airflow/example_dags/example_xcomargs.py
[2024-05-16T12:06:32.377+0000] {logging_mixin.py:188} INFO - [2024-05-16T12:06:32.377+0000] {dag.py:3096} INFO - Sync 2 DAGs
[2024-05-16T12:06:32.385+0000] {logging_mixin.py:188} INFO - [2024-05-16T12:06:32.385+0000] {dag.py:3954} INFO - Setting next_dagrun for example_xcom_args to None, run_after=None
[2024-05-16T12:06:32.387+0000] {logging_mixin.py:188} INFO - [2024-05-16T12:06:32.387+0000] {dag.py:3954} INFO - Setting next_dagrun for example_xcom_args_with_operators to None, run_after=None
[2024-05-16T12:06:32.433+0000] {processor.py:183} INFO - Processing /usr/local/python/3.10.13/lib/python3.10/site-packages/airflow/example_dags/example_xcomargs.py took 0.224 seconds
[2024-05-16T12:07:28.812+0000] {processor.py:161} INFO - Started process (PID=7828) to work on /usr/local/python/3.10.13/lib/python3.10/site-packages/airflow/example_dags/example_xcomargs.py
[2024-05-16T12:07:28.813+0000] {processor.py:830} INFO - Processing file /usr/local/python/3.10.13/lib/python3.10/site-packages/airflow/example_dags/example_xcomargs.py for tasks to queue
[2024-05-16T12:07:28.814+0000] {logging_mixin.py:188} INFO - [2024-05-16T12:07:28.814+0000] {dagbag.py:545} INFO - Filling up the DagBag from /usr/local/python/3.10.13/lib/python3.10/site-packages/airflow/example_dags/example_xcomargs.py
[2024-05-16T12:07:28.820+0000] {processor.py:840} INFO - DAG(s) 'example_xcom_args_with_operators', 'example_xcom_args' retrieved from /usr/local/python/3.10.13/lib/python3.10/site-packages/airflow/example_dags/example_xcomargs.py
[2024-05-16T12:07:28.834+0000] {logging_mixin.py:188} INFO - [2024-05-16T12:07:28.834+0000] {dag.py:3096} INFO - Sync 2 DAGs
[2024-05-16T12:07:28.843+0000] {logging_mixin.py:188} INFO - [2024-05-16T12:07:28.843+0000] {dag.py:3954} INFO - Setting next_dagrun for example_xcom_args to None, run_after=None
[2024-05-16T12:07:28.846+0000] {logging_mixin.py:188} INFO - [2024-05-16T12:07:28.845+0000] {dag.py:3954} INFO - Setting next_dagrun for example_xcom_args_with_operators to None, run_after=None
[2024-05-16T12:07:28.891+0000] {processor.py:183} INFO - Processing /usr/local/python/3.10.13/lib/python3.10/site-packages/airflow/example_dags/example_xcomargs.py took 0.084 seconds
[2024-05-16T12:08:18.649+0000] {processor.py:161} INFO - Started process (PID=8170) to work on /usr/local/python/3.10.13/lib/python3.10/site-packages/airflow/example_dags/example_xcomargs.py
[2024-05-16T12:08:18.650+0000] {processor.py:830} INFO - Processing file /usr/local/python/3.10.13/lib/python3.10/site-packages/airflow/example_dags/example_xcomargs.py for tasks to queue
[2024-05-16T12:08:18.651+0000] {logging_mixin.py:188} INFO - [2024-05-16T12:08:18.651+0000] {dagbag.py:545} INFO - Filling up the DagBag from /usr/local/python/3.10.13/lib/python3.10/site-packages/airflow/example_dags/example_xcomargs.py
[2024-05-16T12:08:18.658+0000] {processor.py:840} INFO - DAG(s) 'example_xcom_args', 'example_xcom_args_with_operators' retrieved from /usr/local/python/3.10.13/lib/python3.10/site-packages/airflow/example_dags/example_xcomargs.py
[2024-05-16T12:08:18.671+0000] {logging_mixin.py:188} INFO - [2024-05-16T12:08:18.671+0000] {dag.py:3096} INFO - Sync 2 DAGs
[2024-05-16T12:08:18.679+0000] {logging_mixin.py:188} INFO - [2024-05-16T12:08:18.679+0000] {dag.py:3954} INFO - Setting next_dagrun for example_xcom_args to None, run_after=None
[2024-05-16T12:08:18.682+0000] {logging_mixin.py:188} INFO - [2024-05-16T12:08:18.682+0000] {dag.py:3954} INFO - Setting next_dagrun for example_xcom_args_with_operators to None, run_after=None
[2024-05-16T12:08:18.726+0000] {processor.py:183} INFO - Processing /usr/local/python/3.10.13/lib/python3.10/site-packages/airflow/example_dags/example_xcomargs.py took 0.081 seconds
[2024-05-16T12:09:07.813+0000] {processor.py:161} INFO - Started process (PID=8535) to work on /usr/local/python/3.10.13/lib/python3.10/site-packages/airflow/example_dags/example_xcomargs.py
[2024-05-16T12:09:07.814+0000] {processor.py:830} INFO - Processing file /usr/local/python/3.10.13/lib/python3.10/site-packages/airflow/example_dags/example_xcomargs.py for tasks to queue
[2024-05-16T12:09:07.816+0000] {logging_mixin.py:188} INFO - [2024-05-16T12:09:07.815+0000] {dagbag.py:545} INFO - Filling up the DagBag from /usr/local/python/3.10.13/lib/python3.10/site-packages/airflow/example_dags/example_xcomargs.py
[2024-05-16T12:09:07.825+0000] {processor.py:840} INFO - DAG(s) 'example_xcom_args', 'example_xcom_args_with_operators' retrieved from /usr/local/python/3.10.13/lib/python3.10/site-packages/airflow/example_dags/example_xcomargs.py
[2024-05-16T12:09:07.854+0000] {logging_mixin.py:188} INFO - [2024-05-16T12:09:07.854+0000] {dag.py:3096} INFO - Sync 2 DAGs
[2024-05-16T12:09:07.872+0000] {logging_mixin.py:188} INFO - [2024-05-16T12:09:07.872+0000] {dag.py:3954} INFO - Setting next_dagrun for example_xcom_args to None, run_after=None
[2024-05-16T12:09:07.876+0000] {logging_mixin.py:188} INFO - [2024-05-16T12:09:07.876+0000] {dag.py:3954} INFO - Setting next_dagrun for example_xcom_args_with_operators to None, run_after=None
[2024-05-16T12:09:07.928+0000] {processor.py:183} INFO - Processing /usr/local/python/3.10.13/lib/python3.10/site-packages/airflow/example_dags/example_xcomargs.py took 0.121 seconds
[2024-05-16T12:09:53.116+0000] {processor.py:161} INFO - Started process (PID=8855) to work on /usr/local/python/3.10.13/lib/python3.10/site-packages/airflow/example_dags/example_xcomargs.py
[2024-05-16T12:09:53.116+0000] {processor.py:830} INFO - Processing file /usr/local/python/3.10.13/lib/python3.10/site-packages/airflow/example_dags/example_xcomargs.py for tasks to queue
[2024-05-16T12:09:53.118+0000] {logging_mixin.py:188} INFO - [2024-05-16T12:09:53.118+0000] {dagbag.py:545} INFO - Filling up the DagBag from /usr/local/python/3.10.13/lib/python3.10/site-packages/airflow/example_dags/example_xcomargs.py
[2024-05-16T12:09:53.124+0000] {processor.py:840} INFO - DAG(s) 'example_xcom_args_with_operators', 'example_xcom_args' retrieved from /usr/local/python/3.10.13/lib/python3.10/site-packages/airflow/example_dags/example_xcomargs.py
[2024-05-16T12:09:53.138+0000] {logging_mixin.py:188} INFO - [2024-05-16T12:09:53.138+0000] {dag.py:3096} INFO - Sync 2 DAGs
[2024-05-16T12:09:53.147+0000] {logging_mixin.py:188} INFO - [2024-05-16T12:09:53.147+0000] {dag.py:3954} INFO - Setting next_dagrun for example_xcom_args to None, run_after=None
[2024-05-16T12:09:53.149+0000] {logging_mixin.py:188} INFO - [2024-05-16T12:09:53.149+0000] {dag.py:3954} INFO - Setting next_dagrun for example_xcom_args_with_operators to None, run_after=None
[2024-05-16T12:09:53.194+0000] {processor.py:183} INFO - Processing /usr/local/python/3.10.13/lib/python3.10/site-packages/airflow/example_dags/example_xcomargs.py took 0.084 seconds
[2024-05-16T12:10:36.531+0000] {processor.py:161} INFO - Started process (PID=9167) to work on /usr/local/python/3.10.13/lib/python3.10/site-packages/airflow/example_dags/example_xcomargs.py
[2024-05-16T12:10:36.532+0000] {processor.py:830} INFO - Processing file /usr/local/python/3.10.13/lib/python3.10/site-packages/airflow/example_dags/example_xcomargs.py for tasks to queue
[2024-05-16T12:10:36.534+0000] {logging_mixin.py:188} INFO - [2024-05-16T12:10:36.533+0000] {dagbag.py:545} INFO - Filling up the DagBag from /usr/local/python/3.10.13/lib/python3.10/site-packages/airflow/example_dags/example_xcomargs.py
[2024-05-16T12:10:36.540+0000] {processor.py:840} INFO - DAG(s) 'example_xcom_args', 'example_xcom_args_with_operators' retrieved from /usr/local/python/3.10.13/lib/python3.10/site-packages/airflow/example_dags/example_xcomargs.py
[2024-05-16T12:10:36.553+0000] {logging_mixin.py:188} INFO - [2024-05-16T12:10:36.553+0000] {dag.py:3096} INFO - Sync 2 DAGs
[2024-05-16T12:10:36.562+0000] {logging_mixin.py:188} INFO - [2024-05-16T12:10:36.562+0000] {dag.py:3954} INFO - Setting next_dagrun for example_xcom_args to None, run_after=None
[2024-05-16T12:10:36.565+0000] {logging_mixin.py:188} INFO - [2024-05-16T12:10:36.565+0000] {dag.py:3954} INFO - Setting next_dagrun for example_xcom_args_with_operators to None, run_after=None
[2024-05-16T12:10:36.616+0000] {processor.py:183} INFO - Processing /usr/local/python/3.10.13/lib/python3.10/site-packages/airflow/example_dags/example_xcomargs.py took 0.090 seconds
[2024-05-16T12:11:18.726+0000] {processor.py:161} INFO - Started process (PID=9462) to work on /usr/local/python/3.10.13/lib/python3.10/site-packages/airflow/example_dags/example_xcomargs.py
[2024-05-16T12:11:18.726+0000] {processor.py:830} INFO - Processing file /usr/local/python/3.10.13/lib/python3.10/site-packages/airflow/example_dags/example_xcomargs.py for tasks to queue
[2024-05-16T12:11:18.728+0000] {logging_mixin.py:188} INFO - [2024-05-16T12:11:18.727+0000] {dagbag.py:545} INFO - Filling up the DagBag from /usr/local/python/3.10.13/lib/python3.10/site-packages/airflow/example_dags/example_xcomargs.py
[2024-05-16T12:11:18.734+0000] {processor.py:840} INFO - DAG(s) 'example_xcom_args', 'example_xcom_args_with_operators' retrieved from /usr/local/python/3.10.13/lib/python3.10/site-packages/airflow/example_dags/example_xcomargs.py
[2024-05-16T12:11:18.747+0000] {logging_mixin.py:188} INFO - [2024-05-16T12:11:18.747+0000] {dag.py:3096} INFO - Sync 2 DAGs
[2024-05-16T12:11:18.756+0000] {logging_mixin.py:188} INFO - [2024-05-16T12:11:18.756+0000] {dag.py:3954} INFO - Setting next_dagrun for example_xcom_args to None, run_after=None
[2024-05-16T12:11:18.759+0000] {logging_mixin.py:188} INFO - [2024-05-16T12:11:18.759+0000] {dag.py:3954} INFO - Setting next_dagrun for example_xcom_args_with_operators to None, run_after=None
[2024-05-16T12:11:18.802+0000] {processor.py:183} INFO - Processing /usr/local/python/3.10.13/lib/python3.10/site-packages/airflow/example_dags/example_xcomargs.py took 0.081 seconds
[2024-05-16T12:12:19.660+0000] {processor.py:161} INFO - Started process (PID=9880) to work on /usr/local/python/3.10.13/lib/python3.10/site-packages/airflow/example_dags/example_xcomargs.py
[2024-05-16T12:12:19.661+0000] {processor.py:830} INFO - Processing file /usr/local/python/3.10.13/lib/python3.10/site-packages/airflow/example_dags/example_xcomargs.py for tasks to queue
[2024-05-16T12:12:19.662+0000] {logging_mixin.py:188} INFO - [2024-05-16T12:12:19.662+0000] {dagbag.py:545} INFO - Filling up the DagBag from /usr/local/python/3.10.13/lib/python3.10/site-packages/airflow/example_dags/example_xcomargs.py
[2024-05-16T12:12:19.669+0000] {processor.py:840} INFO - DAG(s) 'example_xcom_args', 'example_xcom_args_with_operators' retrieved from /usr/local/python/3.10.13/lib/python3.10/site-packages/airflow/example_dags/example_xcomargs.py
[2024-05-16T12:12:19.682+0000] {logging_mixin.py:188} INFO - [2024-05-16T12:12:19.682+0000] {dag.py:3096} INFO - Sync 2 DAGs
[2024-05-16T12:12:19.691+0000] {logging_mixin.py:188} INFO - [2024-05-16T12:12:19.691+0000] {dag.py:3954} INFO - Setting next_dagrun for example_xcom_args to None, run_after=None
[2024-05-16T12:12:19.693+0000] {logging_mixin.py:188} INFO - [2024-05-16T12:12:19.693+0000] {dag.py:3954} INFO - Setting next_dagrun for example_xcom_args_with_operators to None, run_after=None
[2024-05-16T12:12:19.736+0000] {processor.py:183} INFO - Processing /usr/local/python/3.10.13/lib/python3.10/site-packages/airflow/example_dags/example_xcomargs.py took 0.081 seconds
[2024-05-16T12:13:02.571+0000] {processor.py:161} INFO - Started process (PID=10175) to work on /usr/local/python/3.10.13/lib/python3.10/site-packages/airflow/example_dags/example_xcomargs.py
[2024-05-16T12:13:02.572+0000] {processor.py:830} INFO - Processing file /usr/local/python/3.10.13/lib/python3.10/site-packages/airflow/example_dags/example_xcomargs.py for tasks to queue
[2024-05-16T12:13:02.574+0000] {logging_mixin.py:188} INFO - [2024-05-16T12:13:02.573+0000] {dagbag.py:545} INFO - Filling up the DagBag from /usr/local/python/3.10.13/lib/python3.10/site-packages/airflow/example_dags/example_xcomargs.py
[2024-05-16T12:13:02.584+0000] {processor.py:840} INFO - DAG(s) 'example_xcom_args_with_operators', 'example_xcom_args' retrieved from /usr/local/python/3.10.13/lib/python3.10/site-packages/airflow/example_dags/example_xcomargs.py
[2024-05-16T12:13:02.602+0000] {logging_mixin.py:188} INFO - [2024-05-16T12:13:02.601+0000] {dag.py:3096} INFO - Sync 2 DAGs
[2024-05-16T12:13:02.611+0000] {logging_mixin.py:188} INFO - [2024-05-16T12:13:02.611+0000] {dag.py:3954} INFO - Setting next_dagrun for example_xcom_args to None, run_after=None
[2024-05-16T12:13:02.613+0000] {logging_mixin.py:188} INFO - [2024-05-16T12:13:02.613+0000] {dag.py:3954} INFO - Setting next_dagrun for example_xcom_args_with_operators to None, run_after=None
[2024-05-16T12:13:02.659+0000] {processor.py:183} INFO - Processing /usr/local/python/3.10.13/lib/python3.10/site-packages/airflow/example_dags/example_xcomargs.py took 0.094 seconds
[2024-05-16T12:14:04.453+0000] {processor.py:161} INFO - Started process (PID=10595) to work on /usr/local/python/3.10.13/lib/python3.10/site-packages/airflow/example_dags/example_xcomargs.py
[2024-05-16T12:14:04.454+0000] {processor.py:830} INFO - Processing file /usr/local/python/3.10.13/lib/python3.10/site-packages/airflow/example_dags/example_xcomargs.py for tasks to queue
[2024-05-16T12:14:04.456+0000] {logging_mixin.py:188} INFO - [2024-05-16T12:14:04.455+0000] {dagbag.py:545} INFO - Filling up the DagBag from /usr/local/python/3.10.13/lib/python3.10/site-packages/airflow/example_dags/example_xcomargs.py
[2024-05-16T12:14:04.462+0000] {processor.py:840} INFO - DAG(s) 'example_xcom_args_with_operators', 'example_xcom_args' retrieved from /usr/local/python/3.10.13/lib/python3.10/site-packages/airflow/example_dags/example_xcomargs.py
[2024-05-16T12:14:04.475+0000] {logging_mixin.py:188} INFO - [2024-05-16T12:14:04.475+0000] {dag.py:3096} INFO - Sync 2 DAGs
[2024-05-16T12:14:04.485+0000] {logging_mixin.py:188} INFO - [2024-05-16T12:14:04.484+0000] {dag.py:3954} INFO - Setting next_dagrun for example_xcom_args to None, run_after=None
[2024-05-16T12:14:04.488+0000] {logging_mixin.py:188} INFO - [2024-05-16T12:14:04.488+0000] {dag.py:3954} INFO - Setting next_dagrun for example_xcom_args_with_operators to None, run_after=None
[2024-05-16T12:14:04.538+0000] {processor.py:183} INFO - Processing /usr/local/python/3.10.13/lib/python3.10/site-packages/airflow/example_dags/example_xcomargs.py took 0.089 seconds
[2024-05-16T12:14:46.090+0000] {processor.py:161} INFO - Started process (PID=10884) to work on /usr/local/python/3.10.13/lib/python3.10/site-packages/airflow/example_dags/example_xcomargs.py
[2024-05-16T12:14:46.091+0000] {processor.py:830} INFO - Processing file /usr/local/python/3.10.13/lib/python3.10/site-packages/airflow/example_dags/example_xcomargs.py for tasks to queue
[2024-05-16T12:14:46.092+0000] {logging_mixin.py:188} INFO - [2024-05-16T12:14:46.092+0000] {dagbag.py:545} INFO - Filling up the DagBag from /usr/local/python/3.10.13/lib/python3.10/site-packages/airflow/example_dags/example_xcomargs.py
[2024-05-16T12:14:46.098+0000] {processor.py:840} INFO - DAG(s) 'example_xcom_args_with_operators', 'example_xcom_args' retrieved from /usr/local/python/3.10.13/lib/python3.10/site-packages/airflow/example_dags/example_xcomargs.py
[2024-05-16T12:14:46.113+0000] {logging_mixin.py:188} INFO - [2024-05-16T12:14:46.113+0000] {dag.py:3096} INFO - Sync 2 DAGs
[2024-05-16T12:14:46.122+0000] {logging_mixin.py:188} INFO - [2024-05-16T12:14:46.122+0000] {dag.py:3954} INFO - Setting next_dagrun for example_xcom_args to None, run_after=None
[2024-05-16T12:14:46.125+0000] {logging_mixin.py:188} INFO - [2024-05-16T12:14:46.125+0000] {dag.py:3954} INFO - Setting next_dagrun for example_xcom_args_with_operators to None, run_after=None
[2024-05-16T12:14:46.170+0000] {processor.py:183} INFO - Processing /usr/local/python/3.10.13/lib/python3.10/site-packages/airflow/example_dags/example_xcomargs.py took 0.084 seconds
[2024-05-16T12:15:28.063+0000] {processor.py:161} INFO - Started process (PID=11173) to work on /usr/local/python/3.10.13/lib/python3.10/site-packages/airflow/example_dags/example_xcomargs.py
[2024-05-16T12:15:28.064+0000] {processor.py:830} INFO - Processing file /usr/local/python/3.10.13/lib/python3.10/site-packages/airflow/example_dags/example_xcomargs.py for tasks to queue
[2024-05-16T12:15:28.065+0000] {logging_mixin.py:188} INFO - [2024-05-16T12:15:28.065+0000] {dagbag.py:545} INFO - Filling up the DagBag from /usr/local/python/3.10.13/lib/python3.10/site-packages/airflow/example_dags/example_xcomargs.py
[2024-05-16T12:15:28.072+0000] {processor.py:840} INFO - DAG(s) 'example_xcom_args', 'example_xcom_args_with_operators' retrieved from /usr/local/python/3.10.13/lib/python3.10/site-packages/airflow/example_dags/example_xcomargs.py
[2024-05-16T12:15:28.086+0000] {logging_mixin.py:188} INFO - [2024-05-16T12:15:28.086+0000] {dag.py:3096} INFO - Sync 2 DAGs
[2024-05-16T12:15:28.095+0000] {logging_mixin.py:188} INFO - [2024-05-16T12:15:28.095+0000] {dag.py:3954} INFO - Setting next_dagrun for example_xcom_args to None, run_after=None
[2024-05-16T12:15:28.098+0000] {logging_mixin.py:188} INFO - [2024-05-16T12:15:28.098+0000] {dag.py:3954} INFO - Setting next_dagrun for example_xcom_args_with_operators to None, run_after=None
[2024-05-16T12:15:28.142+0000] {processor.py:183} INFO - Processing /usr/local/python/3.10.13/lib/python3.10/site-packages/airflow/example_dags/example_xcomargs.py took 0.083 seconds
[2024-05-16T12:16:10.803+0000] {processor.py:161} INFO - Started process (PID=11511) to work on /usr/local/python/3.10.13/lib/python3.10/site-packages/airflow/example_dags/example_xcomargs.py
[2024-05-16T12:16:10.804+0000] {processor.py:830} INFO - Processing file /usr/local/python/3.10.13/lib/python3.10/site-packages/airflow/example_dags/example_xcomargs.py for tasks to queue
[2024-05-16T12:16:10.805+0000] {logging_mixin.py:188} INFO - [2024-05-16T12:16:10.805+0000] {dagbag.py:545} INFO - Filling up the DagBag from /usr/local/python/3.10.13/lib/python3.10/site-packages/airflow/example_dags/example_xcomargs.py
[2024-05-16T12:16:10.812+0000] {processor.py:840} INFO - DAG(s) 'example_xcom_args', 'example_xcom_args_with_operators' retrieved from /usr/local/python/3.10.13/lib/python3.10/site-packages/airflow/example_dags/example_xcomargs.py
[2024-05-16T12:16:10.825+0000] {logging_mixin.py:188} INFO - [2024-05-16T12:16:10.825+0000] {dag.py:3096} INFO - Sync 2 DAGs
[2024-05-16T12:16:10.834+0000] {logging_mixin.py:188} INFO - [2024-05-16T12:16:10.834+0000] {dag.py:3954} INFO - Setting next_dagrun for example_xcom_args to None, run_after=None
[2024-05-16T12:16:10.837+0000] {logging_mixin.py:188} INFO - [2024-05-16T12:16:10.837+0000] {dag.py:3954} INFO - Setting next_dagrun for example_xcom_args_with_operators to None, run_after=None
[2024-05-16T12:16:10.882+0000] {processor.py:183} INFO - Processing /usr/local/python/3.10.13/lib/python3.10/site-packages/airflow/example_dags/example_xcomargs.py took 0.083 seconds
[2024-05-16T12:16:55.728+0000] {processor.py:161} INFO - Started process (PID=11835) to work on /usr/local/python/3.10.13/lib/python3.10/site-packages/airflow/example_dags/example_xcomargs.py
[2024-05-16T12:16:55.729+0000] {processor.py:830} INFO - Processing file /usr/local/python/3.10.13/lib/python3.10/site-packages/airflow/example_dags/example_xcomargs.py for tasks to queue
[2024-05-16T12:16:55.730+0000] {logging_mixin.py:188} INFO - [2024-05-16T12:16:55.730+0000] {dagbag.py:545} INFO - Filling up the DagBag from /usr/local/python/3.10.13/lib/python3.10/site-packages/airflow/example_dags/example_xcomargs.py
[2024-05-16T12:16:55.737+0000] {processor.py:840} INFO - DAG(s) 'example_xcom_args_with_operators', 'example_xcom_args' retrieved from /usr/local/python/3.10.13/lib/python3.10/site-packages/airflow/example_dags/example_xcomargs.py
[2024-05-16T12:16:55.751+0000] {logging_mixin.py:188} INFO - [2024-05-16T12:16:55.751+0000] {dag.py:3096} INFO - Sync 2 DAGs
[2024-05-16T12:16:55.759+0000] {logging_mixin.py:188} INFO - [2024-05-16T12:16:55.759+0000] {dag.py:3954} INFO - Setting next_dagrun for example_xcom_args to None, run_after=None
[2024-05-16T12:16:55.762+0000] {logging_mixin.py:188} INFO - [2024-05-16T12:16:55.762+0000] {dag.py:3954} INFO - Setting next_dagrun for example_xcom_args_with_operators to None, run_after=None
[2024-05-16T12:16:55.809+0000] {processor.py:183} INFO - Processing /usr/local/python/3.10.13/lib/python3.10/site-packages/airflow/example_dags/example_xcomargs.py took 0.085 seconds
[2024-05-16T12:17:37.778+0000] {processor.py:161} INFO - Started process (PID=12133) to work on /usr/local/python/3.10.13/lib/python3.10/site-packages/airflow/example_dags/example_xcomargs.py
[2024-05-16T12:17:37.779+0000] {processor.py:830} INFO - Processing file /usr/local/python/3.10.13/lib/python3.10/site-packages/airflow/example_dags/example_xcomargs.py for tasks to queue
[2024-05-16T12:17:37.780+0000] {logging_mixin.py:188} INFO - [2024-05-16T12:17:37.780+0000] {dagbag.py:545} INFO - Filling up the DagBag from /usr/local/python/3.10.13/lib/python3.10/site-packages/airflow/example_dags/example_xcomargs.py
[2024-05-16T12:17:37.787+0000] {processor.py:840} INFO - DAG(s) 'example_xcom_args_with_operators', 'example_xcom_args' retrieved from /usr/local/python/3.10.13/lib/python3.10/site-packages/airflow/example_dags/example_xcomargs.py
[2024-05-16T12:17:37.801+0000] {logging_mixin.py:188} INFO - [2024-05-16T12:17:37.800+0000] {dag.py:3096} INFO - Sync 2 DAGs
[2024-05-16T12:17:37.809+0000] {logging_mixin.py:188} INFO - [2024-05-16T12:17:37.809+0000] {dag.py:3954} INFO - Setting next_dagrun for example_xcom_args to None, run_after=None
[2024-05-16T12:17:37.812+0000] {logging_mixin.py:188} INFO - [2024-05-16T12:17:37.812+0000] {dag.py:3954} INFO - Setting next_dagrun for example_xcom_args_with_operators to None, run_after=None
[2024-05-16T12:17:37.857+0000] {processor.py:183} INFO - Processing /usr/local/python/3.10.13/lib/python3.10/site-packages/airflow/example_dags/example_xcomargs.py took 0.083 seconds
[2024-05-16T12:18:20.130+0000] {processor.py:161} INFO - Started process (PID=12420) to work on /usr/local/python/3.10.13/lib/python3.10/site-packages/airflow/example_dags/example_xcomargs.py
[2024-05-16T12:18:20.130+0000] {processor.py:830} INFO - Processing file /usr/local/python/3.10.13/lib/python3.10/site-packages/airflow/example_dags/example_xcomargs.py for tasks to queue
[2024-05-16T12:18:20.132+0000] {logging_mixin.py:188} INFO - [2024-05-16T12:18:20.132+0000] {dagbag.py:545} INFO - Filling up the DagBag from /usr/local/python/3.10.13/lib/python3.10/site-packages/airflow/example_dags/example_xcomargs.py
[2024-05-16T12:18:20.138+0000] {processor.py:840} INFO - DAG(s) 'example_xcom_args', 'example_xcom_args_with_operators' retrieved from /usr/local/python/3.10.13/lib/python3.10/site-packages/airflow/example_dags/example_xcomargs.py
[2024-05-16T12:18:20.152+0000] {logging_mixin.py:188} INFO - [2024-05-16T12:18:20.152+0000] {dag.py:3096} INFO - Sync 2 DAGs
[2024-05-16T12:18:20.161+0000] {logging_mixin.py:188} INFO - [2024-05-16T12:18:20.161+0000] {dag.py:3954} INFO - Setting next_dagrun for example_xcom_args to None, run_after=None
[2024-05-16T12:18:20.164+0000] {logging_mixin.py:188} INFO - [2024-05-16T12:18:20.164+0000] {dag.py:3954} INFO - Setting next_dagrun for example_xcom_args_with_operators to None, run_after=None
[2024-05-16T12:18:20.210+0000] {processor.py:183} INFO - Processing /usr/local/python/3.10.13/lib/python3.10/site-packages/airflow/example_dags/example_xcomargs.py took 0.086 seconds
[2024-05-16T12:19:22.498+0000] {processor.py:161} INFO - Started process (PID=12870) to work on /usr/local/python/3.10.13/lib/python3.10/site-packages/airflow/example_dags/example_xcomargs.py
[2024-05-16T12:19:22.499+0000] {processor.py:830} INFO - Processing file /usr/local/python/3.10.13/lib/python3.10/site-packages/airflow/example_dags/example_xcomargs.py for tasks to queue
[2024-05-16T12:19:22.501+0000] {logging_mixin.py:188} INFO - [2024-05-16T12:19:22.500+0000] {dagbag.py:545} INFO - Filling up the DagBag from /usr/local/python/3.10.13/lib/python3.10/site-packages/airflow/example_dags/example_xcomargs.py
[2024-05-16T12:19:22.508+0000] {processor.py:840} INFO - DAG(s) 'example_xcom_args', 'example_xcom_args_with_operators' retrieved from /usr/local/python/3.10.13/lib/python3.10/site-packages/airflow/example_dags/example_xcomargs.py
[2024-05-16T12:19:22.522+0000] {logging_mixin.py:188} INFO - [2024-05-16T12:19:22.522+0000] {dag.py:3096} INFO - Sync 2 DAGs
[2024-05-16T12:19:22.531+0000] {logging_mixin.py:188} INFO - [2024-05-16T12:19:22.531+0000] {dag.py:3954} INFO - Setting next_dagrun for example_xcom_args to None, run_after=None
[2024-05-16T12:19:22.533+0000] {logging_mixin.py:188} INFO - [2024-05-16T12:19:22.533+0000] {dag.py:3954} INFO - Setting next_dagrun for example_xcom_args_with_operators to None, run_after=None
[2024-05-16T12:19:22.579+0000] {processor.py:183} INFO - Processing /usr/local/python/3.10.13/lib/python3.10/site-packages/airflow/example_dags/example_xcomargs.py took 0.085 seconds
[2024-05-16T12:20:03.937+0000] {processor.py:161} INFO - Started process (PID=13160) to work on /usr/local/python/3.10.13/lib/python3.10/site-packages/airflow/example_dags/example_xcomargs.py
[2024-05-16T12:20:03.937+0000] {processor.py:830} INFO - Processing file /usr/local/python/3.10.13/lib/python3.10/site-packages/airflow/example_dags/example_xcomargs.py for tasks to queue
[2024-05-16T12:20:03.939+0000] {logging_mixin.py:188} INFO - [2024-05-16T12:20:03.938+0000] {dagbag.py:545} INFO - Filling up the DagBag from /usr/local/python/3.10.13/lib/python3.10/site-packages/airflow/example_dags/example_xcomargs.py
[2024-05-16T12:20:03.945+0000] {processor.py:840} INFO - DAG(s) 'example_xcom_args_with_operators', 'example_xcom_args' retrieved from /usr/local/python/3.10.13/lib/python3.10/site-packages/airflow/example_dags/example_xcomargs.py
[2024-05-16T12:20:03.959+0000] {logging_mixin.py:188} INFO - [2024-05-16T12:20:03.959+0000] {dag.py:3096} INFO - Sync 2 DAGs
[2024-05-16T12:20:03.967+0000] {logging_mixin.py:188} INFO - [2024-05-16T12:20:03.967+0000] {dag.py:3954} INFO - Setting next_dagrun for example_xcom_args to None, run_after=None
[2024-05-16T12:20:03.970+0000] {logging_mixin.py:188} INFO - [2024-05-16T12:20:03.970+0000] {dag.py:3954} INFO - Setting next_dagrun for example_xcom_args_with_operators to None, run_after=None
[2024-05-16T12:20:04.018+0000] {processor.py:183} INFO - Processing /usr/local/python/3.10.13/lib/python3.10/site-packages/airflow/example_dags/example_xcomargs.py took 0.088 seconds
[2024-05-16T12:21:06.238+0000] {processor.py:161} INFO - Started process (PID=13626) to work on /usr/local/python/3.10.13/lib/python3.10/site-packages/airflow/example_dags/example_xcomargs.py
[2024-05-16T12:21:06.239+0000] {processor.py:830} INFO - Processing file /usr/local/python/3.10.13/lib/python3.10/site-packages/airflow/example_dags/example_xcomargs.py for tasks to queue
[2024-05-16T12:21:06.240+0000] {logging_mixin.py:188} INFO - [2024-05-16T12:21:06.240+0000] {dagbag.py:545} INFO - Filling up the DagBag from /usr/local/python/3.10.13/lib/python3.10/site-packages/airflow/example_dags/example_xcomargs.py
[2024-05-16T12:21:06.247+0000] {processor.py:840} INFO - DAG(s) 'example_xcom_args_with_operators', 'example_xcom_args' retrieved from /usr/local/python/3.10.13/lib/python3.10/site-packages/airflow/example_dags/example_xcomargs.py
[2024-05-16T12:21:06.260+0000] {logging_mixin.py:188} INFO - [2024-05-16T12:21:06.260+0000] {dag.py:3096} INFO - Sync 2 DAGs
[2024-05-16T12:21:06.269+0000] {logging_mixin.py:188} INFO - [2024-05-16T12:21:06.269+0000] {dag.py:3954} INFO - Setting next_dagrun for example_xcom_args to None, run_after=None
[2024-05-16T12:21:06.271+0000] {logging_mixin.py:188} INFO - [2024-05-16T12:21:06.271+0000] {dag.py:3954} INFO - Setting next_dagrun for example_xcom_args_with_operators to None, run_after=None
[2024-05-16T12:21:06.323+0000] {processor.py:183} INFO - Processing /usr/local/python/3.10.13/lib/python3.10/site-packages/airflow/example_dags/example_xcomargs.py took 0.089 seconds
[2024-05-16T12:21:48.595+0000] {processor.py:161} INFO - Started process (PID=13916) to work on /usr/local/python/3.10.13/lib/python3.10/site-packages/airflow/example_dags/example_xcomargs.py
[2024-05-16T12:21:48.596+0000] {processor.py:830} INFO - Processing file /usr/local/python/3.10.13/lib/python3.10/site-packages/airflow/example_dags/example_xcomargs.py for tasks to queue
[2024-05-16T12:21:48.597+0000] {logging_mixin.py:188} INFO - [2024-05-16T12:21:48.597+0000] {dagbag.py:545} INFO - Filling up the DagBag from /usr/local/python/3.10.13/lib/python3.10/site-packages/airflow/example_dags/example_xcomargs.py
[2024-05-16T12:21:48.604+0000] {processor.py:840} INFO - DAG(s) 'example_xcom_args_with_operators', 'example_xcom_args' retrieved from /usr/local/python/3.10.13/lib/python3.10/site-packages/airflow/example_dags/example_xcomargs.py
[2024-05-16T12:21:48.624+0000] {logging_mixin.py:188} INFO - [2024-05-16T12:21:48.624+0000] {dag.py:3096} INFO - Sync 2 DAGs
[2024-05-16T12:21:48.637+0000] {logging_mixin.py:188} INFO - [2024-05-16T12:21:48.637+0000] {dag.py:3954} INFO - Setting next_dagrun for example_xcom_args to None, run_after=None
[2024-05-16T12:21:48.641+0000] {logging_mixin.py:188} INFO - [2024-05-16T12:21:48.641+0000] {dag.py:3954} INFO - Setting next_dagrun for example_xcom_args_with_operators to None, run_after=None
[2024-05-16T12:21:48.691+0000] {processor.py:183} INFO - Processing /usr/local/python/3.10.13/lib/python3.10/site-packages/airflow/example_dags/example_xcomargs.py took 0.100 seconds
[2024-05-16T12:22:33.136+0000] {processor.py:161} INFO - Started process (PID=14250) to work on /usr/local/python/3.10.13/lib/python3.10/site-packages/airflow/example_dags/example_xcomargs.py
[2024-05-16T12:22:33.137+0000] {processor.py:830} INFO - Processing file /usr/local/python/3.10.13/lib/python3.10/site-packages/airflow/example_dags/example_xcomargs.py for tasks to queue
[2024-05-16T12:22:33.139+0000] {logging_mixin.py:188} INFO - [2024-05-16T12:22:33.139+0000] {dagbag.py:545} INFO - Filling up the DagBag from /usr/local/python/3.10.13/lib/python3.10/site-packages/airflow/example_dags/example_xcomargs.py
[2024-05-16T12:22:33.149+0000] {processor.py:840} INFO - DAG(s) 'example_xcom_args_with_operators', 'example_xcom_args' retrieved from /usr/local/python/3.10.13/lib/python3.10/site-packages/airflow/example_dags/example_xcomargs.py
[2024-05-16T12:22:33.169+0000] {logging_mixin.py:188} INFO - [2024-05-16T12:22:33.169+0000] {dag.py:3096} INFO - Sync 2 DAGs
[2024-05-16T12:22:33.183+0000] {logging_mixin.py:188} INFO - [2024-05-16T12:22:33.182+0000] {dag.py:3954} INFO - Setting next_dagrun for example_xcom_args to None, run_after=None
[2024-05-16T12:22:33.186+0000] {logging_mixin.py:188} INFO - [2024-05-16T12:22:33.186+0000] {dag.py:3954} INFO - Setting next_dagrun for example_xcom_args_with_operators to None, run_after=None
[2024-05-16T12:22:33.231+0000] {processor.py:183} INFO - Processing /usr/local/python/3.10.13/lib/python3.10/site-packages/airflow/example_dags/example_xcomargs.py took 0.102 seconds
[2024-05-16T12:23:17.819+0000] {processor.py:161} INFO - Started process (PID=14594) to work on /usr/local/python/3.10.13/lib/python3.10/site-packages/airflow/example_dags/example_xcomargs.py
[2024-05-16T12:23:17.821+0000] {processor.py:830} INFO - Processing file /usr/local/python/3.10.13/lib/python3.10/site-packages/airflow/example_dags/example_xcomargs.py for tasks to queue
[2024-05-16T12:23:17.823+0000] {logging_mixin.py:188} INFO - [2024-05-16T12:23:17.822+0000] {dagbag.py:545} INFO - Filling up the DagBag from /usr/local/python/3.10.13/lib/python3.10/site-packages/airflow/example_dags/example_xcomargs.py
[2024-05-16T12:23:17.830+0000] {processor.py:840} INFO - DAG(s) 'example_xcom_args', 'example_xcom_args_with_operators' retrieved from /usr/local/python/3.10.13/lib/python3.10/site-packages/airflow/example_dags/example_xcomargs.py
[2024-05-16T12:23:17.846+0000] {logging_mixin.py:188} INFO - [2024-05-16T12:23:17.845+0000] {dag.py:3096} INFO - Sync 2 DAGs
[2024-05-16T12:23:17.855+0000] {logging_mixin.py:188} INFO - [2024-05-16T12:23:17.855+0000] {dag.py:3954} INFO - Setting next_dagrun for example_xcom_args to None, run_after=None
[2024-05-16T12:23:17.857+0000] {logging_mixin.py:188} INFO - [2024-05-16T12:23:17.857+0000] {dag.py:3954} INFO - Setting next_dagrun for example_xcom_args_with_operators to None, run_after=None
[2024-05-16T12:23:17.916+0000] {processor.py:183} INFO - Processing /usr/local/python/3.10.13/lib/python3.10/site-packages/airflow/example_dags/example_xcomargs.py took 0.105 seconds
[2024-05-16T12:24:02.350+0000] {processor.py:161} INFO - Started process (PID=14923) to work on /usr/local/python/3.10.13/lib/python3.10/site-packages/airflow/example_dags/example_xcomargs.py
[2024-05-16T12:24:02.351+0000] {processor.py:830} INFO - Processing file /usr/local/python/3.10.13/lib/python3.10/site-packages/airflow/example_dags/example_xcomargs.py for tasks to queue
[2024-05-16T12:24:02.352+0000] {logging_mixin.py:188} INFO - [2024-05-16T12:24:02.352+0000] {dagbag.py:545} INFO - Filling up the DagBag from /usr/local/python/3.10.13/lib/python3.10/site-packages/airflow/example_dags/example_xcomargs.py
[2024-05-16T12:24:02.359+0000] {processor.py:840} INFO - DAG(s) 'example_xcom_args_with_operators', 'example_xcom_args' retrieved from /usr/local/python/3.10.13/lib/python3.10/site-packages/airflow/example_dags/example_xcomargs.py
[2024-05-16T12:24:02.373+0000] {logging_mixin.py:188} INFO - [2024-05-16T12:24:02.373+0000] {dag.py:3096} INFO - Sync 2 DAGs
[2024-05-16T12:24:02.382+0000] {logging_mixin.py:188} INFO - [2024-05-16T12:24:02.382+0000] {dag.py:3954} INFO - Setting next_dagrun for example_xcom_args to None, run_after=None
[2024-05-16T12:24:02.384+0000] {logging_mixin.py:188} INFO - [2024-05-16T12:24:02.384+0000] {dag.py:3954} INFO - Setting next_dagrun for example_xcom_args_with_operators to None, run_after=None
[2024-05-16T12:24:02.428+0000] {processor.py:183} INFO - Processing /usr/local/python/3.10.13/lib/python3.10/site-packages/airflow/example_dags/example_xcomargs.py took 0.083 seconds
[2024-05-16T12:24:44.795+0000] {processor.py:161} INFO - Started process (PID=15235) to work on /usr/local/python/3.10.13/lib/python3.10/site-packages/airflow/example_dags/example_xcomargs.py
[2024-05-16T12:24:44.795+0000] {processor.py:830} INFO - Processing file /usr/local/python/3.10.13/lib/python3.10/site-packages/airflow/example_dags/example_xcomargs.py for tasks to queue
[2024-05-16T12:24:44.797+0000] {logging_mixin.py:188} INFO - [2024-05-16T12:24:44.796+0000] {dagbag.py:545} INFO - Filling up the DagBag from /usr/local/python/3.10.13/lib/python3.10/site-packages/airflow/example_dags/example_xcomargs.py
[2024-05-16T12:24:44.803+0000] {processor.py:840} INFO - DAG(s) 'example_xcom_args', 'example_xcom_args_with_operators' retrieved from /usr/local/python/3.10.13/lib/python3.10/site-packages/airflow/example_dags/example_xcomargs.py
[2024-05-16T12:24:44.819+0000] {logging_mixin.py:188} INFO - [2024-05-16T12:24:44.819+0000] {dag.py:3096} INFO - Sync 2 DAGs
[2024-05-16T12:24:44.827+0000] {logging_mixin.py:188} INFO - [2024-05-16T12:24:44.827+0000] {dag.py:3954} INFO - Setting next_dagrun for example_xcom_args to None, run_after=None
[2024-05-16T12:24:44.830+0000] {logging_mixin.py:188} INFO - [2024-05-16T12:24:44.830+0000] {dag.py:3954} INFO - Setting next_dagrun for example_xcom_args_with_operators to None, run_after=None
[2024-05-16T12:24:44.876+0000] {processor.py:183} INFO - Processing /usr/local/python/3.10.13/lib/python3.10/site-packages/airflow/example_dags/example_xcomargs.py took 0.087 seconds
[2024-05-16T12:25:44.306+0000] {processor.py:161} INFO - Started process (PID=15695) to work on /usr/local/python/3.10.13/lib/python3.10/site-packages/airflow/example_dags/example_xcomargs.py
[2024-05-16T12:25:44.307+0000] {processor.py:830} INFO - Processing file /usr/local/python/3.10.13/lib/python3.10/site-packages/airflow/example_dags/example_xcomargs.py for tasks to queue
[2024-05-16T12:25:44.308+0000] {logging_mixin.py:188} INFO - [2024-05-16T12:25:44.308+0000] {dagbag.py:545} INFO - Filling up the DagBag from /usr/local/python/3.10.13/lib/python3.10/site-packages/airflow/example_dags/example_xcomargs.py
[2024-05-16T12:25:44.315+0000] {processor.py:840} INFO - DAG(s) 'example_xcom_args_with_operators', 'example_xcom_args' retrieved from /usr/local/python/3.10.13/lib/python3.10/site-packages/airflow/example_dags/example_xcomargs.py
[2024-05-16T12:25:44.329+0000] {logging_mixin.py:188} INFO - [2024-05-16T12:25:44.328+0000] {dag.py:3096} INFO - Sync 2 DAGs
[2024-05-16T12:25:44.337+0000] {logging_mixin.py:188} INFO - [2024-05-16T12:25:44.337+0000] {dag.py:3954} INFO - Setting next_dagrun for example_xcom_args to None, run_after=None
[2024-05-16T12:25:44.340+0000] {logging_mixin.py:188} INFO - [2024-05-16T12:25:44.340+0000] {dag.py:3954} INFO - Setting next_dagrun for example_xcom_args_with_operators to None, run_after=None
[2024-05-16T12:25:44.388+0000] {processor.py:183} INFO - Processing /usr/local/python/3.10.13/lib/python3.10/site-packages/airflow/example_dags/example_xcomargs.py took 0.086 seconds
[2024-05-16T12:26:44.949+0000] {processor.py:161} INFO - Started process (PID=16142) to work on /usr/local/python/3.10.13/lib/python3.10/site-packages/airflow/example_dags/example_xcomargs.py
[2024-05-16T12:26:44.950+0000] {processor.py:830} INFO - Processing file /usr/local/python/3.10.13/lib/python3.10/site-packages/airflow/example_dags/example_xcomargs.py for tasks to queue
[2024-05-16T12:26:44.951+0000] {logging_mixin.py:188} INFO - [2024-05-16T12:26:44.951+0000] {dagbag.py:545} INFO - Filling up the DagBag from /usr/local/python/3.10.13/lib/python3.10/site-packages/airflow/example_dags/example_xcomargs.py
[2024-05-16T12:26:44.958+0000] {processor.py:840} INFO - DAG(s) 'example_xcom_args_with_operators', 'example_xcom_args' retrieved from /usr/local/python/3.10.13/lib/python3.10/site-packages/airflow/example_dags/example_xcomargs.py
[2024-05-16T12:26:44.972+0000] {logging_mixin.py:188} INFO - [2024-05-16T12:26:44.971+0000] {dag.py:3096} INFO - Sync 2 DAGs
[2024-05-16T12:26:44.981+0000] {logging_mixin.py:188} INFO - [2024-05-16T12:26:44.981+0000] {dag.py:3954} INFO - Setting next_dagrun for example_xcom_args to None, run_after=None
[2024-05-16T12:26:44.983+0000] {logging_mixin.py:188} INFO - [2024-05-16T12:26:44.983+0000] {dag.py:3954} INFO - Setting next_dagrun for example_xcom_args_with_operators to None, run_after=None
[2024-05-16T12:26:45.027+0000] {processor.py:183} INFO - Processing /usr/local/python/3.10.13/lib/python3.10/site-packages/airflow/example_dags/example_xcomargs.py took 0.083 seconds
[2024-05-16T12:27:28.689+0000] {processor.py:161} INFO - Started process (PID=16465) to work on /usr/local/python/3.10.13/lib/python3.10/site-packages/airflow/example_dags/example_xcomargs.py
[2024-05-16T12:27:28.690+0000] {processor.py:830} INFO - Processing file /usr/local/python/3.10.13/lib/python3.10/site-packages/airflow/example_dags/example_xcomargs.py for tasks to queue
[2024-05-16T12:27:28.692+0000] {logging_mixin.py:188} INFO - [2024-05-16T12:27:28.691+0000] {dagbag.py:545} INFO - Filling up the DagBag from /usr/local/python/3.10.13/lib/python3.10/site-packages/airflow/example_dags/example_xcomargs.py
[2024-05-16T12:27:28.698+0000] {processor.py:840} INFO - DAG(s) 'example_xcom_args', 'example_xcom_args_with_operators' retrieved from /usr/local/python/3.10.13/lib/python3.10/site-packages/airflow/example_dags/example_xcomargs.py
[2024-05-16T12:27:28.712+0000] {logging_mixin.py:188} INFO - [2024-05-16T12:27:28.711+0000] {dag.py:3096} INFO - Sync 2 DAGs
[2024-05-16T12:27:28.721+0000] {logging_mixin.py:188} INFO - [2024-05-16T12:27:28.721+0000] {dag.py:3954} INFO - Setting next_dagrun for example_xcom_args to None, run_after=None
[2024-05-16T12:27:28.723+0000] {logging_mixin.py:188} INFO - [2024-05-16T12:27:28.723+0000] {dag.py:3954} INFO - Setting next_dagrun for example_xcom_args_with_operators to None, run_after=None
[2024-05-16T12:27:28.773+0000] {processor.py:183} INFO - Processing /usr/local/python/3.10.13/lib/python3.10/site-packages/airflow/example_dags/example_xcomargs.py took 0.089 seconds
[2024-05-16T12:28:10.750+0000] {processor.py:161} INFO - Started process (PID=16776) to work on /usr/local/python/3.10.13/lib/python3.10/site-packages/airflow/example_dags/example_xcomargs.py
[2024-05-16T12:28:10.751+0000] {processor.py:830} INFO - Processing file /usr/local/python/3.10.13/lib/python3.10/site-packages/airflow/example_dags/example_xcomargs.py for tasks to queue
[2024-05-16T12:28:10.752+0000] {logging_mixin.py:188} INFO - [2024-05-16T12:28:10.752+0000] {dagbag.py:545} INFO - Filling up the DagBag from /usr/local/python/3.10.13/lib/python3.10/site-packages/airflow/example_dags/example_xcomargs.py
[2024-05-16T12:28:10.759+0000] {processor.py:840} INFO - DAG(s) 'example_xcom_args_with_operators', 'example_xcom_args' retrieved from /usr/local/python/3.10.13/lib/python3.10/site-packages/airflow/example_dags/example_xcomargs.py
[2024-05-16T12:28:10.772+0000] {logging_mixin.py:188} INFO - [2024-05-16T12:28:10.772+0000] {dag.py:3096} INFO - Sync 2 DAGs
[2024-05-16T12:28:10.781+0000] {logging_mixin.py:188} INFO - [2024-05-16T12:28:10.781+0000] {dag.py:3954} INFO - Setting next_dagrun for example_xcom_args to None, run_after=None
[2024-05-16T12:28:10.783+0000] {logging_mixin.py:188} INFO - [2024-05-16T12:28:10.783+0000] {dag.py:3954} INFO - Setting next_dagrun for example_xcom_args_with_operators to None, run_after=None
[2024-05-16T12:28:10.828+0000] {processor.py:183} INFO - Processing /usr/local/python/3.10.13/lib/python3.10/site-packages/airflow/example_dags/example_xcomargs.py took 0.082 seconds
[2024-05-16T12:28:52.236+0000] {processor.py:161} INFO - Started process (PID=17066) to work on /usr/local/python/3.10.13/lib/python3.10/site-packages/airflow/example_dags/example_xcomargs.py
[2024-05-16T12:28:52.237+0000] {processor.py:830} INFO - Processing file /usr/local/python/3.10.13/lib/python3.10/site-packages/airflow/example_dags/example_xcomargs.py for tasks to queue
[2024-05-16T12:28:52.238+0000] {logging_mixin.py:188} INFO - [2024-05-16T12:28:52.238+0000] {dagbag.py:545} INFO - Filling up the DagBag from /usr/local/python/3.10.13/lib/python3.10/site-packages/airflow/example_dags/example_xcomargs.py
[2024-05-16T12:28:52.245+0000] {processor.py:840} INFO - DAG(s) 'example_xcom_args', 'example_xcom_args_with_operators' retrieved from /usr/local/python/3.10.13/lib/python3.10/site-packages/airflow/example_dags/example_xcomargs.py
[2024-05-16T12:28:52.258+0000] {logging_mixin.py:188} INFO - [2024-05-16T12:28:52.258+0000] {dag.py:3096} INFO - Sync 2 DAGs
[2024-05-16T12:28:52.267+0000] {logging_mixin.py:188} INFO - [2024-05-16T12:28:52.267+0000] {dag.py:3954} INFO - Setting next_dagrun for example_xcom_args to None, run_after=None
[2024-05-16T12:28:52.270+0000] {logging_mixin.py:188} INFO - [2024-05-16T12:28:52.269+0000] {dag.py:3954} INFO - Setting next_dagrun for example_xcom_args_with_operators to None, run_after=None
[2024-05-16T12:28:52.312+0000] {processor.py:183} INFO - Processing /usr/local/python/3.10.13/lib/python3.10/site-packages/airflow/example_dags/example_xcomargs.py took 0.081 seconds
[2024-05-16T12:29:35.910+0000] {processor.py:161} INFO - Started process (PID=17394) to work on /usr/local/python/3.10.13/lib/python3.10/site-packages/airflow/example_dags/example_xcomargs.py
[2024-05-16T12:29:35.911+0000] {processor.py:830} INFO - Processing file /usr/local/python/3.10.13/lib/python3.10/site-packages/airflow/example_dags/example_xcomargs.py for tasks to queue
[2024-05-16T12:29:35.912+0000] {logging_mixin.py:188} INFO - [2024-05-16T12:29:35.912+0000] {dagbag.py:545} INFO - Filling up the DagBag from /usr/local/python/3.10.13/lib/python3.10/site-packages/airflow/example_dags/example_xcomargs.py
[2024-05-16T12:29:35.919+0000] {processor.py:840} INFO - DAG(s) 'example_xcom_args_with_operators', 'example_xcom_args' retrieved from /usr/local/python/3.10.13/lib/python3.10/site-packages/airflow/example_dags/example_xcomargs.py
[2024-05-16T12:29:35.933+0000] {logging_mixin.py:188} INFO - [2024-05-16T12:29:35.933+0000] {dag.py:3096} INFO - Sync 2 DAGs
[2024-05-16T12:29:35.944+0000] {logging_mixin.py:188} INFO - [2024-05-16T12:29:35.944+0000] {dag.py:3954} INFO - Setting next_dagrun for example_xcom_args to None, run_after=None
[2024-05-16T12:29:35.946+0000] {logging_mixin.py:188} INFO - [2024-05-16T12:29:35.946+0000] {dag.py:3954} INFO - Setting next_dagrun for example_xcom_args_with_operators to None, run_after=None
[2024-05-16T12:29:35.990+0000] {processor.py:183} INFO - Processing /usr/local/python/3.10.13/lib/python3.10/site-packages/airflow/example_dags/example_xcomargs.py took 0.085 seconds
[2024-05-16T12:30:18.400+0000] {processor.py:161} INFO - Started process (PID=17696) to work on /usr/local/python/3.10.13/lib/python3.10/site-packages/airflow/example_dags/example_xcomargs.py
[2024-05-16T12:30:18.401+0000] {processor.py:830} INFO - Processing file /usr/local/python/3.10.13/lib/python3.10/site-packages/airflow/example_dags/example_xcomargs.py for tasks to queue
[2024-05-16T12:30:18.402+0000] {logging_mixin.py:188} INFO - [2024-05-16T12:30:18.402+0000] {dagbag.py:545} INFO - Filling up the DagBag from /usr/local/python/3.10.13/lib/python3.10/site-packages/airflow/example_dags/example_xcomargs.py
[2024-05-16T12:30:18.409+0000] {processor.py:840} INFO - DAG(s) 'example_xcom_args_with_operators', 'example_xcom_args' retrieved from /usr/local/python/3.10.13/lib/python3.10/site-packages/airflow/example_dags/example_xcomargs.py
[2024-05-16T12:30:18.422+0000] {logging_mixin.py:188} INFO - [2024-05-16T12:30:18.422+0000] {dag.py:3096} INFO - Sync 2 DAGs
[2024-05-16T12:30:18.433+0000] {logging_mixin.py:188} INFO - [2024-05-16T12:30:18.433+0000] {dag.py:3954} INFO - Setting next_dagrun for example_xcom_args to None, run_after=None
[2024-05-16T12:30:18.436+0000] {logging_mixin.py:188} INFO - [2024-05-16T12:30:18.436+0000] {dag.py:3954} INFO - Setting next_dagrun for example_xcom_args_with_operators to None, run_after=None
[2024-05-16T12:30:18.484+0000] {processor.py:183} INFO - Processing /usr/local/python/3.10.13/lib/python3.10/site-packages/airflow/example_dags/example_xcomargs.py took 0.088 seconds
[2024-05-16T12:31:02.295+0000] {processor.py:161} INFO - Started process (PID=18000) to work on /usr/local/python/3.10.13/lib/python3.10/site-packages/airflow/example_dags/example_xcomargs.py
[2024-05-16T12:31:02.296+0000] {processor.py:830} INFO - Processing file /usr/local/python/3.10.13/lib/python3.10/site-packages/airflow/example_dags/example_xcomargs.py for tasks to queue
[2024-05-16T12:31:02.297+0000] {logging_mixin.py:188} INFO - [2024-05-16T12:31:02.297+0000] {dagbag.py:545} INFO - Filling up the DagBag from /usr/local/python/3.10.13/lib/python3.10/site-packages/airflow/example_dags/example_xcomargs.py
[2024-05-16T12:31:02.305+0000] {processor.py:840} INFO - DAG(s) 'example_xcom_args', 'example_xcom_args_with_operators' retrieved from /usr/local/python/3.10.13/lib/python3.10/site-packages/airflow/example_dags/example_xcomargs.py
[2024-05-16T12:31:02.319+0000] {logging_mixin.py:188} INFO - [2024-05-16T12:31:02.319+0000] {dag.py:3096} INFO - Sync 2 DAGs
[2024-05-16T12:31:02.328+0000] {logging_mixin.py:188} INFO - [2024-05-16T12:31:02.328+0000] {dag.py:3954} INFO - Setting next_dagrun for example_xcom_args to None, run_after=None
[2024-05-16T12:31:02.331+0000] {logging_mixin.py:188} INFO - [2024-05-16T12:31:02.330+0000] {dag.py:3954} INFO - Setting next_dagrun for example_xcom_args_with_operators to None, run_after=None
[2024-05-16T12:31:02.376+0000] {processor.py:183} INFO - Processing /usr/local/python/3.10.13/lib/python3.10/site-packages/airflow/example_dags/example_xcomargs.py took 0.086 seconds
[2024-05-16T12:31:47.111+0000] {processor.py:161} INFO - Started process (PID=18325) to work on /usr/local/python/3.10.13/lib/python3.10/site-packages/airflow/example_dags/example_xcomargs.py
[2024-05-16T12:31:47.111+0000] {processor.py:830} INFO - Processing file /usr/local/python/3.10.13/lib/python3.10/site-packages/airflow/example_dags/example_xcomargs.py for tasks to queue
[2024-05-16T12:31:47.113+0000] {logging_mixin.py:188} INFO - [2024-05-16T12:31:47.112+0000] {dagbag.py:545} INFO - Filling up the DagBag from /usr/local/python/3.10.13/lib/python3.10/site-packages/airflow/example_dags/example_xcomargs.py
[2024-05-16T12:31:47.120+0000] {processor.py:840} INFO - DAG(s) 'example_xcom_args', 'example_xcom_args_with_operators' retrieved from /usr/local/python/3.10.13/lib/python3.10/site-packages/airflow/example_dags/example_xcomargs.py
[2024-05-16T12:31:47.134+0000] {logging_mixin.py:188} INFO - [2024-05-16T12:31:47.134+0000] {dag.py:3096} INFO - Sync 2 DAGs
[2024-05-16T12:31:47.143+0000] {logging_mixin.py:188} INFO - [2024-05-16T12:31:47.143+0000] {dag.py:3954} INFO - Setting next_dagrun for example_xcom_args to None, run_after=None
[2024-05-16T12:31:47.146+0000] {logging_mixin.py:188} INFO - [2024-05-16T12:31:47.145+0000] {dag.py:3954} INFO - Setting next_dagrun for example_xcom_args_with_operators to None, run_after=None
[2024-05-16T12:31:47.205+0000] {processor.py:183} INFO - Processing /usr/local/python/3.10.13/lib/python3.10/site-packages/airflow/example_dags/example_xcomargs.py took 0.099 seconds
[2024-05-16T12:32:47.017+0000] {processor.py:161} INFO - Started process (PID=18756) to work on /usr/local/python/3.10.13/lib/python3.10/site-packages/airflow/example_dags/example_xcomargs.py
[2024-05-16T12:32:47.018+0000] {processor.py:830} INFO - Processing file /usr/local/python/3.10.13/lib/python3.10/site-packages/airflow/example_dags/example_xcomargs.py for tasks to queue
[2024-05-16T12:32:47.019+0000] {logging_mixin.py:188} INFO - [2024-05-16T12:32:47.019+0000] {dagbag.py:545} INFO - Filling up the DagBag from /usr/local/python/3.10.13/lib/python3.10/site-packages/airflow/example_dags/example_xcomargs.py
[2024-05-16T12:32:47.025+0000] {processor.py:840} INFO - DAG(s) 'example_xcom_args', 'example_xcom_args_with_operators' retrieved from /usr/local/python/3.10.13/lib/python3.10/site-packages/airflow/example_dags/example_xcomargs.py
[2024-05-16T12:32:47.041+0000] {logging_mixin.py:188} INFO - [2024-05-16T12:32:47.041+0000] {dag.py:3096} INFO - Sync 2 DAGs
[2024-05-16T12:32:47.051+0000] {logging_mixin.py:188} INFO - [2024-05-16T12:32:47.051+0000] {dag.py:3954} INFO - Setting next_dagrun for example_xcom_args to None, run_after=None
[2024-05-16T12:32:47.053+0000] {logging_mixin.py:188} INFO - [2024-05-16T12:32:47.053+0000] {dag.py:3954} INFO - Setting next_dagrun for example_xcom_args_with_operators to None, run_after=None
[2024-05-16T12:32:47.100+0000] {processor.py:183} INFO - Processing /usr/local/python/3.10.13/lib/python3.10/site-packages/airflow/example_dags/example_xcomargs.py took 0.088 seconds
[2024-05-16T12:33:49.692+0000] {processor.py:161} INFO - Started process (PID=19232) to work on /usr/local/python/3.10.13/lib/python3.10/site-packages/airflow/example_dags/example_xcomargs.py
[2024-05-16T12:33:49.693+0000] {processor.py:830} INFO - Processing file /usr/local/python/3.10.13/lib/python3.10/site-packages/airflow/example_dags/example_xcomargs.py for tasks to queue
[2024-05-16T12:33:49.695+0000] {logging_mixin.py:188} INFO - [2024-05-16T12:33:49.695+0000] {dagbag.py:545} INFO - Filling up the DagBag from /usr/local/python/3.10.13/lib/python3.10/site-packages/airflow/example_dags/example_xcomargs.py
[2024-05-16T12:33:49.706+0000] {processor.py:840} INFO - DAG(s) 'example_xcom_args_with_operators', 'example_xcom_args' retrieved from /usr/local/python/3.10.13/lib/python3.10/site-packages/airflow/example_dags/example_xcomargs.py
[2024-05-16T12:33:49.730+0000] {logging_mixin.py:188} INFO - [2024-05-16T12:33:49.730+0000] {dag.py:3096} INFO - Sync 2 DAGs
[2024-05-16T12:33:49.741+0000] {logging_mixin.py:188} INFO - [2024-05-16T12:33:49.740+0000] {dag.py:3954} INFO - Setting next_dagrun for example_xcom_args to None, run_after=None
[2024-05-16T12:33:49.743+0000] {logging_mixin.py:188} INFO - [2024-05-16T12:33:49.743+0000] {dag.py:3954} INFO - Setting next_dagrun for example_xcom_args_with_operators to None, run_after=None
[2024-05-16T12:33:49.786+0000] {processor.py:183} INFO - Processing /usr/local/python/3.10.13/lib/python3.10/site-packages/airflow/example_dags/example_xcomargs.py took 0.102 seconds
[2024-05-16T12:34:33.990+0000] {processor.py:161} INFO - Started process (PID=19549) to work on /usr/local/python/3.10.13/lib/python3.10/site-packages/airflow/example_dags/example_xcomargs.py
[2024-05-16T12:34:33.991+0000] {processor.py:830} INFO - Processing file /usr/local/python/3.10.13/lib/python3.10/site-packages/airflow/example_dags/example_xcomargs.py for tasks to queue
[2024-05-16T12:34:33.992+0000] {logging_mixin.py:188} INFO - [2024-05-16T12:34:33.992+0000] {dagbag.py:545} INFO - Filling up the DagBag from /usr/local/python/3.10.13/lib/python3.10/site-packages/airflow/example_dags/example_xcomargs.py
[2024-05-16T12:34:33.998+0000] {processor.py:840} INFO - DAG(s) 'example_xcom_args', 'example_xcom_args_with_operators' retrieved from /usr/local/python/3.10.13/lib/python3.10/site-packages/airflow/example_dags/example_xcomargs.py
[2024-05-16T12:34:34.012+0000] {logging_mixin.py:188} INFO - [2024-05-16T12:34:34.012+0000] {dag.py:3096} INFO - Sync 2 DAGs
[2024-05-16T12:34:34.020+0000] {logging_mixin.py:188} INFO - [2024-05-16T12:34:34.020+0000] {dag.py:3954} INFO - Setting next_dagrun for example_xcom_args to None, run_after=None
[2024-05-16T12:34:34.023+0000] {logging_mixin.py:188} INFO - [2024-05-16T12:34:34.023+0000] {dag.py:3954} INFO - Setting next_dagrun for example_xcom_args_with_operators to None, run_after=None
[2024-05-16T12:34:34.065+0000] {processor.py:183} INFO - Processing /usr/local/python/3.10.13/lib/python3.10/site-packages/airflow/example_dags/example_xcomargs.py took 0.080 seconds
[2024-05-16T12:35:17.008+0000] {processor.py:161} INFO - Started process (PID=19865) to work on /usr/local/python/3.10.13/lib/python3.10/site-packages/airflow/example_dags/example_xcomargs.py
[2024-05-16T12:35:17.008+0000] {processor.py:830} INFO - Processing file /usr/local/python/3.10.13/lib/python3.10/site-packages/airflow/example_dags/example_xcomargs.py for tasks to queue
[2024-05-16T12:35:17.009+0000] {logging_mixin.py:188} INFO - [2024-05-16T12:35:17.009+0000] {dagbag.py:545} INFO - Filling up the DagBag from /usr/local/python/3.10.13/lib/python3.10/site-packages/airflow/example_dags/example_xcomargs.py
[2024-05-16T12:35:17.016+0000] {processor.py:840} INFO - DAG(s) 'example_xcom_args_with_operators', 'example_xcom_args' retrieved from /usr/local/python/3.10.13/lib/python3.10/site-packages/airflow/example_dags/example_xcomargs.py
[2024-05-16T12:35:17.029+0000] {logging_mixin.py:188} INFO - [2024-05-16T12:35:17.029+0000] {dag.py:3096} INFO - Sync 2 DAGs
[2024-05-16T12:35:17.038+0000] {logging_mixin.py:188} INFO - [2024-05-16T12:35:17.037+0000] {dag.py:3954} INFO - Setting next_dagrun for example_xcom_args to None, run_after=None
[2024-05-16T12:35:17.040+0000] {logging_mixin.py:188} INFO - [2024-05-16T12:35:17.040+0000] {dag.py:3954} INFO - Setting next_dagrun for example_xcom_args_with_operators to None, run_after=None
[2024-05-16T12:35:17.085+0000] {processor.py:183} INFO - Processing /usr/local/python/3.10.13/lib/python3.10/site-packages/airflow/example_dags/example_xcomargs.py took 0.082 seconds
[2024-05-16T12:36:17.351+0000] {processor.py:161} INFO - Started process (PID=20308) to work on /usr/local/python/3.10.13/lib/python3.10/site-packages/airflow/example_dags/example_xcomargs.py
[2024-05-16T12:36:17.352+0000] {processor.py:830} INFO - Processing file /usr/local/python/3.10.13/lib/python3.10/site-packages/airflow/example_dags/example_xcomargs.py for tasks to queue
[2024-05-16T12:36:17.353+0000] {logging_mixin.py:188} INFO - [2024-05-16T12:36:17.353+0000] {dagbag.py:545} INFO - Filling up the DagBag from /usr/local/python/3.10.13/lib/python3.10/site-packages/airflow/example_dags/example_xcomargs.py
[2024-05-16T12:36:17.359+0000] {processor.py:840} INFO - DAG(s) 'example_xcom_args', 'example_xcom_args_with_operators' retrieved from /usr/local/python/3.10.13/lib/python3.10/site-packages/airflow/example_dags/example_xcomargs.py
[2024-05-16T12:36:17.373+0000] {logging_mixin.py:188} INFO - [2024-05-16T12:36:17.373+0000] {dag.py:3096} INFO - Sync 2 DAGs
[2024-05-16T12:36:17.382+0000] {logging_mixin.py:188} INFO - [2024-05-16T12:36:17.381+0000] {dag.py:3954} INFO - Setting next_dagrun for example_xcom_args to None, run_after=None
[2024-05-16T12:36:17.384+0000] {logging_mixin.py:188} INFO - [2024-05-16T12:36:17.384+0000] {dag.py:3954} INFO - Setting next_dagrun for example_xcom_args_with_operators to None, run_after=None
[2024-05-16T12:36:17.427+0000] {processor.py:183} INFO - Processing /usr/local/python/3.10.13/lib/python3.10/site-packages/airflow/example_dags/example_xcomargs.py took 0.081 seconds
[2024-05-16T12:37:18.437+0000] {processor.py:161} INFO - Started process (PID=20748) to work on /usr/local/python/3.10.13/lib/python3.10/site-packages/airflow/example_dags/example_xcomargs.py
[2024-05-16T12:37:18.437+0000] {processor.py:830} INFO - Processing file /usr/local/python/3.10.13/lib/python3.10/site-packages/airflow/example_dags/example_xcomargs.py for tasks to queue
[2024-05-16T12:37:18.439+0000] {logging_mixin.py:188} INFO - [2024-05-16T12:37:18.438+0000] {dagbag.py:545} INFO - Filling up the DagBag from /usr/local/python/3.10.13/lib/python3.10/site-packages/airflow/example_dags/example_xcomargs.py
[2024-05-16T12:37:18.445+0000] {processor.py:840} INFO - DAG(s) 'example_xcom_args', 'example_xcom_args_with_operators' retrieved from /usr/local/python/3.10.13/lib/python3.10/site-packages/airflow/example_dags/example_xcomargs.py
[2024-05-16T12:37:18.458+0000] {logging_mixin.py:188} INFO - [2024-05-16T12:37:18.458+0000] {dag.py:3096} INFO - Sync 2 DAGs
[2024-05-16T12:37:18.469+0000] {logging_mixin.py:188} INFO - [2024-05-16T12:37:18.469+0000] {dag.py:3954} INFO - Setting next_dagrun for example_xcom_args to None, run_after=None
[2024-05-16T12:37:18.472+0000] {logging_mixin.py:188} INFO - [2024-05-16T12:37:18.471+0000] {dag.py:3954} INFO - Setting next_dagrun for example_xcom_args_with_operators to None, run_after=None
[2024-05-16T12:37:18.518+0000] {processor.py:183} INFO - Processing /usr/local/python/3.10.13/lib/python3.10/site-packages/airflow/example_dags/example_xcomargs.py took 0.087 seconds
[2024-05-16T12:38:00.015+0000] {processor.py:161} INFO - Started process (PID=21037) to work on /usr/local/python/3.10.13/lib/python3.10/site-packages/airflow/example_dags/example_xcomargs.py
[2024-05-16T12:38:00.016+0000] {processor.py:830} INFO - Processing file /usr/local/python/3.10.13/lib/python3.10/site-packages/airflow/example_dags/example_xcomargs.py for tasks to queue
[2024-05-16T12:38:00.018+0000] {logging_mixin.py:188} INFO - [2024-05-16T12:38:00.018+0000] {dagbag.py:545} INFO - Filling up the DagBag from /usr/local/python/3.10.13/lib/python3.10/site-packages/airflow/example_dags/example_xcomargs.py
[2024-05-16T12:38:00.029+0000] {processor.py:840} INFO - DAG(s) 'example_xcom_args_with_operators', 'example_xcom_args' retrieved from /usr/local/python/3.10.13/lib/python3.10/site-packages/airflow/example_dags/example_xcomargs.py
[2024-05-16T12:38:00.053+0000] {logging_mixin.py:188} INFO - [2024-05-16T12:38:00.053+0000] {dag.py:3096} INFO - Sync 2 DAGs
[2024-05-16T12:38:00.068+0000] {logging_mixin.py:188} INFO - [2024-05-16T12:38:00.068+0000] {dag.py:3954} INFO - Setting next_dagrun for example_xcom_args to None, run_after=None
[2024-05-16T12:38:00.072+0000] {logging_mixin.py:188} INFO - [2024-05-16T12:38:00.072+0000] {dag.py:3954} INFO - Setting next_dagrun for example_xcom_args_with_operators to None, run_after=None
[2024-05-16T12:38:00.120+0000] {processor.py:183} INFO - Processing /usr/local/python/3.10.13/lib/python3.10/site-packages/airflow/example_dags/example_xcomargs.py took 0.112 seconds
[2024-05-16T12:38:58.325+0000] {processor.py:161} INFO - Started process (PID=21456) to work on /usr/local/python/3.10.13/lib/python3.10/site-packages/airflow/example_dags/example_xcomargs.py
[2024-05-16T12:38:58.325+0000] {processor.py:830} INFO - Processing file /usr/local/python/3.10.13/lib/python3.10/site-packages/airflow/example_dags/example_xcomargs.py for tasks to queue
[2024-05-16T12:38:58.327+0000] {logging_mixin.py:188} INFO - [2024-05-16T12:38:58.326+0000] {dagbag.py:545} INFO - Filling up the DagBag from /usr/local/python/3.10.13/lib/python3.10/site-packages/airflow/example_dags/example_xcomargs.py
[2024-05-16T12:38:58.333+0000] {processor.py:840} INFO - DAG(s) 'example_xcom_args_with_operators', 'example_xcom_args' retrieved from /usr/local/python/3.10.13/lib/python3.10/site-packages/airflow/example_dags/example_xcomargs.py
[2024-05-16T12:38:58.346+0000] {logging_mixin.py:188} INFO - [2024-05-16T12:38:58.346+0000] {dag.py:3096} INFO - Sync 2 DAGs
[2024-05-16T12:38:58.355+0000] {logging_mixin.py:188} INFO - [2024-05-16T12:38:58.355+0000] {dag.py:3954} INFO - Setting next_dagrun for example_xcom_args to None, run_after=None
[2024-05-16T12:38:58.358+0000] {logging_mixin.py:188} INFO - [2024-05-16T12:38:58.357+0000] {dag.py:3954} INFO - Setting next_dagrun for example_xcom_args_with_operators to None, run_after=None
[2024-05-16T12:38:58.402+0000] {processor.py:183} INFO - Processing /usr/local/python/3.10.13/lib/python3.10/site-packages/airflow/example_dags/example_xcomargs.py took 0.082 seconds
[2024-05-16T12:39:43.212+0000] {processor.py:161} INFO - Started process (PID=21770) to work on /usr/local/python/3.10.13/lib/python3.10/site-packages/airflow/example_dags/example_xcomargs.py
[2024-05-16T12:39:43.213+0000] {processor.py:830} INFO - Processing file /usr/local/python/3.10.13/lib/python3.10/site-packages/airflow/example_dags/example_xcomargs.py for tasks to queue
[2024-05-16T12:39:43.214+0000] {logging_mixin.py:188} INFO - [2024-05-16T12:39:43.214+0000] {dagbag.py:545} INFO - Filling up the DagBag from /usr/local/python/3.10.13/lib/python3.10/site-packages/airflow/example_dags/example_xcomargs.py
[2024-05-16T12:39:43.221+0000] {processor.py:840} INFO - DAG(s) 'example_xcom_args_with_operators', 'example_xcom_args' retrieved from /usr/local/python/3.10.13/lib/python3.10/site-packages/airflow/example_dags/example_xcomargs.py
[2024-05-16T12:39:43.234+0000] {logging_mixin.py:188} INFO - [2024-05-16T12:39:43.234+0000] {dag.py:3096} INFO - Sync 2 DAGs
[2024-05-16T12:39:43.243+0000] {logging_mixin.py:188} INFO - [2024-05-16T12:39:43.243+0000] {dag.py:3954} INFO - Setting next_dagrun for example_xcom_args to None, run_after=None
[2024-05-16T12:39:43.246+0000] {logging_mixin.py:188} INFO - [2024-05-16T12:39:43.245+0000] {dag.py:3954} INFO - Setting next_dagrun for example_xcom_args_with_operators to None, run_after=None
[2024-05-16T12:39:43.290+0000] {processor.py:183} INFO - Processing /usr/local/python/3.10.13/lib/python3.10/site-packages/airflow/example_dags/example_xcomargs.py took 0.083 seconds
[2024-05-16T12:40:26.236+0000] {processor.py:161} INFO - Started process (PID=22081) to work on /usr/local/python/3.10.13/lib/python3.10/site-packages/airflow/example_dags/example_xcomargs.py
[2024-05-16T12:40:26.237+0000] {processor.py:830} INFO - Processing file /usr/local/python/3.10.13/lib/python3.10/site-packages/airflow/example_dags/example_xcomargs.py for tasks to queue
[2024-05-16T12:40:26.238+0000] {logging_mixin.py:188} INFO - [2024-05-16T12:40:26.238+0000] {dagbag.py:545} INFO - Filling up the DagBag from /usr/local/python/3.10.13/lib/python3.10/site-packages/airflow/example_dags/example_xcomargs.py
[2024-05-16T12:40:26.244+0000] {processor.py:840} INFO - DAG(s) 'example_xcom_args_with_operators', 'example_xcom_args' retrieved from /usr/local/python/3.10.13/lib/python3.10/site-packages/airflow/example_dags/example_xcomargs.py
[2024-05-16T12:40:26.258+0000] {logging_mixin.py:188} INFO - [2024-05-16T12:40:26.258+0000] {dag.py:3096} INFO - Sync 2 DAGs
[2024-05-16T12:40:26.269+0000] {logging_mixin.py:188} INFO - [2024-05-16T12:40:26.268+0000] {dag.py:3954} INFO - Setting next_dagrun for example_xcom_args to None, run_after=None
[2024-05-16T12:40:26.272+0000] {logging_mixin.py:188} INFO - [2024-05-16T12:40:26.272+0000] {dag.py:3954} INFO - Setting next_dagrun for example_xcom_args_with_operators to None, run_after=None
[2024-05-16T12:40:26.316+0000] {processor.py:183} INFO - Processing /usr/local/python/3.10.13/lib/python3.10/site-packages/airflow/example_dags/example_xcomargs.py took 0.085 seconds
[2024-05-16T12:41:08.168+0000] {processor.py:161} INFO - Started process (PID=22399) to work on /usr/local/python/3.10.13/lib/python3.10/site-packages/airflow/example_dags/example_xcomargs.py
[2024-05-16T12:41:08.170+0000] {processor.py:830} INFO - Processing file /usr/local/python/3.10.13/lib/python3.10/site-packages/airflow/example_dags/example_xcomargs.py for tasks to queue
[2024-05-16T12:41:08.173+0000] {logging_mixin.py:188} INFO - [2024-05-16T12:41:08.173+0000] {dagbag.py:545} INFO - Filling up the DagBag from /usr/local/python/3.10.13/lib/python3.10/site-packages/airflow/example_dags/example_xcomargs.py
[2024-05-16T12:41:08.184+0000] {processor.py:840} INFO - DAG(s) 'example_xcom_args_with_operators', 'example_xcom_args' retrieved from /usr/local/python/3.10.13/lib/python3.10/site-packages/airflow/example_dags/example_xcomargs.py
[2024-05-16T12:41:08.211+0000] {logging_mixin.py:188} INFO - [2024-05-16T12:41:08.211+0000] {dag.py:3096} INFO - Sync 2 DAGs
[2024-05-16T12:41:08.226+0000] {logging_mixin.py:188} INFO - [2024-05-16T12:41:08.226+0000] {dag.py:3954} INFO - Setting next_dagrun for example_xcom_args to None, run_after=None
[2024-05-16T12:41:08.230+0000] {logging_mixin.py:188} INFO - [2024-05-16T12:41:08.230+0000] {dag.py:3954} INFO - Setting next_dagrun for example_xcom_args_with_operators to None, run_after=None
[2024-05-16T12:41:08.279+0000] {processor.py:183} INFO - Processing /usr/local/python/3.10.13/lib/python3.10/site-packages/airflow/example_dags/example_xcomargs.py took 0.125 seconds
[2024-05-16T12:41:51.333+0000] {processor.py:161} INFO - Started process (PID=22704) to work on /usr/local/python/3.10.13/lib/python3.10/site-packages/airflow/example_dags/example_xcomargs.py
[2024-05-16T12:41:51.333+0000] {processor.py:830} INFO - Processing file /usr/local/python/3.10.13/lib/python3.10/site-packages/airflow/example_dags/example_xcomargs.py for tasks to queue
[2024-05-16T12:41:51.335+0000] {logging_mixin.py:188} INFO - [2024-05-16T12:41:51.334+0000] {dagbag.py:545} INFO - Filling up the DagBag from /usr/local/python/3.10.13/lib/python3.10/site-packages/airflow/example_dags/example_xcomargs.py
[2024-05-16T12:41:51.341+0000] {processor.py:840} INFO - DAG(s) 'example_xcom_args', 'example_xcom_args_with_operators' retrieved from /usr/local/python/3.10.13/lib/python3.10/site-packages/airflow/example_dags/example_xcomargs.py
[2024-05-16T12:41:51.362+0000] {logging_mixin.py:188} INFO - [2024-05-16T12:41:51.359+0000] {dag.py:3096} INFO - Sync 2 DAGs
[2024-05-16T12:41:51.377+0000] {logging_mixin.py:188} INFO - [2024-05-16T12:41:51.377+0000] {dag.py:3954} INFO - Setting next_dagrun for example_xcom_args to None, run_after=None
[2024-05-16T12:41:51.381+0000] {logging_mixin.py:188} INFO - [2024-05-16T12:41:51.380+0000] {dag.py:3954} INFO - Setting next_dagrun for example_xcom_args_with_operators to None, run_after=None
[2024-05-16T12:41:51.431+0000] {processor.py:183} INFO - Processing /usr/local/python/3.10.13/lib/python3.10/site-packages/airflow/example_dags/example_xcomargs.py took 0.103 seconds
[2024-05-16T12:42:35.878+0000] {processor.py:161} INFO - Started process (PID=23020) to work on /usr/local/python/3.10.13/lib/python3.10/site-packages/airflow/example_dags/example_xcomargs.py
[2024-05-16T12:42:35.879+0000] {processor.py:830} INFO - Processing file /usr/local/python/3.10.13/lib/python3.10/site-packages/airflow/example_dags/example_xcomargs.py for tasks to queue
[2024-05-16T12:42:35.880+0000] {logging_mixin.py:188} INFO - [2024-05-16T12:42:35.880+0000] {dagbag.py:545} INFO - Filling up the DagBag from /usr/local/python/3.10.13/lib/python3.10/site-packages/airflow/example_dags/example_xcomargs.py
[2024-05-16T12:42:35.887+0000] {processor.py:840} INFO - DAG(s) 'example_xcom_args', 'example_xcom_args_with_operators' retrieved from /usr/local/python/3.10.13/lib/python3.10/site-packages/airflow/example_dags/example_xcomargs.py
[2024-05-16T12:42:35.901+0000] {logging_mixin.py:188} INFO - [2024-05-16T12:42:35.901+0000] {dag.py:3096} INFO - Sync 2 DAGs
[2024-05-16T12:42:35.910+0000] {logging_mixin.py:188} INFO - [2024-05-16T12:42:35.910+0000] {dag.py:3954} INFO - Setting next_dagrun for example_xcom_args to None, run_after=None
[2024-05-16T12:42:35.914+0000] {logging_mixin.py:188} INFO - [2024-05-16T12:42:35.914+0000] {dag.py:3954} INFO - Setting next_dagrun for example_xcom_args_with_operators to None, run_after=None
[2024-05-16T12:42:35.964+0000] {processor.py:183} INFO - Processing /usr/local/python/3.10.13/lib/python3.10/site-packages/airflow/example_dags/example_xcomargs.py took 0.090 seconds
[2024-05-16T12:43:37.489+0000] {processor.py:161} INFO - Started process (PID=23472) to work on /usr/local/python/3.10.13/lib/python3.10/site-packages/airflow/example_dags/example_xcomargs.py
[2024-05-16T12:43:37.490+0000] {processor.py:830} INFO - Processing file /usr/local/python/3.10.13/lib/python3.10/site-packages/airflow/example_dags/example_xcomargs.py for tasks to queue
[2024-05-16T12:43:37.491+0000] {logging_mixin.py:188} INFO - [2024-05-16T12:43:37.490+0000] {dagbag.py:545} INFO - Filling up the DagBag from /usr/local/python/3.10.13/lib/python3.10/site-packages/airflow/example_dags/example_xcomargs.py
[2024-05-16T12:43:37.497+0000] {processor.py:840} INFO - DAG(s) 'example_xcom_args_with_operators', 'example_xcom_args' retrieved from /usr/local/python/3.10.13/lib/python3.10/site-packages/airflow/example_dags/example_xcomargs.py
[2024-05-16T12:43:37.511+0000] {logging_mixin.py:188} INFO - [2024-05-16T12:43:37.511+0000] {dag.py:3096} INFO - Sync 2 DAGs
[2024-05-16T12:43:37.521+0000] {logging_mixin.py:188} INFO - [2024-05-16T12:43:37.520+0000] {dag.py:3954} INFO - Setting next_dagrun for example_xcom_args to None, run_after=None
[2024-05-16T12:43:37.523+0000] {logging_mixin.py:188} INFO - [2024-05-16T12:43:37.523+0000] {dag.py:3954} INFO - Setting next_dagrun for example_xcom_args_with_operators to None, run_after=None
[2024-05-16T12:43:37.569+0000] {processor.py:183} INFO - Processing /usr/local/python/3.10.13/lib/python3.10/site-packages/airflow/example_dags/example_xcomargs.py took 0.085 seconds
[2024-05-16T12:44:20.777+0000] {processor.py:161} INFO - Started process (PID=23784) to work on /usr/local/python/3.10.13/lib/python3.10/site-packages/airflow/example_dags/example_xcomargs.py
[2024-05-16T12:44:20.777+0000] {processor.py:830} INFO - Processing file /usr/local/python/3.10.13/lib/python3.10/site-packages/airflow/example_dags/example_xcomargs.py for tasks to queue
[2024-05-16T12:44:20.779+0000] {logging_mixin.py:188} INFO - [2024-05-16T12:44:20.778+0000] {dagbag.py:545} INFO - Filling up the DagBag from /usr/local/python/3.10.13/lib/python3.10/site-packages/airflow/example_dags/example_xcomargs.py
[2024-05-16T12:44:20.785+0000] {processor.py:840} INFO - DAG(s) 'example_xcom_args_with_operators', 'example_xcom_args' retrieved from /usr/local/python/3.10.13/lib/python3.10/site-packages/airflow/example_dags/example_xcomargs.py
[2024-05-16T12:44:20.799+0000] {logging_mixin.py:188} INFO - [2024-05-16T12:44:20.798+0000] {dag.py:3096} INFO - Sync 2 DAGs
[2024-05-16T12:44:20.807+0000] {logging_mixin.py:188} INFO - [2024-05-16T12:44:20.807+0000] {dag.py:3954} INFO - Setting next_dagrun for example_xcom_args to None, run_after=None
[2024-05-16T12:44:20.810+0000] {logging_mixin.py:188} INFO - [2024-05-16T12:44:20.810+0000] {dag.py:3954} INFO - Setting next_dagrun for example_xcom_args_with_operators to None, run_after=None
[2024-05-16T12:44:20.853+0000] {processor.py:183} INFO - Processing /usr/local/python/3.10.13/lib/python3.10/site-packages/airflow/example_dags/example_xcomargs.py took 0.082 seconds
[2024-05-16T12:45:24.379+0000] {processor.py:161} INFO - Started process (PID=24350) to work on /usr/local/python/3.10.13/lib/python3.10/site-packages/airflow/example_dags/example_xcomargs.py
[2024-05-16T12:45:24.380+0000] {processor.py:830} INFO - Processing file /usr/local/python/3.10.13/lib/python3.10/site-packages/airflow/example_dags/example_xcomargs.py for tasks to queue
[2024-05-16T12:45:24.381+0000] {logging_mixin.py:188} INFO - [2024-05-16T12:45:24.381+0000] {dagbag.py:545} INFO - Filling up the DagBag from /usr/local/python/3.10.13/lib/python3.10/site-packages/airflow/example_dags/example_xcomargs.py
[2024-05-16T12:45:24.388+0000] {processor.py:840} INFO - DAG(s) 'example_xcom_args', 'example_xcom_args_with_operators' retrieved from /usr/local/python/3.10.13/lib/python3.10/site-packages/airflow/example_dags/example_xcomargs.py
[2024-05-16T12:45:24.405+0000] {logging_mixin.py:188} INFO - [2024-05-16T12:45:24.404+0000] {dag.py:3096} INFO - Sync 2 DAGs
[2024-05-16T12:45:24.415+0000] {logging_mixin.py:188} INFO - [2024-05-16T12:45:24.415+0000] {dag.py:3954} INFO - Setting next_dagrun for example_xcom_args to None, run_after=None
[2024-05-16T12:45:24.418+0000] {logging_mixin.py:188} INFO - [2024-05-16T12:45:24.418+0000] {dag.py:3954} INFO - Setting next_dagrun for example_xcom_args_with_operators to None, run_after=None
[2024-05-16T12:45:24.468+0000] {processor.py:183} INFO - Processing /usr/local/python/3.10.13/lib/python3.10/site-packages/airflow/example_dags/example_xcomargs.py took 0.094 seconds
