[2024-05-16T12:06:45.758+0000] {processor.py:161} INFO - Started process (PID=7540) to work on /usr/local/python/3.10.13/lib/python3.10/site-packages/airflow/example_dags/example_sensor_decorator.py
[2024-05-16T12:06:45.758+0000] {processor.py:830} INFO - Processing file /usr/local/python/3.10.13/lib/python3.10/site-packages/airflow/example_dags/example_sensor_decorator.py for tasks to queue
[2024-05-16T12:06:45.759+0000] {logging_mixin.py:188} INFO - [2024-05-16T12:06:45.759+0000] {dagbag.py:545} INFO - Filling up the DagBag from /usr/local/python/3.10.13/lib/python3.10/site-packages/airflow/example_dags/example_sensor_decorator.py
[2024-05-16T12:06:45.764+0000] {processor.py:840} INFO - DAG(s) 'example_sensor_decorator' retrieved from /usr/local/python/3.10.13/lib/python3.10/site-packages/airflow/example_dags/example_sensor_decorator.py
[2024-05-16T12:06:45.915+0000] {logging_mixin.py:188} INFO - [2024-05-16T12:06:45.914+0000] {dag.py:3096} INFO - Sync 1 DAGs
[2024-05-16T12:06:45.922+0000] {logging_mixin.py:188} INFO - [2024-05-16T12:06:45.922+0000] {dag.py:3954} INFO - Setting next_dagrun for example_sensor_decorator to None, run_after=None
[2024-05-16T12:06:45.967+0000] {processor.py:183} INFO - Processing /usr/local/python/3.10.13/lib/python3.10/site-packages/airflow/example_dags/example_sensor_decorator.py took 0.214 seconds
[2024-05-16T12:07:39.363+0000] {processor.py:161} INFO - Started process (PID=7900) to work on /usr/local/python/3.10.13/lib/python3.10/site-packages/airflow/example_dags/example_sensor_decorator.py
[2024-05-16T12:07:39.363+0000] {processor.py:830} INFO - Processing file /usr/local/python/3.10.13/lib/python3.10/site-packages/airflow/example_dags/example_sensor_decorator.py for tasks to queue
[2024-05-16T12:07:39.365+0000] {logging_mixin.py:188} INFO - [2024-05-16T12:07:39.364+0000] {dagbag.py:545} INFO - Filling up the DagBag from /usr/local/python/3.10.13/lib/python3.10/site-packages/airflow/example_dags/example_sensor_decorator.py
[2024-05-16T12:07:39.369+0000] {processor.py:840} INFO - DAG(s) 'example_sensor_decorator' retrieved from /usr/local/python/3.10.13/lib/python3.10/site-packages/airflow/example_dags/example_sensor_decorator.py
[2024-05-16T12:07:39.380+0000] {logging_mixin.py:188} INFO - [2024-05-16T12:07:39.380+0000] {dag.py:3096} INFO - Sync 1 DAGs
[2024-05-16T12:07:39.388+0000] {logging_mixin.py:188} INFO - [2024-05-16T12:07:39.388+0000] {dag.py:3954} INFO - Setting next_dagrun for example_sensor_decorator to None, run_after=None
[2024-05-16T12:07:39.437+0000] {processor.py:183} INFO - Processing /usr/local/python/3.10.13/lib/python3.10/site-packages/airflow/example_dags/example_sensor_decorator.py took 0.080 seconds
[2024-05-16T12:08:30.427+0000] {processor.py:161} INFO - Started process (PID=8247) to work on /usr/local/python/3.10.13/lib/python3.10/site-packages/airflow/example_dags/example_sensor_decorator.py
[2024-05-16T12:08:30.428+0000] {processor.py:830} INFO - Processing file /usr/local/python/3.10.13/lib/python3.10/site-packages/airflow/example_dags/example_sensor_decorator.py for tasks to queue
[2024-05-16T12:08:30.429+0000] {logging_mixin.py:188} INFO - [2024-05-16T12:08:30.429+0000] {dagbag.py:545} INFO - Filling up the DagBag from /usr/local/python/3.10.13/lib/python3.10/site-packages/airflow/example_dags/example_sensor_decorator.py
[2024-05-16T12:08:30.436+0000] {processor.py:840} INFO - DAG(s) 'example_sensor_decorator' retrieved from /usr/local/python/3.10.13/lib/python3.10/site-packages/airflow/example_dags/example_sensor_decorator.py
[2024-05-16T12:08:30.449+0000] {logging_mixin.py:188} INFO - [2024-05-16T12:08:30.449+0000] {dag.py:3096} INFO - Sync 1 DAGs
[2024-05-16T12:08:30.458+0000] {logging_mixin.py:188} INFO - [2024-05-16T12:08:30.458+0000] {dag.py:3954} INFO - Setting next_dagrun for example_sensor_decorator to None, run_after=None
[2024-05-16T12:08:30.504+0000] {processor.py:183} INFO - Processing /usr/local/python/3.10.13/lib/python3.10/site-packages/airflow/example_dags/example_sensor_decorator.py took 0.084 seconds
[2024-05-16T12:09:37.178+0000] {processor.py:161} INFO - Started process (PID=8759) to work on /usr/local/python/3.10.13/lib/python3.10/site-packages/airflow/example_dags/example_sensor_decorator.py
[2024-05-16T12:09:37.179+0000] {processor.py:830} INFO - Processing file /usr/local/python/3.10.13/lib/python3.10/site-packages/airflow/example_dags/example_sensor_decorator.py for tasks to queue
[2024-05-16T12:09:37.180+0000] {logging_mixin.py:188} INFO - [2024-05-16T12:09:37.180+0000] {dagbag.py:545} INFO - Filling up the DagBag from /usr/local/python/3.10.13/lib/python3.10/site-packages/airflow/example_dags/example_sensor_decorator.py
[2024-05-16T12:09:37.185+0000] {processor.py:840} INFO - DAG(s) 'example_sensor_decorator' retrieved from /usr/local/python/3.10.13/lib/python3.10/site-packages/airflow/example_dags/example_sensor_decorator.py
[2024-05-16T12:09:37.195+0000] {logging_mixin.py:188} INFO - [2024-05-16T12:09:37.195+0000] {dag.py:3096} INFO - Sync 1 DAGs
[2024-05-16T12:09:37.204+0000] {logging_mixin.py:188} INFO - [2024-05-16T12:09:37.204+0000] {dag.py:3954} INFO - Setting next_dagrun for example_sensor_decorator to None, run_after=None
[2024-05-16T12:09:37.249+0000] {processor.py:183} INFO - Processing /usr/local/python/3.10.13/lib/python3.10/site-packages/airflow/example_dags/example_sensor_decorator.py took 0.076 seconds
[2024-05-16T12:10:42.328+0000] {processor.py:161} INFO - Started process (PID=9197) to work on /usr/local/python/3.10.13/lib/python3.10/site-packages/airflow/example_dags/example_sensor_decorator.py
[2024-05-16T12:10:42.329+0000] {processor.py:830} INFO - Processing file /usr/local/python/3.10.13/lib/python3.10/site-packages/airflow/example_dags/example_sensor_decorator.py for tasks to queue
[2024-05-16T12:10:42.330+0000] {logging_mixin.py:188} INFO - [2024-05-16T12:10:42.330+0000] {dagbag.py:545} INFO - Filling up the DagBag from /usr/local/python/3.10.13/lib/python3.10/site-packages/airflow/example_dags/example_sensor_decorator.py
[2024-05-16T12:10:42.335+0000] {processor.py:840} INFO - DAG(s) 'example_sensor_decorator' retrieved from /usr/local/python/3.10.13/lib/python3.10/site-packages/airflow/example_dags/example_sensor_decorator.py
[2024-05-16T12:10:42.346+0000] {logging_mixin.py:188} INFO - [2024-05-16T12:10:42.346+0000] {dag.py:3096} INFO - Sync 1 DAGs
[2024-05-16T12:10:42.354+0000] {logging_mixin.py:188} INFO - [2024-05-16T12:10:42.354+0000] {dag.py:3954} INFO - Setting next_dagrun for example_sensor_decorator to None, run_after=None
[2024-05-16T12:10:42.399+0000] {processor.py:183} INFO - Processing /usr/local/python/3.10.13/lib/python3.10/site-packages/airflow/example_dags/example_sensor_decorator.py took 0.075 seconds
[2024-05-16T12:11:40.675+0000] {processor.py:161} INFO - Started process (PID=9609) to work on /usr/local/python/3.10.13/lib/python3.10/site-packages/airflow/example_dags/example_sensor_decorator.py
[2024-05-16T12:11:40.676+0000] {processor.py:830} INFO - Processing file /usr/local/python/3.10.13/lib/python3.10/site-packages/airflow/example_dags/example_sensor_decorator.py for tasks to queue
[2024-05-16T12:11:40.678+0000] {logging_mixin.py:188} INFO - [2024-05-16T12:11:40.677+0000] {dagbag.py:545} INFO - Filling up the DagBag from /usr/local/python/3.10.13/lib/python3.10/site-packages/airflow/example_dags/example_sensor_decorator.py
[2024-05-16T12:11:40.684+0000] {processor.py:840} INFO - DAG(s) 'example_sensor_decorator' retrieved from /usr/local/python/3.10.13/lib/python3.10/site-packages/airflow/example_dags/example_sensor_decorator.py
[2024-05-16T12:11:40.699+0000] {logging_mixin.py:188} INFO - [2024-05-16T12:11:40.699+0000] {dag.py:3096} INFO - Sync 1 DAGs
[2024-05-16T12:11:40.718+0000] {logging_mixin.py:188} INFO - [2024-05-16T12:11:40.718+0000] {dag.py:3954} INFO - Setting next_dagrun for example_sensor_decorator to None, run_after=None
[2024-05-16T12:11:40.782+0000] {processor.py:183} INFO - Processing /usr/local/python/3.10.13/lib/python3.10/site-packages/airflow/example_dags/example_sensor_decorator.py took 0.112 seconds
[2024-05-16T12:12:45.793+0000] {processor.py:161} INFO - Started process (PID=10052) to work on /usr/local/python/3.10.13/lib/python3.10/site-packages/airflow/example_dags/example_sensor_decorator.py
[2024-05-16T12:12:45.794+0000] {processor.py:830} INFO - Processing file /usr/local/python/3.10.13/lib/python3.10/site-packages/airflow/example_dags/example_sensor_decorator.py for tasks to queue
[2024-05-16T12:12:45.795+0000] {logging_mixin.py:188} INFO - [2024-05-16T12:12:45.795+0000] {dagbag.py:545} INFO - Filling up the DagBag from /usr/local/python/3.10.13/lib/python3.10/site-packages/airflow/example_dags/example_sensor_decorator.py
[2024-05-16T12:12:45.800+0000] {processor.py:840} INFO - DAG(s) 'example_sensor_decorator' retrieved from /usr/local/python/3.10.13/lib/python3.10/site-packages/airflow/example_dags/example_sensor_decorator.py
[2024-05-16T12:12:45.810+0000] {logging_mixin.py:188} INFO - [2024-05-16T12:12:45.810+0000] {dag.py:3096} INFO - Sync 1 DAGs
[2024-05-16T12:12:45.819+0000] {logging_mixin.py:188} INFO - [2024-05-16T12:12:45.819+0000] {dag.py:3954} INFO - Setting next_dagrun for example_sensor_decorator to None, run_after=None
[2024-05-16T12:12:45.864+0000] {processor.py:183} INFO - Processing /usr/local/python/3.10.13/lib/python3.10/site-packages/airflow/example_dags/example_sensor_decorator.py took 0.076 seconds
[2024-05-16T12:13:48.189+0000] {processor.py:161} INFO - Started process (PID=10494) to work on /usr/local/python/3.10.13/lib/python3.10/site-packages/airflow/example_dags/example_sensor_decorator.py
[2024-05-16T12:13:48.189+0000] {processor.py:830} INFO - Processing file /usr/local/python/3.10.13/lib/python3.10/site-packages/airflow/example_dags/example_sensor_decorator.py for tasks to queue
[2024-05-16T12:13:48.191+0000] {logging_mixin.py:188} INFO - [2024-05-16T12:13:48.190+0000] {dagbag.py:545} INFO - Filling up the DagBag from /usr/local/python/3.10.13/lib/python3.10/site-packages/airflow/example_dags/example_sensor_decorator.py
[2024-05-16T12:13:48.195+0000] {processor.py:840} INFO - DAG(s) 'example_sensor_decorator' retrieved from /usr/local/python/3.10.13/lib/python3.10/site-packages/airflow/example_dags/example_sensor_decorator.py
[2024-05-16T12:13:48.207+0000] {logging_mixin.py:188} INFO - [2024-05-16T12:13:48.207+0000] {dag.py:3096} INFO - Sync 1 DAGs
[2024-05-16T12:13:48.216+0000] {logging_mixin.py:188} INFO - [2024-05-16T12:13:48.215+0000] {dag.py:3954} INFO - Setting next_dagrun for example_sensor_decorator to None, run_after=None
[2024-05-16T12:13:48.264+0000] {processor.py:183} INFO - Processing /usr/local/python/3.10.13/lib/python3.10/site-packages/airflow/example_dags/example_sensor_decorator.py took 0.080 seconds
[2024-05-16T12:14:50.427+0000] {processor.py:161} INFO - Started process (PID=10925) to work on /usr/local/python/3.10.13/lib/python3.10/site-packages/airflow/example_dags/example_sensor_decorator.py
[2024-05-16T12:14:50.428+0000] {processor.py:830} INFO - Processing file /usr/local/python/3.10.13/lib/python3.10/site-packages/airflow/example_dags/example_sensor_decorator.py for tasks to queue
[2024-05-16T12:14:50.429+0000] {logging_mixin.py:188} INFO - [2024-05-16T12:14:50.429+0000] {dagbag.py:545} INFO - Filling up the DagBag from /usr/local/python/3.10.13/lib/python3.10/site-packages/airflow/example_dags/example_sensor_decorator.py
[2024-05-16T12:14:50.434+0000] {processor.py:840} INFO - DAG(s) 'example_sensor_decorator' retrieved from /usr/local/python/3.10.13/lib/python3.10/site-packages/airflow/example_dags/example_sensor_decorator.py
[2024-05-16T12:14:50.445+0000] {logging_mixin.py:188} INFO - [2024-05-16T12:14:50.445+0000] {dag.py:3096} INFO - Sync 1 DAGs
[2024-05-16T12:14:50.454+0000] {logging_mixin.py:188} INFO - [2024-05-16T12:14:50.454+0000] {dag.py:3954} INFO - Setting next_dagrun for example_sensor_decorator to None, run_after=None
[2024-05-16T12:14:50.504+0000] {processor.py:183} INFO - Processing /usr/local/python/3.10.13/lib/python3.10/site-packages/airflow/example_dags/example_sensor_decorator.py took 0.082 seconds
[2024-05-16T12:15:54.012+0000] {processor.py:161} INFO - Started process (PID=11374) to work on /usr/local/python/3.10.13/lib/python3.10/site-packages/airflow/example_dags/example_sensor_decorator.py
[2024-05-16T12:15:54.013+0000] {processor.py:830} INFO - Processing file /usr/local/python/3.10.13/lib/python3.10/site-packages/airflow/example_dags/example_sensor_decorator.py for tasks to queue
[2024-05-16T12:15:54.014+0000] {logging_mixin.py:188} INFO - [2024-05-16T12:15:54.014+0000] {dagbag.py:545} INFO - Filling up the DagBag from /usr/local/python/3.10.13/lib/python3.10/site-packages/airflow/example_dags/example_sensor_decorator.py
[2024-05-16T12:15:54.019+0000] {processor.py:840} INFO - DAG(s) 'example_sensor_decorator' retrieved from /usr/local/python/3.10.13/lib/python3.10/site-packages/airflow/example_dags/example_sensor_decorator.py
[2024-05-16T12:15:54.030+0000] {logging_mixin.py:188} INFO - [2024-05-16T12:15:54.030+0000] {dag.py:3096} INFO - Sync 1 DAGs
[2024-05-16T12:15:54.039+0000] {logging_mixin.py:188} INFO - [2024-05-16T12:15:54.039+0000] {dag.py:3954} INFO - Setting next_dagrun for example_sensor_decorator to None, run_after=None
[2024-05-16T12:15:54.084+0000] {processor.py:183} INFO - Processing /usr/local/python/3.10.13/lib/python3.10/site-packages/airflow/example_dags/example_sensor_decorator.py took 0.077 seconds
[2024-05-16T12:17:00.992+0000] {processor.py:161} INFO - Started process (PID=11867) to work on /usr/local/python/3.10.13/lib/python3.10/site-packages/airflow/example_dags/example_sensor_decorator.py
[2024-05-16T12:17:00.995+0000] {processor.py:830} INFO - Processing file /usr/local/python/3.10.13/lib/python3.10/site-packages/airflow/example_dags/example_sensor_decorator.py for tasks to queue
[2024-05-16T12:17:00.998+0000] {logging_mixin.py:188} INFO - [2024-05-16T12:17:00.998+0000] {dagbag.py:545} INFO - Filling up the DagBag from /usr/local/python/3.10.13/lib/python3.10/site-packages/airflow/example_dags/example_sensor_decorator.py
[2024-05-16T12:17:01.010+0000] {processor.py:840} INFO - DAG(s) 'example_sensor_decorator' retrieved from /usr/local/python/3.10.13/lib/python3.10/site-packages/airflow/example_dags/example_sensor_decorator.py
[2024-05-16T12:17:01.027+0000] {logging_mixin.py:188} INFO - [2024-05-16T12:17:01.026+0000] {dag.py:3096} INFO - Sync 1 DAGs
[2024-05-16T12:17:01.043+0000] {logging_mixin.py:188} INFO - [2024-05-16T12:17:01.043+0000] {dag.py:3954} INFO - Setting next_dagrun for example_sensor_decorator to None, run_after=None
[2024-05-16T12:17:01.115+0000] {processor.py:183} INFO - Processing /usr/local/python/3.10.13/lib/python3.10/site-packages/airflow/example_dags/example_sensor_decorator.py took 0.134 seconds
[2024-05-16T12:18:02.537+0000] {processor.py:161} INFO - Started process (PID=12315) to work on /usr/local/python/3.10.13/lib/python3.10/site-packages/airflow/example_dags/example_sensor_decorator.py
[2024-05-16T12:18:02.538+0000] {processor.py:830} INFO - Processing file /usr/local/python/3.10.13/lib/python3.10/site-packages/airflow/example_dags/example_sensor_decorator.py for tasks to queue
[2024-05-16T12:18:02.539+0000] {logging_mixin.py:188} INFO - [2024-05-16T12:18:02.539+0000] {dagbag.py:545} INFO - Filling up the DagBag from /usr/local/python/3.10.13/lib/python3.10/site-packages/airflow/example_dags/example_sensor_decorator.py
[2024-05-16T12:18:02.545+0000] {processor.py:840} INFO - DAG(s) 'example_sensor_decorator' retrieved from /usr/local/python/3.10.13/lib/python3.10/site-packages/airflow/example_dags/example_sensor_decorator.py
[2024-05-16T12:18:02.556+0000] {logging_mixin.py:188} INFO - [2024-05-16T12:18:02.556+0000] {dag.py:3096} INFO - Sync 1 DAGs
[2024-05-16T12:18:02.565+0000] {logging_mixin.py:188} INFO - [2024-05-16T12:18:02.564+0000] {dag.py:3954} INFO - Setting next_dagrun for example_sensor_decorator to None, run_after=None
[2024-05-16T12:18:02.609+0000] {processor.py:183} INFO - Processing /usr/local/python/3.10.13/lib/python3.10/site-packages/airflow/example_dags/example_sensor_decorator.py took 0.078 seconds
[2024-05-16T12:19:04.484+0000] {processor.py:161} INFO - Started process (PID=12757) to work on /usr/local/python/3.10.13/lib/python3.10/site-packages/airflow/example_dags/example_sensor_decorator.py
[2024-05-16T12:19:04.484+0000] {processor.py:830} INFO - Processing file /usr/local/python/3.10.13/lib/python3.10/site-packages/airflow/example_dags/example_sensor_decorator.py for tasks to queue
[2024-05-16T12:19:04.486+0000] {logging_mixin.py:188} INFO - [2024-05-16T12:19:04.485+0000] {dagbag.py:545} INFO - Filling up the DagBag from /usr/local/python/3.10.13/lib/python3.10/site-packages/airflow/example_dags/example_sensor_decorator.py
[2024-05-16T12:19:04.490+0000] {processor.py:840} INFO - DAG(s) 'example_sensor_decorator' retrieved from /usr/local/python/3.10.13/lib/python3.10/site-packages/airflow/example_dags/example_sensor_decorator.py
[2024-05-16T12:19:04.501+0000] {logging_mixin.py:188} INFO - [2024-05-16T12:19:04.501+0000] {dag.py:3096} INFO - Sync 1 DAGs
[2024-05-16T12:19:04.512+0000] {logging_mixin.py:188} INFO - [2024-05-16T12:19:04.512+0000] {dag.py:3954} INFO - Setting next_dagrun for example_sensor_decorator to None, run_after=None
[2024-05-16T12:19:04.560+0000] {processor.py:183} INFO - Processing /usr/local/python/3.10.13/lib/python3.10/site-packages/airflow/example_dags/example_sensor_decorator.py took 0.081 seconds
[2024-05-16T12:20:07.038+0000] {processor.py:161} INFO - Started process (PID=13200) to work on /usr/local/python/3.10.13/lib/python3.10/site-packages/airflow/example_dags/example_sensor_decorator.py
[2024-05-16T12:20:07.039+0000] {processor.py:830} INFO - Processing file /usr/local/python/3.10.13/lib/python3.10/site-packages/airflow/example_dags/example_sensor_decorator.py for tasks to queue
[2024-05-16T12:20:07.040+0000] {logging_mixin.py:188} INFO - [2024-05-16T12:20:07.040+0000] {dagbag.py:545} INFO - Filling up the DagBag from /usr/local/python/3.10.13/lib/python3.10/site-packages/airflow/example_dags/example_sensor_decorator.py
[2024-05-16T12:20:07.045+0000] {processor.py:840} INFO - DAG(s) 'example_sensor_decorator' retrieved from /usr/local/python/3.10.13/lib/python3.10/site-packages/airflow/example_dags/example_sensor_decorator.py
[2024-05-16T12:20:07.055+0000] {logging_mixin.py:188} INFO - [2024-05-16T12:20:07.055+0000] {dag.py:3096} INFO - Sync 1 DAGs
[2024-05-16T12:20:07.064+0000] {logging_mixin.py:188} INFO - [2024-05-16T12:20:07.064+0000] {dag.py:3954} INFO - Setting next_dagrun for example_sensor_decorator to None, run_after=None
[2024-05-16T12:20:07.113+0000] {processor.py:183} INFO - Processing /usr/local/python/3.10.13/lib/python3.10/site-packages/airflow/example_dags/example_sensor_decorator.py took 0.080 seconds
[2024-05-16T12:21:11.006+0000] {processor.py:161} INFO - Started process (PID=13656) to work on /usr/local/python/3.10.13/lib/python3.10/site-packages/airflow/example_dags/example_sensor_decorator.py
[2024-05-16T12:21:11.007+0000] {processor.py:830} INFO - Processing file /usr/local/python/3.10.13/lib/python3.10/site-packages/airflow/example_dags/example_sensor_decorator.py for tasks to queue
[2024-05-16T12:21:11.009+0000] {logging_mixin.py:188} INFO - [2024-05-16T12:21:11.008+0000] {dagbag.py:545} INFO - Filling up the DagBag from /usr/local/python/3.10.13/lib/python3.10/site-packages/airflow/example_dags/example_sensor_decorator.py
[2024-05-16T12:21:11.015+0000] {processor.py:840} INFO - DAG(s) 'example_sensor_decorator' retrieved from /usr/local/python/3.10.13/lib/python3.10/site-packages/airflow/example_dags/example_sensor_decorator.py
[2024-05-16T12:21:11.031+0000] {logging_mixin.py:188} INFO - [2024-05-16T12:21:11.030+0000] {dag.py:3096} INFO - Sync 1 DAGs
[2024-05-16T12:21:11.044+0000] {logging_mixin.py:188} INFO - [2024-05-16T12:21:11.044+0000] {dag.py:3954} INFO - Setting next_dagrun for example_sensor_decorator to None, run_after=None
[2024-05-16T12:21:11.094+0000] {processor.py:183} INFO - Processing /usr/local/python/3.10.13/lib/python3.10/site-packages/airflow/example_dags/example_sensor_decorator.py took 0.095 seconds
[2024-05-16T12:22:15.360+0000] {processor.py:161} INFO - Started process (PID=14110) to work on /usr/local/python/3.10.13/lib/python3.10/site-packages/airflow/example_dags/example_sensor_decorator.py
[2024-05-16T12:22:15.361+0000] {processor.py:830} INFO - Processing file /usr/local/python/3.10.13/lib/python3.10/site-packages/airflow/example_dags/example_sensor_decorator.py for tasks to queue
[2024-05-16T12:22:15.362+0000] {logging_mixin.py:188} INFO - [2024-05-16T12:22:15.362+0000] {dagbag.py:545} INFO - Filling up the DagBag from /usr/local/python/3.10.13/lib/python3.10/site-packages/airflow/example_dags/example_sensor_decorator.py
[2024-05-16T12:22:15.367+0000] {processor.py:840} INFO - DAG(s) 'example_sensor_decorator' retrieved from /usr/local/python/3.10.13/lib/python3.10/site-packages/airflow/example_dags/example_sensor_decorator.py
[2024-05-16T12:22:15.378+0000] {logging_mixin.py:188} INFO - [2024-05-16T12:22:15.377+0000] {dag.py:3096} INFO - Sync 1 DAGs
[2024-05-16T12:22:15.386+0000] {logging_mixin.py:188} INFO - [2024-05-16T12:22:15.386+0000] {dag.py:3954} INFO - Setting next_dagrun for example_sensor_decorator to None, run_after=None
[2024-05-16T12:22:15.446+0000] {processor.py:183} INFO - Processing /usr/local/python/3.10.13/lib/python3.10/site-packages/airflow/example_dags/example_sensor_decorator.py took 0.091 seconds
[2024-05-16T12:23:21.949+0000] {processor.py:161} INFO - Started process (PID=14616) to work on /usr/local/python/3.10.13/lib/python3.10/site-packages/airflow/example_dags/example_sensor_decorator.py
[2024-05-16T12:23:21.950+0000] {processor.py:830} INFO - Processing file /usr/local/python/3.10.13/lib/python3.10/site-packages/airflow/example_dags/example_sensor_decorator.py for tasks to queue
[2024-05-16T12:23:21.951+0000] {logging_mixin.py:188} INFO - [2024-05-16T12:23:21.951+0000] {dagbag.py:545} INFO - Filling up the DagBag from /usr/local/python/3.10.13/lib/python3.10/site-packages/airflow/example_dags/example_sensor_decorator.py
[2024-05-16T12:23:21.956+0000] {processor.py:840} INFO - DAG(s) 'example_sensor_decorator' retrieved from /usr/local/python/3.10.13/lib/python3.10/site-packages/airflow/example_dags/example_sensor_decorator.py
[2024-05-16T12:23:21.968+0000] {logging_mixin.py:188} INFO - [2024-05-16T12:23:21.967+0000] {dag.py:3096} INFO - Sync 1 DAGs
[2024-05-16T12:23:21.976+0000] {logging_mixin.py:188} INFO - [2024-05-16T12:23:21.976+0000] {dag.py:3954} INFO - Setting next_dagrun for example_sensor_decorator to None, run_after=None
[2024-05-16T12:23:22.025+0000] {processor.py:183} INFO - Processing /usr/local/python/3.10.13/lib/python3.10/site-packages/airflow/example_dags/example_sensor_decorator.py took 0.080 seconds
[2024-05-16T12:24:27.613+0000] {processor.py:161} INFO - Started process (PID=15101) to work on /usr/local/python/3.10.13/lib/python3.10/site-packages/airflow/example_dags/example_sensor_decorator.py
[2024-05-16T12:24:27.613+0000] {processor.py:830} INFO - Processing file /usr/local/python/3.10.13/lib/python3.10/site-packages/airflow/example_dags/example_sensor_decorator.py for tasks to queue
[2024-05-16T12:24:27.615+0000] {logging_mixin.py:188} INFO - [2024-05-16T12:24:27.614+0000] {dagbag.py:545} INFO - Filling up the DagBag from /usr/local/python/3.10.13/lib/python3.10/site-packages/airflow/example_dags/example_sensor_decorator.py
[2024-05-16T12:24:27.620+0000] {processor.py:840} INFO - DAG(s) 'example_sensor_decorator' retrieved from /usr/local/python/3.10.13/lib/python3.10/site-packages/airflow/example_dags/example_sensor_decorator.py
[2024-05-16T12:24:27.630+0000] {logging_mixin.py:188} INFO - [2024-05-16T12:24:27.630+0000] {dag.py:3096} INFO - Sync 1 DAGs
[2024-05-16T12:24:27.641+0000] {logging_mixin.py:188} INFO - [2024-05-16T12:24:27.640+0000] {dag.py:3954} INFO - Setting next_dagrun for example_sensor_decorator to None, run_after=None
[2024-05-16T12:24:27.690+0000] {processor.py:183} INFO - Processing /usr/local/python/3.10.13/lib/python3.10/site-packages/airflow/example_dags/example_sensor_decorator.py took 0.082 seconds
[2024-05-16T12:25:26.394+0000] {processor.py:161} INFO - Started process (PID=15555) to work on /usr/local/python/3.10.13/lib/python3.10/site-packages/airflow/example_dags/example_sensor_decorator.py
[2024-05-16T12:25:26.395+0000] {processor.py:830} INFO - Processing file /usr/local/python/3.10.13/lib/python3.10/site-packages/airflow/example_dags/example_sensor_decorator.py for tasks to queue
[2024-05-16T12:25:26.396+0000] {logging_mixin.py:188} INFO - [2024-05-16T12:25:26.396+0000] {dagbag.py:545} INFO - Filling up the DagBag from /usr/local/python/3.10.13/lib/python3.10/site-packages/airflow/example_dags/example_sensor_decorator.py
[2024-05-16T12:25:26.401+0000] {processor.py:840} INFO - DAG(s) 'example_sensor_decorator' retrieved from /usr/local/python/3.10.13/lib/python3.10/site-packages/airflow/example_dags/example_sensor_decorator.py
[2024-05-16T12:25:26.412+0000] {logging_mixin.py:188} INFO - [2024-05-16T12:25:26.411+0000] {dag.py:3096} INFO - Sync 1 DAGs
[2024-05-16T12:25:26.420+0000] {logging_mixin.py:188} INFO - [2024-05-16T12:25:26.420+0000] {dag.py:3954} INFO - Setting next_dagrun for example_sensor_decorator to None, run_after=None
[2024-05-16T12:25:26.473+0000] {processor.py:183} INFO - Processing /usr/local/python/3.10.13/lib/python3.10/site-packages/airflow/example_dags/example_sensor_decorator.py took 0.084 seconds
[2024-05-16T12:26:25.673+0000] {processor.py:161} INFO - Started process (PID=15999) to work on /usr/local/python/3.10.13/lib/python3.10/site-packages/airflow/example_dags/example_sensor_decorator.py
[2024-05-16T12:26:25.674+0000] {processor.py:830} INFO - Processing file /usr/local/python/3.10.13/lib/python3.10/site-packages/airflow/example_dags/example_sensor_decorator.py for tasks to queue
[2024-05-16T12:26:25.676+0000] {logging_mixin.py:188} INFO - [2024-05-16T12:26:25.675+0000] {dagbag.py:545} INFO - Filling up the DagBag from /usr/local/python/3.10.13/lib/python3.10/site-packages/airflow/example_dags/example_sensor_decorator.py
[2024-05-16T12:26:25.680+0000] {processor.py:840} INFO - DAG(s) 'example_sensor_decorator' retrieved from /usr/local/python/3.10.13/lib/python3.10/site-packages/airflow/example_dags/example_sensor_decorator.py
[2024-05-16T12:26:25.691+0000] {logging_mixin.py:188} INFO - [2024-05-16T12:26:25.691+0000] {dag.py:3096} INFO - Sync 1 DAGs
[2024-05-16T12:26:25.700+0000] {logging_mixin.py:188} INFO - [2024-05-16T12:26:25.700+0000] {dag.py:3954} INFO - Setting next_dagrun for example_sensor_decorator to None, run_after=None
[2024-05-16T12:26:25.753+0000] {processor.py:183} INFO - Processing /usr/local/python/3.10.13/lib/python3.10/site-packages/airflow/example_dags/example_sensor_decorator.py took 0.085 seconds
[2024-05-16T12:27:30.458+0000] {processor.py:161} INFO - Started process (PID=16473) to work on /usr/local/python/3.10.13/lib/python3.10/site-packages/airflow/example_dags/example_sensor_decorator.py
[2024-05-16T12:27:30.459+0000] {processor.py:830} INFO - Processing file /usr/local/python/3.10.13/lib/python3.10/site-packages/airflow/example_dags/example_sensor_decorator.py for tasks to queue
[2024-05-16T12:27:30.460+0000] {logging_mixin.py:188} INFO - [2024-05-16T12:27:30.460+0000] {dagbag.py:545} INFO - Filling up the DagBag from /usr/local/python/3.10.13/lib/python3.10/site-packages/airflow/example_dags/example_sensor_decorator.py
[2024-05-16T12:27:30.464+0000] {processor.py:840} INFO - DAG(s) 'example_sensor_decorator' retrieved from /usr/local/python/3.10.13/lib/python3.10/site-packages/airflow/example_dags/example_sensor_decorator.py
[2024-05-16T12:27:30.475+0000] {logging_mixin.py:188} INFO - [2024-05-16T12:27:30.475+0000] {dag.py:3096} INFO - Sync 1 DAGs
[2024-05-16T12:27:30.485+0000] {logging_mixin.py:188} INFO - [2024-05-16T12:27:30.485+0000] {dag.py:3954} INFO - Setting next_dagrun for example_sensor_decorator to None, run_after=None
[2024-05-16T12:27:30.531+0000] {processor.py:183} INFO - Processing /usr/local/python/3.10.13/lib/python3.10/site-packages/airflow/example_dags/example_sensor_decorator.py took 0.078 seconds
[2024-05-16T12:28:33.437+0000] {processor.py:161} INFO - Started process (PID=16941) to work on /usr/local/python/3.10.13/lib/python3.10/site-packages/airflow/example_dags/example_sensor_decorator.py
[2024-05-16T12:28:33.438+0000] {processor.py:830} INFO - Processing file /usr/local/python/3.10.13/lib/python3.10/site-packages/airflow/example_dags/example_sensor_decorator.py for tasks to queue
[2024-05-16T12:28:33.440+0000] {logging_mixin.py:188} INFO - [2024-05-16T12:28:33.439+0000] {dagbag.py:545} INFO - Filling up the DagBag from /usr/local/python/3.10.13/lib/python3.10/site-packages/airflow/example_dags/example_sensor_decorator.py
[2024-05-16T12:28:33.445+0000] {processor.py:840} INFO - DAG(s) 'example_sensor_decorator' retrieved from /usr/local/python/3.10.13/lib/python3.10/site-packages/airflow/example_dags/example_sensor_decorator.py
[2024-05-16T12:28:33.461+0000] {logging_mixin.py:188} INFO - [2024-05-16T12:28:33.460+0000] {dag.py:3096} INFO - Sync 1 DAGs
[2024-05-16T12:28:33.477+0000] {logging_mixin.py:188} INFO - [2024-05-16T12:28:33.476+0000] {dag.py:3954} INFO - Setting next_dagrun for example_sensor_decorator to None, run_after=None
[2024-05-16T12:28:33.531+0000] {processor.py:183} INFO - Processing /usr/local/python/3.10.13/lib/python3.10/site-packages/airflow/example_dags/example_sensor_decorator.py took 0.099 seconds
[2024-05-16T12:29:38.280+0000] {processor.py:161} INFO - Started process (PID=17405) to work on /usr/local/python/3.10.13/lib/python3.10/site-packages/airflow/example_dags/example_sensor_decorator.py
[2024-05-16T12:29:38.281+0000] {processor.py:830} INFO - Processing file /usr/local/python/3.10.13/lib/python3.10/site-packages/airflow/example_dags/example_sensor_decorator.py for tasks to queue
[2024-05-16T12:29:38.282+0000] {logging_mixin.py:188} INFO - [2024-05-16T12:29:38.282+0000] {dagbag.py:545} INFO - Filling up the DagBag from /usr/local/python/3.10.13/lib/python3.10/site-packages/airflow/example_dags/example_sensor_decorator.py
[2024-05-16T12:29:38.287+0000] {processor.py:840} INFO - DAG(s) 'example_sensor_decorator' retrieved from /usr/local/python/3.10.13/lib/python3.10/site-packages/airflow/example_dags/example_sensor_decorator.py
[2024-05-16T12:29:38.299+0000] {logging_mixin.py:188} INFO - [2024-05-16T12:29:38.299+0000] {dag.py:3096} INFO - Sync 1 DAGs
[2024-05-16T12:29:38.310+0000] {logging_mixin.py:188} INFO - [2024-05-16T12:29:38.310+0000] {dag.py:3954} INFO - Setting next_dagrun for example_sensor_decorator to None, run_after=None
[2024-05-16T12:29:38.354+0000] {processor.py:183} INFO - Processing /usr/local/python/3.10.13/lib/python3.10/site-packages/airflow/example_dags/example_sensor_decorator.py took 0.079 seconds
[2024-05-16T12:30:42.755+0000] {processor.py:161} INFO - Started process (PID=17860) to work on /usr/local/python/3.10.13/lib/python3.10/site-packages/airflow/example_dags/example_sensor_decorator.py
[2024-05-16T12:30:42.756+0000] {processor.py:830} INFO - Processing file /usr/local/python/3.10.13/lib/python3.10/site-packages/airflow/example_dags/example_sensor_decorator.py for tasks to queue
[2024-05-16T12:30:42.757+0000] {logging_mixin.py:188} INFO - [2024-05-16T12:30:42.757+0000] {dagbag.py:545} INFO - Filling up the DagBag from /usr/local/python/3.10.13/lib/python3.10/site-packages/airflow/example_dags/example_sensor_decorator.py
[2024-05-16T12:30:42.762+0000] {processor.py:840} INFO - DAG(s) 'example_sensor_decorator' retrieved from /usr/local/python/3.10.13/lib/python3.10/site-packages/airflow/example_dags/example_sensor_decorator.py
[2024-05-16T12:30:42.774+0000] {logging_mixin.py:188} INFO - [2024-05-16T12:30:42.774+0000] {dag.py:3096} INFO - Sync 1 DAGs
[2024-05-16T12:30:42.782+0000] {logging_mixin.py:188} INFO - [2024-05-16T12:30:42.782+0000] {dag.py:3954} INFO - Setting next_dagrun for example_sensor_decorator to None, run_after=None
[2024-05-16T12:30:42.828+0000] {processor.py:183} INFO - Processing /usr/local/python/3.10.13/lib/python3.10/site-packages/airflow/example_dags/example_sensor_decorator.py took 0.080 seconds
[2024-05-16T12:31:48.744+0000] {processor.py:161} INFO - Started process (PID=18352) to work on /usr/local/python/3.10.13/lib/python3.10/site-packages/airflow/example_dags/example_sensor_decorator.py
[2024-05-16T12:31:48.745+0000] {processor.py:830} INFO - Processing file /usr/local/python/3.10.13/lib/python3.10/site-packages/airflow/example_dags/example_sensor_decorator.py for tasks to queue
[2024-05-16T12:31:48.747+0000] {logging_mixin.py:188} INFO - [2024-05-16T12:31:48.746+0000] {dagbag.py:545} INFO - Filling up the DagBag from /usr/local/python/3.10.13/lib/python3.10/site-packages/airflow/example_dags/example_sensor_decorator.py
[2024-05-16T12:31:48.752+0000] {processor.py:840} INFO - DAG(s) 'example_sensor_decorator' retrieved from /usr/local/python/3.10.13/lib/python3.10/site-packages/airflow/example_dags/example_sensor_decorator.py
[2024-05-16T12:31:48.763+0000] {logging_mixin.py:188} INFO - [2024-05-16T12:31:48.763+0000] {dag.py:3096} INFO - Sync 1 DAGs
[2024-05-16T12:31:48.772+0000] {logging_mixin.py:188} INFO - [2024-05-16T12:31:48.772+0000] {dag.py:3954} INFO - Setting next_dagrun for example_sensor_decorator to None, run_after=None
[2024-05-16T12:31:48.816+0000] {processor.py:183} INFO - Processing /usr/local/python/3.10.13/lib/python3.10/site-packages/airflow/example_dags/example_sensor_decorator.py took 0.077 seconds
[2024-05-16T12:32:49.106+0000] {processor.py:161} INFO - Started process (PID=18783) to work on /usr/local/python/3.10.13/lib/python3.10/site-packages/airflow/example_dags/example_sensor_decorator.py
[2024-05-16T12:32:49.107+0000] {processor.py:830} INFO - Processing file /usr/local/python/3.10.13/lib/python3.10/site-packages/airflow/example_dags/example_sensor_decorator.py for tasks to queue
[2024-05-16T12:32:49.108+0000] {logging_mixin.py:188} INFO - [2024-05-16T12:32:49.108+0000] {dagbag.py:545} INFO - Filling up the DagBag from /usr/local/python/3.10.13/lib/python3.10/site-packages/airflow/example_dags/example_sensor_decorator.py
[2024-05-16T12:32:49.113+0000] {processor.py:840} INFO - DAG(s) 'example_sensor_decorator' retrieved from /usr/local/python/3.10.13/lib/python3.10/site-packages/airflow/example_dags/example_sensor_decorator.py
[2024-05-16T12:32:49.125+0000] {logging_mixin.py:188} INFO - [2024-05-16T12:32:49.124+0000] {dag.py:3096} INFO - Sync 1 DAGs
[2024-05-16T12:32:49.134+0000] {logging_mixin.py:188} INFO - [2024-05-16T12:32:49.134+0000] {dag.py:3954} INFO - Setting next_dagrun for example_sensor_decorator to None, run_after=None
[2024-05-16T12:32:49.181+0000] {processor.py:183} INFO - Processing /usr/local/python/3.10.13/lib/python3.10/site-packages/airflow/example_dags/example_sensor_decorator.py took 0.080 seconds
[2024-05-16T12:33:53.116+0000] {processor.py:161} INFO - Started process (PID=19253) to work on /usr/local/python/3.10.13/lib/python3.10/site-packages/airflow/example_dags/example_sensor_decorator.py
[2024-05-16T12:33:53.117+0000] {processor.py:830} INFO - Processing file /usr/local/python/3.10.13/lib/python3.10/site-packages/airflow/example_dags/example_sensor_decorator.py for tasks to queue
[2024-05-16T12:33:53.118+0000] {logging_mixin.py:188} INFO - [2024-05-16T12:33:53.118+0000] {dagbag.py:545} INFO - Filling up the DagBag from /usr/local/python/3.10.13/lib/python3.10/site-packages/airflow/example_dags/example_sensor_decorator.py
[2024-05-16T12:33:53.123+0000] {processor.py:840} INFO - DAG(s) 'example_sensor_decorator' retrieved from /usr/local/python/3.10.13/lib/python3.10/site-packages/airflow/example_dags/example_sensor_decorator.py
[2024-05-16T12:33:53.133+0000] {logging_mixin.py:188} INFO - [2024-05-16T12:33:53.133+0000] {dag.py:3096} INFO - Sync 1 DAGs
[2024-05-16T12:33:53.146+0000] {logging_mixin.py:188} INFO - [2024-05-16T12:33:53.145+0000] {dag.py:3954} INFO - Setting next_dagrun for example_sensor_decorator to None, run_after=None
[2024-05-16T12:33:53.195+0000] {processor.py:183} INFO - Processing /usr/local/python/3.10.13/lib/python3.10/site-packages/airflow/example_dags/example_sensor_decorator.py took 0.084 seconds
[2024-05-16T12:34:57.751+0000] {processor.py:161} INFO - Started process (PID=19728) to work on /usr/local/python/3.10.13/lib/python3.10/site-packages/airflow/example_dags/example_sensor_decorator.py
[2024-05-16T12:34:57.751+0000] {processor.py:830} INFO - Processing file /usr/local/python/3.10.13/lib/python3.10/site-packages/airflow/example_dags/example_sensor_decorator.py for tasks to queue
[2024-05-16T12:34:57.753+0000] {logging_mixin.py:188} INFO - [2024-05-16T12:34:57.752+0000] {dagbag.py:545} INFO - Filling up the DagBag from /usr/local/python/3.10.13/lib/python3.10/site-packages/airflow/example_dags/example_sensor_decorator.py
[2024-05-16T12:34:57.758+0000] {processor.py:840} INFO - DAG(s) 'example_sensor_decorator' retrieved from /usr/local/python/3.10.13/lib/python3.10/site-packages/airflow/example_dags/example_sensor_decorator.py
[2024-05-16T12:34:57.769+0000] {logging_mixin.py:188} INFO - [2024-05-16T12:34:57.769+0000] {dag.py:3096} INFO - Sync 1 DAGs
[2024-05-16T12:34:57.779+0000] {logging_mixin.py:188} INFO - [2024-05-16T12:34:57.779+0000] {dag.py:3954} INFO - Setting next_dagrun for example_sensor_decorator to None, run_after=None
[2024-05-16T12:34:57.823+0000] {processor.py:183} INFO - Processing /usr/local/python/3.10.13/lib/python3.10/site-packages/airflow/example_dags/example_sensor_decorator.py took 0.079 seconds
[2024-05-16T12:36:01.003+0000] {processor.py:161} INFO - Started process (PID=20185) to work on /usr/local/python/3.10.13/lib/python3.10/site-packages/airflow/example_dags/example_sensor_decorator.py
[2024-05-16T12:36:01.004+0000] {processor.py:830} INFO - Processing file /usr/local/python/3.10.13/lib/python3.10/site-packages/airflow/example_dags/example_sensor_decorator.py for tasks to queue
[2024-05-16T12:36:01.005+0000] {logging_mixin.py:188} INFO - [2024-05-16T12:36:01.005+0000] {dagbag.py:545} INFO - Filling up the DagBag from /usr/local/python/3.10.13/lib/python3.10/site-packages/airflow/example_dags/example_sensor_decorator.py
[2024-05-16T12:36:01.010+0000] {processor.py:840} INFO - DAG(s) 'example_sensor_decorator' retrieved from /usr/local/python/3.10.13/lib/python3.10/site-packages/airflow/example_dags/example_sensor_decorator.py
[2024-05-16T12:36:01.020+0000] {logging_mixin.py:188} INFO - [2024-05-16T12:36:01.020+0000] {dag.py:3096} INFO - Sync 1 DAGs
[2024-05-16T12:36:01.029+0000] {logging_mixin.py:188} INFO - [2024-05-16T12:36:01.029+0000] {dag.py:3954} INFO - Setting next_dagrun for example_sensor_decorator to None, run_after=None
[2024-05-16T12:36:01.075+0000] {processor.py:183} INFO - Processing /usr/local/python/3.10.13/lib/python3.10/site-packages/airflow/example_dags/example_sensor_decorator.py took 0.077 seconds
[2024-05-16T12:37:02.142+0000] {processor.py:161} INFO - Started process (PID=20626) to work on /usr/local/python/3.10.13/lib/python3.10/site-packages/airflow/example_dags/example_sensor_decorator.py
[2024-05-16T12:37:02.143+0000] {processor.py:830} INFO - Processing file /usr/local/python/3.10.13/lib/python3.10/site-packages/airflow/example_dags/example_sensor_decorator.py for tasks to queue
[2024-05-16T12:37:02.145+0000] {logging_mixin.py:188} INFO - [2024-05-16T12:37:02.144+0000] {dagbag.py:545} INFO - Filling up the DagBag from /usr/local/python/3.10.13/lib/python3.10/site-packages/airflow/example_dags/example_sensor_decorator.py
[2024-05-16T12:37:02.149+0000] {processor.py:840} INFO - DAG(s) 'example_sensor_decorator' retrieved from /usr/local/python/3.10.13/lib/python3.10/site-packages/airflow/example_dags/example_sensor_decorator.py
[2024-05-16T12:37:02.160+0000] {logging_mixin.py:188} INFO - [2024-05-16T12:37:02.160+0000] {dag.py:3096} INFO - Sync 1 DAGs
[2024-05-16T12:37:02.169+0000] {logging_mixin.py:188} INFO - [2024-05-16T12:37:02.169+0000] {dag.py:3954} INFO - Setting next_dagrun for example_sensor_decorator to None, run_after=None
[2024-05-16T12:37:02.218+0000] {processor.py:183} INFO - Processing /usr/local/python/3.10.13/lib/python3.10/site-packages/airflow/example_dags/example_sensor_decorator.py took 0.081 seconds
[2024-05-16T12:38:04.138+0000] {processor.py:161} INFO - Started process (PID=21062) to work on /usr/local/python/3.10.13/lib/python3.10/site-packages/airflow/example_dags/example_sensor_decorator.py
[2024-05-16T12:38:04.139+0000] {processor.py:830} INFO - Processing file /usr/local/python/3.10.13/lib/python3.10/site-packages/airflow/example_dags/example_sensor_decorator.py for tasks to queue
[2024-05-16T12:38:04.140+0000] {logging_mixin.py:188} INFO - [2024-05-16T12:38:04.140+0000] {dagbag.py:545} INFO - Filling up the DagBag from /usr/local/python/3.10.13/lib/python3.10/site-packages/airflow/example_dags/example_sensor_decorator.py
[2024-05-16T12:38:04.145+0000] {processor.py:840} INFO - DAG(s) 'example_sensor_decorator' retrieved from /usr/local/python/3.10.13/lib/python3.10/site-packages/airflow/example_dags/example_sensor_decorator.py
[2024-05-16T12:38:04.159+0000] {logging_mixin.py:188} INFO - [2024-05-16T12:38:04.158+0000] {dag.py:3096} INFO - Sync 1 DAGs
[2024-05-16T12:38:04.169+0000] {logging_mixin.py:188} INFO - [2024-05-16T12:38:04.169+0000] {dag.py:3954} INFO - Setting next_dagrun for example_sensor_decorator to None, run_after=None
[2024-05-16T12:38:04.219+0000] {processor.py:183} INFO - Processing /usr/local/python/3.10.13/lib/python3.10/site-packages/airflow/example_dags/example_sensor_decorator.py took 0.086 seconds
[2024-05-16T12:39:03.197+0000] {processor.py:161} INFO - Started process (PID=21485) to work on /usr/local/python/3.10.13/lib/python3.10/site-packages/airflow/example_dags/example_sensor_decorator.py
[2024-05-16T12:39:03.198+0000] {processor.py:830} INFO - Processing file /usr/local/python/3.10.13/lib/python3.10/site-packages/airflow/example_dags/example_sensor_decorator.py for tasks to queue
[2024-05-16T12:39:03.199+0000] {logging_mixin.py:188} INFO - [2024-05-16T12:39:03.199+0000] {dagbag.py:545} INFO - Filling up the DagBag from /usr/local/python/3.10.13/lib/python3.10/site-packages/airflow/example_dags/example_sensor_decorator.py
[2024-05-16T12:39:03.205+0000] {processor.py:840} INFO - DAG(s) 'example_sensor_decorator' retrieved from /usr/local/python/3.10.13/lib/python3.10/site-packages/airflow/example_dags/example_sensor_decorator.py
[2024-05-16T12:39:03.219+0000] {logging_mixin.py:188} INFO - [2024-05-16T12:39:03.219+0000] {dag.py:3096} INFO - Sync 1 DAGs
[2024-05-16T12:39:03.228+0000] {logging_mixin.py:188} INFO - [2024-05-16T12:39:03.228+0000] {dag.py:3954} INFO - Setting next_dagrun for example_sensor_decorator to None, run_after=None
[2024-05-16T12:39:03.276+0000] {processor.py:183} INFO - Processing /usr/local/python/3.10.13/lib/python3.10/site-packages/airflow/example_dags/example_sensor_decorator.py took 0.085 seconds
[2024-05-16T12:40:08.362+0000] {processor.py:161} INFO - Started process (PID=21966) to work on /usr/local/python/3.10.13/lib/python3.10/site-packages/airflow/example_dags/example_sensor_decorator.py
[2024-05-16T12:40:08.362+0000] {processor.py:830} INFO - Processing file /usr/local/python/3.10.13/lib/python3.10/site-packages/airflow/example_dags/example_sensor_decorator.py for tasks to queue
[2024-05-16T12:40:08.364+0000] {logging_mixin.py:188} INFO - [2024-05-16T12:40:08.363+0000] {dagbag.py:545} INFO - Filling up the DagBag from /usr/local/python/3.10.13/lib/python3.10/site-packages/airflow/example_dags/example_sensor_decorator.py
[2024-05-16T12:40:08.368+0000] {processor.py:840} INFO - DAG(s) 'example_sensor_decorator' retrieved from /usr/local/python/3.10.13/lib/python3.10/site-packages/airflow/example_dags/example_sensor_decorator.py
[2024-05-16T12:40:08.379+0000] {logging_mixin.py:188} INFO - [2024-05-16T12:40:08.379+0000] {dag.py:3096} INFO - Sync 1 DAGs
[2024-05-16T12:40:08.388+0000] {logging_mixin.py:188} INFO - [2024-05-16T12:40:08.388+0000] {dag.py:3954} INFO - Setting next_dagrun for example_sensor_decorator to None, run_after=None
[2024-05-16T12:40:08.432+0000] {processor.py:183} INFO - Processing /usr/local/python/3.10.13/lib/python3.10/site-packages/airflow/example_dags/example_sensor_decorator.py took 0.075 seconds
[2024-05-16T12:41:11.171+0000] {processor.py:161} INFO - Started process (PID=22414) to work on /usr/local/python/3.10.13/lib/python3.10/site-packages/airflow/example_dags/example_sensor_decorator.py
[2024-05-16T12:41:11.172+0000] {processor.py:830} INFO - Processing file /usr/local/python/3.10.13/lib/python3.10/site-packages/airflow/example_dags/example_sensor_decorator.py for tasks to queue
[2024-05-16T12:41:11.174+0000] {logging_mixin.py:188} INFO - [2024-05-16T12:41:11.173+0000] {dagbag.py:545} INFO - Filling up the DagBag from /usr/local/python/3.10.13/lib/python3.10/site-packages/airflow/example_dags/example_sensor_decorator.py
[2024-05-16T12:41:11.178+0000] {processor.py:840} INFO - DAG(s) 'example_sensor_decorator' retrieved from /usr/local/python/3.10.13/lib/python3.10/site-packages/airflow/example_dags/example_sensor_decorator.py
[2024-05-16T12:41:11.189+0000] {logging_mixin.py:188} INFO - [2024-05-16T12:41:11.189+0000] {dag.py:3096} INFO - Sync 1 DAGs
[2024-05-16T12:41:11.199+0000] {logging_mixin.py:188} INFO - [2024-05-16T12:41:11.198+0000] {dag.py:3954} INFO - Setting next_dagrun for example_sensor_decorator to None, run_after=None
[2024-05-16T12:41:11.245+0000] {processor.py:183} INFO - Processing /usr/local/python/3.10.13/lib/python3.10/site-packages/airflow/example_dags/example_sensor_decorator.py took 0.078 seconds
[2024-05-16T12:42:14.988+0000] {processor.py:161} INFO - Started process (PID=22868) to work on /usr/local/python/3.10.13/lib/python3.10/site-packages/airflow/example_dags/example_sensor_decorator.py
[2024-05-16T12:42:14.988+0000] {processor.py:830} INFO - Processing file /usr/local/python/3.10.13/lib/python3.10/site-packages/airflow/example_dags/example_sensor_decorator.py for tasks to queue
[2024-05-16T12:42:14.990+0000] {logging_mixin.py:188} INFO - [2024-05-16T12:42:14.989+0000] {dagbag.py:545} INFO - Filling up the DagBag from /usr/local/python/3.10.13/lib/python3.10/site-packages/airflow/example_dags/example_sensor_decorator.py
[2024-05-16T12:42:14.996+0000] {processor.py:840} INFO - DAG(s) 'example_sensor_decorator' retrieved from /usr/local/python/3.10.13/lib/python3.10/site-packages/airflow/example_dags/example_sensor_decorator.py
[2024-05-16T12:42:15.007+0000] {logging_mixin.py:188} INFO - [2024-05-16T12:42:15.006+0000] {dag.py:3096} INFO - Sync 1 DAGs
[2024-05-16T12:42:15.015+0000] {logging_mixin.py:188} INFO - [2024-05-16T12:42:15.015+0000] {dag.py:3954} INFO - Setting next_dagrun for example_sensor_decorator to None, run_after=None
[2024-05-16T12:42:15.091+0000] {processor.py:183} INFO - Processing /usr/local/python/3.10.13/lib/python3.10/site-packages/airflow/example_dags/example_sensor_decorator.py took 0.108 seconds
[2024-05-16T12:43:17.012+0000] {processor.py:161} INFO - Started process (PID=23330) to work on /usr/local/python/3.10.13/lib/python3.10/site-packages/airflow/example_dags/example_sensor_decorator.py
[2024-05-16T12:43:17.013+0000] {processor.py:830} INFO - Processing file /usr/local/python/3.10.13/lib/python3.10/site-packages/airflow/example_dags/example_sensor_decorator.py for tasks to queue
[2024-05-16T12:43:17.014+0000] {logging_mixin.py:188} INFO - [2024-05-16T12:43:17.014+0000] {dagbag.py:545} INFO - Filling up the DagBag from /usr/local/python/3.10.13/lib/python3.10/site-packages/airflow/example_dags/example_sensor_decorator.py
[2024-05-16T12:43:17.020+0000] {processor.py:840} INFO - DAG(s) 'example_sensor_decorator' retrieved from /usr/local/python/3.10.13/lib/python3.10/site-packages/airflow/example_dags/example_sensor_decorator.py
[2024-05-16T12:43:17.031+0000] {logging_mixin.py:188} INFO - [2024-05-16T12:43:17.030+0000] {dag.py:3096} INFO - Sync 1 DAGs
[2024-05-16T12:43:17.041+0000] {logging_mixin.py:188} INFO - [2024-05-16T12:43:17.041+0000] {dag.py:3954} INFO - Setting next_dagrun for example_sensor_decorator to None, run_after=None
[2024-05-16T12:43:17.100+0000] {processor.py:183} INFO - Processing /usr/local/python/3.10.13/lib/python3.10/site-packages/airflow/example_dags/example_sensor_decorator.py took 0.092 seconds
[2024-05-16T12:44:22.110+0000] {processor.py:161} INFO - Started process (PID=23804) to work on /usr/local/python/3.10.13/lib/python3.10/site-packages/airflow/example_dags/example_sensor_decorator.py
[2024-05-16T12:44:22.112+0000] {processor.py:830} INFO - Processing file /usr/local/python/3.10.13/lib/python3.10/site-packages/airflow/example_dags/example_sensor_decorator.py for tasks to queue
[2024-05-16T12:44:22.114+0000] {logging_mixin.py:188} INFO - [2024-05-16T12:44:22.113+0000] {dagbag.py:545} INFO - Filling up the DagBag from /usr/local/python/3.10.13/lib/python3.10/site-packages/airflow/example_dags/example_sensor_decorator.py
[2024-05-16T12:44:22.119+0000] {processor.py:840} INFO - DAG(s) 'example_sensor_decorator' retrieved from /usr/local/python/3.10.13/lib/python3.10/site-packages/airflow/example_dags/example_sensor_decorator.py
[2024-05-16T12:44:22.140+0000] {logging_mixin.py:188} INFO - [2024-05-16T12:44:22.140+0000] {dag.py:3096} INFO - Sync 1 DAGs
[2024-05-16T12:44:22.155+0000] {logging_mixin.py:188} INFO - [2024-05-16T12:44:22.154+0000] {dag.py:3954} INFO - Setting next_dagrun for example_sensor_decorator to None, run_after=None
[2024-05-16T12:44:22.206+0000] {processor.py:183} INFO - Processing /usr/local/python/3.10.13/lib/python3.10/site-packages/airflow/example_dags/example_sensor_decorator.py took 0.103 seconds
[2024-05-16T12:45:27.138+0000] {processor.py:161} INFO - Started process (PID=24379) to work on /usr/local/python/3.10.13/lib/python3.10/site-packages/airflow/example_dags/example_sensor_decorator.py
[2024-05-16T12:45:27.139+0000] {processor.py:830} INFO - Processing file /usr/local/python/3.10.13/lib/python3.10/site-packages/airflow/example_dags/example_sensor_decorator.py for tasks to queue
[2024-05-16T12:45:27.141+0000] {logging_mixin.py:188} INFO - [2024-05-16T12:45:27.140+0000] {dagbag.py:545} INFO - Filling up the DagBag from /usr/local/python/3.10.13/lib/python3.10/site-packages/airflow/example_dags/example_sensor_decorator.py
[2024-05-16T12:45:27.145+0000] {processor.py:840} INFO - DAG(s) 'example_sensor_decorator' retrieved from /usr/local/python/3.10.13/lib/python3.10/site-packages/airflow/example_dags/example_sensor_decorator.py
[2024-05-16T12:45:27.157+0000] {logging_mixin.py:188} INFO - [2024-05-16T12:45:27.157+0000] {dag.py:3096} INFO - Sync 1 DAGs
[2024-05-16T12:45:27.168+0000] {logging_mixin.py:188} INFO - [2024-05-16T12:45:27.167+0000] {dag.py:3954} INFO - Setting next_dagrun for example_sensor_decorator to None, run_after=None
[2024-05-16T12:45:27.213+0000] {processor.py:183} INFO - Processing /usr/local/python/3.10.13/lib/python3.10/site-packages/airflow/example_dags/example_sensor_decorator.py took 0.080 seconds
