[2024-05-16T12:06:51.127+0000] {processor.py:161} INFO - Started process (PID=7581) to work on /usr/local/python/3.10.13/lib/python3.10/site-packages/airflow/example_dags/example_nested_branch_dag.py
[2024-05-16T12:06:51.128+0000] {processor.py:830} INFO - Processing file /usr/local/python/3.10.13/lib/python3.10/site-packages/airflow/example_dags/example_nested_branch_dag.py for tasks to queue
[2024-05-16T12:06:51.129+0000] {logging_mixin.py:188} INFO - [2024-05-16T12:06:51.129+0000] {dagbag.py:545} INFO - Filling up the DagBag from /usr/local/python/3.10.13/lib/python3.10/site-packages/airflow/example_dags/example_nested_branch_dag.py
[2024-05-16T12:06:51.137+0000] {processor.py:840} INFO - DAG(s) 'example_nested_branch_dag' retrieved from /usr/local/python/3.10.13/lib/python3.10/site-packages/airflow/example_dags/example_nested_branch_dag.py
[2024-05-16T12:06:51.288+0000] {logging_mixin.py:188} INFO - [2024-05-16T12:06:51.288+0000] {dag.py:3096} INFO - Sync 1 DAGs
[2024-05-16T12:06:51.301+0000] {logging_mixin.py:188} INFO - [2024-05-16T12:06:51.301+0000] {dag.py:3954} INFO - Setting next_dagrun for example_nested_branch_dag to 2024-05-15 00:00:00+00:00, run_after=2024-05-16 00:00:00+00:00
[2024-05-16T12:06:51.349+0000] {processor.py:183} INFO - Processing /usr/local/python/3.10.13/lib/python3.10/site-packages/airflow/example_dags/example_nested_branch_dag.py took 0.227 seconds
[2024-05-16T12:07:44.401+0000] {processor.py:161} INFO - Started process (PID=7939) to work on /usr/local/python/3.10.13/lib/python3.10/site-packages/airflow/example_dags/example_nested_branch_dag.py
[2024-05-16T12:07:44.402+0000] {processor.py:830} INFO - Processing file /usr/local/python/3.10.13/lib/python3.10/site-packages/airflow/example_dags/example_nested_branch_dag.py for tasks to queue
[2024-05-16T12:07:44.403+0000] {logging_mixin.py:188} INFO - [2024-05-16T12:07:44.403+0000] {dagbag.py:545} INFO - Filling up the DagBag from /usr/local/python/3.10.13/lib/python3.10/site-packages/airflow/example_dags/example_nested_branch_dag.py
[2024-05-16T12:07:44.411+0000] {processor.py:840} INFO - DAG(s) 'example_nested_branch_dag' retrieved from /usr/local/python/3.10.13/lib/python3.10/site-packages/airflow/example_dags/example_nested_branch_dag.py
[2024-05-16T12:07:44.423+0000] {logging_mixin.py:188} INFO - [2024-05-16T12:07:44.423+0000] {dag.py:3096} INFO - Sync 1 DAGs
[2024-05-16T12:07:44.439+0000] {logging_mixin.py:188} INFO - [2024-05-16T12:07:44.439+0000] {dag.py:3954} INFO - Setting next_dagrun for example_nested_branch_dag to 2024-05-15 00:00:00+00:00, run_after=2024-05-16 00:00:00+00:00
[2024-05-16T12:07:44.486+0000] {processor.py:183} INFO - Processing /usr/local/python/3.10.13/lib/python3.10/site-packages/airflow/example_dags/example_nested_branch_dag.py took 0.089 seconds
[2024-05-16T12:08:35.028+0000] {processor.py:161} INFO - Started process (PID=8292) to work on /usr/local/python/3.10.13/lib/python3.10/site-packages/airflow/example_dags/example_nested_branch_dag.py
[2024-05-16T12:08:35.029+0000] {processor.py:830} INFO - Processing file /usr/local/python/3.10.13/lib/python3.10/site-packages/airflow/example_dags/example_nested_branch_dag.py for tasks to queue
[2024-05-16T12:08:35.030+0000] {logging_mixin.py:188} INFO - [2024-05-16T12:08:35.030+0000] {dagbag.py:545} INFO - Filling up the DagBag from /usr/local/python/3.10.13/lib/python3.10/site-packages/airflow/example_dags/example_nested_branch_dag.py
[2024-05-16T12:08:35.038+0000] {processor.py:840} INFO - DAG(s) 'example_nested_branch_dag' retrieved from /usr/local/python/3.10.13/lib/python3.10/site-packages/airflow/example_dags/example_nested_branch_dag.py
[2024-05-16T12:08:35.050+0000] {logging_mixin.py:188} INFO - [2024-05-16T12:08:35.050+0000] {dag.py:3096} INFO - Sync 1 DAGs
[2024-05-16T12:08:35.065+0000] {logging_mixin.py:188} INFO - [2024-05-16T12:08:35.065+0000] {dag.py:3954} INFO - Setting next_dagrun for example_nested_branch_dag to 2024-05-15 00:00:00+00:00, run_after=2024-05-16 00:00:00+00:00
[2024-05-16T12:08:35.111+0000] {processor.py:183} INFO - Processing /usr/local/python/3.10.13/lib/python3.10/site-packages/airflow/example_dags/example_nested_branch_dag.py took 0.087 seconds
[2024-05-16T12:09:42.993+0000] {processor.py:161} INFO - Started process (PID=8789) to work on /usr/local/python/3.10.13/lib/python3.10/site-packages/airflow/example_dags/example_nested_branch_dag.py
[2024-05-16T12:09:42.994+0000] {processor.py:830} INFO - Processing file /usr/local/python/3.10.13/lib/python3.10/site-packages/airflow/example_dags/example_nested_branch_dag.py for tasks to queue
[2024-05-16T12:09:42.995+0000] {logging_mixin.py:188} INFO - [2024-05-16T12:09:42.995+0000] {dagbag.py:545} INFO - Filling up the DagBag from /usr/local/python/3.10.13/lib/python3.10/site-packages/airflow/example_dags/example_nested_branch_dag.py
[2024-05-16T12:09:43.003+0000] {processor.py:840} INFO - DAG(s) 'example_nested_branch_dag' retrieved from /usr/local/python/3.10.13/lib/python3.10/site-packages/airflow/example_dags/example_nested_branch_dag.py
[2024-05-16T12:09:43.018+0000] {logging_mixin.py:188} INFO - [2024-05-16T12:09:43.018+0000] {dag.py:3096} INFO - Sync 1 DAGs
[2024-05-16T12:09:43.033+0000] {logging_mixin.py:188} INFO - [2024-05-16T12:09:43.033+0000] {dag.py:3954} INFO - Setting next_dagrun for example_nested_branch_dag to 2024-05-15 00:00:00+00:00, run_after=2024-05-16 00:00:00+00:00
[2024-05-16T12:09:43.082+0000] {processor.py:183} INFO - Processing /usr/local/python/3.10.13/lib/python3.10/site-packages/airflow/example_dags/example_nested_branch_dag.py took 0.095 seconds
[2024-05-16T12:10:47.327+0000] {processor.py:161} INFO - Started process (PID=9246) to work on /usr/local/python/3.10.13/lib/python3.10/site-packages/airflow/example_dags/example_nested_branch_dag.py
[2024-05-16T12:10:47.328+0000] {processor.py:830} INFO - Processing file /usr/local/python/3.10.13/lib/python3.10/site-packages/airflow/example_dags/example_nested_branch_dag.py for tasks to queue
[2024-05-16T12:10:47.329+0000] {logging_mixin.py:188} INFO - [2024-05-16T12:10:47.329+0000] {dagbag.py:545} INFO - Filling up the DagBag from /usr/local/python/3.10.13/lib/python3.10/site-packages/airflow/example_dags/example_nested_branch_dag.py
[2024-05-16T12:10:47.337+0000] {processor.py:840} INFO - DAG(s) 'example_nested_branch_dag' retrieved from /usr/local/python/3.10.13/lib/python3.10/site-packages/airflow/example_dags/example_nested_branch_dag.py
[2024-05-16T12:10:47.349+0000] {logging_mixin.py:188} INFO - [2024-05-16T12:10:47.349+0000] {dag.py:3096} INFO - Sync 1 DAGs
[2024-05-16T12:10:47.364+0000] {logging_mixin.py:188} INFO - [2024-05-16T12:10:47.364+0000] {dag.py:3954} INFO - Setting next_dagrun for example_nested_branch_dag to 2024-05-15 00:00:00+00:00, run_after=2024-05-16 00:00:00+00:00
[2024-05-16T12:10:47.409+0000] {processor.py:183} INFO - Processing /usr/local/python/3.10.13/lib/python3.10/site-packages/airflow/example_dags/example_nested_branch_dag.py took 0.087 seconds
[2024-05-16T12:11:45.951+0000] {processor.py:161} INFO - Started process (PID=9657) to work on /usr/local/python/3.10.13/lib/python3.10/site-packages/airflow/example_dags/example_nested_branch_dag.py
[2024-05-16T12:11:45.952+0000] {processor.py:830} INFO - Processing file /usr/local/python/3.10.13/lib/python3.10/site-packages/airflow/example_dags/example_nested_branch_dag.py for tasks to queue
[2024-05-16T12:11:45.954+0000] {logging_mixin.py:188} INFO - [2024-05-16T12:11:45.953+0000] {dagbag.py:545} INFO - Filling up the DagBag from /usr/local/python/3.10.13/lib/python3.10/site-packages/airflow/example_dags/example_nested_branch_dag.py
[2024-05-16T12:11:45.962+0000] {processor.py:840} INFO - DAG(s) 'example_nested_branch_dag' retrieved from /usr/local/python/3.10.13/lib/python3.10/site-packages/airflow/example_dags/example_nested_branch_dag.py
[2024-05-16T12:11:45.974+0000] {logging_mixin.py:188} INFO - [2024-05-16T12:11:45.974+0000] {dag.py:3096} INFO - Sync 1 DAGs
[2024-05-16T12:11:45.989+0000] {logging_mixin.py:188} INFO - [2024-05-16T12:11:45.989+0000] {dag.py:3954} INFO - Setting next_dagrun for example_nested_branch_dag to 2024-05-15 00:00:00+00:00, run_after=2024-05-16 00:00:00+00:00
[2024-05-16T12:11:46.043+0000] {processor.py:183} INFO - Processing /usr/local/python/3.10.13/lib/python3.10/site-packages/airflow/example_dags/example_nested_branch_dag.py took 0.097 seconds
[2024-05-16T12:12:50.162+0000] {processor.py:161} INFO - Started process (PID=10088) to work on /usr/local/python/3.10.13/lib/python3.10/site-packages/airflow/example_dags/example_nested_branch_dag.py
[2024-05-16T12:12:50.163+0000] {processor.py:830} INFO - Processing file /usr/local/python/3.10.13/lib/python3.10/site-packages/airflow/example_dags/example_nested_branch_dag.py for tasks to queue
[2024-05-16T12:12:50.164+0000] {logging_mixin.py:188} INFO - [2024-05-16T12:12:50.164+0000] {dagbag.py:545} INFO - Filling up the DagBag from /usr/local/python/3.10.13/lib/python3.10/site-packages/airflow/example_dags/example_nested_branch_dag.py
[2024-05-16T12:12:50.172+0000] {processor.py:840} INFO - DAG(s) 'example_nested_branch_dag' retrieved from /usr/local/python/3.10.13/lib/python3.10/site-packages/airflow/example_dags/example_nested_branch_dag.py
[2024-05-16T12:12:50.186+0000] {logging_mixin.py:188} INFO - [2024-05-16T12:12:50.186+0000] {dag.py:3096} INFO - Sync 1 DAGs
[2024-05-16T12:12:50.203+0000] {logging_mixin.py:188} INFO - [2024-05-16T12:12:50.203+0000] {dag.py:3954} INFO - Setting next_dagrun for example_nested_branch_dag to 2024-05-15 00:00:00+00:00, run_after=2024-05-16 00:00:00+00:00
[2024-05-16T12:12:50.249+0000] {processor.py:183} INFO - Processing /usr/local/python/3.10.13/lib/python3.10/site-packages/airflow/example_dags/example_nested_branch_dag.py took 0.091 seconds
[2024-05-16T12:13:51.855+0000] {processor.py:161} INFO - Started process (PID=10517) to work on /usr/local/python/3.10.13/lib/python3.10/site-packages/airflow/example_dags/example_nested_branch_dag.py
[2024-05-16T12:13:51.856+0000] {processor.py:830} INFO - Processing file /usr/local/python/3.10.13/lib/python3.10/site-packages/airflow/example_dags/example_nested_branch_dag.py for tasks to queue
[2024-05-16T12:13:51.857+0000] {logging_mixin.py:188} INFO - [2024-05-16T12:13:51.857+0000] {dagbag.py:545} INFO - Filling up the DagBag from /usr/local/python/3.10.13/lib/python3.10/site-packages/airflow/example_dags/example_nested_branch_dag.py
[2024-05-16T12:13:51.866+0000] {processor.py:840} INFO - DAG(s) 'example_nested_branch_dag' retrieved from /usr/local/python/3.10.13/lib/python3.10/site-packages/airflow/example_dags/example_nested_branch_dag.py
[2024-05-16T12:13:51.878+0000] {logging_mixin.py:188} INFO - [2024-05-16T12:13:51.878+0000] {dag.py:3096} INFO - Sync 1 DAGs
[2024-05-16T12:13:51.893+0000] {logging_mixin.py:188} INFO - [2024-05-16T12:13:51.893+0000] {dag.py:3954} INFO - Setting next_dagrun for example_nested_branch_dag to 2024-05-15 00:00:00+00:00, run_after=2024-05-16 00:00:00+00:00
[2024-05-16T12:13:51.938+0000] {processor.py:183} INFO - Processing /usr/local/python/3.10.13/lib/python3.10/site-packages/airflow/example_dags/example_nested_branch_dag.py took 0.088 seconds
[2024-05-16T12:14:54.806+0000] {processor.py:161} INFO - Started process (PID=10948) to work on /usr/local/python/3.10.13/lib/python3.10/site-packages/airflow/example_dags/example_nested_branch_dag.py
[2024-05-16T12:14:54.807+0000] {processor.py:830} INFO - Processing file /usr/local/python/3.10.13/lib/python3.10/site-packages/airflow/example_dags/example_nested_branch_dag.py for tasks to queue
[2024-05-16T12:14:54.808+0000] {logging_mixin.py:188} INFO - [2024-05-16T12:14:54.808+0000] {dagbag.py:545} INFO - Filling up the DagBag from /usr/local/python/3.10.13/lib/python3.10/site-packages/airflow/example_dags/example_nested_branch_dag.py
[2024-05-16T12:14:54.817+0000] {processor.py:840} INFO - DAG(s) 'example_nested_branch_dag' retrieved from /usr/local/python/3.10.13/lib/python3.10/site-packages/airflow/example_dags/example_nested_branch_dag.py
[2024-05-16T12:14:54.829+0000] {logging_mixin.py:188} INFO - [2024-05-16T12:14:54.829+0000] {dag.py:3096} INFO - Sync 1 DAGs
[2024-05-16T12:14:54.844+0000] {logging_mixin.py:188} INFO - [2024-05-16T12:14:54.844+0000] {dag.py:3954} INFO - Setting next_dagrun for example_nested_branch_dag to 2024-05-15 00:00:00+00:00, run_after=2024-05-16 00:00:00+00:00
[2024-05-16T12:14:54.891+0000] {processor.py:183} INFO - Processing /usr/local/python/3.10.13/lib/python3.10/site-packages/airflow/example_dags/example_nested_branch_dag.py took 0.089 seconds
[2024-05-16T12:15:59.196+0000] {processor.py:161} INFO - Started process (PID=11407) to work on /usr/local/python/3.10.13/lib/python3.10/site-packages/airflow/example_dags/example_nested_branch_dag.py
[2024-05-16T12:15:59.197+0000] {processor.py:830} INFO - Processing file /usr/local/python/3.10.13/lib/python3.10/site-packages/airflow/example_dags/example_nested_branch_dag.py for tasks to queue
[2024-05-16T12:15:59.198+0000] {logging_mixin.py:188} INFO - [2024-05-16T12:15:59.198+0000] {dagbag.py:545} INFO - Filling up the DagBag from /usr/local/python/3.10.13/lib/python3.10/site-packages/airflow/example_dags/example_nested_branch_dag.py
[2024-05-16T12:15:59.209+0000] {processor.py:840} INFO - DAG(s) 'example_nested_branch_dag' retrieved from /usr/local/python/3.10.13/lib/python3.10/site-packages/airflow/example_dags/example_nested_branch_dag.py
[2024-05-16T12:15:59.227+0000] {logging_mixin.py:188} INFO - [2024-05-16T12:15:59.226+0000] {dag.py:3096} INFO - Sync 1 DAGs
[2024-05-16T12:15:59.251+0000] {logging_mixin.py:188} INFO - [2024-05-16T12:15:59.251+0000] {dag.py:3954} INFO - Setting next_dagrun for example_nested_branch_dag to 2024-05-15 00:00:00+00:00, run_after=2024-05-16 00:00:00+00:00
[2024-05-16T12:15:59.314+0000] {processor.py:183} INFO - Processing /usr/local/python/3.10.13/lib/python3.10/site-packages/airflow/example_dags/example_nested_branch_dag.py took 0.123 seconds
[2024-05-16T12:17:04.892+0000] {processor.py:161} INFO - Started process (PID=11903) to work on /usr/local/python/3.10.13/lib/python3.10/site-packages/airflow/example_dags/example_nested_branch_dag.py
[2024-05-16T12:17:04.893+0000] {processor.py:830} INFO - Processing file /usr/local/python/3.10.13/lib/python3.10/site-packages/airflow/example_dags/example_nested_branch_dag.py for tasks to queue
[2024-05-16T12:17:04.894+0000] {logging_mixin.py:188} INFO - [2024-05-16T12:17:04.894+0000] {dagbag.py:545} INFO - Filling up the DagBag from /usr/local/python/3.10.13/lib/python3.10/site-packages/airflow/example_dags/example_nested_branch_dag.py
[2024-05-16T12:17:04.902+0000] {processor.py:840} INFO - DAG(s) 'example_nested_branch_dag' retrieved from /usr/local/python/3.10.13/lib/python3.10/site-packages/airflow/example_dags/example_nested_branch_dag.py
[2024-05-16T12:17:04.915+0000] {logging_mixin.py:188} INFO - [2024-05-16T12:17:04.915+0000] {dag.py:3096} INFO - Sync 1 DAGs
[2024-05-16T12:17:04.931+0000] {logging_mixin.py:188} INFO - [2024-05-16T12:17:04.931+0000] {dag.py:3954} INFO - Setting next_dagrun for example_nested_branch_dag to 2024-05-15 00:00:00+00:00, run_after=2024-05-16 00:00:00+00:00
[2024-05-16T12:17:04.978+0000] {processor.py:183} INFO - Processing /usr/local/python/3.10.13/lib/python3.10/site-packages/airflow/example_dags/example_nested_branch_dag.py took 0.090 seconds
[2024-05-16T12:18:07.399+0000] {processor.py:161} INFO - Started process (PID=12340) to work on /usr/local/python/3.10.13/lib/python3.10/site-packages/airflow/example_dags/example_nested_branch_dag.py
[2024-05-16T12:18:07.400+0000] {processor.py:830} INFO - Processing file /usr/local/python/3.10.13/lib/python3.10/site-packages/airflow/example_dags/example_nested_branch_dag.py for tasks to queue
[2024-05-16T12:18:07.401+0000] {logging_mixin.py:188} INFO - [2024-05-16T12:18:07.401+0000] {dagbag.py:545} INFO - Filling up the DagBag from /usr/local/python/3.10.13/lib/python3.10/site-packages/airflow/example_dags/example_nested_branch_dag.py
[2024-05-16T12:18:07.409+0000] {processor.py:840} INFO - DAG(s) 'example_nested_branch_dag' retrieved from /usr/local/python/3.10.13/lib/python3.10/site-packages/airflow/example_dags/example_nested_branch_dag.py
[2024-05-16T12:18:07.422+0000] {logging_mixin.py:188} INFO - [2024-05-16T12:18:07.422+0000] {dag.py:3096} INFO - Sync 1 DAGs
[2024-05-16T12:18:07.438+0000] {logging_mixin.py:188} INFO - [2024-05-16T12:18:07.438+0000] {dag.py:3954} INFO - Setting next_dagrun for example_nested_branch_dag to 2024-05-15 00:00:00+00:00, run_after=2024-05-16 00:00:00+00:00
[2024-05-16T12:18:07.483+0000] {processor.py:183} INFO - Processing /usr/local/python/3.10.13/lib/python3.10/site-packages/airflow/example_dags/example_nested_branch_dag.py took 0.088 seconds
[2024-05-16T12:19:09.968+0000] {processor.py:161} INFO - Started process (PID=12780) to work on /usr/local/python/3.10.13/lib/python3.10/site-packages/airflow/example_dags/example_nested_branch_dag.py
[2024-05-16T12:19:09.969+0000] {processor.py:830} INFO - Processing file /usr/local/python/3.10.13/lib/python3.10/site-packages/airflow/example_dags/example_nested_branch_dag.py for tasks to queue
[2024-05-16T12:19:09.970+0000] {logging_mixin.py:188} INFO - [2024-05-16T12:19:09.970+0000] {dagbag.py:545} INFO - Filling up the DagBag from /usr/local/python/3.10.13/lib/python3.10/site-packages/airflow/example_dags/example_nested_branch_dag.py
[2024-05-16T12:19:09.978+0000] {processor.py:840} INFO - DAG(s) 'example_nested_branch_dag' retrieved from /usr/local/python/3.10.13/lib/python3.10/site-packages/airflow/example_dags/example_nested_branch_dag.py
[2024-05-16T12:19:09.991+0000] {logging_mixin.py:188} INFO - [2024-05-16T12:19:09.991+0000] {dag.py:3096} INFO - Sync 1 DAGs
[2024-05-16T12:19:10.006+0000] {logging_mixin.py:188} INFO - [2024-05-16T12:19:10.006+0000] {dag.py:3954} INFO - Setting next_dagrun for example_nested_branch_dag to 2024-05-15 00:00:00+00:00, run_after=2024-05-16 00:00:00+00:00
[2024-05-16T12:19:10.052+0000] {processor.py:183} INFO - Processing /usr/local/python/3.10.13/lib/python3.10/site-packages/airflow/example_dags/example_nested_branch_dag.py took 0.089 seconds
[2024-05-16T12:20:12.820+0000] {processor.py:161} INFO - Started process (PID=13233) to work on /usr/local/python/3.10.13/lib/python3.10/site-packages/airflow/example_dags/example_nested_branch_dag.py
[2024-05-16T12:20:12.821+0000] {processor.py:830} INFO - Processing file /usr/local/python/3.10.13/lib/python3.10/site-packages/airflow/example_dags/example_nested_branch_dag.py for tasks to queue
[2024-05-16T12:20:12.822+0000] {logging_mixin.py:188} INFO - [2024-05-16T12:20:12.822+0000] {dagbag.py:545} INFO - Filling up the DagBag from /usr/local/python/3.10.13/lib/python3.10/site-packages/airflow/example_dags/example_nested_branch_dag.py
[2024-05-16T12:20:12.830+0000] {processor.py:840} INFO - DAG(s) 'example_nested_branch_dag' retrieved from /usr/local/python/3.10.13/lib/python3.10/site-packages/airflow/example_dags/example_nested_branch_dag.py
[2024-05-16T12:20:12.843+0000] {logging_mixin.py:188} INFO - [2024-05-16T12:20:12.843+0000] {dag.py:3096} INFO - Sync 1 DAGs
[2024-05-16T12:20:12.858+0000] {logging_mixin.py:188} INFO - [2024-05-16T12:20:12.858+0000] {dag.py:3954} INFO - Setting next_dagrun for example_nested_branch_dag to 2024-05-15 00:00:00+00:00, run_after=2024-05-16 00:00:00+00:00
[2024-05-16T12:20:12.904+0000] {processor.py:183} INFO - Processing /usr/local/python/3.10.13/lib/python3.10/site-packages/airflow/example_dags/example_nested_branch_dag.py took 0.089 seconds
[2024-05-16T12:21:16.673+0000] {processor.py:161} INFO - Started process (PID=13704) to work on /usr/local/python/3.10.13/lib/python3.10/site-packages/airflow/example_dags/example_nested_branch_dag.py
[2024-05-16T12:21:16.674+0000] {processor.py:830} INFO - Processing file /usr/local/python/3.10.13/lib/python3.10/site-packages/airflow/example_dags/example_nested_branch_dag.py for tasks to queue
[2024-05-16T12:21:16.675+0000] {logging_mixin.py:188} INFO - [2024-05-16T12:21:16.675+0000] {dagbag.py:545} INFO - Filling up the DagBag from /usr/local/python/3.10.13/lib/python3.10/site-packages/airflow/example_dags/example_nested_branch_dag.py
[2024-05-16T12:21:16.684+0000] {processor.py:840} INFO - DAG(s) 'example_nested_branch_dag' retrieved from /usr/local/python/3.10.13/lib/python3.10/site-packages/airflow/example_dags/example_nested_branch_dag.py
[2024-05-16T12:21:16.697+0000] {logging_mixin.py:188} INFO - [2024-05-16T12:21:16.697+0000] {dag.py:3096} INFO - Sync 1 DAGs
[2024-05-16T12:21:16.713+0000] {logging_mixin.py:188} INFO - [2024-05-16T12:21:16.712+0000] {dag.py:3954} INFO - Setting next_dagrun for example_nested_branch_dag to 2024-05-15 00:00:00+00:00, run_after=2024-05-16 00:00:00+00:00
[2024-05-16T12:21:16.761+0000] {processor.py:183} INFO - Processing /usr/local/python/3.10.13/lib/python3.10/site-packages/airflow/example_dags/example_nested_branch_dag.py took 0.092 seconds
[2024-05-16T12:22:20.535+0000] {processor.py:161} INFO - Started process (PID=14155) to work on /usr/local/python/3.10.13/lib/python3.10/site-packages/airflow/example_dags/example_nested_branch_dag.py
[2024-05-16T12:22:20.536+0000] {processor.py:830} INFO - Processing file /usr/local/python/3.10.13/lib/python3.10/site-packages/airflow/example_dags/example_nested_branch_dag.py for tasks to queue
[2024-05-16T12:22:20.538+0000] {logging_mixin.py:188} INFO - [2024-05-16T12:22:20.537+0000] {dagbag.py:545} INFO - Filling up the DagBag from /usr/local/python/3.10.13/lib/python3.10/site-packages/airflow/example_dags/example_nested_branch_dag.py
[2024-05-16T12:22:20.546+0000] {processor.py:840} INFO - DAG(s) 'example_nested_branch_dag' retrieved from /usr/local/python/3.10.13/lib/python3.10/site-packages/airflow/example_dags/example_nested_branch_dag.py
[2024-05-16T12:22:20.558+0000] {logging_mixin.py:188} INFO - [2024-05-16T12:22:20.558+0000] {dag.py:3096} INFO - Sync 1 DAGs
[2024-05-16T12:22:20.574+0000] {logging_mixin.py:188} INFO - [2024-05-16T12:22:20.573+0000] {dag.py:3954} INFO - Setting next_dagrun for example_nested_branch_dag to 2024-05-15 00:00:00+00:00, run_after=2024-05-16 00:00:00+00:00
[2024-05-16T12:22:20.618+0000] {processor.py:183} INFO - Processing /usr/local/python/3.10.13/lib/python3.10/site-packages/airflow/example_dags/example_nested_branch_dag.py took 0.087 seconds
[2024-05-16T12:23:27.224+0000] {processor.py:161} INFO - Started process (PID=14648) to work on /usr/local/python/3.10.13/lib/python3.10/site-packages/airflow/example_dags/example_nested_branch_dag.py
[2024-05-16T12:23:27.225+0000] {processor.py:830} INFO - Processing file /usr/local/python/3.10.13/lib/python3.10/site-packages/airflow/example_dags/example_nested_branch_dag.py for tasks to queue
[2024-05-16T12:23:27.227+0000] {logging_mixin.py:188} INFO - [2024-05-16T12:23:27.226+0000] {dagbag.py:545} INFO - Filling up the DagBag from /usr/local/python/3.10.13/lib/python3.10/site-packages/airflow/example_dags/example_nested_branch_dag.py
[2024-05-16T12:23:27.235+0000] {processor.py:840} INFO - DAG(s) 'example_nested_branch_dag' retrieved from /usr/local/python/3.10.13/lib/python3.10/site-packages/airflow/example_dags/example_nested_branch_dag.py
[2024-05-16T12:23:27.249+0000] {logging_mixin.py:188} INFO - [2024-05-16T12:23:27.248+0000] {dag.py:3096} INFO - Sync 1 DAGs
[2024-05-16T12:23:27.264+0000] {logging_mixin.py:188} INFO - [2024-05-16T12:23:27.264+0000] {dag.py:3954} INFO - Setting next_dagrun for example_nested_branch_dag to 2024-05-15 00:00:00+00:00, run_after=2024-05-16 00:00:00+00:00
[2024-05-16T12:23:27.313+0000] {processor.py:183} INFO - Processing /usr/local/python/3.10.13/lib/python3.10/site-packages/airflow/example_dags/example_nested_branch_dag.py took 0.093 seconds
[2024-05-16T12:24:32.141+0000] {processor.py:161} INFO - Started process (PID=15146) to work on /usr/local/python/3.10.13/lib/python3.10/site-packages/airflow/example_dags/example_nested_branch_dag.py
[2024-05-16T12:24:32.142+0000] {processor.py:830} INFO - Processing file /usr/local/python/3.10.13/lib/python3.10/site-packages/airflow/example_dags/example_nested_branch_dag.py for tasks to queue
[2024-05-16T12:24:32.143+0000] {logging_mixin.py:188} INFO - [2024-05-16T12:24:32.143+0000] {dagbag.py:545} INFO - Filling up the DagBag from /usr/local/python/3.10.13/lib/python3.10/site-packages/airflow/example_dags/example_nested_branch_dag.py
[2024-05-16T12:24:32.151+0000] {processor.py:840} INFO - DAG(s) 'example_nested_branch_dag' retrieved from /usr/local/python/3.10.13/lib/python3.10/site-packages/airflow/example_dags/example_nested_branch_dag.py
[2024-05-16T12:24:32.164+0000] {logging_mixin.py:188} INFO - [2024-05-16T12:24:32.164+0000] {dag.py:3096} INFO - Sync 1 DAGs
[2024-05-16T12:24:32.179+0000] {logging_mixin.py:188} INFO - [2024-05-16T12:24:32.179+0000] {dag.py:3954} INFO - Setting next_dagrun for example_nested_branch_dag to 2024-05-15 00:00:00+00:00, run_after=2024-05-16 00:00:00+00:00
[2024-05-16T12:24:32.224+0000] {processor.py:183} INFO - Processing /usr/local/python/3.10.13/lib/python3.10/site-packages/airflow/example_dags/example_nested_branch_dag.py took 0.087 seconds
[2024-05-16T12:25:31.668+0000] {processor.py:161} INFO - Started process (PID=15608) to work on /usr/local/python/3.10.13/lib/python3.10/site-packages/airflow/example_dags/example_nested_branch_dag.py
[2024-05-16T12:25:31.669+0000] {processor.py:830} INFO - Processing file /usr/local/python/3.10.13/lib/python3.10/site-packages/airflow/example_dags/example_nested_branch_dag.py for tasks to queue
[2024-05-16T12:25:31.670+0000] {logging_mixin.py:188} INFO - [2024-05-16T12:25:31.670+0000] {dagbag.py:545} INFO - Filling up the DagBag from /usr/local/python/3.10.13/lib/python3.10/site-packages/airflow/example_dags/example_nested_branch_dag.py
[2024-05-16T12:25:31.679+0000] {processor.py:840} INFO - DAG(s) 'example_nested_branch_dag' retrieved from /usr/local/python/3.10.13/lib/python3.10/site-packages/airflow/example_dags/example_nested_branch_dag.py
[2024-05-16T12:25:31.692+0000] {logging_mixin.py:188} INFO - [2024-05-16T12:25:31.692+0000] {dag.py:3096} INFO - Sync 1 DAGs
[2024-05-16T12:25:31.708+0000] {logging_mixin.py:188} INFO - [2024-05-16T12:25:31.708+0000] {dag.py:3954} INFO - Setting next_dagrun for example_nested_branch_dag to 2024-05-15 00:00:00+00:00, run_after=2024-05-16 00:00:00+00:00
[2024-05-16T12:25:31.755+0000] {processor.py:183} INFO - Processing /usr/local/python/3.10.13/lib/python3.10/site-packages/airflow/example_dags/example_nested_branch_dag.py took 0.092 seconds
[2024-05-16T12:26:30.947+0000] {processor.py:161} INFO - Started process (PID=16025) to work on /usr/local/python/3.10.13/lib/python3.10/site-packages/airflow/example_dags/example_nested_branch_dag.py
[2024-05-16T12:26:30.948+0000] {processor.py:830} INFO - Processing file /usr/local/python/3.10.13/lib/python3.10/site-packages/airflow/example_dags/example_nested_branch_dag.py for tasks to queue
[2024-05-16T12:26:30.950+0000] {logging_mixin.py:188} INFO - [2024-05-16T12:26:30.949+0000] {dagbag.py:545} INFO - Filling up the DagBag from /usr/local/python/3.10.13/lib/python3.10/site-packages/airflow/example_dags/example_nested_branch_dag.py
[2024-05-16T12:26:30.958+0000] {processor.py:840} INFO - DAG(s) 'example_nested_branch_dag' retrieved from /usr/local/python/3.10.13/lib/python3.10/site-packages/airflow/example_dags/example_nested_branch_dag.py
[2024-05-16T12:26:30.971+0000] {logging_mixin.py:188} INFO - [2024-05-16T12:26:30.970+0000] {dag.py:3096} INFO - Sync 1 DAGs
[2024-05-16T12:26:30.986+0000] {logging_mixin.py:188} INFO - [2024-05-16T12:26:30.986+0000] {dag.py:3954} INFO - Setting next_dagrun for example_nested_branch_dag to 2024-05-15 00:00:00+00:00, run_after=2024-05-16 00:00:00+00:00
[2024-05-16T12:26:31.030+0000] {processor.py:183} INFO - Processing /usr/local/python/3.10.13/lib/python3.10/site-packages/airflow/example_dags/example_nested_branch_dag.py took 0.088 seconds
[2024-05-16T12:27:35.735+0000] {processor.py:161} INFO - Started process (PID=16521) to work on /usr/local/python/3.10.13/lib/python3.10/site-packages/airflow/example_dags/example_nested_branch_dag.py
[2024-05-16T12:27:35.736+0000] {processor.py:830} INFO - Processing file /usr/local/python/3.10.13/lib/python3.10/site-packages/airflow/example_dags/example_nested_branch_dag.py for tasks to queue
[2024-05-16T12:27:35.738+0000] {logging_mixin.py:188} INFO - [2024-05-16T12:27:35.738+0000] {dagbag.py:545} INFO - Filling up the DagBag from /usr/local/python/3.10.13/lib/python3.10/site-packages/airflow/example_dags/example_nested_branch_dag.py
[2024-05-16T12:27:35.751+0000] {processor.py:840} INFO - DAG(s) 'example_nested_branch_dag' retrieved from /usr/local/python/3.10.13/lib/python3.10/site-packages/airflow/example_dags/example_nested_branch_dag.py
[2024-05-16T12:27:35.767+0000] {logging_mixin.py:188} INFO - [2024-05-16T12:27:35.767+0000] {dag.py:3096} INFO - Sync 1 DAGs
[2024-05-16T12:27:35.783+0000] {logging_mixin.py:188} INFO - [2024-05-16T12:27:35.783+0000] {dag.py:3954} INFO - Setting next_dagrun for example_nested_branch_dag to 2024-05-15 00:00:00+00:00, run_after=2024-05-16 00:00:00+00:00
[2024-05-16T12:27:35.826+0000] {processor.py:183} INFO - Processing /usr/local/python/3.10.13/lib/python3.10/site-packages/airflow/example_dags/example_nested_branch_dag.py took 0.098 seconds
[2024-05-16T12:28:39.118+0000] {processor.py:161} INFO - Started process (PID=16980) to work on /usr/local/python/3.10.13/lib/python3.10/site-packages/airflow/example_dags/example_nested_branch_dag.py
[2024-05-16T12:28:39.119+0000] {processor.py:830} INFO - Processing file /usr/local/python/3.10.13/lib/python3.10/site-packages/airflow/example_dags/example_nested_branch_dag.py for tasks to queue
[2024-05-16T12:28:39.120+0000] {logging_mixin.py:188} INFO - [2024-05-16T12:28:39.120+0000] {dagbag.py:545} INFO - Filling up the DagBag from /usr/local/python/3.10.13/lib/python3.10/site-packages/airflow/example_dags/example_nested_branch_dag.py
[2024-05-16T12:28:39.128+0000] {processor.py:840} INFO - DAG(s) 'example_nested_branch_dag' retrieved from /usr/local/python/3.10.13/lib/python3.10/site-packages/airflow/example_dags/example_nested_branch_dag.py
[2024-05-16T12:28:39.141+0000] {logging_mixin.py:188} INFO - [2024-05-16T12:28:39.141+0000] {dag.py:3096} INFO - Sync 1 DAGs
[2024-05-16T12:28:39.157+0000] {logging_mixin.py:188} INFO - [2024-05-16T12:28:39.157+0000] {dag.py:3954} INFO - Setting next_dagrun for example_nested_branch_dag to 2024-05-15 00:00:00+00:00, run_after=2024-05-16 00:00:00+00:00
[2024-05-16T12:28:39.207+0000] {processor.py:183} INFO - Processing /usr/local/python/3.10.13/lib/python3.10/site-packages/airflow/example_dags/example_nested_branch_dag.py took 0.095 seconds
[2024-05-16T12:29:43.648+0000] {processor.py:161} INFO - Started process (PID=17437) to work on /usr/local/python/3.10.13/lib/python3.10/site-packages/airflow/example_dags/example_nested_branch_dag.py
[2024-05-16T12:29:43.648+0000] {processor.py:830} INFO - Processing file /usr/local/python/3.10.13/lib/python3.10/site-packages/airflow/example_dags/example_nested_branch_dag.py for tasks to queue
[2024-05-16T12:29:43.650+0000] {logging_mixin.py:188} INFO - [2024-05-16T12:29:43.649+0000] {dagbag.py:545} INFO - Filling up the DagBag from /usr/local/python/3.10.13/lib/python3.10/site-packages/airflow/example_dags/example_nested_branch_dag.py
[2024-05-16T12:29:43.658+0000] {processor.py:840} INFO - DAG(s) 'example_nested_branch_dag' retrieved from /usr/local/python/3.10.13/lib/python3.10/site-packages/airflow/example_dags/example_nested_branch_dag.py
[2024-05-16T12:29:43.670+0000] {logging_mixin.py:188} INFO - [2024-05-16T12:29:43.670+0000] {dag.py:3096} INFO - Sync 1 DAGs
[2024-05-16T12:29:43.685+0000] {logging_mixin.py:188} INFO - [2024-05-16T12:29:43.685+0000] {dag.py:3954} INFO - Setting next_dagrun for example_nested_branch_dag to 2024-05-15 00:00:00+00:00, run_after=2024-05-16 00:00:00+00:00
[2024-05-16T12:29:43.738+0000] {processor.py:183} INFO - Processing /usr/local/python/3.10.13/lib/python3.10/site-packages/airflow/example_dags/example_nested_branch_dag.py took 0.095 seconds
[2024-05-16T12:30:47.654+0000] {processor.py:161} INFO - Started process (PID=17908) to work on /usr/local/python/3.10.13/lib/python3.10/site-packages/airflow/example_dags/example_nested_branch_dag.py
[2024-05-16T12:30:47.654+0000] {processor.py:830} INFO - Processing file /usr/local/python/3.10.13/lib/python3.10/site-packages/airflow/example_dags/example_nested_branch_dag.py for tasks to queue
[2024-05-16T12:30:47.656+0000] {logging_mixin.py:188} INFO - [2024-05-16T12:30:47.655+0000] {dagbag.py:545} INFO - Filling up the DagBag from /usr/local/python/3.10.13/lib/python3.10/site-packages/airflow/example_dags/example_nested_branch_dag.py
[2024-05-16T12:30:47.664+0000] {processor.py:840} INFO - DAG(s) 'example_nested_branch_dag' retrieved from /usr/local/python/3.10.13/lib/python3.10/site-packages/airflow/example_dags/example_nested_branch_dag.py
[2024-05-16T12:30:47.678+0000] {logging_mixin.py:188} INFO - [2024-05-16T12:30:47.678+0000] {dag.py:3096} INFO - Sync 1 DAGs
[2024-05-16T12:30:47.694+0000] {logging_mixin.py:188} INFO - [2024-05-16T12:30:47.694+0000] {dag.py:3954} INFO - Setting next_dagrun for example_nested_branch_dag to 2024-05-15 00:00:00+00:00, run_after=2024-05-16 00:00:00+00:00
[2024-05-16T12:30:47.739+0000] {processor.py:183} INFO - Processing /usr/local/python/3.10.13/lib/python3.10/site-packages/airflow/example_dags/example_nested_branch_dag.py took 0.090 seconds
[2024-05-16T12:31:53.912+0000] {processor.py:161} INFO - Started process (PID=18384) to work on /usr/local/python/3.10.13/lib/python3.10/site-packages/airflow/example_dags/example_nested_branch_dag.py
[2024-05-16T12:31:53.912+0000] {processor.py:830} INFO - Processing file /usr/local/python/3.10.13/lib/python3.10/site-packages/airflow/example_dags/example_nested_branch_dag.py for tasks to queue
[2024-05-16T12:31:53.914+0000] {logging_mixin.py:188} INFO - [2024-05-16T12:31:53.913+0000] {dagbag.py:545} INFO - Filling up the DagBag from /usr/local/python/3.10.13/lib/python3.10/site-packages/airflow/example_dags/example_nested_branch_dag.py
[2024-05-16T12:31:53.922+0000] {processor.py:840} INFO - DAG(s) 'example_nested_branch_dag' retrieved from /usr/local/python/3.10.13/lib/python3.10/site-packages/airflow/example_dags/example_nested_branch_dag.py
[2024-05-16T12:31:53.934+0000] {logging_mixin.py:188} INFO - [2024-05-16T12:31:53.934+0000] {dag.py:3096} INFO - Sync 1 DAGs
[2024-05-16T12:31:53.951+0000] {logging_mixin.py:188} INFO - [2024-05-16T12:31:53.950+0000] {dag.py:3954} INFO - Setting next_dagrun for example_nested_branch_dag to 2024-05-15 00:00:00+00:00, run_after=2024-05-16 00:00:00+00:00
[2024-05-16T12:31:53.995+0000] {processor.py:183} INFO - Processing /usr/local/python/3.10.13/lib/python3.10/site-packages/airflow/example_dags/example_nested_branch_dag.py took 0.089 seconds
[2024-05-16T12:32:54.557+0000] {processor.py:161} INFO - Started process (PID=18815) to work on /usr/local/python/3.10.13/lib/python3.10/site-packages/airflow/example_dags/example_nested_branch_dag.py
[2024-05-16T12:32:54.558+0000] {processor.py:830} INFO - Processing file /usr/local/python/3.10.13/lib/python3.10/site-packages/airflow/example_dags/example_nested_branch_dag.py for tasks to queue
[2024-05-16T12:32:54.560+0000] {logging_mixin.py:188} INFO - [2024-05-16T12:32:54.559+0000] {dagbag.py:545} INFO - Filling up the DagBag from /usr/local/python/3.10.13/lib/python3.10/site-packages/airflow/example_dags/example_nested_branch_dag.py
[2024-05-16T12:32:54.568+0000] {processor.py:840} INFO - DAG(s) 'example_nested_branch_dag' retrieved from /usr/local/python/3.10.13/lib/python3.10/site-packages/airflow/example_dags/example_nested_branch_dag.py
[2024-05-16T12:32:54.580+0000] {logging_mixin.py:188} INFO - [2024-05-16T12:32:54.580+0000] {dag.py:3096} INFO - Sync 1 DAGs
[2024-05-16T12:32:54.596+0000] {logging_mixin.py:188} INFO - [2024-05-16T12:32:54.595+0000] {dag.py:3954} INFO - Setting next_dagrun for example_nested_branch_dag to 2024-05-15 00:00:00+00:00, run_after=2024-05-16 00:00:00+00:00
[2024-05-16T12:32:54.642+0000] {processor.py:183} INFO - Processing /usr/local/python/3.10.13/lib/python3.10/site-packages/airflow/example_dags/example_nested_branch_dag.py took 0.090 seconds
[2024-05-16T12:33:58.282+0000] {processor.py:161} INFO - Started process (PID=19285) to work on /usr/local/python/3.10.13/lib/python3.10/site-packages/airflow/example_dags/example_nested_branch_dag.py
[2024-05-16T12:33:58.283+0000] {processor.py:830} INFO - Processing file /usr/local/python/3.10.13/lib/python3.10/site-packages/airflow/example_dags/example_nested_branch_dag.py for tasks to queue
[2024-05-16T12:33:58.284+0000] {logging_mixin.py:188} INFO - [2024-05-16T12:33:58.284+0000] {dagbag.py:545} INFO - Filling up the DagBag from /usr/local/python/3.10.13/lib/python3.10/site-packages/airflow/example_dags/example_nested_branch_dag.py
[2024-05-16T12:33:58.292+0000] {processor.py:840} INFO - DAG(s) 'example_nested_branch_dag' retrieved from /usr/local/python/3.10.13/lib/python3.10/site-packages/airflow/example_dags/example_nested_branch_dag.py
[2024-05-16T12:33:58.306+0000] {logging_mixin.py:188} INFO - [2024-05-16T12:33:58.305+0000] {dag.py:3096} INFO - Sync 1 DAGs
[2024-05-16T12:33:58.322+0000] {logging_mixin.py:188} INFO - [2024-05-16T12:33:58.322+0000] {dag.py:3954} INFO - Setting next_dagrun for example_nested_branch_dag to 2024-05-15 00:00:00+00:00, run_after=2024-05-16 00:00:00+00:00
[2024-05-16T12:33:58.365+0000] {processor.py:183} INFO - Processing /usr/local/python/3.10.13/lib/python3.10/site-packages/airflow/example_dags/example_nested_branch_dag.py took 0.088 seconds
[2024-05-16T12:35:02.320+0000] {processor.py:161} INFO - Started process (PID=19772) to work on /usr/local/python/3.10.13/lib/python3.10/site-packages/airflow/example_dags/example_nested_branch_dag.py
[2024-05-16T12:35:02.321+0000] {processor.py:830} INFO - Processing file /usr/local/python/3.10.13/lib/python3.10/site-packages/airflow/example_dags/example_nested_branch_dag.py for tasks to queue
[2024-05-16T12:35:02.322+0000] {logging_mixin.py:188} INFO - [2024-05-16T12:35:02.322+0000] {dagbag.py:545} INFO - Filling up the DagBag from /usr/local/python/3.10.13/lib/python3.10/site-packages/airflow/example_dags/example_nested_branch_dag.py
[2024-05-16T12:35:02.331+0000] {processor.py:840} INFO - DAG(s) 'example_nested_branch_dag' retrieved from /usr/local/python/3.10.13/lib/python3.10/site-packages/airflow/example_dags/example_nested_branch_dag.py
[2024-05-16T12:35:02.343+0000] {logging_mixin.py:188} INFO - [2024-05-16T12:35:02.343+0000] {dag.py:3096} INFO - Sync 1 DAGs
[2024-05-16T12:35:02.358+0000] {logging_mixin.py:188} INFO - [2024-05-16T12:35:02.358+0000] {dag.py:3954} INFO - Setting next_dagrun for example_nested_branch_dag to 2024-05-15 00:00:00+00:00, run_after=2024-05-16 00:00:00+00:00
[2024-05-16T12:35:02.405+0000] {processor.py:183} INFO - Processing /usr/local/python/3.10.13/lib/python3.10/site-packages/airflow/example_dags/example_nested_branch_dag.py took 0.089 seconds
[2024-05-16T12:36:05.430+0000] {processor.py:161} INFO - Started process (PID=20227) to work on /usr/local/python/3.10.13/lib/python3.10/site-packages/airflow/example_dags/example_nested_branch_dag.py
[2024-05-16T12:36:05.430+0000] {processor.py:830} INFO - Processing file /usr/local/python/3.10.13/lib/python3.10/site-packages/airflow/example_dags/example_nested_branch_dag.py for tasks to queue
[2024-05-16T12:36:05.432+0000] {logging_mixin.py:188} INFO - [2024-05-16T12:36:05.431+0000] {dagbag.py:545} INFO - Filling up the DagBag from /usr/local/python/3.10.13/lib/python3.10/site-packages/airflow/example_dags/example_nested_branch_dag.py
[2024-05-16T12:36:05.440+0000] {processor.py:840} INFO - DAG(s) 'example_nested_branch_dag' retrieved from /usr/local/python/3.10.13/lib/python3.10/site-packages/airflow/example_dags/example_nested_branch_dag.py
[2024-05-16T12:36:05.452+0000] {logging_mixin.py:188} INFO - [2024-05-16T12:36:05.452+0000] {dag.py:3096} INFO - Sync 1 DAGs
[2024-05-16T12:36:05.468+0000] {logging_mixin.py:188} INFO - [2024-05-16T12:36:05.467+0000] {dag.py:3954} INFO - Setting next_dagrun for example_nested_branch_dag to 2024-05-15 00:00:00+00:00, run_after=2024-05-16 00:00:00+00:00
[2024-05-16T12:36:05.518+0000] {processor.py:183} INFO - Processing /usr/local/python/3.10.13/lib/python3.10/site-packages/airflow/example_dags/example_nested_branch_dag.py took 0.093 seconds
[2024-05-16T12:37:06.427+0000] {processor.py:161} INFO - Started process (PID=20663) to work on /usr/local/python/3.10.13/lib/python3.10/site-packages/airflow/example_dags/example_nested_branch_dag.py
[2024-05-16T12:37:06.428+0000] {processor.py:830} INFO - Processing file /usr/local/python/3.10.13/lib/python3.10/site-packages/airflow/example_dags/example_nested_branch_dag.py for tasks to queue
[2024-05-16T12:37:06.429+0000] {logging_mixin.py:188} INFO - [2024-05-16T12:37:06.429+0000] {dagbag.py:545} INFO - Filling up the DagBag from /usr/local/python/3.10.13/lib/python3.10/site-packages/airflow/example_dags/example_nested_branch_dag.py
[2024-05-16T12:37:06.437+0000] {processor.py:840} INFO - DAG(s) 'example_nested_branch_dag' retrieved from /usr/local/python/3.10.13/lib/python3.10/site-packages/airflow/example_dags/example_nested_branch_dag.py
[2024-05-16T12:37:06.449+0000] {logging_mixin.py:188} INFO - [2024-05-16T12:37:06.449+0000] {dag.py:3096} INFO - Sync 1 DAGs
[2024-05-16T12:37:06.464+0000] {logging_mixin.py:188} INFO - [2024-05-16T12:37:06.464+0000] {dag.py:3954} INFO - Setting next_dagrun for example_nested_branch_dag to 2024-05-15 00:00:00+00:00, run_after=2024-05-16 00:00:00+00:00
[2024-05-16T12:37:06.509+0000] {processor.py:183} INFO - Processing /usr/local/python/3.10.13/lib/python3.10/site-packages/airflow/example_dags/example_nested_branch_dag.py took 0.087 seconds
[2024-05-16T12:38:06.984+0000] {processor.py:161} INFO - Started process (PID=21100) to work on /usr/local/python/3.10.13/lib/python3.10/site-packages/airflow/example_dags/example_nested_branch_dag.py
[2024-05-16T12:38:06.985+0000] {processor.py:830} INFO - Processing file /usr/local/python/3.10.13/lib/python3.10/site-packages/airflow/example_dags/example_nested_branch_dag.py for tasks to queue
[2024-05-16T12:38:06.986+0000] {logging_mixin.py:188} INFO - [2024-05-16T12:38:06.986+0000] {dagbag.py:545} INFO - Filling up the DagBag from /usr/local/python/3.10.13/lib/python3.10/site-packages/airflow/example_dags/example_nested_branch_dag.py
[2024-05-16T12:38:06.994+0000] {processor.py:840} INFO - DAG(s) 'example_nested_branch_dag' retrieved from /usr/local/python/3.10.13/lib/python3.10/site-packages/airflow/example_dags/example_nested_branch_dag.py
[2024-05-16T12:38:07.006+0000] {logging_mixin.py:188} INFO - [2024-05-16T12:38:07.006+0000] {dag.py:3096} INFO - Sync 1 DAGs
[2024-05-16T12:38:07.021+0000] {logging_mixin.py:188} INFO - [2024-05-16T12:38:07.021+0000] {dag.py:3954} INFO - Setting next_dagrun for example_nested_branch_dag to 2024-05-15 00:00:00+00:00, run_after=2024-05-16 00:00:00+00:00
[2024-05-16T12:38:07.066+0000] {processor.py:183} INFO - Processing /usr/local/python/3.10.13/lib/python3.10/site-packages/airflow/example_dags/example_nested_branch_dag.py took 0.086 seconds
[2024-05-16T12:39:07.890+0000] {processor.py:161} INFO - Started process (PID=21531) to work on /usr/local/python/3.10.13/lib/python3.10/site-packages/airflow/example_dags/example_nested_branch_dag.py
[2024-05-16T12:39:07.891+0000] {processor.py:830} INFO - Processing file /usr/local/python/3.10.13/lib/python3.10/site-packages/airflow/example_dags/example_nested_branch_dag.py for tasks to queue
[2024-05-16T12:39:07.892+0000] {logging_mixin.py:188} INFO - [2024-05-16T12:39:07.892+0000] {dagbag.py:545} INFO - Filling up the DagBag from /usr/local/python/3.10.13/lib/python3.10/site-packages/airflow/example_dags/example_nested_branch_dag.py
[2024-05-16T12:39:07.900+0000] {processor.py:840} INFO - DAG(s) 'example_nested_branch_dag' retrieved from /usr/local/python/3.10.13/lib/python3.10/site-packages/airflow/example_dags/example_nested_branch_dag.py
[2024-05-16T12:39:07.913+0000] {logging_mixin.py:188} INFO - [2024-05-16T12:39:07.913+0000] {dag.py:3096} INFO - Sync 1 DAGs
[2024-05-16T12:39:07.929+0000] {logging_mixin.py:188} INFO - [2024-05-16T12:39:07.929+0000] {dag.py:3954} INFO - Setting next_dagrun for example_nested_branch_dag to 2024-05-15 00:00:00+00:00, run_after=2024-05-16 00:00:00+00:00
[2024-05-16T12:39:07.976+0000] {processor.py:183} INFO - Processing /usr/local/python/3.10.13/lib/python3.10/site-packages/airflow/example_dags/example_nested_branch_dag.py took 0.090 seconds
[2024-05-16T12:40:13.203+0000] {processor.py:161} INFO - Started process (PID=21992) to work on /usr/local/python/3.10.13/lib/python3.10/site-packages/airflow/example_dags/example_nested_branch_dag.py
[2024-05-16T12:40:13.204+0000] {processor.py:830} INFO - Processing file /usr/local/python/3.10.13/lib/python3.10/site-packages/airflow/example_dags/example_nested_branch_dag.py for tasks to queue
[2024-05-16T12:40:13.205+0000] {logging_mixin.py:188} INFO - [2024-05-16T12:40:13.205+0000] {dagbag.py:545} INFO - Filling up the DagBag from /usr/local/python/3.10.13/lib/python3.10/site-packages/airflow/example_dags/example_nested_branch_dag.py
[2024-05-16T12:40:13.213+0000] {processor.py:840} INFO - DAG(s) 'example_nested_branch_dag' retrieved from /usr/local/python/3.10.13/lib/python3.10/site-packages/airflow/example_dags/example_nested_branch_dag.py
[2024-05-16T12:40:13.226+0000] {logging_mixin.py:188} INFO - [2024-05-16T12:40:13.225+0000] {dag.py:3096} INFO - Sync 1 DAGs
[2024-05-16T12:40:13.241+0000] {logging_mixin.py:188} INFO - [2024-05-16T12:40:13.241+0000] {dag.py:3954} INFO - Setting next_dagrun for example_nested_branch_dag to 2024-05-15 00:00:00+00:00, run_after=2024-05-16 00:00:00+00:00
[2024-05-16T12:40:13.286+0000] {processor.py:183} INFO - Processing /usr/local/python/3.10.13/lib/python3.10/site-packages/airflow/example_dags/example_nested_branch_dag.py took 0.087 seconds
[2024-05-16T12:41:16.305+0000] {processor.py:161} INFO - Started process (PID=22437) to work on /usr/local/python/3.10.13/lib/python3.10/site-packages/airflow/example_dags/example_nested_branch_dag.py
[2024-05-16T12:41:16.306+0000] {processor.py:830} INFO - Processing file /usr/local/python/3.10.13/lib/python3.10/site-packages/airflow/example_dags/example_nested_branch_dag.py for tasks to queue
[2024-05-16T12:41:16.307+0000] {logging_mixin.py:188} INFO - [2024-05-16T12:41:16.307+0000] {dagbag.py:545} INFO - Filling up the DagBag from /usr/local/python/3.10.13/lib/python3.10/site-packages/airflow/example_dags/example_nested_branch_dag.py
[2024-05-16T12:41:16.315+0000] {processor.py:840} INFO - DAG(s) 'example_nested_branch_dag' retrieved from /usr/local/python/3.10.13/lib/python3.10/site-packages/airflow/example_dags/example_nested_branch_dag.py
[2024-05-16T12:41:16.328+0000] {logging_mixin.py:188} INFO - [2024-05-16T12:41:16.328+0000] {dag.py:3096} INFO - Sync 1 DAGs
[2024-05-16T12:41:16.343+0000] {logging_mixin.py:188} INFO - [2024-05-16T12:41:16.343+0000] {dag.py:3954} INFO - Setting next_dagrun for example_nested_branch_dag to 2024-05-15 00:00:00+00:00, run_after=2024-05-16 00:00:00+00:00
[2024-05-16T12:41:16.395+0000] {processor.py:183} INFO - Processing /usr/local/python/3.10.13/lib/python3.10/site-packages/airflow/example_dags/example_nested_branch_dag.py took 0.095 seconds
[2024-05-16T12:42:20.256+0000] {processor.py:161} INFO - Started process (PID=22919) to work on /usr/local/python/3.10.13/lib/python3.10/site-packages/airflow/example_dags/example_nested_branch_dag.py
[2024-05-16T12:42:20.257+0000] {processor.py:830} INFO - Processing file /usr/local/python/3.10.13/lib/python3.10/site-packages/airflow/example_dags/example_nested_branch_dag.py for tasks to queue
[2024-05-16T12:42:20.258+0000] {logging_mixin.py:188} INFO - [2024-05-16T12:42:20.258+0000] {dagbag.py:545} INFO - Filling up the DagBag from /usr/local/python/3.10.13/lib/python3.10/site-packages/airflow/example_dags/example_nested_branch_dag.py
[2024-05-16T12:42:20.266+0000] {processor.py:840} INFO - DAG(s) 'example_nested_branch_dag' retrieved from /usr/local/python/3.10.13/lib/python3.10/site-packages/airflow/example_dags/example_nested_branch_dag.py
[2024-05-16T12:42:20.279+0000] {logging_mixin.py:188} INFO - [2024-05-16T12:42:20.279+0000] {dag.py:3096} INFO - Sync 1 DAGs
[2024-05-16T12:42:20.295+0000] {logging_mixin.py:188} INFO - [2024-05-16T12:42:20.295+0000] {dag.py:3954} INFO - Setting next_dagrun for example_nested_branch_dag to 2024-05-15 00:00:00+00:00, run_after=2024-05-16 00:00:00+00:00
[2024-05-16T12:42:20.351+0000] {processor.py:183} INFO - Processing /usr/local/python/3.10.13/lib/python3.10/site-packages/airflow/example_dags/example_nested_branch_dag.py took 0.100 seconds
[2024-05-16T12:43:22.005+0000] {processor.py:161} INFO - Started process (PID=23380) to work on /usr/local/python/3.10.13/lib/python3.10/site-packages/airflow/example_dags/example_nested_branch_dag.py
[2024-05-16T12:43:22.006+0000] {processor.py:830} INFO - Processing file /usr/local/python/3.10.13/lib/python3.10/site-packages/airflow/example_dags/example_nested_branch_dag.py for tasks to queue
[2024-05-16T12:43:22.007+0000] {logging_mixin.py:188} INFO - [2024-05-16T12:43:22.007+0000] {dagbag.py:545} INFO - Filling up the DagBag from /usr/local/python/3.10.13/lib/python3.10/site-packages/airflow/example_dags/example_nested_branch_dag.py
[2024-05-16T12:43:22.015+0000] {processor.py:840} INFO - DAG(s) 'example_nested_branch_dag' retrieved from /usr/local/python/3.10.13/lib/python3.10/site-packages/airflow/example_dags/example_nested_branch_dag.py
[2024-05-16T12:43:22.030+0000] {logging_mixin.py:188} INFO - [2024-05-16T12:43:22.029+0000] {dag.py:3096} INFO - Sync 1 DAGs
[2024-05-16T12:43:22.045+0000] {logging_mixin.py:188} INFO - [2024-05-16T12:43:22.045+0000] {dag.py:3954} INFO - Setting next_dagrun for example_nested_branch_dag to 2024-05-15 00:00:00+00:00, run_after=2024-05-16 00:00:00+00:00
[2024-05-16T12:43:22.105+0000] {processor.py:183} INFO - Processing /usr/local/python/3.10.13/lib/python3.10/site-packages/airflow/example_dags/example_nested_branch_dag.py took 0.105 seconds
[2024-05-16T12:44:26.826+0000] {processor.py:161} INFO - Started process (PID=23840) to work on /usr/local/python/3.10.13/lib/python3.10/site-packages/airflow/example_dags/example_nested_branch_dag.py
[2024-05-16T12:44:26.827+0000] {processor.py:830} INFO - Processing file /usr/local/python/3.10.13/lib/python3.10/site-packages/airflow/example_dags/example_nested_branch_dag.py for tasks to queue
[2024-05-16T12:44:26.829+0000] {logging_mixin.py:188} INFO - [2024-05-16T12:44:26.829+0000] {dagbag.py:545} INFO - Filling up the DagBag from /usr/local/python/3.10.13/lib/python3.10/site-packages/airflow/example_dags/example_nested_branch_dag.py
[2024-05-16T12:44:26.841+0000] {processor.py:840} INFO - DAG(s) 'example_nested_branch_dag' retrieved from /usr/local/python/3.10.13/lib/python3.10/site-packages/airflow/example_dags/example_nested_branch_dag.py
[2024-05-16T12:44:26.854+0000] {logging_mixin.py:188} INFO - [2024-05-16T12:44:26.853+0000] {dag.py:3096} INFO - Sync 1 DAGs
[2024-05-16T12:44:26.870+0000] {logging_mixin.py:188} INFO - [2024-05-16T12:44:26.870+0000] {dag.py:3954} INFO - Setting next_dagrun for example_nested_branch_dag to 2024-05-15 00:00:00+00:00, run_after=2024-05-16 00:00:00+00:00
[2024-05-16T12:44:26.920+0000] {processor.py:183} INFO - Processing /usr/local/python/3.10.13/lib/python3.10/site-packages/airflow/example_dags/example_nested_branch_dag.py took 0.101 seconds
[2024-05-16T12:45:32.326+0000] {processor.py:161} INFO - Started process (PID=24423) to work on /usr/local/python/3.10.13/lib/python3.10/site-packages/airflow/example_dags/example_nested_branch_dag.py
[2024-05-16T12:45:32.327+0000] {processor.py:830} INFO - Processing file /usr/local/python/3.10.13/lib/python3.10/site-packages/airflow/example_dags/example_nested_branch_dag.py for tasks to queue
[2024-05-16T12:45:32.329+0000] {logging_mixin.py:188} INFO - [2024-05-16T12:45:32.329+0000] {dagbag.py:545} INFO - Filling up the DagBag from /usr/local/python/3.10.13/lib/python3.10/site-packages/airflow/example_dags/example_nested_branch_dag.py
[2024-05-16T12:45:32.343+0000] {processor.py:840} INFO - DAG(s) 'example_nested_branch_dag' retrieved from /usr/local/python/3.10.13/lib/python3.10/site-packages/airflow/example_dags/example_nested_branch_dag.py
[2024-05-16T12:45:32.372+0000] {logging_mixin.py:188} INFO - [2024-05-16T12:45:32.372+0000] {dag.py:3096} INFO - Sync 1 DAGs
[2024-05-16T12:45:32.402+0000] {logging_mixin.py:188} INFO - [2024-05-16T12:45:32.401+0000] {dag.py:3954} INFO - Setting next_dagrun for example_nested_branch_dag to 2024-05-15 00:00:00+00:00, run_after=2024-05-16 00:00:00+00:00
[2024-05-16T12:45:32.448+0000] {processor.py:183} INFO - Processing /usr/local/python/3.10.13/lib/python3.10/site-packages/airflow/example_dags/example_nested_branch_dag.py took 0.129 seconds
