[2024-05-16T12:06:53.423+0000] {processor.py:161} INFO - Started process (PID=7595) to work on /usr/local/python/3.10.13/lib/python3.10/site-packages/airflow/example_dags/example_latest_only_with_trigger.py
[2024-05-16T12:06:53.424+0000] {processor.py:830} INFO - Processing file /usr/local/python/3.10.13/lib/python3.10/site-packages/airflow/example_dags/example_latest_only_with_trigger.py for tasks to queue
[2024-05-16T12:06:53.425+0000] {logging_mixin.py:188} INFO - [2024-05-16T12:06:53.425+0000] {dagbag.py:545} INFO - Filling up the DagBag from /usr/local/python/3.10.13/lib/python3.10/site-packages/airflow/example_dags/example_latest_only_with_trigger.py
[2024-05-16T12:06:53.429+0000] {processor.py:840} INFO - DAG(s) 'latest_only_with_trigger' retrieved from /usr/local/python/3.10.13/lib/python3.10/site-packages/airflow/example_dags/example_latest_only_with_trigger.py
[2024-05-16T12:06:53.582+0000] {logging_mixin.py:188} INFO - [2024-05-16T12:06:53.582+0000] {dag.py:3096} INFO - Sync 1 DAGs
[2024-05-16T12:06:53.600+0000] {logging_mixin.py:188} INFO - [2024-05-16T12:06:53.599+0000] {dag.py:3954} INFO - Setting next_dagrun for latest_only_with_trigger to 2024-05-16 08:00:00+00:00, run_after=2024-05-16 12:00:00+00:00
[2024-05-16T12:06:53.650+0000] {processor.py:183} INFO - Processing /usr/local/python/3.10.13/lib/python3.10/site-packages/airflow/example_dags/example_latest_only_with_trigger.py took 0.232 seconds
[2024-05-16T12:07:46.270+0000] {processor.py:161} INFO - Started process (PID=7947) to work on /usr/local/python/3.10.13/lib/python3.10/site-packages/airflow/example_dags/example_latest_only_with_trigger.py
[2024-05-16T12:07:46.271+0000] {processor.py:830} INFO - Processing file /usr/local/python/3.10.13/lib/python3.10/site-packages/airflow/example_dags/example_latest_only_with_trigger.py for tasks to queue
[2024-05-16T12:07:46.272+0000] {logging_mixin.py:188} INFO - [2024-05-16T12:07:46.272+0000] {dagbag.py:545} INFO - Filling up the DagBag from /usr/local/python/3.10.13/lib/python3.10/site-packages/airflow/example_dags/example_latest_only_with_trigger.py
[2024-05-16T12:07:46.276+0000] {processor.py:840} INFO - DAG(s) 'latest_only_with_trigger' retrieved from /usr/local/python/3.10.13/lib/python3.10/site-packages/airflow/example_dags/example_latest_only_with_trigger.py
[2024-05-16T12:07:46.288+0000] {logging_mixin.py:188} INFO - [2024-05-16T12:07:46.288+0000] {dag.py:3096} INFO - Sync 1 DAGs
[2024-05-16T12:07:46.303+0000] {logging_mixin.py:188} INFO - [2024-05-16T12:07:46.303+0000] {dag.py:3954} INFO - Setting next_dagrun for latest_only_with_trigger to 2024-05-16 08:00:00+00:00, run_after=2024-05-16 12:00:00+00:00
[2024-05-16T12:07:46.348+0000] {processor.py:183} INFO - Processing /usr/local/python/3.10.13/lib/python3.10/site-packages/airflow/example_dags/example_latest_only_with_trigger.py took 0.083 seconds
[2024-05-16T12:08:52.433+0000] {processor.py:161} INFO - Started process (PID=8425) to work on /usr/local/python/3.10.13/lib/python3.10/site-packages/airflow/example_dags/example_latest_only_with_trigger.py
[2024-05-16T12:08:52.434+0000] {processor.py:830} INFO - Processing file /usr/local/python/3.10.13/lib/python3.10/site-packages/airflow/example_dags/example_latest_only_with_trigger.py for tasks to queue
[2024-05-16T12:08:52.435+0000] {logging_mixin.py:188} INFO - [2024-05-16T12:08:52.435+0000] {dagbag.py:545} INFO - Filling up the DagBag from /usr/local/python/3.10.13/lib/python3.10/site-packages/airflow/example_dags/example_latest_only_with_trigger.py
[2024-05-16T12:08:52.441+0000] {processor.py:840} INFO - DAG(s) 'latest_only_with_trigger' retrieved from /usr/local/python/3.10.13/lib/python3.10/site-packages/airflow/example_dags/example_latest_only_with_trigger.py
[2024-05-16T12:08:52.463+0000] {logging_mixin.py:188} INFO - [2024-05-16T12:08:52.462+0000] {dag.py:3096} INFO - Sync 1 DAGs
[2024-05-16T12:08:52.487+0000] {logging_mixin.py:188} INFO - [2024-05-16T12:08:52.487+0000] {dag.py:3954} INFO - Setting next_dagrun for latest_only_with_trigger to 2024-05-16 08:00:00+00:00, run_after=2024-05-16 12:00:00+00:00
[2024-05-16T12:08:52.545+0000] {processor.py:183} INFO - Processing /usr/local/python/3.10.13/lib/python3.10/site-packages/airflow/example_dags/example_latest_only_with_trigger.py took 0.117 seconds
[2024-05-16T12:09:59.916+0000] {processor.py:161} INFO - Started process (PID=8911) to work on /usr/local/python/3.10.13/lib/python3.10/site-packages/airflow/example_dags/example_latest_only_with_trigger.py
[2024-05-16T12:09:59.918+0000] {processor.py:830} INFO - Processing file /usr/local/python/3.10.13/lib/python3.10/site-packages/airflow/example_dags/example_latest_only_with_trigger.py for tasks to queue
[2024-05-16T12:09:59.919+0000] {logging_mixin.py:188} INFO - [2024-05-16T12:09:59.919+0000] {dagbag.py:545} INFO - Filling up the DagBag from /usr/local/python/3.10.13/lib/python3.10/site-packages/airflow/example_dags/example_latest_only_with_trigger.py
[2024-05-16T12:09:59.924+0000] {processor.py:840} INFO - DAG(s) 'latest_only_with_trigger' retrieved from /usr/local/python/3.10.13/lib/python3.10/site-packages/airflow/example_dags/example_latest_only_with_trigger.py
[2024-05-16T12:09:59.935+0000] {logging_mixin.py:188} INFO - [2024-05-16T12:09:59.935+0000] {dag.py:3096} INFO - Sync 1 DAGs
[2024-05-16T12:09:59.950+0000] {logging_mixin.py:188} INFO - [2024-05-16T12:09:59.950+0000] {dag.py:3954} INFO - Setting next_dagrun for latest_only_with_trigger to 2024-05-16 08:00:00+00:00, run_after=2024-05-16 12:00:00+00:00
[2024-05-16T12:09:59.996+0000] {processor.py:183} INFO - Processing /usr/local/python/3.10.13/lib/python3.10/site-packages/airflow/example_dags/example_latest_only_with_trigger.py took 0.085 seconds
[2024-05-16T12:11:02.720+0000] {processor.py:161} INFO - Started process (PID=9341) to work on /usr/local/python/3.10.13/lib/python3.10/site-packages/airflow/example_dags/example_latest_only_with_trigger.py
[2024-05-16T12:11:02.722+0000] {processor.py:830} INFO - Processing file /usr/local/python/3.10.13/lib/python3.10/site-packages/airflow/example_dags/example_latest_only_with_trigger.py for tasks to queue
[2024-05-16T12:11:02.724+0000] {logging_mixin.py:188} INFO - [2024-05-16T12:11:02.723+0000] {dagbag.py:545} INFO - Filling up the DagBag from /usr/local/python/3.10.13/lib/python3.10/site-packages/airflow/example_dags/example_latest_only_with_trigger.py
[2024-05-16T12:11:02.730+0000] {processor.py:840} INFO - DAG(s) 'latest_only_with_trigger' retrieved from /usr/local/python/3.10.13/lib/python3.10/site-packages/airflow/example_dags/example_latest_only_with_trigger.py
[2024-05-16T12:11:02.748+0000] {logging_mixin.py:188} INFO - [2024-05-16T12:11:02.748+0000] {dag.py:3096} INFO - Sync 1 DAGs
[2024-05-16T12:11:02.770+0000] {logging_mixin.py:188} INFO - [2024-05-16T12:11:02.770+0000] {dag.py:3954} INFO - Setting next_dagrun for latest_only_with_trigger to 2024-05-16 08:00:00+00:00, run_after=2024-05-16 12:00:00+00:00
[2024-05-16T12:11:02.819+0000] {processor.py:183} INFO - Processing /usr/local/python/3.10.13/lib/python3.10/site-packages/airflow/example_dags/example_latest_only_with_trigger.py took 0.106 seconds
[2024-05-16T12:12:01.560+0000] {processor.py:161} INFO - Started process (PID=9751) to work on /usr/local/python/3.10.13/lib/python3.10/site-packages/airflow/example_dags/example_latest_only_with_trigger.py
[2024-05-16T12:12:01.562+0000] {processor.py:830} INFO - Processing file /usr/local/python/3.10.13/lib/python3.10/site-packages/airflow/example_dags/example_latest_only_with_trigger.py for tasks to queue
[2024-05-16T12:12:01.564+0000] {logging_mixin.py:188} INFO - [2024-05-16T12:12:01.563+0000] {dagbag.py:545} INFO - Filling up the DagBag from /usr/local/python/3.10.13/lib/python3.10/site-packages/airflow/example_dags/example_latest_only_with_trigger.py
[2024-05-16T12:12:01.570+0000] {processor.py:840} INFO - DAG(s) 'latest_only_with_trigger' retrieved from /usr/local/python/3.10.13/lib/python3.10/site-packages/airflow/example_dags/example_latest_only_with_trigger.py
[2024-05-16T12:12:01.588+0000] {logging_mixin.py:188} INFO - [2024-05-16T12:12:01.587+0000] {dag.py:3096} INFO - Sync 1 DAGs
[2024-05-16T12:12:01.612+0000] {logging_mixin.py:188} INFO - [2024-05-16T12:12:01.612+0000] {dag.py:3954} INFO - Setting next_dagrun for latest_only_with_trigger to 2024-05-16 08:00:00+00:00, run_after=2024-05-16 12:00:00+00:00
[2024-05-16T12:12:01.668+0000] {processor.py:183} INFO - Processing /usr/local/python/3.10.13/lib/python3.10/site-packages/airflow/example_dags/example_latest_only_with_trigger.py took 0.114 seconds
[2024-05-16T12:13:05.454+0000] {processor.py:161} INFO - Started process (PID=10191) to work on /usr/local/python/3.10.13/lib/python3.10/site-packages/airflow/example_dags/example_latest_only_with_trigger.py
[2024-05-16T12:13:05.454+0000] {processor.py:830} INFO - Processing file /usr/local/python/3.10.13/lib/python3.10/site-packages/airflow/example_dags/example_latest_only_with_trigger.py for tasks to queue
[2024-05-16T12:13:05.456+0000] {logging_mixin.py:188} INFO - [2024-05-16T12:13:05.455+0000] {dagbag.py:545} INFO - Filling up the DagBag from /usr/local/python/3.10.13/lib/python3.10/site-packages/airflow/example_dags/example_latest_only_with_trigger.py
[2024-05-16T12:13:05.460+0000] {processor.py:840} INFO - DAG(s) 'latest_only_with_trigger' retrieved from /usr/local/python/3.10.13/lib/python3.10/site-packages/airflow/example_dags/example_latest_only_with_trigger.py
[2024-05-16T12:13:05.472+0000] {logging_mixin.py:188} INFO - [2024-05-16T12:13:05.472+0000] {dag.py:3096} INFO - Sync 1 DAGs
[2024-05-16T12:13:05.488+0000] {logging_mixin.py:188} INFO - [2024-05-16T12:13:05.487+0000] {dag.py:3954} INFO - Setting next_dagrun for latest_only_with_trigger to 2024-05-16 08:00:00+00:00, run_after=2024-05-16 12:00:00+00:00
[2024-05-16T12:13:05.533+0000] {processor.py:183} INFO - Processing /usr/local/python/3.10.13/lib/python3.10/site-packages/airflow/example_dags/example_latest_only_with_trigger.py took 0.084 seconds
[2024-05-16T12:14:08.160+0000] {processor.py:161} INFO - Started process (PID=10637) to work on /usr/local/python/3.10.13/lib/python3.10/site-packages/airflow/example_dags/example_latest_only_with_trigger.py
[2024-05-16T12:14:08.160+0000] {processor.py:830} INFO - Processing file /usr/local/python/3.10.13/lib/python3.10/site-packages/airflow/example_dags/example_latest_only_with_trigger.py for tasks to queue
[2024-05-16T12:14:08.162+0000] {logging_mixin.py:188} INFO - [2024-05-16T12:14:08.161+0000] {dagbag.py:545} INFO - Filling up the DagBag from /usr/local/python/3.10.13/lib/python3.10/site-packages/airflow/example_dags/example_latest_only_with_trigger.py
[2024-05-16T12:14:08.169+0000] {processor.py:840} INFO - DAG(s) 'latest_only_with_trigger' retrieved from /usr/local/python/3.10.13/lib/python3.10/site-packages/airflow/example_dags/example_latest_only_with_trigger.py
[2024-05-16T12:14:08.182+0000] {logging_mixin.py:188} INFO - [2024-05-16T12:14:08.182+0000] {dag.py:3096} INFO - Sync 1 DAGs
[2024-05-16T12:14:08.197+0000] {logging_mixin.py:188} INFO - [2024-05-16T12:14:08.197+0000] {dag.py:3954} INFO - Setting next_dagrun for latest_only_with_trigger to 2024-05-16 08:00:00+00:00, run_after=2024-05-16 12:00:00+00:00
[2024-05-16T12:14:08.245+0000] {processor.py:183} INFO - Processing /usr/local/python/3.10.13/lib/python3.10/site-packages/airflow/example_dags/example_latest_only_with_trigger.py took 0.090 seconds
[2024-05-16T12:15:12.042+0000] {processor.py:161} INFO - Started process (PID=11069) to work on /usr/local/python/3.10.13/lib/python3.10/site-packages/airflow/example_dags/example_latest_only_with_trigger.py
[2024-05-16T12:15:12.043+0000] {processor.py:830} INFO - Processing file /usr/local/python/3.10.13/lib/python3.10/site-packages/airflow/example_dags/example_latest_only_with_trigger.py for tasks to queue
[2024-05-16T12:15:12.044+0000] {logging_mixin.py:188} INFO - [2024-05-16T12:15:12.044+0000] {dagbag.py:545} INFO - Filling up the DagBag from /usr/local/python/3.10.13/lib/python3.10/site-packages/airflow/example_dags/example_latest_only_with_trigger.py
[2024-05-16T12:15:12.049+0000] {processor.py:840} INFO - DAG(s) 'latest_only_with_trigger' retrieved from /usr/local/python/3.10.13/lib/python3.10/site-packages/airflow/example_dags/example_latest_only_with_trigger.py
[2024-05-16T12:15:12.060+0000] {logging_mixin.py:188} INFO - [2024-05-16T12:15:12.060+0000] {dag.py:3096} INFO - Sync 1 DAGs
[2024-05-16T12:15:12.075+0000] {logging_mixin.py:188} INFO - [2024-05-16T12:15:12.075+0000] {dag.py:3954} INFO - Setting next_dagrun for latest_only_with_trigger to 2024-05-16 08:00:00+00:00, run_after=2024-05-16 12:00:00+00:00
[2024-05-16T12:15:12.122+0000] {processor.py:183} INFO - Processing /usr/local/python/3.10.13/lib/python3.10/site-packages/airflow/example_dags/example_latest_only_with_trigger.py took 0.085 seconds
[2024-05-16T12:16:15.974+0000] {processor.py:161} INFO - Started process (PID=11543) to work on /usr/local/python/3.10.13/lib/python3.10/site-packages/airflow/example_dags/example_latest_only_with_trigger.py
[2024-05-16T12:16:15.975+0000] {processor.py:830} INFO - Processing file /usr/local/python/3.10.13/lib/python3.10/site-packages/airflow/example_dags/example_latest_only_with_trigger.py for tasks to queue
[2024-05-16T12:16:15.976+0000] {logging_mixin.py:188} INFO - [2024-05-16T12:16:15.976+0000] {dagbag.py:545} INFO - Filling up the DagBag from /usr/local/python/3.10.13/lib/python3.10/site-packages/airflow/example_dags/example_latest_only_with_trigger.py
[2024-05-16T12:16:15.980+0000] {processor.py:840} INFO - DAG(s) 'latest_only_with_trigger' retrieved from /usr/local/python/3.10.13/lib/python3.10/site-packages/airflow/example_dags/example_latest_only_with_trigger.py
[2024-05-16T12:16:15.992+0000] {logging_mixin.py:188} INFO - [2024-05-16T12:16:15.992+0000] {dag.py:3096} INFO - Sync 1 DAGs
[2024-05-16T12:16:16.006+0000] {logging_mixin.py:188} INFO - [2024-05-16T12:16:16.006+0000] {dag.py:3954} INFO - Setting next_dagrun for latest_only_with_trigger to 2024-05-16 08:00:00+00:00, run_after=2024-05-16 12:00:00+00:00
[2024-05-16T12:16:16.053+0000] {processor.py:183} INFO - Processing /usr/local/python/3.10.13/lib/python3.10/site-packages/airflow/example_dags/example_latest_only_with_trigger.py took 0.083 seconds
[2024-05-16T12:17:21.676+0000] {processor.py:161} INFO - Started process (PID=12029) to work on /usr/local/python/3.10.13/lib/python3.10/site-packages/airflow/example_dags/example_latest_only_with_trigger.py
[2024-05-16T12:17:21.677+0000] {processor.py:830} INFO - Processing file /usr/local/python/3.10.13/lib/python3.10/site-packages/airflow/example_dags/example_latest_only_with_trigger.py for tasks to queue
[2024-05-16T12:17:21.678+0000] {logging_mixin.py:188} INFO - [2024-05-16T12:17:21.678+0000] {dagbag.py:545} INFO - Filling up the DagBag from /usr/local/python/3.10.13/lib/python3.10/site-packages/airflow/example_dags/example_latest_only_with_trigger.py
[2024-05-16T12:17:21.683+0000] {processor.py:840} INFO - DAG(s) 'latest_only_with_trigger' retrieved from /usr/local/python/3.10.13/lib/python3.10/site-packages/airflow/example_dags/example_latest_only_with_trigger.py
[2024-05-16T12:17:21.694+0000] {logging_mixin.py:188} INFO - [2024-05-16T12:17:21.694+0000] {dag.py:3096} INFO - Sync 1 DAGs
[2024-05-16T12:17:21.709+0000] {logging_mixin.py:188} INFO - [2024-05-16T12:17:21.709+0000] {dag.py:3954} INFO - Setting next_dagrun for latest_only_with_trigger to 2024-05-16 08:00:00+00:00, run_after=2024-05-16 12:00:00+00:00
[2024-05-16T12:17:21.755+0000] {processor.py:183} INFO - Processing /usr/local/python/3.10.13/lib/python3.10/site-packages/airflow/example_dags/example_latest_only_with_trigger.py took 0.084 seconds
[2024-05-16T12:18:23.641+0000] {processor.py:161} INFO - Started process (PID=12463) to work on /usr/local/python/3.10.13/lib/python3.10/site-packages/airflow/example_dags/example_latest_only_with_trigger.py
[2024-05-16T12:18:23.642+0000] {processor.py:830} INFO - Processing file /usr/local/python/3.10.13/lib/python3.10/site-packages/airflow/example_dags/example_latest_only_with_trigger.py for tasks to queue
[2024-05-16T12:18:23.643+0000] {logging_mixin.py:188} INFO - [2024-05-16T12:18:23.643+0000] {dagbag.py:545} INFO - Filling up the DagBag from /usr/local/python/3.10.13/lib/python3.10/site-packages/airflow/example_dags/example_latest_only_with_trigger.py
[2024-05-16T12:18:23.648+0000] {processor.py:840} INFO - DAG(s) 'latest_only_with_trigger' retrieved from /usr/local/python/3.10.13/lib/python3.10/site-packages/airflow/example_dags/example_latest_only_with_trigger.py
[2024-05-16T12:18:23.659+0000] {logging_mixin.py:188} INFO - [2024-05-16T12:18:23.659+0000] {dag.py:3096} INFO - Sync 1 DAGs
[2024-05-16T12:18:23.674+0000] {logging_mixin.py:188} INFO - [2024-05-16T12:18:23.674+0000] {dag.py:3954} INFO - Setting next_dagrun for latest_only_with_trigger to 2024-05-16 08:00:00+00:00, run_after=2024-05-16 12:00:00+00:00
[2024-05-16T12:18:23.721+0000] {processor.py:183} INFO - Processing /usr/local/python/3.10.13/lib/python3.10/site-packages/airflow/example_dags/example_latest_only_with_trigger.py took 0.086 seconds
[2024-05-16T12:19:26.196+0000] {processor.py:161} INFO - Started process (PID=12908) to work on /usr/local/python/3.10.13/lib/python3.10/site-packages/airflow/example_dags/example_latest_only_with_trigger.py
[2024-05-16T12:19:26.197+0000] {processor.py:830} INFO - Processing file /usr/local/python/3.10.13/lib/python3.10/site-packages/airflow/example_dags/example_latest_only_with_trigger.py for tasks to queue
[2024-05-16T12:19:26.199+0000] {logging_mixin.py:188} INFO - [2024-05-16T12:19:26.198+0000] {dagbag.py:545} INFO - Filling up the DagBag from /usr/local/python/3.10.13/lib/python3.10/site-packages/airflow/example_dags/example_latest_only_with_trigger.py
[2024-05-16T12:19:26.203+0000] {processor.py:840} INFO - DAG(s) 'latest_only_with_trigger' retrieved from /usr/local/python/3.10.13/lib/python3.10/site-packages/airflow/example_dags/example_latest_only_with_trigger.py
[2024-05-16T12:19:26.215+0000] {logging_mixin.py:188} INFO - [2024-05-16T12:19:26.215+0000] {dag.py:3096} INFO - Sync 1 DAGs
[2024-05-16T12:19:26.230+0000] {logging_mixin.py:188} INFO - [2024-05-16T12:19:26.230+0000] {dag.py:3954} INFO - Setting next_dagrun for latest_only_with_trigger to 2024-05-16 08:00:00+00:00, run_after=2024-05-16 12:00:00+00:00
[2024-05-16T12:19:26.275+0000] {processor.py:183} INFO - Processing /usr/local/python/3.10.13/lib/python3.10/site-packages/airflow/example_dags/example_latest_only_with_trigger.py took 0.086 seconds
[2024-05-16T12:20:27.309+0000] {processor.py:161} INFO - Started process (PID=13355) to work on /usr/local/python/3.10.13/lib/python3.10/site-packages/airflow/example_dags/example_latest_only_with_trigger.py
[2024-05-16T12:20:27.310+0000] {processor.py:830} INFO - Processing file /usr/local/python/3.10.13/lib/python3.10/site-packages/airflow/example_dags/example_latest_only_with_trigger.py for tasks to queue
[2024-05-16T12:20:27.311+0000] {logging_mixin.py:188} INFO - [2024-05-16T12:20:27.311+0000] {dagbag.py:545} INFO - Filling up the DagBag from /usr/local/python/3.10.13/lib/python3.10/site-packages/airflow/example_dags/example_latest_only_with_trigger.py
[2024-05-16T12:20:27.319+0000] {processor.py:840} INFO - DAG(s) 'latest_only_with_trigger' retrieved from /usr/local/python/3.10.13/lib/python3.10/site-packages/airflow/example_dags/example_latest_only_with_trigger.py
[2024-05-16T12:20:27.331+0000] {logging_mixin.py:188} INFO - [2024-05-16T12:20:27.331+0000] {dag.py:3096} INFO - Sync 1 DAGs
[2024-05-16T12:20:27.345+0000] {logging_mixin.py:188} INFO - [2024-05-16T12:20:27.345+0000] {dag.py:3954} INFO - Setting next_dagrun for latest_only_with_trigger to 2024-05-16 08:00:00+00:00, run_after=2024-05-16 12:00:00+00:00
[2024-05-16T12:20:27.394+0000] {processor.py:183} INFO - Processing /usr/local/python/3.10.13/lib/python3.10/site-packages/airflow/example_dags/example_latest_only_with_trigger.py took 0.090 seconds
[2024-05-16T12:21:32.482+0000] {processor.py:161} INFO - Started process (PID=13799) to work on /usr/local/python/3.10.13/lib/python3.10/site-packages/airflow/example_dags/example_latest_only_with_trigger.py
[2024-05-16T12:21:32.483+0000] {processor.py:830} INFO - Processing file /usr/local/python/3.10.13/lib/python3.10/site-packages/airflow/example_dags/example_latest_only_with_trigger.py for tasks to queue
[2024-05-16T12:21:32.484+0000] {logging_mixin.py:188} INFO - [2024-05-16T12:21:32.484+0000] {dagbag.py:545} INFO - Filling up the DagBag from /usr/local/python/3.10.13/lib/python3.10/site-packages/airflow/example_dags/example_latest_only_with_trigger.py
[2024-05-16T12:21:32.489+0000] {processor.py:840} INFO - DAG(s) 'latest_only_with_trigger' retrieved from /usr/local/python/3.10.13/lib/python3.10/site-packages/airflow/example_dags/example_latest_only_with_trigger.py
[2024-05-16T12:21:32.500+0000] {logging_mixin.py:188} INFO - [2024-05-16T12:21:32.500+0000] {dag.py:3096} INFO - Sync 1 DAGs
[2024-05-16T12:21:32.515+0000] {logging_mixin.py:188} INFO - [2024-05-16T12:21:32.515+0000] {dag.py:3954} INFO - Setting next_dagrun for latest_only_with_trigger to 2024-05-16 08:00:00+00:00, run_after=2024-05-16 12:00:00+00:00
[2024-05-16T12:21:32.571+0000] {processor.py:183} INFO - Processing /usr/local/python/3.10.13/lib/python3.10/site-packages/airflow/example_dags/example_latest_only_with_trigger.py took 0.094 seconds
[2024-05-16T12:22:37.168+0000] {processor.py:161} INFO - Started process (PID=14285) to work on /usr/local/python/3.10.13/lib/python3.10/site-packages/airflow/example_dags/example_latest_only_with_trigger.py
[2024-05-16T12:22:37.168+0000] {processor.py:830} INFO - Processing file /usr/local/python/3.10.13/lib/python3.10/site-packages/airflow/example_dags/example_latest_only_with_trigger.py for tasks to queue
[2024-05-16T12:22:37.170+0000] {logging_mixin.py:188} INFO - [2024-05-16T12:22:37.169+0000] {dagbag.py:545} INFO - Filling up the DagBag from /usr/local/python/3.10.13/lib/python3.10/site-packages/airflow/example_dags/example_latest_only_with_trigger.py
[2024-05-16T12:22:37.174+0000] {processor.py:840} INFO - DAG(s) 'latest_only_with_trigger' retrieved from /usr/local/python/3.10.13/lib/python3.10/site-packages/airflow/example_dags/example_latest_only_with_trigger.py
[2024-05-16T12:22:37.186+0000] {logging_mixin.py:188} INFO - [2024-05-16T12:22:37.185+0000] {dag.py:3096} INFO - Sync 1 DAGs
[2024-05-16T12:22:37.201+0000] {logging_mixin.py:188} INFO - [2024-05-16T12:22:37.201+0000] {dag.py:3954} INFO - Setting next_dagrun for latest_only_with_trigger to 2024-05-16 08:00:00+00:00, run_after=2024-05-16 12:00:00+00:00
[2024-05-16T12:22:37.246+0000] {processor.py:183} INFO - Processing /usr/local/python/3.10.13/lib/python3.10/site-packages/airflow/example_dags/example_latest_only_with_trigger.py took 0.083 seconds
[2024-05-16T12:23:45.227+0000] {processor.py:161} INFO - Started process (PID=14787) to work on /usr/local/python/3.10.13/lib/python3.10/site-packages/airflow/example_dags/example_latest_only_with_trigger.py
[2024-05-16T12:23:45.227+0000] {processor.py:830} INFO - Processing file /usr/local/python/3.10.13/lib/python3.10/site-packages/airflow/example_dags/example_latest_only_with_trigger.py for tasks to queue
[2024-05-16T12:23:45.229+0000] {logging_mixin.py:188} INFO - [2024-05-16T12:23:45.228+0000] {dagbag.py:545} INFO - Filling up the DagBag from /usr/local/python/3.10.13/lib/python3.10/site-packages/airflow/example_dags/example_latest_only_with_trigger.py
[2024-05-16T12:23:45.233+0000] {processor.py:840} INFO - DAG(s) 'latest_only_with_trigger' retrieved from /usr/local/python/3.10.13/lib/python3.10/site-packages/airflow/example_dags/example_latest_only_with_trigger.py
[2024-05-16T12:23:45.244+0000] {logging_mixin.py:188} INFO - [2024-05-16T12:23:45.244+0000] {dag.py:3096} INFO - Sync 1 DAGs
[2024-05-16T12:23:45.259+0000] {logging_mixin.py:188} INFO - [2024-05-16T12:23:45.259+0000] {dag.py:3954} INFO - Setting next_dagrun for latest_only_with_trigger to 2024-05-16 08:00:00+00:00, run_after=2024-05-16 12:00:00+00:00
[2024-05-16T12:23:45.307+0000] {processor.py:183} INFO - Processing /usr/local/python/3.10.13/lib/python3.10/site-packages/airflow/example_dags/example_latest_only_with_trigger.py took 0.085 seconds
[2024-05-16T12:24:48.792+0000] {processor.py:161} INFO - Started process (PID=15259) to work on /usr/local/python/3.10.13/lib/python3.10/site-packages/airflow/example_dags/example_latest_only_with_trigger.py
[2024-05-16T12:24:48.793+0000] {processor.py:830} INFO - Processing file /usr/local/python/3.10.13/lib/python3.10/site-packages/airflow/example_dags/example_latest_only_with_trigger.py for tasks to queue
[2024-05-16T12:24:48.794+0000] {logging_mixin.py:188} INFO - [2024-05-16T12:24:48.794+0000] {dagbag.py:545} INFO - Filling up the DagBag from /usr/local/python/3.10.13/lib/python3.10/site-packages/airflow/example_dags/example_latest_only_with_trigger.py
[2024-05-16T12:24:48.799+0000] {processor.py:840} INFO - DAG(s) 'latest_only_with_trigger' retrieved from /usr/local/python/3.10.13/lib/python3.10/site-packages/airflow/example_dags/example_latest_only_with_trigger.py
[2024-05-16T12:24:48.811+0000] {logging_mixin.py:188} INFO - [2024-05-16T12:24:48.811+0000] {dag.py:3096} INFO - Sync 1 DAGs
[2024-05-16T12:24:48.827+0000] {logging_mixin.py:188} INFO - [2024-05-16T12:24:48.827+0000] {dag.py:3954} INFO - Setting next_dagrun for latest_only_with_trigger to 2024-05-16 08:00:00+00:00, run_after=2024-05-16 12:00:00+00:00
[2024-05-16T12:24:48.872+0000] {processor.py:183} INFO - Processing /usr/local/python/3.10.13/lib/python3.10/site-packages/airflow/example_dags/example_latest_only_with_trigger.py took 0.084 seconds
[2024-05-16T12:25:48.438+0000] {processor.py:161} INFO - Started process (PID=15720) to work on /usr/local/python/3.10.13/lib/python3.10/site-packages/airflow/example_dags/example_latest_only_with_trigger.py
[2024-05-16T12:25:48.439+0000] {processor.py:830} INFO - Processing file /usr/local/python/3.10.13/lib/python3.10/site-packages/airflow/example_dags/example_latest_only_with_trigger.py for tasks to queue
[2024-05-16T12:25:48.440+0000] {logging_mixin.py:188} INFO - [2024-05-16T12:25:48.440+0000] {dagbag.py:545} INFO - Filling up the DagBag from /usr/local/python/3.10.13/lib/python3.10/site-packages/airflow/example_dags/example_latest_only_with_trigger.py
[2024-05-16T12:25:48.445+0000] {processor.py:840} INFO - DAG(s) 'latest_only_with_trigger' retrieved from /usr/local/python/3.10.13/lib/python3.10/site-packages/airflow/example_dags/example_latest_only_with_trigger.py
[2024-05-16T12:25:48.456+0000] {logging_mixin.py:188} INFO - [2024-05-16T12:25:48.456+0000] {dag.py:3096} INFO - Sync 1 DAGs
[2024-05-16T12:25:48.471+0000] {logging_mixin.py:188} INFO - [2024-05-16T12:25:48.470+0000] {dag.py:3954} INFO - Setting next_dagrun for latest_only_with_trigger to 2024-05-16 08:00:00+00:00, run_after=2024-05-16 12:00:00+00:00
[2024-05-16T12:25:48.518+0000] {processor.py:183} INFO - Processing /usr/local/python/3.10.13/lib/python3.10/site-packages/airflow/example_dags/example_latest_only_with_trigger.py took 0.085 seconds
[2024-05-16T12:26:49.260+0000] {processor.py:161} INFO - Started process (PID=16168) to work on /usr/local/python/3.10.13/lib/python3.10/site-packages/airflow/example_dags/example_latest_only_with_trigger.py
[2024-05-16T12:26:49.260+0000] {processor.py:830} INFO - Processing file /usr/local/python/3.10.13/lib/python3.10/site-packages/airflow/example_dags/example_latest_only_with_trigger.py for tasks to queue
[2024-05-16T12:26:49.262+0000] {logging_mixin.py:188} INFO - [2024-05-16T12:26:49.261+0000] {dagbag.py:545} INFO - Filling up the DagBag from /usr/local/python/3.10.13/lib/python3.10/site-packages/airflow/example_dags/example_latest_only_with_trigger.py
[2024-05-16T12:26:49.266+0000] {processor.py:840} INFO - DAG(s) 'latest_only_with_trigger' retrieved from /usr/local/python/3.10.13/lib/python3.10/site-packages/airflow/example_dags/example_latest_only_with_trigger.py
[2024-05-16T12:26:49.278+0000] {logging_mixin.py:188} INFO - [2024-05-16T12:26:49.278+0000] {dag.py:3096} INFO - Sync 1 DAGs
[2024-05-16T12:26:49.293+0000] {logging_mixin.py:188} INFO - [2024-05-16T12:26:49.292+0000] {dag.py:3954} INFO - Setting next_dagrun for latest_only_with_trigger to 2024-05-16 08:00:00+00:00, run_after=2024-05-16 12:00:00+00:00
[2024-05-16T12:26:49.339+0000] {processor.py:183} INFO - Processing /usr/local/python/3.10.13/lib/python3.10/site-packages/airflow/example_dags/example_latest_only_with_trigger.py took 0.084 seconds
[2024-05-16T12:27:54.128+0000] {processor.py:161} INFO - Started process (PID=16664) to work on /usr/local/python/3.10.13/lib/python3.10/site-packages/airflow/example_dags/example_latest_only_with_trigger.py
[2024-05-16T12:27:54.129+0000] {processor.py:830} INFO - Processing file /usr/local/python/3.10.13/lib/python3.10/site-packages/airflow/example_dags/example_latest_only_with_trigger.py for tasks to queue
[2024-05-16T12:27:54.130+0000] {logging_mixin.py:188} INFO - [2024-05-16T12:27:54.130+0000] {dagbag.py:545} INFO - Filling up the DagBag from /usr/local/python/3.10.13/lib/python3.10/site-packages/airflow/example_dags/example_latest_only_with_trigger.py
[2024-05-16T12:27:54.135+0000] {processor.py:840} INFO - DAG(s) 'latest_only_with_trigger' retrieved from /usr/local/python/3.10.13/lib/python3.10/site-packages/airflow/example_dags/example_latest_only_with_trigger.py
[2024-05-16T12:27:54.146+0000] {logging_mixin.py:188} INFO - [2024-05-16T12:27:54.146+0000] {dag.py:3096} INFO - Sync 1 DAGs
[2024-05-16T12:27:54.161+0000] {logging_mixin.py:188} INFO - [2024-05-16T12:27:54.160+0000] {dag.py:3954} INFO - Setting next_dagrun for latest_only_with_trigger to 2024-05-16 08:00:00+00:00, run_after=2024-05-16 12:00:00+00:00
[2024-05-16T12:27:54.207+0000] {processor.py:183} INFO - Processing /usr/local/python/3.10.13/lib/python3.10/site-packages/airflow/example_dags/example_latest_only_with_trigger.py took 0.084 seconds
[2024-05-16T12:28:56.378+0000] {processor.py:161} INFO - Started process (PID=17106) to work on /usr/local/python/3.10.13/lib/python3.10/site-packages/airflow/example_dags/example_latest_only_with_trigger.py
[2024-05-16T12:28:56.379+0000] {processor.py:830} INFO - Processing file /usr/local/python/3.10.13/lib/python3.10/site-packages/airflow/example_dags/example_latest_only_with_trigger.py for tasks to queue
[2024-05-16T12:28:56.380+0000] {logging_mixin.py:188} INFO - [2024-05-16T12:28:56.380+0000] {dagbag.py:545} INFO - Filling up the DagBag from /usr/local/python/3.10.13/lib/python3.10/site-packages/airflow/example_dags/example_latest_only_with_trigger.py
[2024-05-16T12:28:56.384+0000] {processor.py:840} INFO - DAG(s) 'latest_only_with_trigger' retrieved from /usr/local/python/3.10.13/lib/python3.10/site-packages/airflow/example_dags/example_latest_only_with_trigger.py
[2024-05-16T12:28:56.396+0000] {logging_mixin.py:188} INFO - [2024-05-16T12:28:56.396+0000] {dag.py:3096} INFO - Sync 1 DAGs
[2024-05-16T12:28:56.410+0000] {logging_mixin.py:188} INFO - [2024-05-16T12:28:56.410+0000] {dag.py:3954} INFO - Setting next_dagrun for latest_only_with_trigger to 2024-05-16 08:00:00+00:00, run_after=2024-05-16 12:00:00+00:00
[2024-05-16T12:28:56.459+0000] {processor.py:183} INFO - Processing /usr/local/python/3.10.13/lib/python3.10/site-packages/airflow/example_dags/example_latest_only_with_trigger.py took 0.086 seconds
[2024-05-16T12:30:02.025+0000] {processor.py:161} INFO - Started process (PID=17574) to work on /usr/local/python/3.10.13/lib/python3.10/site-packages/airflow/example_dags/example_latest_only_with_trigger.py
[2024-05-16T12:30:02.026+0000] {processor.py:830} INFO - Processing file /usr/local/python/3.10.13/lib/python3.10/site-packages/airflow/example_dags/example_latest_only_with_trigger.py for tasks to queue
[2024-05-16T12:30:02.028+0000] {logging_mixin.py:188} INFO - [2024-05-16T12:30:02.027+0000] {dagbag.py:545} INFO - Filling up the DagBag from /usr/local/python/3.10.13/lib/python3.10/site-packages/airflow/example_dags/example_latest_only_with_trigger.py
[2024-05-16T12:30:02.032+0000] {processor.py:840} INFO - DAG(s) 'latest_only_with_trigger' retrieved from /usr/local/python/3.10.13/lib/python3.10/site-packages/airflow/example_dags/example_latest_only_with_trigger.py
[2024-05-16T12:30:02.044+0000] {logging_mixin.py:188} INFO - [2024-05-16T12:30:02.044+0000] {dag.py:3096} INFO - Sync 1 DAGs
[2024-05-16T12:30:02.060+0000] {logging_mixin.py:188} INFO - [2024-05-16T12:30:02.060+0000] {dag.py:3954} INFO - Setting next_dagrun for latest_only_with_trigger to 2024-05-16 08:00:00+00:00, run_after=2024-05-16 12:00:00+00:00
[2024-05-16T12:30:02.107+0000] {processor.py:183} INFO - Processing /usr/local/python/3.10.13/lib/python3.10/site-packages/airflow/example_dags/example_latest_only_with_trigger.py took 0.087 seconds
[2024-05-16T12:31:06.466+0000] {processor.py:161} INFO - Started process (PID=18031) to work on /usr/local/python/3.10.13/lib/python3.10/site-packages/airflow/example_dags/example_latest_only_with_trigger.py
[2024-05-16T12:31:06.467+0000] {processor.py:830} INFO - Processing file /usr/local/python/3.10.13/lib/python3.10/site-packages/airflow/example_dags/example_latest_only_with_trigger.py for tasks to queue
[2024-05-16T12:31:06.468+0000] {logging_mixin.py:188} INFO - [2024-05-16T12:31:06.468+0000] {dagbag.py:545} INFO - Filling up the DagBag from /usr/local/python/3.10.13/lib/python3.10/site-packages/airflow/example_dags/example_latest_only_with_trigger.py
[2024-05-16T12:31:06.480+0000] {processor.py:840} INFO - DAG(s) 'latest_only_with_trigger' retrieved from /usr/local/python/3.10.13/lib/python3.10/site-packages/airflow/example_dags/example_latest_only_with_trigger.py
[2024-05-16T12:31:06.504+0000] {logging_mixin.py:188} INFO - [2024-05-16T12:31:06.503+0000] {dag.py:3096} INFO - Sync 1 DAGs
[2024-05-16T12:31:06.525+0000] {logging_mixin.py:188} INFO - [2024-05-16T12:31:06.525+0000] {dag.py:3954} INFO - Setting next_dagrun for latest_only_with_trigger to 2024-05-16 08:00:00+00:00, run_after=2024-05-16 12:00:00+00:00
[2024-05-16T12:31:06.582+0000] {processor.py:183} INFO - Processing /usr/local/python/3.10.13/lib/python3.10/site-packages/airflow/example_dags/example_latest_only_with_trigger.py took 0.131 seconds
[2024-05-16T12:32:09.418+0000] {processor.py:161} INFO - Started process (PID=18505) to work on /usr/local/python/3.10.13/lib/python3.10/site-packages/airflow/example_dags/example_latest_only_with_trigger.py
[2024-05-16T12:32:09.419+0000] {processor.py:830} INFO - Processing file /usr/local/python/3.10.13/lib/python3.10/site-packages/airflow/example_dags/example_latest_only_with_trigger.py for tasks to queue
[2024-05-16T12:32:09.420+0000] {logging_mixin.py:188} INFO - [2024-05-16T12:32:09.420+0000] {dagbag.py:545} INFO - Filling up the DagBag from /usr/local/python/3.10.13/lib/python3.10/site-packages/airflow/example_dags/example_latest_only_with_trigger.py
[2024-05-16T12:32:09.424+0000] {processor.py:840} INFO - DAG(s) 'latest_only_with_trigger' retrieved from /usr/local/python/3.10.13/lib/python3.10/site-packages/airflow/example_dags/example_latest_only_with_trigger.py
[2024-05-16T12:32:09.436+0000] {logging_mixin.py:188} INFO - [2024-05-16T12:32:09.436+0000] {dag.py:3096} INFO - Sync 1 DAGs
[2024-05-16T12:32:09.451+0000] {logging_mixin.py:188} INFO - [2024-05-16T12:32:09.451+0000] {dag.py:3954} INFO - Setting next_dagrun for latest_only_with_trigger to 2024-05-16 08:00:00+00:00, run_after=2024-05-16 12:00:00+00:00
[2024-05-16T12:32:09.495+0000] {processor.py:183} INFO - Processing /usr/local/python/3.10.13/lib/python3.10/site-packages/airflow/example_dags/example_latest_only_with_trigger.py took 0.082 seconds
[2024-05-16T12:33:11.305+0000] {processor.py:161} INFO - Started process (PID=18945) to work on /usr/local/python/3.10.13/lib/python3.10/site-packages/airflow/example_dags/example_latest_only_with_trigger.py
[2024-05-16T12:33:11.306+0000] {processor.py:830} INFO - Processing file /usr/local/python/3.10.13/lib/python3.10/site-packages/airflow/example_dags/example_latest_only_with_trigger.py for tasks to queue
[2024-05-16T12:33:11.308+0000] {logging_mixin.py:188} INFO - [2024-05-16T12:33:11.307+0000] {dagbag.py:545} INFO - Filling up the DagBag from /usr/local/python/3.10.13/lib/python3.10/site-packages/airflow/example_dags/example_latest_only_with_trigger.py
[2024-05-16T12:33:11.312+0000] {processor.py:840} INFO - DAG(s) 'latest_only_with_trigger' retrieved from /usr/local/python/3.10.13/lib/python3.10/site-packages/airflow/example_dags/example_latest_only_with_trigger.py
[2024-05-16T12:33:11.325+0000] {logging_mixin.py:188} INFO - [2024-05-16T12:33:11.325+0000] {dag.py:3096} INFO - Sync 1 DAGs
[2024-05-16T12:33:11.340+0000] {logging_mixin.py:188} INFO - [2024-05-16T12:33:11.340+0000] {dag.py:3954} INFO - Setting next_dagrun for latest_only_with_trigger to 2024-05-16 08:00:00+00:00, run_after=2024-05-16 12:00:00+00:00
[2024-05-16T12:33:11.382+0000] {processor.py:183} INFO - Processing /usr/local/python/3.10.13/lib/python3.10/site-packages/airflow/example_dags/example_latest_only_with_trigger.py took 0.083 seconds
[2024-05-16T12:34:15.969+0000] {processor.py:161} INFO - Started process (PID=19416) to work on /usr/local/python/3.10.13/lib/python3.10/site-packages/airflow/example_dags/example_latest_only_with_trigger.py
[2024-05-16T12:34:15.970+0000] {processor.py:830} INFO - Processing file /usr/local/python/3.10.13/lib/python3.10/site-packages/airflow/example_dags/example_latest_only_with_trigger.py for tasks to queue
[2024-05-16T12:34:15.971+0000] {logging_mixin.py:188} INFO - [2024-05-16T12:34:15.971+0000] {dagbag.py:545} INFO - Filling up the DagBag from /usr/local/python/3.10.13/lib/python3.10/site-packages/airflow/example_dags/example_latest_only_with_trigger.py
[2024-05-16T12:34:15.976+0000] {processor.py:840} INFO - DAG(s) 'latest_only_with_trigger' retrieved from /usr/local/python/3.10.13/lib/python3.10/site-packages/airflow/example_dags/example_latest_only_with_trigger.py
[2024-05-16T12:34:15.987+0000] {logging_mixin.py:188} INFO - [2024-05-16T12:34:15.987+0000] {dag.py:3096} INFO - Sync 1 DAGs
[2024-05-16T12:34:16.001+0000] {logging_mixin.py:188} INFO - [2024-05-16T12:34:16.001+0000] {dag.py:3954} INFO - Setting next_dagrun for latest_only_with_trigger to 2024-05-16 08:00:00+00:00, run_after=2024-05-16 12:00:00+00:00
[2024-05-16T12:34:16.046+0000] {processor.py:183} INFO - Processing /usr/local/python/3.10.13/lib/python3.10/site-packages/airflow/example_dags/example_latest_only_with_trigger.py took 0.082 seconds
[2024-05-16T12:35:20.667+0000] {processor.py:161} INFO - Started process (PID=19887) to work on /usr/local/python/3.10.13/lib/python3.10/site-packages/airflow/example_dags/example_latest_only_with_trigger.py
[2024-05-16T12:35:20.668+0000] {processor.py:830} INFO - Processing file /usr/local/python/3.10.13/lib/python3.10/site-packages/airflow/example_dags/example_latest_only_with_trigger.py for tasks to queue
[2024-05-16T12:35:20.669+0000] {logging_mixin.py:188} INFO - [2024-05-16T12:35:20.669+0000] {dagbag.py:545} INFO - Filling up the DagBag from /usr/local/python/3.10.13/lib/python3.10/site-packages/airflow/example_dags/example_latest_only_with_trigger.py
[2024-05-16T12:35:20.674+0000] {processor.py:840} INFO - DAG(s) 'latest_only_with_trigger' retrieved from /usr/local/python/3.10.13/lib/python3.10/site-packages/airflow/example_dags/example_latest_only_with_trigger.py
[2024-05-16T12:35:20.685+0000] {logging_mixin.py:188} INFO - [2024-05-16T12:35:20.685+0000] {dag.py:3096} INFO - Sync 1 DAGs
[2024-05-16T12:35:20.700+0000] {logging_mixin.py:188} INFO - [2024-05-16T12:35:20.700+0000] {dag.py:3954} INFO - Setting next_dagrun for latest_only_with_trigger to 2024-05-16 08:00:00+00:00, run_after=2024-05-16 12:00:00+00:00
[2024-05-16T12:35:20.744+0000] {processor.py:183} INFO - Processing /usr/local/python/3.10.13/lib/python3.10/site-packages/airflow/example_dags/example_latest_only_with_trigger.py took 0.081 seconds
[2024-05-16T12:36:21.209+0000] {processor.py:161} INFO - Started process (PID=20333) to work on /usr/local/python/3.10.13/lib/python3.10/site-packages/airflow/example_dags/example_latest_only_with_trigger.py
[2024-05-16T12:36:21.210+0000] {processor.py:830} INFO - Processing file /usr/local/python/3.10.13/lib/python3.10/site-packages/airflow/example_dags/example_latest_only_with_trigger.py for tasks to queue
[2024-05-16T12:36:21.211+0000] {logging_mixin.py:188} INFO - [2024-05-16T12:36:21.211+0000] {dagbag.py:545} INFO - Filling up the DagBag from /usr/local/python/3.10.13/lib/python3.10/site-packages/airflow/example_dags/example_latest_only_with_trigger.py
[2024-05-16T12:36:21.215+0000] {processor.py:840} INFO - DAG(s) 'latest_only_with_trigger' retrieved from /usr/local/python/3.10.13/lib/python3.10/site-packages/airflow/example_dags/example_latest_only_with_trigger.py
[2024-05-16T12:36:21.228+0000] {logging_mixin.py:188} INFO - [2024-05-16T12:36:21.227+0000] {dag.py:3096} INFO - Sync 1 DAGs
[2024-05-16T12:36:21.243+0000] {logging_mixin.py:188} INFO - [2024-05-16T12:36:21.243+0000] {dag.py:3954} INFO - Setting next_dagrun for latest_only_with_trigger to 2024-05-16 08:00:00+00:00, run_after=2024-05-16 12:00:00+00:00
[2024-05-16T12:36:21.293+0000] {processor.py:183} INFO - Processing /usr/local/python/3.10.13/lib/python3.10/site-packages/airflow/example_dags/example_latest_only_with_trigger.py took 0.089 seconds
[2024-05-16T12:37:23.762+0000] {processor.py:161} INFO - Started process (PID=20772) to work on /usr/local/python/3.10.13/lib/python3.10/site-packages/airflow/example_dags/example_latest_only_with_trigger.py
[2024-05-16T12:37:23.763+0000] {processor.py:830} INFO - Processing file /usr/local/python/3.10.13/lib/python3.10/site-packages/airflow/example_dags/example_latest_only_with_trigger.py for tasks to queue
[2024-05-16T12:37:23.766+0000] {logging_mixin.py:188} INFO - [2024-05-16T12:37:23.765+0000] {dagbag.py:545} INFO - Filling up the DagBag from /usr/local/python/3.10.13/lib/python3.10/site-packages/airflow/example_dags/example_latest_only_with_trigger.py
[2024-05-16T12:37:23.773+0000] {processor.py:840} INFO - DAG(s) 'latest_only_with_trigger' retrieved from /usr/local/python/3.10.13/lib/python3.10/site-packages/airflow/example_dags/example_latest_only_with_trigger.py
[2024-05-16T12:37:23.792+0000] {logging_mixin.py:188} INFO - [2024-05-16T12:37:23.791+0000] {dag.py:3096} INFO - Sync 1 DAGs
[2024-05-16T12:37:23.816+0000] {logging_mixin.py:188} INFO - [2024-05-16T12:37:23.816+0000] {dag.py:3954} INFO - Setting next_dagrun for latest_only_with_trigger to 2024-05-16 08:00:00+00:00, run_after=2024-05-16 12:00:00+00:00
[2024-05-16T12:37:23.874+0000] {processor.py:183} INFO - Processing /usr/local/python/3.10.13/lib/python3.10/site-packages/airflow/example_dags/example_latest_only_with_trigger.py took 0.117 seconds
[2024-05-16T12:38:22.120+0000] {processor.py:161} INFO - Started process (PID=21195) to work on /usr/local/python/3.10.13/lib/python3.10/site-packages/airflow/example_dags/example_latest_only_with_trigger.py
[2024-05-16T12:38:22.121+0000] {processor.py:830} INFO - Processing file /usr/local/python/3.10.13/lib/python3.10/site-packages/airflow/example_dags/example_latest_only_with_trigger.py for tasks to queue
[2024-05-16T12:38:22.123+0000] {logging_mixin.py:188} INFO - [2024-05-16T12:38:22.122+0000] {dagbag.py:545} INFO - Filling up the DagBag from /usr/local/python/3.10.13/lib/python3.10/site-packages/airflow/example_dags/example_latest_only_with_trigger.py
[2024-05-16T12:38:22.127+0000] {processor.py:840} INFO - DAG(s) 'latest_only_with_trigger' retrieved from /usr/local/python/3.10.13/lib/python3.10/site-packages/airflow/example_dags/example_latest_only_with_trigger.py
[2024-05-16T12:38:22.139+0000] {logging_mixin.py:188} INFO - [2024-05-16T12:38:22.139+0000] {dag.py:3096} INFO - Sync 1 DAGs
[2024-05-16T12:38:22.153+0000] {logging_mixin.py:188} INFO - [2024-05-16T12:38:22.153+0000] {dag.py:3954} INFO - Setting next_dagrun for latest_only_with_trigger to 2024-05-16 08:00:00+00:00, run_after=2024-05-16 12:00:00+00:00
[2024-05-16T12:38:22.199+0000] {processor.py:183} INFO - Processing /usr/local/python/3.10.13/lib/python3.10/site-packages/airflow/example_dags/example_latest_only_with_trigger.py took 0.084 seconds
[2024-05-16T12:39:26.288+0000] {processor.py:161} INFO - Started process (PID=21658) to work on /usr/local/python/3.10.13/lib/python3.10/site-packages/airflow/example_dags/example_latest_only_with_trigger.py
[2024-05-16T12:39:26.289+0000] {processor.py:830} INFO - Processing file /usr/local/python/3.10.13/lib/python3.10/site-packages/airflow/example_dags/example_latest_only_with_trigger.py for tasks to queue
[2024-05-16T12:39:26.290+0000] {logging_mixin.py:188} INFO - [2024-05-16T12:39:26.290+0000] {dagbag.py:545} INFO - Filling up the DagBag from /usr/local/python/3.10.13/lib/python3.10/site-packages/airflow/example_dags/example_latest_only_with_trigger.py
[2024-05-16T12:39:26.295+0000] {processor.py:840} INFO - DAG(s) 'latest_only_with_trigger' retrieved from /usr/local/python/3.10.13/lib/python3.10/site-packages/airflow/example_dags/example_latest_only_with_trigger.py
[2024-05-16T12:39:26.307+0000] {logging_mixin.py:188} INFO - [2024-05-16T12:39:26.307+0000] {dag.py:3096} INFO - Sync 1 DAGs
[2024-05-16T12:39:26.322+0000] {logging_mixin.py:188} INFO - [2024-05-16T12:39:26.322+0000] {dag.py:3954} INFO - Setting next_dagrun for latest_only_with_trigger to 2024-05-16 08:00:00+00:00, run_after=2024-05-16 12:00:00+00:00
[2024-05-16T12:39:26.367+0000] {processor.py:183} INFO - Processing /usr/local/python/3.10.13/lib/python3.10/site-packages/airflow/example_dags/example_latest_only_with_trigger.py took 0.084 seconds
[2024-05-16T12:40:31.132+0000] {processor.py:161} INFO - Started process (PID=22126) to work on /usr/local/python/3.10.13/lib/python3.10/site-packages/airflow/example_dags/example_latest_only_with_trigger.py
[2024-05-16T12:40:31.133+0000] {processor.py:830} INFO - Processing file /usr/local/python/3.10.13/lib/python3.10/site-packages/airflow/example_dags/example_latest_only_with_trigger.py for tasks to queue
[2024-05-16T12:40:31.135+0000] {logging_mixin.py:188} INFO - [2024-05-16T12:40:31.134+0000] {dagbag.py:545} INFO - Filling up the DagBag from /usr/local/python/3.10.13/lib/python3.10/site-packages/airflow/example_dags/example_latest_only_with_trigger.py
[2024-05-16T12:40:31.139+0000] {processor.py:840} INFO - DAG(s) 'latest_only_with_trigger' retrieved from /usr/local/python/3.10.13/lib/python3.10/site-packages/airflow/example_dags/example_latest_only_with_trigger.py
[2024-05-16T12:40:31.150+0000] {logging_mixin.py:188} INFO - [2024-05-16T12:40:31.150+0000] {dag.py:3096} INFO - Sync 1 DAGs
[2024-05-16T12:40:31.165+0000] {logging_mixin.py:188} INFO - [2024-05-16T12:40:31.165+0000] {dag.py:3954} INFO - Setting next_dagrun for latest_only_with_trigger to 2024-05-16 08:00:00+00:00, run_after=2024-05-16 12:00:00+00:00
[2024-05-16T12:40:31.212+0000] {processor.py:183} INFO - Processing /usr/local/python/3.10.13/lib/python3.10/site-packages/airflow/example_dags/example_latest_only_with_trigger.py took 0.084 seconds
[2024-05-16T12:41:32.251+0000] {processor.py:161} INFO - Started process (PID=22556) to work on /usr/local/python/3.10.13/lib/python3.10/site-packages/airflow/example_dags/example_latest_only_with_trigger.py
[2024-05-16T12:41:32.252+0000] {processor.py:830} INFO - Processing file /usr/local/python/3.10.13/lib/python3.10/site-packages/airflow/example_dags/example_latest_only_with_trigger.py for tasks to queue
[2024-05-16T12:41:32.254+0000] {logging_mixin.py:188} INFO - [2024-05-16T12:41:32.253+0000] {dagbag.py:545} INFO - Filling up the DagBag from /usr/local/python/3.10.13/lib/python3.10/site-packages/airflow/example_dags/example_latest_only_with_trigger.py
[2024-05-16T12:41:32.258+0000] {processor.py:840} INFO - DAG(s) 'latest_only_with_trigger' retrieved from /usr/local/python/3.10.13/lib/python3.10/site-packages/airflow/example_dags/example_latest_only_with_trigger.py
[2024-05-16T12:41:32.270+0000] {logging_mixin.py:188} INFO - [2024-05-16T12:41:32.270+0000] {dag.py:3096} INFO - Sync 1 DAGs
[2024-05-16T12:41:32.285+0000] {logging_mixin.py:188} INFO - [2024-05-16T12:41:32.284+0000] {dag.py:3954} INFO - Setting next_dagrun for latest_only_with_trigger to 2024-05-16 08:00:00+00:00, run_after=2024-05-16 12:00:00+00:00
[2024-05-16T12:41:32.328+0000] {processor.py:183} INFO - Processing /usr/local/python/3.10.13/lib/python3.10/site-packages/airflow/example_dags/example_latest_only_with_trigger.py took 0.082 seconds
[2024-05-16T12:42:38.185+0000] {processor.py:161} INFO - Started process (PID=23041) to work on /usr/local/python/3.10.13/lib/python3.10/site-packages/airflow/example_dags/example_latest_only_with_trigger.py
[2024-05-16T12:42:38.186+0000] {processor.py:830} INFO - Processing file /usr/local/python/3.10.13/lib/python3.10/site-packages/airflow/example_dags/example_latest_only_with_trigger.py for tasks to queue
[2024-05-16T12:42:38.188+0000] {logging_mixin.py:188} INFO - [2024-05-16T12:42:38.188+0000] {dagbag.py:545} INFO - Filling up the DagBag from /usr/local/python/3.10.13/lib/python3.10/site-packages/airflow/example_dags/example_latest_only_with_trigger.py
[2024-05-16T12:42:38.192+0000] {processor.py:840} INFO - DAG(s) 'latest_only_with_trigger' retrieved from /usr/local/python/3.10.13/lib/python3.10/site-packages/airflow/example_dags/example_latest_only_with_trigger.py
[2024-05-16T12:42:38.204+0000] {logging_mixin.py:188} INFO - [2024-05-16T12:42:38.204+0000] {dag.py:3096} INFO - Sync 1 DAGs
[2024-05-16T12:42:38.219+0000] {logging_mixin.py:188} INFO - [2024-05-16T12:42:38.219+0000] {dag.py:3954} INFO - Setting next_dagrun for latest_only_with_trigger to 2024-05-16 08:00:00+00:00, run_after=2024-05-16 12:00:00+00:00
[2024-05-16T12:42:38.268+0000] {processor.py:183} INFO - Processing /usr/local/python/3.10.13/lib/python3.10/site-packages/airflow/example_dags/example_latest_only_with_trigger.py took 0.089 seconds
[2024-05-16T12:43:39.361+0000] {processor.py:161} INFO - Started process (PID=23489) to work on /usr/local/python/3.10.13/lib/python3.10/site-packages/airflow/example_dags/example_latest_only_with_trigger.py
[2024-05-16T12:43:39.362+0000] {processor.py:830} INFO - Processing file /usr/local/python/3.10.13/lib/python3.10/site-packages/airflow/example_dags/example_latest_only_with_trigger.py for tasks to queue
[2024-05-16T12:43:39.364+0000] {logging_mixin.py:188} INFO - [2024-05-16T12:43:39.363+0000] {dagbag.py:545} INFO - Filling up the DagBag from /usr/local/python/3.10.13/lib/python3.10/site-packages/airflow/example_dags/example_latest_only_with_trigger.py
[2024-05-16T12:43:39.368+0000] {processor.py:840} INFO - DAG(s) 'latest_only_with_trigger' retrieved from /usr/local/python/3.10.13/lib/python3.10/site-packages/airflow/example_dags/example_latest_only_with_trigger.py
[2024-05-16T12:43:39.380+0000] {logging_mixin.py:188} INFO - [2024-05-16T12:43:39.380+0000] {dag.py:3096} INFO - Sync 1 DAGs
[2024-05-16T12:43:39.395+0000] {logging_mixin.py:188} INFO - [2024-05-16T12:43:39.395+0000] {dag.py:3954} INFO - Setting next_dagrun for latest_only_with_trigger to 2024-05-16 08:00:00+00:00, run_after=2024-05-16 12:00:00+00:00
[2024-05-16T12:43:39.441+0000] {processor.py:183} INFO - Processing /usr/local/python/3.10.13/lib/python3.10/site-packages/airflow/example_dags/example_latest_only_with_trigger.py took 0.084 seconds
[2024-05-16T12:44:44.695+0000] {processor.py:161} INFO - Started process (PID=23973) to work on /usr/local/python/3.10.13/lib/python3.10/site-packages/airflow/example_dags/example_latest_only_with_trigger.py
[2024-05-16T12:44:44.696+0000] {processor.py:830} INFO - Processing file /usr/local/python/3.10.13/lib/python3.10/site-packages/airflow/example_dags/example_latest_only_with_trigger.py for tasks to queue
[2024-05-16T12:44:44.697+0000] {logging_mixin.py:188} INFO - [2024-05-16T12:44:44.697+0000] {dagbag.py:545} INFO - Filling up the DagBag from /usr/local/python/3.10.13/lib/python3.10/site-packages/airflow/example_dags/example_latest_only_with_trigger.py
[2024-05-16T12:44:44.702+0000] {processor.py:840} INFO - DAG(s) 'latest_only_with_trigger' retrieved from /usr/local/python/3.10.13/lib/python3.10/site-packages/airflow/example_dags/example_latest_only_with_trigger.py
[2024-05-16T12:44:44.714+0000] {logging_mixin.py:188} INFO - [2024-05-16T12:44:44.714+0000] {dag.py:3096} INFO - Sync 1 DAGs
[2024-05-16T12:44:44.730+0000] {logging_mixin.py:188} INFO - [2024-05-16T12:44:44.730+0000] {dag.py:3954} INFO - Setting next_dagrun for latest_only_with_trigger to 2024-05-16 08:00:00+00:00, run_after=2024-05-16 12:00:00+00:00
[2024-05-16T12:44:44.774+0000] {processor.py:183} INFO - Processing /usr/local/python/3.10.13/lib/python3.10/site-packages/airflow/example_dags/example_latest_only_with_trigger.py took 0.083 seconds
