[2024-05-16T12:06:43.055+0000] {processor.py:161} INFO - Started process (PID=7526) to work on /usr/local/python/3.10.13/lib/python3.10/site-packages/airflow/example_dags/example_display_name.py
[2024-05-16T12:06:43.055+0000] {processor.py:830} INFO - Processing file /usr/local/python/3.10.13/lib/python3.10/site-packages/airflow/example_dags/example_display_name.py for tasks to queue
[2024-05-16T12:06:43.057+0000] {logging_mixin.py:188} INFO - [2024-05-16T12:06:43.056+0000] {dagbag.py:545} INFO - Filling up the DagBag from /usr/local/python/3.10.13/lib/python3.10/site-packages/airflow/example_dags/example_display_name.py
[2024-05-16T12:06:43.061+0000] {processor.py:840} INFO - DAG(s) 'example_display_name' retrieved from /usr/local/python/3.10.13/lib/python3.10/site-packages/airflow/example_dags/example_display_name.py
[2024-05-16T12:06:43.211+0000] {logging_mixin.py:188} INFO - [2024-05-16T12:06:43.210+0000] {dag.py:3096} INFO - Sync 1 DAGs
[2024-05-16T12:06:43.218+0000] {logging_mixin.py:188} INFO - [2024-05-16T12:06:43.217+0000] {dag.py:3954} INFO - Setting next_dagrun for example_display_name to None, run_after=None
[2024-05-16T12:06:43.264+0000] {processor.py:183} INFO - Processing /usr/local/python/3.10.13/lib/python3.10/site-packages/airflow/example_dags/example_display_name.py took 0.214 seconds
[2024-05-16T12:07:36.997+0000] {processor.py:161} INFO - Started process (PID=7889) to work on /usr/local/python/3.10.13/lib/python3.10/site-packages/airflow/example_dags/example_display_name.py
[2024-05-16T12:07:36.998+0000] {processor.py:830} INFO - Processing file /usr/local/python/3.10.13/lib/python3.10/site-packages/airflow/example_dags/example_display_name.py for tasks to queue
[2024-05-16T12:07:37.000+0000] {logging_mixin.py:188} INFO - [2024-05-16T12:07:37.000+0000] {dagbag.py:545} INFO - Filling up the DagBag from /usr/local/python/3.10.13/lib/python3.10/site-packages/airflow/example_dags/example_display_name.py
[2024-05-16T12:07:37.006+0000] {processor.py:840} INFO - DAG(s) 'example_display_name' retrieved from /usr/local/python/3.10.13/lib/python3.10/site-packages/airflow/example_dags/example_display_name.py
[2024-05-16T12:07:37.021+0000] {logging_mixin.py:188} INFO - [2024-05-16T12:07:37.021+0000] {dag.py:3096} INFO - Sync 1 DAGs
[2024-05-16T12:07:37.032+0000] {logging_mixin.py:188} INFO - [2024-05-16T12:07:37.032+0000] {dag.py:3954} INFO - Setting next_dagrun for example_display_name to None, run_after=None
[2024-05-16T12:07:37.083+0000] {processor.py:183} INFO - Processing /usr/local/python/3.10.13/lib/python3.10/site-packages/airflow/example_dags/example_display_name.py took 0.093 seconds
[2024-05-16T12:08:28.017+0000] {processor.py:161} INFO - Started process (PID=8233) to work on /usr/local/python/3.10.13/lib/python3.10/site-packages/airflow/example_dags/example_display_name.py
[2024-05-16T12:08:28.017+0000] {processor.py:830} INFO - Processing file /usr/local/python/3.10.13/lib/python3.10/site-packages/airflow/example_dags/example_display_name.py for tasks to queue
[2024-05-16T12:08:28.019+0000] {logging_mixin.py:188} INFO - [2024-05-16T12:08:28.018+0000] {dagbag.py:545} INFO - Filling up the DagBag from /usr/local/python/3.10.13/lib/python3.10/site-packages/airflow/example_dags/example_display_name.py
[2024-05-16T12:08:28.023+0000] {processor.py:840} INFO - DAG(s) 'example_display_name' retrieved from /usr/local/python/3.10.13/lib/python3.10/site-packages/airflow/example_dags/example_display_name.py
[2024-05-16T12:08:28.033+0000] {logging_mixin.py:188} INFO - [2024-05-16T12:08:28.033+0000] {dag.py:3096} INFO - Sync 1 DAGs
[2024-05-16T12:08:28.042+0000] {logging_mixin.py:188} INFO - [2024-05-16T12:08:28.042+0000] {dag.py:3954} INFO - Setting next_dagrun for example_display_name to None, run_after=None
[2024-05-16T12:08:28.088+0000] {processor.py:183} INFO - Processing /usr/local/python/3.10.13/lib/python3.10/site-packages/airflow/example_dags/example_display_name.py took 0.076 seconds
[2024-05-16T12:09:16.809+0000] {processor.py:161} INFO - Started process (PID=8608) to work on /usr/local/python/3.10.13/lib/python3.10/site-packages/airflow/example_dags/example_display_name.py
[2024-05-16T12:09:16.810+0000] {processor.py:830} INFO - Processing file /usr/local/python/3.10.13/lib/python3.10/site-packages/airflow/example_dags/example_display_name.py for tasks to queue
[2024-05-16T12:09:16.811+0000] {logging_mixin.py:188} INFO - [2024-05-16T12:09:16.811+0000] {dagbag.py:545} INFO - Filling up the DagBag from /usr/local/python/3.10.13/lib/python3.10/site-packages/airflow/example_dags/example_display_name.py
[2024-05-16T12:09:16.816+0000] {processor.py:840} INFO - DAG(s) 'example_display_name' retrieved from /usr/local/python/3.10.13/lib/python3.10/site-packages/airflow/example_dags/example_display_name.py
[2024-05-16T12:09:16.826+0000] {logging_mixin.py:188} INFO - [2024-05-16T12:09:16.826+0000] {dag.py:3096} INFO - Sync 1 DAGs
[2024-05-16T12:09:16.835+0000] {logging_mixin.py:188} INFO - [2024-05-16T12:09:16.835+0000] {dag.py:3954} INFO - Setting next_dagrun for example_display_name to None, run_after=None
[2024-05-16T12:09:16.882+0000] {processor.py:183} INFO - Processing /usr/local/python/3.10.13/lib/python3.10/site-packages/airflow/example_dags/example_display_name.py took 0.077 seconds
[2024-05-16T12:10:22.887+0000] {processor.py:161} INFO - Started process (PID=9063) to work on /usr/local/python/3.10.13/lib/python3.10/site-packages/airflow/example_dags/example_display_name.py
[2024-05-16T12:10:22.888+0000] {processor.py:830} INFO - Processing file /usr/local/python/3.10.13/lib/python3.10/site-packages/airflow/example_dags/example_display_name.py for tasks to queue
[2024-05-16T12:10:22.889+0000] {logging_mixin.py:188} INFO - [2024-05-16T12:10:22.889+0000] {dagbag.py:545} INFO - Filling up the DagBag from /usr/local/python/3.10.13/lib/python3.10/site-packages/airflow/example_dags/example_display_name.py
[2024-05-16T12:10:22.894+0000] {processor.py:840} INFO - DAG(s) 'example_display_name' retrieved from /usr/local/python/3.10.13/lib/python3.10/site-packages/airflow/example_dags/example_display_name.py
[2024-05-16T12:10:22.904+0000] {logging_mixin.py:188} INFO - [2024-05-16T12:10:22.904+0000] {dag.py:3096} INFO - Sync 1 DAGs
[2024-05-16T12:10:22.915+0000] {logging_mixin.py:188} INFO - [2024-05-16T12:10:22.915+0000] {dag.py:3954} INFO - Setting next_dagrun for example_display_name to None, run_after=None
[2024-05-16T12:10:22.961+0000] {processor.py:183} INFO - Processing /usr/local/python/3.10.13/lib/python3.10/site-packages/airflow/example_dags/example_display_name.py took 0.079 seconds
[2024-05-16T12:11:23.894+0000] {processor.py:161} INFO - Started process (PID=9479) to work on /usr/local/python/3.10.13/lib/python3.10/site-packages/airflow/example_dags/example_display_name.py
[2024-05-16T12:11:23.894+0000] {processor.py:830} INFO - Processing file /usr/local/python/3.10.13/lib/python3.10/site-packages/airflow/example_dags/example_display_name.py for tasks to queue
[2024-05-16T12:11:23.896+0000] {logging_mixin.py:188} INFO - [2024-05-16T12:11:23.895+0000] {dagbag.py:545} INFO - Filling up the DagBag from /usr/local/python/3.10.13/lib/python3.10/site-packages/airflow/example_dags/example_display_name.py
[2024-05-16T12:11:23.900+0000] {processor.py:840} INFO - DAG(s) 'example_display_name' retrieved from /usr/local/python/3.10.13/lib/python3.10/site-packages/airflow/example_dags/example_display_name.py
[2024-05-16T12:11:23.911+0000] {logging_mixin.py:188} INFO - [2024-05-16T12:11:23.911+0000] {dag.py:3096} INFO - Sync 1 DAGs
[2024-05-16T12:11:23.920+0000] {logging_mixin.py:188} INFO - [2024-05-16T12:11:23.920+0000] {dag.py:3954} INFO - Setting next_dagrun for example_display_name to None, run_after=None
[2024-05-16T12:11:23.966+0000] {processor.py:183} INFO - Processing /usr/local/python/3.10.13/lib/python3.10/site-packages/airflow/example_dags/example_display_name.py took 0.077 seconds
[2024-05-16T12:12:24.720+0000] {processor.py:161} INFO - Started process (PID=9909) to work on /usr/local/python/3.10.13/lib/python3.10/site-packages/airflow/example_dags/example_display_name.py
[2024-05-16T12:12:24.721+0000] {processor.py:830} INFO - Processing file /usr/local/python/3.10.13/lib/python3.10/site-packages/airflow/example_dags/example_display_name.py for tasks to queue
[2024-05-16T12:12:24.722+0000] {logging_mixin.py:188} INFO - [2024-05-16T12:12:24.722+0000] {dagbag.py:545} INFO - Filling up the DagBag from /usr/local/python/3.10.13/lib/python3.10/site-packages/airflow/example_dags/example_display_name.py
[2024-05-16T12:12:24.727+0000] {processor.py:840} INFO - DAG(s) 'example_display_name' retrieved from /usr/local/python/3.10.13/lib/python3.10/site-packages/airflow/example_dags/example_display_name.py
[2024-05-16T12:12:24.737+0000] {logging_mixin.py:188} INFO - [2024-05-16T12:12:24.737+0000] {dag.py:3096} INFO - Sync 1 DAGs
[2024-05-16T12:12:24.746+0000] {logging_mixin.py:188} INFO - [2024-05-16T12:12:24.746+0000] {dag.py:3954} INFO - Setting next_dagrun for example_display_name to None, run_after=None
[2024-05-16T12:12:24.791+0000] {processor.py:183} INFO - Processing /usr/local/python/3.10.13/lib/python3.10/site-packages/airflow/example_dags/example_display_name.py took 0.076 seconds
[2024-05-16T12:13:28.421+0000] {processor.py:161} INFO - Started process (PID=10359) to work on /usr/local/python/3.10.13/lib/python3.10/site-packages/airflow/example_dags/example_display_name.py
[2024-05-16T12:13:28.422+0000] {processor.py:830} INFO - Processing file /usr/local/python/3.10.13/lib/python3.10/site-packages/airflow/example_dags/example_display_name.py for tasks to queue
[2024-05-16T12:13:28.424+0000] {logging_mixin.py:188} INFO - [2024-05-16T12:13:28.423+0000] {dagbag.py:545} INFO - Filling up the DagBag from /usr/local/python/3.10.13/lib/python3.10/site-packages/airflow/example_dags/example_display_name.py
[2024-05-16T12:13:28.428+0000] {processor.py:840} INFO - DAG(s) 'example_display_name' retrieved from /usr/local/python/3.10.13/lib/python3.10/site-packages/airflow/example_dags/example_display_name.py
[2024-05-16T12:13:28.438+0000] {logging_mixin.py:188} INFO - [2024-05-16T12:13:28.438+0000] {dag.py:3096} INFO - Sync 1 DAGs
[2024-05-16T12:13:28.447+0000] {logging_mixin.py:188} INFO - [2024-05-16T12:13:28.447+0000] {dag.py:3954} INFO - Setting next_dagrun for example_display_name to None, run_after=None
[2024-05-16T12:13:28.492+0000] {processor.py:183} INFO - Processing /usr/local/python/3.10.13/lib/python3.10/site-packages/airflow/example_dags/example_display_name.py took 0.076 seconds
[2024-05-16T12:14:30.490+0000] {processor.py:161} INFO - Started process (PID=10790) to work on /usr/local/python/3.10.13/lib/python3.10/site-packages/airflow/example_dags/example_display_name.py
[2024-05-16T12:14:30.490+0000] {processor.py:830} INFO - Processing file /usr/local/python/3.10.13/lib/python3.10/site-packages/airflow/example_dags/example_display_name.py for tasks to queue
[2024-05-16T12:14:30.492+0000] {logging_mixin.py:188} INFO - [2024-05-16T12:14:30.491+0000] {dagbag.py:545} INFO - Filling up the DagBag from /usr/local/python/3.10.13/lib/python3.10/site-packages/airflow/example_dags/example_display_name.py
[2024-05-16T12:14:30.496+0000] {processor.py:840} INFO - DAG(s) 'example_display_name' retrieved from /usr/local/python/3.10.13/lib/python3.10/site-packages/airflow/example_dags/example_display_name.py
[2024-05-16T12:14:30.507+0000] {logging_mixin.py:188} INFO - [2024-05-16T12:14:30.506+0000] {dag.py:3096} INFO - Sync 1 DAGs
[2024-05-16T12:14:30.516+0000] {logging_mixin.py:188} INFO - [2024-05-16T12:14:30.516+0000] {dag.py:3954} INFO - Setting next_dagrun for example_display_name to None, run_after=None
[2024-05-16T12:14:30.562+0000] {processor.py:183} INFO - Processing /usr/local/python/3.10.13/lib/python3.10/site-packages/airflow/example_dags/example_display_name.py took 0.078 seconds
[2024-05-16T12:15:34.401+0000] {processor.py:161} INFO - Started process (PID=11233) to work on /usr/local/python/3.10.13/lib/python3.10/site-packages/airflow/example_dags/example_display_name.py
[2024-05-16T12:15:34.402+0000] {processor.py:830} INFO - Processing file /usr/local/python/3.10.13/lib/python3.10/site-packages/airflow/example_dags/example_display_name.py for tasks to queue
[2024-05-16T12:15:34.403+0000] {logging_mixin.py:188} INFO - [2024-05-16T12:15:34.403+0000] {dagbag.py:545} INFO - Filling up the DagBag from /usr/local/python/3.10.13/lib/python3.10/site-packages/airflow/example_dags/example_display_name.py
[2024-05-16T12:15:34.408+0000] {processor.py:840} INFO - DAG(s) 'example_display_name' retrieved from /usr/local/python/3.10.13/lib/python3.10/site-packages/airflow/example_dags/example_display_name.py
[2024-05-16T12:15:34.418+0000] {logging_mixin.py:188} INFO - [2024-05-16T12:15:34.418+0000] {dag.py:3096} INFO - Sync 1 DAGs
[2024-05-16T12:15:34.427+0000] {logging_mixin.py:188} INFO - [2024-05-16T12:15:34.427+0000] {dag.py:3954} INFO - Setting next_dagrun for example_display_name to None, run_after=None
[2024-05-16T12:15:34.474+0000] {processor.py:183} INFO - Processing /usr/local/python/3.10.13/lib/python3.10/site-packages/airflow/example_dags/example_display_name.py took 0.078 seconds
[2024-05-16T12:16:40.591+0000] {processor.py:161} INFO - Started process (PID=11715) to work on /usr/local/python/3.10.13/lib/python3.10/site-packages/airflow/example_dags/example_display_name.py
[2024-05-16T12:16:40.593+0000] {processor.py:830} INFO - Processing file /usr/local/python/3.10.13/lib/python3.10/site-packages/airflow/example_dags/example_display_name.py for tasks to queue
[2024-05-16T12:16:40.594+0000] {logging_mixin.py:188} INFO - [2024-05-16T12:16:40.594+0000] {dagbag.py:545} INFO - Filling up the DagBag from /usr/local/python/3.10.13/lib/python3.10/site-packages/airflow/example_dags/example_display_name.py
[2024-05-16T12:16:40.601+0000] {processor.py:840} INFO - DAG(s) 'example_display_name' retrieved from /usr/local/python/3.10.13/lib/python3.10/site-packages/airflow/example_dags/example_display_name.py
[2024-05-16T12:16:40.617+0000] {logging_mixin.py:188} INFO - [2024-05-16T12:16:40.617+0000] {dag.py:3096} INFO - Sync 1 DAGs
[2024-05-16T12:16:40.627+0000] {logging_mixin.py:188} INFO - [2024-05-16T12:16:40.627+0000] {dag.py:3954} INFO - Setting next_dagrun for example_display_name to None, run_after=None
[2024-05-16T12:16:40.680+0000] {processor.py:183} INFO - Processing /usr/local/python/3.10.13/lib/python3.10/site-packages/airflow/example_dags/example_display_name.py took 0.096 seconds
[2024-05-16T12:17:43.415+0000] {processor.py:161} INFO - Started process (PID=12175) to work on /usr/local/python/3.10.13/lib/python3.10/site-packages/airflow/example_dags/example_display_name.py
[2024-05-16T12:17:43.416+0000] {processor.py:830} INFO - Processing file /usr/local/python/3.10.13/lib/python3.10/site-packages/airflow/example_dags/example_display_name.py for tasks to queue
[2024-05-16T12:17:43.417+0000] {logging_mixin.py:188} INFO - [2024-05-16T12:17:43.417+0000] {dagbag.py:545} INFO - Filling up the DagBag from /usr/local/python/3.10.13/lib/python3.10/site-packages/airflow/example_dags/example_display_name.py
[2024-05-16T12:17:43.421+0000] {processor.py:840} INFO - DAG(s) 'example_display_name' retrieved from /usr/local/python/3.10.13/lib/python3.10/site-packages/airflow/example_dags/example_display_name.py
[2024-05-16T12:17:43.432+0000] {logging_mixin.py:188} INFO - [2024-05-16T12:17:43.432+0000] {dag.py:3096} INFO - Sync 1 DAGs
[2024-05-16T12:17:43.441+0000] {logging_mixin.py:188} INFO - [2024-05-16T12:17:43.440+0000] {dag.py:3954} INFO - Setting next_dagrun for example_display_name to None, run_after=None
[2024-05-16T12:17:43.487+0000] {processor.py:183} INFO - Processing /usr/local/python/3.10.13/lib/python3.10/site-packages/airflow/example_dags/example_display_name.py took 0.076 seconds
[2024-05-16T12:18:44.824+0000] {processor.py:161} INFO - Started process (PID=12616) to work on /usr/local/python/3.10.13/lib/python3.10/site-packages/airflow/example_dags/example_display_name.py
[2024-05-16T12:18:44.824+0000] {processor.py:830} INFO - Processing file /usr/local/python/3.10.13/lib/python3.10/site-packages/airflow/example_dags/example_display_name.py for tasks to queue
[2024-05-16T12:18:44.826+0000] {logging_mixin.py:188} INFO - [2024-05-16T12:18:44.826+0000] {dagbag.py:545} INFO - Filling up the DagBag from /usr/local/python/3.10.13/lib/python3.10/site-packages/airflow/example_dags/example_display_name.py
[2024-05-16T12:18:44.830+0000] {processor.py:840} INFO - DAG(s) 'example_display_name' retrieved from /usr/local/python/3.10.13/lib/python3.10/site-packages/airflow/example_dags/example_display_name.py
[2024-05-16T12:18:44.841+0000] {logging_mixin.py:188} INFO - [2024-05-16T12:18:44.841+0000] {dag.py:3096} INFO - Sync 1 DAGs
[2024-05-16T12:18:44.849+0000] {logging_mixin.py:188} INFO - [2024-05-16T12:18:44.849+0000] {dag.py:3954} INFO - Setting next_dagrun for example_display_name to None, run_after=None
[2024-05-16T12:18:44.899+0000] {processor.py:183} INFO - Processing /usr/local/python/3.10.13/lib/python3.10/site-packages/airflow/example_dags/example_display_name.py took 0.080 seconds
[2024-05-16T12:19:49.490+0000] {processor.py:161} INFO - Started process (PID=13072) to work on /usr/local/python/3.10.13/lib/python3.10/site-packages/airflow/example_dags/example_display_name.py
[2024-05-16T12:19:49.494+0000] {processor.py:830} INFO - Processing file /usr/local/python/3.10.13/lib/python3.10/site-packages/airflow/example_dags/example_display_name.py for tasks to queue
[2024-05-16T12:19:49.498+0000] {logging_mixin.py:188} INFO - [2024-05-16T12:19:49.498+0000] {dagbag.py:545} INFO - Filling up the DagBag from /usr/local/python/3.10.13/lib/python3.10/site-packages/airflow/example_dags/example_display_name.py
[2024-05-16T12:19:49.508+0000] {processor.py:840} INFO - DAG(s) 'example_display_name' retrieved from /usr/local/python/3.10.13/lib/python3.10/site-packages/airflow/example_dags/example_display_name.py
[2024-05-16T12:19:49.524+0000] {logging_mixin.py:188} INFO - [2024-05-16T12:19:49.524+0000] {dag.py:3096} INFO - Sync 1 DAGs
[2024-05-16T12:19:49.533+0000] {logging_mixin.py:188} INFO - [2024-05-16T12:19:49.533+0000] {dag.py:3954} INFO - Setting next_dagrun for example_display_name to None, run_after=None
[2024-05-16T12:19:49.579+0000] {processor.py:183} INFO - Processing /usr/local/python/3.10.13/lib/python3.10/site-packages/airflow/example_dags/example_display_name.py took 0.096 seconds
[2024-05-16T12:20:51.516+0000] {processor.py:161} INFO - Started process (PID=13512) to work on /usr/local/python/3.10.13/lib/python3.10/site-packages/airflow/example_dags/example_display_name.py
[2024-05-16T12:20:51.516+0000] {processor.py:830} INFO - Processing file /usr/local/python/3.10.13/lib/python3.10/site-packages/airflow/example_dags/example_display_name.py for tasks to queue
[2024-05-16T12:20:51.518+0000] {logging_mixin.py:188} INFO - [2024-05-16T12:20:51.518+0000] {dagbag.py:545} INFO - Filling up the DagBag from /usr/local/python/3.10.13/lib/python3.10/site-packages/airflow/example_dags/example_display_name.py
[2024-05-16T12:20:51.522+0000] {processor.py:840} INFO - DAG(s) 'example_display_name' retrieved from /usr/local/python/3.10.13/lib/python3.10/site-packages/airflow/example_dags/example_display_name.py
[2024-05-16T12:20:51.533+0000] {logging_mixin.py:188} INFO - [2024-05-16T12:20:51.533+0000] {dag.py:3096} INFO - Sync 1 DAGs
[2024-05-16T12:20:51.542+0000] {logging_mixin.py:188} INFO - [2024-05-16T12:20:51.542+0000] {dag.py:3954} INFO - Setting next_dagrun for example_display_name to None, run_after=None
[2024-05-16T12:20:51.587+0000] {processor.py:183} INFO - Processing /usr/local/python/3.10.13/lib/python3.10/site-packages/airflow/example_dags/example_display_name.py took 0.077 seconds
[2024-05-16T12:21:56.470+0000] {processor.py:161} INFO - Started process (PID=13985) to work on /usr/local/python/3.10.13/lib/python3.10/site-packages/airflow/example_dags/example_display_name.py
[2024-05-16T12:21:56.471+0000] {processor.py:830} INFO - Processing file /usr/local/python/3.10.13/lib/python3.10/site-packages/airflow/example_dags/example_display_name.py for tasks to queue
[2024-05-16T12:21:56.472+0000] {logging_mixin.py:188} INFO - [2024-05-16T12:21:56.472+0000] {dagbag.py:545} INFO - Filling up the DagBag from /usr/local/python/3.10.13/lib/python3.10/site-packages/airflow/example_dags/example_display_name.py
[2024-05-16T12:21:56.477+0000] {processor.py:840} INFO - DAG(s) 'example_display_name' retrieved from /usr/local/python/3.10.13/lib/python3.10/site-packages/airflow/example_dags/example_display_name.py
[2024-05-16T12:21:56.487+0000] {logging_mixin.py:188} INFO - [2024-05-16T12:21:56.487+0000] {dag.py:3096} INFO - Sync 1 DAGs
[2024-05-16T12:21:56.497+0000] {logging_mixin.py:188} INFO - [2024-05-16T12:21:56.497+0000] {dag.py:3954} INFO - Setting next_dagrun for example_display_name to None, run_after=None
[2024-05-16T12:21:56.543+0000] {processor.py:183} INFO - Processing /usr/local/python/3.10.13/lib/python3.10/site-packages/airflow/example_dags/example_display_name.py took 0.078 seconds
[2024-05-16T12:23:02.081+0000] {processor.py:161} INFO - Started process (PID=14464) to work on /usr/local/python/3.10.13/lib/python3.10/site-packages/airflow/example_dags/example_display_name.py
[2024-05-16T12:23:02.082+0000] {processor.py:830} INFO - Processing file /usr/local/python/3.10.13/lib/python3.10/site-packages/airflow/example_dags/example_display_name.py for tasks to queue
[2024-05-16T12:23:02.083+0000] {logging_mixin.py:188} INFO - [2024-05-16T12:23:02.083+0000] {dagbag.py:545} INFO - Filling up the DagBag from /usr/local/python/3.10.13/lib/python3.10/site-packages/airflow/example_dags/example_display_name.py
[2024-05-16T12:23:02.088+0000] {processor.py:840} INFO - DAG(s) 'example_display_name' retrieved from /usr/local/python/3.10.13/lib/python3.10/site-packages/airflow/example_dags/example_display_name.py
[2024-05-16T12:23:02.099+0000] {logging_mixin.py:188} INFO - [2024-05-16T12:23:02.099+0000] {dag.py:3096} INFO - Sync 1 DAGs
[2024-05-16T12:23:02.112+0000] {logging_mixin.py:188} INFO - [2024-05-16T12:23:02.111+0000] {dag.py:3954} INFO - Setting next_dagrun for example_display_name to None, run_after=None
[2024-05-16T12:23:02.184+0000] {processor.py:183} INFO - Processing /usr/local/python/3.10.13/lib/python3.10/site-packages/airflow/example_dags/example_display_name.py took 0.107 seconds
[2024-05-16T12:24:07.518+0000] {processor.py:161} INFO - Started process (PID=14950) to work on /usr/local/python/3.10.13/lib/python3.10/site-packages/airflow/example_dags/example_display_name.py
[2024-05-16T12:24:07.519+0000] {processor.py:830} INFO - Processing file /usr/local/python/3.10.13/lib/python3.10/site-packages/airflow/example_dags/example_display_name.py for tasks to queue
[2024-05-16T12:24:07.520+0000] {logging_mixin.py:188} INFO - [2024-05-16T12:24:07.520+0000] {dagbag.py:545} INFO - Filling up the DagBag from /usr/local/python/3.10.13/lib/python3.10/site-packages/airflow/example_dags/example_display_name.py
[2024-05-16T12:24:07.525+0000] {processor.py:840} INFO - DAG(s) 'example_display_name' retrieved from /usr/local/python/3.10.13/lib/python3.10/site-packages/airflow/example_dags/example_display_name.py
[2024-05-16T12:24:07.535+0000] {logging_mixin.py:188} INFO - [2024-05-16T12:24:07.535+0000] {dag.py:3096} INFO - Sync 1 DAGs
[2024-05-16T12:24:07.544+0000] {logging_mixin.py:188} INFO - [2024-05-16T12:24:07.544+0000] {dag.py:3954} INFO - Setting next_dagrun for example_display_name to None, run_after=None
[2024-05-16T12:24:07.592+0000] {processor.py:183} INFO - Processing /usr/local/python/3.10.13/lib/python3.10/site-packages/airflow/example_dags/example_display_name.py took 0.079 seconds
[2024-05-16T12:25:09.692+0000] {processor.py:161} INFO - Started process (PID=15422) to work on /usr/local/python/3.10.13/lib/python3.10/site-packages/airflow/example_dags/example_display_name.py
[2024-05-16T12:25:09.693+0000] {processor.py:830} INFO - Processing file /usr/local/python/3.10.13/lib/python3.10/site-packages/airflow/example_dags/example_display_name.py for tasks to queue
[2024-05-16T12:25:09.696+0000] {logging_mixin.py:188} INFO - [2024-05-16T12:25:09.696+0000] {dagbag.py:545} INFO - Filling up the DagBag from /usr/local/python/3.10.13/lib/python3.10/site-packages/airflow/example_dags/example_display_name.py
[2024-05-16T12:25:09.703+0000] {processor.py:840} INFO - DAG(s) 'example_display_name' retrieved from /usr/local/python/3.10.13/lib/python3.10/site-packages/airflow/example_dags/example_display_name.py
[2024-05-16T12:25:09.719+0000] {logging_mixin.py:188} INFO - [2024-05-16T12:25:09.719+0000] {dag.py:3096} INFO - Sync 1 DAGs
[2024-05-16T12:25:09.729+0000] {logging_mixin.py:188} INFO - [2024-05-16T12:25:09.729+0000] {dag.py:3954} INFO - Setting next_dagrun for example_display_name to None, run_after=None
[2024-05-16T12:25:09.778+0000] {processor.py:183} INFO - Processing /usr/local/python/3.10.13/lib/python3.10/site-packages/airflow/example_dags/example_display_name.py took 0.094 seconds
[2024-05-16T12:26:07.996+0000] {processor.py:161} INFO - Started process (PID=15860) to work on /usr/local/python/3.10.13/lib/python3.10/site-packages/airflow/example_dags/example_display_name.py
[2024-05-16T12:26:07.997+0000] {processor.py:830} INFO - Processing file /usr/local/python/3.10.13/lib/python3.10/site-packages/airflow/example_dags/example_display_name.py for tasks to queue
[2024-05-16T12:26:08.000+0000] {logging_mixin.py:188} INFO - [2024-05-16T12:26:07.999+0000] {dagbag.py:545} INFO - Filling up the DagBag from /usr/local/python/3.10.13/lib/python3.10/site-packages/airflow/example_dags/example_display_name.py
[2024-05-16T12:26:08.006+0000] {processor.py:840} INFO - DAG(s) 'example_display_name' retrieved from /usr/local/python/3.10.13/lib/python3.10/site-packages/airflow/example_dags/example_display_name.py
[2024-05-16T12:26:08.018+0000] {logging_mixin.py:188} INFO - [2024-05-16T12:26:08.018+0000] {dag.py:3096} INFO - Sync 1 DAGs
[2024-05-16T12:26:08.027+0000] {logging_mixin.py:188} INFO - [2024-05-16T12:26:08.027+0000] {dag.py:3954} INFO - Setting next_dagrun for example_display_name to None, run_after=None
[2024-05-16T12:26:08.070+0000] {processor.py:183} INFO - Processing /usr/local/python/3.10.13/lib/python3.10/site-packages/airflow/example_dags/example_display_name.py took 0.082 seconds
[2024-05-16T12:27:12.108+0000] {processor.py:161} INFO - Started process (PID=16353) to work on /usr/local/python/3.10.13/lib/python3.10/site-packages/airflow/example_dags/example_display_name.py
[2024-05-16T12:27:12.109+0000] {processor.py:830} INFO - Processing file /usr/local/python/3.10.13/lib/python3.10/site-packages/airflow/example_dags/example_display_name.py for tasks to queue
[2024-05-16T12:27:12.111+0000] {logging_mixin.py:188} INFO - [2024-05-16T12:27:12.110+0000] {dagbag.py:545} INFO - Filling up the DagBag from /usr/local/python/3.10.13/lib/python3.10/site-packages/airflow/example_dags/example_display_name.py
[2024-05-16T12:27:12.116+0000] {processor.py:840} INFO - DAG(s) 'example_display_name' retrieved from /usr/local/python/3.10.13/lib/python3.10/site-packages/airflow/example_dags/example_display_name.py
[2024-05-16T12:27:12.128+0000] {logging_mixin.py:188} INFO - [2024-05-16T12:27:12.127+0000] {dag.py:3096} INFO - Sync 1 DAGs
[2024-05-16T12:27:12.139+0000] {logging_mixin.py:188} INFO - [2024-05-16T12:27:12.138+0000] {dag.py:3954} INFO - Setting next_dagrun for example_display_name to None, run_after=None
[2024-05-16T12:27:12.190+0000] {processor.py:183} INFO - Processing /usr/local/python/3.10.13/lib/python3.10/site-packages/airflow/example_dags/example_display_name.py took 0.087 seconds
[2024-05-16T12:28:15.919+0000] {processor.py:161} INFO - Started process (PID=16820) to work on /usr/local/python/3.10.13/lib/python3.10/site-packages/airflow/example_dags/example_display_name.py
[2024-05-16T12:28:15.920+0000] {processor.py:830} INFO - Processing file /usr/local/python/3.10.13/lib/python3.10/site-packages/airflow/example_dags/example_display_name.py for tasks to queue
[2024-05-16T12:28:15.921+0000] {logging_mixin.py:188} INFO - [2024-05-16T12:28:15.921+0000] {dagbag.py:545} INFO - Filling up the DagBag from /usr/local/python/3.10.13/lib/python3.10/site-packages/airflow/example_dags/example_display_name.py
[2024-05-16T12:28:15.926+0000] {processor.py:840} INFO - DAG(s) 'example_display_name' retrieved from /usr/local/python/3.10.13/lib/python3.10/site-packages/airflow/example_dags/example_display_name.py
[2024-05-16T12:28:15.936+0000] {logging_mixin.py:188} INFO - [2024-05-16T12:28:15.936+0000] {dag.py:3096} INFO - Sync 1 DAGs
[2024-05-16T12:28:15.946+0000] {logging_mixin.py:188} INFO - [2024-05-16T12:28:15.946+0000] {dag.py:3954} INFO - Setting next_dagrun for example_display_name to None, run_after=None
[2024-05-16T12:28:15.991+0000] {processor.py:183} INFO - Processing /usr/local/python/3.10.13/lib/python3.10/site-packages/airflow/example_dags/example_display_name.py took 0.076 seconds
[2024-05-16T12:29:18.089+0000] {processor.py:161} INFO - Started process (PID=17251) to work on /usr/local/python/3.10.13/lib/python3.10/site-packages/airflow/example_dags/example_display_name.py
[2024-05-16T12:29:18.090+0000] {processor.py:830} INFO - Processing file /usr/local/python/3.10.13/lib/python3.10/site-packages/airflow/example_dags/example_display_name.py for tasks to queue
[2024-05-16T12:29:18.091+0000] {logging_mixin.py:188} INFO - [2024-05-16T12:29:18.091+0000] {dagbag.py:545} INFO - Filling up the DagBag from /usr/local/python/3.10.13/lib/python3.10/site-packages/airflow/example_dags/example_display_name.py
[2024-05-16T12:29:18.096+0000] {processor.py:840} INFO - DAG(s) 'example_display_name' retrieved from /usr/local/python/3.10.13/lib/python3.10/site-packages/airflow/example_dags/example_display_name.py
[2024-05-16T12:29:18.107+0000] {logging_mixin.py:188} INFO - [2024-05-16T12:29:18.107+0000] {dag.py:3096} INFO - Sync 1 DAGs
[2024-05-16T12:29:18.116+0000] {logging_mixin.py:188} INFO - [2024-05-16T12:29:18.115+0000] {dag.py:3954} INFO - Setting next_dagrun for example_display_name to None, run_after=None
[2024-05-16T12:29:18.160+0000] {processor.py:183} INFO - Processing /usr/local/python/3.10.13/lib/python3.10/site-packages/airflow/example_dags/example_display_name.py took 0.075 seconds
[2024-05-16T12:30:23.015+0000] {processor.py:161} INFO - Started process (PID=17725) to work on /usr/local/python/3.10.13/lib/python3.10/site-packages/airflow/example_dags/example_display_name.py
[2024-05-16T12:30:23.016+0000] {processor.py:830} INFO - Processing file /usr/local/python/3.10.13/lib/python3.10/site-packages/airflow/example_dags/example_display_name.py for tasks to queue
[2024-05-16T12:30:23.019+0000] {logging_mixin.py:188} INFO - [2024-05-16T12:30:23.018+0000] {dagbag.py:545} INFO - Filling up the DagBag from /usr/local/python/3.10.13/lib/python3.10/site-packages/airflow/example_dags/example_display_name.py
[2024-05-16T12:30:23.025+0000] {processor.py:840} INFO - DAG(s) 'example_display_name' retrieved from /usr/local/python/3.10.13/lib/python3.10/site-packages/airflow/example_dags/example_display_name.py
[2024-05-16T12:30:23.041+0000] {logging_mixin.py:188} INFO - [2024-05-16T12:30:23.041+0000] {dag.py:3096} INFO - Sync 1 DAGs
[2024-05-16T12:30:23.056+0000] {logging_mixin.py:188} INFO - [2024-05-16T12:30:23.056+0000] {dag.py:3954} INFO - Setting next_dagrun for example_display_name to None, run_after=None
[2024-05-16T12:30:23.107+0000] {processor.py:183} INFO - Processing /usr/local/python/3.10.13/lib/python3.10/site-packages/airflow/example_dags/example_display_name.py took 0.099 seconds
[2024-05-16T12:31:29.358+0000] {processor.py:161} INFO - Started process (PID=18208) to work on /usr/local/python/3.10.13/lib/python3.10/site-packages/airflow/example_dags/example_display_name.py
[2024-05-16T12:31:29.359+0000] {processor.py:830} INFO - Processing file /usr/local/python/3.10.13/lib/python3.10/site-packages/airflow/example_dags/example_display_name.py for tasks to queue
[2024-05-16T12:31:29.361+0000] {logging_mixin.py:188} INFO - [2024-05-16T12:31:29.360+0000] {dagbag.py:545} INFO - Filling up the DagBag from /usr/local/python/3.10.13/lib/python3.10/site-packages/airflow/example_dags/example_display_name.py
[2024-05-16T12:31:29.365+0000] {processor.py:840} INFO - DAG(s) 'example_display_name' retrieved from /usr/local/python/3.10.13/lib/python3.10/site-packages/airflow/example_dags/example_display_name.py
[2024-05-16T12:31:29.376+0000] {logging_mixin.py:188} INFO - [2024-05-16T12:31:29.376+0000] {dag.py:3096} INFO - Sync 1 DAGs
[2024-05-16T12:31:29.385+0000] {logging_mixin.py:188} INFO - [2024-05-16T12:31:29.385+0000] {dag.py:3954} INFO - Setting next_dagrun for example_display_name to None, run_after=None
[2024-05-16T12:31:29.431+0000] {processor.py:183} INFO - Processing /usr/local/python/3.10.13/lib/python3.10/site-packages/airflow/example_dags/example_display_name.py took 0.078 seconds
[2024-05-16T12:32:30.222+0000] {processor.py:161} INFO - Started process (PID=18648) to work on /usr/local/python/3.10.13/lib/python3.10/site-packages/airflow/example_dags/example_display_name.py
[2024-05-16T12:32:30.223+0000] {processor.py:830} INFO - Processing file /usr/local/python/3.10.13/lib/python3.10/site-packages/airflow/example_dags/example_display_name.py for tasks to queue
[2024-05-16T12:32:30.224+0000] {logging_mixin.py:188} INFO - [2024-05-16T12:32:30.224+0000] {dagbag.py:545} INFO - Filling up the DagBag from /usr/local/python/3.10.13/lib/python3.10/site-packages/airflow/example_dags/example_display_name.py
[2024-05-16T12:32:30.229+0000] {processor.py:840} INFO - DAG(s) 'example_display_name' retrieved from /usr/local/python/3.10.13/lib/python3.10/site-packages/airflow/example_dags/example_display_name.py
[2024-05-16T12:32:30.240+0000] {logging_mixin.py:188} INFO - [2024-05-16T12:32:30.240+0000] {dag.py:3096} INFO - Sync 1 DAGs
[2024-05-16T12:32:30.249+0000] {logging_mixin.py:188} INFO - [2024-05-16T12:32:30.249+0000] {dag.py:3954} INFO - Setting next_dagrun for example_display_name to None, run_after=None
[2024-05-16T12:32:30.295+0000] {processor.py:183} INFO - Processing /usr/local/python/3.10.13/lib/python3.10/site-packages/airflow/example_dags/example_display_name.py took 0.078 seconds
[2024-05-16T12:33:32.304+0000] {processor.py:161} INFO - Started process (PID=19101) to work on /usr/local/python/3.10.13/lib/python3.10/site-packages/airflow/example_dags/example_display_name.py
[2024-05-16T12:33:32.306+0000] {processor.py:830} INFO - Processing file /usr/local/python/3.10.13/lib/python3.10/site-packages/airflow/example_dags/example_display_name.py for tasks to queue
[2024-05-16T12:33:32.307+0000] {logging_mixin.py:188} INFO - [2024-05-16T12:33:32.307+0000] {dagbag.py:545} INFO - Filling up the DagBag from /usr/local/python/3.10.13/lib/python3.10/site-packages/airflow/example_dags/example_display_name.py
[2024-05-16T12:33:32.311+0000] {processor.py:840} INFO - DAG(s) 'example_display_name' retrieved from /usr/local/python/3.10.13/lib/python3.10/site-packages/airflow/example_dags/example_display_name.py
[2024-05-16T12:33:32.322+0000] {logging_mixin.py:188} INFO - [2024-05-16T12:33:32.322+0000] {dag.py:3096} INFO - Sync 1 DAGs
[2024-05-16T12:33:32.331+0000] {logging_mixin.py:188} INFO - [2024-05-16T12:33:32.331+0000] {dag.py:3954} INFO - Setting next_dagrun for example_display_name to None, run_after=None
[2024-05-16T12:33:32.375+0000] {processor.py:183} INFO - Processing /usr/local/python/3.10.13/lib/python3.10/site-packages/airflow/example_dags/example_display_name.py took 0.076 seconds
[2024-05-16T12:34:37.493+0000] {processor.py:161} INFO - Started process (PID=19574) to work on /usr/local/python/3.10.13/lib/python3.10/site-packages/airflow/example_dags/example_display_name.py
[2024-05-16T12:34:37.493+0000] {processor.py:830} INFO - Processing file /usr/local/python/3.10.13/lib/python3.10/site-packages/airflow/example_dags/example_display_name.py for tasks to queue
[2024-05-16T12:34:37.495+0000] {logging_mixin.py:188} INFO - [2024-05-16T12:34:37.494+0000] {dagbag.py:545} INFO - Filling up the DagBag from /usr/local/python/3.10.13/lib/python3.10/site-packages/airflow/example_dags/example_display_name.py
[2024-05-16T12:34:37.499+0000] {processor.py:840} INFO - DAG(s) 'example_display_name' retrieved from /usr/local/python/3.10.13/lib/python3.10/site-packages/airflow/example_dags/example_display_name.py
[2024-05-16T12:34:37.510+0000] {logging_mixin.py:188} INFO - [2024-05-16T12:34:37.510+0000] {dag.py:3096} INFO - Sync 1 DAGs
[2024-05-16T12:34:37.519+0000] {logging_mixin.py:188} INFO - [2024-05-16T12:34:37.519+0000] {dag.py:3954} INFO - Setting next_dagrun for example_display_name to None, run_after=None
[2024-05-16T12:34:37.563+0000] {processor.py:183} INFO - Processing /usr/local/python/3.10.13/lib/python3.10/site-packages/airflow/example_dags/example_display_name.py took 0.075 seconds
[2024-05-16T12:35:41.717+0000] {processor.py:161} INFO - Started process (PID=20043) to work on /usr/local/python/3.10.13/lib/python3.10/site-packages/airflow/example_dags/example_display_name.py
[2024-05-16T12:35:41.718+0000] {processor.py:830} INFO - Processing file /usr/local/python/3.10.13/lib/python3.10/site-packages/airflow/example_dags/example_display_name.py for tasks to queue
[2024-05-16T12:35:41.720+0000] {logging_mixin.py:188} INFO - [2024-05-16T12:35:41.719+0000] {dagbag.py:545} INFO - Filling up the DagBag from /usr/local/python/3.10.13/lib/python3.10/site-packages/airflow/example_dags/example_display_name.py
[2024-05-16T12:35:41.726+0000] {processor.py:840} INFO - DAG(s) 'example_display_name' retrieved from /usr/local/python/3.10.13/lib/python3.10/site-packages/airflow/example_dags/example_display_name.py
[2024-05-16T12:35:41.741+0000] {logging_mixin.py:188} INFO - [2024-05-16T12:35:41.741+0000] {dag.py:3096} INFO - Sync 1 DAGs
[2024-05-16T12:35:41.750+0000] {logging_mixin.py:188} INFO - [2024-05-16T12:35:41.750+0000] {dag.py:3954} INFO - Setting next_dagrun for example_display_name to None, run_after=None
[2024-05-16T12:35:41.800+0000] {processor.py:183} INFO - Processing /usr/local/python/3.10.13/lib/python3.10/site-packages/airflow/example_dags/example_display_name.py took 0.091 seconds
[2024-05-16T12:36:41.188+0000] {processor.py:161} INFO - Started process (PID=20484) to work on /usr/local/python/3.10.13/lib/python3.10/site-packages/airflow/example_dags/example_display_name.py
[2024-05-16T12:36:41.189+0000] {processor.py:830} INFO - Processing file /usr/local/python/3.10.13/lib/python3.10/site-packages/airflow/example_dags/example_display_name.py for tasks to queue
[2024-05-16T12:36:41.190+0000] {logging_mixin.py:188} INFO - [2024-05-16T12:36:41.190+0000] {dagbag.py:545} INFO - Filling up the DagBag from /usr/local/python/3.10.13/lib/python3.10/site-packages/airflow/example_dags/example_display_name.py
[2024-05-16T12:36:41.194+0000] {processor.py:840} INFO - DAG(s) 'example_display_name' retrieved from /usr/local/python/3.10.13/lib/python3.10/site-packages/airflow/example_dags/example_display_name.py
[2024-05-16T12:36:41.205+0000] {logging_mixin.py:188} INFO - [2024-05-16T12:36:41.205+0000] {dag.py:3096} INFO - Sync 1 DAGs
[2024-05-16T12:36:41.213+0000] {logging_mixin.py:188} INFO - [2024-05-16T12:36:41.213+0000] {dag.py:3954} INFO - Setting next_dagrun for example_display_name to None, run_after=None
[2024-05-16T12:36:41.263+0000] {processor.py:183} INFO - Processing /usr/local/python/3.10.13/lib/python3.10/site-packages/airflow/example_dags/example_display_name.py took 0.079 seconds
[2024-05-16T12:37:45.623+0000] {processor.py:161} INFO - Started process (PID=20946) to work on /usr/local/python/3.10.13/lib/python3.10/site-packages/airflow/example_dags/example_display_name.py
[2024-05-16T12:37:45.624+0000] {processor.py:830} INFO - Processing file /usr/local/python/3.10.13/lib/python3.10/site-packages/airflow/example_dags/example_display_name.py for tasks to queue
[2024-05-16T12:37:45.626+0000] {logging_mixin.py:188} INFO - [2024-05-16T12:37:45.626+0000] {dagbag.py:545} INFO - Filling up the DagBag from /usr/local/python/3.10.13/lib/python3.10/site-packages/airflow/example_dags/example_display_name.py
[2024-05-16T12:37:45.630+0000] {processor.py:840} INFO - DAG(s) 'example_display_name' retrieved from /usr/local/python/3.10.13/lib/python3.10/site-packages/airflow/example_dags/example_display_name.py
[2024-05-16T12:37:45.641+0000] {logging_mixin.py:188} INFO - [2024-05-16T12:37:45.641+0000] {dag.py:3096} INFO - Sync 1 DAGs
[2024-05-16T12:37:45.649+0000] {logging_mixin.py:188} INFO - [2024-05-16T12:37:45.649+0000] {dag.py:3954} INFO - Setting next_dagrun for example_display_name to None, run_after=None
[2024-05-16T12:37:45.695+0000] {processor.py:183} INFO - Processing /usr/local/python/3.10.13/lib/python3.10/site-packages/airflow/example_dags/example_display_name.py took 0.077 seconds
[2024-05-16T12:38:42.809+0000] {processor.py:161} INFO - Started process (PID=21337) to work on /usr/local/python/3.10.13/lib/python3.10/site-packages/airflow/example_dags/example_display_name.py
[2024-05-16T12:38:42.810+0000] {processor.py:830} INFO - Processing file /usr/local/python/3.10.13/lib/python3.10/site-packages/airflow/example_dags/example_display_name.py for tasks to queue
[2024-05-16T12:38:42.811+0000] {logging_mixin.py:188} INFO - [2024-05-16T12:38:42.811+0000] {dagbag.py:545} INFO - Filling up the DagBag from /usr/local/python/3.10.13/lib/python3.10/site-packages/airflow/example_dags/example_display_name.py
[2024-05-16T12:38:42.816+0000] {processor.py:840} INFO - DAG(s) 'example_display_name' retrieved from /usr/local/python/3.10.13/lib/python3.10/site-packages/airflow/example_dags/example_display_name.py
[2024-05-16T12:38:42.830+0000] {logging_mixin.py:188} INFO - [2024-05-16T12:38:42.829+0000] {dag.py:3096} INFO - Sync 1 DAGs
[2024-05-16T12:38:42.843+0000] {logging_mixin.py:188} INFO - [2024-05-16T12:38:42.842+0000] {dag.py:3954} INFO - Setting next_dagrun for example_display_name to None, run_after=None
[2024-05-16T12:38:42.907+0000] {processor.py:183} INFO - Processing /usr/local/python/3.10.13/lib/python3.10/site-packages/airflow/example_dags/example_display_name.py took 0.103 seconds
[2024-05-16T12:39:49.227+0000] {processor.py:161} INFO - Started process (PID=21822) to work on /usr/local/python/3.10.13/lib/python3.10/site-packages/airflow/example_dags/example_display_name.py
[2024-05-16T12:39:49.228+0000] {processor.py:830} INFO - Processing file /usr/local/python/3.10.13/lib/python3.10/site-packages/airflow/example_dags/example_display_name.py for tasks to queue
[2024-05-16T12:39:49.229+0000] {logging_mixin.py:188} INFO - [2024-05-16T12:39:49.229+0000] {dagbag.py:545} INFO - Filling up the DagBag from /usr/local/python/3.10.13/lib/python3.10/site-packages/airflow/example_dags/example_display_name.py
[2024-05-16T12:39:49.234+0000] {processor.py:840} INFO - DAG(s) 'example_display_name' retrieved from /usr/local/python/3.10.13/lib/python3.10/site-packages/airflow/example_dags/example_display_name.py
[2024-05-16T12:39:49.244+0000] {logging_mixin.py:188} INFO - [2024-05-16T12:39:49.244+0000] {dag.py:3096} INFO - Sync 1 DAGs
[2024-05-16T12:39:49.254+0000] {logging_mixin.py:188} INFO - [2024-05-16T12:39:49.254+0000] {dag.py:3954} INFO - Setting next_dagrun for example_display_name to None, run_after=None
[2024-05-16T12:39:49.299+0000] {processor.py:183} INFO - Processing /usr/local/python/3.10.13/lib/python3.10/site-packages/airflow/example_dags/example_display_name.py took 0.077 seconds
[2024-05-16T12:40:52.079+0000] {processor.py:161} INFO - Started process (PID=22280) to work on /usr/local/python/3.10.13/lib/python3.10/site-packages/airflow/example_dags/example_display_name.py
[2024-05-16T12:40:52.080+0000] {processor.py:830} INFO - Processing file /usr/local/python/3.10.13/lib/python3.10/site-packages/airflow/example_dags/example_display_name.py for tasks to queue
[2024-05-16T12:40:52.081+0000] {logging_mixin.py:188} INFO - [2024-05-16T12:40:52.081+0000] {dagbag.py:545} INFO - Filling up the DagBag from /usr/local/python/3.10.13/lib/python3.10/site-packages/airflow/example_dags/example_display_name.py
[2024-05-16T12:40:52.086+0000] {processor.py:840} INFO - DAG(s) 'example_display_name' retrieved from /usr/local/python/3.10.13/lib/python3.10/site-packages/airflow/example_dags/example_display_name.py
[2024-05-16T12:40:52.096+0000] {logging_mixin.py:188} INFO - [2024-05-16T12:40:52.096+0000] {dag.py:3096} INFO - Sync 1 DAGs
[2024-05-16T12:40:52.105+0000] {logging_mixin.py:188} INFO - [2024-05-16T12:40:52.105+0000] {dag.py:3954} INFO - Setting next_dagrun for example_display_name to None, run_after=None
[2024-05-16T12:40:52.154+0000] {processor.py:183} INFO - Processing /usr/local/python/3.10.13/lib/python3.10/site-packages/airflow/example_dags/example_display_name.py took 0.079 seconds
[2024-05-16T12:41:55.385+0000] {processor.py:161} INFO - Started process (PID=22726) to work on /usr/local/python/3.10.13/lib/python3.10/site-packages/airflow/example_dags/example_display_name.py
[2024-05-16T12:41:55.386+0000] {processor.py:830} INFO - Processing file /usr/local/python/3.10.13/lib/python3.10/site-packages/airflow/example_dags/example_display_name.py for tasks to queue
[2024-05-16T12:41:55.387+0000] {logging_mixin.py:188} INFO - [2024-05-16T12:41:55.387+0000] {dagbag.py:545} INFO - Filling up the DagBag from /usr/local/python/3.10.13/lib/python3.10/site-packages/airflow/example_dags/example_display_name.py
[2024-05-16T12:41:55.392+0000] {processor.py:840} INFO - DAG(s) 'example_display_name' retrieved from /usr/local/python/3.10.13/lib/python3.10/site-packages/airflow/example_dags/example_display_name.py
[2024-05-16T12:41:55.403+0000] {logging_mixin.py:188} INFO - [2024-05-16T12:41:55.403+0000] {dag.py:3096} INFO - Sync 1 DAGs
[2024-05-16T12:41:55.412+0000] {logging_mixin.py:188} INFO - [2024-05-16T12:41:55.412+0000] {dag.py:3954} INFO - Setting next_dagrun for example_display_name to None, run_after=None
[2024-05-16T12:41:55.457+0000] {processor.py:183} INFO - Processing /usr/local/python/3.10.13/lib/python3.10/site-packages/airflow/example_dags/example_display_name.py took 0.077 seconds
[2024-05-16T12:43:00.068+0000] {processor.py:161} INFO - Started process (PID=23197) to work on /usr/local/python/3.10.13/lib/python3.10/site-packages/airflow/example_dags/example_display_name.py
[2024-05-16T12:43:00.069+0000] {processor.py:830} INFO - Processing file /usr/local/python/3.10.13/lib/python3.10/site-packages/airflow/example_dags/example_display_name.py for tasks to queue
[2024-05-16T12:43:00.071+0000] {logging_mixin.py:188} INFO - [2024-05-16T12:43:00.070+0000] {dagbag.py:545} INFO - Filling up the DagBag from /usr/local/python/3.10.13/lib/python3.10/site-packages/airflow/example_dags/example_display_name.py
[2024-05-16T12:43:00.077+0000] {processor.py:840} INFO - DAG(s) 'example_display_name' retrieved from /usr/local/python/3.10.13/lib/python3.10/site-packages/airflow/example_dags/example_display_name.py
[2024-05-16T12:43:00.093+0000] {logging_mixin.py:188} INFO - [2024-05-16T12:43:00.093+0000] {dag.py:3096} INFO - Sync 1 DAGs
[2024-05-16T12:43:00.106+0000] {logging_mixin.py:188} INFO - [2024-05-16T12:43:00.106+0000] {dag.py:3954} INFO - Setting next_dagrun for example_display_name to None, run_after=None
[2024-05-16T12:43:00.157+0000] {processor.py:183} INFO - Processing /usr/local/python/3.10.13/lib/python3.10/site-packages/airflow/example_dags/example_display_name.py took 0.095 seconds
[2024-05-16T12:44:02.863+0000] {processor.py:161} INFO - Started process (PID=23672) to work on /usr/local/python/3.10.13/lib/python3.10/site-packages/airflow/example_dags/example_display_name.py
[2024-05-16T12:44:02.864+0000] {processor.py:830} INFO - Processing file /usr/local/python/3.10.13/lib/python3.10/site-packages/airflow/example_dags/example_display_name.py for tasks to queue
[2024-05-16T12:44:02.866+0000] {logging_mixin.py:188} INFO - [2024-05-16T12:44:02.865+0000] {dagbag.py:545} INFO - Filling up the DagBag from /usr/local/python/3.10.13/lib/python3.10/site-packages/airflow/example_dags/example_display_name.py
[2024-05-16T12:44:02.870+0000] {processor.py:840} INFO - DAG(s) 'example_display_name' retrieved from /usr/local/python/3.10.13/lib/python3.10/site-packages/airflow/example_dags/example_display_name.py
[2024-05-16T12:44:02.882+0000] {logging_mixin.py:188} INFO - [2024-05-16T12:44:02.882+0000] {dag.py:3096} INFO - Sync 1 DAGs
[2024-05-16T12:44:02.893+0000] {logging_mixin.py:188} INFO - [2024-05-16T12:44:02.892+0000] {dag.py:3954} INFO - Setting next_dagrun for example_display_name to None, run_after=None
[2024-05-16T12:44:02.947+0000] {processor.py:183} INFO - Processing /usr/local/python/3.10.13/lib/python3.10/site-packages/airflow/example_dags/example_display_name.py took 0.088 seconds
[2024-05-16T12:45:06.104+0000] {processor.py:161} INFO - Started process (PID=24124) to work on /usr/local/python/3.10.13/lib/python3.10/site-packages/airflow/example_dags/example_display_name.py
[2024-05-16T12:45:06.105+0000] {processor.py:830} INFO - Processing file /usr/local/python/3.10.13/lib/python3.10/site-packages/airflow/example_dags/example_display_name.py for tasks to queue
[2024-05-16T12:45:06.107+0000] {logging_mixin.py:188} INFO - [2024-05-16T12:45:06.106+0000] {dagbag.py:545} INFO - Filling up the DagBag from /usr/local/python/3.10.13/lib/python3.10/site-packages/airflow/example_dags/example_display_name.py
[2024-05-16T12:45:06.111+0000] {processor.py:840} INFO - DAG(s) 'example_display_name' retrieved from /usr/local/python/3.10.13/lib/python3.10/site-packages/airflow/example_dags/example_display_name.py
[2024-05-16T12:45:06.123+0000] {logging_mixin.py:188} INFO - [2024-05-16T12:45:06.122+0000] {dag.py:3096} INFO - Sync 1 DAGs
[2024-05-16T12:45:06.132+0000] {logging_mixin.py:188} INFO - [2024-05-16T12:45:06.131+0000] {dag.py:3954} INFO - Setting next_dagrun for example_display_name to None, run_after=None
[2024-05-16T12:45:06.176+0000] {processor.py:183} INFO - Processing /usr/local/python/3.10.13/lib/python3.10/site-packages/airflow/example_dags/example_display_name.py took 0.076 seconds
