[2024-05-16T12:06:34.058+0000] {processor.py:161} INFO - Started process (PID=7465) to work on /usr/local/python/3.10.13/lib/python3.10/site-packages/airflow/example_dags/example_dynamic_task_mapping_with_no_taskflow_operators.py
[2024-05-16T12:06:34.058+0000] {processor.py:830} INFO - Processing file /usr/local/python/3.10.13/lib/python3.10/site-packages/airflow/example_dags/example_dynamic_task_mapping_with_no_taskflow_operators.py for tasks to queue
[2024-05-16T12:06:34.059+0000] {logging_mixin.py:188} INFO - [2024-05-16T12:06:34.059+0000] {dagbag.py:545} INFO - Filling up the DagBag from /usr/local/python/3.10.13/lib/python3.10/site-packages/airflow/example_dags/example_dynamic_task_mapping_with_no_taskflow_operators.py
[2024-05-16T12:06:34.064+0000] {processor.py:840} INFO - DAG(s) 'example_dynamic_task_mapping_with_no_taskflow_operators' retrieved from /usr/local/python/3.10.13/lib/python3.10/site-packages/airflow/example_dags/example_dynamic_task_mapping_with_no_taskflow_operators.py
[2024-05-16T12:06:34.214+0000] {logging_mixin.py:188} INFO - [2024-05-16T12:06:34.214+0000] {dag.py:3096} INFO - Sync 1 DAGs
[2024-05-16T12:06:34.227+0000] {logging_mixin.py:188} INFO - [2024-05-16T12:06:34.227+0000] {dag.py:3954} INFO - Setting next_dagrun for example_dynamic_task_mapping_with_no_taskflow_operators to 2024-05-15 00:00:00+00:00, run_after=2024-05-16 00:00:00+00:00
[2024-05-16T12:06:34.280+0000] {processor.py:183} INFO - Processing /usr/local/python/3.10.13/lib/python3.10/site-packages/airflow/example_dags/example_dynamic_task_mapping_with_no_taskflow_operators.py took 0.227 seconds
[2024-05-16T12:07:30.553+0000] {processor.py:161} INFO - Started process (PID=7830) to work on /usr/local/python/3.10.13/lib/python3.10/site-packages/airflow/example_dags/example_dynamic_task_mapping_with_no_taskflow_operators.py
[2024-05-16T12:07:30.554+0000] {processor.py:830} INFO - Processing file /usr/local/python/3.10.13/lib/python3.10/site-packages/airflow/example_dags/example_dynamic_task_mapping_with_no_taskflow_operators.py for tasks to queue
[2024-05-16T12:07:30.557+0000] {logging_mixin.py:188} INFO - [2024-05-16T12:07:30.556+0000] {dagbag.py:545} INFO - Filling up the DagBag from /usr/local/python/3.10.13/lib/python3.10/site-packages/airflow/example_dags/example_dynamic_task_mapping_with_no_taskflow_operators.py
[2024-05-16T12:07:30.563+0000] {processor.py:840} INFO - DAG(s) 'example_dynamic_task_mapping_with_no_taskflow_operators' retrieved from /usr/local/python/3.10.13/lib/python3.10/site-packages/airflow/example_dags/example_dynamic_task_mapping_with_no_taskflow_operators.py
[2024-05-16T12:07:30.578+0000] {logging_mixin.py:188} INFO - [2024-05-16T12:07:30.577+0000] {dag.py:3096} INFO - Sync 1 DAGs
[2024-05-16T12:07:30.592+0000] {logging_mixin.py:188} INFO - [2024-05-16T12:07:30.592+0000] {dag.py:3954} INFO - Setting next_dagrun for example_dynamic_task_mapping_with_no_taskflow_operators to 2024-05-15 00:00:00+00:00, run_after=2024-05-16 00:00:00+00:00
[2024-05-16T12:07:30.650+0000] {processor.py:183} INFO - Processing /usr/local/python/3.10.13/lib/python3.10/site-packages/airflow/example_dags/example_dynamic_task_mapping_with_no_taskflow_operators.py took 0.107 seconds
[2024-05-16T12:08:21.026+0000] {processor.py:161} INFO - Started process (PID=8184) to work on /usr/local/python/3.10.13/lib/python3.10/site-packages/airflow/example_dags/example_dynamic_task_mapping_with_no_taskflow_operators.py
[2024-05-16T12:08:21.027+0000] {processor.py:830} INFO - Processing file /usr/local/python/3.10.13/lib/python3.10/site-packages/airflow/example_dags/example_dynamic_task_mapping_with_no_taskflow_operators.py for tasks to queue
[2024-05-16T12:08:21.028+0000] {logging_mixin.py:188} INFO - [2024-05-16T12:08:21.028+0000] {dagbag.py:545} INFO - Filling up the DagBag from /usr/local/python/3.10.13/lib/python3.10/site-packages/airflow/example_dags/example_dynamic_task_mapping_with_no_taskflow_operators.py
[2024-05-16T12:08:21.033+0000] {processor.py:840} INFO - DAG(s) 'example_dynamic_task_mapping_with_no_taskflow_operators' retrieved from /usr/local/python/3.10.13/lib/python3.10/site-packages/airflow/example_dags/example_dynamic_task_mapping_with_no_taskflow_operators.py
[2024-05-16T12:08:21.043+0000] {logging_mixin.py:188} INFO - [2024-05-16T12:08:21.043+0000] {dag.py:3096} INFO - Sync 1 DAGs
[2024-05-16T12:08:21.058+0000] {logging_mixin.py:188} INFO - [2024-05-16T12:08:21.057+0000] {dag.py:3954} INFO - Setting next_dagrun for example_dynamic_task_mapping_with_no_taskflow_operators to 2024-05-15 00:00:00+00:00, run_after=2024-05-16 00:00:00+00:00
[2024-05-16T12:08:21.107+0000] {processor.py:183} INFO - Processing /usr/local/python/3.10.13/lib/python3.10/site-packages/airflow/example_dags/example_dynamic_task_mapping_with_no_taskflow_operators.py took 0.085 seconds
[2024-05-16T12:09:10.319+0000] {processor.py:161} INFO - Started process (PID=8555) to work on /usr/local/python/3.10.13/lib/python3.10/site-packages/airflow/example_dags/example_dynamic_task_mapping_with_no_taskflow_operators.py
[2024-05-16T12:09:10.320+0000] {processor.py:830} INFO - Processing file /usr/local/python/3.10.13/lib/python3.10/site-packages/airflow/example_dags/example_dynamic_task_mapping_with_no_taskflow_operators.py for tasks to queue
[2024-05-16T12:09:10.321+0000] {logging_mixin.py:188} INFO - [2024-05-16T12:09:10.321+0000] {dagbag.py:545} INFO - Filling up the DagBag from /usr/local/python/3.10.13/lib/python3.10/site-packages/airflow/example_dags/example_dynamic_task_mapping_with_no_taskflow_operators.py
[2024-05-16T12:09:10.326+0000] {processor.py:840} INFO - DAG(s) 'example_dynamic_task_mapping_with_no_taskflow_operators' retrieved from /usr/local/python/3.10.13/lib/python3.10/site-packages/airflow/example_dags/example_dynamic_task_mapping_with_no_taskflow_operators.py
[2024-05-16T12:09:10.336+0000] {logging_mixin.py:188} INFO - [2024-05-16T12:09:10.336+0000] {dag.py:3096} INFO - Sync 1 DAGs
[2024-05-16T12:09:10.351+0000] {logging_mixin.py:188} INFO - [2024-05-16T12:09:10.351+0000] {dag.py:3954} INFO - Setting next_dagrun for example_dynamic_task_mapping_with_no_taskflow_operators to 2024-05-15 00:00:00+00:00, run_after=2024-05-16 00:00:00+00:00
[2024-05-16T12:09:10.398+0000] {processor.py:183} INFO - Processing /usr/local/python/3.10.13/lib/python3.10/site-packages/airflow/example_dags/example_dynamic_task_mapping_with_no_taskflow_operators.py took 0.084 seconds
[2024-05-16T12:09:55.486+0000] {processor.py:161} INFO - Started process (PID=8888) to work on /usr/local/python/3.10.13/lib/python3.10/site-packages/airflow/example_dags/example_dynamic_task_mapping_with_no_taskflow_operators.py
[2024-05-16T12:09:55.487+0000] {processor.py:830} INFO - Processing file /usr/local/python/3.10.13/lib/python3.10/site-packages/airflow/example_dags/example_dynamic_task_mapping_with_no_taskflow_operators.py for tasks to queue
[2024-05-16T12:09:55.488+0000] {logging_mixin.py:188} INFO - [2024-05-16T12:09:55.488+0000] {dagbag.py:545} INFO - Filling up the DagBag from /usr/local/python/3.10.13/lib/python3.10/site-packages/airflow/example_dags/example_dynamic_task_mapping_with_no_taskflow_operators.py
[2024-05-16T12:09:55.493+0000] {processor.py:840} INFO - DAG(s) 'example_dynamic_task_mapping_with_no_taskflow_operators' retrieved from /usr/local/python/3.10.13/lib/python3.10/site-packages/airflow/example_dags/example_dynamic_task_mapping_with_no_taskflow_operators.py
[2024-05-16T12:09:55.504+0000] {logging_mixin.py:188} INFO - [2024-05-16T12:09:55.504+0000] {dag.py:3096} INFO - Sync 1 DAGs
[2024-05-16T12:09:55.519+0000] {logging_mixin.py:188} INFO - [2024-05-16T12:09:55.519+0000] {dag.py:3954} INFO - Setting next_dagrun for example_dynamic_task_mapping_with_no_taskflow_operators to 2024-05-15 00:00:00+00:00, run_after=2024-05-16 00:00:00+00:00
[2024-05-16T12:09:55.568+0000] {processor.py:183} INFO - Processing /usr/local/python/3.10.13/lib/python3.10/site-packages/airflow/example_dags/example_dynamic_task_mapping_with_no_taskflow_operators.py took 0.086 seconds
[2024-05-16T12:10:38.329+0000] {processor.py:161} INFO - Started process (PID=9175) to work on /usr/local/python/3.10.13/lib/python3.10/site-packages/airflow/example_dags/example_dynamic_task_mapping_with_no_taskflow_operators.py
[2024-05-16T12:10:38.330+0000] {processor.py:830} INFO - Processing file /usr/local/python/3.10.13/lib/python3.10/site-packages/airflow/example_dags/example_dynamic_task_mapping_with_no_taskflow_operators.py for tasks to queue
[2024-05-16T12:10:38.332+0000] {logging_mixin.py:188} INFO - [2024-05-16T12:10:38.331+0000] {dagbag.py:545} INFO - Filling up the DagBag from /usr/local/python/3.10.13/lib/python3.10/site-packages/airflow/example_dags/example_dynamic_task_mapping_with_no_taskflow_operators.py
[2024-05-16T12:10:38.338+0000] {processor.py:840} INFO - DAG(s) 'example_dynamic_task_mapping_with_no_taskflow_operators' retrieved from /usr/local/python/3.10.13/lib/python3.10/site-packages/airflow/example_dags/example_dynamic_task_mapping_with_no_taskflow_operators.py
[2024-05-16T12:10:38.348+0000] {logging_mixin.py:188} INFO - [2024-05-16T12:10:38.348+0000] {dag.py:3096} INFO - Sync 1 DAGs
[2024-05-16T12:10:38.363+0000] {logging_mixin.py:188} INFO - [2024-05-16T12:10:38.363+0000] {dag.py:3954} INFO - Setting next_dagrun for example_dynamic_task_mapping_with_no_taskflow_operators to 2024-05-15 00:00:00+00:00, run_after=2024-05-16 00:00:00+00:00
[2024-05-16T12:10:38.408+0000] {processor.py:183} INFO - Processing /usr/local/python/3.10.13/lib/python3.10/site-packages/airflow/example_dags/example_dynamic_task_mapping_with_no_taskflow_operators.py took 0.084 seconds
[2024-05-16T12:11:37.073+0000] {processor.py:161} INFO - Started process (PID=9593) to work on /usr/local/python/3.10.13/lib/python3.10/site-packages/airflow/example_dags/example_dynamic_task_mapping_with_no_taskflow_operators.py
[2024-05-16T12:11:37.074+0000] {processor.py:830} INFO - Processing file /usr/local/python/3.10.13/lib/python3.10/site-packages/airflow/example_dags/example_dynamic_task_mapping_with_no_taskflow_operators.py for tasks to queue
[2024-05-16T12:11:37.076+0000] {logging_mixin.py:188} INFO - [2024-05-16T12:11:37.075+0000] {dagbag.py:545} INFO - Filling up the DagBag from /usr/local/python/3.10.13/lib/python3.10/site-packages/airflow/example_dags/example_dynamic_task_mapping_with_no_taskflow_operators.py
[2024-05-16T12:11:37.083+0000] {processor.py:840} INFO - DAG(s) 'example_dynamic_task_mapping_with_no_taskflow_operators' retrieved from /usr/local/python/3.10.13/lib/python3.10/site-packages/airflow/example_dags/example_dynamic_task_mapping_with_no_taskflow_operators.py
[2024-05-16T12:11:37.099+0000] {logging_mixin.py:188} INFO - [2024-05-16T12:11:37.098+0000] {dag.py:3096} INFO - Sync 1 DAGs
[2024-05-16T12:11:37.119+0000] {logging_mixin.py:188} INFO - [2024-05-16T12:11:37.118+0000] {dag.py:3954} INFO - Setting next_dagrun for example_dynamic_task_mapping_with_no_taskflow_operators to 2024-05-15 00:00:00+00:00, run_after=2024-05-16 00:00:00+00:00
[2024-05-16T12:11:37.168+0000] {processor.py:183} INFO - Processing /usr/local/python/3.10.13/lib/python3.10/site-packages/airflow/example_dags/example_dynamic_task_mapping_with_no_taskflow_operators.py took 0.101 seconds
[2024-05-16T12:12:41.168+0000] {processor.py:161} INFO - Started process (PID=10030) to work on /usr/local/python/3.10.13/lib/python3.10/site-packages/airflow/example_dags/example_dynamic_task_mapping_with_no_taskflow_operators.py
[2024-05-16T12:12:41.169+0000] {processor.py:830} INFO - Processing file /usr/local/python/3.10.13/lib/python3.10/site-packages/airflow/example_dags/example_dynamic_task_mapping_with_no_taskflow_operators.py for tasks to queue
[2024-05-16T12:12:41.170+0000] {logging_mixin.py:188} INFO - [2024-05-16T12:12:41.170+0000] {dagbag.py:545} INFO - Filling up the DagBag from /usr/local/python/3.10.13/lib/python3.10/site-packages/airflow/example_dags/example_dynamic_task_mapping_with_no_taskflow_operators.py
[2024-05-16T12:12:41.175+0000] {processor.py:840} INFO - DAG(s) 'example_dynamic_task_mapping_with_no_taskflow_operators' retrieved from /usr/local/python/3.10.13/lib/python3.10/site-packages/airflow/example_dags/example_dynamic_task_mapping_with_no_taskflow_operators.py
[2024-05-16T12:12:41.186+0000] {logging_mixin.py:188} INFO - [2024-05-16T12:12:41.186+0000] {dag.py:3096} INFO - Sync 1 DAGs
[2024-05-16T12:12:41.200+0000] {logging_mixin.py:188} INFO - [2024-05-16T12:12:41.200+0000] {dag.py:3954} INFO - Setting next_dagrun for example_dynamic_task_mapping_with_no_taskflow_operators to 2024-05-15 00:00:00+00:00, run_after=2024-05-16 00:00:00+00:00
[2024-05-16T12:12:41.247+0000] {processor.py:183} INFO - Processing /usr/local/python/3.10.13/lib/python3.10/site-packages/airflow/example_dags/example_dynamic_task_mapping_with_no_taskflow_operators.py took 0.083 seconds
[2024-05-16T12:13:23.739+0000] {processor.py:161} INFO - Started process (PID=10319) to work on /usr/local/python/3.10.13/lib/python3.10/site-packages/airflow/example_dags/example_dynamic_task_mapping_with_no_taskflow_operators.py
[2024-05-16T12:13:23.740+0000] {processor.py:830} INFO - Processing file /usr/local/python/3.10.13/lib/python3.10/site-packages/airflow/example_dags/example_dynamic_task_mapping_with_no_taskflow_operators.py for tasks to queue
[2024-05-16T12:13:23.742+0000] {logging_mixin.py:188} INFO - [2024-05-16T12:13:23.741+0000] {dagbag.py:545} INFO - Filling up the DagBag from /usr/local/python/3.10.13/lib/python3.10/site-packages/airflow/example_dags/example_dynamic_task_mapping_with_no_taskflow_operators.py
[2024-05-16T12:13:23.749+0000] {processor.py:840} INFO - DAG(s) 'example_dynamic_task_mapping_with_no_taskflow_operators' retrieved from /usr/local/python/3.10.13/lib/python3.10/site-packages/airflow/example_dags/example_dynamic_task_mapping_with_no_taskflow_operators.py
[2024-05-16T12:13:23.765+0000] {logging_mixin.py:188} INFO - [2024-05-16T12:13:23.765+0000] {dag.py:3096} INFO - Sync 1 DAGs
[2024-05-16T12:13:23.781+0000] {logging_mixin.py:188} INFO - [2024-05-16T12:13:23.780+0000] {dag.py:3954} INFO - Setting next_dagrun for example_dynamic_task_mapping_with_no_taskflow_operators to 2024-05-15 00:00:00+00:00, run_after=2024-05-16 00:00:00+00:00
[2024-05-16T12:13:23.831+0000] {processor.py:183} INFO - Processing /usr/local/python/3.10.13/lib/python3.10/site-packages/airflow/example_dags/example_dynamic_task_mapping_with_no_taskflow_operators.py took 0.103 seconds
[2024-05-16T12:14:25.917+0000] {processor.py:161} INFO - Started process (PID=10748) to work on /usr/local/python/3.10.13/lib/python3.10/site-packages/airflow/example_dags/example_dynamic_task_mapping_with_no_taskflow_operators.py
[2024-05-16T12:14:25.918+0000] {processor.py:830} INFO - Processing file /usr/local/python/3.10.13/lib/python3.10/site-packages/airflow/example_dags/example_dynamic_task_mapping_with_no_taskflow_operators.py for tasks to queue
[2024-05-16T12:14:25.919+0000] {logging_mixin.py:188} INFO - [2024-05-16T12:14:25.919+0000] {dagbag.py:545} INFO - Filling up the DagBag from /usr/local/python/3.10.13/lib/python3.10/site-packages/airflow/example_dags/example_dynamic_task_mapping_with_no_taskflow_operators.py
[2024-05-16T12:14:25.925+0000] {processor.py:840} INFO - DAG(s) 'example_dynamic_task_mapping_with_no_taskflow_operators' retrieved from /usr/local/python/3.10.13/lib/python3.10/site-packages/airflow/example_dags/example_dynamic_task_mapping_with_no_taskflow_operators.py
[2024-05-16T12:14:25.935+0000] {logging_mixin.py:188} INFO - [2024-05-16T12:14:25.935+0000] {dag.py:3096} INFO - Sync 1 DAGs
[2024-05-16T12:14:25.950+0000] {logging_mixin.py:188} INFO - [2024-05-16T12:14:25.950+0000] {dag.py:3954} INFO - Setting next_dagrun for example_dynamic_task_mapping_with_no_taskflow_operators to 2024-05-15 00:00:00+00:00, run_after=2024-05-16 00:00:00+00:00
[2024-05-16T12:14:25.999+0000] {processor.py:183} INFO - Processing /usr/local/python/3.10.13/lib/python3.10/site-packages/airflow/example_dags/example_dynamic_task_mapping_with_no_taskflow_operators.py took 0.086 seconds
[2024-05-16T12:15:29.234+0000] {processor.py:161} INFO - Started process (PID=11183) to work on /usr/local/python/3.10.13/lib/python3.10/site-packages/airflow/example_dags/example_dynamic_task_mapping_with_no_taskflow_operators.py
[2024-05-16T12:15:29.235+0000] {processor.py:830} INFO - Processing file /usr/local/python/3.10.13/lib/python3.10/site-packages/airflow/example_dags/example_dynamic_task_mapping_with_no_taskflow_operators.py for tasks to queue
[2024-05-16T12:15:29.237+0000] {logging_mixin.py:188} INFO - [2024-05-16T12:15:29.236+0000] {dagbag.py:545} INFO - Filling up the DagBag from /usr/local/python/3.10.13/lib/python3.10/site-packages/airflow/example_dags/example_dynamic_task_mapping_with_no_taskflow_operators.py
[2024-05-16T12:15:29.244+0000] {processor.py:840} INFO - DAG(s) 'example_dynamic_task_mapping_with_no_taskflow_operators' retrieved from /usr/local/python/3.10.13/lib/python3.10/site-packages/airflow/example_dags/example_dynamic_task_mapping_with_no_taskflow_operators.py
[2024-05-16T12:15:29.255+0000] {logging_mixin.py:188} INFO - [2024-05-16T12:15:29.255+0000] {dag.py:3096} INFO - Sync 1 DAGs
[2024-05-16T12:15:29.270+0000] {logging_mixin.py:188} INFO - [2024-05-16T12:15:29.270+0000] {dag.py:3954} INFO - Setting next_dagrun for example_dynamic_task_mapping_with_no_taskflow_operators to 2024-05-15 00:00:00+00:00, run_after=2024-05-16 00:00:00+00:00
[2024-05-16T12:15:29.323+0000] {processor.py:183} INFO - Processing /usr/local/python/3.10.13/lib/python3.10/site-packages/airflow/example_dags/example_dynamic_task_mapping_with_no_taskflow_operators.py took 0.094 seconds
[2024-05-16T12:16:13.171+0000] {processor.py:161} INFO - Started process (PID=11531) to work on /usr/local/python/3.10.13/lib/python3.10/site-packages/airflow/example_dags/example_dynamic_task_mapping_with_no_taskflow_operators.py
[2024-05-16T12:16:13.172+0000] {processor.py:830} INFO - Processing file /usr/local/python/3.10.13/lib/python3.10/site-packages/airflow/example_dags/example_dynamic_task_mapping_with_no_taskflow_operators.py for tasks to queue
[2024-05-16T12:16:13.173+0000] {logging_mixin.py:188} INFO - [2024-05-16T12:16:13.173+0000] {dagbag.py:545} INFO - Filling up the DagBag from /usr/local/python/3.10.13/lib/python3.10/site-packages/airflow/example_dags/example_dynamic_task_mapping_with_no_taskflow_operators.py
[2024-05-16T12:16:13.178+0000] {processor.py:840} INFO - DAG(s) 'example_dynamic_task_mapping_with_no_taskflow_operators' retrieved from /usr/local/python/3.10.13/lib/python3.10/site-packages/airflow/example_dags/example_dynamic_task_mapping_with_no_taskflow_operators.py
[2024-05-16T12:16:13.189+0000] {logging_mixin.py:188} INFO - [2024-05-16T12:16:13.189+0000] {dag.py:3096} INFO - Sync 1 DAGs
[2024-05-16T12:16:13.206+0000] {logging_mixin.py:188} INFO - [2024-05-16T12:16:13.205+0000] {dag.py:3954} INFO - Setting next_dagrun for example_dynamic_task_mapping_with_no_taskflow_operators to 2024-05-15 00:00:00+00:00, run_after=2024-05-16 00:00:00+00:00
[2024-05-16T12:16:13.252+0000] {processor.py:183} INFO - Processing /usr/local/python/3.10.13/lib/python3.10/site-packages/airflow/example_dags/example_dynamic_task_mapping_with_no_taskflow_operators.py took 0.085 seconds
[2024-05-16T12:16:57.472+0000] {processor.py:161} INFO - Started process (PID=11843) to work on /usr/local/python/3.10.13/lib/python3.10/site-packages/airflow/example_dags/example_dynamic_task_mapping_with_no_taskflow_operators.py
[2024-05-16T12:16:57.473+0000] {processor.py:830} INFO - Processing file /usr/local/python/3.10.13/lib/python3.10/site-packages/airflow/example_dags/example_dynamic_task_mapping_with_no_taskflow_operators.py for tasks to queue
[2024-05-16T12:16:57.475+0000] {logging_mixin.py:188} INFO - [2024-05-16T12:16:57.474+0000] {dagbag.py:545} INFO - Filling up the DagBag from /usr/local/python/3.10.13/lib/python3.10/site-packages/airflow/example_dags/example_dynamic_task_mapping_with_no_taskflow_operators.py
[2024-05-16T12:16:57.480+0000] {processor.py:840} INFO - DAG(s) 'example_dynamic_task_mapping_with_no_taskflow_operators' retrieved from /usr/local/python/3.10.13/lib/python3.10/site-packages/airflow/example_dags/example_dynamic_task_mapping_with_no_taskflow_operators.py
[2024-05-16T12:16:57.492+0000] {logging_mixin.py:188} INFO - [2024-05-16T12:16:57.491+0000] {dag.py:3096} INFO - Sync 1 DAGs
[2024-05-16T12:16:57.509+0000] {logging_mixin.py:188} INFO - [2024-05-16T12:16:57.509+0000] {dag.py:3954} INFO - Setting next_dagrun for example_dynamic_task_mapping_with_no_taskflow_operators to 2024-05-15 00:00:00+00:00, run_after=2024-05-16 00:00:00+00:00
[2024-05-16T12:16:57.556+0000] {processor.py:183} INFO - Processing /usr/local/python/3.10.13/lib/python3.10/site-packages/airflow/example_dags/example_dynamic_task_mapping_with_no_taskflow_operators.py took 0.089 seconds
[2024-05-16T12:17:59.621+0000] {processor.py:161} INFO - Started process (PID=12277) to work on /usr/local/python/3.10.13/lib/python3.10/site-packages/airflow/example_dags/example_dynamic_task_mapping_with_no_taskflow_operators.py
[2024-05-16T12:17:59.622+0000] {processor.py:830} INFO - Processing file /usr/local/python/3.10.13/lib/python3.10/site-packages/airflow/example_dags/example_dynamic_task_mapping_with_no_taskflow_operators.py for tasks to queue
[2024-05-16T12:17:59.624+0000] {logging_mixin.py:188} INFO - [2024-05-16T12:17:59.623+0000] {dagbag.py:545} INFO - Filling up the DagBag from /usr/local/python/3.10.13/lib/python3.10/site-packages/airflow/example_dags/example_dynamic_task_mapping_with_no_taskflow_operators.py
[2024-05-16T12:17:59.630+0000] {processor.py:840} INFO - DAG(s) 'example_dynamic_task_mapping_with_no_taskflow_operators' retrieved from /usr/local/python/3.10.13/lib/python3.10/site-packages/airflow/example_dags/example_dynamic_task_mapping_with_no_taskflow_operators.py
[2024-05-16T12:17:59.640+0000] {logging_mixin.py:188} INFO - [2024-05-16T12:17:59.640+0000] {dag.py:3096} INFO - Sync 1 DAGs
[2024-05-16T12:17:59.655+0000] {logging_mixin.py:188} INFO - [2024-05-16T12:17:59.655+0000] {dag.py:3954} INFO - Setting next_dagrun for example_dynamic_task_mapping_with_no_taskflow_operators to 2024-05-15 00:00:00+00:00, run_after=2024-05-16 00:00:00+00:00
[2024-05-16T12:17:59.700+0000] {processor.py:183} INFO - Processing /usr/local/python/3.10.13/lib/python3.10/site-packages/airflow/example_dags/example_dynamic_task_mapping_with_no_taskflow_operators.py took 0.083 seconds
[2024-05-16T12:19:01.615+0000] {processor.py:161} INFO - Started process (PID=12724) to work on /usr/local/python/3.10.13/lib/python3.10/site-packages/airflow/example_dags/example_dynamic_task_mapping_with_no_taskflow_operators.py
[2024-05-16T12:19:01.616+0000] {processor.py:830} INFO - Processing file /usr/local/python/3.10.13/lib/python3.10/site-packages/airflow/example_dags/example_dynamic_task_mapping_with_no_taskflow_operators.py for tasks to queue
[2024-05-16T12:19:01.618+0000] {logging_mixin.py:188} INFO - [2024-05-16T12:19:01.618+0000] {dagbag.py:545} INFO - Filling up the DagBag from /usr/local/python/3.10.13/lib/python3.10/site-packages/airflow/example_dags/example_dynamic_task_mapping_with_no_taskflow_operators.py
[2024-05-16T12:19:01.625+0000] {processor.py:840} INFO - DAG(s) 'example_dynamic_task_mapping_with_no_taskflow_operators' retrieved from /usr/local/python/3.10.13/lib/python3.10/site-packages/airflow/example_dags/example_dynamic_task_mapping_with_no_taskflow_operators.py
[2024-05-16T12:19:01.640+0000] {logging_mixin.py:188} INFO - [2024-05-16T12:19:01.640+0000] {dag.py:3096} INFO - Sync 1 DAGs
[2024-05-16T12:19:01.664+0000] {logging_mixin.py:188} INFO - [2024-05-16T12:19:01.663+0000] {dag.py:3954} INFO - Setting next_dagrun for example_dynamic_task_mapping_with_no_taskflow_operators to 2024-05-15 00:00:00+00:00, run_after=2024-05-16 00:00:00+00:00
[2024-05-16T12:19:01.712+0000] {processor.py:183} INFO - Processing /usr/local/python/3.10.13/lib/python3.10/site-packages/airflow/example_dags/example_dynamic_task_mapping_with_no_taskflow_operators.py took 0.104 seconds
[2024-05-16T12:20:04.227+0000] {processor.py:161} INFO - Started process (PID=13164) to work on /usr/local/python/3.10.13/lib/python3.10/site-packages/airflow/example_dags/example_dynamic_task_mapping_with_no_taskflow_operators.py
[2024-05-16T12:20:04.228+0000] {processor.py:830} INFO - Processing file /usr/local/python/3.10.13/lib/python3.10/site-packages/airflow/example_dags/example_dynamic_task_mapping_with_no_taskflow_operators.py for tasks to queue
[2024-05-16T12:20:04.230+0000] {logging_mixin.py:188} INFO - [2024-05-16T12:20:04.229+0000] {dagbag.py:545} INFO - Filling up the DagBag from /usr/local/python/3.10.13/lib/python3.10/site-packages/airflow/example_dags/example_dynamic_task_mapping_with_no_taskflow_operators.py
[2024-05-16T12:20:04.236+0000] {processor.py:840} INFO - DAG(s) 'example_dynamic_task_mapping_with_no_taskflow_operators' retrieved from /usr/local/python/3.10.13/lib/python3.10/site-packages/airflow/example_dags/example_dynamic_task_mapping_with_no_taskflow_operators.py
[2024-05-16T12:20:04.251+0000] {logging_mixin.py:188} INFO - [2024-05-16T12:20:04.251+0000] {dag.py:3096} INFO - Sync 1 DAGs
[2024-05-16T12:20:04.269+0000] {logging_mixin.py:188} INFO - [2024-05-16T12:20:04.269+0000] {dag.py:3954} INFO - Setting next_dagrun for example_dynamic_task_mapping_with_no_taskflow_operators to 2024-05-15 00:00:00+00:00, run_after=2024-05-16 00:00:00+00:00
[2024-05-16T12:20:04.314+0000] {processor.py:183} INFO - Processing /usr/local/python/3.10.13/lib/python3.10/site-packages/airflow/example_dags/example_dynamic_task_mapping_with_no_taskflow_operators.py took 0.095 seconds
[2024-05-16T12:21:07.856+0000] {processor.py:161} INFO - Started process (PID=13634) to work on /usr/local/python/3.10.13/lib/python3.10/site-packages/airflow/example_dags/example_dynamic_task_mapping_with_no_taskflow_operators.py
[2024-05-16T12:21:07.857+0000] {processor.py:830} INFO - Processing file /usr/local/python/3.10.13/lib/python3.10/site-packages/airflow/example_dags/example_dynamic_task_mapping_with_no_taskflow_operators.py for tasks to queue
[2024-05-16T12:21:07.859+0000] {logging_mixin.py:188} INFO - [2024-05-16T12:21:07.858+0000] {dagbag.py:545} INFO - Filling up the DagBag from /usr/local/python/3.10.13/lib/python3.10/site-packages/airflow/example_dags/example_dynamic_task_mapping_with_no_taskflow_operators.py
[2024-05-16T12:21:07.864+0000] {processor.py:840} INFO - DAG(s) 'example_dynamic_task_mapping_with_no_taskflow_operators' retrieved from /usr/local/python/3.10.13/lib/python3.10/site-packages/airflow/example_dags/example_dynamic_task_mapping_with_no_taskflow_operators.py
[2024-05-16T12:21:07.875+0000] {logging_mixin.py:188} INFO - [2024-05-16T12:21:07.875+0000] {dag.py:3096} INFO - Sync 1 DAGs
[2024-05-16T12:21:07.892+0000] {logging_mixin.py:188} INFO - [2024-05-16T12:21:07.891+0000] {dag.py:3954} INFO - Setting next_dagrun for example_dynamic_task_mapping_with_no_taskflow_operators to 2024-05-15 00:00:00+00:00, run_after=2024-05-16 00:00:00+00:00
[2024-05-16T12:21:07.941+0000] {processor.py:183} INFO - Processing /usr/local/python/3.10.13/lib/python3.10/site-packages/airflow/example_dags/example_dynamic_task_mapping_with_no_taskflow_operators.py took 0.090 seconds
[2024-05-16T12:21:51.062+0000] {processor.py:161} INFO - Started process (PID=13933) to work on /usr/local/python/3.10.13/lib/python3.10/site-packages/airflow/example_dags/example_dynamic_task_mapping_with_no_taskflow_operators.py
[2024-05-16T12:21:51.062+0000] {processor.py:830} INFO - Processing file /usr/local/python/3.10.13/lib/python3.10/site-packages/airflow/example_dags/example_dynamic_task_mapping_with_no_taskflow_operators.py for tasks to queue
[2024-05-16T12:21:51.064+0000] {logging_mixin.py:188} INFO - [2024-05-16T12:21:51.063+0000] {dagbag.py:545} INFO - Filling up the DagBag from /usr/local/python/3.10.13/lib/python3.10/site-packages/airflow/example_dags/example_dynamic_task_mapping_with_no_taskflow_operators.py
[2024-05-16T12:21:51.069+0000] {processor.py:840} INFO - DAG(s) 'example_dynamic_task_mapping_with_no_taskflow_operators' retrieved from /usr/local/python/3.10.13/lib/python3.10/site-packages/airflow/example_dags/example_dynamic_task_mapping_with_no_taskflow_operators.py
[2024-05-16T12:21:51.080+0000] {logging_mixin.py:188} INFO - [2024-05-16T12:21:51.080+0000] {dag.py:3096} INFO - Sync 1 DAGs
[2024-05-16T12:21:51.096+0000] {logging_mixin.py:188} INFO - [2024-05-16T12:21:51.096+0000] {dag.py:3954} INFO - Setting next_dagrun for example_dynamic_task_mapping_with_no_taskflow_operators to 2024-05-15 00:00:00+00:00, run_after=2024-05-16 00:00:00+00:00
[2024-05-16T12:21:51.158+0000] {processor.py:183} INFO - Processing /usr/local/python/3.10.13/lib/python3.10/site-packages/airflow/example_dags/example_dynamic_task_mapping_with_no_taskflow_operators.py took 0.101 seconds
[2024-05-16T12:22:34.901+0000] {processor.py:161} INFO - Started process (PID=14258) to work on /usr/local/python/3.10.13/lib/python3.10/site-packages/airflow/example_dags/example_dynamic_task_mapping_with_no_taskflow_operators.py
[2024-05-16T12:22:34.902+0000] {processor.py:830} INFO - Processing file /usr/local/python/3.10.13/lib/python3.10/site-packages/airflow/example_dags/example_dynamic_task_mapping_with_no_taskflow_operators.py for tasks to queue
[2024-05-16T12:22:34.904+0000] {logging_mixin.py:188} INFO - [2024-05-16T12:22:34.903+0000] {dagbag.py:545} INFO - Filling up the DagBag from /usr/local/python/3.10.13/lib/python3.10/site-packages/airflow/example_dags/example_dynamic_task_mapping_with_no_taskflow_operators.py
[2024-05-16T12:22:34.909+0000] {processor.py:840} INFO - DAG(s) 'example_dynamic_task_mapping_with_no_taskflow_operators' retrieved from /usr/local/python/3.10.13/lib/python3.10/site-packages/airflow/example_dags/example_dynamic_task_mapping_with_no_taskflow_operators.py
[2024-05-16T12:22:34.921+0000] {logging_mixin.py:188} INFO - [2024-05-16T12:22:34.921+0000] {dag.py:3096} INFO - Sync 1 DAGs
[2024-05-16T12:22:34.936+0000] {logging_mixin.py:188} INFO - [2024-05-16T12:22:34.936+0000] {dag.py:3954} INFO - Setting next_dagrun for example_dynamic_task_mapping_with_no_taskflow_operators to 2024-05-15 00:00:00+00:00, run_after=2024-05-16 00:00:00+00:00
[2024-05-16T12:22:34.987+0000] {processor.py:183} INFO - Processing /usr/local/python/3.10.13/lib/python3.10/site-packages/airflow/example_dags/example_dynamic_task_mapping_with_no_taskflow_operators.py took 0.091 seconds
[2024-05-16T12:23:19.565+0000] {processor.py:161} INFO - Started process (PID=14602) to work on /usr/local/python/3.10.13/lib/python3.10/site-packages/airflow/example_dags/example_dynamic_task_mapping_with_no_taskflow_operators.py
[2024-05-16T12:23:19.566+0000] {processor.py:830} INFO - Processing file /usr/local/python/3.10.13/lib/python3.10/site-packages/airflow/example_dags/example_dynamic_task_mapping_with_no_taskflow_operators.py for tasks to queue
[2024-05-16T12:23:19.568+0000] {logging_mixin.py:188} INFO - [2024-05-16T12:23:19.568+0000] {dagbag.py:545} INFO - Filling up the DagBag from /usr/local/python/3.10.13/lib/python3.10/site-packages/airflow/example_dags/example_dynamic_task_mapping_with_no_taskflow_operators.py
[2024-05-16T12:23:19.575+0000] {processor.py:840} INFO - DAG(s) 'example_dynamic_task_mapping_with_no_taskflow_operators' retrieved from /usr/local/python/3.10.13/lib/python3.10/site-packages/airflow/example_dags/example_dynamic_task_mapping_with_no_taskflow_operators.py
[2024-05-16T12:23:19.589+0000] {logging_mixin.py:188} INFO - [2024-05-16T12:23:19.589+0000] {dag.py:3096} INFO - Sync 1 DAGs
[2024-05-16T12:23:19.609+0000] {logging_mixin.py:188} INFO - [2024-05-16T12:23:19.609+0000] {dag.py:3954} INFO - Setting next_dagrun for example_dynamic_task_mapping_with_no_taskflow_operators to 2024-05-15 00:00:00+00:00, run_after=2024-05-16 00:00:00+00:00
[2024-05-16T12:23:19.669+0000] {processor.py:183} INFO - Processing /usr/local/python/3.10.13/lib/python3.10/site-packages/airflow/example_dags/example_dynamic_task_mapping_with_no_taskflow_operators.py took 0.111 seconds
[2024-05-16T12:24:04.310+0000] {processor.py:161} INFO - Started process (PID=14929) to work on /usr/local/python/3.10.13/lib/python3.10/site-packages/airflow/example_dags/example_dynamic_task_mapping_with_no_taskflow_operators.py
[2024-05-16T12:24:04.311+0000] {processor.py:830} INFO - Processing file /usr/local/python/3.10.13/lib/python3.10/site-packages/airflow/example_dags/example_dynamic_task_mapping_with_no_taskflow_operators.py for tasks to queue
[2024-05-16T12:24:04.312+0000] {logging_mixin.py:188} INFO - [2024-05-16T12:24:04.312+0000] {dagbag.py:545} INFO - Filling up the DagBag from /usr/local/python/3.10.13/lib/python3.10/site-packages/airflow/example_dags/example_dynamic_task_mapping_with_no_taskflow_operators.py
[2024-05-16T12:24:04.321+0000] {processor.py:840} INFO - DAG(s) 'example_dynamic_task_mapping_with_no_taskflow_operators' retrieved from /usr/local/python/3.10.13/lib/python3.10/site-packages/airflow/example_dags/example_dynamic_task_mapping_with_no_taskflow_operators.py
[2024-05-16T12:24:04.338+0000] {logging_mixin.py:188} INFO - [2024-05-16T12:24:04.338+0000] {dag.py:3096} INFO - Sync 1 DAGs
[2024-05-16T12:24:04.358+0000] {logging_mixin.py:188} INFO - [2024-05-16T12:24:04.358+0000] {dag.py:3954} INFO - Setting next_dagrun for example_dynamic_task_mapping_with_no_taskflow_operators to 2024-05-15 00:00:00+00:00, run_after=2024-05-16 00:00:00+00:00
[2024-05-16T12:24:04.411+0000] {processor.py:183} INFO - Processing /usr/local/python/3.10.13/lib/python3.10/site-packages/airflow/example_dags/example_dynamic_task_mapping_with_no_taskflow_operators.py took 0.108 seconds
[2024-05-16T12:25:06.015+0000] {processor.py:161} INFO - Started process (PID=15394) to work on /usr/local/python/3.10.13/lib/python3.10/site-packages/airflow/example_dags/example_dynamic_task_mapping_with_no_taskflow_operators.py
[2024-05-16T12:25:06.016+0000] {processor.py:830} INFO - Processing file /usr/local/python/3.10.13/lib/python3.10/site-packages/airflow/example_dags/example_dynamic_task_mapping_with_no_taskflow_operators.py for tasks to queue
[2024-05-16T12:25:06.020+0000] {logging_mixin.py:188} INFO - [2024-05-16T12:25:06.019+0000] {dagbag.py:545} INFO - Filling up the DagBag from /usr/local/python/3.10.13/lib/python3.10/site-packages/airflow/example_dags/example_dynamic_task_mapping_with_no_taskflow_operators.py
[2024-05-16T12:25:06.030+0000] {processor.py:840} INFO - DAG(s) 'example_dynamic_task_mapping_with_no_taskflow_operators' retrieved from /usr/local/python/3.10.13/lib/python3.10/site-packages/airflow/example_dags/example_dynamic_task_mapping_with_no_taskflow_operators.py
[2024-05-16T12:25:06.041+0000] {logging_mixin.py:188} INFO - [2024-05-16T12:25:06.040+0000] {dag.py:3096} INFO - Sync 1 DAGs
[2024-05-16T12:25:06.056+0000] {logging_mixin.py:188} INFO - [2024-05-16T12:25:06.055+0000] {dag.py:3954} INFO - Setting next_dagrun for example_dynamic_task_mapping_with_no_taskflow_operators to 2024-05-15 00:00:00+00:00, run_after=2024-05-16 00:00:00+00:00
[2024-05-16T12:25:06.102+0000] {processor.py:183} INFO - Processing /usr/local/python/3.10.13/lib/python3.10/site-packages/airflow/example_dags/example_dynamic_task_mapping_with_no_taskflow_operators.py took 0.091 seconds
[2024-05-16T12:26:04.460+0000] {processor.py:161} INFO - Started process (PID=15850) to work on /usr/local/python/3.10.13/lib/python3.10/site-packages/airflow/example_dags/example_dynamic_task_mapping_with_no_taskflow_operators.py
[2024-05-16T12:26:04.461+0000] {processor.py:830} INFO - Processing file /usr/local/python/3.10.13/lib/python3.10/site-packages/airflow/example_dags/example_dynamic_task_mapping_with_no_taskflow_operators.py for tasks to queue
[2024-05-16T12:26:04.462+0000] {logging_mixin.py:188} INFO - [2024-05-16T12:26:04.462+0000] {dagbag.py:545} INFO - Filling up the DagBag from /usr/local/python/3.10.13/lib/python3.10/site-packages/airflow/example_dags/example_dynamic_task_mapping_with_no_taskflow_operators.py
[2024-05-16T12:26:04.467+0000] {processor.py:840} INFO - DAG(s) 'example_dynamic_task_mapping_with_no_taskflow_operators' retrieved from /usr/local/python/3.10.13/lib/python3.10/site-packages/airflow/example_dags/example_dynamic_task_mapping_with_no_taskflow_operators.py
[2024-05-16T12:26:04.478+0000] {logging_mixin.py:188} INFO - [2024-05-16T12:26:04.477+0000] {dag.py:3096} INFO - Sync 1 DAGs
[2024-05-16T12:26:04.492+0000] {logging_mixin.py:188} INFO - [2024-05-16T12:26:04.492+0000] {dag.py:3954} INFO - Setting next_dagrun for example_dynamic_task_mapping_with_no_taskflow_operators to 2024-05-15 00:00:00+00:00, run_after=2024-05-16 00:00:00+00:00
[2024-05-16T12:26:04.540+0000] {processor.py:183} INFO - Processing /usr/local/python/3.10.13/lib/python3.10/site-packages/airflow/example_dags/example_dynamic_task_mapping_with_no_taskflow_operators.py took 0.085 seconds
[2024-05-16T12:27:06.291+0000] {processor.py:161} INFO - Started process (PID=16302) to work on /usr/local/python/3.10.13/lib/python3.10/site-packages/airflow/example_dags/example_dynamic_task_mapping_with_no_taskflow_operators.py
[2024-05-16T12:27:06.292+0000] {processor.py:830} INFO - Processing file /usr/local/python/3.10.13/lib/python3.10/site-packages/airflow/example_dags/example_dynamic_task_mapping_with_no_taskflow_operators.py for tasks to queue
[2024-05-16T12:27:06.293+0000] {logging_mixin.py:188} INFO - [2024-05-16T12:27:06.293+0000] {dagbag.py:545} INFO - Filling up the DagBag from /usr/local/python/3.10.13/lib/python3.10/site-packages/airflow/example_dags/example_dynamic_task_mapping_with_no_taskflow_operators.py
[2024-05-16T12:27:06.298+0000] {processor.py:840} INFO - DAG(s) 'example_dynamic_task_mapping_with_no_taskflow_operators' retrieved from /usr/local/python/3.10.13/lib/python3.10/site-packages/airflow/example_dags/example_dynamic_task_mapping_with_no_taskflow_operators.py
[2024-05-16T12:27:06.310+0000] {logging_mixin.py:188} INFO - [2024-05-16T12:27:06.310+0000] {dag.py:3096} INFO - Sync 1 DAGs
[2024-05-16T12:27:06.327+0000] {logging_mixin.py:188} INFO - [2024-05-16T12:27:06.327+0000] {dag.py:3954} INFO - Setting next_dagrun for example_dynamic_task_mapping_with_no_taskflow_operators to 2024-05-15 00:00:00+00:00, run_after=2024-05-16 00:00:00+00:00
[2024-05-16T12:27:06.373+0000] {processor.py:183} INFO - Processing /usr/local/python/3.10.13/lib/python3.10/site-packages/airflow/example_dags/example_dynamic_task_mapping_with_no_taskflow_operators.py took 0.087 seconds
[2024-05-16T12:27:50.067+0000] {processor.py:161} INFO - Started process (PID=16622) to work on /usr/local/python/3.10.13/lib/python3.10/site-packages/airflow/example_dags/example_dynamic_task_mapping_with_no_taskflow_operators.py
[2024-05-16T12:27:50.068+0000] {processor.py:830} INFO - Processing file /usr/local/python/3.10.13/lib/python3.10/site-packages/airflow/example_dags/example_dynamic_task_mapping_with_no_taskflow_operators.py for tasks to queue
[2024-05-16T12:27:50.069+0000] {logging_mixin.py:188} INFO - [2024-05-16T12:27:50.069+0000] {dagbag.py:545} INFO - Filling up the DagBag from /usr/local/python/3.10.13/lib/python3.10/site-packages/airflow/example_dags/example_dynamic_task_mapping_with_no_taskflow_operators.py
[2024-05-16T12:27:50.074+0000] {processor.py:840} INFO - DAG(s) 'example_dynamic_task_mapping_with_no_taskflow_operators' retrieved from /usr/local/python/3.10.13/lib/python3.10/site-packages/airflow/example_dags/example_dynamic_task_mapping_with_no_taskflow_operators.py
[2024-05-16T12:27:50.085+0000] {logging_mixin.py:188} INFO - [2024-05-16T12:27:50.085+0000] {dag.py:3096} INFO - Sync 1 DAGs
[2024-05-16T12:27:50.099+0000] {logging_mixin.py:188} INFO - [2024-05-16T12:27:50.099+0000] {dag.py:3954} INFO - Setting next_dagrun for example_dynamic_task_mapping_with_no_taskflow_operators to 2024-05-15 00:00:00+00:00, run_after=2024-05-16 00:00:00+00:00
[2024-05-16T12:27:50.144+0000] {processor.py:183} INFO - Processing /usr/local/python/3.10.13/lib/python3.10/site-packages/airflow/example_dags/example_dynamic_task_mapping_with_no_taskflow_operators.py took 0.082 seconds
[2024-05-16T12:28:32.608+0000] {processor.py:161} INFO - Started process (PID=16928) to work on /usr/local/python/3.10.13/lib/python3.10/site-packages/airflow/example_dags/example_dynamic_task_mapping_with_no_taskflow_operators.py
[2024-05-16T12:28:32.609+0000] {processor.py:830} INFO - Processing file /usr/local/python/3.10.13/lib/python3.10/site-packages/airflow/example_dags/example_dynamic_task_mapping_with_no_taskflow_operators.py for tasks to queue
[2024-05-16T12:28:32.610+0000] {logging_mixin.py:188} INFO - [2024-05-16T12:28:32.610+0000] {dagbag.py:545} INFO - Filling up the DagBag from /usr/local/python/3.10.13/lib/python3.10/site-packages/airflow/example_dags/example_dynamic_task_mapping_with_no_taskflow_operators.py
[2024-05-16T12:28:32.616+0000] {processor.py:840} INFO - DAG(s) 'example_dynamic_task_mapping_with_no_taskflow_operators' retrieved from /usr/local/python/3.10.13/lib/python3.10/site-packages/airflow/example_dags/example_dynamic_task_mapping_with_no_taskflow_operators.py
[2024-05-16T12:28:32.626+0000] {logging_mixin.py:188} INFO - [2024-05-16T12:28:32.626+0000] {dag.py:3096} INFO - Sync 1 DAGs
[2024-05-16T12:28:32.640+0000] {logging_mixin.py:188} INFO - [2024-05-16T12:28:32.640+0000] {dag.py:3954} INFO - Setting next_dagrun for example_dynamic_task_mapping_with_no_taskflow_operators to 2024-05-15 00:00:00+00:00, run_after=2024-05-16 00:00:00+00:00
[2024-05-16T12:28:32.686+0000] {processor.py:183} INFO - Processing /usr/local/python/3.10.13/lib/python3.10/site-packages/airflow/example_dags/example_dynamic_task_mapping_with_no_taskflow_operators.py took 0.083 seconds
[2024-05-16T12:29:37.050+0000] {processor.py:161} INFO - Started process (PID=17398) to work on /usr/local/python/3.10.13/lib/python3.10/site-packages/airflow/example_dags/example_dynamic_task_mapping_with_no_taskflow_operators.py
[2024-05-16T12:29:37.052+0000] {processor.py:830} INFO - Processing file /usr/local/python/3.10.13/lib/python3.10/site-packages/airflow/example_dags/example_dynamic_task_mapping_with_no_taskflow_operators.py for tasks to queue
[2024-05-16T12:29:37.054+0000] {logging_mixin.py:188} INFO - [2024-05-16T12:29:37.053+0000] {dagbag.py:545} INFO - Filling up the DagBag from /usr/local/python/3.10.13/lib/python3.10/site-packages/airflow/example_dags/example_dynamic_task_mapping_with_no_taskflow_operators.py
[2024-05-16T12:29:37.062+0000] {processor.py:840} INFO - DAG(s) 'example_dynamic_task_mapping_with_no_taskflow_operators' retrieved from /usr/local/python/3.10.13/lib/python3.10/site-packages/airflow/example_dags/example_dynamic_task_mapping_with_no_taskflow_operators.py
[2024-05-16T12:29:37.076+0000] {logging_mixin.py:188} INFO - [2024-05-16T12:29:37.076+0000] {dag.py:3096} INFO - Sync 1 DAGs
[2024-05-16T12:29:37.099+0000] {logging_mixin.py:188} INFO - [2024-05-16T12:29:37.097+0000] {dag.py:3954} INFO - Setting next_dagrun for example_dynamic_task_mapping_with_no_taskflow_operators to 2024-05-15 00:00:00+00:00, run_after=2024-05-16 00:00:00+00:00
[2024-05-16T12:29:37.152+0000] {processor.py:183} INFO - Processing /usr/local/python/3.10.13/lib/python3.10/site-packages/airflow/example_dags/example_dynamic_task_mapping_with_no_taskflow_operators.py took 0.109 seconds
[2024-05-16T12:30:41.485+0000] {processor.py:161} INFO - Started process (PID=17859) to work on /usr/local/python/3.10.13/lib/python3.10/site-packages/airflow/example_dags/example_dynamic_task_mapping_with_no_taskflow_operators.py
[2024-05-16T12:30:41.486+0000] {processor.py:830} INFO - Processing file /usr/local/python/3.10.13/lib/python3.10/site-packages/airflow/example_dags/example_dynamic_task_mapping_with_no_taskflow_operators.py for tasks to queue
[2024-05-16T12:30:41.487+0000] {logging_mixin.py:188} INFO - [2024-05-16T12:30:41.487+0000] {dagbag.py:545} INFO - Filling up the DagBag from /usr/local/python/3.10.13/lib/python3.10/site-packages/airflow/example_dags/example_dynamic_task_mapping_with_no_taskflow_operators.py
[2024-05-16T12:30:41.492+0000] {processor.py:840} INFO - DAG(s) 'example_dynamic_task_mapping_with_no_taskflow_operators' retrieved from /usr/local/python/3.10.13/lib/python3.10/site-packages/airflow/example_dags/example_dynamic_task_mapping_with_no_taskflow_operators.py
[2024-05-16T12:30:41.502+0000] {logging_mixin.py:188} INFO - [2024-05-16T12:30:41.502+0000] {dag.py:3096} INFO - Sync 1 DAGs
[2024-05-16T12:30:41.523+0000] {logging_mixin.py:188} INFO - [2024-05-16T12:30:41.523+0000] {dag.py:3954} INFO - Setting next_dagrun for example_dynamic_task_mapping_with_no_taskflow_operators to 2024-05-15 00:00:00+00:00, run_after=2024-05-16 00:00:00+00:00
[2024-05-16T12:30:41.585+0000] {processor.py:183} INFO - Processing /usr/local/python/3.10.13/lib/python3.10/site-packages/airflow/example_dags/example_dynamic_task_mapping_with_no_taskflow_operators.py took 0.105 seconds
[2024-05-16T12:31:26.541+0000] {processor.py:161} INFO - Started process (PID=18171) to work on /usr/local/python/3.10.13/lib/python3.10/site-packages/airflow/example_dags/example_dynamic_task_mapping_with_no_taskflow_operators.py
[2024-05-16T12:31:26.542+0000] {processor.py:830} INFO - Processing file /usr/local/python/3.10.13/lib/python3.10/site-packages/airflow/example_dags/example_dynamic_task_mapping_with_no_taskflow_operators.py for tasks to queue
[2024-05-16T12:31:26.544+0000] {logging_mixin.py:188} INFO - [2024-05-16T12:31:26.543+0000] {dagbag.py:545} INFO - Filling up the DagBag from /usr/local/python/3.10.13/lib/python3.10/site-packages/airflow/example_dags/example_dynamic_task_mapping_with_no_taskflow_operators.py
[2024-05-16T12:31:26.548+0000] {processor.py:840} INFO - DAG(s) 'example_dynamic_task_mapping_with_no_taskflow_operators' retrieved from /usr/local/python/3.10.13/lib/python3.10/site-packages/airflow/example_dags/example_dynamic_task_mapping_with_no_taskflow_operators.py
[2024-05-16T12:31:26.559+0000] {logging_mixin.py:188} INFO - [2024-05-16T12:31:26.559+0000] {dag.py:3096} INFO - Sync 1 DAGs
[2024-05-16T12:31:26.578+0000] {logging_mixin.py:188} INFO - [2024-05-16T12:31:26.577+0000] {dag.py:3954} INFO - Setting next_dagrun for example_dynamic_task_mapping_with_no_taskflow_operators to 2024-05-15 00:00:00+00:00, run_after=2024-05-16 00:00:00+00:00
[2024-05-16T12:31:26.626+0000] {processor.py:183} INFO - Processing /usr/local/python/3.10.13/lib/python3.10/site-packages/airflow/example_dags/example_dynamic_task_mapping_with_no_taskflow_operators.py took 0.090 seconds
[2024-05-16T12:32:27.356+0000] {processor.py:161} INFO - Started process (PID=18613) to work on /usr/local/python/3.10.13/lib/python3.10/site-packages/airflow/example_dags/example_dynamic_task_mapping_with_no_taskflow_operators.py
[2024-05-16T12:32:27.357+0000] {processor.py:830} INFO - Processing file /usr/local/python/3.10.13/lib/python3.10/site-packages/airflow/example_dags/example_dynamic_task_mapping_with_no_taskflow_operators.py for tasks to queue
[2024-05-16T12:32:27.359+0000] {logging_mixin.py:188} INFO - [2024-05-16T12:32:27.358+0000] {dagbag.py:545} INFO - Filling up the DagBag from /usr/local/python/3.10.13/lib/python3.10/site-packages/airflow/example_dags/example_dynamic_task_mapping_with_no_taskflow_operators.py
[2024-05-16T12:32:27.364+0000] {processor.py:840} INFO - DAG(s) 'example_dynamic_task_mapping_with_no_taskflow_operators' retrieved from /usr/local/python/3.10.13/lib/python3.10/site-packages/airflow/example_dags/example_dynamic_task_mapping_with_no_taskflow_operators.py
[2024-05-16T12:32:27.374+0000] {logging_mixin.py:188} INFO - [2024-05-16T12:32:27.374+0000] {dag.py:3096} INFO - Sync 1 DAGs
[2024-05-16T12:32:27.389+0000] {logging_mixin.py:188} INFO - [2024-05-16T12:32:27.389+0000] {dag.py:3954} INFO - Setting next_dagrun for example_dynamic_task_mapping_with_no_taskflow_operators to 2024-05-15 00:00:00+00:00, run_after=2024-05-16 00:00:00+00:00
[2024-05-16T12:32:27.434+0000] {processor.py:183} INFO - Processing /usr/local/python/3.10.13/lib/python3.10/site-packages/airflow/example_dags/example_dynamic_task_mapping_with_no_taskflow_operators.py took 0.083 seconds
[2024-05-16T12:33:29.208+0000] {processor.py:161} INFO - Started process (PID=19072) to work on /usr/local/python/3.10.13/lib/python3.10/site-packages/airflow/example_dags/example_dynamic_task_mapping_with_no_taskflow_operators.py
[2024-05-16T12:33:29.209+0000] {processor.py:830} INFO - Processing file /usr/local/python/3.10.13/lib/python3.10/site-packages/airflow/example_dags/example_dynamic_task_mapping_with_no_taskflow_operators.py for tasks to queue
[2024-05-16T12:33:29.211+0000] {logging_mixin.py:188} INFO - [2024-05-16T12:33:29.210+0000] {dagbag.py:545} INFO - Filling up the DagBag from /usr/local/python/3.10.13/lib/python3.10/site-packages/airflow/example_dags/example_dynamic_task_mapping_with_no_taskflow_operators.py
[2024-05-16T12:33:29.219+0000] {processor.py:840} INFO - DAG(s) 'example_dynamic_task_mapping_with_no_taskflow_operators' retrieved from /usr/local/python/3.10.13/lib/python3.10/site-packages/airflow/example_dags/example_dynamic_task_mapping_with_no_taskflow_operators.py
[2024-05-16T12:33:29.238+0000] {logging_mixin.py:188} INFO - [2024-05-16T12:33:29.238+0000] {dag.py:3096} INFO - Sync 1 DAGs
[2024-05-16T12:33:29.264+0000] {logging_mixin.py:188} INFO - [2024-05-16T12:33:29.264+0000] {dag.py:3954} INFO - Setting next_dagrun for example_dynamic_task_mapping_with_no_taskflow_operators to 2024-05-15 00:00:00+00:00, run_after=2024-05-16 00:00:00+00:00
[2024-05-16T12:33:29.315+0000] {processor.py:183} INFO - Processing /usr/local/python/3.10.13/lib/python3.10/site-packages/airflow/example_dags/example_dynamic_task_mapping_with_no_taskflow_operators.py took 0.113 seconds
[2024-05-16T12:34:12.545+0000] {processor.py:161} INFO - Started process (PID=19398) to work on /usr/local/python/3.10.13/lib/python3.10/site-packages/airflow/example_dags/example_dynamic_task_mapping_with_no_taskflow_operators.py
[2024-05-16T12:34:12.545+0000] {processor.py:830} INFO - Processing file /usr/local/python/3.10.13/lib/python3.10/site-packages/airflow/example_dags/example_dynamic_task_mapping_with_no_taskflow_operators.py for tasks to queue
[2024-05-16T12:34:12.547+0000] {logging_mixin.py:188} INFO - [2024-05-16T12:34:12.546+0000] {dagbag.py:545} INFO - Filling up the DagBag from /usr/local/python/3.10.13/lib/python3.10/site-packages/airflow/example_dags/example_dynamic_task_mapping_with_no_taskflow_operators.py
[2024-05-16T12:34:12.552+0000] {processor.py:840} INFO - DAG(s) 'example_dynamic_task_mapping_with_no_taskflow_operators' retrieved from /usr/local/python/3.10.13/lib/python3.10/site-packages/airflow/example_dags/example_dynamic_task_mapping_with_no_taskflow_operators.py
[2024-05-16T12:34:12.562+0000] {logging_mixin.py:188} INFO - [2024-05-16T12:34:12.562+0000] {dag.py:3096} INFO - Sync 1 DAGs
[2024-05-16T12:34:12.577+0000] {logging_mixin.py:188} INFO - [2024-05-16T12:34:12.577+0000] {dag.py:3954} INFO - Setting next_dagrun for example_dynamic_task_mapping_with_no_taskflow_operators to 2024-05-15 00:00:00+00:00, run_after=2024-05-16 00:00:00+00:00
[2024-05-16T12:34:12.620+0000] {processor.py:183} INFO - Processing /usr/local/python/3.10.13/lib/python3.10/site-packages/airflow/example_dags/example_dynamic_task_mapping_with_no_taskflow_operators.py took 0.080 seconds
[2024-05-16T12:34:55.245+0000] {processor.py:161} INFO - Started process (PID=19705) to work on /usr/local/python/3.10.13/lib/python3.10/site-packages/airflow/example_dags/example_dynamic_task_mapping_with_no_taskflow_operators.py
[2024-05-16T12:34:55.245+0000] {processor.py:830} INFO - Processing file /usr/local/python/3.10.13/lib/python3.10/site-packages/airflow/example_dags/example_dynamic_task_mapping_with_no_taskflow_operators.py for tasks to queue
[2024-05-16T12:34:55.247+0000] {logging_mixin.py:188} INFO - [2024-05-16T12:34:55.247+0000] {dagbag.py:545} INFO - Filling up the DagBag from /usr/local/python/3.10.13/lib/python3.10/site-packages/airflow/example_dags/example_dynamic_task_mapping_with_no_taskflow_operators.py
[2024-05-16T12:34:55.252+0000] {processor.py:840} INFO - DAG(s) 'example_dynamic_task_mapping_with_no_taskflow_operators' retrieved from /usr/local/python/3.10.13/lib/python3.10/site-packages/airflow/example_dags/example_dynamic_task_mapping_with_no_taskflow_operators.py
[2024-05-16T12:34:55.262+0000] {logging_mixin.py:188} INFO - [2024-05-16T12:34:55.262+0000] {dag.py:3096} INFO - Sync 1 DAGs
[2024-05-16T12:34:55.276+0000] {logging_mixin.py:188} INFO - [2024-05-16T12:34:55.276+0000] {dag.py:3954} INFO - Setting next_dagrun for example_dynamic_task_mapping_with_no_taskflow_operators to 2024-05-15 00:00:00+00:00, run_after=2024-05-16 00:00:00+00:00
[2024-05-16T12:34:55.323+0000] {processor.py:183} INFO - Processing /usr/local/python/3.10.13/lib/python3.10/site-packages/airflow/example_dags/example_dynamic_task_mapping_with_no_taskflow_operators.py took 0.083 seconds
[2024-05-16T12:35:38.948+0000] {processor.py:161} INFO - Started process (PID=20028) to work on /usr/local/python/3.10.13/lib/python3.10/site-packages/airflow/example_dags/example_dynamic_task_mapping_with_no_taskflow_operators.py
[2024-05-16T12:35:38.949+0000] {processor.py:830} INFO - Processing file /usr/local/python/3.10.13/lib/python3.10/site-packages/airflow/example_dags/example_dynamic_task_mapping_with_no_taskflow_operators.py for tasks to queue
[2024-05-16T12:35:38.950+0000] {logging_mixin.py:188} INFO - [2024-05-16T12:35:38.950+0000] {dagbag.py:545} INFO - Filling up the DagBag from /usr/local/python/3.10.13/lib/python3.10/site-packages/airflow/example_dags/example_dynamic_task_mapping_with_no_taskflow_operators.py
[2024-05-16T12:35:38.955+0000] {processor.py:840} INFO - DAG(s) 'example_dynamic_task_mapping_with_no_taskflow_operators' retrieved from /usr/local/python/3.10.13/lib/python3.10/site-packages/airflow/example_dags/example_dynamic_task_mapping_with_no_taskflow_operators.py
[2024-05-16T12:35:38.965+0000] {logging_mixin.py:188} INFO - [2024-05-16T12:35:38.965+0000] {dag.py:3096} INFO - Sync 1 DAGs
[2024-05-16T12:35:38.980+0000] {logging_mixin.py:188} INFO - [2024-05-16T12:35:38.980+0000] {dag.py:3954} INFO - Setting next_dagrun for example_dynamic_task_mapping_with_no_taskflow_operators to 2024-05-15 00:00:00+00:00, run_after=2024-05-16 00:00:00+00:00
[2024-05-16T12:35:39.024+0000] {processor.py:183} INFO - Processing /usr/local/python/3.10.13/lib/python3.10/site-packages/airflow/example_dags/example_dynamic_task_mapping_with_no_taskflow_operators.py took 0.080 seconds
[2024-05-16T12:36:38.587+0000] {processor.py:161} INFO - Started process (PID=20462) to work on /usr/local/python/3.10.13/lib/python3.10/site-packages/airflow/example_dags/example_dynamic_task_mapping_with_no_taskflow_operators.py
[2024-05-16T12:36:38.588+0000] {processor.py:830} INFO - Processing file /usr/local/python/3.10.13/lib/python3.10/site-packages/airflow/example_dags/example_dynamic_task_mapping_with_no_taskflow_operators.py for tasks to queue
[2024-05-16T12:36:38.589+0000] {logging_mixin.py:188} INFO - [2024-05-16T12:36:38.589+0000] {dagbag.py:545} INFO - Filling up the DagBag from /usr/local/python/3.10.13/lib/python3.10/site-packages/airflow/example_dags/example_dynamic_task_mapping_with_no_taskflow_operators.py
[2024-05-16T12:36:38.594+0000] {processor.py:840} INFO - DAG(s) 'example_dynamic_task_mapping_with_no_taskflow_operators' retrieved from /usr/local/python/3.10.13/lib/python3.10/site-packages/airflow/example_dags/example_dynamic_task_mapping_with_no_taskflow_operators.py
[2024-05-16T12:36:38.605+0000] {logging_mixin.py:188} INFO - [2024-05-16T12:36:38.605+0000] {dag.py:3096} INFO - Sync 1 DAGs
[2024-05-16T12:36:38.621+0000] {logging_mixin.py:188} INFO - [2024-05-16T12:36:38.621+0000] {dag.py:3954} INFO - Setting next_dagrun for example_dynamic_task_mapping_with_no_taskflow_operators to 2024-05-15 00:00:00+00:00, run_after=2024-05-16 00:00:00+00:00
[2024-05-16T12:36:38.669+0000] {processor.py:183} INFO - Processing /usr/local/python/3.10.13/lib/python3.10/site-packages/airflow/example_dags/example_dynamic_task_mapping_with_no_taskflow_operators.py took 0.086 seconds
[2024-05-16T12:37:20.167+0000] {processor.py:161} INFO - Started process (PID=20756) to work on /usr/local/python/3.10.13/lib/python3.10/site-packages/airflow/example_dags/example_dynamic_task_mapping_with_no_taskflow_operators.py
[2024-05-16T12:37:20.168+0000] {processor.py:830} INFO - Processing file /usr/local/python/3.10.13/lib/python3.10/site-packages/airflow/example_dags/example_dynamic_task_mapping_with_no_taskflow_operators.py for tasks to queue
[2024-05-16T12:37:20.169+0000] {logging_mixin.py:188} INFO - [2024-05-16T12:37:20.169+0000] {dagbag.py:545} INFO - Filling up the DagBag from /usr/local/python/3.10.13/lib/python3.10/site-packages/airflow/example_dags/example_dynamic_task_mapping_with_no_taskflow_operators.py
[2024-05-16T12:37:20.174+0000] {processor.py:840} INFO - DAG(s) 'example_dynamic_task_mapping_with_no_taskflow_operators' retrieved from /usr/local/python/3.10.13/lib/python3.10/site-packages/airflow/example_dags/example_dynamic_task_mapping_with_no_taskflow_operators.py
[2024-05-16T12:37:20.186+0000] {logging_mixin.py:188} INFO - [2024-05-16T12:37:20.186+0000] {dag.py:3096} INFO - Sync 1 DAGs
[2024-05-16T12:37:20.202+0000] {logging_mixin.py:188} INFO - [2024-05-16T12:37:20.202+0000] {dag.py:3954} INFO - Setting next_dagrun for example_dynamic_task_mapping_with_no_taskflow_operators to 2024-05-15 00:00:00+00:00, run_after=2024-05-16 00:00:00+00:00
[2024-05-16T12:37:20.249+0000] {processor.py:183} INFO - Processing /usr/local/python/3.10.13/lib/python3.10/site-packages/airflow/example_dags/example_dynamic_task_mapping_with_no_taskflow_operators.py took 0.087 seconds
[2024-05-16T12:38:01.636+0000] {processor.py:161} INFO - Started process (PID=21054) to work on /usr/local/python/3.10.13/lib/python3.10/site-packages/airflow/example_dags/example_dynamic_task_mapping_with_no_taskflow_operators.py
[2024-05-16T12:38:01.637+0000] {processor.py:830} INFO - Processing file /usr/local/python/3.10.13/lib/python3.10/site-packages/airflow/example_dags/example_dynamic_task_mapping_with_no_taskflow_operators.py for tasks to queue
[2024-05-16T12:38:01.639+0000] {logging_mixin.py:188} INFO - [2024-05-16T12:38:01.638+0000] {dagbag.py:545} INFO - Filling up the DagBag from /usr/local/python/3.10.13/lib/python3.10/site-packages/airflow/example_dags/example_dynamic_task_mapping_with_no_taskflow_operators.py
[2024-05-16T12:38:01.644+0000] {processor.py:840} INFO - DAG(s) 'example_dynamic_task_mapping_with_no_taskflow_operators' retrieved from /usr/local/python/3.10.13/lib/python3.10/site-packages/airflow/example_dags/example_dynamic_task_mapping_with_no_taskflow_operators.py
[2024-05-16T12:38:01.654+0000] {logging_mixin.py:188} INFO - [2024-05-16T12:38:01.654+0000] {dag.py:3096} INFO - Sync 1 DAGs
[2024-05-16T12:38:01.669+0000] {logging_mixin.py:188} INFO - [2024-05-16T12:38:01.669+0000] {dag.py:3954} INFO - Setting next_dagrun for example_dynamic_task_mapping_with_no_taskflow_operators to 2024-05-15 00:00:00+00:00, run_after=2024-05-16 00:00:00+00:00
[2024-05-16T12:38:01.718+0000] {processor.py:183} INFO - Processing /usr/local/python/3.10.13/lib/python3.10/site-packages/airflow/example_dags/example_dynamic_task_mapping_with_no_taskflow_operators.py took 0.087 seconds
[2024-05-16T12:39:00.727+0000] {processor.py:161} INFO - Started process (PID=21470) to work on /usr/local/python/3.10.13/lib/python3.10/site-packages/airflow/example_dags/example_dynamic_task_mapping_with_no_taskflow_operators.py
[2024-05-16T12:39:00.727+0000] {processor.py:830} INFO - Processing file /usr/local/python/3.10.13/lib/python3.10/site-packages/airflow/example_dags/example_dynamic_task_mapping_with_no_taskflow_operators.py for tasks to queue
[2024-05-16T12:39:00.729+0000] {logging_mixin.py:188} INFO - [2024-05-16T12:39:00.728+0000] {dagbag.py:545} INFO - Filling up the DagBag from /usr/local/python/3.10.13/lib/python3.10/site-packages/airflow/example_dags/example_dynamic_task_mapping_with_no_taskflow_operators.py
[2024-05-16T12:39:00.734+0000] {processor.py:840} INFO - DAG(s) 'example_dynamic_task_mapping_with_no_taskflow_operators' retrieved from /usr/local/python/3.10.13/lib/python3.10/site-packages/airflow/example_dags/example_dynamic_task_mapping_with_no_taskflow_operators.py
[2024-05-16T12:39:00.745+0000] {logging_mixin.py:188} INFO - [2024-05-16T12:39:00.744+0000] {dag.py:3096} INFO - Sync 1 DAGs
[2024-05-16T12:39:00.765+0000] {logging_mixin.py:188} INFO - [2024-05-16T12:39:00.765+0000] {dag.py:3954} INFO - Setting next_dagrun for example_dynamic_task_mapping_with_no_taskflow_operators to 2024-05-15 00:00:00+00:00, run_after=2024-05-16 00:00:00+00:00
[2024-05-16T12:39:00.812+0000] {processor.py:183} INFO - Processing /usr/local/python/3.10.13/lib/python3.10/site-packages/airflow/example_dags/example_dynamic_task_mapping_with_no_taskflow_operators.py took 0.091 seconds
[2024-05-16T12:39:44.848+0000] {processor.py:161} INFO - Started process (PID=21787) to work on /usr/local/python/3.10.13/lib/python3.10/site-packages/airflow/example_dags/example_dynamic_task_mapping_with_no_taskflow_operators.py
[2024-05-16T12:39:44.849+0000] {processor.py:830} INFO - Processing file /usr/local/python/3.10.13/lib/python3.10/site-packages/airflow/example_dags/example_dynamic_task_mapping_with_no_taskflow_operators.py for tasks to queue
[2024-05-16T12:39:44.851+0000] {logging_mixin.py:188} INFO - [2024-05-16T12:39:44.850+0000] {dagbag.py:545} INFO - Filling up the DagBag from /usr/local/python/3.10.13/lib/python3.10/site-packages/airflow/example_dags/example_dynamic_task_mapping_with_no_taskflow_operators.py
[2024-05-16T12:39:44.856+0000] {processor.py:840} INFO - DAG(s) 'example_dynamic_task_mapping_with_no_taskflow_operators' retrieved from /usr/local/python/3.10.13/lib/python3.10/site-packages/airflow/example_dags/example_dynamic_task_mapping_with_no_taskflow_operators.py
[2024-05-16T12:39:44.867+0000] {logging_mixin.py:188} INFO - [2024-05-16T12:39:44.867+0000] {dag.py:3096} INFO - Sync 1 DAGs
[2024-05-16T12:39:44.882+0000] {logging_mixin.py:188} INFO - [2024-05-16T12:39:44.882+0000] {dag.py:3954} INFO - Setting next_dagrun for example_dynamic_task_mapping_with_no_taskflow_operators to 2024-05-15 00:00:00+00:00, run_after=2024-05-16 00:00:00+00:00
[2024-05-16T12:39:44.926+0000] {processor.py:183} INFO - Processing /usr/local/python/3.10.13/lib/python3.10/site-packages/airflow/example_dags/example_dynamic_task_mapping_with_no_taskflow_operators.py took 0.083 seconds
[2024-05-16T12:40:28.756+0000] {processor.py:161} INFO - Started process (PID=22115) to work on /usr/local/python/3.10.13/lib/python3.10/site-packages/airflow/example_dags/example_dynamic_task_mapping_with_no_taskflow_operators.py
[2024-05-16T12:40:28.757+0000] {processor.py:830} INFO - Processing file /usr/local/python/3.10.13/lib/python3.10/site-packages/airflow/example_dags/example_dynamic_task_mapping_with_no_taskflow_operators.py for tasks to queue
[2024-05-16T12:40:28.758+0000] {logging_mixin.py:188} INFO - [2024-05-16T12:40:28.758+0000] {dagbag.py:545} INFO - Filling up the DagBag from /usr/local/python/3.10.13/lib/python3.10/site-packages/airflow/example_dags/example_dynamic_task_mapping_with_no_taskflow_operators.py
[2024-05-16T12:40:28.763+0000] {processor.py:840} INFO - DAG(s) 'example_dynamic_task_mapping_with_no_taskflow_operators' retrieved from /usr/local/python/3.10.13/lib/python3.10/site-packages/airflow/example_dags/example_dynamic_task_mapping_with_no_taskflow_operators.py
[2024-05-16T12:40:28.774+0000] {logging_mixin.py:188} INFO - [2024-05-16T12:40:28.774+0000] {dag.py:3096} INFO - Sync 1 DAGs
[2024-05-16T12:40:28.789+0000] {logging_mixin.py:188} INFO - [2024-05-16T12:40:28.789+0000] {dag.py:3954} INFO - Setting next_dagrun for example_dynamic_task_mapping_with_no_taskflow_operators to 2024-05-15 00:00:00+00:00, run_after=2024-05-16 00:00:00+00:00
[2024-05-16T12:40:28.832+0000] {processor.py:183} INFO - Processing /usr/local/python/3.10.13/lib/python3.10/site-packages/airflow/example_dags/example_dynamic_task_mapping_with_no_taskflow_operators.py took 0.081 seconds
[2024-05-16T12:41:29.884+0000] {processor.py:161} INFO - Started process (PID=22545) to work on /usr/local/python/3.10.13/lib/python3.10/site-packages/airflow/example_dags/example_dynamic_task_mapping_with_no_taskflow_operators.py
[2024-05-16T12:41:29.886+0000] {processor.py:830} INFO - Processing file /usr/local/python/3.10.13/lib/python3.10/site-packages/airflow/example_dags/example_dynamic_task_mapping_with_no_taskflow_operators.py for tasks to queue
[2024-05-16T12:41:29.888+0000] {logging_mixin.py:188} INFO - [2024-05-16T12:41:29.888+0000] {dagbag.py:545} INFO - Filling up the DagBag from /usr/local/python/3.10.13/lib/python3.10/site-packages/airflow/example_dags/example_dynamic_task_mapping_with_no_taskflow_operators.py
[2024-05-16T12:41:29.895+0000] {processor.py:840} INFO - DAG(s) 'example_dynamic_task_mapping_with_no_taskflow_operators' retrieved from /usr/local/python/3.10.13/lib/python3.10/site-packages/airflow/example_dags/example_dynamic_task_mapping_with_no_taskflow_operators.py
[2024-05-16T12:41:29.909+0000] {logging_mixin.py:188} INFO - [2024-05-16T12:41:29.909+0000] {dag.py:3096} INFO - Sync 1 DAGs
[2024-05-16T12:41:29.930+0000] {logging_mixin.py:188} INFO - [2024-05-16T12:41:29.930+0000] {dag.py:3954} INFO - Setting next_dagrun for example_dynamic_task_mapping_with_no_taskflow_operators to 2024-05-15 00:00:00+00:00, run_after=2024-05-16 00:00:00+00:00
[2024-05-16T12:41:29.977+0000] {processor.py:183} INFO - Processing /usr/local/python/3.10.13/lib/python3.10/site-packages/airflow/example_dags/example_dynamic_task_mapping_with_no_taskflow_operators.py took 0.100 seconds
[2024-05-16T12:42:12.232+0000] {processor.py:161} INFO - Started process (PID=22859) to work on /usr/local/python/3.10.13/lib/python3.10/site-packages/airflow/example_dags/example_dynamic_task_mapping_with_no_taskflow_operators.py
[2024-05-16T12:42:12.232+0000] {processor.py:830} INFO - Processing file /usr/local/python/3.10.13/lib/python3.10/site-packages/airflow/example_dags/example_dynamic_task_mapping_with_no_taskflow_operators.py for tasks to queue
[2024-05-16T12:42:12.234+0000] {logging_mixin.py:188} INFO - [2024-05-16T12:42:12.233+0000] {dagbag.py:545} INFO - Filling up the DagBag from /usr/local/python/3.10.13/lib/python3.10/site-packages/airflow/example_dags/example_dynamic_task_mapping_with_no_taskflow_operators.py
[2024-05-16T12:42:12.238+0000] {processor.py:840} INFO - DAG(s) 'example_dynamic_task_mapping_with_no_taskflow_operators' retrieved from /usr/local/python/3.10.13/lib/python3.10/site-packages/airflow/example_dags/example_dynamic_task_mapping_with_no_taskflow_operators.py
[2024-05-16T12:42:12.249+0000] {logging_mixin.py:188} INFO - [2024-05-16T12:42:12.249+0000] {dag.py:3096} INFO - Sync 1 DAGs
[2024-05-16T12:42:12.263+0000] {logging_mixin.py:188} INFO - [2024-05-16T12:42:12.263+0000] {dag.py:3954} INFO - Setting next_dagrun for example_dynamic_task_mapping_with_no_taskflow_operators to 2024-05-15 00:00:00+00:00, run_after=2024-05-16 00:00:00+00:00
[2024-05-16T12:42:12.307+0000] {processor.py:183} INFO - Processing /usr/local/python/3.10.13/lib/python3.10/site-packages/airflow/example_dags/example_dynamic_task_mapping_with_no_taskflow_operators.py took 0.081 seconds
[2024-05-16T12:42:55.916+0000] {processor.py:161} INFO - Started process (PID=23175) to work on /usr/local/python/3.10.13/lib/python3.10/site-packages/airflow/example_dags/example_dynamic_task_mapping_with_no_taskflow_operators.py
[2024-05-16T12:42:55.917+0000] {processor.py:830} INFO - Processing file /usr/local/python/3.10.13/lib/python3.10/site-packages/airflow/example_dags/example_dynamic_task_mapping_with_no_taskflow_operators.py for tasks to queue
[2024-05-16T12:42:55.918+0000] {logging_mixin.py:188} INFO - [2024-05-16T12:42:55.918+0000] {dagbag.py:545} INFO - Filling up the DagBag from /usr/local/python/3.10.13/lib/python3.10/site-packages/airflow/example_dags/example_dynamic_task_mapping_with_no_taskflow_operators.py
[2024-05-16T12:42:55.924+0000] {processor.py:840} INFO - DAG(s) 'example_dynamic_task_mapping_with_no_taskflow_operators' retrieved from /usr/local/python/3.10.13/lib/python3.10/site-packages/airflow/example_dags/example_dynamic_task_mapping_with_no_taskflow_operators.py
[2024-05-16T12:42:55.935+0000] {logging_mixin.py:188} INFO - [2024-05-16T12:42:55.935+0000] {dag.py:3096} INFO - Sync 1 DAGs
[2024-05-16T12:42:55.952+0000] {logging_mixin.py:188} INFO - [2024-05-16T12:42:55.951+0000] {dag.py:3954} INFO - Setting next_dagrun for example_dynamic_task_mapping_with_no_taskflow_operators to 2024-05-15 00:00:00+00:00, run_after=2024-05-16 00:00:00+00:00
[2024-05-16T12:42:55.996+0000] {processor.py:183} INFO - Processing /usr/local/python/3.10.13/lib/python3.10/site-packages/airflow/example_dags/example_dynamic_task_mapping_with_no_taskflow_operators.py took 0.085 seconds
[2024-05-16T12:43:57.741+0000] {processor.py:161} INFO - Started process (PID=23624) to work on /usr/local/python/3.10.13/lib/python3.10/site-packages/airflow/example_dags/example_dynamic_task_mapping_with_no_taskflow_operators.py
[2024-05-16T12:43:57.742+0000] {processor.py:830} INFO - Processing file /usr/local/python/3.10.13/lib/python3.10/site-packages/airflow/example_dags/example_dynamic_task_mapping_with_no_taskflow_operators.py for tasks to queue
[2024-05-16T12:43:57.743+0000] {logging_mixin.py:188} INFO - [2024-05-16T12:43:57.743+0000] {dagbag.py:545} INFO - Filling up the DagBag from /usr/local/python/3.10.13/lib/python3.10/site-packages/airflow/example_dags/example_dynamic_task_mapping_with_no_taskflow_operators.py
[2024-05-16T12:43:57.748+0000] {processor.py:840} INFO - DAG(s) 'example_dynamic_task_mapping_with_no_taskflow_operators' retrieved from /usr/local/python/3.10.13/lib/python3.10/site-packages/airflow/example_dags/example_dynamic_task_mapping_with_no_taskflow_operators.py
[2024-05-16T12:43:57.760+0000] {logging_mixin.py:188} INFO - [2024-05-16T12:43:57.759+0000] {dag.py:3096} INFO - Sync 1 DAGs
[2024-05-16T12:43:57.775+0000] {logging_mixin.py:188} INFO - [2024-05-16T12:43:57.774+0000] {dag.py:3954} INFO - Setting next_dagrun for example_dynamic_task_mapping_with_no_taskflow_operators to 2024-05-15 00:00:00+00:00, run_after=2024-05-16 00:00:00+00:00
[2024-05-16T12:43:57.823+0000] {processor.py:183} INFO - Processing /usr/local/python/3.10.13/lib/python3.10/site-packages/airflow/example_dags/example_dynamic_task_mapping_with_no_taskflow_operators.py took 0.086 seconds
[2024-05-16T12:44:42.053+0000] {processor.py:161} INFO - Started process (PID=23938) to work on /usr/local/python/3.10.13/lib/python3.10/site-packages/airflow/example_dags/example_dynamic_task_mapping_with_no_taskflow_operators.py
[2024-05-16T12:44:42.054+0000] {processor.py:830} INFO - Processing file /usr/local/python/3.10.13/lib/python3.10/site-packages/airflow/example_dags/example_dynamic_task_mapping_with_no_taskflow_operators.py for tasks to queue
[2024-05-16T12:44:42.055+0000] {logging_mixin.py:188} INFO - [2024-05-16T12:44:42.055+0000] {dagbag.py:545} INFO - Filling up the DagBag from /usr/local/python/3.10.13/lib/python3.10/site-packages/airflow/example_dags/example_dynamic_task_mapping_with_no_taskflow_operators.py
[2024-05-16T12:44:42.060+0000] {processor.py:840} INFO - DAG(s) 'example_dynamic_task_mapping_with_no_taskflow_operators' retrieved from /usr/local/python/3.10.13/lib/python3.10/site-packages/airflow/example_dags/example_dynamic_task_mapping_with_no_taskflow_operators.py
[2024-05-16T12:44:42.071+0000] {logging_mixin.py:188} INFO - [2024-05-16T12:44:42.071+0000] {dag.py:3096} INFO - Sync 1 DAGs
[2024-05-16T12:44:42.089+0000] {logging_mixin.py:188} INFO - [2024-05-16T12:44:42.088+0000] {dag.py:3954} INFO - Setting next_dagrun for example_dynamic_task_mapping_with_no_taskflow_operators to 2024-05-15 00:00:00+00:00, run_after=2024-05-16 00:00:00+00:00
[2024-05-16T12:44:42.133+0000] {processor.py:183} INFO - Processing /usr/local/python/3.10.13/lib/python3.10/site-packages/airflow/example_dags/example_dynamic_task_mapping_with_no_taskflow_operators.py took 0.086 seconds
