[2024-05-16T12:06:47.104+0000] {processor.py:161} INFO - Started process (PID=7547) to work on /usr/local/python/3.10.13/lib/python3.10/site-packages/airflow/example_dags/example_python_decorator.py
[2024-05-16T12:06:47.105+0000] {processor.py:830} INFO - Processing file /usr/local/python/3.10.13/lib/python3.10/site-packages/airflow/example_dags/example_python_decorator.py for tasks to queue
[2024-05-16T12:06:47.107+0000] {logging_mixin.py:188} INFO - [2024-05-16T12:06:47.107+0000] {dagbag.py:545} INFO - Filling up the DagBag from /usr/local/python/3.10.13/lib/python3.10/site-packages/airflow/example_dags/example_python_decorator.py
[2024-05-16T12:06:47.119+0000] {processor.py:840} INFO - DAG(s) 'example_python_decorator' retrieved from /usr/local/python/3.10.13/lib/python3.10/site-packages/airflow/example_dags/example_python_decorator.py
[2024-05-16T12:06:47.287+0000] {logging_mixin.py:188} INFO - [2024-05-16T12:06:47.287+0000] {dag.py:3096} INFO - Sync 1 DAGs
[2024-05-16T12:06:47.294+0000] {logging_mixin.py:188} INFO - [2024-05-16T12:06:47.294+0000] {dag.py:3954} INFO - Setting next_dagrun for example_python_decorator to None, run_after=None
[2024-05-16T12:06:47.340+0000] {processor.py:183} INFO - Processing /usr/local/python/3.10.13/lib/python3.10/site-packages/airflow/example_dags/example_python_decorator.py took 0.242 seconds
[2024-05-16T12:07:40.494+0000] {processor.py:161} INFO - Started process (PID=7901) to work on /usr/local/python/3.10.13/lib/python3.10/site-packages/airflow/example_dags/example_python_decorator.py
[2024-05-16T12:07:40.495+0000] {processor.py:830} INFO - Processing file /usr/local/python/3.10.13/lib/python3.10/site-packages/airflow/example_dags/example_python_decorator.py for tasks to queue
[2024-05-16T12:07:40.496+0000] {logging_mixin.py:188} INFO - [2024-05-16T12:07:40.496+0000] {dagbag.py:545} INFO - Filling up the DagBag from /usr/local/python/3.10.13/lib/python3.10/site-packages/airflow/example_dags/example_python_decorator.py
[2024-05-16T12:07:40.507+0000] {processor.py:840} INFO - DAG(s) 'example_python_decorator' retrieved from /usr/local/python/3.10.13/lib/python3.10/site-packages/airflow/example_dags/example_python_decorator.py
[2024-05-16T12:07:40.521+0000] {logging_mixin.py:188} INFO - [2024-05-16T12:07:40.520+0000] {dag.py:3096} INFO - Sync 1 DAGs
[2024-05-16T12:07:40.529+0000] {logging_mixin.py:188} INFO - [2024-05-16T12:07:40.529+0000] {dag.py:3954} INFO - Setting next_dagrun for example_python_decorator to None, run_after=None
[2024-05-16T12:07:40.577+0000] {processor.py:183} INFO - Processing /usr/local/python/3.10.13/lib/python3.10/site-packages/airflow/example_dags/example_python_decorator.py took 0.087 seconds
[2024-05-16T12:08:31.556+0000] {processor.py:161} INFO - Started process (PID=8257) to work on /usr/local/python/3.10.13/lib/python3.10/site-packages/airflow/example_dags/example_python_decorator.py
[2024-05-16T12:08:31.557+0000] {processor.py:830} INFO - Processing file /usr/local/python/3.10.13/lib/python3.10/site-packages/airflow/example_dags/example_python_decorator.py for tasks to queue
[2024-05-16T12:08:31.558+0000] {logging_mixin.py:188} INFO - [2024-05-16T12:08:31.558+0000] {dagbag.py:545} INFO - Filling up the DagBag from /usr/local/python/3.10.13/lib/python3.10/site-packages/airflow/example_dags/example_python_decorator.py
[2024-05-16T12:08:31.568+0000] {processor.py:840} INFO - DAG(s) 'example_python_decorator' retrieved from /usr/local/python/3.10.13/lib/python3.10/site-packages/airflow/example_dags/example_python_decorator.py
[2024-05-16T12:08:31.582+0000] {logging_mixin.py:188} INFO - [2024-05-16T12:08:31.582+0000] {dag.py:3096} INFO - Sync 1 DAGs
[2024-05-16T12:08:31.591+0000] {logging_mixin.py:188} INFO - [2024-05-16T12:08:31.591+0000] {dag.py:3954} INFO - Setting next_dagrun for example_python_decorator to None, run_after=None
[2024-05-16T12:08:31.644+0000] {processor.py:183} INFO - Processing /usr/local/python/3.10.13/lib/python3.10/site-packages/airflow/example_dags/example_python_decorator.py took 0.092 seconds
[2024-05-16T12:09:38.311+0000] {processor.py:161} INFO - Started process (PID=8760) to work on /usr/local/python/3.10.13/lib/python3.10/site-packages/airflow/example_dags/example_python_decorator.py
[2024-05-16T12:09:38.312+0000] {processor.py:830} INFO - Processing file /usr/local/python/3.10.13/lib/python3.10/site-packages/airflow/example_dags/example_python_decorator.py for tasks to queue
[2024-05-16T12:09:38.314+0000] {logging_mixin.py:188} INFO - [2024-05-16T12:09:38.313+0000] {dagbag.py:545} INFO - Filling up the DagBag from /usr/local/python/3.10.13/lib/python3.10/site-packages/airflow/example_dags/example_python_decorator.py
[2024-05-16T12:09:38.325+0000] {processor.py:840} INFO - DAG(s) 'example_python_decorator' retrieved from /usr/local/python/3.10.13/lib/python3.10/site-packages/airflow/example_dags/example_python_decorator.py
[2024-05-16T12:09:38.339+0000] {logging_mixin.py:188} INFO - [2024-05-16T12:09:38.339+0000] {dag.py:3096} INFO - Sync 1 DAGs
[2024-05-16T12:09:38.348+0000] {logging_mixin.py:188} INFO - [2024-05-16T12:09:38.347+0000] {dag.py:3954} INFO - Setting next_dagrun for example_python_decorator to None, run_after=None
[2024-05-16T12:09:38.396+0000] {processor.py:183} INFO - Processing /usr/local/python/3.10.13/lib/python3.10/site-packages/airflow/example_dags/example_python_decorator.py took 0.089 seconds
[2024-05-16T12:10:43.495+0000] {processor.py:161} INFO - Started process (PID=9204) to work on /usr/local/python/3.10.13/lib/python3.10/site-packages/airflow/example_dags/example_python_decorator.py
[2024-05-16T12:10:43.496+0000] {processor.py:830} INFO - Processing file /usr/local/python/3.10.13/lib/python3.10/site-packages/airflow/example_dags/example_python_decorator.py for tasks to queue
[2024-05-16T12:10:43.497+0000] {logging_mixin.py:188} INFO - [2024-05-16T12:10:43.497+0000] {dagbag.py:545} INFO - Filling up the DagBag from /usr/local/python/3.10.13/lib/python3.10/site-packages/airflow/example_dags/example_python_decorator.py
[2024-05-16T12:10:43.508+0000] {processor.py:840} INFO - DAG(s) 'example_python_decorator' retrieved from /usr/local/python/3.10.13/lib/python3.10/site-packages/airflow/example_dags/example_python_decorator.py
[2024-05-16T12:10:43.522+0000] {logging_mixin.py:188} INFO - [2024-05-16T12:10:43.522+0000] {dag.py:3096} INFO - Sync 1 DAGs
[2024-05-16T12:10:43.530+0000] {logging_mixin.py:188} INFO - [2024-05-16T12:10:43.530+0000] {dag.py:3954} INFO - Setting next_dagrun for example_python_decorator to None, run_after=None
[2024-05-16T12:10:43.575+0000] {processor.py:183} INFO - Processing /usr/local/python/3.10.13/lib/python3.10/site-packages/airflow/example_dags/example_python_decorator.py took 0.084 seconds
[2024-05-16T12:11:41.908+0000] {processor.py:161} INFO - Started process (PID=9616) to work on /usr/local/python/3.10.13/lib/python3.10/site-packages/airflow/example_dags/example_python_decorator.py
[2024-05-16T12:11:41.909+0000] {processor.py:830} INFO - Processing file /usr/local/python/3.10.13/lib/python3.10/site-packages/airflow/example_dags/example_python_decorator.py for tasks to queue
[2024-05-16T12:11:41.910+0000] {logging_mixin.py:188} INFO - [2024-05-16T12:11:41.910+0000] {dagbag.py:545} INFO - Filling up the DagBag from /usr/local/python/3.10.13/lib/python3.10/site-packages/airflow/example_dags/example_python_decorator.py
[2024-05-16T12:11:41.921+0000] {processor.py:840} INFO - DAG(s) 'example_python_decorator' retrieved from /usr/local/python/3.10.13/lib/python3.10/site-packages/airflow/example_dags/example_python_decorator.py
[2024-05-16T12:11:41.934+0000] {logging_mixin.py:188} INFO - [2024-05-16T12:11:41.933+0000] {dag.py:3096} INFO - Sync 1 DAGs
[2024-05-16T12:11:41.943+0000] {logging_mixin.py:188} INFO - [2024-05-16T12:11:41.943+0000] {dag.py:3954} INFO - Setting next_dagrun for example_python_decorator to None, run_after=None
[2024-05-16T12:11:41.988+0000] {processor.py:183} INFO - Processing /usr/local/python/3.10.13/lib/python3.10/site-packages/airflow/example_dags/example_python_decorator.py took 0.085 seconds
[2024-05-16T12:12:46.945+0000] {processor.py:161} INFO - Started process (PID=10078) to work on /usr/local/python/3.10.13/lib/python3.10/site-packages/airflow/example_dags/example_python_decorator.py
[2024-05-16T12:12:46.946+0000] {processor.py:830} INFO - Processing file /usr/local/python/3.10.13/lib/python3.10/site-packages/airflow/example_dags/example_python_decorator.py for tasks to queue
[2024-05-16T12:12:46.947+0000] {logging_mixin.py:188} INFO - [2024-05-16T12:12:46.947+0000] {dagbag.py:545} INFO - Filling up the DagBag from /usr/local/python/3.10.13/lib/python3.10/site-packages/airflow/example_dags/example_python_decorator.py
[2024-05-16T12:12:46.958+0000] {processor.py:840} INFO - DAG(s) 'example_python_decorator' retrieved from /usr/local/python/3.10.13/lib/python3.10/site-packages/airflow/example_dags/example_python_decorator.py
[2024-05-16T12:12:46.971+0000] {logging_mixin.py:188} INFO - [2024-05-16T12:12:46.971+0000] {dag.py:3096} INFO - Sync 1 DAGs
[2024-05-16T12:12:46.980+0000] {logging_mixin.py:188} INFO - [2024-05-16T12:12:46.980+0000] {dag.py:3954} INFO - Setting next_dagrun for example_python_decorator to None, run_after=None
[2024-05-16T12:12:47.029+0000] {processor.py:183} INFO - Processing /usr/local/python/3.10.13/lib/python3.10/site-packages/airflow/example_dags/example_python_decorator.py took 0.088 seconds
[2024-05-16T12:13:49.334+0000] {processor.py:161} INFO - Started process (PID=10501) to work on /usr/local/python/3.10.13/lib/python3.10/site-packages/airflow/example_dags/example_python_decorator.py
[2024-05-16T12:13:49.335+0000] {processor.py:830} INFO - Processing file /usr/local/python/3.10.13/lib/python3.10/site-packages/airflow/example_dags/example_python_decorator.py for tasks to queue
[2024-05-16T12:13:49.336+0000] {logging_mixin.py:188} INFO - [2024-05-16T12:13:49.336+0000] {dagbag.py:545} INFO - Filling up the DagBag from /usr/local/python/3.10.13/lib/python3.10/site-packages/airflow/example_dags/example_python_decorator.py
[2024-05-16T12:13:49.347+0000] {processor.py:840} INFO - DAG(s) 'example_python_decorator' retrieved from /usr/local/python/3.10.13/lib/python3.10/site-packages/airflow/example_dags/example_python_decorator.py
[2024-05-16T12:13:49.360+0000] {logging_mixin.py:188} INFO - [2024-05-16T12:13:49.359+0000] {dag.py:3096} INFO - Sync 1 DAGs
[2024-05-16T12:13:49.368+0000] {logging_mixin.py:188} INFO - [2024-05-16T12:13:49.368+0000] {dag.py:3954} INFO - Setting next_dagrun for example_python_decorator to None, run_after=None
[2024-05-16T12:13:49.413+0000] {processor.py:183} INFO - Processing /usr/local/python/3.10.13/lib/python3.10/site-packages/airflow/example_dags/example_python_decorator.py took 0.084 seconds
[2024-05-16T12:14:50.756+0000] {processor.py:161} INFO - Started process (PID=10932) to work on /usr/local/python/3.10.13/lib/python3.10/site-packages/airflow/example_dags/example_python_decorator.py
[2024-05-16T12:14:50.757+0000] {processor.py:830} INFO - Processing file /usr/local/python/3.10.13/lib/python3.10/site-packages/airflow/example_dags/example_python_decorator.py for tasks to queue
[2024-05-16T12:14:50.758+0000] {logging_mixin.py:188} INFO - [2024-05-16T12:14:50.758+0000] {dagbag.py:545} INFO - Filling up the DagBag from /usr/local/python/3.10.13/lib/python3.10/site-packages/airflow/example_dags/example_python_decorator.py
[2024-05-16T12:14:50.769+0000] {processor.py:840} INFO - DAG(s) 'example_python_decorator' retrieved from /usr/local/python/3.10.13/lib/python3.10/site-packages/airflow/example_dags/example_python_decorator.py
[2024-05-16T12:14:50.783+0000] {logging_mixin.py:188} INFO - [2024-05-16T12:14:50.782+0000] {dag.py:3096} INFO - Sync 1 DAGs
[2024-05-16T12:14:50.791+0000] {logging_mixin.py:188} INFO - [2024-05-16T12:14:50.791+0000] {dag.py:3954} INFO - Setting next_dagrun for example_python_decorator to None, run_after=None
[2024-05-16T12:14:50.835+0000] {processor.py:183} INFO - Processing /usr/local/python/3.10.13/lib/python3.10/site-packages/airflow/example_dags/example_python_decorator.py took 0.083 seconds
[2024-05-16T12:15:55.196+0000] {processor.py:161} INFO - Started process (PID=11384) to work on /usr/local/python/3.10.13/lib/python3.10/site-packages/airflow/example_dags/example_python_decorator.py
[2024-05-16T12:15:55.197+0000] {processor.py:830} INFO - Processing file /usr/local/python/3.10.13/lib/python3.10/site-packages/airflow/example_dags/example_python_decorator.py for tasks to queue
[2024-05-16T12:15:55.198+0000] {logging_mixin.py:188} INFO - [2024-05-16T12:15:55.198+0000] {dagbag.py:545} INFO - Filling up the DagBag from /usr/local/python/3.10.13/lib/python3.10/site-packages/airflow/example_dags/example_python_decorator.py
[2024-05-16T12:15:55.210+0000] {processor.py:840} INFO - DAG(s) 'example_python_decorator' retrieved from /usr/local/python/3.10.13/lib/python3.10/site-packages/airflow/example_dags/example_python_decorator.py
[2024-05-16T12:15:55.223+0000] {logging_mixin.py:188} INFO - [2024-05-16T12:15:55.223+0000] {dag.py:3096} INFO - Sync 1 DAGs
[2024-05-16T12:15:55.234+0000] {logging_mixin.py:188} INFO - [2024-05-16T12:15:55.234+0000] {dag.py:3954} INFO - Setting next_dagrun for example_python_decorator to None, run_after=None
[2024-05-16T12:15:55.281+0000] {processor.py:183} INFO - Processing /usr/local/python/3.10.13/lib/python3.10/site-packages/airflow/example_dags/example_python_decorator.py took 0.089 seconds
[2024-05-16T12:17:01.473+0000] {processor.py:161} INFO - Started process (PID=11887) to work on /usr/local/python/3.10.13/lib/python3.10/site-packages/airflow/example_dags/example_python_decorator.py
[2024-05-16T12:17:01.474+0000] {processor.py:830} INFO - Processing file /usr/local/python/3.10.13/lib/python3.10/site-packages/airflow/example_dags/example_python_decorator.py for tasks to queue
[2024-05-16T12:17:01.476+0000] {logging_mixin.py:188} INFO - [2024-05-16T12:17:01.475+0000] {dagbag.py:545} INFO - Filling up the DagBag from /usr/local/python/3.10.13/lib/python3.10/site-packages/airflow/example_dags/example_python_decorator.py
[2024-05-16T12:17:01.486+0000] {processor.py:840} INFO - DAG(s) 'example_python_decorator' retrieved from /usr/local/python/3.10.13/lib/python3.10/site-packages/airflow/example_dags/example_python_decorator.py
[2024-05-16T12:17:01.499+0000] {logging_mixin.py:188} INFO - [2024-05-16T12:17:01.499+0000] {dag.py:3096} INFO - Sync 1 DAGs
[2024-05-16T12:17:01.509+0000] {logging_mixin.py:188} INFO - [2024-05-16T12:17:01.508+0000] {dag.py:3954} INFO - Setting next_dagrun for example_python_decorator to None, run_after=None
[2024-05-16T12:17:01.557+0000] {processor.py:183} INFO - Processing /usr/local/python/3.10.13/lib/python3.10/site-packages/airflow/example_dags/example_python_decorator.py took 0.090 seconds
[2024-05-16T12:18:03.622+0000] {processor.py:161} INFO - Started process (PID=12318) to work on /usr/local/python/3.10.13/lib/python3.10/site-packages/airflow/example_dags/example_python_decorator.py
[2024-05-16T12:18:03.623+0000] {processor.py:830} INFO - Processing file /usr/local/python/3.10.13/lib/python3.10/site-packages/airflow/example_dags/example_python_decorator.py for tasks to queue
[2024-05-16T12:18:03.625+0000] {logging_mixin.py:188} INFO - [2024-05-16T12:18:03.624+0000] {dagbag.py:545} INFO - Filling up the DagBag from /usr/local/python/3.10.13/lib/python3.10/site-packages/airflow/example_dags/example_python_decorator.py
[2024-05-16T12:18:03.636+0000] {processor.py:840} INFO - DAG(s) 'example_python_decorator' retrieved from /usr/local/python/3.10.13/lib/python3.10/site-packages/airflow/example_dags/example_python_decorator.py
[2024-05-16T12:18:03.649+0000] {logging_mixin.py:188} INFO - [2024-05-16T12:18:03.649+0000] {dag.py:3096} INFO - Sync 1 DAGs
[2024-05-16T12:18:03.658+0000] {logging_mixin.py:188} INFO - [2024-05-16T12:18:03.658+0000] {dag.py:3954} INFO - Setting next_dagrun for example_python_decorator to None, run_after=None
[2024-05-16T12:18:03.705+0000] {processor.py:183} INFO - Processing /usr/local/python/3.10.13/lib/python3.10/site-packages/airflow/example_dags/example_python_decorator.py took 0.087 seconds
[2024-05-16T12:19:05.619+0000] {processor.py:161} INFO - Started process (PID=12758) to work on /usr/local/python/3.10.13/lib/python3.10/site-packages/airflow/example_dags/example_python_decorator.py
[2024-05-16T12:19:05.620+0000] {processor.py:830} INFO - Processing file /usr/local/python/3.10.13/lib/python3.10/site-packages/airflow/example_dags/example_python_decorator.py for tasks to queue
[2024-05-16T12:19:05.621+0000] {logging_mixin.py:188} INFO - [2024-05-16T12:19:05.621+0000] {dagbag.py:545} INFO - Filling up the DagBag from /usr/local/python/3.10.13/lib/python3.10/site-packages/airflow/example_dags/example_python_decorator.py
[2024-05-16T12:19:05.637+0000] {processor.py:840} INFO - DAG(s) 'example_python_decorator' retrieved from /usr/local/python/3.10.13/lib/python3.10/site-packages/airflow/example_dags/example_python_decorator.py
[2024-05-16T12:19:05.659+0000] {logging_mixin.py:188} INFO - [2024-05-16T12:19:05.658+0000] {dag.py:3096} INFO - Sync 1 DAGs
[2024-05-16T12:19:05.672+0000] {logging_mixin.py:188} INFO - [2024-05-16T12:19:05.672+0000] {dag.py:3954} INFO - Setting next_dagrun for example_python_decorator to None, run_after=None
[2024-05-16T12:19:05.717+0000] {processor.py:183} INFO - Processing /usr/local/python/3.10.13/lib/python3.10/site-packages/airflow/example_dags/example_python_decorator.py took 0.107 seconds
[2024-05-16T12:20:07.937+0000] {processor.py:161} INFO - Started process (PID=13201) to work on /usr/local/python/3.10.13/lib/python3.10/site-packages/airflow/example_dags/example_python_decorator.py
[2024-05-16T12:20:07.938+0000] {processor.py:830} INFO - Processing file /usr/local/python/3.10.13/lib/python3.10/site-packages/airflow/example_dags/example_python_decorator.py for tasks to queue
[2024-05-16T12:20:07.939+0000] {logging_mixin.py:188} INFO - [2024-05-16T12:20:07.939+0000] {dagbag.py:545} INFO - Filling up the DagBag from /usr/local/python/3.10.13/lib/python3.10/site-packages/airflow/example_dags/example_python_decorator.py
[2024-05-16T12:20:07.951+0000] {processor.py:840} INFO - DAG(s) 'example_python_decorator' retrieved from /usr/local/python/3.10.13/lib/python3.10/site-packages/airflow/example_dags/example_python_decorator.py
[2024-05-16T12:20:07.964+0000] {logging_mixin.py:188} INFO - [2024-05-16T12:20:07.964+0000] {dag.py:3096} INFO - Sync 1 DAGs
[2024-05-16T12:20:07.972+0000] {logging_mixin.py:188} INFO - [2024-05-16T12:20:07.972+0000] {dag.py:3954} INFO - Setting next_dagrun for example_python_decorator to None, run_after=None
[2024-05-16T12:20:08.019+0000] {processor.py:183} INFO - Processing /usr/local/python/3.10.13/lib/python3.10/site-packages/airflow/example_dags/example_python_decorator.py took 0.087 seconds
[2024-05-16T12:21:12.155+0000] {processor.py:161} INFO - Started process (PID=13657) to work on /usr/local/python/3.10.13/lib/python3.10/site-packages/airflow/example_dags/example_python_decorator.py
[2024-05-16T12:21:12.156+0000] {processor.py:830} INFO - Processing file /usr/local/python/3.10.13/lib/python3.10/site-packages/airflow/example_dags/example_python_decorator.py for tasks to queue
[2024-05-16T12:21:12.157+0000] {logging_mixin.py:188} INFO - [2024-05-16T12:21:12.157+0000] {dagbag.py:545} INFO - Filling up the DagBag from /usr/local/python/3.10.13/lib/python3.10/site-packages/airflow/example_dags/example_python_decorator.py
[2024-05-16T12:21:12.168+0000] {processor.py:840} INFO - DAG(s) 'example_python_decorator' retrieved from /usr/local/python/3.10.13/lib/python3.10/site-packages/airflow/example_dags/example_python_decorator.py
[2024-05-16T12:21:12.181+0000] {logging_mixin.py:188} INFO - [2024-05-16T12:21:12.181+0000] {dag.py:3096} INFO - Sync 1 DAGs
[2024-05-16T12:21:12.190+0000] {logging_mixin.py:188} INFO - [2024-05-16T12:21:12.190+0000] {dag.py:3954} INFO - Setting next_dagrun for example_python_decorator to None, run_after=None
[2024-05-16T12:21:12.236+0000] {processor.py:183} INFO - Processing /usr/local/python/3.10.13/lib/python3.10/site-packages/airflow/example_dags/example_python_decorator.py took 0.086 seconds
[2024-05-16T12:22:16.492+0000] {processor.py:161} INFO - Started process (PID=14117) to work on /usr/local/python/3.10.13/lib/python3.10/site-packages/airflow/example_dags/example_python_decorator.py
[2024-05-16T12:22:16.493+0000] {processor.py:830} INFO - Processing file /usr/local/python/3.10.13/lib/python3.10/site-packages/airflow/example_dags/example_python_decorator.py for tasks to queue
[2024-05-16T12:22:16.494+0000] {logging_mixin.py:188} INFO - [2024-05-16T12:22:16.494+0000] {dagbag.py:545} INFO - Filling up the DagBag from /usr/local/python/3.10.13/lib/python3.10/site-packages/airflow/example_dags/example_python_decorator.py
[2024-05-16T12:22:16.506+0000] {processor.py:840} INFO - DAG(s) 'example_python_decorator' retrieved from /usr/local/python/3.10.13/lib/python3.10/site-packages/airflow/example_dags/example_python_decorator.py
[2024-05-16T12:22:16.519+0000] {logging_mixin.py:188} INFO - [2024-05-16T12:22:16.519+0000] {dag.py:3096} INFO - Sync 1 DAGs
[2024-05-16T12:22:16.531+0000] {logging_mixin.py:188} INFO - [2024-05-16T12:22:16.531+0000] {dag.py:3954} INFO - Setting next_dagrun for example_python_decorator to None, run_after=None
[2024-05-16T12:22:16.580+0000] {processor.py:183} INFO - Processing /usr/local/python/3.10.13/lib/python3.10/site-packages/airflow/example_dags/example_python_decorator.py took 0.093 seconds
[2024-05-16T12:23:23.088+0000] {processor.py:161} INFO - Started process (PID=14626) to work on /usr/local/python/3.10.13/lib/python3.10/site-packages/airflow/example_dags/example_python_decorator.py
[2024-05-16T12:23:23.089+0000] {processor.py:830} INFO - Processing file /usr/local/python/3.10.13/lib/python3.10/site-packages/airflow/example_dags/example_python_decorator.py for tasks to queue
[2024-05-16T12:23:23.091+0000] {logging_mixin.py:188} INFO - [2024-05-16T12:23:23.090+0000] {dagbag.py:545} INFO - Filling up the DagBag from /usr/local/python/3.10.13/lib/python3.10/site-packages/airflow/example_dags/example_python_decorator.py
[2024-05-16T12:23:23.101+0000] {processor.py:840} INFO - DAG(s) 'example_python_decorator' retrieved from /usr/local/python/3.10.13/lib/python3.10/site-packages/airflow/example_dags/example_python_decorator.py
[2024-05-16T12:23:23.115+0000] {logging_mixin.py:188} INFO - [2024-05-16T12:23:23.115+0000] {dag.py:3096} INFO - Sync 1 DAGs
[2024-05-16T12:23:23.124+0000] {logging_mixin.py:188} INFO - [2024-05-16T12:23:23.124+0000] {dag.py:3954} INFO - Setting next_dagrun for example_python_decorator to None, run_after=None
[2024-05-16T12:23:23.170+0000] {processor.py:183} INFO - Processing /usr/local/python/3.10.13/lib/python3.10/site-packages/airflow/example_dags/example_python_decorator.py took 0.086 seconds
[2024-05-16T12:24:28.208+0000] {processor.py:161} INFO - Started process (PID=15102) to work on /usr/local/python/3.10.13/lib/python3.10/site-packages/airflow/example_dags/example_python_decorator.py
[2024-05-16T12:24:28.209+0000] {processor.py:830} INFO - Processing file /usr/local/python/3.10.13/lib/python3.10/site-packages/airflow/example_dags/example_python_decorator.py for tasks to queue
[2024-05-16T12:24:28.210+0000] {logging_mixin.py:188} INFO - [2024-05-16T12:24:28.210+0000] {dagbag.py:545} INFO - Filling up the DagBag from /usr/local/python/3.10.13/lib/python3.10/site-packages/airflow/example_dags/example_python_decorator.py
[2024-05-16T12:24:28.221+0000] {processor.py:840} INFO - DAG(s) 'example_python_decorator' retrieved from /usr/local/python/3.10.13/lib/python3.10/site-packages/airflow/example_dags/example_python_decorator.py
[2024-05-16T12:24:28.234+0000] {logging_mixin.py:188} INFO - [2024-05-16T12:24:28.234+0000] {dag.py:3096} INFO - Sync 1 DAGs
[2024-05-16T12:24:28.243+0000] {logging_mixin.py:188} INFO - [2024-05-16T12:24:28.243+0000] {dag.py:3954} INFO - Setting next_dagrun for example_python_decorator to None, run_after=None
[2024-05-16T12:24:28.286+0000] {processor.py:183} INFO - Processing /usr/local/python/3.10.13/lib/python3.10/site-packages/airflow/example_dags/example_python_decorator.py took 0.083 seconds
[2024-05-16T12:25:27.527+0000] {processor.py:161} INFO - Started process (PID=15562) to work on /usr/local/python/3.10.13/lib/python3.10/site-packages/airflow/example_dags/example_python_decorator.py
[2024-05-16T12:25:27.528+0000] {processor.py:830} INFO - Processing file /usr/local/python/3.10.13/lib/python3.10/site-packages/airflow/example_dags/example_python_decorator.py for tasks to queue
[2024-05-16T12:25:27.529+0000] {logging_mixin.py:188} INFO - [2024-05-16T12:25:27.529+0000] {dagbag.py:545} INFO - Filling up the DagBag from /usr/local/python/3.10.13/lib/python3.10/site-packages/airflow/example_dags/example_python_decorator.py
[2024-05-16T12:25:27.540+0000] {processor.py:840} INFO - DAG(s) 'example_python_decorator' retrieved from /usr/local/python/3.10.13/lib/python3.10/site-packages/airflow/example_dags/example_python_decorator.py
[2024-05-16T12:25:27.553+0000] {logging_mixin.py:188} INFO - [2024-05-16T12:25:27.553+0000] {dag.py:3096} INFO - Sync 1 DAGs
[2024-05-16T12:25:27.562+0000] {logging_mixin.py:188} INFO - [2024-05-16T12:25:27.561+0000] {dag.py:3954} INFO - Setting next_dagrun for example_python_decorator to None, run_after=None
[2024-05-16T12:25:27.619+0000] {processor.py:183} INFO - Processing /usr/local/python/3.10.13/lib/python3.10/site-packages/airflow/example_dags/example_python_decorator.py took 0.096 seconds
[2024-05-16T12:26:26.810+0000] {processor.py:161} INFO - Started process (PID=16006) to work on /usr/local/python/3.10.13/lib/python3.10/site-packages/airflow/example_dags/example_python_decorator.py
[2024-05-16T12:26:26.811+0000] {processor.py:830} INFO - Processing file /usr/local/python/3.10.13/lib/python3.10/site-packages/airflow/example_dags/example_python_decorator.py for tasks to queue
[2024-05-16T12:26:26.812+0000] {logging_mixin.py:188} INFO - [2024-05-16T12:26:26.812+0000] {dagbag.py:545} INFO - Filling up the DagBag from /usr/local/python/3.10.13/lib/python3.10/site-packages/airflow/example_dags/example_python_decorator.py
[2024-05-16T12:26:26.823+0000] {processor.py:840} INFO - DAG(s) 'example_python_decorator' retrieved from /usr/local/python/3.10.13/lib/python3.10/site-packages/airflow/example_dags/example_python_decorator.py
[2024-05-16T12:26:26.836+0000] {logging_mixin.py:188} INFO - [2024-05-16T12:26:26.836+0000] {dag.py:3096} INFO - Sync 1 DAGs
[2024-05-16T12:26:26.845+0000] {logging_mixin.py:188} INFO - [2024-05-16T12:26:26.845+0000] {dag.py:3954} INFO - Setting next_dagrun for example_python_decorator to None, run_after=None
[2024-05-16T12:26:26.888+0000] {processor.py:183} INFO - Processing /usr/local/python/3.10.13/lib/python3.10/site-packages/airflow/example_dags/example_python_decorator.py took 0.083 seconds
[2024-05-16T12:27:31.592+0000] {processor.py:161} INFO - Started process (PID=16486) to work on /usr/local/python/3.10.13/lib/python3.10/site-packages/airflow/example_dags/example_python_decorator.py
[2024-05-16T12:27:31.593+0000] {processor.py:830} INFO - Processing file /usr/local/python/3.10.13/lib/python3.10/site-packages/airflow/example_dags/example_python_decorator.py for tasks to queue
[2024-05-16T12:27:31.594+0000] {logging_mixin.py:188} INFO - [2024-05-16T12:27:31.594+0000] {dagbag.py:545} INFO - Filling up the DagBag from /usr/local/python/3.10.13/lib/python3.10/site-packages/airflow/example_dags/example_python_decorator.py
[2024-05-16T12:27:31.605+0000] {processor.py:840} INFO - DAG(s) 'example_python_decorator' retrieved from /usr/local/python/3.10.13/lib/python3.10/site-packages/airflow/example_dags/example_python_decorator.py
[2024-05-16T12:27:31.618+0000] {logging_mixin.py:188} INFO - [2024-05-16T12:27:31.618+0000] {dag.py:3096} INFO - Sync 1 DAGs
[2024-05-16T12:27:31.627+0000] {logging_mixin.py:188} INFO - [2024-05-16T12:27:31.627+0000] {dag.py:3954} INFO - Setting next_dagrun for example_python_decorator to None, run_after=None
[2024-05-16T12:27:31.694+0000] {processor.py:183} INFO - Processing /usr/local/python/3.10.13/lib/python3.10/site-packages/airflow/example_dags/example_python_decorator.py took 0.106 seconds
[2024-05-16T12:28:34.669+0000] {processor.py:161} INFO - Started process (PID=16955) to work on /usr/local/python/3.10.13/lib/python3.10/site-packages/airflow/example_dags/example_python_decorator.py
[2024-05-16T12:28:34.669+0000] {processor.py:830} INFO - Processing file /usr/local/python/3.10.13/lib/python3.10/site-packages/airflow/example_dags/example_python_decorator.py for tasks to queue
[2024-05-16T12:28:34.671+0000] {logging_mixin.py:188} INFO - [2024-05-16T12:28:34.670+0000] {dagbag.py:545} INFO - Filling up the DagBag from /usr/local/python/3.10.13/lib/python3.10/site-packages/airflow/example_dags/example_python_decorator.py
[2024-05-16T12:28:34.682+0000] {processor.py:840} INFO - DAG(s) 'example_python_decorator' retrieved from /usr/local/python/3.10.13/lib/python3.10/site-packages/airflow/example_dags/example_python_decorator.py
[2024-05-16T12:28:34.695+0000] {logging_mixin.py:188} INFO - [2024-05-16T12:28:34.695+0000] {dag.py:3096} INFO - Sync 1 DAGs
[2024-05-16T12:28:34.704+0000] {logging_mixin.py:188} INFO - [2024-05-16T12:28:34.704+0000] {dag.py:3954} INFO - Setting next_dagrun for example_python_decorator to None, run_after=None
[2024-05-16T12:28:34.748+0000] {processor.py:183} INFO - Processing /usr/local/python/3.10.13/lib/python3.10/site-packages/airflow/example_dags/example_python_decorator.py took 0.084 seconds
[2024-05-16T12:29:38.874+0000] {processor.py:161} INFO - Started process (PID=17406) to work on /usr/local/python/3.10.13/lib/python3.10/site-packages/airflow/example_dags/example_python_decorator.py
[2024-05-16T12:29:38.875+0000] {processor.py:830} INFO - Processing file /usr/local/python/3.10.13/lib/python3.10/site-packages/airflow/example_dags/example_python_decorator.py for tasks to queue
[2024-05-16T12:29:38.876+0000] {logging_mixin.py:188} INFO - [2024-05-16T12:29:38.876+0000] {dagbag.py:545} INFO - Filling up the DagBag from /usr/local/python/3.10.13/lib/python3.10/site-packages/airflow/example_dags/example_python_decorator.py
[2024-05-16T12:29:38.887+0000] {processor.py:840} INFO - DAG(s) 'example_python_decorator' retrieved from /usr/local/python/3.10.13/lib/python3.10/site-packages/airflow/example_dags/example_python_decorator.py
[2024-05-16T12:29:38.900+0000] {logging_mixin.py:188} INFO - [2024-05-16T12:29:38.900+0000] {dag.py:3096} INFO - Sync 1 DAGs
[2024-05-16T12:29:38.909+0000] {logging_mixin.py:188} INFO - [2024-05-16T12:29:38.909+0000] {dag.py:3954} INFO - Setting next_dagrun for example_python_decorator to None, run_after=None
[2024-05-16T12:29:38.964+0000] {processor.py:183} INFO - Processing /usr/local/python/3.10.13/lib/python3.10/site-packages/airflow/example_dags/example_python_decorator.py took 0.094 seconds
[2024-05-16T12:30:43.885+0000] {processor.py:161} INFO - Started process (PID=17867) to work on /usr/local/python/3.10.13/lib/python3.10/site-packages/airflow/example_dags/example_python_decorator.py
[2024-05-16T12:30:43.886+0000] {processor.py:830} INFO - Processing file /usr/local/python/3.10.13/lib/python3.10/site-packages/airflow/example_dags/example_python_decorator.py for tasks to queue
[2024-05-16T12:30:43.887+0000] {logging_mixin.py:188} INFO - [2024-05-16T12:30:43.887+0000] {dagbag.py:545} INFO - Filling up the DagBag from /usr/local/python/3.10.13/lib/python3.10/site-packages/airflow/example_dags/example_python_decorator.py
[2024-05-16T12:30:43.898+0000] {processor.py:840} INFO - DAG(s) 'example_python_decorator' retrieved from /usr/local/python/3.10.13/lib/python3.10/site-packages/airflow/example_dags/example_python_decorator.py
[2024-05-16T12:30:43.912+0000] {logging_mixin.py:188} INFO - [2024-05-16T12:30:43.912+0000] {dag.py:3096} INFO - Sync 1 DAGs
[2024-05-16T12:30:43.922+0000] {logging_mixin.py:188} INFO - [2024-05-16T12:30:43.921+0000] {dag.py:3954} INFO - Setting next_dagrun for example_python_decorator to None, run_after=None
[2024-05-16T12:30:43.970+0000] {processor.py:183} INFO - Processing /usr/local/python/3.10.13/lib/python3.10/site-packages/airflow/example_dags/example_python_decorator.py took 0.090 seconds
[2024-05-16T12:31:49.912+0000] {processor.py:161} INFO - Started process (PID=18359) to work on /usr/local/python/3.10.13/lib/python3.10/site-packages/airflow/example_dags/example_python_decorator.py
[2024-05-16T12:31:49.913+0000] {processor.py:830} INFO - Processing file /usr/local/python/3.10.13/lib/python3.10/site-packages/airflow/example_dags/example_python_decorator.py for tasks to queue
[2024-05-16T12:31:49.915+0000] {logging_mixin.py:188} INFO - [2024-05-16T12:31:49.915+0000] {dagbag.py:545} INFO - Filling up the DagBag from /usr/local/python/3.10.13/lib/python3.10/site-packages/airflow/example_dags/example_python_decorator.py
[2024-05-16T12:31:49.926+0000] {processor.py:840} INFO - DAG(s) 'example_python_decorator' retrieved from /usr/local/python/3.10.13/lib/python3.10/site-packages/airflow/example_dags/example_python_decorator.py
[2024-05-16T12:31:49.940+0000] {logging_mixin.py:188} INFO - [2024-05-16T12:31:49.940+0000] {dag.py:3096} INFO - Sync 1 DAGs
[2024-05-16T12:31:49.949+0000] {logging_mixin.py:188} INFO - [2024-05-16T12:31:49.949+0000] {dag.py:3954} INFO - Setting next_dagrun for example_python_decorator to None, run_after=None
[2024-05-16T12:31:49.998+0000] {processor.py:183} INFO - Processing /usr/local/python/3.10.13/lib/python3.10/site-packages/airflow/example_dags/example_python_decorator.py took 0.090 seconds
[2024-05-16T12:32:50.253+0000] {processor.py:161} INFO - Started process (PID=18793) to work on /usr/local/python/3.10.13/lib/python3.10/site-packages/airflow/example_dags/example_python_decorator.py
[2024-05-16T12:32:50.253+0000] {processor.py:830} INFO - Processing file /usr/local/python/3.10.13/lib/python3.10/site-packages/airflow/example_dags/example_python_decorator.py for tasks to queue
[2024-05-16T12:32:50.255+0000] {logging_mixin.py:188} INFO - [2024-05-16T12:32:50.254+0000] {dagbag.py:545} INFO - Filling up the DagBag from /usr/local/python/3.10.13/lib/python3.10/site-packages/airflow/example_dags/example_python_decorator.py
[2024-05-16T12:32:50.266+0000] {processor.py:840} INFO - DAG(s) 'example_python_decorator' retrieved from /usr/local/python/3.10.13/lib/python3.10/site-packages/airflow/example_dags/example_python_decorator.py
[2024-05-16T12:32:50.280+0000] {logging_mixin.py:188} INFO - [2024-05-16T12:32:50.280+0000] {dag.py:3096} INFO - Sync 1 DAGs
[2024-05-16T12:32:50.294+0000] {logging_mixin.py:188} INFO - [2024-05-16T12:32:50.294+0000] {dag.py:3954} INFO - Setting next_dagrun for example_python_decorator to None, run_after=None
[2024-05-16T12:32:50.341+0000] {processor.py:183} INFO - Processing /usr/local/python/3.10.13/lib/python3.10/site-packages/airflow/example_dags/example_python_decorator.py took 0.093 seconds
[2024-05-16T12:33:54.283+0000] {processor.py:161} INFO - Started process (PID=19260) to work on /usr/local/python/3.10.13/lib/python3.10/site-packages/airflow/example_dags/example_python_decorator.py
[2024-05-16T12:33:54.284+0000] {processor.py:830} INFO - Processing file /usr/local/python/3.10.13/lib/python3.10/site-packages/airflow/example_dags/example_python_decorator.py for tasks to queue
[2024-05-16T12:33:54.285+0000] {logging_mixin.py:188} INFO - [2024-05-16T12:33:54.285+0000] {dagbag.py:545} INFO - Filling up the DagBag from /usr/local/python/3.10.13/lib/python3.10/site-packages/airflow/example_dags/example_python_decorator.py
[2024-05-16T12:33:54.295+0000] {processor.py:840} INFO - DAG(s) 'example_python_decorator' retrieved from /usr/local/python/3.10.13/lib/python3.10/site-packages/airflow/example_dags/example_python_decorator.py
[2024-05-16T12:33:54.309+0000] {logging_mixin.py:188} INFO - [2024-05-16T12:33:54.309+0000] {dag.py:3096} INFO - Sync 1 DAGs
[2024-05-16T12:33:54.318+0000] {logging_mixin.py:188} INFO - [2024-05-16T12:33:54.318+0000] {dag.py:3954} INFO - Setting next_dagrun for example_python_decorator to None, run_after=None
[2024-05-16T12:33:54.364+0000] {processor.py:183} INFO - Processing /usr/local/python/3.10.13/lib/python3.10/site-packages/airflow/example_dags/example_python_decorator.py took 0.086 seconds
[2024-05-16T12:34:58.884+0000] {processor.py:161} INFO - Started process (PID=19729) to work on /usr/local/python/3.10.13/lib/python3.10/site-packages/airflow/example_dags/example_python_decorator.py
[2024-05-16T12:34:58.885+0000] {processor.py:830} INFO - Processing file /usr/local/python/3.10.13/lib/python3.10/site-packages/airflow/example_dags/example_python_decorator.py for tasks to queue
[2024-05-16T12:34:58.886+0000] {logging_mixin.py:188} INFO - [2024-05-16T12:34:58.886+0000] {dagbag.py:545} INFO - Filling up the DagBag from /usr/local/python/3.10.13/lib/python3.10/site-packages/airflow/example_dags/example_python_decorator.py
[2024-05-16T12:34:58.897+0000] {processor.py:840} INFO - DAG(s) 'example_python_decorator' retrieved from /usr/local/python/3.10.13/lib/python3.10/site-packages/airflow/example_dags/example_python_decorator.py
[2024-05-16T12:34:58.910+0000] {logging_mixin.py:188} INFO - [2024-05-16T12:34:58.910+0000] {dag.py:3096} INFO - Sync 1 DAGs
[2024-05-16T12:34:58.920+0000] {logging_mixin.py:188} INFO - [2024-05-16T12:34:58.920+0000] {dag.py:3954} INFO - Setting next_dagrun for example_python_decorator to None, run_after=None
[2024-05-16T12:34:58.966+0000] {processor.py:183} INFO - Processing /usr/local/python/3.10.13/lib/python3.10/site-packages/airflow/example_dags/example_python_decorator.py took 0.088 seconds
[2024-05-16T12:36:02.146+0000] {processor.py:161} INFO - Started process (PID=20198) to work on /usr/local/python/3.10.13/lib/python3.10/site-packages/airflow/example_dags/example_python_decorator.py
[2024-05-16T12:36:02.148+0000] {processor.py:830} INFO - Processing file /usr/local/python/3.10.13/lib/python3.10/site-packages/airflow/example_dags/example_python_decorator.py for tasks to queue
[2024-05-16T12:36:02.149+0000] {logging_mixin.py:188} INFO - [2024-05-16T12:36:02.149+0000] {dagbag.py:545} INFO - Filling up the DagBag from /usr/local/python/3.10.13/lib/python3.10/site-packages/airflow/example_dags/example_python_decorator.py
[2024-05-16T12:36:02.160+0000] {processor.py:840} INFO - DAG(s) 'example_python_decorator' retrieved from /usr/local/python/3.10.13/lib/python3.10/site-packages/airflow/example_dags/example_python_decorator.py
[2024-05-16T12:36:02.182+0000] {logging_mixin.py:188} INFO - [2024-05-16T12:36:02.181+0000] {dag.py:3096} INFO - Sync 1 DAGs
[2024-05-16T12:36:02.196+0000] {logging_mixin.py:188} INFO - [2024-05-16T12:36:02.196+0000] {dag.py:3954} INFO - Setting next_dagrun for example_python_decorator to None, run_after=None
[2024-05-16T12:36:02.254+0000] {processor.py:183} INFO - Processing /usr/local/python/3.10.13/lib/python3.10/site-packages/airflow/example_dags/example_python_decorator.py took 0.115 seconds
[2024-05-16T12:37:03.275+0000] {processor.py:161} INFO - Started process (PID=20627) to work on /usr/local/python/3.10.13/lib/python3.10/site-packages/airflow/example_dags/example_python_decorator.py
[2024-05-16T12:37:03.275+0000] {processor.py:830} INFO - Processing file /usr/local/python/3.10.13/lib/python3.10/site-packages/airflow/example_dags/example_python_decorator.py for tasks to queue
[2024-05-16T12:37:03.277+0000] {logging_mixin.py:188} INFO - [2024-05-16T12:37:03.276+0000] {dagbag.py:545} INFO - Filling up the DagBag from /usr/local/python/3.10.13/lib/python3.10/site-packages/airflow/example_dags/example_python_decorator.py
[2024-05-16T12:37:03.287+0000] {processor.py:840} INFO - DAG(s) 'example_python_decorator' retrieved from /usr/local/python/3.10.13/lib/python3.10/site-packages/airflow/example_dags/example_python_decorator.py
[2024-05-16T12:37:03.307+0000] {logging_mixin.py:188} INFO - [2024-05-16T12:37:03.307+0000] {dag.py:3096} INFO - Sync 1 DAGs
[2024-05-16T12:37:03.323+0000] {logging_mixin.py:188} INFO - [2024-05-16T12:37:03.323+0000] {dag.py:3954} INFO - Setting next_dagrun for example_python_decorator to None, run_after=None
[2024-05-16T12:37:03.383+0000] {processor.py:183} INFO - Processing /usr/local/python/3.10.13/lib/python3.10/site-packages/airflow/example_dags/example_python_decorator.py took 0.113 seconds
[2024-05-16T12:38:04.404+0000] {processor.py:161} INFO - Started process (PID=21063) to work on /usr/local/python/3.10.13/lib/python3.10/site-packages/airflow/example_dags/example_python_decorator.py
[2024-05-16T12:38:04.405+0000] {processor.py:830} INFO - Processing file /usr/local/python/3.10.13/lib/python3.10/site-packages/airflow/example_dags/example_python_decorator.py for tasks to queue
[2024-05-16T12:38:04.406+0000] {logging_mixin.py:188} INFO - [2024-05-16T12:38:04.406+0000] {dagbag.py:545} INFO - Filling up the DagBag from /usr/local/python/3.10.13/lib/python3.10/site-packages/airflow/example_dags/example_python_decorator.py
[2024-05-16T12:38:04.418+0000] {processor.py:840} INFO - DAG(s) 'example_python_decorator' retrieved from /usr/local/python/3.10.13/lib/python3.10/site-packages/airflow/example_dags/example_python_decorator.py
[2024-05-16T12:38:04.434+0000] {logging_mixin.py:188} INFO - [2024-05-16T12:38:04.433+0000] {dag.py:3096} INFO - Sync 1 DAGs
[2024-05-16T12:38:04.443+0000] {logging_mixin.py:188} INFO - [2024-05-16T12:38:04.442+0000] {dag.py:3954} INFO - Setting next_dagrun for example_python_decorator to None, run_after=None
[2024-05-16T12:38:04.488+0000] {processor.py:183} INFO - Processing /usr/local/python/3.10.13/lib/python3.10/site-packages/airflow/example_dags/example_python_decorator.py took 0.089 seconds
[2024-05-16T12:39:03.494+0000] {processor.py:161} INFO - Started process (PID=21488) to work on /usr/local/python/3.10.13/lib/python3.10/site-packages/airflow/example_dags/example_python_decorator.py
[2024-05-16T12:39:03.495+0000] {processor.py:830} INFO - Processing file /usr/local/python/3.10.13/lib/python3.10/site-packages/airflow/example_dags/example_python_decorator.py for tasks to queue
[2024-05-16T12:39:03.496+0000] {logging_mixin.py:188} INFO - [2024-05-16T12:39:03.496+0000] {dagbag.py:545} INFO - Filling up the DagBag from /usr/local/python/3.10.13/lib/python3.10/site-packages/airflow/example_dags/example_python_decorator.py
[2024-05-16T12:39:03.508+0000] {processor.py:840} INFO - DAG(s) 'example_python_decorator' retrieved from /usr/local/python/3.10.13/lib/python3.10/site-packages/airflow/example_dags/example_python_decorator.py
[2024-05-16T12:39:03.521+0000] {logging_mixin.py:188} INFO - [2024-05-16T12:39:03.521+0000] {dag.py:3096} INFO - Sync 1 DAGs
[2024-05-16T12:39:03.530+0000] {logging_mixin.py:188} INFO - [2024-05-16T12:39:03.530+0000] {dag.py:3954} INFO - Setting next_dagrun for example_python_decorator to None, run_after=None
[2024-05-16T12:39:03.575+0000] {processor.py:183} INFO - Processing /usr/local/python/3.10.13/lib/python3.10/site-packages/airflow/example_dags/example_python_decorator.py took 0.085 seconds
[2024-05-16T12:40:09.496+0000] {processor.py:161} INFO - Started process (PID=21973) to work on /usr/local/python/3.10.13/lib/python3.10/site-packages/airflow/example_dags/example_python_decorator.py
[2024-05-16T12:40:09.497+0000] {processor.py:830} INFO - Processing file /usr/local/python/3.10.13/lib/python3.10/site-packages/airflow/example_dags/example_python_decorator.py for tasks to queue
[2024-05-16T12:40:09.498+0000] {logging_mixin.py:188} INFO - [2024-05-16T12:40:09.498+0000] {dagbag.py:545} INFO - Filling up the DagBag from /usr/local/python/3.10.13/lib/python3.10/site-packages/airflow/example_dags/example_python_decorator.py
[2024-05-16T12:40:09.509+0000] {processor.py:840} INFO - DAG(s) 'example_python_decorator' retrieved from /usr/local/python/3.10.13/lib/python3.10/site-packages/airflow/example_dags/example_python_decorator.py
[2024-05-16T12:40:09.522+0000] {logging_mixin.py:188} INFO - [2024-05-16T12:40:09.522+0000] {dag.py:3096} INFO - Sync 1 DAGs
[2024-05-16T12:40:09.531+0000] {logging_mixin.py:188} INFO - [2024-05-16T12:40:09.531+0000] {dag.py:3954} INFO - Setting next_dagrun for example_python_decorator to None, run_after=None
[2024-05-16T12:40:09.580+0000] {processor.py:183} INFO - Processing /usr/local/python/3.10.13/lib/python3.10/site-packages/airflow/example_dags/example_python_decorator.py took 0.089 seconds
[2024-05-16T12:41:12.309+0000] {processor.py:161} INFO - Started process (PID=22421) to work on /usr/local/python/3.10.13/lib/python3.10/site-packages/airflow/example_dags/example_python_decorator.py
[2024-05-16T12:41:12.310+0000] {processor.py:830} INFO - Processing file /usr/local/python/3.10.13/lib/python3.10/site-packages/airflow/example_dags/example_python_decorator.py for tasks to queue
[2024-05-16T12:41:12.311+0000] {logging_mixin.py:188} INFO - [2024-05-16T12:41:12.311+0000] {dagbag.py:545} INFO - Filling up the DagBag from /usr/local/python/3.10.13/lib/python3.10/site-packages/airflow/example_dags/example_python_decorator.py
[2024-05-16T12:41:12.322+0000] {processor.py:840} INFO - DAG(s) 'example_python_decorator' retrieved from /usr/local/python/3.10.13/lib/python3.10/site-packages/airflow/example_dags/example_python_decorator.py
[2024-05-16T12:41:12.335+0000] {logging_mixin.py:188} INFO - [2024-05-16T12:41:12.335+0000] {dag.py:3096} INFO - Sync 1 DAGs
[2024-05-16T12:41:12.344+0000] {logging_mixin.py:188} INFO - [2024-05-16T12:41:12.344+0000] {dag.py:3954} INFO - Setting next_dagrun for example_python_decorator to None, run_after=None
[2024-05-16T12:41:12.397+0000] {processor.py:183} INFO - Processing /usr/local/python/3.10.13/lib/python3.10/site-packages/airflow/example_dags/example_python_decorator.py took 0.092 seconds
[2024-05-16T12:42:16.257+0000] {processor.py:161} INFO - Started process (PID=22881) to work on /usr/local/python/3.10.13/lib/python3.10/site-packages/airflow/example_dags/example_python_decorator.py
[2024-05-16T12:42:16.257+0000] {processor.py:830} INFO - Processing file /usr/local/python/3.10.13/lib/python3.10/site-packages/airflow/example_dags/example_python_decorator.py for tasks to queue
[2024-05-16T12:42:16.259+0000] {logging_mixin.py:188} INFO - [2024-05-16T12:42:16.259+0000] {dagbag.py:545} INFO - Filling up the DagBag from /usr/local/python/3.10.13/lib/python3.10/site-packages/airflow/example_dags/example_python_decorator.py
[2024-05-16T12:42:16.269+0000] {processor.py:840} INFO - DAG(s) 'example_python_decorator' retrieved from /usr/local/python/3.10.13/lib/python3.10/site-packages/airflow/example_dags/example_python_decorator.py
[2024-05-16T12:42:16.282+0000] {logging_mixin.py:188} INFO - [2024-05-16T12:42:16.282+0000] {dag.py:3096} INFO - Sync 1 DAGs
[2024-05-16T12:42:16.290+0000] {logging_mixin.py:188} INFO - [2024-05-16T12:42:16.290+0000] {dag.py:3954} INFO - Setting next_dagrun for example_python_decorator to None, run_after=None
[2024-05-16T12:42:16.349+0000] {processor.py:183} INFO - Processing /usr/local/python/3.10.13/lib/python3.10/site-packages/airflow/example_dags/example_python_decorator.py took 0.097 seconds
[2024-05-16T12:43:17.410+0000] {processor.py:161} INFO - Started process (PID=23337) to work on /usr/local/python/3.10.13/lib/python3.10/site-packages/airflow/example_dags/example_python_decorator.py
[2024-05-16T12:43:17.411+0000] {processor.py:830} INFO - Processing file /usr/local/python/3.10.13/lib/python3.10/site-packages/airflow/example_dags/example_python_decorator.py for tasks to queue
[2024-05-16T12:43:17.412+0000] {logging_mixin.py:188} INFO - [2024-05-16T12:43:17.412+0000] {dagbag.py:545} INFO - Filling up the DagBag from /usr/local/python/3.10.13/lib/python3.10/site-packages/airflow/example_dags/example_python_decorator.py
[2024-05-16T12:43:17.423+0000] {processor.py:840} INFO - DAG(s) 'example_python_decorator' retrieved from /usr/local/python/3.10.13/lib/python3.10/site-packages/airflow/example_dags/example_python_decorator.py
[2024-05-16T12:43:17.437+0000] {logging_mixin.py:188} INFO - [2024-05-16T12:43:17.437+0000] {dag.py:3096} INFO - Sync 1 DAGs
[2024-05-16T12:43:17.445+0000] {logging_mixin.py:188} INFO - [2024-05-16T12:43:17.445+0000] {dag.py:3954} INFO - Setting next_dagrun for example_python_decorator to None, run_after=None
[2024-05-16T12:43:17.489+0000] {processor.py:183} INFO - Processing /usr/local/python/3.10.13/lib/python3.10/site-packages/airflow/example_dags/example_python_decorator.py took 0.084 seconds
[2024-05-16T12:44:23.342+0000] {processor.py:161} INFO - Started process (PID=23823) to work on /usr/local/python/3.10.13/lib/python3.10/site-packages/airflow/example_dags/example_python_decorator.py
[2024-05-16T12:44:23.343+0000] {processor.py:830} INFO - Processing file /usr/local/python/3.10.13/lib/python3.10/site-packages/airflow/example_dags/example_python_decorator.py for tasks to queue
[2024-05-16T12:44:23.345+0000] {logging_mixin.py:188} INFO - [2024-05-16T12:44:23.344+0000] {dagbag.py:545} INFO - Filling up the DagBag from /usr/local/python/3.10.13/lib/python3.10/site-packages/airflow/example_dags/example_python_decorator.py
[2024-05-16T12:44:23.355+0000] {processor.py:840} INFO - DAG(s) 'example_python_decorator' retrieved from /usr/local/python/3.10.13/lib/python3.10/site-packages/airflow/example_dags/example_python_decorator.py
[2024-05-16T12:44:23.371+0000] {logging_mixin.py:188} INFO - [2024-05-16T12:44:23.371+0000] {dag.py:3096} INFO - Sync 1 DAGs
[2024-05-16T12:44:23.382+0000] {logging_mixin.py:188} INFO - [2024-05-16T12:44:23.382+0000] {dag.py:3954} INFO - Setting next_dagrun for example_python_decorator to None, run_after=None
[2024-05-16T12:44:23.432+0000] {processor.py:183} INFO - Processing /usr/local/python/3.10.13/lib/python3.10/site-packages/airflow/example_dags/example_python_decorator.py took 0.095 seconds
[2024-05-16T12:45:28.318+0000] {processor.py:161} INFO - Started process (PID=24395) to work on /usr/local/python/3.10.13/lib/python3.10/site-packages/airflow/example_dags/example_python_decorator.py
[2024-05-16T12:45:28.319+0000] {processor.py:830} INFO - Processing file /usr/local/python/3.10.13/lib/python3.10/site-packages/airflow/example_dags/example_python_decorator.py for tasks to queue
[2024-05-16T12:45:28.321+0000] {logging_mixin.py:188} INFO - [2024-05-16T12:45:28.321+0000] {dagbag.py:545} INFO - Filling up the DagBag from /usr/local/python/3.10.13/lib/python3.10/site-packages/airflow/example_dags/example_python_decorator.py
[2024-05-16T12:45:28.339+0000] {processor.py:840} INFO - DAG(s) 'example_python_decorator' retrieved from /usr/local/python/3.10.13/lib/python3.10/site-packages/airflow/example_dags/example_python_decorator.py
[2024-05-16T12:45:28.353+0000] {logging_mixin.py:188} INFO - [2024-05-16T12:45:28.353+0000] {dag.py:3096} INFO - Sync 1 DAGs
[2024-05-16T12:45:28.363+0000] {logging_mixin.py:188} INFO - [2024-05-16T12:45:28.363+0000] {dag.py:3954} INFO - Setting next_dagrun for example_python_decorator to None, run_after=None
[2024-05-16T12:45:28.412+0000] {processor.py:183} INFO - Processing /usr/local/python/3.10.13/lib/python3.10/site-packages/airflow/example_dags/example_python_decorator.py took 0.099 seconds
