[2024-05-16T12:06:19.548+0000] {processor.py:161} INFO - Started process (PID=7356) to work on /usr/local/python/3.10.13/lib/python3.10/site-packages/airflow/example_dags/example_short_circuit_operator.py
[2024-05-16T12:06:19.549+0000] {processor.py:830} INFO - Processing file /usr/local/python/3.10.13/lib/python3.10/site-packages/airflow/example_dags/example_short_circuit_operator.py for tasks to queue
[2024-05-16T12:06:19.550+0000] {logging_mixin.py:188} INFO - [2024-05-16T12:06:19.550+0000] {dagbag.py:545} INFO - Filling up the DagBag from /usr/local/python/3.10.13/lib/python3.10/site-packages/airflow/example_dags/example_short_circuit_operator.py
[2024-05-16T12:06:19.558+0000] {processor.py:840} INFO - DAG(s) 'example_short_circuit_operator' retrieved from /usr/local/python/3.10.13/lib/python3.10/site-packages/airflow/example_dags/example_short_circuit_operator.py
[2024-05-16T12:06:19.805+0000] {logging_mixin.py:188} INFO - [2024-05-16T12:06:19.805+0000] {dag.py:3096} INFO - Sync 1 DAGs
[2024-05-16T12:06:19.829+0000] {logging_mixin.py:188} INFO - [2024-05-16T12:06:19.829+0000] {dag.py:3954} INFO - Setting next_dagrun for example_short_circuit_operator to 2024-05-15 00:00:00+00:00, run_after=2024-05-16 00:00:00+00:00
[2024-05-16T12:06:19.883+0000] {processor.py:183} INFO - Processing /usr/local/python/3.10.13/lib/python3.10/site-packages/airflow/example_dags/example_short_circuit_operator.py took 0.339 seconds
[2024-05-16T12:07:18.234+0000] {processor.py:161} INFO - Started process (PID=7752) to work on /usr/local/python/3.10.13/lib/python3.10/site-packages/airflow/example_dags/example_short_circuit_operator.py
[2024-05-16T12:07:18.235+0000] {processor.py:830} INFO - Processing file /usr/local/python/3.10.13/lib/python3.10/site-packages/airflow/example_dags/example_short_circuit_operator.py for tasks to queue
[2024-05-16T12:07:18.236+0000] {logging_mixin.py:188} INFO - [2024-05-16T12:07:18.236+0000] {dagbag.py:545} INFO - Filling up the DagBag from /usr/local/python/3.10.13/lib/python3.10/site-packages/airflow/example_dags/example_short_circuit_operator.py
[2024-05-16T12:07:18.242+0000] {processor.py:840} INFO - DAG(s) 'example_short_circuit_operator' retrieved from /usr/local/python/3.10.13/lib/python3.10/site-packages/airflow/example_dags/example_short_circuit_operator.py
[2024-05-16T12:07:18.256+0000] {logging_mixin.py:188} INFO - [2024-05-16T12:07:18.256+0000] {dag.py:3096} INFO - Sync 1 DAGs
[2024-05-16T12:07:18.271+0000] {logging_mixin.py:188} INFO - [2024-05-16T12:07:18.271+0000] {dag.py:3954} INFO - Setting next_dagrun for example_short_circuit_operator to 2024-05-15 00:00:00+00:00, run_after=2024-05-16 00:00:00+00:00
[2024-05-16T12:07:18.321+0000] {processor.py:183} INFO - Processing /usr/local/python/3.10.13/lib/python3.10/site-packages/airflow/example_dags/example_short_circuit_operator.py took 0.091 seconds
[2024-05-16T12:08:05.803+0000] {processor.py:161} INFO - Started process (PID=8084) to work on /usr/local/python/3.10.13/lib/python3.10/site-packages/airflow/example_dags/example_short_circuit_operator.py
[2024-05-16T12:08:05.804+0000] {processor.py:830} INFO - Processing file /usr/local/python/3.10.13/lib/python3.10/site-packages/airflow/example_dags/example_short_circuit_operator.py for tasks to queue
[2024-05-16T12:08:05.805+0000] {logging_mixin.py:188} INFO - [2024-05-16T12:08:05.805+0000] {dagbag.py:545} INFO - Filling up the DagBag from /usr/local/python/3.10.13/lib/python3.10/site-packages/airflow/example_dags/example_short_circuit_operator.py
[2024-05-16T12:08:05.811+0000] {processor.py:840} INFO - DAG(s) 'example_short_circuit_operator' retrieved from /usr/local/python/3.10.13/lib/python3.10/site-packages/airflow/example_dags/example_short_circuit_operator.py
[2024-05-16T12:08:05.826+0000] {logging_mixin.py:188} INFO - [2024-05-16T12:08:05.826+0000] {dag.py:3096} INFO - Sync 1 DAGs
[2024-05-16T12:08:05.843+0000] {logging_mixin.py:188} INFO - [2024-05-16T12:08:05.843+0000] {dag.py:3954} INFO - Setting next_dagrun for example_short_circuit_operator to 2024-05-15 00:00:00+00:00, run_after=2024-05-16 00:00:00+00:00
[2024-05-16T12:08:05.897+0000] {processor.py:183} INFO - Processing /usr/local/python/3.10.13/lib/python3.10/site-packages/airflow/example_dags/example_short_circuit_operator.py took 0.099 seconds
[2024-05-16T12:08:50.162+0000] {processor.py:161} INFO - Started process (PID=8401) to work on /usr/local/python/3.10.13/lib/python3.10/site-packages/airflow/example_dags/example_short_circuit_operator.py
[2024-05-16T12:08:50.163+0000] {processor.py:830} INFO - Processing file /usr/local/python/3.10.13/lib/python3.10/site-packages/airflow/example_dags/example_short_circuit_operator.py for tasks to queue
[2024-05-16T12:08:50.164+0000] {logging_mixin.py:188} INFO - [2024-05-16T12:08:50.164+0000] {dagbag.py:545} INFO - Filling up the DagBag from /usr/local/python/3.10.13/lib/python3.10/site-packages/airflow/example_dags/example_short_circuit_operator.py
[2024-05-16T12:08:50.171+0000] {processor.py:840} INFO - DAG(s) 'example_short_circuit_operator' retrieved from /usr/local/python/3.10.13/lib/python3.10/site-packages/airflow/example_dags/example_short_circuit_operator.py
[2024-05-16T12:08:50.185+0000] {logging_mixin.py:188} INFO - [2024-05-16T12:08:50.185+0000] {dag.py:3096} INFO - Sync 1 DAGs
[2024-05-16T12:08:50.200+0000] {logging_mixin.py:188} INFO - [2024-05-16T12:08:50.200+0000] {dag.py:3954} INFO - Setting next_dagrun for example_short_circuit_operator to 2024-05-15 00:00:00+00:00, run_after=2024-05-16 00:00:00+00:00
[2024-05-16T12:08:50.245+0000] {processor.py:183} INFO - Processing /usr/local/python/3.10.13/lib/python3.10/site-packages/airflow/example_dags/example_short_circuit_operator.py took 0.087 seconds
[2024-05-16T12:09:35.415+0000] {processor.py:161} INFO - Started process (PID=8745) to work on /usr/local/python/3.10.13/lib/python3.10/site-packages/airflow/example_dags/example_short_circuit_operator.py
[2024-05-16T12:09:35.416+0000] {processor.py:830} INFO - Processing file /usr/local/python/3.10.13/lib/python3.10/site-packages/airflow/example_dags/example_short_circuit_operator.py for tasks to queue
[2024-05-16T12:09:35.422+0000] {logging_mixin.py:188} INFO - [2024-05-16T12:09:35.417+0000] {dagbag.py:545} INFO - Filling up the DagBag from /usr/local/python/3.10.13/lib/python3.10/site-packages/airflow/example_dags/example_short_circuit_operator.py
[2024-05-16T12:09:35.428+0000] {processor.py:840} INFO - DAG(s) 'example_short_circuit_operator' retrieved from /usr/local/python/3.10.13/lib/python3.10/site-packages/airflow/example_dags/example_short_circuit_operator.py
[2024-05-16T12:09:35.443+0000] {logging_mixin.py:188} INFO - [2024-05-16T12:09:35.443+0000] {dag.py:3096} INFO - Sync 1 DAGs
[2024-05-16T12:09:35.462+0000] {logging_mixin.py:188} INFO - [2024-05-16T12:09:35.462+0000] {dag.py:3954} INFO - Setting next_dagrun for example_short_circuit_operator to 2024-05-15 00:00:00+00:00, run_after=2024-05-16 00:00:00+00:00
[2024-05-16T12:09:35.507+0000] {processor.py:183} INFO - Processing /usr/local/python/3.10.13/lib/python3.10/site-packages/airflow/example_dags/example_short_circuit_operator.py took 0.099 seconds
[2024-05-16T12:10:19.056+0000] {processor.py:161} INFO - Started process (PID=9047) to work on /usr/local/python/3.10.13/lib/python3.10/site-packages/airflow/example_dags/example_short_circuit_operator.py
[2024-05-16T12:10:19.057+0000] {processor.py:830} INFO - Processing file /usr/local/python/3.10.13/lib/python3.10/site-packages/airflow/example_dags/example_short_circuit_operator.py for tasks to queue
[2024-05-16T12:10:19.058+0000] {logging_mixin.py:188} INFO - [2024-05-16T12:10:19.058+0000] {dagbag.py:545} INFO - Filling up the DagBag from /usr/local/python/3.10.13/lib/python3.10/site-packages/airflow/example_dags/example_short_circuit_operator.py
[2024-05-16T12:10:19.064+0000] {processor.py:840} INFO - DAG(s) 'example_short_circuit_operator' retrieved from /usr/local/python/3.10.13/lib/python3.10/site-packages/airflow/example_dags/example_short_circuit_operator.py
[2024-05-16T12:10:19.078+0000] {logging_mixin.py:188} INFO - [2024-05-16T12:10:19.078+0000] {dag.py:3096} INFO - Sync 1 DAGs
[2024-05-16T12:10:19.093+0000] {logging_mixin.py:188} INFO - [2024-05-16T12:10:19.093+0000] {dag.py:3954} INFO - Setting next_dagrun for example_short_circuit_operator to 2024-05-15 00:00:00+00:00, run_after=2024-05-16 00:00:00+00:00
[2024-05-16T12:10:19.139+0000] {processor.py:183} INFO - Processing /usr/local/python/3.10.13/lib/python3.10/site-packages/airflow/example_dags/example_short_circuit_operator.py took 0.088 seconds
[2024-05-16T12:11:08.172+0000] {processor.py:161} INFO - Started process (PID=9391) to work on /usr/local/python/3.10.13/lib/python3.10/site-packages/airflow/example_dags/example_short_circuit_operator.py
[2024-05-16T12:11:08.175+0000] {processor.py:830} INFO - Processing file /usr/local/python/3.10.13/lib/python3.10/site-packages/airflow/example_dags/example_short_circuit_operator.py for tasks to queue
[2024-05-16T12:11:08.177+0000] {logging_mixin.py:188} INFO - [2024-05-16T12:11:08.176+0000] {dagbag.py:545} INFO - Filling up the DagBag from /usr/local/python/3.10.13/lib/python3.10/site-packages/airflow/example_dags/example_short_circuit_operator.py
[2024-05-16T12:11:08.195+0000] {processor.py:840} INFO - DAG(s) 'example_short_circuit_operator' retrieved from /usr/local/python/3.10.13/lib/python3.10/site-packages/airflow/example_dags/example_short_circuit_operator.py
[2024-05-16T12:11:08.225+0000] {logging_mixin.py:188} INFO - [2024-05-16T12:11:08.224+0000] {dag.py:3096} INFO - Sync 1 DAGs
[2024-05-16T12:11:08.248+0000] {logging_mixin.py:188} INFO - [2024-05-16T12:11:08.247+0000] {dag.py:3954} INFO - Setting next_dagrun for example_short_circuit_operator to 2024-05-15 00:00:00+00:00, run_after=2024-05-16 00:00:00+00:00
[2024-05-16T12:11:08.298+0000] {processor.py:183} INFO - Processing /usr/local/python/3.10.13/lib/python3.10/site-packages/airflow/example_dags/example_short_circuit_operator.py took 0.135 seconds
[2024-05-16T12:11:51.075+0000] {processor.py:161} INFO - Started process (PID=9680) to work on /usr/local/python/3.10.13/lib/python3.10/site-packages/airflow/example_dags/example_short_circuit_operator.py
[2024-05-16T12:11:51.075+0000] {processor.py:830} INFO - Processing file /usr/local/python/3.10.13/lib/python3.10/site-packages/airflow/example_dags/example_short_circuit_operator.py for tasks to queue
[2024-05-16T12:11:51.077+0000] {logging_mixin.py:188} INFO - [2024-05-16T12:11:51.076+0000] {dagbag.py:545} INFO - Filling up the DagBag from /usr/local/python/3.10.13/lib/python3.10/site-packages/airflow/example_dags/example_short_circuit_operator.py
[2024-05-16T12:11:51.083+0000] {processor.py:840} INFO - DAG(s) 'example_short_circuit_operator' retrieved from /usr/local/python/3.10.13/lib/python3.10/site-packages/airflow/example_dags/example_short_circuit_operator.py
[2024-05-16T12:11:51.097+0000] {logging_mixin.py:188} INFO - [2024-05-16T12:11:51.097+0000] {dag.py:3096} INFO - Sync 1 DAGs
[2024-05-16T12:11:51.112+0000] {logging_mixin.py:188} INFO - [2024-05-16T12:11:51.112+0000] {dag.py:3954} INFO - Setting next_dagrun for example_short_circuit_operator to 2024-05-15 00:00:00+00:00, run_after=2024-05-16 00:00:00+00:00
[2024-05-16T12:11:51.158+0000] {processor.py:183} INFO - Processing /usr/local/python/3.10.13/lib/python3.10/site-packages/airflow/example_dags/example_short_circuit_operator.py took 0.089 seconds
[2024-05-16T12:12:32.888+0000] {processor.py:161} INFO - Started process (PID=9967) to work on /usr/local/python/3.10.13/lib/python3.10/site-packages/airflow/example_dags/example_short_circuit_operator.py
[2024-05-16T12:12:32.888+0000] {processor.py:830} INFO - Processing file /usr/local/python/3.10.13/lib/python3.10/site-packages/airflow/example_dags/example_short_circuit_operator.py for tasks to queue
[2024-05-16T12:12:32.890+0000] {logging_mixin.py:188} INFO - [2024-05-16T12:12:32.889+0000] {dagbag.py:545} INFO - Filling up the DagBag from /usr/local/python/3.10.13/lib/python3.10/site-packages/airflow/example_dags/example_short_circuit_operator.py
[2024-05-16T12:12:32.896+0000] {processor.py:840} INFO - DAG(s) 'example_short_circuit_operator' retrieved from /usr/local/python/3.10.13/lib/python3.10/site-packages/airflow/example_dags/example_short_circuit_operator.py
[2024-05-16T12:12:32.911+0000] {logging_mixin.py:188} INFO - [2024-05-16T12:12:32.911+0000] {dag.py:3096} INFO - Sync 1 DAGs
[2024-05-16T12:12:32.927+0000] {logging_mixin.py:188} INFO - [2024-05-16T12:12:32.927+0000] {dag.py:3954} INFO - Setting next_dagrun for example_short_circuit_operator to 2024-05-15 00:00:00+00:00, run_after=2024-05-16 00:00:00+00:00
[2024-05-16T12:12:32.975+0000] {processor.py:183} INFO - Processing /usr/local/python/3.10.13/lib/python3.10/site-packages/airflow/example_dags/example_short_circuit_operator.py took 0.092 seconds
[2024-05-16T12:13:15.600+0000] {processor.py:161} INFO - Started process (PID=10260) to work on /usr/local/python/3.10.13/lib/python3.10/site-packages/airflow/example_dags/example_short_circuit_operator.py
[2024-05-16T12:13:15.601+0000] {processor.py:830} INFO - Processing file /usr/local/python/3.10.13/lib/python3.10/site-packages/airflow/example_dags/example_short_circuit_operator.py for tasks to queue
[2024-05-16T12:13:15.602+0000] {logging_mixin.py:188} INFO - [2024-05-16T12:13:15.602+0000] {dagbag.py:545} INFO - Filling up the DagBag from /usr/local/python/3.10.13/lib/python3.10/site-packages/airflow/example_dags/example_short_circuit_operator.py
[2024-05-16T12:13:15.617+0000] {processor.py:840} INFO - DAG(s) 'example_short_circuit_operator' retrieved from /usr/local/python/3.10.13/lib/python3.10/site-packages/airflow/example_dags/example_short_circuit_operator.py
[2024-05-16T12:13:15.632+0000] {logging_mixin.py:188} INFO - [2024-05-16T12:13:15.632+0000] {dag.py:3096} INFO - Sync 1 DAGs
[2024-05-16T12:13:15.647+0000] {logging_mixin.py:188} INFO - [2024-05-16T12:13:15.647+0000] {dag.py:3954} INFO - Setting next_dagrun for example_short_circuit_operator to 2024-05-15 00:00:00+00:00, run_after=2024-05-16 00:00:00+00:00
[2024-05-16T12:13:15.695+0000] {processor.py:183} INFO - Processing /usr/local/python/3.10.13/lib/python3.10/site-packages/airflow/example_dags/example_short_circuit_operator.py took 0.101 seconds
[2024-05-16T12:13:57.085+0000] {processor.py:161} INFO - Started process (PID=10545) to work on /usr/local/python/3.10.13/lib/python3.10/site-packages/airflow/example_dags/example_short_circuit_operator.py
[2024-05-16T12:13:57.085+0000] {processor.py:830} INFO - Processing file /usr/local/python/3.10.13/lib/python3.10/site-packages/airflow/example_dags/example_short_circuit_operator.py for tasks to queue
[2024-05-16T12:13:57.087+0000] {logging_mixin.py:188} INFO - [2024-05-16T12:13:57.086+0000] {dagbag.py:545} INFO - Filling up the DagBag from /usr/local/python/3.10.13/lib/python3.10/site-packages/airflow/example_dags/example_short_circuit_operator.py
[2024-05-16T12:13:57.092+0000] {processor.py:840} INFO - DAG(s) 'example_short_circuit_operator' retrieved from /usr/local/python/3.10.13/lib/python3.10/site-packages/airflow/example_dags/example_short_circuit_operator.py
[2024-05-16T12:13:57.107+0000] {logging_mixin.py:188} INFO - [2024-05-16T12:13:57.106+0000] {dag.py:3096} INFO - Sync 1 DAGs
[2024-05-16T12:13:57.122+0000] {logging_mixin.py:188} INFO - [2024-05-16T12:13:57.122+0000] {dag.py:3954} INFO - Setting next_dagrun for example_short_circuit_operator to 2024-05-15 00:00:00+00:00, run_after=2024-05-16 00:00:00+00:00
[2024-05-16T12:13:57.169+0000] {processor.py:183} INFO - Processing /usr/local/python/3.10.13/lib/python3.10/site-packages/airflow/example_dags/example_short_circuit_operator.py took 0.089 seconds
[2024-05-16T12:14:38.443+0000] {processor.py:161} INFO - Started process (PID=10829) to work on /usr/local/python/3.10.13/lib/python3.10/site-packages/airflow/example_dags/example_short_circuit_operator.py
[2024-05-16T12:14:38.444+0000] {processor.py:830} INFO - Processing file /usr/local/python/3.10.13/lib/python3.10/site-packages/airflow/example_dags/example_short_circuit_operator.py for tasks to queue
[2024-05-16T12:14:38.447+0000] {logging_mixin.py:188} INFO - [2024-05-16T12:14:38.447+0000] {dagbag.py:545} INFO - Filling up the DagBag from /usr/local/python/3.10.13/lib/python3.10/site-packages/airflow/example_dags/example_short_circuit_operator.py
[2024-05-16T12:14:38.457+0000] {processor.py:840} INFO - DAG(s) 'example_short_circuit_operator' retrieved from /usr/local/python/3.10.13/lib/python3.10/site-packages/airflow/example_dags/example_short_circuit_operator.py
[2024-05-16T12:14:38.475+0000] {logging_mixin.py:188} INFO - [2024-05-16T12:14:38.475+0000] {dag.py:3096} INFO - Sync 1 DAGs
[2024-05-16T12:14:38.497+0000] {logging_mixin.py:188} INFO - [2024-05-16T12:14:38.497+0000] {dag.py:3954} INFO - Setting next_dagrun for example_short_circuit_operator to 2024-05-15 00:00:00+00:00, run_after=2024-05-16 00:00:00+00:00
[2024-05-16T12:14:38.558+0000] {processor.py:183} INFO - Processing /usr/local/python/3.10.13/lib/python3.10/site-packages/airflow/example_dags/example_short_circuit_operator.py took 0.123 seconds
[2024-05-16T12:15:22.175+0000] {processor.py:161} INFO - Started process (PID=11139) to work on /usr/local/python/3.10.13/lib/python3.10/site-packages/airflow/example_dags/example_short_circuit_operator.py
[2024-05-16T12:15:22.176+0000] {processor.py:830} INFO - Processing file /usr/local/python/3.10.13/lib/python3.10/site-packages/airflow/example_dags/example_short_circuit_operator.py for tasks to queue
[2024-05-16T12:15:22.178+0000] {logging_mixin.py:188} INFO - [2024-05-16T12:15:22.177+0000] {dagbag.py:545} INFO - Filling up the DagBag from /usr/local/python/3.10.13/lib/python3.10/site-packages/airflow/example_dags/example_short_circuit_operator.py
[2024-05-16T12:15:22.183+0000] {processor.py:840} INFO - DAG(s) 'example_short_circuit_operator' retrieved from /usr/local/python/3.10.13/lib/python3.10/site-packages/airflow/example_dags/example_short_circuit_operator.py
[2024-05-16T12:15:22.199+0000] {logging_mixin.py:188} INFO - [2024-05-16T12:15:22.199+0000] {dag.py:3096} INFO - Sync 1 DAGs
[2024-05-16T12:15:22.213+0000] {logging_mixin.py:188} INFO - [2024-05-16T12:15:22.213+0000] {dag.py:3954} INFO - Setting next_dagrun for example_short_circuit_operator to 2024-05-15 00:00:00+00:00, run_after=2024-05-16 00:00:00+00:00
[2024-05-16T12:15:22.260+0000] {processor.py:183} INFO - Processing /usr/local/python/3.10.13/lib/python3.10/site-packages/airflow/example_dags/example_short_circuit_operator.py took 0.089 seconds
[2024-05-16T12:16:03.523+0000] {processor.py:161} INFO - Started process (PID=11452) to work on /usr/local/python/3.10.13/lib/python3.10/site-packages/airflow/example_dags/example_short_circuit_operator.py
[2024-05-16T12:16:03.524+0000] {processor.py:830} INFO - Processing file /usr/local/python/3.10.13/lib/python3.10/site-packages/airflow/example_dags/example_short_circuit_operator.py for tasks to queue
[2024-05-16T12:16:03.525+0000] {logging_mixin.py:188} INFO - [2024-05-16T12:16:03.525+0000] {dagbag.py:545} INFO - Filling up the DagBag from /usr/local/python/3.10.13/lib/python3.10/site-packages/airflow/example_dags/example_short_circuit_operator.py
[2024-05-16T12:16:03.531+0000] {processor.py:840} INFO - DAG(s) 'example_short_circuit_operator' retrieved from /usr/local/python/3.10.13/lib/python3.10/site-packages/airflow/example_dags/example_short_circuit_operator.py
[2024-05-16T12:16:03.546+0000] {logging_mixin.py:188} INFO - [2024-05-16T12:16:03.546+0000] {dag.py:3096} INFO - Sync 1 DAGs
[2024-05-16T12:16:03.561+0000] {logging_mixin.py:188} INFO - [2024-05-16T12:16:03.561+0000] {dag.py:3954} INFO - Setting next_dagrun for example_short_circuit_operator to 2024-05-15 00:00:00+00:00, run_after=2024-05-16 00:00:00+00:00
[2024-05-16T12:16:03.607+0000] {processor.py:183} INFO - Processing /usr/local/python/3.10.13/lib/python3.10/site-packages/airflow/example_dags/example_short_circuit_operator.py took 0.089 seconds
[2024-05-16T12:16:49.300+0000] {processor.py:161} INFO - Started process (PID=11776) to work on /usr/local/python/3.10.13/lib/python3.10/site-packages/airflow/example_dags/example_short_circuit_operator.py
[2024-05-16T12:16:49.301+0000] {processor.py:830} INFO - Processing file /usr/local/python/3.10.13/lib/python3.10/site-packages/airflow/example_dags/example_short_circuit_operator.py for tasks to queue
[2024-05-16T12:16:49.303+0000] {logging_mixin.py:188} INFO - [2024-05-16T12:16:49.302+0000] {dagbag.py:545} INFO - Filling up the DagBag from /usr/local/python/3.10.13/lib/python3.10/site-packages/airflow/example_dags/example_short_circuit_operator.py
[2024-05-16T12:16:49.309+0000] {processor.py:840} INFO - DAG(s) 'example_short_circuit_operator' retrieved from /usr/local/python/3.10.13/lib/python3.10/site-packages/airflow/example_dags/example_short_circuit_operator.py
[2024-05-16T12:16:49.324+0000] {logging_mixin.py:188} INFO - [2024-05-16T12:16:49.323+0000] {dag.py:3096} INFO - Sync 1 DAGs
[2024-05-16T12:16:49.338+0000] {logging_mixin.py:188} INFO - [2024-05-16T12:16:49.338+0000] {dag.py:3954} INFO - Setting next_dagrun for example_short_circuit_operator to 2024-05-15 00:00:00+00:00, run_after=2024-05-16 00:00:00+00:00
[2024-05-16T12:16:49.389+0000] {processor.py:183} INFO - Processing /usr/local/python/3.10.13/lib/python3.10/site-packages/airflow/example_dags/example_short_circuit_operator.py took 0.093 seconds
[2024-05-16T12:17:30.879+0000] {processor.py:161} INFO - Started process (PID=12075) to work on /usr/local/python/3.10.13/lib/python3.10/site-packages/airflow/example_dags/example_short_circuit_operator.py
[2024-05-16T12:17:30.879+0000] {processor.py:830} INFO - Processing file /usr/local/python/3.10.13/lib/python3.10/site-packages/airflow/example_dags/example_short_circuit_operator.py for tasks to queue
[2024-05-16T12:17:30.881+0000] {logging_mixin.py:188} INFO - [2024-05-16T12:17:30.880+0000] {dagbag.py:545} INFO - Filling up the DagBag from /usr/local/python/3.10.13/lib/python3.10/site-packages/airflow/example_dags/example_short_circuit_operator.py
[2024-05-16T12:17:30.886+0000] {processor.py:840} INFO - DAG(s) 'example_short_circuit_operator' retrieved from /usr/local/python/3.10.13/lib/python3.10/site-packages/airflow/example_dags/example_short_circuit_operator.py
[2024-05-16T12:17:30.900+0000] {logging_mixin.py:188} INFO - [2024-05-16T12:17:30.900+0000] {dag.py:3096} INFO - Sync 1 DAGs
[2024-05-16T12:17:30.915+0000] {logging_mixin.py:188} INFO - [2024-05-16T12:17:30.915+0000] {dag.py:3954} INFO - Setting next_dagrun for example_short_circuit_operator to 2024-05-15 00:00:00+00:00, run_after=2024-05-16 00:00:00+00:00
[2024-05-16T12:17:30.962+0000] {processor.py:183} INFO - Processing /usr/local/python/3.10.13/lib/python3.10/site-packages/airflow/example_dags/example_short_circuit_operator.py took 0.089 seconds
[2024-05-16T12:18:11.606+0000] {processor.py:161} INFO - Started process (PID=12363) to work on /usr/local/python/3.10.13/lib/python3.10/site-packages/airflow/example_dags/example_short_circuit_operator.py
[2024-05-16T12:18:11.608+0000] {processor.py:830} INFO - Processing file /usr/local/python/3.10.13/lib/python3.10/site-packages/airflow/example_dags/example_short_circuit_operator.py for tasks to queue
[2024-05-16T12:18:11.609+0000] {logging_mixin.py:188} INFO - [2024-05-16T12:18:11.609+0000] {dagbag.py:545} INFO - Filling up the DagBag from /usr/local/python/3.10.13/lib/python3.10/site-packages/airflow/example_dags/example_short_circuit_operator.py
[2024-05-16T12:18:11.618+0000] {processor.py:840} INFO - DAG(s) 'example_short_circuit_operator' retrieved from /usr/local/python/3.10.13/lib/python3.10/site-packages/airflow/example_dags/example_short_circuit_operator.py
[2024-05-16T12:18:11.640+0000] {logging_mixin.py:188} INFO - [2024-05-16T12:18:11.640+0000] {dag.py:3096} INFO - Sync 1 DAGs
[2024-05-16T12:18:11.661+0000] {logging_mixin.py:188} INFO - [2024-05-16T12:18:11.660+0000] {dag.py:3954} INFO - Setting next_dagrun for example_short_circuit_operator to 2024-05-15 00:00:00+00:00, run_after=2024-05-16 00:00:00+00:00
[2024-05-16T12:18:11.714+0000] {processor.py:183} INFO - Processing /usr/local/python/3.10.13/lib/python3.10/site-packages/airflow/example_dags/example_short_circuit_operator.py took 0.114 seconds
[2024-05-16T12:18:53.429+0000] {processor.py:161} INFO - Started process (PID=12679) to work on /usr/local/python/3.10.13/lib/python3.10/site-packages/airflow/example_dags/example_short_circuit_operator.py
[2024-05-16T12:18:53.430+0000] {processor.py:830} INFO - Processing file /usr/local/python/3.10.13/lib/python3.10/site-packages/airflow/example_dags/example_short_circuit_operator.py for tasks to queue
[2024-05-16T12:18:53.431+0000] {logging_mixin.py:188} INFO - [2024-05-16T12:18:53.431+0000] {dagbag.py:545} INFO - Filling up the DagBag from /usr/local/python/3.10.13/lib/python3.10/site-packages/airflow/example_dags/example_short_circuit_operator.py
[2024-05-16T12:18:53.437+0000] {processor.py:840} INFO - DAG(s) 'example_short_circuit_operator' retrieved from /usr/local/python/3.10.13/lib/python3.10/site-packages/airflow/example_dags/example_short_circuit_operator.py
[2024-05-16T12:18:53.451+0000] {logging_mixin.py:188} INFO - [2024-05-16T12:18:53.451+0000] {dag.py:3096} INFO - Sync 1 DAGs
[2024-05-16T12:18:53.467+0000] {logging_mixin.py:188} INFO - [2024-05-16T12:18:53.466+0000] {dag.py:3954} INFO - Setting next_dagrun for example_short_circuit_operator to 2024-05-15 00:00:00+00:00, run_after=2024-05-16 00:00:00+00:00
[2024-05-16T12:18:53.516+0000] {processor.py:183} INFO - Processing /usr/local/python/3.10.13/lib/python3.10/site-packages/airflow/example_dags/example_short_circuit_operator.py took 0.092 seconds
[2024-05-16T12:19:36.326+0000] {processor.py:161} INFO - Started process (PID=12985) to work on /usr/local/python/3.10.13/lib/python3.10/site-packages/airflow/example_dags/example_short_circuit_operator.py
[2024-05-16T12:19:36.327+0000] {processor.py:830} INFO - Processing file /usr/local/python/3.10.13/lib/python3.10/site-packages/airflow/example_dags/example_short_circuit_operator.py for tasks to queue
[2024-05-16T12:19:36.328+0000] {logging_mixin.py:188} INFO - [2024-05-16T12:19:36.328+0000] {dagbag.py:545} INFO - Filling up the DagBag from /usr/local/python/3.10.13/lib/python3.10/site-packages/airflow/example_dags/example_short_circuit_operator.py
[2024-05-16T12:19:36.335+0000] {processor.py:840} INFO - DAG(s) 'example_short_circuit_operator' retrieved from /usr/local/python/3.10.13/lib/python3.10/site-packages/airflow/example_dags/example_short_circuit_operator.py
[2024-05-16T12:19:36.351+0000] {logging_mixin.py:188} INFO - [2024-05-16T12:19:36.351+0000] {dag.py:3096} INFO - Sync 1 DAGs
[2024-05-16T12:19:36.366+0000] {logging_mixin.py:188} INFO - [2024-05-16T12:19:36.366+0000] {dag.py:3954} INFO - Setting next_dagrun for example_short_circuit_operator to 2024-05-15 00:00:00+00:00, run_after=2024-05-16 00:00:00+00:00
[2024-05-16T12:19:36.411+0000] {processor.py:183} INFO - Processing /usr/local/python/3.10.13/lib/python3.10/site-packages/airflow/example_dags/example_short_circuit_operator.py took 0.089 seconds
[2024-05-16T12:20:17.171+0000] {processor.py:161} INFO - Started process (PID=13278) to work on /usr/local/python/3.10.13/lib/python3.10/site-packages/airflow/example_dags/example_short_circuit_operator.py
[2024-05-16T12:20:17.172+0000] {processor.py:830} INFO - Processing file /usr/local/python/3.10.13/lib/python3.10/site-packages/airflow/example_dags/example_short_circuit_operator.py for tasks to queue
[2024-05-16T12:20:17.174+0000] {logging_mixin.py:188} INFO - [2024-05-16T12:20:17.173+0000] {dagbag.py:545} INFO - Filling up the DagBag from /usr/local/python/3.10.13/lib/python3.10/site-packages/airflow/example_dags/example_short_circuit_operator.py
[2024-05-16T12:20:17.179+0000] {processor.py:840} INFO - DAG(s) 'example_short_circuit_operator' retrieved from /usr/local/python/3.10.13/lib/python3.10/site-packages/airflow/example_dags/example_short_circuit_operator.py
[2024-05-16T12:20:17.193+0000] {logging_mixin.py:188} INFO - [2024-05-16T12:20:17.193+0000] {dag.py:3096} INFO - Sync 1 DAGs
[2024-05-16T12:20:17.207+0000] {logging_mixin.py:188} INFO - [2024-05-16T12:20:17.207+0000] {dag.py:3954} INFO - Setting next_dagrun for example_short_circuit_operator to 2024-05-15 00:00:00+00:00, run_after=2024-05-16 00:00:00+00:00
[2024-05-16T12:20:17.253+0000] {processor.py:183} INFO - Processing /usr/local/python/3.10.13/lib/python3.10/site-packages/airflow/example_dags/example_short_circuit_operator.py took 0.086 seconds
[2024-05-16T12:20:58.753+0000] {processor.py:161} INFO - Started process (PID=13569) to work on /usr/local/python/3.10.13/lib/python3.10/site-packages/airflow/example_dags/example_short_circuit_operator.py
[2024-05-16T12:20:58.754+0000] {processor.py:830} INFO - Processing file /usr/local/python/3.10.13/lib/python3.10/site-packages/airflow/example_dags/example_short_circuit_operator.py for tasks to queue
[2024-05-16T12:20:58.755+0000] {logging_mixin.py:188} INFO - [2024-05-16T12:20:58.755+0000] {dagbag.py:545} INFO - Filling up the DagBag from /usr/local/python/3.10.13/lib/python3.10/site-packages/airflow/example_dags/example_short_circuit_operator.py
[2024-05-16T12:20:58.761+0000] {processor.py:840} INFO - DAG(s) 'example_short_circuit_operator' retrieved from /usr/local/python/3.10.13/lib/python3.10/site-packages/airflow/example_dags/example_short_circuit_operator.py
[2024-05-16T12:20:58.775+0000] {logging_mixin.py:188} INFO - [2024-05-16T12:20:58.775+0000] {dag.py:3096} INFO - Sync 1 DAGs
[2024-05-16T12:20:58.789+0000] {logging_mixin.py:188} INFO - [2024-05-16T12:20:58.789+0000] {dag.py:3954} INFO - Setting next_dagrun for example_short_circuit_operator to 2024-05-15 00:00:00+00:00, run_after=2024-05-16 00:00:00+00:00
[2024-05-16T12:20:58.835+0000] {processor.py:183} INFO - Processing /usr/local/python/3.10.13/lib/python3.10/site-packages/airflow/example_dags/example_short_circuit_operator.py took 0.086 seconds
[2024-05-16T12:21:41.648+0000] {processor.py:161} INFO - Started process (PID=13865) to work on /usr/local/python/3.10.13/lib/python3.10/site-packages/airflow/example_dags/example_short_circuit_operator.py
[2024-05-16T12:21:41.649+0000] {processor.py:830} INFO - Processing file /usr/local/python/3.10.13/lib/python3.10/site-packages/airflow/example_dags/example_short_circuit_operator.py for tasks to queue
[2024-05-16T12:21:41.650+0000] {logging_mixin.py:188} INFO - [2024-05-16T12:21:41.650+0000] {dagbag.py:545} INFO - Filling up the DagBag from /usr/local/python/3.10.13/lib/python3.10/site-packages/airflow/example_dags/example_short_circuit_operator.py
[2024-05-16T12:21:41.656+0000] {processor.py:840} INFO - DAG(s) 'example_short_circuit_operator' retrieved from /usr/local/python/3.10.13/lib/python3.10/site-packages/airflow/example_dags/example_short_circuit_operator.py
[2024-05-16T12:21:41.670+0000] {logging_mixin.py:188} INFO - [2024-05-16T12:21:41.670+0000] {dag.py:3096} INFO - Sync 1 DAGs
[2024-05-16T12:21:41.685+0000] {logging_mixin.py:188} INFO - [2024-05-16T12:21:41.685+0000] {dag.py:3954} INFO - Setting next_dagrun for example_short_circuit_operator to 2024-05-15 00:00:00+00:00, run_after=2024-05-16 00:00:00+00:00
[2024-05-16T12:21:41.730+0000] {processor.py:183} INFO - Processing /usr/local/python/3.10.13/lib/python3.10/site-packages/airflow/example_dags/example_short_circuit_operator.py took 0.087 seconds
[2024-05-16T12:22:25.599+0000] {processor.py:161} INFO - Started process (PID=14188) to work on /usr/local/python/3.10.13/lib/python3.10/site-packages/airflow/example_dags/example_short_circuit_operator.py
[2024-05-16T12:22:25.599+0000] {processor.py:830} INFO - Processing file /usr/local/python/3.10.13/lib/python3.10/site-packages/airflow/example_dags/example_short_circuit_operator.py for tasks to queue
[2024-05-16T12:22:25.601+0000] {logging_mixin.py:188} INFO - [2024-05-16T12:22:25.600+0000] {dagbag.py:545} INFO - Filling up the DagBag from /usr/local/python/3.10.13/lib/python3.10/site-packages/airflow/example_dags/example_short_circuit_operator.py
[2024-05-16T12:22:25.606+0000] {processor.py:840} INFO - DAG(s) 'example_short_circuit_operator' retrieved from /usr/local/python/3.10.13/lib/python3.10/site-packages/airflow/example_dags/example_short_circuit_operator.py
[2024-05-16T12:22:25.620+0000] {logging_mixin.py:188} INFO - [2024-05-16T12:22:25.620+0000] {dag.py:3096} INFO - Sync 1 DAGs
[2024-05-16T12:22:25.635+0000] {logging_mixin.py:188} INFO - [2024-05-16T12:22:25.635+0000] {dag.py:3954} INFO - Setting next_dagrun for example_short_circuit_operator to 2024-05-15 00:00:00+00:00, run_after=2024-05-16 00:00:00+00:00
[2024-05-16T12:22:25.681+0000] {processor.py:183} INFO - Processing /usr/local/python/3.10.13/lib/python3.10/site-packages/airflow/example_dags/example_short_circuit_operator.py took 0.087 seconds
[2024-05-16T12:23:10.231+0000] {processor.py:161} INFO - Started process (PID=14532) to work on /usr/local/python/3.10.13/lib/python3.10/site-packages/airflow/example_dags/example_short_circuit_operator.py
[2024-05-16T12:23:10.233+0000] {processor.py:830} INFO - Processing file /usr/local/python/3.10.13/lib/python3.10/site-packages/airflow/example_dags/example_short_circuit_operator.py for tasks to queue
[2024-05-16T12:23:10.235+0000] {logging_mixin.py:188} INFO - [2024-05-16T12:23:10.234+0000] {dagbag.py:545} INFO - Filling up the DagBag from /usr/local/python/3.10.13/lib/python3.10/site-packages/airflow/example_dags/example_short_circuit_operator.py
[2024-05-16T12:23:10.242+0000] {processor.py:840} INFO - DAG(s) 'example_short_circuit_operator' retrieved from /usr/local/python/3.10.13/lib/python3.10/site-packages/airflow/example_dags/example_short_circuit_operator.py
[2024-05-16T12:23:10.257+0000] {logging_mixin.py:188} INFO - [2024-05-16T12:23:10.257+0000] {dag.py:3096} INFO - Sync 1 DAGs
[2024-05-16T12:23:10.271+0000] {logging_mixin.py:188} INFO - [2024-05-16T12:23:10.271+0000] {dag.py:3954} INFO - Setting next_dagrun for example_short_circuit_operator to 2024-05-15 00:00:00+00:00, run_after=2024-05-16 00:00:00+00:00
[2024-05-16T12:23:10.322+0000] {processor.py:183} INFO - Processing /usr/local/python/3.10.13/lib/python3.10/site-packages/airflow/example_dags/example_short_circuit_operator.py took 0.098 seconds
[2024-05-16T12:23:55.549+0000] {processor.py:161} INFO - Started process (PID=14866) to work on /usr/local/python/3.10.13/lib/python3.10/site-packages/airflow/example_dags/example_short_circuit_operator.py
[2024-05-16T12:23:55.549+0000] {processor.py:830} INFO - Processing file /usr/local/python/3.10.13/lib/python3.10/site-packages/airflow/example_dags/example_short_circuit_operator.py for tasks to queue
[2024-05-16T12:23:55.551+0000] {logging_mixin.py:188} INFO - [2024-05-16T12:23:55.550+0000] {dagbag.py:545} INFO - Filling up the DagBag from /usr/local/python/3.10.13/lib/python3.10/site-packages/airflow/example_dags/example_short_circuit_operator.py
[2024-05-16T12:23:55.557+0000] {processor.py:840} INFO - DAG(s) 'example_short_circuit_operator' retrieved from /usr/local/python/3.10.13/lib/python3.10/site-packages/airflow/example_dags/example_short_circuit_operator.py
[2024-05-16T12:23:55.571+0000] {logging_mixin.py:188} INFO - [2024-05-16T12:23:55.571+0000] {dag.py:3096} INFO - Sync 1 DAGs
[2024-05-16T12:23:55.586+0000] {logging_mixin.py:188} INFO - [2024-05-16T12:23:55.586+0000] {dag.py:3954} INFO - Setting next_dagrun for example_short_circuit_operator to 2024-05-15 00:00:00+00:00, run_after=2024-05-16 00:00:00+00:00
[2024-05-16T12:23:55.631+0000] {processor.py:183} INFO - Processing /usr/local/python/3.10.13/lib/python3.10/site-packages/airflow/example_dags/example_short_circuit_operator.py took 0.087 seconds
[2024-05-16T12:24:38.447+0000] {processor.py:161} INFO - Started process (PID=15179) to work on /usr/local/python/3.10.13/lib/python3.10/site-packages/airflow/example_dags/example_short_circuit_operator.py
[2024-05-16T12:24:38.448+0000] {processor.py:830} INFO - Processing file /usr/local/python/3.10.13/lib/python3.10/site-packages/airflow/example_dags/example_short_circuit_operator.py for tasks to queue
[2024-05-16T12:24:38.449+0000] {logging_mixin.py:188} INFO - [2024-05-16T12:24:38.449+0000] {dagbag.py:545} INFO - Filling up the DagBag from /usr/local/python/3.10.13/lib/python3.10/site-packages/airflow/example_dags/example_short_circuit_operator.py
[2024-05-16T12:24:38.455+0000] {processor.py:840} INFO - DAG(s) 'example_short_circuit_operator' retrieved from /usr/local/python/3.10.13/lib/python3.10/site-packages/airflow/example_dags/example_short_circuit_operator.py
[2024-05-16T12:24:38.469+0000] {logging_mixin.py:188} INFO - [2024-05-16T12:24:38.469+0000] {dag.py:3096} INFO - Sync 1 DAGs
[2024-05-16T12:24:38.483+0000] {logging_mixin.py:188} INFO - [2024-05-16T12:24:38.483+0000] {dag.py:3954} INFO - Setting next_dagrun for example_short_circuit_operator to 2024-05-15 00:00:00+00:00, run_after=2024-05-16 00:00:00+00:00
[2024-05-16T12:24:38.527+0000] {processor.py:183} INFO - Processing /usr/local/python/3.10.13/lib/python3.10/site-packages/airflow/example_dags/example_short_circuit_operator.py took 0.084 seconds
[2024-05-16T12:25:18.319+0000] {processor.py:161} INFO - Started process (PID=15482) to work on /usr/local/python/3.10.13/lib/python3.10/site-packages/airflow/example_dags/example_short_circuit_operator.py
[2024-05-16T12:25:18.320+0000] {processor.py:830} INFO - Processing file /usr/local/python/3.10.13/lib/python3.10/site-packages/airflow/example_dags/example_short_circuit_operator.py for tasks to queue
[2024-05-16T12:25:18.321+0000] {logging_mixin.py:188} INFO - [2024-05-16T12:25:18.321+0000] {dagbag.py:545} INFO - Filling up the DagBag from /usr/local/python/3.10.13/lib/python3.10/site-packages/airflow/example_dags/example_short_circuit_operator.py
[2024-05-16T12:25:18.327+0000] {processor.py:840} INFO - DAG(s) 'example_short_circuit_operator' retrieved from /usr/local/python/3.10.13/lib/python3.10/site-packages/airflow/example_dags/example_short_circuit_operator.py
[2024-05-16T12:25:18.341+0000] {logging_mixin.py:188} INFO - [2024-05-16T12:25:18.341+0000] {dag.py:3096} INFO - Sync 1 DAGs
[2024-05-16T12:25:18.356+0000] {logging_mixin.py:188} INFO - [2024-05-16T12:25:18.356+0000] {dag.py:3954} INFO - Setting next_dagrun for example_short_circuit_operator to 2024-05-15 00:00:00+00:00, run_after=2024-05-16 00:00:00+00:00
[2024-05-16T12:25:18.406+0000] {processor.py:183} INFO - Processing /usr/local/python/3.10.13/lib/python3.10/site-packages/airflow/example_dags/example_short_circuit_operator.py took 0.093 seconds
[2024-05-16T12:25:57.655+0000] {processor.py:161} INFO - Started process (PID=15782) to work on /usr/local/python/3.10.13/lib/python3.10/site-packages/airflow/example_dags/example_short_circuit_operator.py
[2024-05-16T12:25:57.656+0000] {processor.py:830} INFO - Processing file /usr/local/python/3.10.13/lib/python3.10/site-packages/airflow/example_dags/example_short_circuit_operator.py for tasks to queue
[2024-05-16T12:25:57.657+0000] {logging_mixin.py:188} INFO - [2024-05-16T12:25:57.657+0000] {dagbag.py:545} INFO - Filling up the DagBag from /usr/local/python/3.10.13/lib/python3.10/site-packages/airflow/example_dags/example_short_circuit_operator.py
[2024-05-16T12:25:57.663+0000] {processor.py:840} INFO - DAG(s) 'example_short_circuit_operator' retrieved from /usr/local/python/3.10.13/lib/python3.10/site-packages/airflow/example_dags/example_short_circuit_operator.py
[2024-05-16T12:25:57.677+0000] {logging_mixin.py:188} INFO - [2024-05-16T12:25:57.677+0000] {dag.py:3096} INFO - Sync 1 DAGs
[2024-05-16T12:25:57.691+0000] {logging_mixin.py:188} INFO - [2024-05-16T12:25:57.691+0000] {dag.py:3954} INFO - Setting next_dagrun for example_short_circuit_operator to 2024-05-15 00:00:00+00:00, run_after=2024-05-16 00:00:00+00:00
[2024-05-16T12:25:57.736+0000] {processor.py:183} INFO - Processing /usr/local/python/3.10.13/lib/python3.10/site-packages/airflow/example_dags/example_short_circuit_operator.py took 0.086 seconds
[2024-05-16T12:26:37.746+0000] {processor.py:161} INFO - Started process (PID=16089) to work on /usr/local/python/3.10.13/lib/python3.10/site-packages/airflow/example_dags/example_short_circuit_operator.py
[2024-05-16T12:26:37.747+0000] {processor.py:830} INFO - Processing file /usr/local/python/3.10.13/lib/python3.10/site-packages/airflow/example_dags/example_short_circuit_operator.py for tasks to queue
[2024-05-16T12:26:37.748+0000] {logging_mixin.py:188} INFO - [2024-05-16T12:26:37.748+0000] {dagbag.py:545} INFO - Filling up the DagBag from /usr/local/python/3.10.13/lib/python3.10/site-packages/airflow/example_dags/example_short_circuit_operator.py
[2024-05-16T12:26:37.754+0000] {processor.py:840} INFO - DAG(s) 'example_short_circuit_operator' retrieved from /usr/local/python/3.10.13/lib/python3.10/site-packages/airflow/example_dags/example_short_circuit_operator.py
[2024-05-16T12:26:37.768+0000] {logging_mixin.py:188} INFO - [2024-05-16T12:26:37.768+0000] {dag.py:3096} INFO - Sync 1 DAGs
[2024-05-16T12:26:37.783+0000] {logging_mixin.py:188} INFO - [2024-05-16T12:26:37.783+0000] {dag.py:3954} INFO - Setting next_dagrun for example_short_circuit_operator to 2024-05-15 00:00:00+00:00, run_after=2024-05-16 00:00:00+00:00
[2024-05-16T12:26:37.827+0000] {processor.py:183} INFO - Processing /usr/local/python/3.10.13/lib/python3.10/site-packages/airflow/example_dags/example_short_circuit_operator.py took 0.085 seconds
[2024-05-16T12:27:22.390+0000] {processor.py:161} INFO - Started process (PID=16430) to work on /usr/local/python/3.10.13/lib/python3.10/site-packages/airflow/example_dags/example_short_circuit_operator.py
[2024-05-16T12:27:22.390+0000] {processor.py:830} INFO - Processing file /usr/local/python/3.10.13/lib/python3.10/site-packages/airflow/example_dags/example_short_circuit_operator.py for tasks to queue
[2024-05-16T12:27:22.392+0000] {logging_mixin.py:188} INFO - [2024-05-16T12:27:22.391+0000] {dagbag.py:545} INFO - Filling up the DagBag from /usr/local/python/3.10.13/lib/python3.10/site-packages/airflow/example_dags/example_short_circuit_operator.py
[2024-05-16T12:27:22.398+0000] {processor.py:840} INFO - DAG(s) 'example_short_circuit_operator' retrieved from /usr/local/python/3.10.13/lib/python3.10/site-packages/airflow/example_dags/example_short_circuit_operator.py
[2024-05-16T12:27:22.412+0000] {logging_mixin.py:188} INFO - [2024-05-16T12:27:22.411+0000] {dag.py:3096} INFO - Sync 1 DAGs
[2024-05-16T12:27:22.426+0000] {logging_mixin.py:188} INFO - [2024-05-16T12:27:22.426+0000] {dag.py:3954} INFO - Setting next_dagrun for example_short_circuit_operator to 2024-05-15 00:00:00+00:00, run_after=2024-05-16 00:00:00+00:00
[2024-05-16T12:27:22.473+0000] {processor.py:183} INFO - Processing /usr/local/python/3.10.13/lib/python3.10/site-packages/airflow/example_dags/example_short_circuit_operator.py took 0.088 seconds
[2024-05-16T12:28:04.567+0000] {processor.py:161} INFO - Started process (PID=16742) to work on /usr/local/python/3.10.13/lib/python3.10/site-packages/airflow/example_dags/example_short_circuit_operator.py
[2024-05-16T12:28:04.568+0000] {processor.py:830} INFO - Processing file /usr/local/python/3.10.13/lib/python3.10/site-packages/airflow/example_dags/example_short_circuit_operator.py for tasks to queue
[2024-05-16T12:28:04.569+0000] {logging_mixin.py:188} INFO - [2024-05-16T12:28:04.569+0000] {dagbag.py:545} INFO - Filling up the DagBag from /usr/local/python/3.10.13/lib/python3.10/site-packages/airflow/example_dags/example_short_circuit_operator.py
[2024-05-16T12:28:04.575+0000] {processor.py:840} INFO - DAG(s) 'example_short_circuit_operator' retrieved from /usr/local/python/3.10.13/lib/python3.10/site-packages/airflow/example_dags/example_short_circuit_operator.py
[2024-05-16T12:28:04.589+0000] {logging_mixin.py:188} INFO - [2024-05-16T12:28:04.589+0000] {dag.py:3096} INFO - Sync 1 DAGs
[2024-05-16T12:28:04.604+0000] {logging_mixin.py:188} INFO - [2024-05-16T12:28:04.604+0000] {dag.py:3954} INFO - Setting next_dagrun for example_short_circuit_operator to 2024-05-15 00:00:00+00:00, run_after=2024-05-16 00:00:00+00:00
[2024-05-16T12:28:04.651+0000] {processor.py:183} INFO - Processing /usr/local/python/3.10.13/lib/python3.10/site-packages/airflow/example_dags/example_short_circuit_operator.py took 0.089 seconds
[2024-05-16T12:28:46.038+0000] {processor.py:161} INFO - Started process (PID=17035) to work on /usr/local/python/3.10.13/lib/python3.10/site-packages/airflow/example_dags/example_short_circuit_operator.py
[2024-05-16T12:28:46.038+0000] {processor.py:830} INFO - Processing file /usr/local/python/3.10.13/lib/python3.10/site-packages/airflow/example_dags/example_short_circuit_operator.py for tasks to queue
[2024-05-16T12:28:46.040+0000] {logging_mixin.py:188} INFO - [2024-05-16T12:28:46.039+0000] {dagbag.py:545} INFO - Filling up the DagBag from /usr/local/python/3.10.13/lib/python3.10/site-packages/airflow/example_dags/example_short_circuit_operator.py
[2024-05-16T12:28:46.046+0000] {processor.py:840} INFO - DAG(s) 'example_short_circuit_operator' retrieved from /usr/local/python/3.10.13/lib/python3.10/site-packages/airflow/example_dags/example_short_circuit_operator.py
[2024-05-16T12:28:46.072+0000] {logging_mixin.py:188} INFO - [2024-05-16T12:28:46.071+0000] {dag.py:3096} INFO - Sync 1 DAGs
[2024-05-16T12:28:46.088+0000] {logging_mixin.py:188} INFO - [2024-05-16T12:28:46.088+0000] {dag.py:3954} INFO - Setting next_dagrun for example_short_circuit_operator to 2024-05-15 00:00:00+00:00, run_after=2024-05-16 00:00:00+00:00
[2024-05-16T12:28:46.135+0000] {processor.py:183} INFO - Processing /usr/local/python/3.10.13/lib/python3.10/site-packages/airflow/example_dags/example_short_circuit_operator.py took 0.102 seconds
[2024-05-16T12:29:28.428+0000] {processor.py:161} INFO - Started process (PID=17330) to work on /usr/local/python/3.10.13/lib/python3.10/site-packages/airflow/example_dags/example_short_circuit_operator.py
[2024-05-16T12:29:28.428+0000] {processor.py:830} INFO - Processing file /usr/local/python/3.10.13/lib/python3.10/site-packages/airflow/example_dags/example_short_circuit_operator.py for tasks to queue
[2024-05-16T12:29:28.430+0000] {logging_mixin.py:188} INFO - [2024-05-16T12:29:28.429+0000] {dagbag.py:545} INFO - Filling up the DagBag from /usr/local/python/3.10.13/lib/python3.10/site-packages/airflow/example_dags/example_short_circuit_operator.py
[2024-05-16T12:29:28.436+0000] {processor.py:840} INFO - DAG(s) 'example_short_circuit_operator' retrieved from /usr/local/python/3.10.13/lib/python3.10/site-packages/airflow/example_dags/example_short_circuit_operator.py
[2024-05-16T12:29:28.450+0000] {logging_mixin.py:188} INFO - [2024-05-16T12:29:28.450+0000] {dag.py:3096} INFO - Sync 1 DAGs
[2024-05-16T12:29:28.464+0000] {logging_mixin.py:188} INFO - [2024-05-16T12:29:28.464+0000] {dag.py:3954} INFO - Setting next_dagrun for example_short_circuit_operator to 2024-05-15 00:00:00+00:00, run_after=2024-05-16 00:00:00+00:00
[2024-05-16T12:29:28.509+0000] {processor.py:183} INFO - Processing /usr/local/python/3.10.13/lib/python3.10/site-packages/airflow/example_dags/example_short_circuit_operator.py took 0.088 seconds
[2024-05-16T12:30:11.527+0000] {processor.py:161} INFO - Started process (PID=17646) to work on /usr/local/python/3.10.13/lib/python3.10/site-packages/airflow/example_dags/example_short_circuit_operator.py
[2024-05-16T12:30:11.528+0000] {processor.py:830} INFO - Processing file /usr/local/python/3.10.13/lib/python3.10/site-packages/airflow/example_dags/example_short_circuit_operator.py for tasks to queue
[2024-05-16T12:30:11.529+0000] {logging_mixin.py:188} INFO - [2024-05-16T12:30:11.528+0000] {dagbag.py:545} INFO - Filling up the DagBag from /usr/local/python/3.10.13/lib/python3.10/site-packages/airflow/example_dags/example_short_circuit_operator.py
[2024-05-16T12:30:11.535+0000] {processor.py:840} INFO - DAG(s) 'example_short_circuit_operator' retrieved from /usr/local/python/3.10.13/lib/python3.10/site-packages/airflow/example_dags/example_short_circuit_operator.py
[2024-05-16T12:30:11.549+0000] {logging_mixin.py:188} INFO - [2024-05-16T12:30:11.549+0000] {dag.py:3096} INFO - Sync 1 DAGs
[2024-05-16T12:30:11.564+0000] {logging_mixin.py:188} INFO - [2024-05-16T12:30:11.563+0000] {dag.py:3954} INFO - Setting next_dagrun for example_short_circuit_operator to 2024-05-15 00:00:00+00:00, run_after=2024-05-16 00:00:00+00:00
[2024-05-16T12:30:11.610+0000] {processor.py:183} INFO - Processing /usr/local/python/3.10.13/lib/python3.10/site-packages/airflow/example_dags/example_short_circuit_operator.py took 0.088 seconds
[2024-05-16T12:30:55.462+0000] {processor.py:161} INFO - Started process (PID=17940) to work on /usr/local/python/3.10.13/lib/python3.10/site-packages/airflow/example_dags/example_short_circuit_operator.py
[2024-05-16T12:30:55.463+0000] {processor.py:830} INFO - Processing file /usr/local/python/3.10.13/lib/python3.10/site-packages/airflow/example_dags/example_short_circuit_operator.py for tasks to queue
[2024-05-16T12:30:55.464+0000] {logging_mixin.py:188} INFO - [2024-05-16T12:30:55.464+0000] {dagbag.py:545} INFO - Filling up the DagBag from /usr/local/python/3.10.13/lib/python3.10/site-packages/airflow/example_dags/example_short_circuit_operator.py
[2024-05-16T12:30:55.470+0000] {processor.py:840} INFO - DAG(s) 'example_short_circuit_operator' retrieved from /usr/local/python/3.10.13/lib/python3.10/site-packages/airflow/example_dags/example_short_circuit_operator.py
[2024-05-16T12:30:55.485+0000] {logging_mixin.py:188} INFO - [2024-05-16T12:30:55.484+0000] {dag.py:3096} INFO - Sync 1 DAGs
[2024-05-16T12:30:55.499+0000] {logging_mixin.py:188} INFO - [2024-05-16T12:30:55.499+0000] {dag.py:3954} INFO - Setting next_dagrun for example_short_circuit_operator to 2024-05-15 00:00:00+00:00, run_after=2024-05-16 00:00:00+00:00
[2024-05-16T12:30:55.547+0000] {processor.py:183} INFO - Processing /usr/local/python/3.10.13/lib/python3.10/site-packages/airflow/example_dags/example_short_circuit_operator.py took 0.090 seconds
[2024-05-16T12:31:39.578+0000] {processor.py:161} INFO - Started process (PID=18285) to work on /usr/local/python/3.10.13/lib/python3.10/site-packages/airflow/example_dags/example_short_circuit_operator.py
[2024-05-16T12:31:39.579+0000] {processor.py:830} INFO - Processing file /usr/local/python/3.10.13/lib/python3.10/site-packages/airflow/example_dags/example_short_circuit_operator.py for tasks to queue
[2024-05-16T12:31:39.580+0000] {logging_mixin.py:188} INFO - [2024-05-16T12:31:39.580+0000] {dagbag.py:545} INFO - Filling up the DagBag from /usr/local/python/3.10.13/lib/python3.10/site-packages/airflow/example_dags/example_short_circuit_operator.py
[2024-05-16T12:31:39.586+0000] {processor.py:840} INFO - DAG(s) 'example_short_circuit_operator' retrieved from /usr/local/python/3.10.13/lib/python3.10/site-packages/airflow/example_dags/example_short_circuit_operator.py
[2024-05-16T12:31:39.600+0000] {logging_mixin.py:188} INFO - [2024-05-16T12:31:39.600+0000] {dag.py:3096} INFO - Sync 1 DAGs
[2024-05-16T12:31:39.615+0000] {logging_mixin.py:188} INFO - [2024-05-16T12:31:39.614+0000] {dag.py:3954} INFO - Setting next_dagrun for example_short_circuit_operator to 2024-05-15 00:00:00+00:00, run_after=2024-05-16 00:00:00+00:00
[2024-05-16T12:31:39.662+0000] {processor.py:183} INFO - Processing /usr/local/python/3.10.13/lib/python3.10/site-packages/airflow/example_dags/example_short_circuit_operator.py took 0.089 seconds
[2024-05-16T12:32:21.054+0000] {processor.py:161} INFO - Started process (PID=18583) to work on /usr/local/python/3.10.13/lib/python3.10/site-packages/airflow/example_dags/example_short_circuit_operator.py
[2024-05-16T12:32:21.055+0000] {processor.py:830} INFO - Processing file /usr/local/python/3.10.13/lib/python3.10/site-packages/airflow/example_dags/example_short_circuit_operator.py for tasks to queue
[2024-05-16T12:32:21.056+0000] {logging_mixin.py:188} INFO - [2024-05-16T12:32:21.056+0000] {dagbag.py:545} INFO - Filling up the DagBag from /usr/local/python/3.10.13/lib/python3.10/site-packages/airflow/example_dags/example_short_circuit_operator.py
[2024-05-16T12:32:21.062+0000] {processor.py:840} INFO - DAG(s) 'example_short_circuit_operator' retrieved from /usr/local/python/3.10.13/lib/python3.10/site-packages/airflow/example_dags/example_short_circuit_operator.py
[2024-05-16T12:32:21.076+0000] {logging_mixin.py:188} INFO - [2024-05-16T12:32:21.076+0000] {dag.py:3096} INFO - Sync 1 DAGs
[2024-05-16T12:32:21.091+0000] {logging_mixin.py:188} INFO - [2024-05-16T12:32:21.091+0000] {dag.py:3954} INFO - Setting next_dagrun for example_short_circuit_operator to 2024-05-15 00:00:00+00:00, run_after=2024-05-16 00:00:00+00:00
[2024-05-16T12:32:21.140+0000] {processor.py:183} INFO - Processing /usr/local/python/3.10.13/lib/python3.10/site-packages/airflow/example_dags/example_short_circuit_operator.py took 0.091 seconds
[2024-05-16T12:33:01.458+0000] {processor.py:161} INFO - Started process (PID=18870) to work on /usr/local/python/3.10.13/lib/python3.10/site-packages/airflow/example_dags/example_short_circuit_operator.py
[2024-05-16T12:33:01.458+0000] {processor.py:830} INFO - Processing file /usr/local/python/3.10.13/lib/python3.10/site-packages/airflow/example_dags/example_short_circuit_operator.py for tasks to queue
[2024-05-16T12:33:01.460+0000] {logging_mixin.py:188} INFO - [2024-05-16T12:33:01.459+0000] {dagbag.py:545} INFO - Filling up the DagBag from /usr/local/python/3.10.13/lib/python3.10/site-packages/airflow/example_dags/example_short_circuit_operator.py
[2024-05-16T12:33:01.466+0000] {processor.py:840} INFO - DAG(s) 'example_short_circuit_operator' retrieved from /usr/local/python/3.10.13/lib/python3.10/site-packages/airflow/example_dags/example_short_circuit_operator.py
[2024-05-16T12:33:01.482+0000] {logging_mixin.py:188} INFO - [2024-05-16T12:33:01.481+0000] {dag.py:3096} INFO - Sync 1 DAGs
[2024-05-16T12:33:01.497+0000] {logging_mixin.py:188} INFO - [2024-05-16T12:33:01.497+0000] {dag.py:3954} INFO - Setting next_dagrun for example_short_circuit_operator to 2024-05-15 00:00:00+00:00, run_after=2024-05-16 00:00:00+00:00
[2024-05-16T12:33:01.544+0000] {processor.py:183} INFO - Processing /usr/local/python/3.10.13/lib/python3.10/site-packages/airflow/example_dags/example_short_circuit_operator.py took 0.091 seconds
[2024-05-16T12:33:42.740+0000] {processor.py:161} INFO - Started process (PID=19176) to work on /usr/local/python/3.10.13/lib/python3.10/site-packages/airflow/example_dags/example_short_circuit_operator.py
[2024-05-16T12:33:42.740+0000] {processor.py:830} INFO - Processing file /usr/local/python/3.10.13/lib/python3.10/site-packages/airflow/example_dags/example_short_circuit_operator.py for tasks to queue
[2024-05-16T12:33:42.742+0000] {logging_mixin.py:188} INFO - [2024-05-16T12:33:42.742+0000] {dagbag.py:545} INFO - Filling up the DagBag from /usr/local/python/3.10.13/lib/python3.10/site-packages/airflow/example_dags/example_short_circuit_operator.py
[2024-05-16T12:33:42.748+0000] {processor.py:840} INFO - DAG(s) 'example_short_circuit_operator' retrieved from /usr/local/python/3.10.13/lib/python3.10/site-packages/airflow/example_dags/example_short_circuit_operator.py
[2024-05-16T12:33:42.761+0000] {logging_mixin.py:188} INFO - [2024-05-16T12:33:42.761+0000] {dag.py:3096} INFO - Sync 1 DAGs
[2024-05-16T12:33:42.776+0000] {logging_mixin.py:188} INFO - [2024-05-16T12:33:42.775+0000] {dag.py:3954} INFO - Setting next_dagrun for example_short_circuit_operator to 2024-05-15 00:00:00+00:00, run_after=2024-05-16 00:00:00+00:00
[2024-05-16T12:33:42.826+0000] {processor.py:183} INFO - Processing /usr/local/python/3.10.13/lib/python3.10/site-packages/airflow/example_dags/example_short_circuit_operator.py took 0.092 seconds
[2024-05-16T12:34:26.409+0000] {processor.py:161} INFO - Started process (PID=19493) to work on /usr/local/python/3.10.13/lib/python3.10/site-packages/airflow/example_dags/example_short_circuit_operator.py
[2024-05-16T12:34:26.409+0000] {processor.py:830} INFO - Processing file /usr/local/python/3.10.13/lib/python3.10/site-packages/airflow/example_dags/example_short_circuit_operator.py for tasks to queue
[2024-05-16T12:34:26.411+0000] {logging_mixin.py:188} INFO - [2024-05-16T12:34:26.410+0000] {dagbag.py:545} INFO - Filling up the DagBag from /usr/local/python/3.10.13/lib/python3.10/site-packages/airflow/example_dags/example_short_circuit_operator.py
[2024-05-16T12:34:26.417+0000] {processor.py:840} INFO - DAG(s) 'example_short_circuit_operator' retrieved from /usr/local/python/3.10.13/lib/python3.10/site-packages/airflow/example_dags/example_short_circuit_operator.py
[2024-05-16T12:34:26.431+0000] {logging_mixin.py:188} INFO - [2024-05-16T12:34:26.431+0000] {dag.py:3096} INFO - Sync 1 DAGs
[2024-05-16T12:34:26.448+0000] {logging_mixin.py:188} INFO - [2024-05-16T12:34:26.448+0000] {dag.py:3954} INFO - Setting next_dagrun for example_short_circuit_operator to 2024-05-15 00:00:00+00:00, run_after=2024-05-16 00:00:00+00:00
[2024-05-16T12:34:26.497+0000] {processor.py:183} INFO - Processing /usr/local/python/3.10.13/lib/python3.10/site-packages/airflow/example_dags/example_short_circuit_operator.py took 0.093 seconds
[2024-05-16T12:35:09.666+0000] {processor.py:161} INFO - Started process (PID=19806) to work on /usr/local/python/3.10.13/lib/python3.10/site-packages/airflow/example_dags/example_short_circuit_operator.py
[2024-05-16T12:35:09.667+0000] {processor.py:830} INFO - Processing file /usr/local/python/3.10.13/lib/python3.10/site-packages/airflow/example_dags/example_short_circuit_operator.py for tasks to queue
[2024-05-16T12:35:09.669+0000] {logging_mixin.py:188} INFO - [2024-05-16T12:35:09.668+0000] {dagbag.py:545} INFO - Filling up the DagBag from /usr/local/python/3.10.13/lib/python3.10/site-packages/airflow/example_dags/example_short_circuit_operator.py
[2024-05-16T12:35:09.675+0000] {processor.py:840} INFO - DAG(s) 'example_short_circuit_operator' retrieved from /usr/local/python/3.10.13/lib/python3.10/site-packages/airflow/example_dags/example_short_circuit_operator.py
[2024-05-16T12:35:09.688+0000] {logging_mixin.py:188} INFO - [2024-05-16T12:35:09.688+0000] {dag.py:3096} INFO - Sync 1 DAGs
[2024-05-16T12:35:09.703+0000] {logging_mixin.py:188} INFO - [2024-05-16T12:35:09.703+0000] {dag.py:3954} INFO - Setting next_dagrun for example_short_circuit_operator to 2024-05-15 00:00:00+00:00, run_after=2024-05-16 00:00:00+00:00
[2024-05-16T12:35:09.746+0000] {processor.py:183} INFO - Processing /usr/local/python/3.10.13/lib/python3.10/site-packages/airflow/example_dags/example_short_circuit_operator.py took 0.085 seconds
[2024-05-16T12:35:51.889+0000] {processor.py:161} INFO - Started process (PID=20121) to work on /usr/local/python/3.10.13/lib/python3.10/site-packages/airflow/example_dags/example_short_circuit_operator.py
[2024-05-16T12:35:51.890+0000] {processor.py:830} INFO - Processing file /usr/local/python/3.10.13/lib/python3.10/site-packages/airflow/example_dags/example_short_circuit_operator.py for tasks to queue
[2024-05-16T12:35:51.892+0000] {logging_mixin.py:188} INFO - [2024-05-16T12:35:51.891+0000] {dagbag.py:545} INFO - Filling up the DagBag from /usr/local/python/3.10.13/lib/python3.10/site-packages/airflow/example_dags/example_short_circuit_operator.py
[2024-05-16T12:35:51.901+0000] {processor.py:840} INFO - DAG(s) 'example_short_circuit_operator' retrieved from /usr/local/python/3.10.13/lib/python3.10/site-packages/airflow/example_dags/example_short_circuit_operator.py
[2024-05-16T12:35:51.926+0000] {logging_mixin.py:188} INFO - [2024-05-16T12:35:51.926+0000] {dag.py:3096} INFO - Sync 1 DAGs
[2024-05-16T12:35:51.949+0000] {logging_mixin.py:188} INFO - [2024-05-16T12:35:51.949+0000] {dag.py:3954} INFO - Setting next_dagrun for example_short_circuit_operator to 2024-05-15 00:00:00+00:00, run_after=2024-05-16 00:00:00+00:00
[2024-05-16T12:35:52.000+0000] {processor.py:183} INFO - Processing /usr/local/python/3.10.13/lib/python3.10/site-packages/airflow/example_dags/example_short_circuit_operator.py took 0.115 seconds
[2024-05-16T12:36:31.964+0000] {processor.py:161} INFO - Started process (PID=20411) to work on /usr/local/python/3.10.13/lib/python3.10/site-packages/airflow/example_dags/example_short_circuit_operator.py
[2024-05-16T12:36:31.965+0000] {processor.py:830} INFO - Processing file /usr/local/python/3.10.13/lib/python3.10/site-packages/airflow/example_dags/example_short_circuit_operator.py for tasks to queue
[2024-05-16T12:36:31.966+0000] {logging_mixin.py:188} INFO - [2024-05-16T12:36:31.966+0000] {dagbag.py:545} INFO - Filling up the DagBag from /usr/local/python/3.10.13/lib/python3.10/site-packages/airflow/example_dags/example_short_circuit_operator.py
[2024-05-16T12:36:31.972+0000] {processor.py:840} INFO - DAG(s) 'example_short_circuit_operator' retrieved from /usr/local/python/3.10.13/lib/python3.10/site-packages/airflow/example_dags/example_short_circuit_operator.py
[2024-05-16T12:36:31.986+0000] {logging_mixin.py:188} INFO - [2024-05-16T12:36:31.986+0000] {dag.py:3096} INFO - Sync 1 DAGs
[2024-05-16T12:36:32.001+0000] {logging_mixin.py:188} INFO - [2024-05-16T12:36:32.001+0000] {dag.py:3954} INFO - Setting next_dagrun for example_short_circuit_operator to 2024-05-15 00:00:00+00:00, run_after=2024-05-16 00:00:00+00:00
[2024-05-16T12:36:32.046+0000] {processor.py:183} INFO - Processing /usr/local/python/3.10.13/lib/python3.10/site-packages/airflow/example_dags/example_short_circuit_operator.py took 0.087 seconds
[2024-05-16T12:37:13.518+0000] {processor.py:161} INFO - Started process (PID=20700) to work on /usr/local/python/3.10.13/lib/python3.10/site-packages/airflow/example_dags/example_short_circuit_operator.py
[2024-05-16T12:37:13.519+0000] {processor.py:830} INFO - Processing file /usr/local/python/3.10.13/lib/python3.10/site-packages/airflow/example_dags/example_short_circuit_operator.py for tasks to queue
[2024-05-16T12:37:13.520+0000] {logging_mixin.py:188} INFO - [2024-05-16T12:37:13.520+0000] {dagbag.py:545} INFO - Filling up the DagBag from /usr/local/python/3.10.13/lib/python3.10/site-packages/airflow/example_dags/example_short_circuit_operator.py
[2024-05-16T12:37:13.526+0000] {processor.py:840} INFO - DAG(s) 'example_short_circuit_operator' retrieved from /usr/local/python/3.10.13/lib/python3.10/site-packages/airflow/example_dags/example_short_circuit_operator.py
[2024-05-16T12:37:13.545+0000] {logging_mixin.py:188} INFO - [2024-05-16T12:37:13.544+0000] {dag.py:3096} INFO - Sync 1 DAGs
[2024-05-16T12:37:13.573+0000] {logging_mixin.py:188} INFO - [2024-05-16T12:37:13.572+0000] {dag.py:3954} INFO - Setting next_dagrun for example_short_circuit_operator to 2024-05-15 00:00:00+00:00, run_after=2024-05-16 00:00:00+00:00
[2024-05-16T12:37:13.632+0000] {processor.py:183} INFO - Processing /usr/local/python/3.10.13/lib/python3.10/site-packages/airflow/example_dags/example_short_circuit_operator.py took 0.119 seconds
[2024-05-16T12:37:54.628+0000] {processor.py:161} INFO - Started process (PID=20998) to work on /usr/local/python/3.10.13/lib/python3.10/site-packages/airflow/example_dags/example_short_circuit_operator.py
[2024-05-16T12:37:54.628+0000] {processor.py:830} INFO - Processing file /usr/local/python/3.10.13/lib/python3.10/site-packages/airflow/example_dags/example_short_circuit_operator.py for tasks to queue
[2024-05-16T12:37:54.630+0000] {logging_mixin.py:188} INFO - [2024-05-16T12:37:54.629+0000] {dagbag.py:545} INFO - Filling up the DagBag from /usr/local/python/3.10.13/lib/python3.10/site-packages/airflow/example_dags/example_short_circuit_operator.py
[2024-05-16T12:37:54.636+0000] {processor.py:840} INFO - DAG(s) 'example_short_circuit_operator' retrieved from /usr/local/python/3.10.13/lib/python3.10/site-packages/airflow/example_dags/example_short_circuit_operator.py
[2024-05-16T12:37:54.658+0000] {logging_mixin.py:188} INFO - [2024-05-16T12:37:54.658+0000] {dag.py:3096} INFO - Sync 1 DAGs
[2024-05-16T12:37:54.681+0000] {logging_mixin.py:188} INFO - [2024-05-16T12:37:54.680+0000] {dag.py:3954} INFO - Setting next_dagrun for example_short_circuit_operator to 2024-05-15 00:00:00+00:00, run_after=2024-05-16 00:00:00+00:00
[2024-05-16T12:37:54.737+0000] {processor.py:183} INFO - Processing /usr/local/python/3.10.13/lib/python3.10/site-packages/airflow/example_dags/example_short_circuit_operator.py took 0.115 seconds
[2024-05-16T12:38:33.645+0000] {processor.py:161} INFO - Started process (PID=21272) to work on /usr/local/python/3.10.13/lib/python3.10/site-packages/airflow/example_dags/example_short_circuit_operator.py
[2024-05-16T12:38:33.646+0000] {processor.py:830} INFO - Processing file /usr/local/python/3.10.13/lib/python3.10/site-packages/airflow/example_dags/example_short_circuit_operator.py for tasks to queue
[2024-05-16T12:38:33.648+0000] {logging_mixin.py:188} INFO - [2024-05-16T12:38:33.647+0000] {dagbag.py:545} INFO - Filling up the DagBag from /usr/local/python/3.10.13/lib/python3.10/site-packages/airflow/example_dags/example_short_circuit_operator.py
[2024-05-16T12:38:33.654+0000] {processor.py:840} INFO - DAG(s) 'example_short_circuit_operator' retrieved from /usr/local/python/3.10.13/lib/python3.10/site-packages/airflow/example_dags/example_short_circuit_operator.py
[2024-05-16T12:38:33.670+0000] {logging_mixin.py:188} INFO - [2024-05-16T12:38:33.670+0000] {dag.py:3096} INFO - Sync 1 DAGs
[2024-05-16T12:38:33.690+0000] {logging_mixin.py:188} INFO - [2024-05-16T12:38:33.689+0000] {dag.py:3954} INFO - Setting next_dagrun for example_short_circuit_operator to 2024-05-15 00:00:00+00:00, run_after=2024-05-16 00:00:00+00:00
[2024-05-16T12:38:33.735+0000] {processor.py:183} INFO - Processing /usr/local/python/3.10.13/lib/python3.10/site-packages/airflow/example_dags/example_short_circuit_operator.py took 0.097 seconds
[2024-05-16T12:39:15.001+0000] {processor.py:161} INFO - Started process (PID=21562) to work on /usr/local/python/3.10.13/lib/python3.10/site-packages/airflow/example_dags/example_short_circuit_operator.py
[2024-05-16T12:39:15.001+0000] {processor.py:830} INFO - Processing file /usr/local/python/3.10.13/lib/python3.10/site-packages/airflow/example_dags/example_short_circuit_operator.py for tasks to queue
[2024-05-16T12:39:15.003+0000] {logging_mixin.py:188} INFO - [2024-05-16T12:39:15.002+0000] {dagbag.py:545} INFO - Filling up the DagBag from /usr/local/python/3.10.13/lib/python3.10/site-packages/airflow/example_dags/example_short_circuit_operator.py
[2024-05-16T12:39:15.009+0000] {processor.py:840} INFO - DAG(s) 'example_short_circuit_operator' retrieved from /usr/local/python/3.10.13/lib/python3.10/site-packages/airflow/example_dags/example_short_circuit_operator.py
[2024-05-16T12:39:15.023+0000] {logging_mixin.py:188} INFO - [2024-05-16T12:39:15.023+0000] {dag.py:3096} INFO - Sync 1 DAGs
[2024-05-16T12:39:15.038+0000] {logging_mixin.py:188} INFO - [2024-05-16T12:39:15.038+0000] {dag.py:3954} INFO - Setting next_dagrun for example_short_circuit_operator to 2024-05-15 00:00:00+00:00, run_after=2024-05-16 00:00:00+00:00
[2024-05-16T12:39:15.081+0000] {processor.py:183} INFO - Processing /usr/local/python/3.10.13/lib/python3.10/site-packages/airflow/example_dags/example_short_circuit_operator.py took 0.085 seconds
[2024-05-16T12:39:59.361+0000] {processor.py:161} INFO - Started process (PID=21895) to work on /usr/local/python/3.10.13/lib/python3.10/site-packages/airflow/example_dags/example_short_circuit_operator.py
[2024-05-16T12:39:59.361+0000] {processor.py:830} INFO - Processing file /usr/local/python/3.10.13/lib/python3.10/site-packages/airflow/example_dags/example_short_circuit_operator.py for tasks to queue
[2024-05-16T12:39:59.363+0000] {logging_mixin.py:188} INFO - [2024-05-16T12:39:59.362+0000] {dagbag.py:545} INFO - Filling up the DagBag from /usr/local/python/3.10.13/lib/python3.10/site-packages/airflow/example_dags/example_short_circuit_operator.py
[2024-05-16T12:39:59.368+0000] {processor.py:840} INFO - DAG(s) 'example_short_circuit_operator' retrieved from /usr/local/python/3.10.13/lib/python3.10/site-packages/airflow/example_dags/example_short_circuit_operator.py
[2024-05-16T12:39:59.382+0000] {logging_mixin.py:188} INFO - [2024-05-16T12:39:59.382+0000] {dag.py:3096} INFO - Sync 1 DAGs
[2024-05-16T12:39:59.397+0000] {logging_mixin.py:188} INFO - [2024-05-16T12:39:59.396+0000] {dag.py:3954} INFO - Setting next_dagrun for example_short_circuit_operator to 2024-05-15 00:00:00+00:00, run_after=2024-05-16 00:00:00+00:00
[2024-05-16T12:39:59.443+0000] {processor.py:183} INFO - Processing /usr/local/python/3.10.13/lib/python3.10/site-packages/airflow/example_dags/example_short_circuit_operator.py took 0.087 seconds
[2024-05-16T12:40:41.745+0000] {processor.py:161} INFO - Started process (PID=22203) to work on /usr/local/python/3.10.13/lib/python3.10/site-packages/airflow/example_dags/example_short_circuit_operator.py
[2024-05-16T12:40:41.746+0000] {processor.py:830} INFO - Processing file /usr/local/python/3.10.13/lib/python3.10/site-packages/airflow/example_dags/example_short_circuit_operator.py for tasks to queue
[2024-05-16T12:40:41.747+0000] {logging_mixin.py:188} INFO - [2024-05-16T12:40:41.747+0000] {dagbag.py:545} INFO - Filling up the DagBag from /usr/local/python/3.10.13/lib/python3.10/site-packages/airflow/example_dags/example_short_circuit_operator.py
[2024-05-16T12:40:41.753+0000] {processor.py:840} INFO - DAG(s) 'example_short_circuit_operator' retrieved from /usr/local/python/3.10.13/lib/python3.10/site-packages/airflow/example_dags/example_short_circuit_operator.py
[2024-05-16T12:40:41.767+0000] {logging_mixin.py:188} INFO - [2024-05-16T12:40:41.767+0000] {dag.py:3096} INFO - Sync 1 DAGs
[2024-05-16T12:40:41.781+0000] {logging_mixin.py:188} INFO - [2024-05-16T12:40:41.781+0000] {dag.py:3954} INFO - Setting next_dagrun for example_short_circuit_operator to 2024-05-15 00:00:00+00:00, run_after=2024-05-16 00:00:00+00:00
[2024-05-16T12:40:41.828+0000] {processor.py:183} INFO - Processing /usr/local/python/3.10.13/lib/python3.10/site-packages/airflow/example_dags/example_short_circuit_operator.py took 0.088 seconds
[2024-05-16T12:41:23.039+0000] {processor.py:161} INFO - Started process (PID=22492) to work on /usr/local/python/3.10.13/lib/python3.10/site-packages/airflow/example_dags/example_short_circuit_operator.py
[2024-05-16T12:41:23.040+0000] {processor.py:830} INFO - Processing file /usr/local/python/3.10.13/lib/python3.10/site-packages/airflow/example_dags/example_short_circuit_operator.py for tasks to queue
[2024-05-16T12:41:23.041+0000] {logging_mixin.py:188} INFO - [2024-05-16T12:41:23.041+0000] {dagbag.py:545} INFO - Filling up the DagBag from /usr/local/python/3.10.13/lib/python3.10/site-packages/airflow/example_dags/example_short_circuit_operator.py
[2024-05-16T12:41:23.048+0000] {processor.py:840} INFO - DAG(s) 'example_short_circuit_operator' retrieved from /usr/local/python/3.10.13/lib/python3.10/site-packages/airflow/example_dags/example_short_circuit_operator.py
[2024-05-16T12:41:23.062+0000] {logging_mixin.py:188} INFO - [2024-05-16T12:41:23.062+0000] {dag.py:3096} INFO - Sync 1 DAGs
[2024-05-16T12:41:23.077+0000] {logging_mixin.py:188} INFO - [2024-05-16T12:41:23.077+0000] {dag.py:3954} INFO - Setting next_dagrun for example_short_circuit_operator to 2024-05-15 00:00:00+00:00, run_after=2024-05-16 00:00:00+00:00
[2024-05-16T12:41:23.137+0000] {processor.py:183} INFO - Processing /usr/local/python/3.10.13/lib/python3.10/site-packages/airflow/example_dags/example_short_circuit_operator.py took 0.105 seconds
[2024-05-16T12:42:05.821+0000] {processor.py:161} INFO - Started process (PID=22803) to work on /usr/local/python/3.10.13/lib/python3.10/site-packages/airflow/example_dags/example_short_circuit_operator.py
[2024-05-16T12:42:05.822+0000] {processor.py:830} INFO - Processing file /usr/local/python/3.10.13/lib/python3.10/site-packages/airflow/example_dags/example_short_circuit_operator.py for tasks to queue
[2024-05-16T12:42:05.823+0000] {logging_mixin.py:188} INFO - [2024-05-16T12:42:05.823+0000] {dagbag.py:545} INFO - Filling up the DagBag from /usr/local/python/3.10.13/lib/python3.10/site-packages/airflow/example_dags/example_short_circuit_operator.py
[2024-05-16T12:42:05.829+0000] {processor.py:840} INFO - DAG(s) 'example_short_circuit_operator' retrieved from /usr/local/python/3.10.13/lib/python3.10/site-packages/airflow/example_dags/example_short_circuit_operator.py
[2024-05-16T12:42:05.843+0000] {logging_mixin.py:188} INFO - [2024-05-16T12:42:05.843+0000] {dag.py:3096} INFO - Sync 1 DAGs
[2024-05-16T12:42:05.858+0000] {logging_mixin.py:188} INFO - [2024-05-16T12:42:05.858+0000] {dag.py:3954} INFO - Setting next_dagrun for example_short_circuit_operator to 2024-05-15 00:00:00+00:00, run_after=2024-05-16 00:00:00+00:00
[2024-05-16T12:42:05.906+0000] {processor.py:183} INFO - Processing /usr/local/python/3.10.13/lib/python3.10/site-packages/airflow/example_dags/example_short_circuit_operator.py took 0.090 seconds
[2024-05-16T12:42:48.529+0000] {processor.py:161} INFO - Started process (PID=23113) to work on /usr/local/python/3.10.13/lib/python3.10/site-packages/airflow/example_dags/example_short_circuit_operator.py
[2024-05-16T12:42:48.529+0000] {processor.py:830} INFO - Processing file /usr/local/python/3.10.13/lib/python3.10/site-packages/airflow/example_dags/example_short_circuit_operator.py for tasks to queue
[2024-05-16T12:42:48.531+0000] {logging_mixin.py:188} INFO - [2024-05-16T12:42:48.530+0000] {dagbag.py:545} INFO - Filling up the DagBag from /usr/local/python/3.10.13/lib/python3.10/site-packages/airflow/example_dags/example_short_circuit_operator.py
[2024-05-16T12:42:48.536+0000] {processor.py:840} INFO - DAG(s) 'example_short_circuit_operator' retrieved from /usr/local/python/3.10.13/lib/python3.10/site-packages/airflow/example_dags/example_short_circuit_operator.py
[2024-05-16T12:42:48.550+0000] {logging_mixin.py:188} INFO - [2024-05-16T12:42:48.550+0000] {dag.py:3096} INFO - Sync 1 DAGs
[2024-05-16T12:42:48.568+0000] {logging_mixin.py:188} INFO - [2024-05-16T12:42:48.568+0000] {dag.py:3954} INFO - Setting next_dagrun for example_short_circuit_operator to 2024-05-15 00:00:00+00:00, run_after=2024-05-16 00:00:00+00:00
[2024-05-16T12:42:48.621+0000] {processor.py:183} INFO - Processing /usr/local/python/3.10.13/lib/python3.10/site-packages/airflow/example_dags/example_short_circuit_operator.py took 0.098 seconds
[2024-05-16T12:43:28.920+0000] {processor.py:161} INFO - Started process (PID=23414) to work on /usr/local/python/3.10.13/lib/python3.10/site-packages/airflow/example_dags/example_short_circuit_operator.py
[2024-05-16T12:43:28.921+0000] {processor.py:830} INFO - Processing file /usr/local/python/3.10.13/lib/python3.10/site-packages/airflow/example_dags/example_short_circuit_operator.py for tasks to queue
[2024-05-16T12:43:28.922+0000] {logging_mixin.py:188} INFO - [2024-05-16T12:43:28.922+0000] {dagbag.py:545} INFO - Filling up the DagBag from /usr/local/python/3.10.13/lib/python3.10/site-packages/airflow/example_dags/example_short_circuit_operator.py
[2024-05-16T12:43:28.928+0000] {processor.py:840} INFO - DAG(s) 'example_short_circuit_operator' retrieved from /usr/local/python/3.10.13/lib/python3.10/site-packages/airflow/example_dags/example_short_circuit_operator.py
[2024-05-16T12:43:28.942+0000] {logging_mixin.py:188} INFO - [2024-05-16T12:43:28.942+0000] {dag.py:3096} INFO - Sync 1 DAGs
[2024-05-16T12:43:28.959+0000] {logging_mixin.py:188} INFO - [2024-05-16T12:43:28.959+0000] {dag.py:3954} INFO - Setting next_dagrun for example_short_circuit_operator to 2024-05-15 00:00:00+00:00, run_after=2024-05-16 00:00:00+00:00
[2024-05-16T12:43:29.004+0000] {processor.py:183} INFO - Processing /usr/local/python/3.10.13/lib/python3.10/site-packages/airflow/example_dags/example_short_circuit_operator.py took 0.089 seconds
[2024-05-16T12:44:13.105+0000] {processor.py:161} INFO - Started process (PID=23749) to work on /usr/local/python/3.10.13/lib/python3.10/site-packages/airflow/example_dags/example_short_circuit_operator.py
[2024-05-16T12:44:13.105+0000] {processor.py:830} INFO - Processing file /usr/local/python/3.10.13/lib/python3.10/site-packages/airflow/example_dags/example_short_circuit_operator.py for tasks to queue
[2024-05-16T12:44:13.107+0000] {logging_mixin.py:188} INFO - [2024-05-16T12:44:13.106+0000] {dagbag.py:545} INFO - Filling up the DagBag from /usr/local/python/3.10.13/lib/python3.10/site-packages/airflow/example_dags/example_short_circuit_operator.py
[2024-05-16T12:44:13.113+0000] {processor.py:840} INFO - DAG(s) 'example_short_circuit_operator' retrieved from /usr/local/python/3.10.13/lib/python3.10/site-packages/airflow/example_dags/example_short_circuit_operator.py
[2024-05-16T12:44:13.130+0000] {logging_mixin.py:188} INFO - [2024-05-16T12:44:13.129+0000] {dag.py:3096} INFO - Sync 1 DAGs
[2024-05-16T12:44:13.144+0000] {logging_mixin.py:188} INFO - [2024-05-16T12:44:13.144+0000] {dag.py:3954} INFO - Setting next_dagrun for example_short_circuit_operator to 2024-05-15 00:00:00+00:00, run_after=2024-05-16 00:00:00+00:00
[2024-05-16T12:44:13.190+0000] {processor.py:183} INFO - Processing /usr/local/python/3.10.13/lib/python3.10/site-packages/airflow/example_dags/example_short_circuit_operator.py took 0.090 seconds
[2024-05-16T12:44:55.750+0000] {processor.py:161} INFO - Started process (PID=24049) to work on /usr/local/python/3.10.13/lib/python3.10/site-packages/airflow/example_dags/example_short_circuit_operator.py
[2024-05-16T12:44:55.750+0000] {processor.py:830} INFO - Processing file /usr/local/python/3.10.13/lib/python3.10/site-packages/airflow/example_dags/example_short_circuit_operator.py for tasks to queue
[2024-05-16T12:44:55.752+0000] {logging_mixin.py:188} INFO - [2024-05-16T12:44:55.751+0000] {dagbag.py:545} INFO - Filling up the DagBag from /usr/local/python/3.10.13/lib/python3.10/site-packages/airflow/example_dags/example_short_circuit_operator.py
[2024-05-16T12:44:55.758+0000] {processor.py:840} INFO - DAG(s) 'example_short_circuit_operator' retrieved from /usr/local/python/3.10.13/lib/python3.10/site-packages/airflow/example_dags/example_short_circuit_operator.py
[2024-05-16T12:44:55.773+0000] {logging_mixin.py:188} INFO - [2024-05-16T12:44:55.772+0000] {dag.py:3096} INFO - Sync 1 DAGs
[2024-05-16T12:44:55.787+0000] {logging_mixin.py:188} INFO - [2024-05-16T12:44:55.787+0000] {dag.py:3954} INFO - Setting next_dagrun for example_short_circuit_operator to 2024-05-15 00:00:00+00:00, run_after=2024-05-16 00:00:00+00:00
[2024-05-16T12:44:55.832+0000] {processor.py:183} INFO - Processing /usr/local/python/3.10.13/lib/python3.10/site-packages/airflow/example_dags/example_short_circuit_operator.py took 0.087 seconds
