[2024-05-16T12:06:13.212+0000] {processor.py:161} INFO - Started process (PID=7327) to work on /usr/local/python/3.10.13/lib/python3.10/site-packages/airflow/example_dags/example_task_group_decorator.py
[2024-05-16T12:06:13.212+0000] {processor.py:830} INFO - Processing file /usr/local/python/3.10.13/lib/python3.10/site-packages/airflow/example_dags/example_task_group_decorator.py for tasks to queue
[2024-05-16T12:06:13.214+0000] {logging_mixin.py:188} INFO - [2024-05-16T12:06:13.213+0000] {dagbag.py:545} INFO - Filling up the DagBag from /usr/local/python/3.10.13/lib/python3.10/site-packages/airflow/example_dags/example_task_group_decorator.py
[2024-05-16T12:06:13.227+0000] {processor.py:840} INFO - DAG(s) 'example_task_group_decorator' retrieved from /usr/local/python/3.10.13/lib/python3.10/site-packages/airflow/example_dags/example_task_group_decorator.py
[2024-05-16T12:06:13.388+0000] {logging_mixin.py:188} INFO - [2024-05-16T12:06:13.387+0000] {dag.py:3096} INFO - Sync 1 DAGs
[2024-05-16T12:06:13.407+0000] {logging_mixin.py:188} INFO - [2024-05-16T12:06:13.407+0000] {dag.py:3954} INFO - Setting next_dagrun for example_task_group_decorator to 2024-05-15 00:00:00+00:00, run_after=2024-05-16 00:00:00+00:00
[2024-05-16T12:06:13.465+0000] {processor.py:183} INFO - Processing /usr/local/python/3.10.13/lib/python3.10/site-packages/airflow/example_dags/example_task_group_decorator.py took 0.258 seconds
[2024-05-16T12:07:13.140+0000] {processor.py:161} INFO - Started process (PID=7729) to work on /usr/local/python/3.10.13/lib/python3.10/site-packages/airflow/example_dags/example_task_group_decorator.py
[2024-05-16T12:07:13.141+0000] {processor.py:830} INFO - Processing file /usr/local/python/3.10.13/lib/python3.10/site-packages/airflow/example_dags/example_task_group_decorator.py for tasks to queue
[2024-05-16T12:07:13.142+0000] {logging_mixin.py:188} INFO - [2024-05-16T12:07:13.142+0000] {dagbag.py:545} INFO - Filling up the DagBag from /usr/local/python/3.10.13/lib/python3.10/site-packages/airflow/example_dags/example_task_group_decorator.py
[2024-05-16T12:07:13.154+0000] {processor.py:840} INFO - DAG(s) 'example_task_group_decorator' retrieved from /usr/local/python/3.10.13/lib/python3.10/site-packages/airflow/example_dags/example_task_group_decorator.py
[2024-05-16T12:07:13.170+0000] {logging_mixin.py:188} INFO - [2024-05-16T12:07:13.169+0000] {dag.py:3096} INFO - Sync 1 DAGs
[2024-05-16T12:07:13.184+0000] {logging_mixin.py:188} INFO - [2024-05-16T12:07:13.184+0000] {dag.py:3954} INFO - Setting next_dagrun for example_task_group_decorator to 2024-05-15 00:00:00+00:00, run_after=2024-05-16 00:00:00+00:00
[2024-05-16T12:07:13.230+0000] {processor.py:183} INFO - Processing /usr/local/python/3.10.13/lib/python3.10/site-packages/airflow/example_dags/example_task_group_decorator.py took 0.095 seconds
[2024-05-16T12:08:01.841+0000] {processor.py:161} INFO - Started process (PID=8067) to work on /usr/local/python/3.10.13/lib/python3.10/site-packages/airflow/example_dags/example_task_group_decorator.py
[2024-05-16T12:08:01.842+0000] {processor.py:830} INFO - Processing file /usr/local/python/3.10.13/lib/python3.10/site-packages/airflow/example_dags/example_task_group_decorator.py for tasks to queue
[2024-05-16T12:08:01.843+0000] {logging_mixin.py:188} INFO - [2024-05-16T12:08:01.843+0000] {dagbag.py:545} INFO - Filling up the DagBag from /usr/local/python/3.10.13/lib/python3.10/site-packages/airflow/example_dags/example_task_group_decorator.py
[2024-05-16T12:08:01.855+0000] {processor.py:840} INFO - DAG(s) 'example_task_group_decorator' retrieved from /usr/local/python/3.10.13/lib/python3.10/site-packages/airflow/example_dags/example_task_group_decorator.py
[2024-05-16T12:08:01.871+0000] {logging_mixin.py:188} INFO - [2024-05-16T12:08:01.871+0000] {dag.py:3096} INFO - Sync 1 DAGs
[2024-05-16T12:08:01.888+0000] {logging_mixin.py:188} INFO - [2024-05-16T12:08:01.888+0000] {dag.py:3954} INFO - Setting next_dagrun for example_task_group_decorator to 2024-05-15 00:00:00+00:00, run_after=2024-05-16 00:00:00+00:00
[2024-05-16T12:08:01.940+0000] {processor.py:183} INFO - Processing /usr/local/python/3.10.13/lib/python3.10/site-packages/airflow/example_dags/example_task_group_decorator.py took 0.105 seconds
[2024-05-16T12:08:45.164+0000] {processor.py:161} INFO - Started process (PID=8371) to work on /usr/local/python/3.10.13/lib/python3.10/site-packages/airflow/example_dags/example_task_group_decorator.py
[2024-05-16T12:08:45.165+0000] {processor.py:830} INFO - Processing file /usr/local/python/3.10.13/lib/python3.10/site-packages/airflow/example_dags/example_task_group_decorator.py for tasks to queue
[2024-05-16T12:08:45.166+0000] {logging_mixin.py:188} INFO - [2024-05-16T12:08:45.166+0000] {dagbag.py:545} INFO - Filling up the DagBag from /usr/local/python/3.10.13/lib/python3.10/site-packages/airflow/example_dags/example_task_group_decorator.py
[2024-05-16T12:08:45.178+0000] {processor.py:840} INFO - DAG(s) 'example_task_group_decorator' retrieved from /usr/local/python/3.10.13/lib/python3.10/site-packages/airflow/example_dags/example_task_group_decorator.py
[2024-05-16T12:08:45.193+0000] {logging_mixin.py:188} INFO - [2024-05-16T12:08:45.193+0000] {dag.py:3096} INFO - Sync 1 DAGs
[2024-05-16T12:08:45.208+0000] {logging_mixin.py:188} INFO - [2024-05-16T12:08:45.208+0000] {dag.py:3954} INFO - Setting next_dagrun for example_task_group_decorator to 2024-05-15 00:00:00+00:00, run_after=2024-05-16 00:00:00+00:00
[2024-05-16T12:08:45.256+0000] {processor.py:183} INFO - Processing /usr/local/python/3.10.13/lib/python3.10/site-packages/airflow/example_dags/example_task_group_decorator.py took 0.097 seconds
[2024-05-16T12:09:30.131+0000] {processor.py:161} INFO - Started process (PID=8703) to work on /usr/local/python/3.10.13/lib/python3.10/site-packages/airflow/example_dags/example_task_group_decorator.py
[2024-05-16T12:09:30.131+0000] {processor.py:830} INFO - Processing file /usr/local/python/3.10.13/lib/python3.10/site-packages/airflow/example_dags/example_task_group_decorator.py for tasks to queue
[2024-05-16T12:09:30.133+0000] {logging_mixin.py:188} INFO - [2024-05-16T12:09:30.132+0000] {dagbag.py:545} INFO - Filling up the DagBag from /usr/local/python/3.10.13/lib/python3.10/site-packages/airflow/example_dags/example_task_group_decorator.py
[2024-05-16T12:09:30.145+0000] {processor.py:840} INFO - DAG(s) 'example_task_group_decorator' retrieved from /usr/local/python/3.10.13/lib/python3.10/site-packages/airflow/example_dags/example_task_group_decorator.py
[2024-05-16T12:09:30.168+0000] {logging_mixin.py:188} INFO - [2024-05-16T12:09:30.168+0000] {dag.py:3096} INFO - Sync 1 DAGs
[2024-05-16T12:09:30.189+0000] {logging_mixin.py:188} INFO - [2024-05-16T12:09:30.189+0000] {dag.py:3954} INFO - Setting next_dagrun for example_task_group_decorator to 2024-05-15 00:00:00+00:00, run_after=2024-05-16 00:00:00+00:00
[2024-05-16T12:09:30.241+0000] {processor.py:183} INFO - Processing /usr/local/python/3.10.13/lib/python3.10/site-packages/airflow/example_dags/example_task_group_decorator.py took 0.115 seconds
[2024-05-16T12:10:14.823+0000] {processor.py:161} INFO - Started process (PID=9024) to work on /usr/local/python/3.10.13/lib/python3.10/site-packages/airflow/example_dags/example_task_group_decorator.py
[2024-05-16T12:10:14.824+0000] {processor.py:830} INFO - Processing file /usr/local/python/3.10.13/lib/python3.10/site-packages/airflow/example_dags/example_task_group_decorator.py for tasks to queue
[2024-05-16T12:10:14.825+0000] {logging_mixin.py:188} INFO - [2024-05-16T12:10:14.825+0000] {dagbag.py:545} INFO - Filling up the DagBag from /usr/local/python/3.10.13/lib/python3.10/site-packages/airflow/example_dags/example_task_group_decorator.py
[2024-05-16T12:10:14.837+0000] {processor.py:840} INFO - DAG(s) 'example_task_group_decorator' retrieved from /usr/local/python/3.10.13/lib/python3.10/site-packages/airflow/example_dags/example_task_group_decorator.py
[2024-05-16T12:10:14.853+0000] {logging_mixin.py:188} INFO - [2024-05-16T12:10:14.853+0000] {dag.py:3096} INFO - Sync 1 DAGs
[2024-05-16T12:10:14.869+0000] {logging_mixin.py:188} INFO - [2024-05-16T12:10:14.868+0000] {dag.py:3954} INFO - Setting next_dagrun for example_task_group_decorator to 2024-05-15 00:00:00+00:00, run_after=2024-05-16 00:00:00+00:00
[2024-05-16T12:10:14.914+0000] {processor.py:183} INFO - Processing /usr/local/python/3.10.13/lib/python3.10/site-packages/airflow/example_dags/example_task_group_decorator.py took 0.096 seconds
[2024-05-16T12:10:57.229+0000] {processor.py:161} INFO - Started process (PID=9311) to work on /usr/local/python/3.10.13/lib/python3.10/site-packages/airflow/example_dags/example_task_group_decorator.py
[2024-05-16T12:10:57.230+0000] {processor.py:830} INFO - Processing file /usr/local/python/3.10.13/lib/python3.10/site-packages/airflow/example_dags/example_task_group_decorator.py for tasks to queue
[2024-05-16T12:10:57.232+0000] {logging_mixin.py:188} INFO - [2024-05-16T12:10:57.231+0000] {dagbag.py:545} INFO - Filling up the DagBag from /usr/local/python/3.10.13/lib/python3.10/site-packages/airflow/example_dags/example_task_group_decorator.py
[2024-05-16T12:10:57.250+0000] {processor.py:840} INFO - DAG(s) 'example_task_group_decorator' retrieved from /usr/local/python/3.10.13/lib/python3.10/site-packages/airflow/example_dags/example_task_group_decorator.py
[2024-05-16T12:10:57.276+0000] {logging_mixin.py:188} INFO - [2024-05-16T12:10:57.276+0000] {dag.py:3096} INFO - Sync 1 DAGs
[2024-05-16T12:10:57.297+0000] {logging_mixin.py:188} INFO - [2024-05-16T12:10:57.297+0000] {dag.py:3954} INFO - Setting next_dagrun for example_task_group_decorator to 2024-05-15 00:00:00+00:00, run_after=2024-05-16 00:00:00+00:00
[2024-05-16T12:10:57.364+0000] {processor.py:183} INFO - Processing /usr/local/python/3.10.13/lib/python3.10/site-packages/airflow/example_dags/example_task_group_decorator.py took 0.139 seconds
[2024-05-16T12:11:35.937+0000] {processor.py:161} INFO - Started process (PID=9586) to work on /usr/local/python/3.10.13/lib/python3.10/site-packages/airflow/example_dags/example_task_group_decorator.py
[2024-05-16T12:11:35.938+0000] {processor.py:830} INFO - Processing file /usr/local/python/3.10.13/lib/python3.10/site-packages/airflow/example_dags/example_task_group_decorator.py for tasks to queue
[2024-05-16T12:11:35.939+0000] {logging_mixin.py:188} INFO - [2024-05-16T12:11:35.939+0000] {dagbag.py:545} INFO - Filling up the DagBag from /usr/local/python/3.10.13/lib/python3.10/site-packages/airflow/example_dags/example_task_group_decorator.py
[2024-05-16T12:11:35.951+0000] {processor.py:840} INFO - DAG(s) 'example_task_group_decorator' retrieved from /usr/local/python/3.10.13/lib/python3.10/site-packages/airflow/example_dags/example_task_group_decorator.py
[2024-05-16T12:11:35.967+0000] {logging_mixin.py:188} INFO - [2024-05-16T12:11:35.967+0000] {dag.py:3096} INFO - Sync 1 DAGs
[2024-05-16T12:11:35.982+0000] {logging_mixin.py:188} INFO - [2024-05-16T12:11:35.981+0000] {dag.py:3954} INFO - Setting next_dagrun for example_task_group_decorator to 2024-05-15 00:00:00+00:00, run_after=2024-05-16 00:00:00+00:00
[2024-05-16T12:11:36.027+0000] {processor.py:183} INFO - Processing /usr/local/python/3.10.13/lib/python3.10/site-packages/airflow/example_dags/example_task_group_decorator.py took 0.095 seconds
[2024-05-16T12:12:16.024+0000] {processor.py:161} INFO - Started process (PID=9859) to work on /usr/local/python/3.10.13/lib/python3.10/site-packages/airflow/example_dags/example_task_group_decorator.py
[2024-05-16T12:12:16.025+0000] {processor.py:830} INFO - Processing file /usr/local/python/3.10.13/lib/python3.10/site-packages/airflow/example_dags/example_task_group_decorator.py for tasks to queue
[2024-05-16T12:12:16.027+0000] {logging_mixin.py:188} INFO - [2024-05-16T12:12:16.026+0000] {dagbag.py:545} INFO - Filling up the DagBag from /usr/local/python/3.10.13/lib/python3.10/site-packages/airflow/example_dags/example_task_group_decorator.py
[2024-05-16T12:12:16.047+0000] {processor.py:840} INFO - DAG(s) 'example_task_group_decorator' retrieved from /usr/local/python/3.10.13/lib/python3.10/site-packages/airflow/example_dags/example_task_group_decorator.py
[2024-05-16T12:12:16.088+0000] {logging_mixin.py:188} INFO - [2024-05-16T12:12:16.087+0000] {dag.py:3096} INFO - Sync 1 DAGs
[2024-05-16T12:12:16.107+0000] {logging_mixin.py:188} INFO - [2024-05-16T12:12:16.107+0000] {dag.py:3954} INFO - Setting next_dagrun for example_task_group_decorator to 2024-05-15 00:00:00+00:00, run_after=2024-05-16 00:00:00+00:00
[2024-05-16T12:12:16.152+0000] {processor.py:183} INFO - Processing /usr/local/python/3.10.13/lib/python3.10/site-packages/airflow/example_dags/example_task_group_decorator.py took 0.135 seconds
[2024-05-16T12:12:59.161+0000] {processor.py:161} INFO - Started process (PID=10160) to work on /usr/local/python/3.10.13/lib/python3.10/site-packages/airflow/example_dags/example_task_group_decorator.py
[2024-05-16T12:12:59.162+0000] {processor.py:830} INFO - Processing file /usr/local/python/3.10.13/lib/python3.10/site-packages/airflow/example_dags/example_task_group_decorator.py for tasks to queue
[2024-05-16T12:12:59.163+0000] {logging_mixin.py:188} INFO - [2024-05-16T12:12:59.163+0000] {dagbag.py:545} INFO - Filling up the DagBag from /usr/local/python/3.10.13/lib/python3.10/site-packages/airflow/example_dags/example_task_group_decorator.py
[2024-05-16T12:12:59.175+0000] {processor.py:840} INFO - DAG(s) 'example_task_group_decorator' retrieved from /usr/local/python/3.10.13/lib/python3.10/site-packages/airflow/example_dags/example_task_group_decorator.py
[2024-05-16T12:12:59.191+0000] {logging_mixin.py:188} INFO - [2024-05-16T12:12:59.191+0000] {dag.py:3096} INFO - Sync 1 DAGs
[2024-05-16T12:12:59.206+0000] {logging_mixin.py:188} INFO - [2024-05-16T12:12:59.206+0000] {dag.py:3954} INFO - Setting next_dagrun for example_task_group_decorator to 2024-05-15 00:00:00+00:00, run_after=2024-05-16 00:00:00+00:00
[2024-05-16T12:12:59.253+0000] {processor.py:183} INFO - Processing /usr/local/python/3.10.13/lib/python3.10/site-packages/airflow/example_dags/example_task_group_decorator.py took 0.096 seconds
[2024-05-16T12:13:40.933+0000] {processor.py:161} INFO - Started process (PID=10446) to work on /usr/local/python/3.10.13/lib/python3.10/site-packages/airflow/example_dags/example_task_group_decorator.py
[2024-05-16T12:13:40.934+0000] {processor.py:830} INFO - Processing file /usr/local/python/3.10.13/lib/python3.10/site-packages/airflow/example_dags/example_task_group_decorator.py for tasks to queue
[2024-05-16T12:13:40.935+0000] {logging_mixin.py:188} INFO - [2024-05-16T12:13:40.935+0000] {dagbag.py:545} INFO - Filling up the DagBag from /usr/local/python/3.10.13/lib/python3.10/site-packages/airflow/example_dags/example_task_group_decorator.py
[2024-05-16T12:13:40.947+0000] {processor.py:840} INFO - DAG(s) 'example_task_group_decorator' retrieved from /usr/local/python/3.10.13/lib/python3.10/site-packages/airflow/example_dags/example_task_group_decorator.py
[2024-05-16T12:13:40.963+0000] {logging_mixin.py:188} INFO - [2024-05-16T12:13:40.962+0000] {dag.py:3096} INFO - Sync 1 DAGs
[2024-05-16T12:13:40.977+0000] {logging_mixin.py:188} INFO - [2024-05-16T12:13:40.977+0000] {dag.py:3954} INFO - Setting next_dagrun for example_task_group_decorator to 2024-05-15 00:00:00+00:00, run_after=2024-05-16 00:00:00+00:00
[2024-05-16T12:13:41.022+0000] {processor.py:183} INFO - Processing /usr/local/python/3.10.13/lib/python3.10/site-packages/airflow/example_dags/example_task_group_decorator.py took 0.094 seconds
[2024-05-16T12:14:22.158+0000] {processor.py:161} INFO - Started process (PID=10725) to work on /usr/local/python/3.10.13/lib/python3.10/site-packages/airflow/example_dags/example_task_group_decorator.py
[2024-05-16T12:14:22.159+0000] {processor.py:830} INFO - Processing file /usr/local/python/3.10.13/lib/python3.10/site-packages/airflow/example_dags/example_task_group_decorator.py for tasks to queue
[2024-05-16T12:14:22.160+0000] {logging_mixin.py:188} INFO - [2024-05-16T12:14:22.160+0000] {dagbag.py:545} INFO - Filling up the DagBag from /usr/local/python/3.10.13/lib/python3.10/site-packages/airflow/example_dags/example_task_group_decorator.py
[2024-05-16T12:14:22.173+0000] {processor.py:840} INFO - DAG(s) 'example_task_group_decorator' retrieved from /usr/local/python/3.10.13/lib/python3.10/site-packages/airflow/example_dags/example_task_group_decorator.py
[2024-05-16T12:14:22.191+0000] {logging_mixin.py:188} INFO - [2024-05-16T12:14:22.191+0000] {dag.py:3096} INFO - Sync 1 DAGs
[2024-05-16T12:14:22.205+0000] {logging_mixin.py:188} INFO - [2024-05-16T12:14:22.205+0000] {dag.py:3954} INFO - Setting next_dagrun for example_task_group_decorator to 2024-05-15 00:00:00+00:00, run_after=2024-05-16 00:00:00+00:00
[2024-05-16T12:14:22.250+0000] {processor.py:183} INFO - Processing /usr/local/python/3.10.13/lib/python3.10/site-packages/airflow/example_dags/example_task_group_decorator.py took 0.096 seconds
[2024-05-16T12:15:05.628+0000] {processor.py:161} INFO - Started process (PID=11020) to work on /usr/local/python/3.10.13/lib/python3.10/site-packages/airflow/example_dags/example_task_group_decorator.py
[2024-05-16T12:15:05.629+0000] {processor.py:830} INFO - Processing file /usr/local/python/3.10.13/lib/python3.10/site-packages/airflow/example_dags/example_task_group_decorator.py for tasks to queue
[2024-05-16T12:15:05.630+0000] {logging_mixin.py:188} INFO - [2024-05-16T12:15:05.630+0000] {dagbag.py:545} INFO - Filling up the DagBag from /usr/local/python/3.10.13/lib/python3.10/site-packages/airflow/example_dags/example_task_group_decorator.py
[2024-05-16T12:15:05.642+0000] {processor.py:840} INFO - DAG(s) 'example_task_group_decorator' retrieved from /usr/local/python/3.10.13/lib/python3.10/site-packages/airflow/example_dags/example_task_group_decorator.py
[2024-05-16T12:15:05.659+0000] {logging_mixin.py:188} INFO - [2024-05-16T12:15:05.659+0000] {dag.py:3096} INFO - Sync 1 DAGs
[2024-05-16T12:15:05.673+0000] {logging_mixin.py:188} INFO - [2024-05-16T12:15:05.673+0000] {dag.py:3954} INFO - Setting next_dagrun for example_task_group_decorator to 2024-05-15 00:00:00+00:00, run_after=2024-05-16 00:00:00+00:00
[2024-05-16T12:15:05.721+0000] {processor.py:183} INFO - Processing /usr/local/python/3.10.13/lib/python3.10/site-packages/airflow/example_dags/example_task_group_decorator.py took 0.097 seconds
[2024-05-16T12:15:48.253+0000] {processor.py:161} INFO - Started process (PID=11324) to work on /usr/local/python/3.10.13/lib/python3.10/site-packages/airflow/example_dags/example_task_group_decorator.py
[2024-05-16T12:15:48.254+0000] {processor.py:830} INFO - Processing file /usr/local/python/3.10.13/lib/python3.10/site-packages/airflow/example_dags/example_task_group_decorator.py for tasks to queue
[2024-05-16T12:15:48.255+0000] {logging_mixin.py:188} INFO - [2024-05-16T12:15:48.255+0000] {dagbag.py:545} INFO - Filling up the DagBag from /usr/local/python/3.10.13/lib/python3.10/site-packages/airflow/example_dags/example_task_group_decorator.py
[2024-05-16T12:15:48.267+0000] {processor.py:840} INFO - DAG(s) 'example_task_group_decorator' retrieved from /usr/local/python/3.10.13/lib/python3.10/site-packages/airflow/example_dags/example_task_group_decorator.py
[2024-05-16T12:15:48.284+0000] {logging_mixin.py:188} INFO - [2024-05-16T12:15:48.284+0000] {dag.py:3096} INFO - Sync 1 DAGs
[2024-05-16T12:15:48.300+0000] {logging_mixin.py:188} INFO - [2024-05-16T12:15:48.300+0000] {dag.py:3954} INFO - Setting next_dagrun for example_task_group_decorator to 2024-05-15 00:00:00+00:00, run_after=2024-05-16 00:00:00+00:00
[2024-05-16T12:15:48.347+0000] {processor.py:183} INFO - Processing /usr/local/python/3.10.13/lib/python3.10/site-packages/airflow/example_dags/example_task_group_decorator.py took 0.099 seconds
[2024-05-16T12:16:31.622+0000] {processor.py:161} INFO - Started process (PID=11660) to work on /usr/local/python/3.10.13/lib/python3.10/site-packages/airflow/example_dags/example_task_group_decorator.py
[2024-05-16T12:16:31.623+0000] {processor.py:830} INFO - Processing file /usr/local/python/3.10.13/lib/python3.10/site-packages/airflow/example_dags/example_task_group_decorator.py for tasks to queue
[2024-05-16T12:16:31.624+0000] {logging_mixin.py:188} INFO - [2024-05-16T12:16:31.624+0000] {dagbag.py:545} INFO - Filling up the DagBag from /usr/local/python/3.10.13/lib/python3.10/site-packages/airflow/example_dags/example_task_group_decorator.py
[2024-05-16T12:16:31.636+0000] {processor.py:840} INFO - DAG(s) 'example_task_group_decorator' retrieved from /usr/local/python/3.10.13/lib/python3.10/site-packages/airflow/example_dags/example_task_group_decorator.py
[2024-05-16T12:16:31.653+0000] {logging_mixin.py:188} INFO - [2024-05-16T12:16:31.653+0000] {dag.py:3096} INFO - Sync 1 DAGs
[2024-05-16T12:16:31.673+0000] {logging_mixin.py:188} INFO - [2024-05-16T12:16:31.673+0000] {dag.py:3954} INFO - Setting next_dagrun for example_task_group_decorator to 2024-05-15 00:00:00+00:00, run_after=2024-05-16 00:00:00+00:00
[2024-05-16T12:16:31.728+0000] {processor.py:183} INFO - Processing /usr/local/python/3.10.13/lib/python3.10/site-packages/airflow/example_dags/example_task_group_decorator.py took 0.111 seconds
[2024-05-16T12:17:15.272+0000] {processor.py:161} INFO - Started process (PID=11980) to work on /usr/local/python/3.10.13/lib/python3.10/site-packages/airflow/example_dags/example_task_group_decorator.py
[2024-05-16T12:17:15.273+0000] {processor.py:830} INFO - Processing file /usr/local/python/3.10.13/lib/python3.10/site-packages/airflow/example_dags/example_task_group_decorator.py for tasks to queue
[2024-05-16T12:17:15.274+0000] {logging_mixin.py:188} INFO - [2024-05-16T12:17:15.274+0000] {dagbag.py:545} INFO - Filling up the DagBag from /usr/local/python/3.10.13/lib/python3.10/site-packages/airflow/example_dags/example_task_group_decorator.py
[2024-05-16T12:17:15.286+0000] {processor.py:840} INFO - DAG(s) 'example_task_group_decorator' retrieved from /usr/local/python/3.10.13/lib/python3.10/site-packages/airflow/example_dags/example_task_group_decorator.py
[2024-05-16T12:17:15.308+0000] {logging_mixin.py:188} INFO - [2024-05-16T12:17:15.307+0000] {dag.py:3096} INFO - Sync 1 DAGs
[2024-05-16T12:17:15.324+0000] {logging_mixin.py:188} INFO - [2024-05-16T12:17:15.324+0000] {dag.py:3954} INFO - Setting next_dagrun for example_task_group_decorator to 2024-05-15 00:00:00+00:00, run_after=2024-05-16 00:00:00+00:00
[2024-05-16T12:17:15.369+0000] {processor.py:183} INFO - Processing /usr/local/python/3.10.13/lib/python3.10/site-packages/airflow/example_dags/example_task_group_decorator.py took 0.102 seconds
[2024-05-16T12:17:56.466+0000] {processor.py:161} INFO - Started process (PID=12268) to work on /usr/local/python/3.10.13/lib/python3.10/site-packages/airflow/example_dags/example_task_group_decorator.py
[2024-05-16T12:17:56.467+0000] {processor.py:830} INFO - Processing file /usr/local/python/3.10.13/lib/python3.10/site-packages/airflow/example_dags/example_task_group_decorator.py for tasks to queue
[2024-05-16T12:17:56.468+0000] {logging_mixin.py:188} INFO - [2024-05-16T12:17:56.468+0000] {dagbag.py:545} INFO - Filling up the DagBag from /usr/local/python/3.10.13/lib/python3.10/site-packages/airflow/example_dags/example_task_group_decorator.py
[2024-05-16T12:17:56.480+0000] {processor.py:840} INFO - DAG(s) 'example_task_group_decorator' retrieved from /usr/local/python/3.10.13/lib/python3.10/site-packages/airflow/example_dags/example_task_group_decorator.py
[2024-05-16T12:17:56.496+0000] {logging_mixin.py:188} INFO - [2024-05-16T12:17:56.495+0000] {dag.py:3096} INFO - Sync 1 DAGs
[2024-05-16T12:17:56.510+0000] {logging_mixin.py:188} INFO - [2024-05-16T12:17:56.510+0000] {dag.py:3954} INFO - Setting next_dagrun for example_task_group_decorator to 2024-05-15 00:00:00+00:00, run_after=2024-05-16 00:00:00+00:00
[2024-05-16T12:17:56.558+0000] {processor.py:183} INFO - Processing /usr/local/python/3.10.13/lib/python3.10/site-packages/airflow/example_dags/example_task_group_decorator.py took 0.097 seconds
[2024-05-16T12:18:37.816+0000] {processor.py:161} INFO - Started process (PID=12557) to work on /usr/local/python/3.10.13/lib/python3.10/site-packages/airflow/example_dags/example_task_group_decorator.py
[2024-05-16T12:18:37.816+0000] {processor.py:830} INFO - Processing file /usr/local/python/3.10.13/lib/python3.10/site-packages/airflow/example_dags/example_task_group_decorator.py for tasks to queue
[2024-05-16T12:18:37.818+0000] {logging_mixin.py:188} INFO - [2024-05-16T12:18:37.817+0000] {dagbag.py:545} INFO - Filling up the DagBag from /usr/local/python/3.10.13/lib/python3.10/site-packages/airflow/example_dags/example_task_group_decorator.py
[2024-05-16T12:18:37.830+0000] {processor.py:840} INFO - DAG(s) 'example_task_group_decorator' retrieved from /usr/local/python/3.10.13/lib/python3.10/site-packages/airflow/example_dags/example_task_group_decorator.py
[2024-05-16T12:18:37.846+0000] {logging_mixin.py:188} INFO - [2024-05-16T12:18:37.846+0000] {dag.py:3096} INFO - Sync 1 DAGs
[2024-05-16T12:18:37.861+0000] {logging_mixin.py:188} INFO - [2024-05-16T12:18:37.861+0000] {dag.py:3954} INFO - Setting next_dagrun for example_task_group_decorator to 2024-05-15 00:00:00+00:00, run_after=2024-05-16 00:00:00+00:00
[2024-05-16T12:18:37.907+0000] {processor.py:183} INFO - Processing /usr/local/python/3.10.13/lib/python3.10/site-packages/airflow/example_dags/example_task_group_decorator.py took 0.096 seconds
[2024-05-16T12:19:20.839+0000] {processor.py:161} INFO - Started process (PID=12856) to work on /usr/local/python/3.10.13/lib/python3.10/site-packages/airflow/example_dags/example_task_group_decorator.py
[2024-05-16T12:19:20.840+0000] {processor.py:830} INFO - Processing file /usr/local/python/3.10.13/lib/python3.10/site-packages/airflow/example_dags/example_task_group_decorator.py for tasks to queue
[2024-05-16T12:19:20.841+0000] {logging_mixin.py:188} INFO - [2024-05-16T12:19:20.841+0000] {dagbag.py:545} INFO - Filling up the DagBag from /usr/local/python/3.10.13/lib/python3.10/site-packages/airflow/example_dags/example_task_group_decorator.py
[2024-05-16T12:19:20.853+0000] {processor.py:840} INFO - DAG(s) 'example_task_group_decorator' retrieved from /usr/local/python/3.10.13/lib/python3.10/site-packages/airflow/example_dags/example_task_group_decorator.py
[2024-05-16T12:19:20.869+0000] {logging_mixin.py:188} INFO - [2024-05-16T12:19:20.869+0000] {dag.py:3096} INFO - Sync 1 DAGs
[2024-05-16T12:19:20.884+0000] {logging_mixin.py:188} INFO - [2024-05-16T12:19:20.884+0000] {dag.py:3954} INFO - Setting next_dagrun for example_task_group_decorator to 2024-05-15 00:00:00+00:00, run_after=2024-05-16 00:00:00+00:00
[2024-05-16T12:19:20.937+0000] {processor.py:183} INFO - Processing /usr/local/python/3.10.13/lib/python3.10/site-packages/airflow/example_dags/example_task_group_decorator.py took 0.102 seconds
[2024-05-16T12:20:02.081+0000] {processor.py:161} INFO - Started process (PID=13152) to work on /usr/local/python/3.10.13/lib/python3.10/site-packages/airflow/example_dags/example_task_group_decorator.py
[2024-05-16T12:20:02.081+0000] {processor.py:830} INFO - Processing file /usr/local/python/3.10.13/lib/python3.10/site-packages/airflow/example_dags/example_task_group_decorator.py for tasks to queue
[2024-05-16T12:20:02.083+0000] {logging_mixin.py:188} INFO - [2024-05-16T12:20:02.082+0000] {dagbag.py:545} INFO - Filling up the DagBag from /usr/local/python/3.10.13/lib/python3.10/site-packages/airflow/example_dags/example_task_group_decorator.py
[2024-05-16T12:20:02.099+0000] {processor.py:840} INFO - DAG(s) 'example_task_group_decorator' retrieved from /usr/local/python/3.10.13/lib/python3.10/site-packages/airflow/example_dags/example_task_group_decorator.py
[2024-05-16T12:20:02.125+0000] {logging_mixin.py:188} INFO - [2024-05-16T12:20:02.125+0000] {dag.py:3096} INFO - Sync 1 DAGs
[2024-05-16T12:20:02.149+0000] {logging_mixin.py:188} INFO - [2024-05-16T12:20:02.149+0000] {dag.py:3954} INFO - Setting next_dagrun for example_task_group_decorator to 2024-05-15 00:00:00+00:00, run_after=2024-05-16 00:00:00+00:00
[2024-05-16T12:20:02.197+0000] {processor.py:183} INFO - Processing /usr/local/python/3.10.13/lib/python3.10/site-packages/airflow/example_dags/example_task_group_decorator.py took 0.122 seconds
[2024-05-16T12:20:42.992+0000] {processor.py:161} INFO - Started process (PID=13449) to work on /usr/local/python/3.10.13/lib/python3.10/site-packages/airflow/example_dags/example_task_group_decorator.py
[2024-05-16T12:20:42.993+0000] {processor.py:830} INFO - Processing file /usr/local/python/3.10.13/lib/python3.10/site-packages/airflow/example_dags/example_task_group_decorator.py for tasks to queue
[2024-05-16T12:20:42.994+0000] {logging_mixin.py:188} INFO - [2024-05-16T12:20:42.994+0000] {dagbag.py:545} INFO - Filling up the DagBag from /usr/local/python/3.10.13/lib/python3.10/site-packages/airflow/example_dags/example_task_group_decorator.py
[2024-05-16T12:20:43.006+0000] {processor.py:840} INFO - DAG(s) 'example_task_group_decorator' retrieved from /usr/local/python/3.10.13/lib/python3.10/site-packages/airflow/example_dags/example_task_group_decorator.py
[2024-05-16T12:20:43.021+0000] {logging_mixin.py:188} INFO - [2024-05-16T12:20:43.021+0000] {dag.py:3096} INFO - Sync 1 DAGs
[2024-05-16T12:20:43.036+0000] {logging_mixin.py:188} INFO - [2024-05-16T12:20:43.036+0000] {dag.py:3954} INFO - Setting next_dagrun for example_task_group_decorator to 2024-05-15 00:00:00+00:00, run_after=2024-05-16 00:00:00+00:00
[2024-05-16T12:20:43.080+0000] {processor.py:183} INFO - Processing /usr/local/python/3.10.13/lib/python3.10/site-packages/airflow/example_dags/example_task_group_decorator.py took 0.093 seconds
[2024-05-16T12:21:26.142+0000] {processor.py:161} INFO - Started process (PID=13763) to work on /usr/local/python/3.10.13/lib/python3.10/site-packages/airflow/example_dags/example_task_group_decorator.py
[2024-05-16T12:21:26.143+0000] {processor.py:830} INFO - Processing file /usr/local/python/3.10.13/lib/python3.10/site-packages/airflow/example_dags/example_task_group_decorator.py for tasks to queue
[2024-05-16T12:21:26.144+0000] {logging_mixin.py:188} INFO - [2024-05-16T12:21:26.144+0000] {dagbag.py:545} INFO - Filling up the DagBag from /usr/local/python/3.10.13/lib/python3.10/site-packages/airflow/example_dags/example_task_group_decorator.py
[2024-05-16T12:21:26.156+0000] {processor.py:840} INFO - DAG(s) 'example_task_group_decorator' retrieved from /usr/local/python/3.10.13/lib/python3.10/site-packages/airflow/example_dags/example_task_group_decorator.py
[2024-05-16T12:21:26.172+0000] {logging_mixin.py:188} INFO - [2024-05-16T12:21:26.172+0000] {dag.py:3096} INFO - Sync 1 DAGs
[2024-05-16T12:21:26.186+0000] {logging_mixin.py:188} INFO - [2024-05-16T12:21:26.186+0000] {dag.py:3954} INFO - Setting next_dagrun for example_task_group_decorator to 2024-05-15 00:00:00+00:00, run_after=2024-05-16 00:00:00+00:00
[2024-05-16T12:21:26.232+0000] {processor.py:183} INFO - Processing /usr/local/python/3.10.13/lib/python3.10/site-packages/airflow/example_dags/example_task_group_decorator.py took 0.094 seconds
[2024-05-16T12:22:08.959+0000] {processor.py:161} INFO - Started process (PID=14073) to work on /usr/local/python/3.10.13/lib/python3.10/site-packages/airflow/example_dags/example_task_group_decorator.py
[2024-05-16T12:22:08.960+0000] {processor.py:830} INFO - Processing file /usr/local/python/3.10.13/lib/python3.10/site-packages/airflow/example_dags/example_task_group_decorator.py for tasks to queue
[2024-05-16T12:22:08.961+0000] {logging_mixin.py:188} INFO - [2024-05-16T12:22:08.961+0000] {dagbag.py:545} INFO - Filling up the DagBag from /usr/local/python/3.10.13/lib/python3.10/site-packages/airflow/example_dags/example_task_group_decorator.py
[2024-05-16T12:22:08.973+0000] {processor.py:840} INFO - DAG(s) 'example_task_group_decorator' retrieved from /usr/local/python/3.10.13/lib/python3.10/site-packages/airflow/example_dags/example_task_group_decorator.py
[2024-05-16T12:22:08.991+0000] {logging_mixin.py:188} INFO - [2024-05-16T12:22:08.991+0000] {dag.py:3096} INFO - Sync 1 DAGs
[2024-05-16T12:22:09.006+0000] {logging_mixin.py:188} INFO - [2024-05-16T12:22:09.006+0000] {dag.py:3954} INFO - Setting next_dagrun for example_task_group_decorator to 2024-05-15 00:00:00+00:00, run_after=2024-05-16 00:00:00+00:00
[2024-05-16T12:22:09.051+0000] {processor.py:183} INFO - Processing /usr/local/python/3.10.13/lib/python3.10/site-packages/airflow/example_dags/example_task_group_decorator.py took 0.097 seconds
[2024-05-16T12:22:52.783+0000] {processor.py:161} INFO - Started process (PID=14396) to work on /usr/local/python/3.10.13/lib/python3.10/site-packages/airflow/example_dags/example_task_group_decorator.py
[2024-05-16T12:22:52.784+0000] {processor.py:830} INFO - Processing file /usr/local/python/3.10.13/lib/python3.10/site-packages/airflow/example_dags/example_task_group_decorator.py for tasks to queue
[2024-05-16T12:22:52.785+0000] {logging_mixin.py:188} INFO - [2024-05-16T12:22:52.785+0000] {dagbag.py:545} INFO - Filling up the DagBag from /usr/local/python/3.10.13/lib/python3.10/site-packages/airflow/example_dags/example_task_group_decorator.py
[2024-05-16T12:22:52.797+0000] {processor.py:840} INFO - DAG(s) 'example_task_group_decorator' retrieved from /usr/local/python/3.10.13/lib/python3.10/site-packages/airflow/example_dags/example_task_group_decorator.py
[2024-05-16T12:22:52.813+0000] {logging_mixin.py:188} INFO - [2024-05-16T12:22:52.813+0000] {dag.py:3096} INFO - Sync 1 DAGs
[2024-05-16T12:22:52.828+0000] {logging_mixin.py:188} INFO - [2024-05-16T12:22:52.828+0000] {dag.py:3954} INFO - Setting next_dagrun for example_task_group_decorator to 2024-05-15 00:00:00+00:00, run_after=2024-05-16 00:00:00+00:00
[2024-05-16T12:22:52.874+0000] {processor.py:183} INFO - Processing /usr/local/python/3.10.13/lib/python3.10/site-packages/airflow/example_dags/example_task_group_decorator.py took 0.095 seconds
[2024-05-16T12:23:37.571+0000] {processor.py:161} INFO - Started process (PID=14730) to work on /usr/local/python/3.10.13/lib/python3.10/site-packages/airflow/example_dags/example_task_group_decorator.py
[2024-05-16T12:23:37.572+0000] {processor.py:830} INFO - Processing file /usr/local/python/3.10.13/lib/python3.10/site-packages/airflow/example_dags/example_task_group_decorator.py for tasks to queue
[2024-05-16T12:23:37.574+0000] {logging_mixin.py:188} INFO - [2024-05-16T12:23:37.574+0000] {dagbag.py:545} INFO - Filling up the DagBag from /usr/local/python/3.10.13/lib/python3.10/site-packages/airflow/example_dags/example_task_group_decorator.py
[2024-05-16T12:23:37.592+0000] {processor.py:840} INFO - DAG(s) 'example_task_group_decorator' retrieved from /usr/local/python/3.10.13/lib/python3.10/site-packages/airflow/example_dags/example_task_group_decorator.py
[2024-05-16T12:23:37.616+0000] {logging_mixin.py:188} INFO - [2024-05-16T12:23:37.616+0000] {dag.py:3096} INFO - Sync 1 DAGs
[2024-05-16T12:23:37.639+0000] {logging_mixin.py:188} INFO - [2024-05-16T12:23:37.638+0000] {dag.py:3954} INFO - Setting next_dagrun for example_task_group_decorator to 2024-05-15 00:00:00+00:00, run_after=2024-05-16 00:00:00+00:00
[2024-05-16T12:23:37.706+0000] {processor.py:183} INFO - Processing /usr/local/python/3.10.13/lib/python3.10/site-packages/airflow/example_dags/example_task_group_decorator.py took 0.142 seconds
[2024-05-16T12:24:21.806+0000] {processor.py:161} INFO - Started process (PID=15071) to work on /usr/local/python/3.10.13/lib/python3.10/site-packages/airflow/example_dags/example_task_group_decorator.py
[2024-05-16T12:24:21.807+0000] {processor.py:830} INFO - Processing file /usr/local/python/3.10.13/lib/python3.10/site-packages/airflow/example_dags/example_task_group_decorator.py for tasks to queue
[2024-05-16T12:24:21.808+0000] {logging_mixin.py:188} INFO - [2024-05-16T12:24:21.808+0000] {dagbag.py:545} INFO - Filling up the DagBag from /usr/local/python/3.10.13/lib/python3.10/site-packages/airflow/example_dags/example_task_group_decorator.py
[2024-05-16T12:24:21.820+0000] {processor.py:840} INFO - DAG(s) 'example_task_group_decorator' retrieved from /usr/local/python/3.10.13/lib/python3.10/site-packages/airflow/example_dags/example_task_group_decorator.py
[2024-05-16T12:24:21.838+0000] {logging_mixin.py:188} INFO - [2024-05-16T12:24:21.838+0000] {dag.py:3096} INFO - Sync 1 DAGs
[2024-05-16T12:24:21.852+0000] {logging_mixin.py:188} INFO - [2024-05-16T12:24:21.852+0000] {dag.py:3954} INFO - Setting next_dagrun for example_task_group_decorator to 2024-05-15 00:00:00+00:00, run_after=2024-05-16 00:00:00+00:00
[2024-05-16T12:24:21.897+0000] {processor.py:183} INFO - Processing /usr/local/python/3.10.13/lib/python3.10/site-packages/airflow/example_dags/example_task_group_decorator.py took 0.097 seconds
[2024-05-16T12:25:03.500+0000] {processor.py:161} INFO - Started process (PID=15376) to work on /usr/local/python/3.10.13/lib/python3.10/site-packages/airflow/example_dags/example_task_group_decorator.py
[2024-05-16T12:25:03.501+0000] {processor.py:830} INFO - Processing file /usr/local/python/3.10.13/lib/python3.10/site-packages/airflow/example_dags/example_task_group_decorator.py for tasks to queue
[2024-05-16T12:25:03.502+0000] {logging_mixin.py:188} INFO - [2024-05-16T12:25:03.502+0000] {dagbag.py:545} INFO - Filling up the DagBag from /usr/local/python/3.10.13/lib/python3.10/site-packages/airflow/example_dags/example_task_group_decorator.py
[2024-05-16T12:25:03.514+0000] {processor.py:840} INFO - DAG(s) 'example_task_group_decorator' retrieved from /usr/local/python/3.10.13/lib/python3.10/site-packages/airflow/example_dags/example_task_group_decorator.py
[2024-05-16T12:25:03.530+0000] {logging_mixin.py:188} INFO - [2024-05-16T12:25:03.530+0000] {dag.py:3096} INFO - Sync 1 DAGs
[2024-05-16T12:25:03.546+0000] {logging_mixin.py:188} INFO - [2024-05-16T12:25:03.545+0000] {dag.py:3954} INFO - Setting next_dagrun for example_task_group_decorator to 2024-05-15 00:00:00+00:00, run_after=2024-05-16 00:00:00+00:00
[2024-05-16T12:25:03.595+0000] {processor.py:183} INFO - Processing /usr/local/python/3.10.13/lib/python3.10/site-packages/airflow/example_dags/example_task_group_decorator.py took 0.100 seconds
[2024-05-16T12:25:43.073+0000] {processor.py:161} INFO - Started process (PID=15688) to work on /usr/local/python/3.10.13/lib/python3.10/site-packages/airflow/example_dags/example_task_group_decorator.py
[2024-05-16T12:25:43.073+0000] {processor.py:830} INFO - Processing file /usr/local/python/3.10.13/lib/python3.10/site-packages/airflow/example_dags/example_task_group_decorator.py for tasks to queue
[2024-05-16T12:25:43.075+0000] {logging_mixin.py:188} INFO - [2024-05-16T12:25:43.075+0000] {dagbag.py:545} INFO - Filling up the DagBag from /usr/local/python/3.10.13/lib/python3.10/site-packages/airflow/example_dags/example_task_group_decorator.py
[2024-05-16T12:25:43.087+0000] {processor.py:840} INFO - DAG(s) 'example_task_group_decorator' retrieved from /usr/local/python/3.10.13/lib/python3.10/site-packages/airflow/example_dags/example_task_group_decorator.py
[2024-05-16T12:25:43.104+0000] {logging_mixin.py:188} INFO - [2024-05-16T12:25:43.103+0000] {dag.py:3096} INFO - Sync 1 DAGs
[2024-05-16T12:25:43.119+0000] {logging_mixin.py:188} INFO - [2024-05-16T12:25:43.119+0000] {dag.py:3954} INFO - Setting next_dagrun for example_task_group_decorator to 2024-05-15 00:00:00+00:00, run_after=2024-05-16 00:00:00+00:00
[2024-05-16T12:25:43.167+0000] {processor.py:183} INFO - Processing /usr/local/python/3.10.13/lib/python3.10/site-packages/airflow/example_dags/example_task_group_decorator.py took 0.099 seconds
[2024-05-16T12:26:32.575+0000] {processor.py:161} INFO - Started process (PID=16057) to work on /usr/local/python/3.10.13/lib/python3.10/site-packages/airflow/example_dags/example_task_group_decorator.py
[2024-05-16T12:26:32.576+0000] {processor.py:830} INFO - Processing file /usr/local/python/3.10.13/lib/python3.10/site-packages/airflow/example_dags/example_task_group_decorator.py for tasks to queue
[2024-05-16T12:26:32.578+0000] {logging_mixin.py:188} INFO - [2024-05-16T12:26:32.577+0000] {dagbag.py:545} INFO - Filling up the DagBag from /usr/local/python/3.10.13/lib/python3.10/site-packages/airflow/example_dags/example_task_group_decorator.py
[2024-05-16T12:26:32.589+0000] {processor.py:840} INFO - DAG(s) 'example_task_group_decorator' retrieved from /usr/local/python/3.10.13/lib/python3.10/site-packages/airflow/example_dags/example_task_group_decorator.py
[2024-05-16T12:26:32.605+0000] {logging_mixin.py:188} INFO - [2024-05-16T12:26:32.605+0000] {dag.py:3096} INFO - Sync 1 DAGs
[2024-05-16T12:26:32.622+0000] {logging_mixin.py:188} INFO - [2024-05-16T12:26:32.622+0000] {dag.py:3954} INFO - Setting next_dagrun for example_task_group_decorator to 2024-05-15 00:00:00+00:00, run_after=2024-05-16 00:00:00+00:00
[2024-05-16T12:26:32.668+0000] {processor.py:183} INFO - Processing /usr/local/python/3.10.13/lib/python3.10/site-packages/airflow/example_dags/example_task_group_decorator.py took 0.097 seconds
[2024-05-16T12:27:16.582+0000] {processor.py:161} INFO - Started process (PID=16379) to work on /usr/local/python/3.10.13/lib/python3.10/site-packages/airflow/example_dags/example_task_group_decorator.py
[2024-05-16T12:27:16.583+0000] {processor.py:830} INFO - Processing file /usr/local/python/3.10.13/lib/python3.10/site-packages/airflow/example_dags/example_task_group_decorator.py for tasks to queue
[2024-05-16T12:27:16.584+0000] {logging_mixin.py:188} INFO - [2024-05-16T12:27:16.584+0000] {dagbag.py:545} INFO - Filling up the DagBag from /usr/local/python/3.10.13/lib/python3.10/site-packages/airflow/example_dags/example_task_group_decorator.py
[2024-05-16T12:27:16.596+0000] {processor.py:840} INFO - DAG(s) 'example_task_group_decorator' retrieved from /usr/local/python/3.10.13/lib/python3.10/site-packages/airflow/example_dags/example_task_group_decorator.py
[2024-05-16T12:27:16.612+0000] {logging_mixin.py:188} INFO - [2024-05-16T12:27:16.612+0000] {dag.py:3096} INFO - Sync 1 DAGs
[2024-05-16T12:27:16.629+0000] {logging_mixin.py:188} INFO - [2024-05-16T12:27:16.628+0000] {dag.py:3954} INFO - Setting next_dagrun for example_task_group_decorator to 2024-05-15 00:00:00+00:00, run_after=2024-05-16 00:00:00+00:00
[2024-05-16T12:27:16.687+0000] {processor.py:183} INFO - Processing /usr/local/python/3.10.13/lib/python3.10/site-packages/airflow/example_dags/example_task_group_decorator.py took 0.110 seconds
[2024-05-16T12:28:00.408+0000] {processor.py:161} INFO - Started process (PID=16697) to work on /usr/local/python/3.10.13/lib/python3.10/site-packages/airflow/example_dags/example_task_group_decorator.py
[2024-05-16T12:28:00.409+0000] {processor.py:830} INFO - Processing file /usr/local/python/3.10.13/lib/python3.10/site-packages/airflow/example_dags/example_task_group_decorator.py for tasks to queue
[2024-05-16T12:28:00.410+0000] {logging_mixin.py:188} INFO - [2024-05-16T12:28:00.410+0000] {dagbag.py:545} INFO - Filling up the DagBag from /usr/local/python/3.10.13/lib/python3.10/site-packages/airflow/example_dags/example_task_group_decorator.py
[2024-05-16T12:28:00.422+0000] {processor.py:840} INFO - DAG(s) 'example_task_group_decorator' retrieved from /usr/local/python/3.10.13/lib/python3.10/site-packages/airflow/example_dags/example_task_group_decorator.py
[2024-05-16T12:28:00.438+0000] {logging_mixin.py:188} INFO - [2024-05-16T12:28:00.437+0000] {dag.py:3096} INFO - Sync 1 DAGs
[2024-05-16T12:28:00.452+0000] {logging_mixin.py:188} INFO - [2024-05-16T12:28:00.452+0000] {dag.py:3954} INFO - Setting next_dagrun for example_task_group_decorator to 2024-05-15 00:00:00+00:00, run_after=2024-05-16 00:00:00+00:00
[2024-05-16T12:28:00.500+0000] {processor.py:183} INFO - Processing /usr/local/python/3.10.13/lib/python3.10/site-packages/airflow/example_dags/example_task_group_decorator.py took 0.097 seconds
[2024-05-16T12:28:41.392+0000] {processor.py:161} INFO - Started process (PID=16994) to work on /usr/local/python/3.10.13/lib/python3.10/site-packages/airflow/example_dags/example_task_group_decorator.py
[2024-05-16T12:28:41.393+0000] {processor.py:830} INFO - Processing file /usr/local/python/3.10.13/lib/python3.10/site-packages/airflow/example_dags/example_task_group_decorator.py for tasks to queue
[2024-05-16T12:28:41.394+0000] {logging_mixin.py:188} INFO - [2024-05-16T12:28:41.394+0000] {dagbag.py:545} INFO - Filling up the DagBag from /usr/local/python/3.10.13/lib/python3.10/site-packages/airflow/example_dags/example_task_group_decorator.py
[2024-05-16T12:28:41.406+0000] {processor.py:840} INFO - DAG(s) 'example_task_group_decorator' retrieved from /usr/local/python/3.10.13/lib/python3.10/site-packages/airflow/example_dags/example_task_group_decorator.py
[2024-05-16T12:28:41.422+0000] {logging_mixin.py:188} INFO - [2024-05-16T12:28:41.421+0000] {dag.py:3096} INFO - Sync 1 DAGs
[2024-05-16T12:28:41.437+0000] {logging_mixin.py:188} INFO - [2024-05-16T12:28:41.436+0000] {dag.py:3954} INFO - Setting next_dagrun for example_task_group_decorator to 2024-05-15 00:00:00+00:00, run_after=2024-05-16 00:00:00+00:00
[2024-05-16T12:28:41.481+0000] {processor.py:183} INFO - Processing /usr/local/python/3.10.13/lib/python3.10/site-packages/airflow/example_dags/example_task_group_decorator.py took 0.094 seconds
[2024-05-16T12:29:23.258+0000] {processor.py:161} INFO - Started process (PID=17283) to work on /usr/local/python/3.10.13/lib/python3.10/site-packages/airflow/example_dags/example_task_group_decorator.py
[2024-05-16T12:29:23.259+0000] {processor.py:830} INFO - Processing file /usr/local/python/3.10.13/lib/python3.10/site-packages/airflow/example_dags/example_task_group_decorator.py for tasks to queue
[2024-05-16T12:29:23.260+0000] {logging_mixin.py:188} INFO - [2024-05-16T12:29:23.260+0000] {dagbag.py:545} INFO - Filling up the DagBag from /usr/local/python/3.10.13/lib/python3.10/site-packages/airflow/example_dags/example_task_group_decorator.py
[2024-05-16T12:29:23.272+0000] {processor.py:840} INFO - DAG(s) 'example_task_group_decorator' retrieved from /usr/local/python/3.10.13/lib/python3.10/site-packages/airflow/example_dags/example_task_group_decorator.py
[2024-05-16T12:29:23.287+0000] {logging_mixin.py:188} INFO - [2024-05-16T12:29:23.287+0000] {dag.py:3096} INFO - Sync 1 DAGs
[2024-05-16T12:29:23.301+0000] {logging_mixin.py:188} INFO - [2024-05-16T12:29:23.301+0000] {dag.py:3954} INFO - Setting next_dagrun for example_task_group_decorator to 2024-05-15 00:00:00+00:00, run_after=2024-05-16 00:00:00+00:00
[2024-05-16T12:29:23.346+0000] {processor.py:183} INFO - Processing /usr/local/python/3.10.13/lib/python3.10/site-packages/airflow/example_dags/example_task_group_decorator.py took 0.092 seconds
[2024-05-16T12:30:06.527+0000] {processor.py:161} INFO - Started process (PID=17619) to work on /usr/local/python/3.10.13/lib/python3.10/site-packages/airflow/example_dags/example_task_group_decorator.py
[2024-05-16T12:30:06.527+0000] {processor.py:830} INFO - Processing file /usr/local/python/3.10.13/lib/python3.10/site-packages/airflow/example_dags/example_task_group_decorator.py for tasks to queue
[2024-05-16T12:30:06.529+0000] {logging_mixin.py:188} INFO - [2024-05-16T12:30:06.528+0000] {dagbag.py:545} INFO - Filling up the DagBag from /usr/local/python/3.10.13/lib/python3.10/site-packages/airflow/example_dags/example_task_group_decorator.py
[2024-05-16T12:30:06.540+0000] {processor.py:840} INFO - DAG(s) 'example_task_group_decorator' retrieved from /usr/local/python/3.10.13/lib/python3.10/site-packages/airflow/example_dags/example_task_group_decorator.py
[2024-05-16T12:30:06.556+0000] {logging_mixin.py:188} INFO - [2024-05-16T12:30:06.556+0000] {dag.py:3096} INFO - Sync 1 DAGs
[2024-05-16T12:30:06.570+0000] {logging_mixin.py:188} INFO - [2024-05-16T12:30:06.570+0000] {dag.py:3954} INFO - Setting next_dagrun for example_task_group_decorator to 2024-05-15 00:00:00+00:00, run_after=2024-05-16 00:00:00+00:00
[2024-05-16T12:30:06.613+0000] {processor.py:183} INFO - Processing /usr/local/python/3.10.13/lib/python3.10/site-packages/airflow/example_dags/example_task_group_decorator.py took 0.091 seconds
[2024-05-16T12:30:49.931+0000] {processor.py:161} INFO - Started process (PID=17916) to work on /usr/local/python/3.10.13/lib/python3.10/site-packages/airflow/example_dags/example_task_group_decorator.py
[2024-05-16T12:30:49.932+0000] {processor.py:830} INFO - Processing file /usr/local/python/3.10.13/lib/python3.10/site-packages/airflow/example_dags/example_task_group_decorator.py for tasks to queue
[2024-05-16T12:30:49.933+0000] {logging_mixin.py:188} INFO - [2024-05-16T12:30:49.933+0000] {dagbag.py:545} INFO - Filling up the DagBag from /usr/local/python/3.10.13/lib/python3.10/site-packages/airflow/example_dags/example_task_group_decorator.py
[2024-05-16T12:30:49.945+0000] {processor.py:840} INFO - DAG(s) 'example_task_group_decorator' retrieved from /usr/local/python/3.10.13/lib/python3.10/site-packages/airflow/example_dags/example_task_group_decorator.py
[2024-05-16T12:30:49.961+0000] {logging_mixin.py:188} INFO - [2024-05-16T12:30:49.961+0000] {dag.py:3096} INFO - Sync 1 DAGs
[2024-05-16T12:30:49.976+0000] {logging_mixin.py:188} INFO - [2024-05-16T12:30:49.976+0000] {dag.py:3954} INFO - Setting next_dagrun for example_task_group_decorator to 2024-05-15 00:00:00+00:00, run_after=2024-05-16 00:00:00+00:00
[2024-05-16T12:30:50.024+0000] {processor.py:183} INFO - Processing /usr/local/python/3.10.13/lib/python3.10/site-packages/airflow/example_dags/example_task_group_decorator.py took 0.097 seconds
[2024-05-16T12:31:34.530+0000] {processor.py:161} INFO - Started process (PID=18234) to work on /usr/local/python/3.10.13/lib/python3.10/site-packages/airflow/example_dags/example_task_group_decorator.py
[2024-05-16T12:31:34.530+0000] {processor.py:830} INFO - Processing file /usr/local/python/3.10.13/lib/python3.10/site-packages/airflow/example_dags/example_task_group_decorator.py for tasks to queue
[2024-05-16T12:31:34.532+0000] {logging_mixin.py:188} INFO - [2024-05-16T12:31:34.531+0000] {dagbag.py:545} INFO - Filling up the DagBag from /usr/local/python/3.10.13/lib/python3.10/site-packages/airflow/example_dags/example_task_group_decorator.py
[2024-05-16T12:31:34.543+0000] {processor.py:840} INFO - DAG(s) 'example_task_group_decorator' retrieved from /usr/local/python/3.10.13/lib/python3.10/site-packages/airflow/example_dags/example_task_group_decorator.py
[2024-05-16T12:31:34.560+0000] {logging_mixin.py:188} INFO - [2024-05-16T12:31:34.560+0000] {dag.py:3096} INFO - Sync 1 DAGs
[2024-05-16T12:31:34.575+0000] {logging_mixin.py:188} INFO - [2024-05-16T12:31:34.575+0000] {dag.py:3954} INFO - Setting next_dagrun for example_task_group_decorator to 2024-05-15 00:00:00+00:00, run_after=2024-05-16 00:00:00+00:00
[2024-05-16T12:31:34.621+0000] {processor.py:183} INFO - Processing /usr/local/python/3.10.13/lib/python3.10/site-packages/airflow/example_dags/example_task_group_decorator.py took 0.096 seconds
[2024-05-16T12:32:15.887+0000] {processor.py:161} INFO - Started process (PID=18535) to work on /usr/local/python/3.10.13/lib/python3.10/site-packages/airflow/example_dags/example_task_group_decorator.py
[2024-05-16T12:32:15.888+0000] {processor.py:830} INFO - Processing file /usr/local/python/3.10.13/lib/python3.10/site-packages/airflow/example_dags/example_task_group_decorator.py for tasks to queue
[2024-05-16T12:32:15.889+0000] {logging_mixin.py:188} INFO - [2024-05-16T12:32:15.889+0000] {dagbag.py:545} INFO - Filling up the DagBag from /usr/local/python/3.10.13/lib/python3.10/site-packages/airflow/example_dags/example_task_group_decorator.py
[2024-05-16T12:32:15.901+0000] {processor.py:840} INFO - DAG(s) 'example_task_group_decorator' retrieved from /usr/local/python/3.10.13/lib/python3.10/site-packages/airflow/example_dags/example_task_group_decorator.py
[2024-05-16T12:32:15.917+0000] {logging_mixin.py:188} INFO - [2024-05-16T12:32:15.917+0000] {dag.py:3096} INFO - Sync 1 DAGs
[2024-05-16T12:32:15.932+0000] {logging_mixin.py:188} INFO - [2024-05-16T12:32:15.932+0000] {dag.py:3954} INFO - Setting next_dagrun for example_task_group_decorator to 2024-05-15 00:00:00+00:00, run_after=2024-05-16 00:00:00+00:00
[2024-05-16T12:32:15.981+0000] {processor.py:183} INFO - Processing /usr/local/python/3.10.13/lib/python3.10/site-packages/airflow/example_dags/example_task_group_decorator.py took 0.098 seconds
[2024-05-16T12:32:56.189+0000] {processor.py:161} INFO - Started process (PID=18826) to work on /usr/local/python/3.10.13/lib/python3.10/site-packages/airflow/example_dags/example_task_group_decorator.py
[2024-05-16T12:32:56.190+0000] {processor.py:830} INFO - Processing file /usr/local/python/3.10.13/lib/python3.10/site-packages/airflow/example_dags/example_task_group_decorator.py for tasks to queue
[2024-05-16T12:32:56.191+0000] {logging_mixin.py:188} INFO - [2024-05-16T12:32:56.191+0000] {dagbag.py:545} INFO - Filling up the DagBag from /usr/local/python/3.10.13/lib/python3.10/site-packages/airflow/example_dags/example_task_group_decorator.py
[2024-05-16T12:32:56.204+0000] {processor.py:840} INFO - DAG(s) 'example_task_group_decorator' retrieved from /usr/local/python/3.10.13/lib/python3.10/site-packages/airflow/example_dags/example_task_group_decorator.py
[2024-05-16T12:32:56.222+0000] {logging_mixin.py:188} INFO - [2024-05-16T12:32:56.221+0000] {dag.py:3096} INFO - Sync 1 DAGs
[2024-05-16T12:32:56.236+0000] {logging_mixin.py:188} INFO - [2024-05-16T12:32:56.236+0000] {dag.py:3954} INFO - Setting next_dagrun for example_task_group_decorator to 2024-05-15 00:00:00+00:00, run_after=2024-05-16 00:00:00+00:00
[2024-05-16T12:32:56.286+0000] {processor.py:183} INFO - Processing /usr/local/python/3.10.13/lib/python3.10/site-packages/airflow/example_dags/example_task_group_decorator.py took 0.101 seconds
[2024-05-16T12:33:37.470+0000] {processor.py:161} INFO - Started process (PID=19133) to work on /usr/local/python/3.10.13/lib/python3.10/site-packages/airflow/example_dags/example_task_group_decorator.py
[2024-05-16T12:33:37.471+0000] {processor.py:830} INFO - Processing file /usr/local/python/3.10.13/lib/python3.10/site-packages/airflow/example_dags/example_task_group_decorator.py for tasks to queue
[2024-05-16T12:33:37.472+0000] {logging_mixin.py:188} INFO - [2024-05-16T12:33:37.472+0000] {dagbag.py:545} INFO - Filling up the DagBag from /usr/local/python/3.10.13/lib/python3.10/site-packages/airflow/example_dags/example_task_group_decorator.py
[2024-05-16T12:33:37.484+0000] {processor.py:840} INFO - DAG(s) 'example_task_group_decorator' retrieved from /usr/local/python/3.10.13/lib/python3.10/site-packages/airflow/example_dags/example_task_group_decorator.py
[2024-05-16T12:33:37.500+0000] {logging_mixin.py:188} INFO - [2024-05-16T12:33:37.500+0000] {dag.py:3096} INFO - Sync 1 DAGs
[2024-05-16T12:33:37.515+0000] {logging_mixin.py:188} INFO - [2024-05-16T12:33:37.515+0000] {dag.py:3954} INFO - Setting next_dagrun for example_task_group_decorator to 2024-05-15 00:00:00+00:00, run_after=2024-05-16 00:00:00+00:00
[2024-05-16T12:33:37.578+0000] {processor.py:183} INFO - Processing /usr/local/python/3.10.13/lib/python3.10/site-packages/airflow/example_dags/example_task_group_decorator.py took 0.113 seconds
[2024-05-16T12:34:21.548+0000] {processor.py:161} INFO - Started process (PID=19467) to work on /usr/local/python/3.10.13/lib/python3.10/site-packages/airflow/example_dags/example_task_group_decorator.py
[2024-05-16T12:34:21.549+0000] {processor.py:830} INFO - Processing file /usr/local/python/3.10.13/lib/python3.10/site-packages/airflow/example_dags/example_task_group_decorator.py for tasks to queue
[2024-05-16T12:34:21.551+0000] {logging_mixin.py:188} INFO - [2024-05-16T12:34:21.551+0000] {dagbag.py:545} INFO - Filling up the DagBag from /usr/local/python/3.10.13/lib/python3.10/site-packages/airflow/example_dags/example_task_group_decorator.py
[2024-05-16T12:34:21.573+0000] {processor.py:840} INFO - DAG(s) 'example_task_group_decorator' retrieved from /usr/local/python/3.10.13/lib/python3.10/site-packages/airflow/example_dags/example_task_group_decorator.py
[2024-05-16T12:34:21.605+0000] {logging_mixin.py:188} INFO - [2024-05-16T12:34:21.605+0000] {dag.py:3096} INFO - Sync 1 DAGs
[2024-05-16T12:34:21.635+0000] {logging_mixin.py:188} INFO - [2024-05-16T12:34:21.635+0000] {dag.py:3954} INFO - Setting next_dagrun for example_task_group_decorator to 2024-05-15 00:00:00+00:00, run_after=2024-05-16 00:00:00+00:00
[2024-05-16T12:34:21.685+0000] {processor.py:183} INFO - Processing /usr/local/python/3.10.13/lib/python3.10/site-packages/airflow/example_dags/example_task_group_decorator.py took 0.144 seconds
[2024-05-16T12:35:04.585+0000] {processor.py:161} INFO - Started process (PID=19780) to work on /usr/local/python/3.10.13/lib/python3.10/site-packages/airflow/example_dags/example_task_group_decorator.py
[2024-05-16T12:35:04.585+0000] {processor.py:830} INFO - Processing file /usr/local/python/3.10.13/lib/python3.10/site-packages/airflow/example_dags/example_task_group_decorator.py for tasks to queue
[2024-05-16T12:35:04.587+0000] {logging_mixin.py:188} INFO - [2024-05-16T12:35:04.586+0000] {dagbag.py:545} INFO - Filling up the DagBag from /usr/local/python/3.10.13/lib/python3.10/site-packages/airflow/example_dags/example_task_group_decorator.py
[2024-05-16T12:35:04.599+0000] {processor.py:840} INFO - DAG(s) 'example_task_group_decorator' retrieved from /usr/local/python/3.10.13/lib/python3.10/site-packages/airflow/example_dags/example_task_group_decorator.py
[2024-05-16T12:35:04.615+0000] {logging_mixin.py:188} INFO - [2024-05-16T12:35:04.615+0000] {dag.py:3096} INFO - Sync 1 DAGs
[2024-05-16T12:35:04.629+0000] {logging_mixin.py:188} INFO - [2024-05-16T12:35:04.628+0000] {dag.py:3954} INFO - Setting next_dagrun for example_task_group_decorator to 2024-05-15 00:00:00+00:00, run_after=2024-05-16 00:00:00+00:00
[2024-05-16T12:35:04.674+0000] {processor.py:183} INFO - Processing /usr/local/python/3.10.13/lib/python3.10/site-packages/airflow/example_dags/example_task_group_decorator.py took 0.094 seconds
[2024-05-16T12:35:46.887+0000] {processor.py:161} INFO - Started process (PID=20088) to work on /usr/local/python/3.10.13/lib/python3.10/site-packages/airflow/example_dags/example_task_group_decorator.py
[2024-05-16T12:35:46.888+0000] {processor.py:830} INFO - Processing file /usr/local/python/3.10.13/lib/python3.10/site-packages/airflow/example_dags/example_task_group_decorator.py for tasks to queue
[2024-05-16T12:35:46.889+0000] {logging_mixin.py:188} INFO - [2024-05-16T12:35:46.889+0000] {dagbag.py:545} INFO - Filling up the DagBag from /usr/local/python/3.10.13/lib/python3.10/site-packages/airflow/example_dags/example_task_group_decorator.py
[2024-05-16T12:35:46.903+0000] {processor.py:840} INFO - DAG(s) 'example_task_group_decorator' retrieved from /usr/local/python/3.10.13/lib/python3.10/site-packages/airflow/example_dags/example_task_group_decorator.py
[2024-05-16T12:35:46.921+0000] {logging_mixin.py:188} INFO - [2024-05-16T12:35:46.920+0000] {dag.py:3096} INFO - Sync 1 DAGs
[2024-05-16T12:35:46.935+0000] {logging_mixin.py:188} INFO - [2024-05-16T12:35:46.935+0000] {dag.py:3954} INFO - Setting next_dagrun for example_task_group_decorator to 2024-05-15 00:00:00+00:00, run_after=2024-05-16 00:00:00+00:00
[2024-05-16T12:35:46.978+0000] {processor.py:183} INFO - Processing /usr/local/python/3.10.13/lib/python3.10/site-packages/airflow/example_dags/example_task_group_decorator.py took 0.096 seconds
[2024-05-16T12:36:26.683+0000] {processor.py:161} INFO - Started process (PID=20385) to work on /usr/local/python/3.10.13/lib/python3.10/site-packages/airflow/example_dags/example_task_group_decorator.py
[2024-05-16T12:36:26.684+0000] {processor.py:830} INFO - Processing file /usr/local/python/3.10.13/lib/python3.10/site-packages/airflow/example_dags/example_task_group_decorator.py for tasks to queue
[2024-05-16T12:36:26.685+0000] {logging_mixin.py:188} INFO - [2024-05-16T12:36:26.685+0000] {dagbag.py:545} INFO - Filling up the DagBag from /usr/local/python/3.10.13/lib/python3.10/site-packages/airflow/example_dags/example_task_group_decorator.py
[2024-05-16T12:36:26.697+0000] {processor.py:840} INFO - DAG(s) 'example_task_group_decorator' retrieved from /usr/local/python/3.10.13/lib/python3.10/site-packages/airflow/example_dags/example_task_group_decorator.py
[2024-05-16T12:36:26.714+0000] {logging_mixin.py:188} INFO - [2024-05-16T12:36:26.714+0000] {dag.py:3096} INFO - Sync 1 DAGs
[2024-05-16T12:36:26.735+0000] {logging_mixin.py:188} INFO - [2024-05-16T12:36:26.734+0000] {dag.py:3954} INFO - Setting next_dagrun for example_task_group_decorator to 2024-05-15 00:00:00+00:00, run_after=2024-05-16 00:00:00+00:00
[2024-05-16T12:36:26.781+0000] {processor.py:183} INFO - Processing /usr/local/python/3.10.13/lib/python3.10/site-packages/airflow/example_dags/example_task_group_decorator.py took 0.103 seconds
[2024-05-16T12:37:08.701+0000] {processor.py:161} INFO - Started process (PID=20677) to work on /usr/local/python/3.10.13/lib/python3.10/site-packages/airflow/example_dags/example_task_group_decorator.py
[2024-05-16T12:37:08.701+0000] {processor.py:830} INFO - Processing file /usr/local/python/3.10.13/lib/python3.10/site-packages/airflow/example_dags/example_task_group_decorator.py for tasks to queue
[2024-05-16T12:37:08.703+0000] {logging_mixin.py:188} INFO - [2024-05-16T12:37:08.702+0000] {dagbag.py:545} INFO - Filling up the DagBag from /usr/local/python/3.10.13/lib/python3.10/site-packages/airflow/example_dags/example_task_group_decorator.py
[2024-05-16T12:37:08.715+0000] {processor.py:840} INFO - DAG(s) 'example_task_group_decorator' retrieved from /usr/local/python/3.10.13/lib/python3.10/site-packages/airflow/example_dags/example_task_group_decorator.py
[2024-05-16T12:37:08.731+0000] {logging_mixin.py:188} INFO - [2024-05-16T12:37:08.731+0000] {dag.py:3096} INFO - Sync 1 DAGs
[2024-05-16T12:37:08.745+0000] {logging_mixin.py:188} INFO - [2024-05-16T12:37:08.745+0000] {dag.py:3954} INFO - Setting next_dagrun for example_task_group_decorator to 2024-05-15 00:00:00+00:00, run_after=2024-05-16 00:00:00+00:00
[2024-05-16T12:37:08.788+0000] {processor.py:183} INFO - Processing /usr/local/python/3.10.13/lib/python3.10/site-packages/airflow/example_dags/example_task_group_decorator.py took 0.093 seconds
[2024-05-16T12:37:50.909+0000] {processor.py:161} INFO - Started process (PID=20969) to work on /usr/local/python/3.10.13/lib/python3.10/site-packages/airflow/example_dags/example_task_group_decorator.py
[2024-05-16T12:37:50.910+0000] {processor.py:830} INFO - Processing file /usr/local/python/3.10.13/lib/python3.10/site-packages/airflow/example_dags/example_task_group_decorator.py for tasks to queue
[2024-05-16T12:37:50.911+0000] {logging_mixin.py:188} INFO - [2024-05-16T12:37:50.911+0000] {dagbag.py:545} INFO - Filling up the DagBag from /usr/local/python/3.10.13/lib/python3.10/site-packages/airflow/example_dags/example_task_group_decorator.py
[2024-05-16T12:37:50.923+0000] {processor.py:840} INFO - DAG(s) 'example_task_group_decorator' retrieved from /usr/local/python/3.10.13/lib/python3.10/site-packages/airflow/example_dags/example_task_group_decorator.py
[2024-05-16T12:37:50.939+0000] {logging_mixin.py:188} INFO - [2024-05-16T12:37:50.939+0000] {dag.py:3096} INFO - Sync 1 DAGs
[2024-05-16T12:37:50.953+0000] {logging_mixin.py:188} INFO - [2024-05-16T12:37:50.953+0000] {dag.py:3954} INFO - Setting next_dagrun for example_task_group_decorator to 2024-05-15 00:00:00+00:00, run_after=2024-05-16 00:00:00+00:00
[2024-05-16T12:37:51.014+0000] {processor.py:183} INFO - Processing /usr/local/python/3.10.13/lib/python3.10/site-packages/airflow/example_dags/example_task_group_decorator.py took 0.110 seconds
[2024-05-16T12:38:28.471+0000] {processor.py:161} INFO - Started process (PID=21249) to work on /usr/local/python/3.10.13/lib/python3.10/site-packages/airflow/example_dags/example_task_group_decorator.py
[2024-05-16T12:38:28.472+0000] {processor.py:830} INFO - Processing file /usr/local/python/3.10.13/lib/python3.10/site-packages/airflow/example_dags/example_task_group_decorator.py for tasks to queue
[2024-05-16T12:38:28.473+0000] {logging_mixin.py:188} INFO - [2024-05-16T12:38:28.473+0000] {dagbag.py:545} INFO - Filling up the DagBag from /usr/local/python/3.10.13/lib/python3.10/site-packages/airflow/example_dags/example_task_group_decorator.py
[2024-05-16T12:38:28.488+0000] {processor.py:840} INFO - DAG(s) 'example_task_group_decorator' retrieved from /usr/local/python/3.10.13/lib/python3.10/site-packages/airflow/example_dags/example_task_group_decorator.py
[2024-05-16T12:38:28.504+0000] {logging_mixin.py:188} INFO - [2024-05-16T12:38:28.504+0000] {dag.py:3096} INFO - Sync 1 DAGs
[2024-05-16T12:38:28.520+0000] {logging_mixin.py:188} INFO - [2024-05-16T12:38:28.520+0000] {dag.py:3954} INFO - Setting next_dagrun for example_task_group_decorator to 2024-05-15 00:00:00+00:00, run_after=2024-05-16 00:00:00+00:00
[2024-05-16T12:38:28.565+0000] {processor.py:183} INFO - Processing /usr/local/python/3.10.13/lib/python3.10/site-packages/airflow/example_dags/example_task_group_decorator.py took 0.099 seconds
[2024-05-16T12:39:09.833+0000] {processor.py:161} INFO - Started process (PID=21539) to work on /usr/local/python/3.10.13/lib/python3.10/site-packages/airflow/example_dags/example_task_group_decorator.py
[2024-05-16T12:39:09.834+0000] {processor.py:830} INFO - Processing file /usr/local/python/3.10.13/lib/python3.10/site-packages/airflow/example_dags/example_task_group_decorator.py for tasks to queue
[2024-05-16T12:39:09.835+0000] {logging_mixin.py:188} INFO - [2024-05-16T12:39:09.835+0000] {dagbag.py:545} INFO - Filling up the DagBag from /usr/local/python/3.10.13/lib/python3.10/site-packages/airflow/example_dags/example_task_group_decorator.py
[2024-05-16T12:39:09.848+0000] {processor.py:840} INFO - DAG(s) 'example_task_group_decorator' retrieved from /usr/local/python/3.10.13/lib/python3.10/site-packages/airflow/example_dags/example_task_group_decorator.py
[2024-05-16T12:39:09.866+0000] {logging_mixin.py:188} INFO - [2024-05-16T12:39:09.866+0000] {dag.py:3096} INFO - Sync 1 DAGs
[2024-05-16T12:39:09.881+0000] {logging_mixin.py:188} INFO - [2024-05-16T12:39:09.881+0000] {dag.py:3954} INFO - Setting next_dagrun for example_task_group_decorator to 2024-05-15 00:00:00+00:00, run_after=2024-05-16 00:00:00+00:00
[2024-05-16T12:39:09.924+0000] {processor.py:183} INFO - Processing /usr/local/python/3.10.13/lib/python3.10/site-packages/airflow/example_dags/example_task_group_decorator.py took 0.095 seconds
[2024-05-16T12:39:54.444+0000] {processor.py:161} INFO - Started process (PID=21848) to work on /usr/local/python/3.10.13/lib/python3.10/site-packages/airflow/example_dags/example_task_group_decorator.py
[2024-05-16T12:39:54.444+0000] {processor.py:830} INFO - Processing file /usr/local/python/3.10.13/lib/python3.10/site-packages/airflow/example_dags/example_task_group_decorator.py for tasks to queue
[2024-05-16T12:39:54.446+0000] {logging_mixin.py:188} INFO - [2024-05-16T12:39:54.446+0000] {dagbag.py:545} INFO - Filling up the DagBag from /usr/local/python/3.10.13/lib/python3.10/site-packages/airflow/example_dags/example_task_group_decorator.py
[2024-05-16T12:39:54.457+0000] {processor.py:840} INFO - DAG(s) 'example_task_group_decorator' retrieved from /usr/local/python/3.10.13/lib/python3.10/site-packages/airflow/example_dags/example_task_group_decorator.py
[2024-05-16T12:39:54.473+0000] {logging_mixin.py:188} INFO - [2024-05-16T12:39:54.473+0000] {dag.py:3096} INFO - Sync 1 DAGs
[2024-05-16T12:39:54.487+0000] {logging_mixin.py:188} INFO - [2024-05-16T12:39:54.487+0000] {dag.py:3954} INFO - Setting next_dagrun for example_task_group_decorator to 2024-05-15 00:00:00+00:00, run_after=2024-05-16 00:00:00+00:00
[2024-05-16T12:39:54.533+0000] {processor.py:183} INFO - Processing /usr/local/python/3.10.13/lib/python3.10/site-packages/airflow/example_dags/example_task_group_decorator.py took 0.094 seconds
[2024-05-16T12:40:36.573+0000] {processor.py:161} INFO - Started process (PID=22159) to work on /usr/local/python/3.10.13/lib/python3.10/site-packages/airflow/example_dags/example_task_group_decorator.py
[2024-05-16T12:40:36.573+0000] {processor.py:830} INFO - Processing file /usr/local/python/3.10.13/lib/python3.10/site-packages/airflow/example_dags/example_task_group_decorator.py for tasks to queue
[2024-05-16T12:40:36.575+0000] {logging_mixin.py:188} INFO - [2024-05-16T12:40:36.574+0000] {dagbag.py:545} INFO - Filling up the DagBag from /usr/local/python/3.10.13/lib/python3.10/site-packages/airflow/example_dags/example_task_group_decorator.py
[2024-05-16T12:40:36.586+0000] {processor.py:840} INFO - DAG(s) 'example_task_group_decorator' retrieved from /usr/local/python/3.10.13/lib/python3.10/site-packages/airflow/example_dags/example_task_group_decorator.py
[2024-05-16T12:40:36.603+0000] {logging_mixin.py:188} INFO - [2024-05-16T12:40:36.603+0000] {dag.py:3096} INFO - Sync 1 DAGs
[2024-05-16T12:40:36.618+0000] {logging_mixin.py:188} INFO - [2024-05-16T12:40:36.617+0000] {dag.py:3954} INFO - Setting next_dagrun for example_task_group_decorator to 2024-05-15 00:00:00+00:00, run_after=2024-05-16 00:00:00+00:00
[2024-05-16T12:40:36.665+0000] {processor.py:183} INFO - Processing /usr/local/python/3.10.13/lib/python3.10/site-packages/airflow/example_dags/example_task_group_decorator.py took 0.097 seconds
[2024-05-16T12:41:17.936+0000] {processor.py:161} INFO - Started process (PID=22451) to work on /usr/local/python/3.10.13/lib/python3.10/site-packages/airflow/example_dags/example_task_group_decorator.py
[2024-05-16T12:41:17.936+0000] {processor.py:830} INFO - Processing file /usr/local/python/3.10.13/lib/python3.10/site-packages/airflow/example_dags/example_task_group_decorator.py for tasks to queue
[2024-05-16T12:41:17.938+0000] {logging_mixin.py:188} INFO - [2024-05-16T12:41:17.937+0000] {dagbag.py:545} INFO - Filling up the DagBag from /usr/local/python/3.10.13/lib/python3.10/site-packages/airflow/example_dags/example_task_group_decorator.py
[2024-05-16T12:41:17.949+0000] {processor.py:840} INFO - DAG(s) 'example_task_group_decorator' retrieved from /usr/local/python/3.10.13/lib/python3.10/site-packages/airflow/example_dags/example_task_group_decorator.py
[2024-05-16T12:41:17.967+0000] {logging_mixin.py:188} INFO - [2024-05-16T12:41:17.966+0000] {dag.py:3096} INFO - Sync 1 DAGs
[2024-05-16T12:41:17.983+0000] {logging_mixin.py:188} INFO - [2024-05-16T12:41:17.983+0000] {dag.py:3954} INFO - Setting next_dagrun for example_task_group_decorator to 2024-05-15 00:00:00+00:00, run_after=2024-05-16 00:00:00+00:00
[2024-05-16T12:41:18.031+0000] {processor.py:183} INFO - Processing /usr/local/python/3.10.13/lib/python3.10/site-packages/airflow/example_dags/example_task_group_decorator.py took 0.100 seconds
[2024-05-16T12:42:00.653+0000] {processor.py:161} INFO - Started process (PID=22771) to work on /usr/local/python/3.10.13/lib/python3.10/site-packages/airflow/example_dags/example_task_group_decorator.py
[2024-05-16T12:42:00.654+0000] {processor.py:830} INFO - Processing file /usr/local/python/3.10.13/lib/python3.10/site-packages/airflow/example_dags/example_task_group_decorator.py for tasks to queue
[2024-05-16T12:42:00.655+0000] {logging_mixin.py:188} INFO - [2024-05-16T12:42:00.654+0000] {dagbag.py:545} INFO - Filling up the DagBag from /usr/local/python/3.10.13/lib/python3.10/site-packages/airflow/example_dags/example_task_group_decorator.py
[2024-05-16T12:42:00.666+0000] {processor.py:840} INFO - DAG(s) 'example_task_group_decorator' retrieved from /usr/local/python/3.10.13/lib/python3.10/site-packages/airflow/example_dags/example_task_group_decorator.py
[2024-05-16T12:42:00.682+0000] {logging_mixin.py:188} INFO - [2024-05-16T12:42:00.682+0000] {dag.py:3096} INFO - Sync 1 DAGs
[2024-05-16T12:42:00.697+0000] {logging_mixin.py:188} INFO - [2024-05-16T12:42:00.696+0000] {dag.py:3954} INFO - Setting next_dagrun for example_task_group_decorator to 2024-05-15 00:00:00+00:00, run_after=2024-05-16 00:00:00+00:00
[2024-05-16T12:42:00.742+0000] {processor.py:183} INFO - Processing /usr/local/python/3.10.13/lib/python3.10/site-packages/airflow/example_dags/example_task_group_decorator.py took 0.094 seconds
[2024-05-16T12:42:43.463+0000] {processor.py:161} INFO - Started process (PID=23087) to work on /usr/local/python/3.10.13/lib/python3.10/site-packages/airflow/example_dags/example_task_group_decorator.py
[2024-05-16T12:42:43.464+0000] {processor.py:830} INFO - Processing file /usr/local/python/3.10.13/lib/python3.10/site-packages/airflow/example_dags/example_task_group_decorator.py for tasks to queue
[2024-05-16T12:42:43.465+0000] {logging_mixin.py:188} INFO - [2024-05-16T12:42:43.465+0000] {dagbag.py:545} INFO - Filling up the DagBag from /usr/local/python/3.10.13/lib/python3.10/site-packages/airflow/example_dags/example_task_group_decorator.py
[2024-05-16T12:42:43.477+0000] {processor.py:840} INFO - DAG(s) 'example_task_group_decorator' retrieved from /usr/local/python/3.10.13/lib/python3.10/site-packages/airflow/example_dags/example_task_group_decorator.py
[2024-05-16T12:42:43.499+0000] {logging_mixin.py:188} INFO - [2024-05-16T12:42:43.499+0000] {dag.py:3096} INFO - Sync 1 DAGs
[2024-05-16T12:42:43.521+0000] {logging_mixin.py:188} INFO - [2024-05-16T12:42:43.521+0000] {dag.py:3954} INFO - Setting next_dagrun for example_task_group_decorator to 2024-05-15 00:00:00+00:00, run_after=2024-05-16 00:00:00+00:00
[2024-05-16T12:42:43.571+0000] {processor.py:183} INFO - Processing /usr/local/python/3.10.13/lib/python3.10/site-packages/airflow/example_dags/example_task_group_decorator.py took 0.114 seconds
[2024-05-16T12:43:23.752+0000] {processor.py:161} INFO - Started process (PID=23388) to work on /usr/local/python/3.10.13/lib/python3.10/site-packages/airflow/example_dags/example_task_group_decorator.py
[2024-05-16T12:43:23.753+0000] {processor.py:830} INFO - Processing file /usr/local/python/3.10.13/lib/python3.10/site-packages/airflow/example_dags/example_task_group_decorator.py for tasks to queue
[2024-05-16T12:43:23.755+0000] {logging_mixin.py:188} INFO - [2024-05-16T12:43:23.754+0000] {dagbag.py:545} INFO - Filling up the DagBag from /usr/local/python/3.10.13/lib/python3.10/site-packages/airflow/example_dags/example_task_group_decorator.py
[2024-05-16T12:43:23.766+0000] {processor.py:840} INFO - DAG(s) 'example_task_group_decorator' retrieved from /usr/local/python/3.10.13/lib/python3.10/site-packages/airflow/example_dags/example_task_group_decorator.py
[2024-05-16T12:43:23.782+0000] {logging_mixin.py:188} INFO - [2024-05-16T12:43:23.782+0000] {dag.py:3096} INFO - Sync 1 DAGs
[2024-05-16T12:43:23.796+0000] {logging_mixin.py:188} INFO - [2024-05-16T12:43:23.796+0000] {dag.py:3954} INFO - Setting next_dagrun for example_task_group_decorator to 2024-05-15 00:00:00+00:00, run_after=2024-05-16 00:00:00+00:00
[2024-05-16T12:43:23.840+0000] {processor.py:183} INFO - Processing /usr/local/python/3.10.13/lib/python3.10/site-packages/airflow/example_dags/example_task_group_decorator.py took 0.092 seconds
[2024-05-16T12:44:07.920+0000] {processor.py:161} INFO - Started process (PID=23699) to work on /usr/local/python/3.10.13/lib/python3.10/site-packages/airflow/example_dags/example_task_group_decorator.py
[2024-05-16T12:44:07.921+0000] {processor.py:830} INFO - Processing file /usr/local/python/3.10.13/lib/python3.10/site-packages/airflow/example_dags/example_task_group_decorator.py for tasks to queue
[2024-05-16T12:44:07.922+0000] {logging_mixin.py:188} INFO - [2024-05-16T12:44:07.922+0000] {dagbag.py:545} INFO - Filling up the DagBag from /usr/local/python/3.10.13/lib/python3.10/site-packages/airflow/example_dags/example_task_group_decorator.py
[2024-05-16T12:44:07.934+0000] {processor.py:840} INFO - DAG(s) 'example_task_group_decorator' retrieved from /usr/local/python/3.10.13/lib/python3.10/site-packages/airflow/example_dags/example_task_group_decorator.py
[2024-05-16T12:44:07.952+0000] {logging_mixin.py:188} INFO - [2024-05-16T12:44:07.952+0000] {dag.py:3096} INFO - Sync 1 DAGs
[2024-05-16T12:44:07.982+0000] {logging_mixin.py:188} INFO - [2024-05-16T12:44:07.982+0000] {dag.py:3954} INFO - Setting next_dagrun for example_task_group_decorator to 2024-05-15 00:00:00+00:00, run_after=2024-05-16 00:00:00+00:00
[2024-05-16T12:44:08.034+0000] {processor.py:183} INFO - Processing /usr/local/python/3.10.13/lib/python3.10/site-packages/airflow/example_dags/example_task_group_decorator.py took 0.119 seconds
[2024-05-16T12:44:50.576+0000] {processor.py:161} INFO - Started process (PID=24003) to work on /usr/local/python/3.10.13/lib/python3.10/site-packages/airflow/example_dags/example_task_group_decorator.py
[2024-05-16T12:44:50.577+0000] {processor.py:830} INFO - Processing file /usr/local/python/3.10.13/lib/python3.10/site-packages/airflow/example_dags/example_task_group_decorator.py for tasks to queue
[2024-05-16T12:44:50.578+0000] {logging_mixin.py:188} INFO - [2024-05-16T12:44:50.578+0000] {dagbag.py:545} INFO - Filling up the DagBag from /usr/local/python/3.10.13/lib/python3.10/site-packages/airflow/example_dags/example_task_group_decorator.py
[2024-05-16T12:44:50.590+0000] {processor.py:840} INFO - DAG(s) 'example_task_group_decorator' retrieved from /usr/local/python/3.10.13/lib/python3.10/site-packages/airflow/example_dags/example_task_group_decorator.py
[2024-05-16T12:44:50.605+0000] {logging_mixin.py:188} INFO - [2024-05-16T12:44:50.605+0000] {dag.py:3096} INFO - Sync 1 DAGs
[2024-05-16T12:44:50.620+0000] {logging_mixin.py:188} INFO - [2024-05-16T12:44:50.620+0000] {dag.py:3954} INFO - Setting next_dagrun for example_task_group_decorator to 2024-05-15 00:00:00+00:00, run_after=2024-05-16 00:00:00+00:00
[2024-05-16T12:44:50.667+0000] {processor.py:183} INFO - Processing /usr/local/python/3.10.13/lib/python3.10/site-packages/airflow/example_dags/example_task_group_decorator.py took 0.096 seconds
[2024-05-16T12:45:34.620+0000] {processor.py:161} INFO - Started process (PID=24449) to work on /usr/local/python/3.10.13/lib/python3.10/site-packages/airflow/example_dags/example_task_group_decorator.py
[2024-05-16T12:45:34.621+0000] {processor.py:830} INFO - Processing file /usr/local/python/3.10.13/lib/python3.10/site-packages/airflow/example_dags/example_task_group_decorator.py for tasks to queue
[2024-05-16T12:45:34.622+0000] {logging_mixin.py:188} INFO - [2024-05-16T12:45:34.622+0000] {dagbag.py:545} INFO - Filling up the DagBag from /usr/local/python/3.10.13/lib/python3.10/site-packages/airflow/example_dags/example_task_group_decorator.py
[2024-05-16T12:45:34.634+0000] {processor.py:840} INFO - DAG(s) 'example_task_group_decorator' retrieved from /usr/local/python/3.10.13/lib/python3.10/site-packages/airflow/example_dags/example_task_group_decorator.py
[2024-05-16T12:45:34.650+0000] {logging_mixin.py:188} INFO - [2024-05-16T12:45:34.650+0000] {dag.py:3096} INFO - Sync 1 DAGs
[2024-05-16T12:45:34.665+0000] {logging_mixin.py:188} INFO - [2024-05-16T12:45:34.665+0000] {dag.py:3954} INFO - Setting next_dagrun for example_task_group_decorator to 2024-05-15 00:00:00+00:00, run_after=2024-05-16 00:00:00+00:00
[2024-05-16T12:45:34.716+0000] {processor.py:183} INFO - Processing /usr/local/python/3.10.13/lib/python3.10/site-packages/airflow/example_dags/example_task_group_decorator.py took 0.100 seconds
