[2024-05-16T12:06:53.794+0000] {processor.py:161} INFO - Started process (PID=7602) to work on /usr/local/python/3.10.13/lib/python3.10/site-packages/airflow/example_dags/example_external_task_marker_dag.py
[2024-05-16T12:06:53.795+0000] {processor.py:830} INFO - Processing file /usr/local/python/3.10.13/lib/python3.10/site-packages/airflow/example_dags/example_external_task_marker_dag.py for tasks to queue
[2024-05-16T12:06:53.796+0000] {logging_mixin.py:188} INFO - [2024-05-16T12:06:53.796+0000] {dagbag.py:545} INFO - Filling up the DagBag from /usr/local/python/3.10.13/lib/python3.10/site-packages/airflow/example_dags/example_external_task_marker_dag.py
[2024-05-16T12:06:53.801+0000] {processor.py:840} INFO - DAG(s) 'example_external_task_marker_parent', 'example_external_task_marker_child' retrieved from /usr/local/python/3.10.13/lib/python3.10/site-packages/airflow/example_dags/example_external_task_marker_dag.py
[2024-05-16T12:06:53.964+0000] {logging_mixin.py:188} INFO - [2024-05-16T12:06:53.964+0000] {dag.py:3096} INFO - Sync 2 DAGs
[2024-05-16T12:06:53.971+0000] {logging_mixin.py:188} INFO - [2024-05-16T12:06:53.971+0000] {dag.py:3954} INFO - Setting next_dagrun for example_external_task_marker_child to None, run_after=None
[2024-05-16T12:06:53.973+0000] {logging_mixin.py:188} INFO - [2024-05-16T12:06:53.973+0000] {dag.py:3954} INFO - Setting next_dagrun for example_external_task_marker_parent to None, run_after=None
[2024-05-16T12:06:54.018+0000] {processor.py:183} INFO - Processing /usr/local/python/3.10.13/lib/python3.10/site-packages/airflow/example_dags/example_external_task_marker_dag.py took 0.228 seconds
[2024-05-16T12:07:47.437+0000] {processor.py:161} INFO - Started process (PID=7961) to work on /usr/local/python/3.10.13/lib/python3.10/site-packages/airflow/example_dags/example_external_task_marker_dag.py
[2024-05-16T12:07:47.438+0000] {processor.py:830} INFO - Processing file /usr/local/python/3.10.13/lib/python3.10/site-packages/airflow/example_dags/example_external_task_marker_dag.py for tasks to queue
[2024-05-16T12:07:47.439+0000] {logging_mixin.py:188} INFO - [2024-05-16T12:07:47.439+0000] {dagbag.py:545} INFO - Filling up the DagBag from /usr/local/python/3.10.13/lib/python3.10/site-packages/airflow/example_dags/example_external_task_marker_dag.py
[2024-05-16T12:07:47.444+0000] {processor.py:840} INFO - DAG(s) 'example_external_task_marker_parent', 'example_external_task_marker_child' retrieved from /usr/local/python/3.10.13/lib/python3.10/site-packages/airflow/example_dags/example_external_task_marker_dag.py
[2024-05-16T12:07:47.458+0000] {logging_mixin.py:188} INFO - [2024-05-16T12:07:47.458+0000] {dag.py:3096} INFO - Sync 2 DAGs
[2024-05-16T12:07:47.467+0000] {logging_mixin.py:188} INFO - [2024-05-16T12:07:47.467+0000] {dag.py:3954} INFO - Setting next_dagrun for example_external_task_marker_child to None, run_after=None
[2024-05-16T12:07:47.470+0000] {logging_mixin.py:188} INFO - [2024-05-16T12:07:47.469+0000] {dag.py:3954} INFO - Setting next_dagrun for example_external_task_marker_parent to None, run_after=None
[2024-05-16T12:07:47.512+0000] {processor.py:183} INFO - Processing /usr/local/python/3.10.13/lib/python3.10/site-packages/airflow/example_dags/example_external_task_marker_dag.py took 0.080 seconds
[2024-05-16T12:08:53.665+0000] {processor.py:161} INFO - Started process (PID=8443) to work on /usr/local/python/3.10.13/lib/python3.10/site-packages/airflow/example_dags/example_external_task_marker_dag.py
[2024-05-16T12:08:53.666+0000] {processor.py:830} INFO - Processing file /usr/local/python/3.10.13/lib/python3.10/site-packages/airflow/example_dags/example_external_task_marker_dag.py for tasks to queue
[2024-05-16T12:08:53.667+0000] {logging_mixin.py:188} INFO - [2024-05-16T12:08:53.667+0000] {dagbag.py:545} INFO - Filling up the DagBag from /usr/local/python/3.10.13/lib/python3.10/site-packages/airflow/example_dags/example_external_task_marker_dag.py
[2024-05-16T12:08:53.672+0000] {processor.py:840} INFO - DAG(s) 'example_external_task_marker_child', 'example_external_task_marker_parent' retrieved from /usr/local/python/3.10.13/lib/python3.10/site-packages/airflow/example_dags/example_external_task_marker_dag.py
[2024-05-16T12:08:53.686+0000] {logging_mixin.py:188} INFO - [2024-05-16T12:08:53.685+0000] {dag.py:3096} INFO - Sync 2 DAGs
[2024-05-16T12:08:53.694+0000] {logging_mixin.py:188} INFO - [2024-05-16T12:08:53.694+0000] {dag.py:3954} INFO - Setting next_dagrun for example_external_task_marker_child to None, run_after=None
[2024-05-16T12:08:53.697+0000] {logging_mixin.py:188} INFO - [2024-05-16T12:08:53.697+0000] {dag.py:3954} INFO - Setting next_dagrun for example_external_task_marker_parent to None, run_after=None
[2024-05-16T12:08:53.741+0000] {processor.py:183} INFO - Processing /usr/local/python/3.10.13/lib/python3.10/site-packages/airflow/example_dags/example_external_task_marker_dag.py took 0.081 seconds
[2024-05-16T12:10:01.053+0000] {processor.py:161} INFO - Started process (PID=8912) to work on /usr/local/python/3.10.13/lib/python3.10/site-packages/airflow/example_dags/example_external_task_marker_dag.py
[2024-05-16T12:10:01.054+0000] {processor.py:830} INFO - Processing file /usr/local/python/3.10.13/lib/python3.10/site-packages/airflow/example_dags/example_external_task_marker_dag.py for tasks to queue
[2024-05-16T12:10:01.056+0000] {logging_mixin.py:188} INFO - [2024-05-16T12:10:01.056+0000] {dagbag.py:545} INFO - Filling up the DagBag from /usr/local/python/3.10.13/lib/python3.10/site-packages/airflow/example_dags/example_external_task_marker_dag.py
[2024-05-16T12:10:01.063+0000] {processor.py:840} INFO - DAG(s) 'example_external_task_marker_child', 'example_external_task_marker_parent' retrieved from /usr/local/python/3.10.13/lib/python3.10/site-packages/airflow/example_dags/example_external_task_marker_dag.py
[2024-05-16T12:10:01.082+0000] {logging_mixin.py:188} INFO - [2024-05-16T12:10:01.082+0000] {dag.py:3096} INFO - Sync 2 DAGs
[2024-05-16T12:10:01.092+0000] {logging_mixin.py:188} INFO - [2024-05-16T12:10:01.092+0000] {dag.py:3954} INFO - Setting next_dagrun for example_external_task_marker_child to None, run_after=None
[2024-05-16T12:10:01.096+0000] {logging_mixin.py:188} INFO - [2024-05-16T12:10:01.096+0000] {dag.py:3954} INFO - Setting next_dagrun for example_external_task_marker_parent to None, run_after=None
[2024-05-16T12:10:01.145+0000] {processor.py:183} INFO - Processing /usr/local/python/3.10.13/lib/python3.10/site-packages/airflow/example_dags/example_external_task_marker_dag.py took 0.098 seconds
[2024-05-16T12:11:02.998+0000] {processor.py:161} INFO - Started process (PID=9342) to work on /usr/local/python/3.10.13/lib/python3.10/site-packages/airflow/example_dags/example_external_task_marker_dag.py
[2024-05-16T12:11:02.999+0000] {processor.py:830} INFO - Processing file /usr/local/python/3.10.13/lib/python3.10/site-packages/airflow/example_dags/example_external_task_marker_dag.py for tasks to queue
[2024-05-16T12:11:03.000+0000] {logging_mixin.py:188} INFO - [2024-05-16T12:11:03.000+0000] {dagbag.py:545} INFO - Filling up the DagBag from /usr/local/python/3.10.13/lib/python3.10/site-packages/airflow/example_dags/example_external_task_marker_dag.py
[2024-05-16T12:11:03.005+0000] {processor.py:840} INFO - DAG(s) 'example_external_task_marker_child', 'example_external_task_marker_parent' retrieved from /usr/local/python/3.10.13/lib/python3.10/site-packages/airflow/example_dags/example_external_task_marker_dag.py
[2024-05-16T12:11:03.018+0000] {logging_mixin.py:188} INFO - [2024-05-16T12:11:03.018+0000] {dag.py:3096} INFO - Sync 2 DAGs
[2024-05-16T12:11:03.027+0000] {logging_mixin.py:188} INFO - [2024-05-16T12:11:03.027+0000] {dag.py:3954} INFO - Setting next_dagrun for example_external_task_marker_child to None, run_after=None
[2024-05-16T12:11:03.030+0000] {logging_mixin.py:188} INFO - [2024-05-16T12:11:03.030+0000] {dag.py:3954} INFO - Setting next_dagrun for example_external_task_marker_parent to None, run_after=None
[2024-05-16T12:11:03.074+0000] {processor.py:183} INFO - Processing /usr/local/python/3.10.13/lib/python3.10/site-packages/airflow/example_dags/example_external_task_marker_dag.py took 0.080 seconds
[2024-05-16T12:12:02.251+0000] {processor.py:161} INFO - Started process (PID=9758) to work on /usr/local/python/3.10.13/lib/python3.10/site-packages/airflow/example_dags/example_external_task_marker_dag.py
[2024-05-16T12:12:02.252+0000] {processor.py:830} INFO - Processing file /usr/local/python/3.10.13/lib/python3.10/site-packages/airflow/example_dags/example_external_task_marker_dag.py for tasks to queue
[2024-05-16T12:12:02.253+0000] {logging_mixin.py:188} INFO - [2024-05-16T12:12:02.253+0000] {dagbag.py:545} INFO - Filling up the DagBag from /usr/local/python/3.10.13/lib/python3.10/site-packages/airflow/example_dags/example_external_task_marker_dag.py
[2024-05-16T12:12:02.259+0000] {processor.py:840} INFO - DAG(s) 'example_external_task_marker_parent', 'example_external_task_marker_child' retrieved from /usr/local/python/3.10.13/lib/python3.10/site-packages/airflow/example_dags/example_external_task_marker_dag.py
[2024-05-16T12:12:02.280+0000] {logging_mixin.py:188} INFO - [2024-05-16T12:12:02.280+0000] {dag.py:3096} INFO - Sync 2 DAGs
[2024-05-16T12:12:02.294+0000] {logging_mixin.py:188} INFO - [2024-05-16T12:12:02.294+0000] {dag.py:3954} INFO - Setting next_dagrun for example_external_task_marker_child to None, run_after=None
[2024-05-16T12:12:02.298+0000] {logging_mixin.py:188} INFO - [2024-05-16T12:12:02.297+0000] {dag.py:3954} INFO - Setting next_dagrun for example_external_task_marker_parent to None, run_after=None
[2024-05-16T12:12:02.343+0000] {processor.py:183} INFO - Processing /usr/local/python/3.10.13/lib/python3.10/site-packages/airflow/example_dags/example_external_task_marker_dag.py took 0.097 seconds
[2024-05-16T12:13:06.587+0000] {processor.py:161} INFO - Started process (PID=10192) to work on /usr/local/python/3.10.13/lib/python3.10/site-packages/airflow/example_dags/example_external_task_marker_dag.py
[2024-05-16T12:13:06.588+0000] {processor.py:830} INFO - Processing file /usr/local/python/3.10.13/lib/python3.10/site-packages/airflow/example_dags/example_external_task_marker_dag.py for tasks to queue
[2024-05-16T12:13:06.589+0000] {logging_mixin.py:188} INFO - [2024-05-16T12:13:06.589+0000] {dagbag.py:545} INFO - Filling up the DagBag from /usr/local/python/3.10.13/lib/python3.10/site-packages/airflow/example_dags/example_external_task_marker_dag.py
[2024-05-16T12:13:06.594+0000] {processor.py:840} INFO - DAG(s) 'example_external_task_marker_child', 'example_external_task_marker_parent' retrieved from /usr/local/python/3.10.13/lib/python3.10/site-packages/airflow/example_dags/example_external_task_marker_dag.py
[2024-05-16T12:13:06.609+0000] {logging_mixin.py:188} INFO - [2024-05-16T12:13:06.609+0000] {dag.py:3096} INFO - Sync 2 DAGs
[2024-05-16T12:13:06.618+0000] {logging_mixin.py:188} INFO - [2024-05-16T12:13:06.618+0000] {dag.py:3954} INFO - Setting next_dagrun for example_external_task_marker_child to None, run_after=None
[2024-05-16T12:13:06.620+0000] {logging_mixin.py:188} INFO - [2024-05-16T12:13:06.620+0000] {dag.py:3954} INFO - Setting next_dagrun for example_external_task_marker_parent to None, run_after=None
[2024-05-16T12:13:06.666+0000] {processor.py:183} INFO - Processing /usr/local/python/3.10.13/lib/python3.10/site-packages/airflow/example_dags/example_external_task_marker_dag.py took 0.084 seconds
[2024-05-16T12:14:09.292+0000] {processor.py:161} INFO - Started process (PID=10644) to work on /usr/local/python/3.10.13/lib/python3.10/site-packages/airflow/example_dags/example_external_task_marker_dag.py
[2024-05-16T12:14:09.293+0000] {processor.py:830} INFO - Processing file /usr/local/python/3.10.13/lib/python3.10/site-packages/airflow/example_dags/example_external_task_marker_dag.py for tasks to queue
[2024-05-16T12:14:09.294+0000] {logging_mixin.py:188} INFO - [2024-05-16T12:14:09.294+0000] {dagbag.py:545} INFO - Filling up the DagBag from /usr/local/python/3.10.13/lib/python3.10/site-packages/airflow/example_dags/example_external_task_marker_dag.py
[2024-05-16T12:14:09.300+0000] {processor.py:840} INFO - DAG(s) 'example_external_task_marker_child', 'example_external_task_marker_parent' retrieved from /usr/local/python/3.10.13/lib/python3.10/site-packages/airflow/example_dags/example_external_task_marker_dag.py
[2024-05-16T12:14:09.313+0000] {logging_mixin.py:188} INFO - [2024-05-16T12:14:09.313+0000] {dag.py:3096} INFO - Sync 2 DAGs
[2024-05-16T12:14:09.323+0000] {logging_mixin.py:188} INFO - [2024-05-16T12:14:09.323+0000] {dag.py:3954} INFO - Setting next_dagrun for example_external_task_marker_child to None, run_after=None
[2024-05-16T12:14:09.326+0000] {logging_mixin.py:188} INFO - [2024-05-16T12:14:09.326+0000] {dag.py:3954} INFO - Setting next_dagrun for example_external_task_marker_parent to None, run_after=None
[2024-05-16T12:14:09.373+0000] {processor.py:183} INFO - Processing /usr/local/python/3.10.13/lib/python3.10/site-packages/airflow/example_dags/example_external_task_marker_dag.py took 0.085 seconds
[2024-05-16T12:15:12.547+0000] {processor.py:161} INFO - Started process (PID=11076) to work on /usr/local/python/3.10.13/lib/python3.10/site-packages/airflow/example_dags/example_external_task_marker_dag.py
[2024-05-16T12:15:12.548+0000] {processor.py:830} INFO - Processing file /usr/local/python/3.10.13/lib/python3.10/site-packages/airflow/example_dags/example_external_task_marker_dag.py for tasks to queue
[2024-05-16T12:15:12.550+0000] {logging_mixin.py:188} INFO - [2024-05-16T12:15:12.549+0000] {dagbag.py:545} INFO - Filling up the DagBag from /usr/local/python/3.10.13/lib/python3.10/site-packages/airflow/example_dags/example_external_task_marker_dag.py
[2024-05-16T12:15:12.557+0000] {processor.py:840} INFO - DAG(s) 'example_external_task_marker_child', 'example_external_task_marker_parent' retrieved from /usr/local/python/3.10.13/lib/python3.10/site-packages/airflow/example_dags/example_external_task_marker_dag.py
[2024-05-16T12:15:12.576+0000] {logging_mixin.py:188} INFO - [2024-05-16T12:15:12.576+0000] {dag.py:3096} INFO - Sync 2 DAGs
[2024-05-16T12:15:12.585+0000] {logging_mixin.py:188} INFO - [2024-05-16T12:15:12.585+0000] {dag.py:3954} INFO - Setting next_dagrun for example_external_task_marker_child to None, run_after=None
[2024-05-16T12:15:12.588+0000] {logging_mixin.py:188} INFO - [2024-05-16T12:15:12.588+0000] {dag.py:3954} INFO - Setting next_dagrun for example_external_task_marker_parent to None, run_after=None
[2024-05-16T12:15:12.631+0000] {processor.py:183} INFO - Processing /usr/local/python/3.10.13/lib/python3.10/site-packages/airflow/example_dags/example_external_task_marker_dag.py took 0.091 seconds
[2024-05-16T12:16:17.106+0000] {processor.py:161} INFO - Started process (PID=11544) to work on /usr/local/python/3.10.13/lib/python3.10/site-packages/airflow/example_dags/example_external_task_marker_dag.py
[2024-05-16T12:16:17.107+0000] {processor.py:830} INFO - Processing file /usr/local/python/3.10.13/lib/python3.10/site-packages/airflow/example_dags/example_external_task_marker_dag.py for tasks to queue
[2024-05-16T12:16:17.108+0000] {logging_mixin.py:188} INFO - [2024-05-16T12:16:17.108+0000] {dagbag.py:545} INFO - Filling up the DagBag from /usr/local/python/3.10.13/lib/python3.10/site-packages/airflow/example_dags/example_external_task_marker_dag.py
[2024-05-16T12:16:17.114+0000] {processor.py:840} INFO - DAG(s) 'example_external_task_marker_child', 'example_external_task_marker_parent' retrieved from /usr/local/python/3.10.13/lib/python3.10/site-packages/airflow/example_dags/example_external_task_marker_dag.py
[2024-05-16T12:16:17.128+0000] {logging_mixin.py:188} INFO - [2024-05-16T12:16:17.128+0000] {dag.py:3096} INFO - Sync 2 DAGs
[2024-05-16T12:16:17.137+0000] {logging_mixin.py:188} INFO - [2024-05-16T12:16:17.137+0000] {dag.py:3954} INFO - Setting next_dagrun for example_external_task_marker_child to None, run_after=None
[2024-05-16T12:16:17.139+0000] {logging_mixin.py:188} INFO - [2024-05-16T12:16:17.139+0000] {dag.py:3954} INFO - Setting next_dagrun for example_external_task_marker_parent to None, run_after=None
[2024-05-16T12:16:17.183+0000] {processor.py:183} INFO - Processing /usr/local/python/3.10.13/lib/python3.10/site-packages/airflow/example_dags/example_external_task_marker_dag.py took 0.082 seconds
[2024-05-16T12:17:22.270+0000] {processor.py:161} INFO - Started process (PID=12030) to work on /usr/local/python/3.10.13/lib/python3.10/site-packages/airflow/example_dags/example_external_task_marker_dag.py
[2024-05-16T12:17:22.270+0000] {processor.py:830} INFO - Processing file /usr/local/python/3.10.13/lib/python3.10/site-packages/airflow/example_dags/example_external_task_marker_dag.py for tasks to queue
[2024-05-16T12:17:22.272+0000] {logging_mixin.py:188} INFO - [2024-05-16T12:17:22.271+0000] {dagbag.py:545} INFO - Filling up the DagBag from /usr/local/python/3.10.13/lib/python3.10/site-packages/airflow/example_dags/example_external_task_marker_dag.py
[2024-05-16T12:17:22.277+0000] {processor.py:840} INFO - DAG(s) 'example_external_task_marker_parent', 'example_external_task_marker_child' retrieved from /usr/local/python/3.10.13/lib/python3.10/site-packages/airflow/example_dags/example_external_task_marker_dag.py
[2024-05-16T12:17:22.292+0000] {logging_mixin.py:188} INFO - [2024-05-16T12:17:22.291+0000] {dag.py:3096} INFO - Sync 2 DAGs
[2024-05-16T12:17:22.301+0000] {logging_mixin.py:188} INFO - [2024-05-16T12:17:22.301+0000] {dag.py:3954} INFO - Setting next_dagrun for example_external_task_marker_child to None, run_after=None
[2024-05-16T12:17:22.304+0000] {logging_mixin.py:188} INFO - [2024-05-16T12:17:22.304+0000] {dag.py:3954} INFO - Setting next_dagrun for example_external_task_marker_parent to None, run_after=None
[2024-05-16T12:17:22.351+0000] {processor.py:183} INFO - Processing /usr/local/python/3.10.13/lib/python3.10/site-packages/airflow/example_dags/example_external_task_marker_dag.py took 0.086 seconds
[2024-05-16T12:18:23.959+0000] {processor.py:161} INFO - Started process (PID=12464) to work on /usr/local/python/3.10.13/lib/python3.10/site-packages/airflow/example_dags/example_external_task_marker_dag.py
[2024-05-16T12:18:23.959+0000] {processor.py:830} INFO - Processing file /usr/local/python/3.10.13/lib/python3.10/site-packages/airflow/example_dags/example_external_task_marker_dag.py for tasks to queue
[2024-05-16T12:18:23.961+0000] {logging_mixin.py:188} INFO - [2024-05-16T12:18:23.960+0000] {dagbag.py:545} INFO - Filling up the DagBag from /usr/local/python/3.10.13/lib/python3.10/site-packages/airflow/example_dags/example_external_task_marker_dag.py
[2024-05-16T12:18:23.966+0000] {processor.py:840} INFO - DAG(s) 'example_external_task_marker_child', 'example_external_task_marker_parent' retrieved from /usr/local/python/3.10.13/lib/python3.10/site-packages/airflow/example_dags/example_external_task_marker_dag.py
[2024-05-16T12:18:23.979+0000] {logging_mixin.py:188} INFO - [2024-05-16T12:18:23.979+0000] {dag.py:3096} INFO - Sync 2 DAGs
[2024-05-16T12:18:23.988+0000] {logging_mixin.py:188} INFO - [2024-05-16T12:18:23.988+0000] {dag.py:3954} INFO - Setting next_dagrun for example_external_task_marker_child to None, run_after=None
[2024-05-16T12:18:23.990+0000] {logging_mixin.py:188} INFO - [2024-05-16T12:18:23.990+0000] {dag.py:3954} INFO - Setting next_dagrun for example_external_task_marker_parent to None, run_after=None
[2024-05-16T12:18:24.032+0000] {processor.py:183} INFO - Processing /usr/local/python/3.10.13/lib/python3.10/site-packages/airflow/example_dags/example_external_task_marker_dag.py took 0.078 seconds
[2024-05-16T12:19:26.497+0000] {processor.py:161} INFO - Started process (PID=12909) to work on /usr/local/python/3.10.13/lib/python3.10/site-packages/airflow/example_dags/example_external_task_marker_dag.py
[2024-05-16T12:19:26.498+0000] {processor.py:830} INFO - Processing file /usr/local/python/3.10.13/lib/python3.10/site-packages/airflow/example_dags/example_external_task_marker_dag.py for tasks to queue
[2024-05-16T12:19:26.499+0000] {logging_mixin.py:188} INFO - [2024-05-16T12:19:26.499+0000] {dagbag.py:545} INFO - Filling up the DagBag from /usr/local/python/3.10.13/lib/python3.10/site-packages/airflow/example_dags/example_external_task_marker_dag.py
[2024-05-16T12:19:26.505+0000] {processor.py:840} INFO - DAG(s) 'example_external_task_marker_parent', 'example_external_task_marker_child' retrieved from /usr/local/python/3.10.13/lib/python3.10/site-packages/airflow/example_dags/example_external_task_marker_dag.py
[2024-05-16T12:19:26.519+0000] {logging_mixin.py:188} INFO - [2024-05-16T12:19:26.519+0000] {dag.py:3096} INFO - Sync 2 DAGs
[2024-05-16T12:19:26.528+0000] {logging_mixin.py:188} INFO - [2024-05-16T12:19:26.528+0000] {dag.py:3954} INFO - Setting next_dagrun for example_external_task_marker_child to None, run_after=None
[2024-05-16T12:19:26.531+0000] {logging_mixin.py:188} INFO - [2024-05-16T12:19:26.531+0000] {dag.py:3954} INFO - Setting next_dagrun for example_external_task_marker_parent to None, run_after=None
[2024-05-16T12:19:26.573+0000] {processor.py:183} INFO - Processing /usr/local/python/3.10.13/lib/python3.10/site-packages/airflow/example_dags/example_external_task_marker_dag.py took 0.081 seconds
[2024-05-16T12:20:28.441+0000] {processor.py:161} INFO - Started process (PID=13356) to work on /usr/local/python/3.10.13/lib/python3.10/site-packages/airflow/example_dags/example_external_task_marker_dag.py
[2024-05-16T12:20:28.442+0000] {processor.py:830} INFO - Processing file /usr/local/python/3.10.13/lib/python3.10/site-packages/airflow/example_dags/example_external_task_marker_dag.py for tasks to queue
[2024-05-16T12:20:28.443+0000] {logging_mixin.py:188} INFO - [2024-05-16T12:20:28.443+0000] {dagbag.py:545} INFO - Filling up the DagBag from /usr/local/python/3.10.13/lib/python3.10/site-packages/airflow/example_dags/example_external_task_marker_dag.py
[2024-05-16T12:20:28.448+0000] {processor.py:840} INFO - DAG(s) 'example_external_task_marker_parent', 'example_external_task_marker_child' retrieved from /usr/local/python/3.10.13/lib/python3.10/site-packages/airflow/example_dags/example_external_task_marker_dag.py
[2024-05-16T12:20:28.463+0000] {logging_mixin.py:188} INFO - [2024-05-16T12:20:28.462+0000] {dag.py:3096} INFO - Sync 2 DAGs
[2024-05-16T12:20:28.471+0000] {logging_mixin.py:188} INFO - [2024-05-16T12:20:28.471+0000] {dag.py:3954} INFO - Setting next_dagrun for example_external_task_marker_child to None, run_after=None
[2024-05-16T12:20:28.474+0000] {logging_mixin.py:188} INFO - [2024-05-16T12:20:28.474+0000] {dag.py:3954} INFO - Setting next_dagrun for example_external_task_marker_parent to None, run_after=None
[2024-05-16T12:20:28.533+0000] {processor.py:183} INFO - Processing /usr/local/python/3.10.13/lib/python3.10/site-packages/airflow/example_dags/example_external_task_marker_dag.py took 0.097 seconds
[2024-05-16T12:21:33.616+0000] {processor.py:161} INFO - Started process (PID=13806) to work on /usr/local/python/3.10.13/lib/python3.10/site-packages/airflow/example_dags/example_external_task_marker_dag.py
[2024-05-16T12:21:33.616+0000] {processor.py:830} INFO - Processing file /usr/local/python/3.10.13/lib/python3.10/site-packages/airflow/example_dags/example_external_task_marker_dag.py for tasks to queue
[2024-05-16T12:21:33.618+0000] {logging_mixin.py:188} INFO - [2024-05-16T12:21:33.617+0000] {dagbag.py:545} INFO - Filling up the DagBag from /usr/local/python/3.10.13/lib/python3.10/site-packages/airflow/example_dags/example_external_task_marker_dag.py
[2024-05-16T12:21:33.623+0000] {processor.py:840} INFO - DAG(s) 'example_external_task_marker_parent', 'example_external_task_marker_child' retrieved from /usr/local/python/3.10.13/lib/python3.10/site-packages/airflow/example_dags/example_external_task_marker_dag.py
[2024-05-16T12:21:33.636+0000] {logging_mixin.py:188} INFO - [2024-05-16T12:21:33.635+0000] {dag.py:3096} INFO - Sync 2 DAGs
[2024-05-16T12:21:33.645+0000] {logging_mixin.py:188} INFO - [2024-05-16T12:21:33.644+0000] {dag.py:3954} INFO - Setting next_dagrun for example_external_task_marker_child to None, run_after=None
[2024-05-16T12:21:33.647+0000] {logging_mixin.py:188} INFO - [2024-05-16T12:21:33.647+0000] {dag.py:3954} INFO - Setting next_dagrun for example_external_task_marker_parent to None, run_after=None
[2024-05-16T12:21:33.691+0000] {processor.py:183} INFO - Processing /usr/local/python/3.10.13/lib/python3.10/site-packages/airflow/example_dags/example_external_task_marker_dag.py took 0.080 seconds
[2024-05-16T12:22:37.908+0000] {processor.py:161} INFO - Started process (PID=14300) to work on /usr/local/python/3.10.13/lib/python3.10/site-packages/airflow/example_dags/example_external_task_marker_dag.py
[2024-05-16T12:22:37.909+0000] {processor.py:830} INFO - Processing file /usr/local/python/3.10.13/lib/python3.10/site-packages/airflow/example_dags/example_external_task_marker_dag.py for tasks to queue
[2024-05-16T12:22:37.910+0000] {logging_mixin.py:188} INFO - [2024-05-16T12:22:37.910+0000] {dagbag.py:545} INFO - Filling up the DagBag from /usr/local/python/3.10.13/lib/python3.10/site-packages/airflow/example_dags/example_external_task_marker_dag.py
[2024-05-16T12:22:37.915+0000] {processor.py:840} INFO - DAG(s) 'example_external_task_marker_parent', 'example_external_task_marker_child' retrieved from /usr/local/python/3.10.13/lib/python3.10/site-packages/airflow/example_dags/example_external_task_marker_dag.py
[2024-05-16T12:22:37.928+0000] {logging_mixin.py:188} INFO - [2024-05-16T12:22:37.928+0000] {dag.py:3096} INFO - Sync 2 DAGs
[2024-05-16T12:22:37.939+0000] {logging_mixin.py:188} INFO - [2024-05-16T12:22:37.939+0000] {dag.py:3954} INFO - Setting next_dagrun for example_external_task_marker_child to None, run_after=None
[2024-05-16T12:22:37.942+0000] {logging_mixin.py:188} INFO - [2024-05-16T12:22:37.941+0000] {dag.py:3954} INFO - Setting next_dagrun for example_external_task_marker_parent to None, run_after=None
[2024-05-16T12:22:37.991+0000] {processor.py:183} INFO - Processing /usr/local/python/3.10.13/lib/python3.10/site-packages/airflow/example_dags/example_external_task_marker_dag.py took 0.089 seconds
[2024-05-16T12:23:46.358+0000] {processor.py:161} INFO - Started process (PID=14794) to work on /usr/local/python/3.10.13/lib/python3.10/site-packages/airflow/example_dags/example_external_task_marker_dag.py
[2024-05-16T12:23:46.359+0000] {processor.py:830} INFO - Processing file /usr/local/python/3.10.13/lib/python3.10/site-packages/airflow/example_dags/example_external_task_marker_dag.py for tasks to queue
[2024-05-16T12:23:46.360+0000] {logging_mixin.py:188} INFO - [2024-05-16T12:23:46.360+0000] {dagbag.py:545} INFO - Filling up the DagBag from /usr/local/python/3.10.13/lib/python3.10/site-packages/airflow/example_dags/example_external_task_marker_dag.py
[2024-05-16T12:23:46.365+0000] {processor.py:840} INFO - DAG(s) 'example_external_task_marker_child', 'example_external_task_marker_parent' retrieved from /usr/local/python/3.10.13/lib/python3.10/site-packages/airflow/example_dags/example_external_task_marker_dag.py
[2024-05-16T12:23:46.378+0000] {logging_mixin.py:188} INFO - [2024-05-16T12:23:46.378+0000] {dag.py:3096} INFO - Sync 2 DAGs
[2024-05-16T12:23:46.387+0000] {logging_mixin.py:188} INFO - [2024-05-16T12:23:46.387+0000] {dag.py:3954} INFO - Setting next_dagrun for example_external_task_marker_child to None, run_after=None
[2024-05-16T12:23:46.390+0000] {logging_mixin.py:188} INFO - [2024-05-16T12:23:46.390+0000] {dag.py:3954} INFO - Setting next_dagrun for example_external_task_marker_parent to None, run_after=None
[2024-05-16T12:23:46.435+0000] {processor.py:183} INFO - Processing /usr/local/python/3.10.13/lib/python3.10/site-packages/airflow/example_dags/example_external_task_marker_dag.py took 0.082 seconds
[2024-05-16T12:24:49.960+0000] {processor.py:161} INFO - Started process (PID=15287) to work on /usr/local/python/3.10.13/lib/python3.10/site-packages/airflow/example_dags/example_external_task_marker_dag.py
[2024-05-16T12:24:49.960+0000] {processor.py:830} INFO - Processing file /usr/local/python/3.10.13/lib/python3.10/site-packages/airflow/example_dags/example_external_task_marker_dag.py for tasks to queue
[2024-05-16T12:24:49.962+0000] {logging_mixin.py:188} INFO - [2024-05-16T12:24:49.961+0000] {dagbag.py:545} INFO - Filling up the DagBag from /usr/local/python/3.10.13/lib/python3.10/site-packages/airflow/example_dags/example_external_task_marker_dag.py
[2024-05-16T12:24:49.969+0000] {processor.py:840} INFO - DAG(s) 'example_external_task_marker_parent', 'example_external_task_marker_child' retrieved from /usr/local/python/3.10.13/lib/python3.10/site-packages/airflow/example_dags/example_external_task_marker_dag.py
[2024-05-16T12:24:49.986+0000] {logging_mixin.py:188} INFO - [2024-05-16T12:24:49.986+0000] {dag.py:3096} INFO - Sync 2 DAGs
[2024-05-16T12:24:49.995+0000] {logging_mixin.py:188} INFO - [2024-05-16T12:24:49.995+0000] {dag.py:3954} INFO - Setting next_dagrun for example_external_task_marker_child to None, run_after=None
[2024-05-16T12:24:49.997+0000] {logging_mixin.py:188} INFO - [2024-05-16T12:24:49.997+0000] {dag.py:3954} INFO - Setting next_dagrun for example_external_task_marker_parent to None, run_after=None
[2024-05-16T12:24:50.043+0000] {processor.py:183} INFO - Processing /usr/local/python/3.10.13/lib/python3.10/site-packages/airflow/example_dags/example_external_task_marker_dag.py took 0.088 seconds
[2024-05-16T12:25:49.570+0000] {processor.py:161} INFO - Started process (PID=15721) to work on /usr/local/python/3.10.13/lib/python3.10/site-packages/airflow/example_dags/example_external_task_marker_dag.py
[2024-05-16T12:25:49.571+0000] {processor.py:830} INFO - Processing file /usr/local/python/3.10.13/lib/python3.10/site-packages/airflow/example_dags/example_external_task_marker_dag.py for tasks to queue
[2024-05-16T12:25:49.572+0000] {logging_mixin.py:188} INFO - [2024-05-16T12:25:49.572+0000] {dagbag.py:545} INFO - Filling up the DagBag from /usr/local/python/3.10.13/lib/python3.10/site-packages/airflow/example_dags/example_external_task_marker_dag.py
[2024-05-16T12:25:49.577+0000] {processor.py:840} INFO - DAG(s) 'example_external_task_marker_child', 'example_external_task_marker_parent' retrieved from /usr/local/python/3.10.13/lib/python3.10/site-packages/airflow/example_dags/example_external_task_marker_dag.py
[2024-05-16T12:25:49.590+0000] {logging_mixin.py:188} INFO - [2024-05-16T12:25:49.590+0000] {dag.py:3096} INFO - Sync 2 DAGs
[2024-05-16T12:25:49.599+0000] {logging_mixin.py:188} INFO - [2024-05-16T12:25:49.599+0000] {dag.py:3954} INFO - Setting next_dagrun for example_external_task_marker_child to None, run_after=None
[2024-05-16T12:25:49.601+0000] {logging_mixin.py:188} INFO - [2024-05-16T12:25:49.601+0000] {dag.py:3954} INFO - Setting next_dagrun for example_external_task_marker_parent to None, run_after=None
[2024-05-16T12:25:49.647+0000] {processor.py:183} INFO - Processing /usr/local/python/3.10.13/lib/python3.10/site-packages/airflow/example_dags/example_external_task_marker_dag.py took 0.082 seconds
[2024-05-16T12:26:50.393+0000] {processor.py:161} INFO - Started process (PID=16178) to work on /usr/local/python/3.10.13/lib/python3.10/site-packages/airflow/example_dags/example_external_task_marker_dag.py
[2024-05-16T12:26:50.394+0000] {processor.py:830} INFO - Processing file /usr/local/python/3.10.13/lib/python3.10/site-packages/airflow/example_dags/example_external_task_marker_dag.py for tasks to queue
[2024-05-16T12:26:50.395+0000] {logging_mixin.py:188} INFO - [2024-05-16T12:26:50.395+0000] {dagbag.py:545} INFO - Filling up the DagBag from /usr/local/python/3.10.13/lib/python3.10/site-packages/airflow/example_dags/example_external_task_marker_dag.py
[2024-05-16T12:26:50.402+0000] {processor.py:840} INFO - DAG(s) 'example_external_task_marker_parent', 'example_external_task_marker_child' retrieved from /usr/local/python/3.10.13/lib/python3.10/site-packages/airflow/example_dags/example_external_task_marker_dag.py
[2024-05-16T12:26:50.416+0000] {logging_mixin.py:188} INFO - [2024-05-16T12:26:50.416+0000] {dag.py:3096} INFO - Sync 2 DAGs
[2024-05-16T12:26:50.425+0000] {logging_mixin.py:188} INFO - [2024-05-16T12:26:50.424+0000] {dag.py:3954} INFO - Setting next_dagrun for example_external_task_marker_child to None, run_after=None
[2024-05-16T12:26:50.427+0000] {logging_mixin.py:188} INFO - [2024-05-16T12:26:50.427+0000] {dag.py:3954} INFO - Setting next_dagrun for example_external_task_marker_parent to None, run_after=None
[2024-05-16T12:26:50.474+0000] {processor.py:183} INFO - Processing /usr/local/python/3.10.13/lib/python3.10/site-packages/airflow/example_dags/example_external_task_marker_dag.py took 0.086 seconds
[2024-05-16T12:27:55.237+0000] {processor.py:161} INFO - Started process (PID=16665) to work on /usr/local/python/3.10.13/lib/python3.10/site-packages/airflow/example_dags/example_external_task_marker_dag.py
[2024-05-16T12:27:55.238+0000] {processor.py:830} INFO - Processing file /usr/local/python/3.10.13/lib/python3.10/site-packages/airflow/example_dags/example_external_task_marker_dag.py for tasks to queue
[2024-05-16T12:27:55.239+0000] {logging_mixin.py:188} INFO - [2024-05-16T12:27:55.239+0000] {dagbag.py:545} INFO - Filling up the DagBag from /usr/local/python/3.10.13/lib/python3.10/site-packages/airflow/example_dags/example_external_task_marker_dag.py
[2024-05-16T12:27:55.244+0000] {processor.py:840} INFO - DAG(s) 'example_external_task_marker_child', 'example_external_task_marker_parent' retrieved from /usr/local/python/3.10.13/lib/python3.10/site-packages/airflow/example_dags/example_external_task_marker_dag.py
[2024-05-16T12:27:55.257+0000] {logging_mixin.py:188} INFO - [2024-05-16T12:27:55.257+0000] {dag.py:3096} INFO - Sync 2 DAGs
[2024-05-16T12:27:55.266+0000] {logging_mixin.py:188} INFO - [2024-05-16T12:27:55.266+0000] {dag.py:3954} INFO - Setting next_dagrun for example_external_task_marker_child to None, run_after=None
[2024-05-16T12:27:55.269+0000] {logging_mixin.py:188} INFO - [2024-05-16T12:27:55.269+0000] {dag.py:3954} INFO - Setting next_dagrun for example_external_task_marker_parent to None, run_after=None
[2024-05-16T12:27:55.312+0000] {processor.py:183} INFO - Processing /usr/local/python/3.10.13/lib/python3.10/site-packages/airflow/example_dags/example_external_task_marker_dag.py took 0.079 seconds
[2024-05-16T12:28:57.403+0000] {processor.py:161} INFO - Started process (PID=17107) to work on /usr/local/python/3.10.13/lib/python3.10/site-packages/airflow/example_dags/example_external_task_marker_dag.py
[2024-05-16T12:28:57.403+0000] {processor.py:830} INFO - Processing file /usr/local/python/3.10.13/lib/python3.10/site-packages/airflow/example_dags/example_external_task_marker_dag.py for tasks to queue
[2024-05-16T12:28:57.405+0000] {logging_mixin.py:188} INFO - [2024-05-16T12:28:57.404+0000] {dagbag.py:545} INFO - Filling up the DagBag from /usr/local/python/3.10.13/lib/python3.10/site-packages/airflow/example_dags/example_external_task_marker_dag.py
[2024-05-16T12:28:57.410+0000] {processor.py:840} INFO - DAG(s) 'example_external_task_marker_child', 'example_external_task_marker_parent' retrieved from /usr/local/python/3.10.13/lib/python3.10/site-packages/airflow/example_dags/example_external_task_marker_dag.py
[2024-05-16T12:28:57.423+0000] {logging_mixin.py:188} INFO - [2024-05-16T12:28:57.422+0000] {dag.py:3096} INFO - Sync 2 DAGs
[2024-05-16T12:28:57.432+0000] {logging_mixin.py:188} INFO - [2024-05-16T12:28:57.431+0000] {dag.py:3954} INFO - Setting next_dagrun for example_external_task_marker_child to None, run_after=None
[2024-05-16T12:28:57.434+0000] {logging_mixin.py:188} INFO - [2024-05-16T12:28:57.434+0000] {dag.py:3954} INFO - Setting next_dagrun for example_external_task_marker_parent to None, run_after=None
[2024-05-16T12:28:57.476+0000] {processor.py:183} INFO - Processing /usr/local/python/3.10.13/lib/python3.10/site-packages/airflow/example_dags/example_external_task_marker_dag.py took 0.078 seconds
[2024-05-16T12:30:03.159+0000] {processor.py:161} INFO - Started process (PID=17584) to work on /usr/local/python/3.10.13/lib/python3.10/site-packages/airflow/example_dags/example_external_task_marker_dag.py
[2024-05-16T12:30:03.160+0000] {processor.py:830} INFO - Processing file /usr/local/python/3.10.13/lib/python3.10/site-packages/airflow/example_dags/example_external_task_marker_dag.py for tasks to queue
[2024-05-16T12:30:03.161+0000] {logging_mixin.py:188} INFO - [2024-05-16T12:30:03.161+0000] {dagbag.py:545} INFO - Filling up the DagBag from /usr/local/python/3.10.13/lib/python3.10/site-packages/airflow/example_dags/example_external_task_marker_dag.py
[2024-05-16T12:30:03.175+0000] {processor.py:840} INFO - DAG(s) 'example_external_task_marker_child', 'example_external_task_marker_parent' retrieved from /usr/local/python/3.10.13/lib/python3.10/site-packages/airflow/example_dags/example_external_task_marker_dag.py
[2024-05-16T12:30:03.194+0000] {logging_mixin.py:188} INFO - [2024-05-16T12:30:03.194+0000] {dag.py:3096} INFO - Sync 2 DAGs
[2024-05-16T12:30:03.204+0000] {logging_mixin.py:188} INFO - [2024-05-16T12:30:03.204+0000] {dag.py:3954} INFO - Setting next_dagrun for example_external_task_marker_child to None, run_after=None
[2024-05-16T12:30:03.206+0000] {logging_mixin.py:188} INFO - [2024-05-16T12:30:03.206+0000] {dag.py:3954} INFO - Setting next_dagrun for example_external_task_marker_parent to None, run_after=None
[2024-05-16T12:30:03.248+0000] {processor.py:183} INFO - Processing /usr/local/python/3.10.13/lib/python3.10/site-packages/airflow/example_dags/example_external_task_marker_dag.py took 0.094 seconds
[2024-05-16T12:31:07.466+0000] {processor.py:161} INFO - Started process (PID=18046) to work on /usr/local/python/3.10.13/lib/python3.10/site-packages/airflow/example_dags/example_external_task_marker_dag.py
[2024-05-16T12:31:07.467+0000] {processor.py:830} INFO - Processing file /usr/local/python/3.10.13/lib/python3.10/site-packages/airflow/example_dags/example_external_task_marker_dag.py for tasks to queue
[2024-05-16T12:31:07.468+0000] {logging_mixin.py:188} INFO - [2024-05-16T12:31:07.468+0000] {dagbag.py:545} INFO - Filling up the DagBag from /usr/local/python/3.10.13/lib/python3.10/site-packages/airflow/example_dags/example_external_task_marker_dag.py
[2024-05-16T12:31:07.473+0000] {processor.py:840} INFO - DAG(s) 'example_external_task_marker_parent', 'example_external_task_marker_child' retrieved from /usr/local/python/3.10.13/lib/python3.10/site-packages/airflow/example_dags/example_external_task_marker_dag.py
[2024-05-16T12:31:07.488+0000] {logging_mixin.py:188} INFO - [2024-05-16T12:31:07.487+0000] {dag.py:3096} INFO - Sync 2 DAGs
[2024-05-16T12:31:07.497+0000] {logging_mixin.py:188} INFO - [2024-05-16T12:31:07.497+0000] {dag.py:3954} INFO - Setting next_dagrun for example_external_task_marker_child to None, run_after=None
[2024-05-16T12:31:07.500+0000] {logging_mixin.py:188} INFO - [2024-05-16T12:31:07.499+0000] {dag.py:3954} INFO - Setting next_dagrun for example_external_task_marker_parent to None, run_after=None
[2024-05-16T12:31:07.552+0000] {processor.py:183} INFO - Processing /usr/local/python/3.10.13/lib/python3.10/site-packages/airflow/example_dags/example_external_task_marker_dag.py took 0.091 seconds
[2024-05-16T12:32:10.602+0000] {processor.py:161} INFO - Started process (PID=18512) to work on /usr/local/python/3.10.13/lib/python3.10/site-packages/airflow/example_dags/example_external_task_marker_dag.py
[2024-05-16T12:32:10.603+0000] {processor.py:830} INFO - Processing file /usr/local/python/3.10.13/lib/python3.10/site-packages/airflow/example_dags/example_external_task_marker_dag.py for tasks to queue
[2024-05-16T12:32:10.604+0000] {logging_mixin.py:188} INFO - [2024-05-16T12:32:10.604+0000] {dagbag.py:545} INFO - Filling up the DagBag from /usr/local/python/3.10.13/lib/python3.10/site-packages/airflow/example_dags/example_external_task_marker_dag.py
[2024-05-16T12:32:10.609+0000] {processor.py:840} INFO - DAG(s) 'example_external_task_marker_parent', 'example_external_task_marker_child' retrieved from /usr/local/python/3.10.13/lib/python3.10/site-packages/airflow/example_dags/example_external_task_marker_dag.py
[2024-05-16T12:32:10.622+0000] {logging_mixin.py:188} INFO - [2024-05-16T12:32:10.622+0000] {dag.py:3096} INFO - Sync 2 DAGs
[2024-05-16T12:32:10.631+0000] {logging_mixin.py:188} INFO - [2024-05-16T12:32:10.630+0000] {dag.py:3954} INFO - Setting next_dagrun for example_external_task_marker_child to None, run_after=None
[2024-05-16T12:32:10.633+0000] {logging_mixin.py:188} INFO - [2024-05-16T12:32:10.633+0000] {dag.py:3954} INFO - Setting next_dagrun for example_external_task_marker_parent to None, run_after=None
[2024-05-16T12:32:10.677+0000] {processor.py:183} INFO - Processing /usr/local/python/3.10.13/lib/python3.10/site-packages/airflow/example_dags/example_external_task_marker_dag.py took 0.080 seconds
[2024-05-16T12:33:11.791+0000] {processor.py:161} INFO - Started process (PID=18946) to work on /usr/local/python/3.10.13/lib/python3.10/site-packages/airflow/example_dags/example_external_task_marker_dag.py
[2024-05-16T12:33:11.791+0000] {processor.py:830} INFO - Processing file /usr/local/python/3.10.13/lib/python3.10/site-packages/airflow/example_dags/example_external_task_marker_dag.py for tasks to queue
[2024-05-16T12:33:11.793+0000] {logging_mixin.py:188} INFO - [2024-05-16T12:33:11.792+0000] {dagbag.py:545} INFO - Filling up the DagBag from /usr/local/python/3.10.13/lib/python3.10/site-packages/airflow/example_dags/example_external_task_marker_dag.py
[2024-05-16T12:33:11.798+0000] {processor.py:840} INFO - DAG(s) 'example_external_task_marker_parent', 'example_external_task_marker_child' retrieved from /usr/local/python/3.10.13/lib/python3.10/site-packages/airflow/example_dags/example_external_task_marker_dag.py
[2024-05-16T12:33:11.811+0000] {logging_mixin.py:188} INFO - [2024-05-16T12:33:11.811+0000] {dag.py:3096} INFO - Sync 2 DAGs
[2024-05-16T12:33:11.820+0000] {logging_mixin.py:188} INFO - [2024-05-16T12:33:11.820+0000] {dag.py:3954} INFO - Setting next_dagrun for example_external_task_marker_child to None, run_after=None
[2024-05-16T12:33:11.823+0000] {logging_mixin.py:188} INFO - [2024-05-16T12:33:11.823+0000] {dag.py:3954} INFO - Setting next_dagrun for example_external_task_marker_parent to None, run_after=None
[2024-05-16T12:33:11.868+0000] {processor.py:183} INFO - Processing /usr/local/python/3.10.13/lib/python3.10/site-packages/airflow/example_dags/example_external_task_marker_dag.py took 0.082 seconds
[2024-05-16T12:34:17.112+0000] {processor.py:161} INFO - Started process (PID=19423) to work on /usr/local/python/3.10.13/lib/python3.10/site-packages/airflow/example_dags/example_external_task_marker_dag.py
[2024-05-16T12:34:17.113+0000] {processor.py:830} INFO - Processing file /usr/local/python/3.10.13/lib/python3.10/site-packages/airflow/example_dags/example_external_task_marker_dag.py for tasks to queue
[2024-05-16T12:34:17.115+0000] {logging_mixin.py:188} INFO - [2024-05-16T12:34:17.114+0000] {dagbag.py:545} INFO - Filling up the DagBag from /usr/local/python/3.10.13/lib/python3.10/site-packages/airflow/example_dags/example_external_task_marker_dag.py
[2024-05-16T12:34:17.119+0000] {processor.py:840} INFO - DAG(s) 'example_external_task_marker_parent', 'example_external_task_marker_child' retrieved from /usr/local/python/3.10.13/lib/python3.10/site-packages/airflow/example_dags/example_external_task_marker_dag.py
[2024-05-16T12:34:17.132+0000] {logging_mixin.py:188} INFO - [2024-05-16T12:34:17.132+0000] {dag.py:3096} INFO - Sync 2 DAGs
[2024-05-16T12:34:17.143+0000] {logging_mixin.py:188} INFO - [2024-05-16T12:34:17.142+0000] {dag.py:3954} INFO - Setting next_dagrun for example_external_task_marker_child to None, run_after=None
[2024-05-16T12:34:17.146+0000] {logging_mixin.py:188} INFO - [2024-05-16T12:34:17.146+0000] {dag.py:3954} INFO - Setting next_dagrun for example_external_task_marker_parent to None, run_after=None
[2024-05-16T12:34:17.189+0000] {processor.py:183} INFO - Processing /usr/local/python/3.10.13/lib/python3.10/site-packages/airflow/example_dags/example_external_task_marker_dag.py took 0.083 seconds
[2024-05-16T12:35:21.007+0000] {processor.py:161} INFO - Started process (PID=19888) to work on /usr/local/python/3.10.13/lib/python3.10/site-packages/airflow/example_dags/example_external_task_marker_dag.py
[2024-05-16T12:35:21.007+0000] {processor.py:830} INFO - Processing file /usr/local/python/3.10.13/lib/python3.10/site-packages/airflow/example_dags/example_external_task_marker_dag.py for tasks to queue
[2024-05-16T12:35:21.009+0000] {logging_mixin.py:188} INFO - [2024-05-16T12:35:21.008+0000] {dagbag.py:545} INFO - Filling up the DagBag from /usr/local/python/3.10.13/lib/python3.10/site-packages/airflow/example_dags/example_external_task_marker_dag.py
[2024-05-16T12:35:21.013+0000] {processor.py:840} INFO - DAG(s) 'example_external_task_marker_parent', 'example_external_task_marker_child' retrieved from /usr/local/python/3.10.13/lib/python3.10/site-packages/airflow/example_dags/example_external_task_marker_dag.py
[2024-05-16T12:35:21.027+0000] {logging_mixin.py:188} INFO - [2024-05-16T12:35:21.027+0000] {dag.py:3096} INFO - Sync 2 DAGs
[2024-05-16T12:35:21.036+0000] {logging_mixin.py:188} INFO - [2024-05-16T12:35:21.036+0000] {dag.py:3954} INFO - Setting next_dagrun for example_external_task_marker_child to None, run_after=None
[2024-05-16T12:35:21.039+0000] {logging_mixin.py:188} INFO - [2024-05-16T12:35:21.039+0000] {dag.py:3954} INFO - Setting next_dagrun for example_external_task_marker_parent to None, run_after=None
[2024-05-16T12:35:21.080+0000] {processor.py:183} INFO - Processing /usr/local/python/3.10.13/lib/python3.10/site-packages/airflow/example_dags/example_external_task_marker_dag.py took 0.079 seconds
[2024-05-16T12:36:22.351+0000] {processor.py:161} INFO - Started process (PID=20340) to work on /usr/local/python/3.10.13/lib/python3.10/site-packages/airflow/example_dags/example_external_task_marker_dag.py
[2024-05-16T12:36:22.351+0000] {processor.py:830} INFO - Processing file /usr/local/python/3.10.13/lib/python3.10/site-packages/airflow/example_dags/example_external_task_marker_dag.py for tasks to queue
[2024-05-16T12:36:22.353+0000] {logging_mixin.py:188} INFO - [2024-05-16T12:36:22.352+0000] {dagbag.py:545} INFO - Filling up the DagBag from /usr/local/python/3.10.13/lib/python3.10/site-packages/airflow/example_dags/example_external_task_marker_dag.py
[2024-05-16T12:36:22.357+0000] {processor.py:840} INFO - DAG(s) 'example_external_task_marker_child', 'example_external_task_marker_parent' retrieved from /usr/local/python/3.10.13/lib/python3.10/site-packages/airflow/example_dags/example_external_task_marker_dag.py
[2024-05-16T12:36:22.371+0000] {logging_mixin.py:188} INFO - [2024-05-16T12:36:22.371+0000] {dag.py:3096} INFO - Sync 2 DAGs
[2024-05-16T12:36:22.380+0000] {logging_mixin.py:188} INFO - [2024-05-16T12:36:22.380+0000] {dag.py:3954} INFO - Setting next_dagrun for example_external_task_marker_child to None, run_after=None
[2024-05-16T12:36:22.383+0000] {logging_mixin.py:188} INFO - [2024-05-16T12:36:22.383+0000] {dag.py:3954} INFO - Setting next_dagrun for example_external_task_marker_parent to None, run_after=None
[2024-05-16T12:36:22.432+0000] {processor.py:183} INFO - Processing /usr/local/python/3.10.13/lib/python3.10/site-packages/airflow/example_dags/example_external_task_marker_dag.py took 0.087 seconds
[2024-05-16T12:37:25.007+0000] {processor.py:161} INFO - Started process (PID=20798) to work on /usr/local/python/3.10.13/lib/python3.10/site-packages/airflow/example_dags/example_external_task_marker_dag.py
[2024-05-16T12:37:25.008+0000] {processor.py:830} INFO - Processing file /usr/local/python/3.10.13/lib/python3.10/site-packages/airflow/example_dags/example_external_task_marker_dag.py for tasks to queue
[2024-05-16T12:37:25.010+0000] {logging_mixin.py:188} INFO - [2024-05-16T12:37:25.009+0000] {dagbag.py:545} INFO - Filling up the DagBag from /usr/local/python/3.10.13/lib/python3.10/site-packages/airflow/example_dags/example_external_task_marker_dag.py
[2024-05-16T12:37:25.014+0000] {processor.py:840} INFO - DAG(s) 'example_external_task_marker_parent', 'example_external_task_marker_child' retrieved from /usr/local/python/3.10.13/lib/python3.10/site-packages/airflow/example_dags/example_external_task_marker_dag.py
[2024-05-16T12:37:25.028+0000] {logging_mixin.py:188} INFO - [2024-05-16T12:37:25.028+0000] {dag.py:3096} INFO - Sync 2 DAGs
[2024-05-16T12:37:25.038+0000] {logging_mixin.py:188} INFO - [2024-05-16T12:37:25.037+0000] {dag.py:3954} INFO - Setting next_dagrun for example_external_task_marker_child to None, run_after=None
[2024-05-16T12:37:25.040+0000] {logging_mixin.py:188} INFO - [2024-05-16T12:37:25.040+0000] {dag.py:3954} INFO - Setting next_dagrun for example_external_task_marker_parent to None, run_after=None
[2024-05-16T12:37:25.085+0000] {processor.py:183} INFO - Processing /usr/local/python/3.10.13/lib/python3.10/site-packages/airflow/example_dags/example_external_task_marker_dag.py took 0.082 seconds
[2024-05-16T12:38:23.297+0000] {processor.py:161} INFO - Started process (PID=21202) to work on /usr/local/python/3.10.13/lib/python3.10/site-packages/airflow/example_dags/example_external_task_marker_dag.py
[2024-05-16T12:38:23.298+0000] {processor.py:830} INFO - Processing file /usr/local/python/3.10.13/lib/python3.10/site-packages/airflow/example_dags/example_external_task_marker_dag.py for tasks to queue
[2024-05-16T12:38:23.299+0000] {logging_mixin.py:188} INFO - [2024-05-16T12:38:23.299+0000] {dagbag.py:545} INFO - Filling up the DagBag from /usr/local/python/3.10.13/lib/python3.10/site-packages/airflow/example_dags/example_external_task_marker_dag.py
[2024-05-16T12:38:23.305+0000] {processor.py:840} INFO - DAG(s) 'example_external_task_marker_child', 'example_external_task_marker_parent' retrieved from /usr/local/python/3.10.13/lib/python3.10/site-packages/airflow/example_dags/example_external_task_marker_dag.py
[2024-05-16T12:38:23.318+0000] {logging_mixin.py:188} INFO - [2024-05-16T12:38:23.318+0000] {dag.py:3096} INFO - Sync 2 DAGs
[2024-05-16T12:38:23.327+0000] {logging_mixin.py:188} INFO - [2024-05-16T12:38:23.327+0000] {dag.py:3954} INFO - Setting next_dagrun for example_external_task_marker_child to None, run_after=None
[2024-05-16T12:38:23.330+0000] {logging_mixin.py:188} INFO - [2024-05-16T12:38:23.329+0000] {dag.py:3954} INFO - Setting next_dagrun for example_external_task_marker_parent to None, run_after=None
[2024-05-16T12:38:23.372+0000] {processor.py:183} INFO - Processing /usr/local/python/3.10.13/lib/python3.10/site-packages/airflow/example_dags/example_external_task_marker_dag.py took 0.080 seconds
[2024-05-16T12:39:27.422+0000] {processor.py:161} INFO - Started process (PID=21659) to work on /usr/local/python/3.10.13/lib/python3.10/site-packages/airflow/example_dags/example_external_task_marker_dag.py
[2024-05-16T12:39:27.423+0000] {processor.py:830} INFO - Processing file /usr/local/python/3.10.13/lib/python3.10/site-packages/airflow/example_dags/example_external_task_marker_dag.py for tasks to queue
[2024-05-16T12:39:27.425+0000] {logging_mixin.py:188} INFO - [2024-05-16T12:39:27.424+0000] {dagbag.py:545} INFO - Filling up the DagBag from /usr/local/python/3.10.13/lib/python3.10/site-packages/airflow/example_dags/example_external_task_marker_dag.py
[2024-05-16T12:39:27.429+0000] {processor.py:840} INFO - DAG(s) 'example_external_task_marker_child', 'example_external_task_marker_parent' retrieved from /usr/local/python/3.10.13/lib/python3.10/site-packages/airflow/example_dags/example_external_task_marker_dag.py
[2024-05-16T12:39:27.443+0000] {logging_mixin.py:188} INFO - [2024-05-16T12:39:27.443+0000] {dag.py:3096} INFO - Sync 2 DAGs
[2024-05-16T12:39:27.452+0000] {logging_mixin.py:188} INFO - [2024-05-16T12:39:27.452+0000] {dag.py:3954} INFO - Setting next_dagrun for example_external_task_marker_child to None, run_after=None
[2024-05-16T12:39:27.454+0000] {logging_mixin.py:188} INFO - [2024-05-16T12:39:27.454+0000] {dag.py:3954} INFO - Setting next_dagrun for example_external_task_marker_parent to None, run_after=None
[2024-05-16T12:39:27.496+0000] {processor.py:183} INFO - Processing /usr/local/python/3.10.13/lib/python3.10/site-packages/airflow/example_dags/example_external_task_marker_dag.py took 0.079 seconds
[2024-05-16T12:40:31.401+0000] {processor.py:161} INFO - Started process (PID=22127) to work on /usr/local/python/3.10.13/lib/python3.10/site-packages/airflow/example_dags/example_external_task_marker_dag.py
[2024-05-16T12:40:31.402+0000] {processor.py:830} INFO - Processing file /usr/local/python/3.10.13/lib/python3.10/site-packages/airflow/example_dags/example_external_task_marker_dag.py for tasks to queue
[2024-05-16T12:40:31.403+0000] {logging_mixin.py:188} INFO - [2024-05-16T12:40:31.403+0000] {dagbag.py:545} INFO - Filling up the DagBag from /usr/local/python/3.10.13/lib/python3.10/site-packages/airflow/example_dags/example_external_task_marker_dag.py
[2024-05-16T12:40:31.409+0000] {processor.py:840} INFO - DAG(s) 'example_external_task_marker_child', 'example_external_task_marker_parent' retrieved from /usr/local/python/3.10.13/lib/python3.10/site-packages/airflow/example_dags/example_external_task_marker_dag.py
[2024-05-16T12:40:31.422+0000] {logging_mixin.py:188} INFO - [2024-05-16T12:40:31.422+0000] {dag.py:3096} INFO - Sync 2 DAGs
[2024-05-16T12:40:31.431+0000] {logging_mixin.py:188} INFO - [2024-05-16T12:40:31.431+0000] {dag.py:3954} INFO - Setting next_dagrun for example_external_task_marker_child to None, run_after=None
[2024-05-16T12:40:31.434+0000] {logging_mixin.py:188} INFO - [2024-05-16T12:40:31.434+0000] {dag.py:3954} INFO - Setting next_dagrun for example_external_task_marker_parent to None, run_after=None
[2024-05-16T12:40:31.476+0000] {processor.py:183} INFO - Processing /usr/local/python/3.10.13/lib/python3.10/site-packages/airflow/example_dags/example_external_task_marker_dag.py took 0.079 seconds
[2024-05-16T12:41:33.384+0000] {processor.py:161} INFO - Started process (PID=22563) to work on /usr/local/python/3.10.13/lib/python3.10/site-packages/airflow/example_dags/example_external_task_marker_dag.py
[2024-05-16T12:41:33.385+0000] {processor.py:830} INFO - Processing file /usr/local/python/3.10.13/lib/python3.10/site-packages/airflow/example_dags/example_external_task_marker_dag.py for tasks to queue
[2024-05-16T12:41:33.386+0000] {logging_mixin.py:188} INFO - [2024-05-16T12:41:33.386+0000] {dagbag.py:545} INFO - Filling up the DagBag from /usr/local/python/3.10.13/lib/python3.10/site-packages/airflow/example_dags/example_external_task_marker_dag.py
[2024-05-16T12:41:33.391+0000] {processor.py:840} INFO - DAG(s) 'example_external_task_marker_child', 'example_external_task_marker_parent' retrieved from /usr/local/python/3.10.13/lib/python3.10/site-packages/airflow/example_dags/example_external_task_marker_dag.py
[2024-05-16T12:41:33.404+0000] {logging_mixin.py:188} INFO - [2024-05-16T12:41:33.404+0000] {dag.py:3096} INFO - Sync 2 DAGs
[2024-05-16T12:41:33.413+0000] {logging_mixin.py:188} INFO - [2024-05-16T12:41:33.413+0000] {dag.py:3954} INFO - Setting next_dagrun for example_external_task_marker_child to None, run_after=None
[2024-05-16T12:41:33.416+0000] {logging_mixin.py:188} INFO - [2024-05-16T12:41:33.416+0000] {dag.py:3954} INFO - Setting next_dagrun for example_external_task_marker_parent to None, run_after=None
[2024-05-16T12:41:33.459+0000] {processor.py:183} INFO - Processing /usr/local/python/3.10.13/lib/python3.10/site-packages/airflow/example_dags/example_external_task_marker_dag.py took 0.079 seconds
[2024-05-16T12:42:39.321+0000] {processor.py:161} INFO - Started process (PID=23042) to work on /usr/local/python/3.10.13/lib/python3.10/site-packages/airflow/example_dags/example_external_task_marker_dag.py
[2024-05-16T12:42:39.321+0000] {processor.py:830} INFO - Processing file /usr/local/python/3.10.13/lib/python3.10/site-packages/airflow/example_dags/example_external_task_marker_dag.py for tasks to queue
[2024-05-16T12:42:39.324+0000] {logging_mixin.py:188} INFO - [2024-05-16T12:42:39.324+0000] {dagbag.py:545} INFO - Filling up the DagBag from /usr/local/python/3.10.13/lib/python3.10/site-packages/airflow/example_dags/example_external_task_marker_dag.py
[2024-05-16T12:42:39.328+0000] {processor.py:840} INFO - DAG(s) 'example_external_task_marker_parent', 'example_external_task_marker_child' retrieved from /usr/local/python/3.10.13/lib/python3.10/site-packages/airflow/example_dags/example_external_task_marker_dag.py
[2024-05-16T12:42:39.342+0000] {logging_mixin.py:188} INFO - [2024-05-16T12:42:39.341+0000] {dag.py:3096} INFO - Sync 2 DAGs
[2024-05-16T12:42:39.350+0000] {logging_mixin.py:188} INFO - [2024-05-16T12:42:39.350+0000] {dag.py:3954} INFO - Setting next_dagrun for example_external_task_marker_child to None, run_after=None
[2024-05-16T12:42:39.353+0000] {logging_mixin.py:188} INFO - [2024-05-16T12:42:39.353+0000] {dag.py:3954} INFO - Setting next_dagrun for example_external_task_marker_parent to None, run_after=None
[2024-05-16T12:42:39.398+0000] {processor.py:183} INFO - Processing /usr/local/python/3.10.13/lib/python3.10/site-packages/airflow/example_dags/example_external_task_marker_dag.py took 0.083 seconds
[2024-05-16T12:43:40.130+0000] {processor.py:161} INFO - Started process (PID=23496) to work on /usr/local/python/3.10.13/lib/python3.10/site-packages/airflow/example_dags/example_external_task_marker_dag.py
[2024-05-16T12:43:40.130+0000] {processor.py:830} INFO - Processing file /usr/local/python/3.10.13/lib/python3.10/site-packages/airflow/example_dags/example_external_task_marker_dag.py for tasks to queue
[2024-05-16T12:43:40.132+0000] {logging_mixin.py:188} INFO - [2024-05-16T12:43:40.132+0000] {dagbag.py:545} INFO - Filling up the DagBag from /usr/local/python/3.10.13/lib/python3.10/site-packages/airflow/example_dags/example_external_task_marker_dag.py
[2024-05-16T12:43:40.137+0000] {processor.py:840} INFO - DAG(s) 'example_external_task_marker_parent', 'example_external_task_marker_child' retrieved from /usr/local/python/3.10.13/lib/python3.10/site-packages/airflow/example_dags/example_external_task_marker_dag.py
[2024-05-16T12:43:40.158+0000] {logging_mixin.py:188} INFO - [2024-05-16T12:43:40.157+0000] {dag.py:3096} INFO - Sync 2 DAGs
[2024-05-16T12:43:40.167+0000] {logging_mixin.py:188} INFO - [2024-05-16T12:43:40.167+0000] {dag.py:3954} INFO - Setting next_dagrun for example_external_task_marker_child to None, run_after=None
[2024-05-16T12:43:40.170+0000] {logging_mixin.py:188} INFO - [2024-05-16T12:43:40.170+0000] {dag.py:3954} INFO - Setting next_dagrun for example_external_task_marker_parent to None, run_after=None
[2024-05-16T12:43:40.215+0000] {processor.py:183} INFO - Processing /usr/local/python/3.10.13/lib/python3.10/site-packages/airflow/example_dags/example_external_task_marker_dag.py took 0.091 seconds
[2024-05-16T12:44:45.408+0000] {processor.py:161} INFO - Started process (PID=23974) to work on /usr/local/python/3.10.13/lib/python3.10/site-packages/airflow/example_dags/example_external_task_marker_dag.py
[2024-05-16T12:44:45.408+0000] {processor.py:830} INFO - Processing file /usr/local/python/3.10.13/lib/python3.10/site-packages/airflow/example_dags/example_external_task_marker_dag.py for tasks to queue
[2024-05-16T12:44:45.410+0000] {logging_mixin.py:188} INFO - [2024-05-16T12:44:45.409+0000] {dagbag.py:545} INFO - Filling up the DagBag from /usr/local/python/3.10.13/lib/python3.10/site-packages/airflow/example_dags/example_external_task_marker_dag.py
[2024-05-16T12:44:45.415+0000] {processor.py:840} INFO - DAG(s) 'example_external_task_marker_parent', 'example_external_task_marker_child' retrieved from /usr/local/python/3.10.13/lib/python3.10/site-packages/airflow/example_dags/example_external_task_marker_dag.py
[2024-05-16T12:44:45.428+0000] {logging_mixin.py:188} INFO - [2024-05-16T12:44:45.428+0000] {dag.py:3096} INFO - Sync 2 DAGs
[2024-05-16T12:44:45.438+0000] {logging_mixin.py:188} INFO - [2024-05-16T12:44:45.438+0000] {dag.py:3954} INFO - Setting next_dagrun for example_external_task_marker_child to None, run_after=None
[2024-05-16T12:44:45.441+0000] {logging_mixin.py:188} INFO - [2024-05-16T12:44:45.441+0000] {dag.py:3954} INFO - Setting next_dagrun for example_external_task_marker_parent to None, run_after=None
[2024-05-16T12:44:45.496+0000] {processor.py:183} INFO - Processing /usr/local/python/3.10.13/lib/python3.10/site-packages/airflow/example_dags/example_external_task_marker_dag.py took 0.093 seconds
