[2024-05-16T12:06:16.843+0000] {processor.py:161} INFO - Started process (PID=7348) to work on /usr/local/python/3.10.13/lib/python3.10/site-packages/airflow/example_dags/example_sensors.py
[2024-05-16T12:06:16.844+0000] {processor.py:830} INFO - Processing file /usr/local/python/3.10.13/lib/python3.10/site-packages/airflow/example_dags/example_sensors.py for tasks to queue
[2024-05-16T12:06:16.845+0000] {logging_mixin.py:188} INFO - [2024-05-16T12:06:16.845+0000] {dagbag.py:545} INFO - Filling up the DagBag from /usr/local/python/3.10.13/lib/python3.10/site-packages/airflow/example_dags/example_sensors.py
[2024-05-16T12:06:16.854+0000] {processor.py:840} INFO - DAG(s) 'example_sensors' retrieved from /usr/local/python/3.10.13/lib/python3.10/site-packages/airflow/example_dags/example_sensors.py
[2024-05-16T12:06:17.013+0000] {logging_mixin.py:188} INFO - [2024-05-16T12:06:17.013+0000] {dag.py:3096} INFO - Sync 1 DAGs
[2024-05-16T12:06:17.021+0000] {logging_mixin.py:188} INFO - [2024-05-16T12:06:17.021+0000] {dag.py:3954} INFO - Setting next_dagrun for example_sensors to None, run_after=None
[2024-05-16T12:06:17.067+0000] {processor.py:183} INFO - Processing /usr/local/python/3.10.13/lib/python3.10/site-packages/airflow/example_dags/example_sensors.py took 0.228 seconds
[2024-05-16T12:07:16.043+0000] {processor.py:161} INFO - Started process (PID=7744) to work on /usr/local/python/3.10.13/lib/python3.10/site-packages/airflow/example_dags/example_sensors.py
[2024-05-16T12:07:16.044+0000] {processor.py:830} INFO - Processing file /usr/local/python/3.10.13/lib/python3.10/site-packages/airflow/example_dags/example_sensors.py for tasks to queue
[2024-05-16T12:07:16.045+0000] {logging_mixin.py:188} INFO - [2024-05-16T12:07:16.045+0000] {dagbag.py:545} INFO - Filling up the DagBag from /usr/local/python/3.10.13/lib/python3.10/site-packages/airflow/example_dags/example_sensors.py
[2024-05-16T12:07:16.052+0000] {processor.py:840} INFO - DAG(s) 'example_sensors' retrieved from /usr/local/python/3.10.13/lib/python3.10/site-packages/airflow/example_dags/example_sensors.py
[2024-05-16T12:07:16.068+0000] {logging_mixin.py:188} INFO - [2024-05-16T12:07:16.068+0000] {dag.py:3096} INFO - Sync 1 DAGs
[2024-05-16T12:07:16.076+0000] {logging_mixin.py:188} INFO - [2024-05-16T12:07:16.076+0000] {dag.py:3954} INFO - Setting next_dagrun for example_sensors to None, run_after=None
[2024-05-16T12:07:16.125+0000] {processor.py:183} INFO - Processing /usr/local/python/3.10.13/lib/python3.10/site-packages/airflow/example_dags/example_sensors.py took 0.086 seconds
[2024-05-16T12:08:03.639+0000] {processor.py:161} INFO - Started process (PID=8076) to work on /usr/local/python/3.10.13/lib/python3.10/site-packages/airflow/example_dags/example_sensors.py
[2024-05-16T12:08:03.640+0000] {processor.py:830} INFO - Processing file /usr/local/python/3.10.13/lib/python3.10/site-packages/airflow/example_dags/example_sensors.py for tasks to queue
[2024-05-16T12:08:03.641+0000] {logging_mixin.py:188} INFO - [2024-05-16T12:08:03.641+0000] {dagbag.py:545} INFO - Filling up the DagBag from /usr/local/python/3.10.13/lib/python3.10/site-packages/airflow/example_dags/example_sensors.py
[2024-05-16T12:08:03.648+0000] {processor.py:840} INFO - DAG(s) 'example_sensors' retrieved from /usr/local/python/3.10.13/lib/python3.10/site-packages/airflow/example_dags/example_sensors.py
[2024-05-16T12:08:03.664+0000] {logging_mixin.py:188} INFO - [2024-05-16T12:08:03.664+0000] {dag.py:3096} INFO - Sync 1 DAGs
[2024-05-16T12:08:03.673+0000] {logging_mixin.py:188} INFO - [2024-05-16T12:08:03.673+0000] {dag.py:3954} INFO - Setting next_dagrun for example_sensors to None, run_after=None
[2024-05-16T12:08:03.721+0000] {processor.py:183} INFO - Processing /usr/local/python/3.10.13/lib/python3.10/site-packages/airflow/example_dags/example_sensors.py took 0.087 seconds
[2024-05-16T12:08:48.575+0000] {processor.py:161} INFO - Started process (PID=8393) to work on /usr/local/python/3.10.13/lib/python3.10/site-packages/airflow/example_dags/example_sensors.py
[2024-05-16T12:08:48.576+0000] {processor.py:830} INFO - Processing file /usr/local/python/3.10.13/lib/python3.10/site-packages/airflow/example_dags/example_sensors.py for tasks to queue
[2024-05-16T12:08:48.578+0000] {logging_mixin.py:188} INFO - [2024-05-16T12:08:48.577+0000] {dagbag.py:545} INFO - Filling up the DagBag from /usr/local/python/3.10.13/lib/python3.10/site-packages/airflow/example_dags/example_sensors.py
[2024-05-16T12:08:48.584+0000] {processor.py:840} INFO - DAG(s) 'example_sensors' retrieved from /usr/local/python/3.10.13/lib/python3.10/site-packages/airflow/example_dags/example_sensors.py
[2024-05-16T12:08:48.600+0000] {logging_mixin.py:188} INFO - [2024-05-16T12:08:48.600+0000] {dag.py:3096} INFO - Sync 1 DAGs
[2024-05-16T12:08:48.608+0000] {logging_mixin.py:188} INFO - [2024-05-16T12:08:48.608+0000] {dag.py:3954} INFO - Setting next_dagrun for example_sensors to None, run_after=None
[2024-05-16T12:08:48.654+0000] {processor.py:183} INFO - Processing /usr/local/python/3.10.13/lib/python3.10/site-packages/airflow/example_dags/example_sensors.py took 0.083 seconds
[2024-05-16T12:09:33.672+0000] {processor.py:161} INFO - Started process (PID=8737) to work on /usr/local/python/3.10.13/lib/python3.10/site-packages/airflow/example_dags/example_sensors.py
[2024-05-16T12:09:33.673+0000] {processor.py:830} INFO - Processing file /usr/local/python/3.10.13/lib/python3.10/site-packages/airflow/example_dags/example_sensors.py for tasks to queue
[2024-05-16T12:09:33.674+0000] {logging_mixin.py:188} INFO - [2024-05-16T12:09:33.674+0000] {dagbag.py:545} INFO - Filling up the DagBag from /usr/local/python/3.10.13/lib/python3.10/site-packages/airflow/example_dags/example_sensors.py
[2024-05-16T12:09:33.681+0000] {processor.py:840} INFO - DAG(s) 'example_sensors' retrieved from /usr/local/python/3.10.13/lib/python3.10/site-packages/airflow/example_dags/example_sensors.py
[2024-05-16T12:09:33.697+0000] {logging_mixin.py:188} INFO - [2024-05-16T12:09:33.697+0000] {dag.py:3096} INFO - Sync 1 DAGs
[2024-05-16T12:09:33.706+0000] {logging_mixin.py:188} INFO - [2024-05-16T12:09:33.706+0000] {dag.py:3954} INFO - Setting next_dagrun for example_sensors to None, run_after=None
[2024-05-16T12:09:33.751+0000] {processor.py:183} INFO - Processing /usr/local/python/3.10.13/lib/python3.10/site-packages/airflow/example_dags/example_sensors.py took 0.084 seconds
[2024-05-16T12:10:16.786+0000] {processor.py:161} INFO - Started process (PID=9033) to work on /usr/local/python/3.10.13/lib/python3.10/site-packages/airflow/example_dags/example_sensors.py
[2024-05-16T12:10:16.787+0000] {processor.py:830} INFO - Processing file /usr/local/python/3.10.13/lib/python3.10/site-packages/airflow/example_dags/example_sensors.py for tasks to queue
[2024-05-16T12:10:16.788+0000] {logging_mixin.py:188} INFO - [2024-05-16T12:10:16.788+0000] {dagbag.py:545} INFO - Filling up the DagBag from /usr/local/python/3.10.13/lib/python3.10/site-packages/airflow/example_dags/example_sensors.py
[2024-05-16T12:10:16.795+0000] {processor.py:840} INFO - DAG(s) 'example_sensors' retrieved from /usr/local/python/3.10.13/lib/python3.10/site-packages/airflow/example_dags/example_sensors.py
[2024-05-16T12:10:16.812+0000] {logging_mixin.py:188} INFO - [2024-05-16T12:10:16.811+0000] {dag.py:3096} INFO - Sync 1 DAGs
[2024-05-16T12:10:16.821+0000] {logging_mixin.py:188} INFO - [2024-05-16T12:10:16.821+0000] {dag.py:3954} INFO - Setting next_dagrun for example_sensors to None, run_after=None
[2024-05-16T12:10:16.865+0000] {processor.py:183} INFO - Processing /usr/local/python/3.10.13/lib/python3.10/site-packages/airflow/example_dags/example_sensors.py took 0.083 seconds
[2024-05-16T12:11:00.233+0000] {processor.py:161} INFO - Started process (PID=9326) to work on /usr/local/python/3.10.13/lib/python3.10/site-packages/airflow/example_dags/example_sensors.py
[2024-05-16T12:11:00.233+0000] {processor.py:830} INFO - Processing file /usr/local/python/3.10.13/lib/python3.10/site-packages/airflow/example_dags/example_sensors.py for tasks to queue
[2024-05-16T12:11:00.235+0000] {logging_mixin.py:188} INFO - [2024-05-16T12:11:00.234+0000] {dagbag.py:545} INFO - Filling up the DagBag from /usr/local/python/3.10.13/lib/python3.10/site-packages/airflow/example_dags/example_sensors.py
[2024-05-16T12:11:00.241+0000] {processor.py:840} INFO - DAG(s) 'example_sensors' retrieved from /usr/local/python/3.10.13/lib/python3.10/site-packages/airflow/example_dags/example_sensors.py
[2024-05-16T12:11:00.257+0000] {logging_mixin.py:188} INFO - [2024-05-16T12:11:00.257+0000] {dag.py:3096} INFO - Sync 1 DAGs
[2024-05-16T12:11:00.265+0000] {logging_mixin.py:188} INFO - [2024-05-16T12:11:00.265+0000] {dag.py:3954} INFO - Setting next_dagrun for example_sensors to None, run_after=None
[2024-05-16T12:11:00.313+0000] {processor.py:183} INFO - Processing /usr/local/python/3.10.13/lib/python3.10/site-packages/airflow/example_dags/example_sensors.py took 0.085 seconds
[2024-05-16T12:11:49.136+0000] {processor.py:161} INFO - Started process (PID=9672) to work on /usr/local/python/3.10.13/lib/python3.10/site-packages/airflow/example_dags/example_sensors.py
[2024-05-16T12:11:49.136+0000] {processor.py:830} INFO - Processing file /usr/local/python/3.10.13/lib/python3.10/site-packages/airflow/example_dags/example_sensors.py for tasks to queue
[2024-05-16T12:11:49.138+0000] {logging_mixin.py:188} INFO - [2024-05-16T12:11:49.137+0000] {dagbag.py:545} INFO - Filling up the DagBag from /usr/local/python/3.10.13/lib/python3.10/site-packages/airflow/example_dags/example_sensors.py
[2024-05-16T12:11:49.145+0000] {processor.py:840} INFO - DAG(s) 'example_sensors' retrieved from /usr/local/python/3.10.13/lib/python3.10/site-packages/airflow/example_dags/example_sensors.py
[2024-05-16T12:11:49.161+0000] {logging_mixin.py:188} INFO - [2024-05-16T12:11:49.161+0000] {dag.py:3096} INFO - Sync 1 DAGs
[2024-05-16T12:11:49.170+0000] {logging_mixin.py:188} INFO - [2024-05-16T12:11:49.170+0000] {dag.py:3954} INFO - Setting next_dagrun for example_sensors to None, run_after=None
[2024-05-16T12:11:49.219+0000] {processor.py:183} INFO - Processing /usr/local/python/3.10.13/lib/python3.10/site-packages/airflow/example_dags/example_sensors.py took 0.088 seconds
[2024-05-16T12:12:30.927+0000] {processor.py:161} INFO - Started process (PID=9959) to work on /usr/local/python/3.10.13/lib/python3.10/site-packages/airflow/example_dags/example_sensors.py
[2024-05-16T12:12:30.928+0000] {processor.py:830} INFO - Processing file /usr/local/python/3.10.13/lib/python3.10/site-packages/airflow/example_dags/example_sensors.py for tasks to queue
[2024-05-16T12:12:30.930+0000] {logging_mixin.py:188} INFO - [2024-05-16T12:12:30.929+0000] {dagbag.py:545} INFO - Filling up the DagBag from /usr/local/python/3.10.13/lib/python3.10/site-packages/airflow/example_dags/example_sensors.py
[2024-05-16T12:12:30.936+0000] {processor.py:840} INFO - DAG(s) 'example_sensors' retrieved from /usr/local/python/3.10.13/lib/python3.10/site-packages/airflow/example_dags/example_sensors.py
[2024-05-16T12:12:30.952+0000] {logging_mixin.py:188} INFO - [2024-05-16T12:12:30.952+0000] {dag.py:3096} INFO - Sync 1 DAGs
[2024-05-16T12:12:30.961+0000] {logging_mixin.py:188} INFO - [2024-05-16T12:12:30.960+0000] {dag.py:3954} INFO - Setting next_dagrun for example_sensors to None, run_after=None
[2024-05-16T12:12:31.008+0000] {processor.py:183} INFO - Processing /usr/local/python/3.10.13/lib/python3.10/site-packages/airflow/example_dags/example_sensors.py took 0.085 seconds
[2024-05-16T12:13:13.291+0000] {processor.py:161} INFO - Started process (PID=10249) to work on /usr/local/python/3.10.13/lib/python3.10/site-packages/airflow/example_dags/example_sensors.py
[2024-05-16T12:13:13.292+0000] {processor.py:830} INFO - Processing file /usr/local/python/3.10.13/lib/python3.10/site-packages/airflow/example_dags/example_sensors.py for tasks to queue
[2024-05-16T12:13:13.293+0000] {logging_mixin.py:188} INFO - [2024-05-16T12:13:13.293+0000] {dagbag.py:545} INFO - Filling up the DagBag from /usr/local/python/3.10.13/lib/python3.10/site-packages/airflow/example_dags/example_sensors.py
[2024-05-16T12:13:13.300+0000] {processor.py:840} INFO - DAG(s) 'example_sensors' retrieved from /usr/local/python/3.10.13/lib/python3.10/site-packages/airflow/example_dags/example_sensors.py
[2024-05-16T12:13:13.316+0000] {logging_mixin.py:188} INFO - [2024-05-16T12:13:13.316+0000] {dag.py:3096} INFO - Sync 1 DAGs
[2024-05-16T12:13:13.325+0000] {logging_mixin.py:188} INFO - [2024-05-16T12:13:13.325+0000] {dag.py:3954} INFO - Setting next_dagrun for example_sensors to None, run_after=None
[2024-05-16T12:13:13.372+0000] {processor.py:183} INFO - Processing /usr/local/python/3.10.13/lib/python3.10/site-packages/airflow/example_dags/example_sensors.py took 0.086 seconds
[2024-05-16T12:13:54.785+0000] {processor.py:161} INFO - Started process (PID=10532) to work on /usr/local/python/3.10.13/lib/python3.10/site-packages/airflow/example_dags/example_sensors.py
[2024-05-16T12:13:54.785+0000] {processor.py:830} INFO - Processing file /usr/local/python/3.10.13/lib/python3.10/site-packages/airflow/example_dags/example_sensors.py for tasks to queue
[2024-05-16T12:13:54.787+0000] {logging_mixin.py:188} INFO - [2024-05-16T12:13:54.786+0000] {dagbag.py:545} INFO - Filling up the DagBag from /usr/local/python/3.10.13/lib/python3.10/site-packages/airflow/example_dags/example_sensors.py
[2024-05-16T12:13:54.794+0000] {processor.py:840} INFO - DAG(s) 'example_sensors' retrieved from /usr/local/python/3.10.13/lib/python3.10/site-packages/airflow/example_dags/example_sensors.py
[2024-05-16T12:13:54.810+0000] {logging_mixin.py:188} INFO - [2024-05-16T12:13:54.810+0000] {dag.py:3096} INFO - Sync 1 DAGs
[2024-05-16T12:13:54.818+0000] {logging_mixin.py:188} INFO - [2024-05-16T12:13:54.818+0000] {dag.py:3954} INFO - Setting next_dagrun for example_sensors to None, run_after=None
[2024-05-16T12:13:54.865+0000] {processor.py:183} INFO - Processing /usr/local/python/3.10.13/lib/python3.10/site-packages/airflow/example_dags/example_sensors.py took 0.085 seconds
[2024-05-16T12:14:36.354+0000] {processor.py:161} INFO - Started process (PID=10821) to work on /usr/local/python/3.10.13/lib/python3.10/site-packages/airflow/example_dags/example_sensors.py
[2024-05-16T12:14:36.355+0000] {processor.py:830} INFO - Processing file /usr/local/python/3.10.13/lib/python3.10/site-packages/airflow/example_dags/example_sensors.py for tasks to queue
[2024-05-16T12:14:36.356+0000] {logging_mixin.py:188} INFO - [2024-05-16T12:14:36.356+0000] {dagbag.py:545} INFO - Filling up the DagBag from /usr/local/python/3.10.13/lib/python3.10/site-packages/airflow/example_dags/example_sensors.py
[2024-05-16T12:14:36.363+0000] {processor.py:840} INFO - DAG(s) 'example_sensors' retrieved from /usr/local/python/3.10.13/lib/python3.10/site-packages/airflow/example_dags/example_sensors.py
[2024-05-16T12:14:36.378+0000] {logging_mixin.py:188} INFO - [2024-05-16T12:14:36.378+0000] {dag.py:3096} INFO - Sync 1 DAGs
[2024-05-16T12:14:36.387+0000] {logging_mixin.py:188} INFO - [2024-05-16T12:14:36.387+0000] {dag.py:3954} INFO - Setting next_dagrun for example_sensors to None, run_after=None
[2024-05-16T12:14:36.431+0000] {processor.py:183} INFO - Processing /usr/local/python/3.10.13/lib/python3.10/site-packages/airflow/example_dags/example_sensors.py took 0.081 seconds
[2024-05-16T12:15:20.021+0000] {processor.py:161} INFO - Started process (PID=11131) to work on /usr/local/python/3.10.13/lib/python3.10/site-packages/airflow/example_dags/example_sensors.py
[2024-05-16T12:15:20.021+0000] {processor.py:830} INFO - Processing file /usr/local/python/3.10.13/lib/python3.10/site-packages/airflow/example_dags/example_sensors.py for tasks to queue
[2024-05-16T12:15:20.023+0000] {logging_mixin.py:188} INFO - [2024-05-16T12:15:20.022+0000] {dagbag.py:545} INFO - Filling up the DagBag from /usr/local/python/3.10.13/lib/python3.10/site-packages/airflow/example_dags/example_sensors.py
[2024-05-16T12:15:20.030+0000] {processor.py:840} INFO - DAG(s) 'example_sensors' retrieved from /usr/local/python/3.10.13/lib/python3.10/site-packages/airflow/example_dags/example_sensors.py
[2024-05-16T12:15:20.046+0000] {logging_mixin.py:188} INFO - [2024-05-16T12:15:20.046+0000] {dag.py:3096} INFO - Sync 1 DAGs
[2024-05-16T12:15:20.055+0000] {logging_mixin.py:188} INFO - [2024-05-16T12:15:20.055+0000] {dag.py:3954} INFO - Setting next_dagrun for example_sensors to None, run_after=None
[2024-05-16T12:15:20.102+0000] {processor.py:183} INFO - Processing /usr/local/python/3.10.13/lib/python3.10/site-packages/airflow/example_dags/example_sensors.py took 0.086 seconds
[2024-05-16T12:16:01.880+0000] {processor.py:161} INFO - Started process (PID=11444) to work on /usr/local/python/3.10.13/lib/python3.10/site-packages/airflow/example_dags/example_sensors.py
[2024-05-16T12:16:01.880+0000] {processor.py:830} INFO - Processing file /usr/local/python/3.10.13/lib/python3.10/site-packages/airflow/example_dags/example_sensors.py for tasks to queue
[2024-05-16T12:16:01.882+0000] {logging_mixin.py:188} INFO - [2024-05-16T12:16:01.882+0000] {dagbag.py:545} INFO - Filling up the DagBag from /usr/local/python/3.10.13/lib/python3.10/site-packages/airflow/example_dags/example_sensors.py
[2024-05-16T12:16:01.890+0000] {processor.py:840} INFO - DAG(s) 'example_sensors' retrieved from /usr/local/python/3.10.13/lib/python3.10/site-packages/airflow/example_dags/example_sensors.py
[2024-05-16T12:16:01.907+0000] {logging_mixin.py:188} INFO - [2024-05-16T12:16:01.907+0000] {dag.py:3096} INFO - Sync 1 DAGs
[2024-05-16T12:16:01.917+0000] {logging_mixin.py:188} INFO - [2024-05-16T12:16:01.916+0000] {dag.py:3954} INFO - Setting next_dagrun for example_sensors to None, run_after=None
[2024-05-16T12:16:01.961+0000] {processor.py:183} INFO - Processing /usr/local/python/3.10.13/lib/python3.10/site-packages/airflow/example_dags/example_sensors.py took 0.086 seconds
[2024-05-16T12:16:47.035+0000] {processor.py:161} INFO - Started process (PID=11765) to work on /usr/local/python/3.10.13/lib/python3.10/site-packages/airflow/example_dags/example_sensors.py
[2024-05-16T12:16:47.035+0000] {processor.py:830} INFO - Processing file /usr/local/python/3.10.13/lib/python3.10/site-packages/airflow/example_dags/example_sensors.py for tasks to queue
[2024-05-16T12:16:47.037+0000] {logging_mixin.py:188} INFO - [2024-05-16T12:16:47.036+0000] {dagbag.py:545} INFO - Filling up the DagBag from /usr/local/python/3.10.13/lib/python3.10/site-packages/airflow/example_dags/example_sensors.py
[2024-05-16T12:16:47.044+0000] {processor.py:840} INFO - DAG(s) 'example_sensors' retrieved from /usr/local/python/3.10.13/lib/python3.10/site-packages/airflow/example_dags/example_sensors.py
[2024-05-16T12:16:47.060+0000] {logging_mixin.py:188} INFO - [2024-05-16T12:16:47.059+0000] {dag.py:3096} INFO - Sync 1 DAGs
[2024-05-16T12:16:47.068+0000] {logging_mixin.py:188} INFO - [2024-05-16T12:16:47.068+0000] {dag.py:3954} INFO - Setting next_dagrun for example_sensors to None, run_after=None
[2024-05-16T12:16:47.115+0000] {processor.py:183} INFO - Processing /usr/local/python/3.10.13/lib/python3.10/site-packages/airflow/example_dags/example_sensors.py took 0.085 seconds
[2024-05-16T12:17:28.614+0000] {processor.py:161} INFO - Started process (PID=12067) to work on /usr/local/python/3.10.13/lib/python3.10/site-packages/airflow/example_dags/example_sensors.py
[2024-05-16T12:17:28.614+0000] {processor.py:830} INFO - Processing file /usr/local/python/3.10.13/lib/python3.10/site-packages/airflow/example_dags/example_sensors.py for tasks to queue
[2024-05-16T12:17:28.616+0000] {logging_mixin.py:188} INFO - [2024-05-16T12:17:28.615+0000] {dagbag.py:545} INFO - Filling up the DagBag from /usr/local/python/3.10.13/lib/python3.10/site-packages/airflow/example_dags/example_sensors.py
[2024-05-16T12:17:28.623+0000] {processor.py:840} INFO - DAG(s) 'example_sensors' retrieved from /usr/local/python/3.10.13/lib/python3.10/site-packages/airflow/example_dags/example_sensors.py
[2024-05-16T12:17:28.639+0000] {logging_mixin.py:188} INFO - [2024-05-16T12:17:28.638+0000] {dag.py:3096} INFO - Sync 1 DAGs
[2024-05-16T12:17:28.647+0000] {logging_mixin.py:188} INFO - [2024-05-16T12:17:28.647+0000] {dag.py:3954} INFO - Setting next_dagrun for example_sensors to None, run_after=None
[2024-05-16T12:17:28.696+0000] {processor.py:183} INFO - Processing /usr/local/python/3.10.13/lib/python3.10/site-packages/airflow/example_dags/example_sensors.py took 0.087 seconds
[2024-05-16T12:18:09.328+0000] {processor.py:161} INFO - Started process (PID=12349) to work on /usr/local/python/3.10.13/lib/python3.10/site-packages/airflow/example_dags/example_sensors.py
[2024-05-16T12:18:09.329+0000] {processor.py:830} INFO - Processing file /usr/local/python/3.10.13/lib/python3.10/site-packages/airflow/example_dags/example_sensors.py for tasks to queue
[2024-05-16T12:18:09.330+0000] {logging_mixin.py:188} INFO - [2024-05-16T12:18:09.330+0000] {dagbag.py:545} INFO - Filling up the DagBag from /usr/local/python/3.10.13/lib/python3.10/site-packages/airflow/example_dags/example_sensors.py
[2024-05-16T12:18:09.337+0000] {processor.py:840} INFO - DAG(s) 'example_sensors' retrieved from /usr/local/python/3.10.13/lib/python3.10/site-packages/airflow/example_dags/example_sensors.py
[2024-05-16T12:18:09.354+0000] {logging_mixin.py:188} INFO - [2024-05-16T12:18:09.353+0000] {dag.py:3096} INFO - Sync 1 DAGs
[2024-05-16T12:18:09.362+0000] {logging_mixin.py:188} INFO - [2024-05-16T12:18:09.362+0000] {dag.py:3954} INFO - Setting next_dagrun for example_sensors to None, run_after=None
[2024-05-16T12:18:09.411+0000] {processor.py:183} INFO - Processing /usr/local/python/3.10.13/lib/python3.10/site-packages/airflow/example_dags/example_sensors.py took 0.088 seconds
[2024-05-16T12:18:51.165+0000] {processor.py:161} INFO - Started process (PID=12649) to work on /usr/local/python/3.10.13/lib/python3.10/site-packages/airflow/example_dags/example_sensors.py
[2024-05-16T12:18:51.165+0000] {processor.py:830} INFO - Processing file /usr/local/python/3.10.13/lib/python3.10/site-packages/airflow/example_dags/example_sensors.py for tasks to queue
[2024-05-16T12:18:51.167+0000] {logging_mixin.py:188} INFO - [2024-05-16T12:18:51.166+0000] {dagbag.py:545} INFO - Filling up the DagBag from /usr/local/python/3.10.13/lib/python3.10/site-packages/airflow/example_dags/example_sensors.py
[2024-05-16T12:18:51.174+0000] {processor.py:840} INFO - DAG(s) 'example_sensors' retrieved from /usr/local/python/3.10.13/lib/python3.10/site-packages/airflow/example_dags/example_sensors.py
[2024-05-16T12:18:51.197+0000] {logging_mixin.py:188} INFO - [2024-05-16T12:18:51.197+0000] {dag.py:3096} INFO - Sync 1 DAGs
[2024-05-16T12:18:51.207+0000] {logging_mixin.py:188} INFO - [2024-05-16T12:18:51.207+0000] {dag.py:3954} INFO - Setting next_dagrun for example_sensors to None, run_after=None
[2024-05-16T12:18:51.253+0000] {processor.py:183} INFO - Processing /usr/local/python/3.10.13/lib/python3.10/site-packages/airflow/example_dags/example_sensors.py took 0.093 seconds
[2024-05-16T12:19:34.084+0000] {processor.py:161} INFO - Started process (PID=12977) to work on /usr/local/python/3.10.13/lib/python3.10/site-packages/airflow/example_dags/example_sensors.py
[2024-05-16T12:19:34.084+0000] {processor.py:830} INFO - Processing file /usr/local/python/3.10.13/lib/python3.10/site-packages/airflow/example_dags/example_sensors.py for tasks to queue
[2024-05-16T12:19:34.086+0000] {logging_mixin.py:188} INFO - [2024-05-16T12:19:34.085+0000] {dagbag.py:545} INFO - Filling up the DagBag from /usr/local/python/3.10.13/lib/python3.10/site-packages/airflow/example_dags/example_sensors.py
[2024-05-16T12:19:34.093+0000] {processor.py:840} INFO - DAG(s) 'example_sensors' retrieved from /usr/local/python/3.10.13/lib/python3.10/site-packages/airflow/example_dags/example_sensors.py
[2024-05-16T12:19:34.109+0000] {logging_mixin.py:188} INFO - [2024-05-16T12:19:34.109+0000] {dag.py:3096} INFO - Sync 1 DAGs
[2024-05-16T12:19:34.119+0000] {logging_mixin.py:188} INFO - [2024-05-16T12:19:34.119+0000] {dag.py:3954} INFO - Setting next_dagrun for example_sensors to None, run_after=None
[2024-05-16T12:19:34.167+0000] {processor.py:183} INFO - Processing /usr/local/python/3.10.13/lib/python3.10/site-packages/airflow/example_dags/example_sensors.py took 0.088 seconds
[2024-05-16T12:20:15.407+0000] {processor.py:161} INFO - Started process (PID=13264) to work on /usr/local/python/3.10.13/lib/python3.10/site-packages/airflow/example_dags/example_sensors.py
[2024-05-16T12:20:15.407+0000] {processor.py:830} INFO - Processing file /usr/local/python/3.10.13/lib/python3.10/site-packages/airflow/example_dags/example_sensors.py for tasks to queue
[2024-05-16T12:20:15.409+0000] {logging_mixin.py:188} INFO - [2024-05-16T12:20:15.408+0000] {dagbag.py:545} INFO - Filling up the DagBag from /usr/local/python/3.10.13/lib/python3.10/site-packages/airflow/example_dags/example_sensors.py
[2024-05-16T12:20:15.416+0000] {processor.py:840} INFO - DAG(s) 'example_sensors' retrieved from /usr/local/python/3.10.13/lib/python3.10/site-packages/airflow/example_dags/example_sensors.py
[2024-05-16T12:20:15.432+0000] {logging_mixin.py:188} INFO - [2024-05-16T12:20:15.432+0000] {dag.py:3096} INFO - Sync 1 DAGs
[2024-05-16T12:20:15.440+0000] {logging_mixin.py:188} INFO - [2024-05-16T12:20:15.440+0000] {dag.py:3954} INFO - Setting next_dagrun for example_sensors to None, run_after=None
[2024-05-16T12:20:15.486+0000] {processor.py:183} INFO - Processing /usr/local/python/3.10.13/lib/python3.10/site-packages/airflow/example_dags/example_sensors.py took 0.084 seconds
[2024-05-16T12:20:56.487+0000] {processor.py:161} INFO - Started process (PID=13561) to work on /usr/local/python/3.10.13/lib/python3.10/site-packages/airflow/example_dags/example_sensors.py
[2024-05-16T12:20:56.487+0000] {processor.py:830} INFO - Processing file /usr/local/python/3.10.13/lib/python3.10/site-packages/airflow/example_dags/example_sensors.py for tasks to queue
[2024-05-16T12:20:56.489+0000] {logging_mixin.py:188} INFO - [2024-05-16T12:20:56.488+0000] {dagbag.py:545} INFO - Filling up the DagBag from /usr/local/python/3.10.13/lib/python3.10/site-packages/airflow/example_dags/example_sensors.py
[2024-05-16T12:20:56.496+0000] {processor.py:840} INFO - DAG(s) 'example_sensors' retrieved from /usr/local/python/3.10.13/lib/python3.10/site-packages/airflow/example_dags/example_sensors.py
[2024-05-16T12:20:56.512+0000] {logging_mixin.py:188} INFO - [2024-05-16T12:20:56.512+0000] {dag.py:3096} INFO - Sync 1 DAGs
[2024-05-16T12:20:56.521+0000] {logging_mixin.py:188} INFO - [2024-05-16T12:20:56.521+0000] {dag.py:3954} INFO - Setting next_dagrun for example_sensors to None, run_after=None
[2024-05-16T12:20:56.566+0000] {processor.py:183} INFO - Processing /usr/local/python/3.10.13/lib/python3.10/site-packages/airflow/example_dags/example_sensors.py took 0.084 seconds
[2024-05-16T12:21:40.728+0000] {processor.py:161} INFO - Started process (PID=13857) to work on /usr/local/python/3.10.13/lib/python3.10/site-packages/airflow/example_dags/example_sensors.py
[2024-05-16T12:21:40.729+0000] {processor.py:830} INFO - Processing file /usr/local/python/3.10.13/lib/python3.10/site-packages/airflow/example_dags/example_sensors.py for tasks to queue
[2024-05-16T12:21:40.731+0000] {logging_mixin.py:188} INFO - [2024-05-16T12:21:40.731+0000] {dagbag.py:545} INFO - Filling up the DagBag from /usr/local/python/3.10.13/lib/python3.10/site-packages/airflow/example_dags/example_sensors.py
[2024-05-16T12:21:40.739+0000] {processor.py:840} INFO - DAG(s) 'example_sensors' retrieved from /usr/local/python/3.10.13/lib/python3.10/site-packages/airflow/example_dags/example_sensors.py
[2024-05-16T12:21:40.756+0000] {logging_mixin.py:188} INFO - [2024-05-16T12:21:40.756+0000] {dag.py:3096} INFO - Sync 1 DAGs
[2024-05-16T12:21:40.765+0000] {logging_mixin.py:188} INFO - [2024-05-16T12:21:40.764+0000] {dag.py:3954} INFO - Setting next_dagrun for example_sensors to None, run_after=None
[2024-05-16T12:21:40.809+0000] {processor.py:183} INFO - Processing /usr/local/python/3.10.13/lib/python3.10/site-packages/airflow/example_dags/example_sensors.py took 0.085 seconds
[2024-05-16T12:22:23.294+0000] {processor.py:161} INFO - Started process (PID=14177) to work on /usr/local/python/3.10.13/lib/python3.10/site-packages/airflow/example_dags/example_sensors.py
[2024-05-16T12:22:23.295+0000] {processor.py:830} INFO - Processing file /usr/local/python/3.10.13/lib/python3.10/site-packages/airflow/example_dags/example_sensors.py for tasks to queue
[2024-05-16T12:22:23.296+0000] {logging_mixin.py:188} INFO - [2024-05-16T12:22:23.296+0000] {dagbag.py:545} INFO - Filling up the DagBag from /usr/local/python/3.10.13/lib/python3.10/site-packages/airflow/example_dags/example_sensors.py
[2024-05-16T12:22:23.305+0000] {processor.py:840} INFO - DAG(s) 'example_sensors' retrieved from /usr/local/python/3.10.13/lib/python3.10/site-packages/airflow/example_dags/example_sensors.py
[2024-05-16T12:22:23.321+0000] {logging_mixin.py:188} INFO - [2024-05-16T12:22:23.321+0000] {dag.py:3096} INFO - Sync 1 DAGs
[2024-05-16T12:22:23.330+0000] {logging_mixin.py:188} INFO - [2024-05-16T12:22:23.330+0000] {dag.py:3954} INFO - Setting next_dagrun for example_sensors to None, run_after=None
[2024-05-16T12:22:23.373+0000] {processor.py:183} INFO - Processing /usr/local/python/3.10.13/lib/python3.10/site-packages/airflow/example_dags/example_sensors.py took 0.084 seconds
[2024-05-16T12:23:08.190+0000] {processor.py:161} INFO - Started process (PID=14518) to work on /usr/local/python/3.10.13/lib/python3.10/site-packages/airflow/example_dags/example_sensors.py
[2024-05-16T12:23:08.190+0000] {processor.py:830} INFO - Processing file /usr/local/python/3.10.13/lib/python3.10/site-packages/airflow/example_dags/example_sensors.py for tasks to queue
[2024-05-16T12:23:08.192+0000] {logging_mixin.py:188} INFO - [2024-05-16T12:23:08.191+0000] {dagbag.py:545} INFO - Filling up the DagBag from /usr/local/python/3.10.13/lib/python3.10/site-packages/airflow/example_dags/example_sensors.py
[2024-05-16T12:23:08.199+0000] {processor.py:840} INFO - DAG(s) 'example_sensors' retrieved from /usr/local/python/3.10.13/lib/python3.10/site-packages/airflow/example_dags/example_sensors.py
[2024-05-16T12:23:08.214+0000] {logging_mixin.py:188} INFO - [2024-05-16T12:23:08.214+0000] {dag.py:3096} INFO - Sync 1 DAGs
[2024-05-16T12:23:08.224+0000] {logging_mixin.py:188} INFO - [2024-05-16T12:23:08.223+0000] {dag.py:3954} INFO - Setting next_dagrun for example_sensors to None, run_after=None
[2024-05-16T12:23:08.267+0000] {processor.py:183} INFO - Processing /usr/local/python/3.10.13/lib/python3.10/site-packages/airflow/example_dags/example_sensors.py took 0.082 seconds
[2024-05-16T12:23:53.181+0000] {processor.py:161} INFO - Started process (PID=14849) to work on /usr/local/python/3.10.13/lib/python3.10/site-packages/airflow/example_dags/example_sensors.py
[2024-05-16T12:23:53.182+0000] {processor.py:830} INFO - Processing file /usr/local/python/3.10.13/lib/python3.10/site-packages/airflow/example_dags/example_sensors.py for tasks to queue
[2024-05-16T12:23:53.184+0000] {logging_mixin.py:188} INFO - [2024-05-16T12:23:53.183+0000] {dagbag.py:545} INFO - Filling up the DagBag from /usr/local/python/3.10.13/lib/python3.10/site-packages/airflow/example_dags/example_sensors.py
[2024-05-16T12:23:53.191+0000] {processor.py:840} INFO - DAG(s) 'example_sensors' retrieved from /usr/local/python/3.10.13/lib/python3.10/site-packages/airflow/example_dags/example_sensors.py
[2024-05-16T12:23:53.209+0000] {logging_mixin.py:188} INFO - [2024-05-16T12:23:53.209+0000] {dag.py:3096} INFO - Sync 1 DAGs
[2024-05-16T12:23:53.224+0000] {logging_mixin.py:188} INFO - [2024-05-16T12:23:53.224+0000] {dag.py:3954} INFO - Setting next_dagrun for example_sensors to None, run_after=None
[2024-05-16T12:23:53.278+0000] {processor.py:183} INFO - Processing /usr/local/python/3.10.13/lib/python3.10/site-packages/airflow/example_dags/example_sensors.py took 0.101 seconds
[2024-05-16T12:24:36.714+0000] {processor.py:161} INFO - Started process (PID=15165) to work on /usr/local/python/3.10.13/lib/python3.10/site-packages/airflow/example_dags/example_sensors.py
[2024-05-16T12:24:36.715+0000] {processor.py:830} INFO - Processing file /usr/local/python/3.10.13/lib/python3.10/site-packages/airflow/example_dags/example_sensors.py for tasks to queue
[2024-05-16T12:24:36.716+0000] {logging_mixin.py:188} INFO - [2024-05-16T12:24:36.716+0000] {dagbag.py:545} INFO - Filling up the DagBag from /usr/local/python/3.10.13/lib/python3.10/site-packages/airflow/example_dags/example_sensors.py
[2024-05-16T12:24:36.724+0000] {processor.py:840} INFO - DAG(s) 'example_sensors' retrieved from /usr/local/python/3.10.13/lib/python3.10/site-packages/airflow/example_dags/example_sensors.py
[2024-05-16T12:24:36.739+0000] {logging_mixin.py:188} INFO - [2024-05-16T12:24:36.739+0000] {dag.py:3096} INFO - Sync 1 DAGs
[2024-05-16T12:24:36.748+0000] {logging_mixin.py:188} INFO - [2024-05-16T12:24:36.747+0000] {dag.py:3954} INFO - Setting next_dagrun for example_sensors to None, run_after=None
[2024-05-16T12:24:36.794+0000] {processor.py:183} INFO - Processing /usr/local/python/3.10.13/lib/python3.10/site-packages/airflow/example_dags/example_sensors.py took 0.085 seconds
[2024-05-16T12:25:16.053+0000] {processor.py:161} INFO - Started process (PID=15474) to work on /usr/local/python/3.10.13/lib/python3.10/site-packages/airflow/example_dags/example_sensors.py
[2024-05-16T12:25:16.053+0000] {processor.py:830} INFO - Processing file /usr/local/python/3.10.13/lib/python3.10/site-packages/airflow/example_dags/example_sensors.py for tasks to queue
[2024-05-16T12:25:16.055+0000] {logging_mixin.py:188} INFO - [2024-05-16T12:25:16.054+0000] {dagbag.py:545} INFO - Filling up the DagBag from /usr/local/python/3.10.13/lib/python3.10/site-packages/airflow/example_dags/example_sensors.py
[2024-05-16T12:25:16.062+0000] {processor.py:840} INFO - DAG(s) 'example_sensors' retrieved from /usr/local/python/3.10.13/lib/python3.10/site-packages/airflow/example_dags/example_sensors.py
[2024-05-16T12:25:16.077+0000] {logging_mixin.py:188} INFO - [2024-05-16T12:25:16.077+0000] {dag.py:3096} INFO - Sync 1 DAGs
[2024-05-16T12:25:16.086+0000] {logging_mixin.py:188} INFO - [2024-05-16T12:25:16.086+0000] {dag.py:3954} INFO - Setting next_dagrun for example_sensors to None, run_after=None
[2024-05-16T12:25:16.131+0000] {processor.py:183} INFO - Processing /usr/local/python/3.10.13/lib/python3.10/site-packages/airflow/example_dags/example_sensors.py took 0.083 seconds
[2024-05-16T12:25:56.079+0000] {processor.py:161} INFO - Started process (PID=15775) to work on /usr/local/python/3.10.13/lib/python3.10/site-packages/airflow/example_dags/example_sensors.py
[2024-05-16T12:25:56.080+0000] {processor.py:830} INFO - Processing file /usr/local/python/3.10.13/lib/python3.10/site-packages/airflow/example_dags/example_sensors.py for tasks to queue
[2024-05-16T12:25:56.082+0000] {logging_mixin.py:188} INFO - [2024-05-16T12:25:56.082+0000] {dagbag.py:545} INFO - Filling up the DagBag from /usr/local/python/3.10.13/lib/python3.10/site-packages/airflow/example_dags/example_sensors.py
[2024-05-16T12:25:56.093+0000] {processor.py:840} INFO - DAG(s) 'example_sensors' retrieved from /usr/local/python/3.10.13/lib/python3.10/site-packages/airflow/example_dags/example_sensors.py
[2024-05-16T12:25:56.143+0000] {logging_mixin.py:188} INFO - [2024-05-16T12:25:56.143+0000] {dag.py:3096} INFO - Sync 1 DAGs
[2024-05-16T12:25:56.166+0000] {logging_mixin.py:188} INFO - [2024-05-16T12:25:56.166+0000] {dag.py:3954} INFO - Setting next_dagrun for example_sensors to None, run_after=None
[2024-05-16T12:25:56.220+0000] {processor.py:183} INFO - Processing /usr/local/python/3.10.13/lib/python3.10/site-packages/airflow/example_dags/example_sensors.py took 0.148 seconds
[2024-05-16T12:26:36.012+0000] {processor.py:161} INFO - Started process (PID=16075) to work on /usr/local/python/3.10.13/lib/python3.10/site-packages/airflow/example_dags/example_sensors.py
[2024-05-16T12:26:36.013+0000] {processor.py:830} INFO - Processing file /usr/local/python/3.10.13/lib/python3.10/site-packages/airflow/example_dags/example_sensors.py for tasks to queue
[2024-05-16T12:26:36.014+0000] {logging_mixin.py:188} INFO - [2024-05-16T12:26:36.014+0000] {dagbag.py:545} INFO - Filling up the DagBag from /usr/local/python/3.10.13/lib/python3.10/site-packages/airflow/example_dags/example_sensors.py
[2024-05-16T12:26:36.021+0000] {processor.py:840} INFO - DAG(s) 'example_sensors' retrieved from /usr/local/python/3.10.13/lib/python3.10/site-packages/airflow/example_dags/example_sensors.py
[2024-05-16T12:26:36.037+0000] {logging_mixin.py:188} INFO - [2024-05-16T12:26:36.037+0000] {dag.py:3096} INFO - Sync 1 DAGs
[2024-05-16T12:26:36.046+0000] {logging_mixin.py:188} INFO - [2024-05-16T12:26:36.046+0000] {dag.py:3954} INFO - Setting next_dagrun for example_sensors to None, run_after=None
[2024-05-16T12:26:36.091+0000] {processor.py:183} INFO - Processing /usr/local/python/3.10.13/lib/python3.10/site-packages/airflow/example_dags/example_sensors.py took 0.084 seconds
[2024-05-16T12:27:20.024+0000] {processor.py:161} INFO - Started process (PID=16394) to work on /usr/local/python/3.10.13/lib/python3.10/site-packages/airflow/example_dags/example_sensors.py
[2024-05-16T12:27:20.025+0000] {processor.py:830} INFO - Processing file /usr/local/python/3.10.13/lib/python3.10/site-packages/airflow/example_dags/example_sensors.py for tasks to queue
[2024-05-16T12:27:20.026+0000] {logging_mixin.py:188} INFO - [2024-05-16T12:27:20.026+0000] {dagbag.py:545} INFO - Filling up the DagBag from /usr/local/python/3.10.13/lib/python3.10/site-packages/airflow/example_dags/example_sensors.py
[2024-05-16T12:27:20.034+0000] {processor.py:840} INFO - DAG(s) 'example_sensors' retrieved from /usr/local/python/3.10.13/lib/python3.10/site-packages/airflow/example_dags/example_sensors.py
[2024-05-16T12:27:20.061+0000] {logging_mixin.py:188} INFO - [2024-05-16T12:27:20.061+0000] {dag.py:3096} INFO - Sync 1 DAGs
[2024-05-16T12:27:20.075+0000] {logging_mixin.py:188} INFO - [2024-05-16T12:27:20.075+0000] {dag.py:3954} INFO - Setting next_dagrun for example_sensors to None, run_after=None
[2024-05-16T12:27:20.125+0000] {processor.py:183} INFO - Processing /usr/local/python/3.10.13/lib/python3.10/site-packages/airflow/example_dags/example_sensors.py took 0.106 seconds
[2024-05-16T12:28:03.112+0000] {processor.py:161} INFO - Started process (PID=16724) to work on /usr/local/python/3.10.13/lib/python3.10/site-packages/airflow/example_dags/example_sensors.py
[2024-05-16T12:28:03.112+0000] {processor.py:830} INFO - Processing file /usr/local/python/3.10.13/lib/python3.10/site-packages/airflow/example_dags/example_sensors.py for tasks to queue
[2024-05-16T12:28:03.114+0000] {logging_mixin.py:188} INFO - [2024-05-16T12:28:03.114+0000] {dagbag.py:545} INFO - Filling up the DagBag from /usr/local/python/3.10.13/lib/python3.10/site-packages/airflow/example_dags/example_sensors.py
[2024-05-16T12:28:03.121+0000] {processor.py:840} INFO - DAG(s) 'example_sensors' retrieved from /usr/local/python/3.10.13/lib/python3.10/site-packages/airflow/example_dags/example_sensors.py
[2024-05-16T12:28:03.138+0000] {logging_mixin.py:188} INFO - [2024-05-16T12:28:03.137+0000] {dag.py:3096} INFO - Sync 1 DAGs
[2024-05-16T12:28:03.146+0000] {logging_mixin.py:188} INFO - [2024-05-16T12:28:03.146+0000] {dag.py:3954} INFO - Setting next_dagrun for example_sensors to None, run_after=None
[2024-05-16T12:28:03.193+0000] {processor.py:183} INFO - Processing /usr/local/python/3.10.13/lib/python3.10/site-packages/airflow/example_dags/example_sensors.py took 0.086 seconds
[2024-05-16T12:28:43.676+0000] {processor.py:161} INFO - Started process (PID=17021) to work on /usr/local/python/3.10.13/lib/python3.10/site-packages/airflow/example_dags/example_sensors.py
[2024-05-16T12:28:43.677+0000] {processor.py:830} INFO - Processing file /usr/local/python/3.10.13/lib/python3.10/site-packages/airflow/example_dags/example_sensors.py for tasks to queue
[2024-05-16T12:28:43.679+0000] {logging_mixin.py:188} INFO - [2024-05-16T12:28:43.679+0000] {dagbag.py:545} INFO - Filling up the DagBag from /usr/local/python/3.10.13/lib/python3.10/site-packages/airflow/example_dags/example_sensors.py
[2024-05-16T12:28:43.691+0000] {processor.py:840} INFO - DAG(s) 'example_sensors' retrieved from /usr/local/python/3.10.13/lib/python3.10/site-packages/airflow/example_dags/example_sensors.py
[2024-05-16T12:28:43.711+0000] {logging_mixin.py:188} INFO - [2024-05-16T12:28:43.711+0000] {dag.py:3096} INFO - Sync 1 DAGs
[2024-05-16T12:28:43.721+0000] {logging_mixin.py:188} INFO - [2024-05-16T12:28:43.721+0000] {dag.py:3954} INFO - Setting next_dagrun for example_sensors to None, run_after=None
[2024-05-16T12:28:43.769+0000] {processor.py:183} INFO - Processing /usr/local/python/3.10.13/lib/python3.10/site-packages/airflow/example_dags/example_sensors.py took 0.101 seconds
[2024-05-16T12:29:26.803+0000] {processor.py:161} INFO - Started process (PID=17324) to work on /usr/local/python/3.10.13/lib/python3.10/site-packages/airflow/example_dags/example_sensors.py
[2024-05-16T12:29:26.804+0000] {processor.py:830} INFO - Processing file /usr/local/python/3.10.13/lib/python3.10/site-packages/airflow/example_dags/example_sensors.py for tasks to queue
[2024-05-16T12:29:26.805+0000] {logging_mixin.py:188} INFO - [2024-05-16T12:29:26.805+0000] {dagbag.py:545} INFO - Filling up the DagBag from /usr/local/python/3.10.13/lib/python3.10/site-packages/airflow/example_dags/example_sensors.py
[2024-05-16T12:29:26.813+0000] {processor.py:840} INFO - DAG(s) 'example_sensors' retrieved from /usr/local/python/3.10.13/lib/python3.10/site-packages/airflow/example_dags/example_sensors.py
[2024-05-16T12:29:26.828+0000] {logging_mixin.py:188} INFO - [2024-05-16T12:29:26.828+0000] {dag.py:3096} INFO - Sync 1 DAGs
[2024-05-16T12:29:26.837+0000] {logging_mixin.py:188} INFO - [2024-05-16T12:29:26.837+0000] {dag.py:3954} INFO - Setting next_dagrun for example_sensors to None, run_after=None
[2024-05-16T12:29:26.898+0000] {processor.py:183} INFO - Processing /usr/local/python/3.10.13/lib/python3.10/site-packages/airflow/example_dags/example_sensors.py took 0.100 seconds
[2024-05-16T12:30:10.033+0000] {processor.py:161} INFO - Started process (PID=17638) to work on /usr/local/python/3.10.13/lib/python3.10/site-packages/airflow/example_dags/example_sensors.py
[2024-05-16T12:30:10.033+0000] {processor.py:830} INFO - Processing file /usr/local/python/3.10.13/lib/python3.10/site-packages/airflow/example_dags/example_sensors.py for tasks to queue
[2024-05-16T12:30:10.035+0000] {logging_mixin.py:188} INFO - [2024-05-16T12:30:10.034+0000] {dagbag.py:545} INFO - Filling up the DagBag from /usr/local/python/3.10.13/lib/python3.10/site-packages/airflow/example_dags/example_sensors.py
[2024-05-16T12:30:10.042+0000] {processor.py:840} INFO - DAG(s) 'example_sensors' retrieved from /usr/local/python/3.10.13/lib/python3.10/site-packages/airflow/example_dags/example_sensors.py
[2024-05-16T12:30:10.057+0000] {logging_mixin.py:188} INFO - [2024-05-16T12:30:10.057+0000] {dag.py:3096} INFO - Sync 1 DAGs
[2024-05-16T12:30:10.066+0000] {logging_mixin.py:188} INFO - [2024-05-16T12:30:10.066+0000] {dag.py:3954} INFO - Setting next_dagrun for example_sensors to None, run_after=None
[2024-05-16T12:30:10.118+0000] {processor.py:183} INFO - Processing /usr/local/python/3.10.13/lib/python3.10/site-packages/airflow/example_dags/example_sensors.py took 0.090 seconds
[2024-05-16T12:30:53.197+0000] {processor.py:161} INFO - Started process (PID=17932) to work on /usr/local/python/3.10.13/lib/python3.10/site-packages/airflow/example_dags/example_sensors.py
[2024-05-16T12:30:53.198+0000] {processor.py:830} INFO - Processing file /usr/local/python/3.10.13/lib/python3.10/site-packages/airflow/example_dags/example_sensors.py for tasks to queue
[2024-05-16T12:30:53.199+0000] {logging_mixin.py:188} INFO - [2024-05-16T12:30:53.199+0000] {dagbag.py:545} INFO - Filling up the DagBag from /usr/local/python/3.10.13/lib/python3.10/site-packages/airflow/example_dags/example_sensors.py
[2024-05-16T12:30:53.207+0000] {processor.py:840} INFO - DAG(s) 'example_sensors' retrieved from /usr/local/python/3.10.13/lib/python3.10/site-packages/airflow/example_dags/example_sensors.py
[2024-05-16T12:30:53.224+0000] {logging_mixin.py:188} INFO - [2024-05-16T12:30:53.223+0000] {dag.py:3096} INFO - Sync 1 DAGs
[2024-05-16T12:30:53.233+0000] {logging_mixin.py:188} INFO - [2024-05-16T12:30:53.232+0000] {dag.py:3954} INFO - Setting next_dagrun for example_sensors to None, run_after=None
[2024-05-16T12:30:53.279+0000] {processor.py:183} INFO - Processing /usr/local/python/3.10.13/lib/python3.10/site-packages/airflow/example_dags/example_sensors.py took 0.087 seconds
[2024-05-16T12:31:37.262+0000] {processor.py:161} INFO - Started process (PID=18277) to work on /usr/local/python/3.10.13/lib/python3.10/site-packages/airflow/example_dags/example_sensors.py
[2024-05-16T12:31:37.263+0000] {processor.py:830} INFO - Processing file /usr/local/python/3.10.13/lib/python3.10/site-packages/airflow/example_dags/example_sensors.py for tasks to queue
[2024-05-16T12:31:37.265+0000] {logging_mixin.py:188} INFO - [2024-05-16T12:31:37.264+0000] {dagbag.py:545} INFO - Filling up the DagBag from /usr/local/python/3.10.13/lib/python3.10/site-packages/airflow/example_dags/example_sensors.py
[2024-05-16T12:31:37.276+0000] {processor.py:840} INFO - DAG(s) 'example_sensors' retrieved from /usr/local/python/3.10.13/lib/python3.10/site-packages/airflow/example_dags/example_sensors.py
[2024-05-16T12:31:37.295+0000] {logging_mixin.py:188} INFO - [2024-05-16T12:31:37.294+0000] {dag.py:3096} INFO - Sync 1 DAGs
[2024-05-16T12:31:37.304+0000] {logging_mixin.py:188} INFO - [2024-05-16T12:31:37.304+0000] {dag.py:3954} INFO - Setting next_dagrun for example_sensors to None, run_after=None
[2024-05-16T12:31:37.347+0000] {processor.py:183} INFO - Processing /usr/local/python/3.10.13/lib/python3.10/site-packages/airflow/example_dags/example_sensors.py took 0.090 seconds
[2024-05-16T12:32:18.687+0000] {processor.py:161} INFO - Started process (PID=18569) to work on /usr/local/python/3.10.13/lib/python3.10/site-packages/airflow/example_dags/example_sensors.py
[2024-05-16T12:32:18.688+0000] {processor.py:830} INFO - Processing file /usr/local/python/3.10.13/lib/python3.10/site-packages/airflow/example_dags/example_sensors.py for tasks to queue
[2024-05-16T12:32:18.690+0000] {logging_mixin.py:188} INFO - [2024-05-16T12:32:18.689+0000] {dagbag.py:545} INFO - Filling up the DagBag from /usr/local/python/3.10.13/lib/python3.10/site-packages/airflow/example_dags/example_sensors.py
[2024-05-16T12:32:18.701+0000] {processor.py:840} INFO - DAG(s) 'example_sensors' retrieved from /usr/local/python/3.10.13/lib/python3.10/site-packages/airflow/example_dags/example_sensors.py
[2024-05-16T12:32:18.728+0000] {logging_mixin.py:188} INFO - [2024-05-16T12:32:18.728+0000] {dag.py:3096} INFO - Sync 1 DAGs
[2024-05-16T12:32:18.739+0000] {logging_mixin.py:188} INFO - [2024-05-16T12:32:18.739+0000] {dag.py:3954} INFO - Setting next_dagrun for example_sensors to None, run_after=None
[2024-05-16T12:32:18.789+0000] {processor.py:183} INFO - Processing /usr/local/python/3.10.13/lib/python3.10/site-packages/airflow/example_dags/example_sensors.py took 0.110 seconds
[2024-05-16T12:32:59.829+0000] {processor.py:161} INFO - Started process (PID=18865) to work on /usr/local/python/3.10.13/lib/python3.10/site-packages/airflow/example_dags/example_sensors.py
[2024-05-16T12:32:59.829+0000] {processor.py:830} INFO - Processing file /usr/local/python/3.10.13/lib/python3.10/site-packages/airflow/example_dags/example_sensors.py for tasks to queue
[2024-05-16T12:32:59.831+0000] {logging_mixin.py:188} INFO - [2024-05-16T12:32:59.830+0000] {dagbag.py:545} INFO - Filling up the DagBag from /usr/local/python/3.10.13/lib/python3.10/site-packages/airflow/example_dags/example_sensors.py
[2024-05-16T12:32:59.840+0000] {processor.py:840} INFO - DAG(s) 'example_sensors' retrieved from /usr/local/python/3.10.13/lib/python3.10/site-packages/airflow/example_dags/example_sensors.py
[2024-05-16T12:32:59.858+0000] {logging_mixin.py:188} INFO - [2024-05-16T12:32:59.858+0000] {dag.py:3096} INFO - Sync 1 DAGs
[2024-05-16T12:32:59.867+0000] {logging_mixin.py:188} INFO - [2024-05-16T12:32:59.867+0000] {dag.py:3954} INFO - Setting next_dagrun for example_sensors to None, run_after=None
[2024-05-16T12:32:59.934+0000] {processor.py:183} INFO - Processing /usr/local/python/3.10.13/lib/python3.10/site-packages/airflow/example_dags/example_sensors.py took 0.110 seconds
[2024-05-16T12:33:40.681+0000] {processor.py:161} INFO - Started process (PID=19168) to work on /usr/local/python/3.10.13/lib/python3.10/site-packages/airflow/example_dags/example_sensors.py
[2024-05-16T12:33:40.682+0000] {processor.py:830} INFO - Processing file /usr/local/python/3.10.13/lib/python3.10/site-packages/airflow/example_dags/example_sensors.py for tasks to queue
[2024-05-16T12:33:40.683+0000] {logging_mixin.py:188} INFO - [2024-05-16T12:33:40.683+0000] {dagbag.py:545} INFO - Filling up the DagBag from /usr/local/python/3.10.13/lib/python3.10/site-packages/airflow/example_dags/example_sensors.py
[2024-05-16T12:33:40.690+0000] {processor.py:840} INFO - DAG(s) 'example_sensors' retrieved from /usr/local/python/3.10.13/lib/python3.10/site-packages/airflow/example_dags/example_sensors.py
[2024-05-16T12:33:40.706+0000] {logging_mixin.py:188} INFO - [2024-05-16T12:33:40.706+0000] {dag.py:3096} INFO - Sync 1 DAGs
[2024-05-16T12:33:40.715+0000] {logging_mixin.py:188} INFO - [2024-05-16T12:33:40.715+0000] {dag.py:3954} INFO - Setting next_dagrun for example_sensors to None, run_after=None
[2024-05-16T12:33:40.763+0000] {processor.py:183} INFO - Processing /usr/local/python/3.10.13/lib/python3.10/site-packages/airflow/example_dags/example_sensors.py took 0.087 seconds
[2024-05-16T12:34:24.105+0000] {processor.py:161} INFO - Started process (PID=19485) to work on /usr/local/python/3.10.13/lib/python3.10/site-packages/airflow/example_dags/example_sensors.py
[2024-05-16T12:34:24.106+0000] {processor.py:830} INFO - Processing file /usr/local/python/3.10.13/lib/python3.10/site-packages/airflow/example_dags/example_sensors.py for tasks to queue
[2024-05-16T12:34:24.107+0000] {logging_mixin.py:188} INFO - [2024-05-16T12:34:24.107+0000] {dagbag.py:545} INFO - Filling up the DagBag from /usr/local/python/3.10.13/lib/python3.10/site-packages/airflow/example_dags/example_sensors.py
[2024-05-16T12:34:24.115+0000] {processor.py:840} INFO - DAG(s) 'example_sensors' retrieved from /usr/local/python/3.10.13/lib/python3.10/site-packages/airflow/example_dags/example_sensors.py
[2024-05-16T12:34:24.132+0000] {logging_mixin.py:188} INFO - [2024-05-16T12:34:24.131+0000] {dag.py:3096} INFO - Sync 1 DAGs
[2024-05-16T12:34:24.141+0000] {logging_mixin.py:188} INFO - [2024-05-16T12:34:24.140+0000] {dag.py:3954} INFO - Setting next_dagrun for example_sensors to None, run_after=None
[2024-05-16T12:34:24.184+0000] {processor.py:183} INFO - Processing /usr/local/python/3.10.13/lib/python3.10/site-packages/airflow/example_dags/example_sensors.py took 0.084 seconds
[2024-05-16T12:35:07.307+0000] {processor.py:161} INFO - Started process (PID=19798) to work on /usr/local/python/3.10.13/lib/python3.10/site-packages/airflow/example_dags/example_sensors.py
[2024-05-16T12:35:07.310+0000] {processor.py:830} INFO - Processing file /usr/local/python/3.10.13/lib/python3.10/site-packages/airflow/example_dags/example_sensors.py for tasks to queue
[2024-05-16T12:35:07.311+0000] {logging_mixin.py:188} INFO - [2024-05-16T12:35:07.311+0000] {dagbag.py:545} INFO - Filling up the DagBag from /usr/local/python/3.10.13/lib/python3.10/site-packages/airflow/example_dags/example_sensors.py
[2024-05-16T12:35:07.324+0000] {processor.py:840} INFO - DAG(s) 'example_sensors' retrieved from /usr/local/python/3.10.13/lib/python3.10/site-packages/airflow/example_dags/example_sensors.py
[2024-05-16T12:35:07.349+0000] {logging_mixin.py:188} INFO - [2024-05-16T12:35:07.349+0000] {dag.py:3096} INFO - Sync 1 DAGs
[2024-05-16T12:35:07.362+0000] {logging_mixin.py:188} INFO - [2024-05-16T12:35:07.362+0000] {dag.py:3954} INFO - Setting next_dagrun for example_sensors to None, run_after=None
[2024-05-16T12:35:07.414+0000] {processor.py:183} INFO - Processing /usr/local/python/3.10.13/lib/python3.10/site-packages/airflow/example_dags/example_sensors.py took 0.115 seconds
[2024-05-16T12:35:50.422+0000] {processor.py:161} INFO - Started process (PID=20106) to work on /usr/local/python/3.10.13/lib/python3.10/site-packages/airflow/example_dags/example_sensors.py
[2024-05-16T12:35:50.423+0000] {processor.py:830} INFO - Processing file /usr/local/python/3.10.13/lib/python3.10/site-packages/airflow/example_dags/example_sensors.py for tasks to queue
[2024-05-16T12:35:50.424+0000] {logging_mixin.py:188} INFO - [2024-05-16T12:35:50.424+0000] {dagbag.py:545} INFO - Filling up the DagBag from /usr/local/python/3.10.13/lib/python3.10/site-packages/airflow/example_dags/example_sensors.py
[2024-05-16T12:35:50.431+0000] {processor.py:840} INFO - DAG(s) 'example_sensors' retrieved from /usr/local/python/3.10.13/lib/python3.10/site-packages/airflow/example_dags/example_sensors.py
[2024-05-16T12:35:50.447+0000] {logging_mixin.py:188} INFO - [2024-05-16T12:35:50.447+0000] {dag.py:3096} INFO - Sync 1 DAGs
[2024-05-16T12:35:50.456+0000] {logging_mixin.py:188} INFO - [2024-05-16T12:35:50.456+0000] {dag.py:3954} INFO - Setting next_dagrun for example_sensors to None, run_after=None
[2024-05-16T12:35:50.499+0000] {processor.py:183} INFO - Processing /usr/local/python/3.10.13/lib/python3.10/site-packages/airflow/example_dags/example_sensors.py took 0.082 seconds
[2024-05-16T12:36:29.699+0000] {processor.py:161} INFO - Started process (PID=20403) to work on /usr/local/python/3.10.13/lib/python3.10/site-packages/airflow/example_dags/example_sensors.py
[2024-05-16T12:36:29.700+0000] {processor.py:830} INFO - Processing file /usr/local/python/3.10.13/lib/python3.10/site-packages/airflow/example_dags/example_sensors.py for tasks to queue
[2024-05-16T12:36:29.702+0000] {logging_mixin.py:188} INFO - [2024-05-16T12:36:29.701+0000] {dagbag.py:545} INFO - Filling up the DagBag from /usr/local/python/3.10.13/lib/python3.10/site-packages/airflow/example_dags/example_sensors.py
[2024-05-16T12:36:29.709+0000] {processor.py:840} INFO - DAG(s) 'example_sensors' retrieved from /usr/local/python/3.10.13/lib/python3.10/site-packages/airflow/example_dags/example_sensors.py
[2024-05-16T12:36:29.726+0000] {logging_mixin.py:188} INFO - [2024-05-16T12:36:29.726+0000] {dag.py:3096} INFO - Sync 1 DAGs
[2024-05-16T12:36:29.736+0000] {logging_mixin.py:188} INFO - [2024-05-16T12:36:29.735+0000] {dag.py:3954} INFO - Setting next_dagrun for example_sensors to None, run_after=None
[2024-05-16T12:36:29.780+0000] {processor.py:183} INFO - Processing /usr/local/python/3.10.13/lib/python3.10/site-packages/airflow/example_dags/example_sensors.py took 0.087 seconds
[2024-05-16T12:37:12.132+0000] {processor.py:161} INFO - Started process (PID=20698) to work on /usr/local/python/3.10.13/lib/python3.10/site-packages/airflow/example_dags/example_sensors.py
[2024-05-16T12:37:12.133+0000] {processor.py:830} INFO - Processing file /usr/local/python/3.10.13/lib/python3.10/site-packages/airflow/example_dags/example_sensors.py for tasks to queue
[2024-05-16T12:37:12.134+0000] {logging_mixin.py:188} INFO - [2024-05-16T12:37:12.134+0000] {dagbag.py:545} INFO - Filling up the DagBag from /usr/local/python/3.10.13/lib/python3.10/site-packages/airflow/example_dags/example_sensors.py
[2024-05-16T12:37:12.142+0000] {processor.py:840} INFO - DAG(s) 'example_sensors' retrieved from /usr/local/python/3.10.13/lib/python3.10/site-packages/airflow/example_dags/example_sensors.py
[2024-05-16T12:37:12.157+0000] {logging_mixin.py:188} INFO - [2024-05-16T12:37:12.157+0000] {dag.py:3096} INFO - Sync 1 DAGs
[2024-05-16T12:37:12.166+0000] {logging_mixin.py:188} INFO - [2024-05-16T12:37:12.166+0000] {dag.py:3954} INFO - Setting next_dagrun for example_sensors to None, run_after=None
[2024-05-16T12:37:12.219+0000] {processor.py:183} INFO - Processing /usr/local/python/3.10.13/lib/python3.10/site-packages/airflow/example_dags/example_sensors.py took 0.091 seconds
[2024-05-16T12:37:52.985+0000] {processor.py:161} INFO - Started process (PID=20978) to work on /usr/local/python/3.10.13/lib/python3.10/site-packages/airflow/example_dags/example_sensors.py
[2024-05-16T12:37:52.985+0000] {processor.py:830} INFO - Processing file /usr/local/python/3.10.13/lib/python3.10/site-packages/airflow/example_dags/example_sensors.py for tasks to queue
[2024-05-16T12:37:52.987+0000] {logging_mixin.py:188} INFO - [2024-05-16T12:37:52.986+0000] {dagbag.py:545} INFO - Filling up the DagBag from /usr/local/python/3.10.13/lib/python3.10/site-packages/airflow/example_dags/example_sensors.py
[2024-05-16T12:37:52.994+0000] {processor.py:840} INFO - DAG(s) 'example_sensors' retrieved from /usr/local/python/3.10.13/lib/python3.10/site-packages/airflow/example_dags/example_sensors.py
[2024-05-16T12:37:53.010+0000] {logging_mixin.py:188} INFO - [2024-05-16T12:37:53.010+0000] {dag.py:3096} INFO - Sync 1 DAGs
[2024-05-16T12:37:53.018+0000] {logging_mixin.py:188} INFO - [2024-05-16T12:37:53.018+0000] {dag.py:3954} INFO - Setting next_dagrun for example_sensors to None, run_after=None
[2024-05-16T12:37:53.062+0000] {processor.py:183} INFO - Processing /usr/local/python/3.10.13/lib/python3.10/site-packages/airflow/example_dags/example_sensors.py took 0.082 seconds
[2024-05-16T12:38:31.969+0000] {processor.py:161} INFO - Started process (PID=21258) to work on /usr/local/python/3.10.13/lib/python3.10/site-packages/airflow/example_dags/example_sensors.py
[2024-05-16T12:38:31.970+0000] {processor.py:830} INFO - Processing file /usr/local/python/3.10.13/lib/python3.10/site-packages/airflow/example_dags/example_sensors.py for tasks to queue
[2024-05-16T12:38:31.971+0000] {logging_mixin.py:188} INFO - [2024-05-16T12:38:31.971+0000] {dagbag.py:545} INFO - Filling up the DagBag from /usr/local/python/3.10.13/lib/python3.10/site-packages/airflow/example_dags/example_sensors.py
[2024-05-16T12:38:31.981+0000] {processor.py:840} INFO - DAG(s) 'example_sensors' retrieved from /usr/local/python/3.10.13/lib/python3.10/site-packages/airflow/example_dags/example_sensors.py
[2024-05-16T12:38:31.999+0000] {logging_mixin.py:188} INFO - [2024-05-16T12:38:31.998+0000] {dag.py:3096} INFO - Sync 1 DAGs
[2024-05-16T12:38:32.007+0000] {logging_mixin.py:188} INFO - [2024-05-16T12:38:32.007+0000] {dag.py:3954} INFO - Setting next_dagrun for example_sensors to None, run_after=None
[2024-05-16T12:38:32.056+0000] {processor.py:183} INFO - Processing /usr/local/python/3.10.13/lib/python3.10/site-packages/airflow/example_dags/example_sensors.py took 0.092 seconds
[2024-05-16T12:39:13.239+0000] {processor.py:161} INFO - Started process (PID=21554) to work on /usr/local/python/3.10.13/lib/python3.10/site-packages/airflow/example_dags/example_sensors.py
[2024-05-16T12:39:13.240+0000] {processor.py:830} INFO - Processing file /usr/local/python/3.10.13/lib/python3.10/site-packages/airflow/example_dags/example_sensors.py for tasks to queue
[2024-05-16T12:39:13.242+0000] {logging_mixin.py:188} INFO - [2024-05-16T12:39:13.241+0000] {dagbag.py:545} INFO - Filling up the DagBag from /usr/local/python/3.10.13/lib/python3.10/site-packages/airflow/example_dags/example_sensors.py
[2024-05-16T12:39:13.249+0000] {processor.py:840} INFO - DAG(s) 'example_sensors' retrieved from /usr/local/python/3.10.13/lib/python3.10/site-packages/airflow/example_dags/example_sensors.py
[2024-05-16T12:39:13.265+0000] {logging_mixin.py:188} INFO - [2024-05-16T12:39:13.264+0000] {dag.py:3096} INFO - Sync 1 DAGs
[2024-05-16T12:39:13.273+0000] {logging_mixin.py:188} INFO - [2024-05-16T12:39:13.273+0000] {dag.py:3954} INFO - Setting next_dagrun for example_sensors to None, run_after=None
[2024-05-16T12:39:13.334+0000] {processor.py:183} INFO - Processing /usr/local/python/3.10.13/lib/python3.10/site-packages/airflow/example_dags/example_sensors.py took 0.101 seconds
[2024-05-16T12:39:57.095+0000] {processor.py:161} INFO - Started process (PID=21887) to work on /usr/local/python/3.10.13/lib/python3.10/site-packages/airflow/example_dags/example_sensors.py
[2024-05-16T12:39:57.096+0000] {processor.py:830} INFO - Processing file /usr/local/python/3.10.13/lib/python3.10/site-packages/airflow/example_dags/example_sensors.py for tasks to queue
[2024-05-16T12:39:57.097+0000] {logging_mixin.py:188} INFO - [2024-05-16T12:39:57.097+0000] {dagbag.py:545} INFO - Filling up the DagBag from /usr/local/python/3.10.13/lib/python3.10/site-packages/airflow/example_dags/example_sensors.py
[2024-05-16T12:39:57.105+0000] {processor.py:840} INFO - DAG(s) 'example_sensors' retrieved from /usr/local/python/3.10.13/lib/python3.10/site-packages/airflow/example_dags/example_sensors.py
[2024-05-16T12:39:57.121+0000] {logging_mixin.py:188} INFO - [2024-05-16T12:39:57.121+0000] {dag.py:3096} INFO - Sync 1 DAGs
[2024-05-16T12:39:57.130+0000] {logging_mixin.py:188} INFO - [2024-05-16T12:39:57.130+0000] {dag.py:3954} INFO - Setting next_dagrun for example_sensors to None, run_after=None
[2024-05-16T12:39:57.173+0000] {processor.py:183} INFO - Processing /usr/local/python/3.10.13/lib/python3.10/site-packages/airflow/example_dags/example_sensors.py took 0.083 seconds
[2024-05-16T12:40:39.661+0000] {processor.py:161} INFO - Started process (PID=22192) to work on /usr/local/python/3.10.13/lib/python3.10/site-packages/airflow/example_dags/example_sensors.py
[2024-05-16T12:40:39.662+0000] {processor.py:830} INFO - Processing file /usr/local/python/3.10.13/lib/python3.10/site-packages/airflow/example_dags/example_sensors.py for tasks to queue
[2024-05-16T12:40:39.663+0000] {logging_mixin.py:188} INFO - [2024-05-16T12:40:39.663+0000] {dagbag.py:545} INFO - Filling up the DagBag from /usr/local/python/3.10.13/lib/python3.10/site-packages/airflow/example_dags/example_sensors.py
[2024-05-16T12:40:39.670+0000] {processor.py:840} INFO - DAG(s) 'example_sensors' retrieved from /usr/local/python/3.10.13/lib/python3.10/site-packages/airflow/example_dags/example_sensors.py
[2024-05-16T12:40:39.686+0000] {logging_mixin.py:188} INFO - [2024-05-16T12:40:39.686+0000] {dag.py:3096} INFO - Sync 1 DAGs
[2024-05-16T12:40:39.694+0000] {logging_mixin.py:188} INFO - [2024-05-16T12:40:39.694+0000] {dag.py:3954} INFO - Setting next_dagrun for example_sensors to None, run_after=None
[2024-05-16T12:40:39.738+0000] {processor.py:183} INFO - Processing /usr/local/python/3.10.13/lib/python3.10/site-packages/airflow/example_dags/example_sensors.py took 0.082 seconds
[2024-05-16T12:41:20.770+0000] {processor.py:161} INFO - Started process (PID=22478) to work on /usr/local/python/3.10.13/lib/python3.10/site-packages/airflow/example_dags/example_sensors.py
[2024-05-16T12:41:20.771+0000] {processor.py:830} INFO - Processing file /usr/local/python/3.10.13/lib/python3.10/site-packages/airflow/example_dags/example_sensors.py for tasks to queue
[2024-05-16T12:41:20.772+0000] {logging_mixin.py:188} INFO - [2024-05-16T12:41:20.772+0000] {dagbag.py:545} INFO - Filling up the DagBag from /usr/local/python/3.10.13/lib/python3.10/site-packages/airflow/example_dags/example_sensors.py
[2024-05-16T12:41:20.779+0000] {processor.py:840} INFO - DAG(s) 'example_sensors' retrieved from /usr/local/python/3.10.13/lib/python3.10/site-packages/airflow/example_dags/example_sensors.py
[2024-05-16T12:41:20.795+0000] {logging_mixin.py:188} INFO - [2024-05-16T12:41:20.795+0000] {dag.py:3096} INFO - Sync 1 DAGs
[2024-05-16T12:41:20.804+0000] {logging_mixin.py:188} INFO - [2024-05-16T12:41:20.804+0000] {dag.py:3954} INFO - Setting next_dagrun for example_sensors to None, run_after=None
[2024-05-16T12:41:20.855+0000] {processor.py:183} INFO - Processing /usr/local/python/3.10.13/lib/python3.10/site-packages/airflow/example_dags/example_sensors.py took 0.090 seconds
[2024-05-16T12:42:04.056+0000] {processor.py:161} INFO - Started process (PID=22789) to work on /usr/local/python/3.10.13/lib/python3.10/site-packages/airflow/example_dags/example_sensors.py
[2024-05-16T12:42:04.056+0000] {processor.py:830} INFO - Processing file /usr/local/python/3.10.13/lib/python3.10/site-packages/airflow/example_dags/example_sensors.py for tasks to queue
[2024-05-16T12:42:04.058+0000] {logging_mixin.py:188} INFO - [2024-05-16T12:42:04.057+0000] {dagbag.py:545} INFO - Filling up the DagBag from /usr/local/python/3.10.13/lib/python3.10/site-packages/airflow/example_dags/example_sensors.py
[2024-05-16T12:42:04.065+0000] {processor.py:840} INFO - DAG(s) 'example_sensors' retrieved from /usr/local/python/3.10.13/lib/python3.10/site-packages/airflow/example_dags/example_sensors.py
[2024-05-16T12:42:04.081+0000] {logging_mixin.py:188} INFO - [2024-05-16T12:42:04.080+0000] {dag.py:3096} INFO - Sync 1 DAGs
[2024-05-16T12:42:04.089+0000] {logging_mixin.py:188} INFO - [2024-05-16T12:42:04.089+0000] {dag.py:3954} INFO - Setting next_dagrun for example_sensors to None, run_after=None
[2024-05-16T12:42:04.136+0000] {processor.py:183} INFO - Processing /usr/local/python/3.10.13/lib/python3.10/site-packages/airflow/example_dags/example_sensors.py took 0.085 seconds
[2024-05-16T12:42:46.218+0000] {processor.py:161} INFO - Started process (PID=23099) to work on /usr/local/python/3.10.13/lib/python3.10/site-packages/airflow/example_dags/example_sensors.py
[2024-05-16T12:42:46.219+0000] {processor.py:830} INFO - Processing file /usr/local/python/3.10.13/lib/python3.10/site-packages/airflow/example_dags/example_sensors.py for tasks to queue
[2024-05-16T12:42:46.220+0000] {logging_mixin.py:188} INFO - [2024-05-16T12:42:46.220+0000] {dagbag.py:545} INFO - Filling up the DagBag from /usr/local/python/3.10.13/lib/python3.10/site-packages/airflow/example_dags/example_sensors.py
[2024-05-16T12:42:46.227+0000] {processor.py:840} INFO - DAG(s) 'example_sensors' retrieved from /usr/local/python/3.10.13/lib/python3.10/site-packages/airflow/example_dags/example_sensors.py
[2024-05-16T12:42:46.243+0000] {logging_mixin.py:188} INFO - [2024-05-16T12:42:46.243+0000] {dag.py:3096} INFO - Sync 1 DAGs
[2024-05-16T12:42:46.252+0000] {logging_mixin.py:188} INFO - [2024-05-16T12:42:46.252+0000] {dag.py:3954} INFO - Setting next_dagrun for example_sensors to None, run_after=None
[2024-05-16T12:42:46.296+0000] {processor.py:183} INFO - Processing /usr/local/python/3.10.13/lib/python3.10/site-packages/airflow/example_dags/example_sensors.py took 0.082 seconds
[2024-05-16T12:43:27.261+0000] {processor.py:161} INFO - Started process (PID=23406) to work on /usr/local/python/3.10.13/lib/python3.10/site-packages/airflow/example_dags/example_sensors.py
[2024-05-16T12:43:27.262+0000] {processor.py:830} INFO - Processing file /usr/local/python/3.10.13/lib/python3.10/site-packages/airflow/example_dags/example_sensors.py for tasks to queue
[2024-05-16T12:43:27.264+0000] {logging_mixin.py:188} INFO - [2024-05-16T12:43:27.263+0000] {dagbag.py:545} INFO - Filling up the DagBag from /usr/local/python/3.10.13/lib/python3.10/site-packages/airflow/example_dags/example_sensors.py
[2024-05-16T12:43:27.275+0000] {processor.py:840} INFO - DAG(s) 'example_sensors' retrieved from /usr/local/python/3.10.13/lib/python3.10/site-packages/airflow/example_dags/example_sensors.py
[2024-05-16T12:43:27.300+0000] {logging_mixin.py:188} INFO - [2024-05-16T12:43:27.300+0000] {dag.py:3096} INFO - Sync 1 DAGs
[2024-05-16T12:43:27.314+0000] {logging_mixin.py:188} INFO - [2024-05-16T12:43:27.314+0000] {dag.py:3954} INFO - Setting next_dagrun for example_sensors to None, run_after=None
[2024-05-16T12:43:27.361+0000] {processor.py:183} INFO - Processing /usr/local/python/3.10.13/lib/python3.10/site-packages/airflow/example_dags/example_sensors.py took 0.105 seconds
[2024-05-16T12:44:11.572+0000] {processor.py:161} INFO - Started process (PID=23723) to work on /usr/local/python/3.10.13/lib/python3.10/site-packages/airflow/example_dags/example_sensors.py
[2024-05-16T12:44:11.572+0000] {processor.py:830} INFO - Processing file /usr/local/python/3.10.13/lib/python3.10/site-packages/airflow/example_dags/example_sensors.py for tasks to queue
[2024-05-16T12:44:11.574+0000] {logging_mixin.py:188} INFO - [2024-05-16T12:44:11.573+0000] {dagbag.py:545} INFO - Filling up the DagBag from /usr/local/python/3.10.13/lib/python3.10/site-packages/airflow/example_dags/example_sensors.py
[2024-05-16T12:44:11.581+0000] {processor.py:840} INFO - DAG(s) 'example_sensors' retrieved from /usr/local/python/3.10.13/lib/python3.10/site-packages/airflow/example_dags/example_sensors.py
[2024-05-16T12:44:11.604+0000] {logging_mixin.py:188} INFO - [2024-05-16T12:44:11.604+0000] {dag.py:3096} INFO - Sync 1 DAGs
[2024-05-16T12:44:11.614+0000] {logging_mixin.py:188} INFO - [2024-05-16T12:44:11.614+0000] {dag.py:3954} INFO - Setting next_dagrun for example_sensors to None, run_after=None
[2024-05-16T12:44:11.662+0000] {processor.py:183} INFO - Processing /usr/local/python/3.10.13/lib/python3.10/site-packages/airflow/example_dags/example_sensors.py took 0.096 seconds
[2024-05-16T12:44:53.801+0000] {processor.py:161} INFO - Started process (PID=24041) to work on /usr/local/python/3.10.13/lib/python3.10/site-packages/airflow/example_dags/example_sensors.py
[2024-05-16T12:44:53.802+0000] {processor.py:830} INFO - Processing file /usr/local/python/3.10.13/lib/python3.10/site-packages/airflow/example_dags/example_sensors.py for tasks to queue
[2024-05-16T12:44:53.804+0000] {logging_mixin.py:188} INFO - [2024-05-16T12:44:53.803+0000] {dagbag.py:545} INFO - Filling up the DagBag from /usr/local/python/3.10.13/lib/python3.10/site-packages/airflow/example_dags/example_sensors.py
[2024-05-16T12:44:53.816+0000] {processor.py:840} INFO - DAG(s) 'example_sensors' retrieved from /usr/local/python/3.10.13/lib/python3.10/site-packages/airflow/example_dags/example_sensors.py
[2024-05-16T12:44:53.843+0000] {logging_mixin.py:188} INFO - [2024-05-16T12:44:53.842+0000] {dag.py:3096} INFO - Sync 1 DAGs
[2024-05-16T12:44:53.852+0000] {logging_mixin.py:188} INFO - [2024-05-16T12:44:53.851+0000] {dag.py:3954} INFO - Setting next_dagrun for example_sensors to None, run_after=None
[2024-05-16T12:44:53.901+0000] {processor.py:183} INFO - Processing /usr/local/python/3.10.13/lib/python3.10/site-packages/airflow/example_dags/example_sensors.py took 0.108 seconds
