[2024-05-16T12:06:39.336+0000] {processor.py:161} INFO - Started process (PID=7493) to work on /usr/local/python/3.10.13/lib/python3.10/site-packages/airflow/example_dags/example_latest_only.py
[2024-05-16T12:06:39.336+0000] {processor.py:830} INFO - Processing file /usr/local/python/3.10.13/lib/python3.10/site-packages/airflow/example_dags/example_latest_only.py for tasks to queue
[2024-05-16T12:06:39.338+0000] {logging_mixin.py:188} INFO - [2024-05-16T12:06:39.337+0000] {dagbag.py:545} INFO - Filling up the DagBag from /usr/local/python/3.10.13/lib/python3.10/site-packages/airflow/example_dags/example_latest_only.py
[2024-05-16T12:06:39.341+0000] {processor.py:840} INFO - DAG(s) 'latest_only' retrieved from /usr/local/python/3.10.13/lib/python3.10/site-packages/airflow/example_dags/example_latest_only.py
[2024-05-16T12:06:39.494+0000] {logging_mixin.py:188} INFO - [2024-05-16T12:06:39.494+0000] {dag.py:3096} INFO - Sync 1 DAGs
[2024-05-16T12:06:39.507+0000] {logging_mixin.py:188} INFO - [2024-05-16T12:06:39.506+0000] {dag.py:3954} INFO - Setting next_dagrun for latest_only to 2024-05-16 08:00:00+00:00, run_after=2024-05-16 12:00:00+00:00
[2024-05-16T12:06:39.551+0000] {processor.py:183} INFO - Processing /usr/local/python/3.10.13/lib/python3.10/site-packages/airflow/example_dags/example_latest_only.py took 0.220 seconds
[2024-05-16T12:07:34.268+0000] {processor.py:161} INFO - Started process (PID=7871) to work on /usr/local/python/3.10.13/lib/python3.10/site-packages/airflow/example_dags/example_latest_only.py
[2024-05-16T12:07:34.268+0000] {processor.py:830} INFO - Processing file /usr/local/python/3.10.13/lib/python3.10/site-packages/airflow/example_dags/example_latest_only.py for tasks to queue
[2024-05-16T12:07:34.270+0000] {logging_mixin.py:188} INFO - [2024-05-16T12:07:34.269+0000] {dagbag.py:545} INFO - Filling up the DagBag from /usr/local/python/3.10.13/lib/python3.10/site-packages/airflow/example_dags/example_latest_only.py
[2024-05-16T12:07:34.273+0000] {processor.py:840} INFO - DAG(s) 'latest_only' retrieved from /usr/local/python/3.10.13/lib/python3.10/site-packages/airflow/example_dags/example_latest_only.py
[2024-05-16T12:07:34.284+0000] {logging_mixin.py:188} INFO - [2024-05-16T12:07:34.284+0000] {dag.py:3096} INFO - Sync 1 DAGs
[2024-05-16T12:07:34.298+0000] {logging_mixin.py:188} INFO - [2024-05-16T12:07:34.298+0000] {dag.py:3954} INFO - Setting next_dagrun for latest_only to 2024-05-16 08:00:00+00:00, run_after=2024-05-16 12:00:00+00:00
[2024-05-16T12:07:34.348+0000] {processor.py:183} INFO - Processing /usr/local/python/3.10.13/lib/python3.10/site-packages/airflow/example_dags/example_latest_only.py took 0.085 seconds
[2024-05-16T12:08:24.936+0000] {processor.py:161} INFO - Started process (PID=8224) to work on /usr/local/python/3.10.13/lib/python3.10/site-packages/airflow/example_dags/example_latest_only.py
[2024-05-16T12:08:24.937+0000] {processor.py:830} INFO - Processing file /usr/local/python/3.10.13/lib/python3.10/site-packages/airflow/example_dags/example_latest_only.py for tasks to queue
[2024-05-16T12:08:24.938+0000] {logging_mixin.py:188} INFO - [2024-05-16T12:08:24.938+0000] {dagbag.py:545} INFO - Filling up the DagBag from /usr/local/python/3.10.13/lib/python3.10/site-packages/airflow/example_dags/example_latest_only.py
[2024-05-16T12:08:24.942+0000] {processor.py:840} INFO - DAG(s) 'latest_only' retrieved from /usr/local/python/3.10.13/lib/python3.10/site-packages/airflow/example_dags/example_latest_only.py
[2024-05-16T12:08:24.952+0000] {logging_mixin.py:188} INFO - [2024-05-16T12:08:24.952+0000] {dag.py:3096} INFO - Sync 1 DAGs
[2024-05-16T12:08:24.967+0000] {logging_mixin.py:188} INFO - [2024-05-16T12:08:24.967+0000] {dag.py:3954} INFO - Setting next_dagrun for latest_only to 2024-05-16 08:00:00+00:00, run_after=2024-05-16 12:00:00+00:00
[2024-05-16T12:08:25.029+0000] {processor.py:183} INFO - Processing /usr/local/python/3.10.13/lib/python3.10/site-packages/airflow/example_dags/example_latest_only.py took 0.098 seconds
[2024-05-16T12:09:14.318+0000] {processor.py:161} INFO - Started process (PID=8599) to work on /usr/local/python/3.10.13/lib/python3.10/site-packages/airflow/example_dags/example_latest_only.py
[2024-05-16T12:09:14.319+0000] {processor.py:830} INFO - Processing file /usr/local/python/3.10.13/lib/python3.10/site-packages/airflow/example_dags/example_latest_only.py for tasks to queue
[2024-05-16T12:09:14.320+0000] {logging_mixin.py:188} INFO - [2024-05-16T12:09:14.320+0000] {dagbag.py:545} INFO - Filling up the DagBag from /usr/local/python/3.10.13/lib/python3.10/site-packages/airflow/example_dags/example_latest_only.py
[2024-05-16T12:09:14.324+0000] {processor.py:840} INFO - DAG(s) 'latest_only' retrieved from /usr/local/python/3.10.13/lib/python3.10/site-packages/airflow/example_dags/example_latest_only.py
[2024-05-16T12:09:14.335+0000] {logging_mixin.py:188} INFO - [2024-05-16T12:09:14.335+0000] {dag.py:3096} INFO - Sync 1 DAGs
[2024-05-16T12:09:14.350+0000] {logging_mixin.py:188} INFO - [2024-05-16T12:09:14.350+0000] {dag.py:3954} INFO - Setting next_dagrun for latest_only to 2024-05-16 08:00:00+00:00, run_after=2024-05-16 12:00:00+00:00
[2024-05-16T12:09:14.396+0000] {processor.py:183} INFO - Processing /usr/local/python/3.10.13/lib/python3.10/site-packages/airflow/example_dags/example_latest_only.py took 0.083 seconds
[2024-05-16T12:10:20.046+0000] {processor.py:161} INFO - Started process (PID=9049) to work on /usr/local/python/3.10.13/lib/python3.10/site-packages/airflow/example_dags/example_latest_only.py
[2024-05-16T12:10:20.047+0000] {processor.py:830} INFO - Processing file /usr/local/python/3.10.13/lib/python3.10/site-packages/airflow/example_dags/example_latest_only.py for tasks to queue
[2024-05-16T12:10:20.049+0000] {logging_mixin.py:188} INFO - [2024-05-16T12:10:20.049+0000] {dagbag.py:545} INFO - Filling up the DagBag from /usr/local/python/3.10.13/lib/python3.10/site-packages/airflow/example_dags/example_latest_only.py
[2024-05-16T12:10:20.056+0000] {processor.py:840} INFO - DAG(s) 'latest_only' retrieved from /usr/local/python/3.10.13/lib/python3.10/site-packages/airflow/example_dags/example_latest_only.py
[2024-05-16T12:10:20.073+0000] {logging_mixin.py:188} INFO - [2024-05-16T12:10:20.073+0000] {dag.py:3096} INFO - Sync 1 DAGs
[2024-05-16T12:10:20.119+0000] {logging_mixin.py:188} INFO - [2024-05-16T12:10:20.118+0000] {dag.py:3954} INFO - Setting next_dagrun for latest_only to 2024-05-16 08:00:00+00:00, run_after=2024-05-16 12:00:00+00:00
[2024-05-16T12:10:20.174+0000] {processor.py:183} INFO - Processing /usr/local/python/3.10.13/lib/python3.10/site-packages/airflow/example_dags/example_latest_only.py took 0.134 seconds
[2024-05-16T12:11:20.804+0000] {processor.py:161} INFO - Started process (PID=9470) to work on /usr/local/python/3.10.13/lib/python3.10/site-packages/airflow/example_dags/example_latest_only.py
[2024-05-16T12:11:20.805+0000] {processor.py:830} INFO - Processing file /usr/local/python/3.10.13/lib/python3.10/site-packages/airflow/example_dags/example_latest_only.py for tasks to queue
[2024-05-16T12:11:20.806+0000] {logging_mixin.py:188} INFO - [2024-05-16T12:11:20.806+0000] {dagbag.py:545} INFO - Filling up the DagBag from /usr/local/python/3.10.13/lib/python3.10/site-packages/airflow/example_dags/example_latest_only.py
[2024-05-16T12:11:20.810+0000] {processor.py:840} INFO - DAG(s) 'latest_only' retrieved from /usr/local/python/3.10.13/lib/python3.10/site-packages/airflow/example_dags/example_latest_only.py
[2024-05-16T12:11:20.820+0000] {logging_mixin.py:188} INFO - [2024-05-16T12:11:20.820+0000] {dag.py:3096} INFO - Sync 1 DAGs
[2024-05-16T12:11:20.836+0000] {logging_mixin.py:188} INFO - [2024-05-16T12:11:20.836+0000] {dag.py:3954} INFO - Setting next_dagrun for latest_only to 2024-05-16 08:00:00+00:00, run_after=2024-05-16 12:00:00+00:00
[2024-05-16T12:11:20.880+0000] {processor.py:183} INFO - Processing /usr/local/python/3.10.13/lib/python3.10/site-packages/airflow/example_dags/example_latest_only.py took 0.081 seconds
[2024-05-16T12:12:21.288+0000] {processor.py:161} INFO - Started process (PID=9888) to work on /usr/local/python/3.10.13/lib/python3.10/site-packages/airflow/example_dags/example_latest_only.py
[2024-05-16T12:12:21.289+0000] {processor.py:830} INFO - Processing file /usr/local/python/3.10.13/lib/python3.10/site-packages/airflow/example_dags/example_latest_only.py for tasks to queue
[2024-05-16T12:12:21.290+0000] {logging_mixin.py:188} INFO - [2024-05-16T12:12:21.290+0000] {dagbag.py:545} INFO - Filling up the DagBag from /usr/local/python/3.10.13/lib/python3.10/site-packages/airflow/example_dags/example_latest_only.py
[2024-05-16T12:12:21.294+0000] {processor.py:840} INFO - DAG(s) 'latest_only' retrieved from /usr/local/python/3.10.13/lib/python3.10/site-packages/airflow/example_dags/example_latest_only.py
[2024-05-16T12:12:21.305+0000] {logging_mixin.py:188} INFO - [2024-05-16T12:12:21.305+0000] {dag.py:3096} INFO - Sync 1 DAGs
[2024-05-16T12:12:21.319+0000] {logging_mixin.py:188} INFO - [2024-05-16T12:12:21.319+0000] {dag.py:3954} INFO - Setting next_dagrun for latest_only to 2024-05-16 08:00:00+00:00, run_after=2024-05-16 12:00:00+00:00
[2024-05-16T12:12:21.366+0000] {processor.py:183} INFO - Processing /usr/local/python/3.10.13/lib/python3.10/site-packages/airflow/example_dags/example_latest_only.py took 0.082 seconds
[2024-05-16T12:13:25.021+0000] {processor.py:161} INFO - Started process (PID=10326) to work on /usr/local/python/3.10.13/lib/python3.10/site-packages/airflow/example_dags/example_latest_only.py
[2024-05-16T12:13:25.022+0000] {processor.py:830} INFO - Processing file /usr/local/python/3.10.13/lib/python3.10/site-packages/airflow/example_dags/example_latest_only.py for tasks to queue
[2024-05-16T12:13:25.023+0000] {logging_mixin.py:188} INFO - [2024-05-16T12:13:25.023+0000] {dagbag.py:545} INFO - Filling up the DagBag from /usr/local/python/3.10.13/lib/python3.10/site-packages/airflow/example_dags/example_latest_only.py
[2024-05-16T12:13:25.027+0000] {processor.py:840} INFO - DAG(s) 'latest_only' retrieved from /usr/local/python/3.10.13/lib/python3.10/site-packages/airflow/example_dags/example_latest_only.py
[2024-05-16T12:13:25.038+0000] {logging_mixin.py:188} INFO - [2024-05-16T12:13:25.038+0000] {dag.py:3096} INFO - Sync 1 DAGs
[2024-05-16T12:13:25.052+0000] {logging_mixin.py:188} INFO - [2024-05-16T12:13:25.052+0000] {dag.py:3954} INFO - Setting next_dagrun for latest_only to 2024-05-16 08:00:00+00:00, run_after=2024-05-16 12:00:00+00:00
[2024-05-16T12:13:25.099+0000] {processor.py:183} INFO - Processing /usr/local/python/3.10.13/lib/python3.10/site-packages/airflow/example_dags/example_latest_only.py took 0.082 seconds
[2024-05-16T12:14:27.084+0000] {processor.py:161} INFO - Started process (PID=10749) to work on /usr/local/python/3.10.13/lib/python3.10/site-packages/airflow/example_dags/example_latest_only.py
[2024-05-16T12:14:27.085+0000] {processor.py:830} INFO - Processing file /usr/local/python/3.10.13/lib/python3.10/site-packages/airflow/example_dags/example_latest_only.py for tasks to queue
[2024-05-16T12:14:27.086+0000] {logging_mixin.py:188} INFO - [2024-05-16T12:14:27.086+0000] {dagbag.py:545} INFO - Filling up the DagBag from /usr/local/python/3.10.13/lib/python3.10/site-packages/airflow/example_dags/example_latest_only.py
[2024-05-16T12:14:27.090+0000] {processor.py:840} INFO - DAG(s) 'latest_only' retrieved from /usr/local/python/3.10.13/lib/python3.10/site-packages/airflow/example_dags/example_latest_only.py
[2024-05-16T12:14:27.100+0000] {logging_mixin.py:188} INFO - [2024-05-16T12:14:27.100+0000] {dag.py:3096} INFO - Sync 1 DAGs
[2024-05-16T12:14:27.115+0000] {logging_mixin.py:188} INFO - [2024-05-16T12:14:27.115+0000] {dag.py:3954} INFO - Setting next_dagrun for latest_only to 2024-05-16 08:00:00+00:00, run_after=2024-05-16 12:00:00+00:00
[2024-05-16T12:14:27.160+0000] {processor.py:183} INFO - Processing /usr/local/python/3.10.13/lib/python3.10/site-packages/airflow/example_dags/example_latest_only.py took 0.081 seconds
[2024-05-16T12:15:31.175+0000] {processor.py:161} INFO - Started process (PID=11209) to work on /usr/local/python/3.10.13/lib/python3.10/site-packages/airflow/example_dags/example_latest_only.py
[2024-05-16T12:15:31.175+0000] {processor.py:830} INFO - Processing file /usr/local/python/3.10.13/lib/python3.10/site-packages/airflow/example_dags/example_latest_only.py for tasks to queue
[2024-05-16T12:15:31.177+0000] {logging_mixin.py:188} INFO - [2024-05-16T12:15:31.176+0000] {dagbag.py:545} INFO - Filling up the DagBag from /usr/local/python/3.10.13/lib/python3.10/site-packages/airflow/example_dags/example_latest_only.py
[2024-05-16T12:15:31.180+0000] {processor.py:840} INFO - DAG(s) 'latest_only' retrieved from /usr/local/python/3.10.13/lib/python3.10/site-packages/airflow/example_dags/example_latest_only.py
[2024-05-16T12:15:31.193+0000] {logging_mixin.py:188} INFO - [2024-05-16T12:15:31.192+0000] {dag.py:3096} INFO - Sync 1 DAGs
[2024-05-16T12:15:31.208+0000] {logging_mixin.py:188} INFO - [2024-05-16T12:15:31.208+0000] {dag.py:3954} INFO - Setting next_dagrun for latest_only to 2024-05-16 08:00:00+00:00, run_after=2024-05-16 12:00:00+00:00
[2024-05-16T12:15:31.268+0000] {processor.py:183} INFO - Processing /usr/local/python/3.10.13/lib/python3.10/site-packages/airflow/example_dags/example_latest_only.py took 0.098 seconds
[2024-05-16T12:16:38.025+0000] {processor.py:161} INFO - Started process (PID=11700) to work on /usr/local/python/3.10.13/lib/python3.10/site-packages/airflow/example_dags/example_latest_only.py
[2024-05-16T12:16:38.026+0000] {processor.py:830} INFO - Processing file /usr/local/python/3.10.13/lib/python3.10/site-packages/airflow/example_dags/example_latest_only.py for tasks to queue
[2024-05-16T12:16:38.027+0000] {logging_mixin.py:188} INFO - [2024-05-16T12:16:38.027+0000] {dagbag.py:545} INFO - Filling up the DagBag from /usr/local/python/3.10.13/lib/python3.10/site-packages/airflow/example_dags/example_latest_only.py
[2024-05-16T12:16:38.031+0000] {processor.py:840} INFO - DAG(s) 'latest_only' retrieved from /usr/local/python/3.10.13/lib/python3.10/site-packages/airflow/example_dags/example_latest_only.py
[2024-05-16T12:16:38.043+0000] {logging_mixin.py:188} INFO - [2024-05-16T12:16:38.043+0000] {dag.py:3096} INFO - Sync 1 DAGs
[2024-05-16T12:16:38.058+0000] {logging_mixin.py:188} INFO - [2024-05-16T12:16:38.058+0000] {dag.py:3954} INFO - Setting next_dagrun for latest_only to 2024-05-16 08:00:00+00:00, run_after=2024-05-16 12:00:00+00:00
[2024-05-16T12:16:38.104+0000] {processor.py:183} INFO - Processing /usr/local/python/3.10.13/lib/python3.10/site-packages/airflow/example_dags/example_latest_only.py took 0.084 seconds
[2024-05-16T12:17:41.421+0000] {processor.py:161} INFO - Started process (PID=12148) to work on /usr/local/python/3.10.13/lib/python3.10/site-packages/airflow/example_dags/example_latest_only.py
[2024-05-16T12:17:41.422+0000] {processor.py:830} INFO - Processing file /usr/local/python/3.10.13/lib/python3.10/site-packages/airflow/example_dags/example_latest_only.py for tasks to queue
[2024-05-16T12:17:41.423+0000] {logging_mixin.py:188} INFO - [2024-05-16T12:17:41.423+0000] {dagbag.py:545} INFO - Filling up the DagBag from /usr/local/python/3.10.13/lib/python3.10/site-packages/airflow/example_dags/example_latest_only.py
[2024-05-16T12:17:41.427+0000] {processor.py:840} INFO - DAG(s) 'latest_only' retrieved from /usr/local/python/3.10.13/lib/python3.10/site-packages/airflow/example_dags/example_latest_only.py
[2024-05-16T12:17:41.437+0000] {logging_mixin.py:188} INFO - [2024-05-16T12:17:41.437+0000] {dag.py:3096} INFO - Sync 1 DAGs
[2024-05-16T12:17:41.452+0000] {logging_mixin.py:188} INFO - [2024-05-16T12:17:41.451+0000] {dag.py:3954} INFO - Setting next_dagrun for latest_only to 2024-05-16 08:00:00+00:00, run_after=2024-05-16 12:00:00+00:00
[2024-05-16T12:17:41.499+0000] {processor.py:183} INFO - Processing /usr/local/python/3.10.13/lib/python3.10/site-packages/airflow/example_dags/example_latest_only.py took 0.083 seconds
[2024-05-16T12:18:42.158+0000] {processor.py:161} INFO - Started process (PID=12582) to work on /usr/local/python/3.10.13/lib/python3.10/site-packages/airflow/example_dags/example_latest_only.py
[2024-05-16T12:18:42.159+0000] {processor.py:830} INFO - Processing file /usr/local/python/3.10.13/lib/python3.10/site-packages/airflow/example_dags/example_latest_only.py for tasks to queue
[2024-05-16T12:18:42.160+0000] {logging_mixin.py:188} INFO - [2024-05-16T12:18:42.160+0000] {dagbag.py:545} INFO - Filling up the DagBag from /usr/local/python/3.10.13/lib/python3.10/site-packages/airflow/example_dags/example_latest_only.py
[2024-05-16T12:18:42.164+0000] {processor.py:840} INFO - DAG(s) 'latest_only' retrieved from /usr/local/python/3.10.13/lib/python3.10/site-packages/airflow/example_dags/example_latest_only.py
[2024-05-16T12:18:42.175+0000] {logging_mixin.py:188} INFO - [2024-05-16T12:18:42.175+0000] {dag.py:3096} INFO - Sync 1 DAGs
[2024-05-16T12:18:42.190+0000] {logging_mixin.py:188} INFO - [2024-05-16T12:18:42.190+0000] {dag.py:3954} INFO - Setting next_dagrun for latest_only to 2024-05-16 08:00:00+00:00, run_after=2024-05-16 12:00:00+00:00
[2024-05-16T12:18:42.235+0000] {processor.py:183} INFO - Processing /usr/local/python/3.10.13/lib/python3.10/site-packages/airflow/example_dags/example_latest_only.py took 0.081 seconds
[2024-05-16T12:19:46.668+0000] {processor.py:161} INFO - Started process (PID=13056) to work on /usr/local/python/3.10.13/lib/python3.10/site-packages/airflow/example_dags/example_latest_only.py
[2024-05-16T12:19:46.669+0000] {processor.py:830} INFO - Processing file /usr/local/python/3.10.13/lib/python3.10/site-packages/airflow/example_dags/example_latest_only.py for tasks to queue
[2024-05-16T12:19:46.671+0000] {logging_mixin.py:188} INFO - [2024-05-16T12:19:46.670+0000] {dagbag.py:545} INFO - Filling up the DagBag from /usr/local/python/3.10.13/lib/python3.10/site-packages/airflow/example_dags/example_latest_only.py
[2024-05-16T12:19:46.676+0000] {processor.py:840} INFO - DAG(s) 'latest_only' retrieved from /usr/local/python/3.10.13/lib/python3.10/site-packages/airflow/example_dags/example_latest_only.py
[2024-05-16T12:19:46.687+0000] {logging_mixin.py:188} INFO - [2024-05-16T12:19:46.686+0000] {dag.py:3096} INFO - Sync 1 DAGs
[2024-05-16T12:19:46.701+0000] {logging_mixin.py:188} INFO - [2024-05-16T12:19:46.701+0000] {dag.py:3954} INFO - Setting next_dagrun for latest_only to 2024-05-16 08:00:00+00:00, run_after=2024-05-16 12:00:00+00:00
[2024-05-16T12:19:46.749+0000] {processor.py:183} INFO - Processing /usr/local/python/3.10.13/lib/python3.10/site-packages/airflow/example_dags/example_latest_only.py took 0.086 seconds
[2024-05-16T12:20:48.824+0000] {processor.py:161} INFO - Started process (PID=13503) to work on /usr/local/python/3.10.13/lib/python3.10/site-packages/airflow/example_dags/example_latest_only.py
[2024-05-16T12:20:48.825+0000] {processor.py:830} INFO - Processing file /usr/local/python/3.10.13/lib/python3.10/site-packages/airflow/example_dags/example_latest_only.py for tasks to queue
[2024-05-16T12:20:48.826+0000] {logging_mixin.py:188} INFO - [2024-05-16T12:20:48.826+0000] {dagbag.py:545} INFO - Filling up the DagBag from /usr/local/python/3.10.13/lib/python3.10/site-packages/airflow/example_dags/example_latest_only.py
[2024-05-16T12:20:48.830+0000] {processor.py:840} INFO - DAG(s) 'latest_only' retrieved from /usr/local/python/3.10.13/lib/python3.10/site-packages/airflow/example_dags/example_latest_only.py
[2024-05-16T12:20:48.840+0000] {logging_mixin.py:188} INFO - [2024-05-16T12:20:48.840+0000] {dag.py:3096} INFO - Sync 1 DAGs
[2024-05-16T12:20:48.855+0000] {logging_mixin.py:188} INFO - [2024-05-16T12:20:48.855+0000] {dag.py:3954} INFO - Setting next_dagrun for latest_only to 2024-05-16 08:00:00+00:00, run_after=2024-05-16 12:00:00+00:00
[2024-05-16T12:20:48.899+0000] {processor.py:183} INFO - Processing /usr/local/python/3.10.13/lib/python3.10/site-packages/airflow/example_dags/example_latest_only.py took 0.080 seconds
[2024-05-16T12:21:53.352+0000] {processor.py:161} INFO - Started process (PID=13941) to work on /usr/local/python/3.10.13/lib/python3.10/site-packages/airflow/example_dags/example_latest_only.py
[2024-05-16T12:21:53.353+0000] {processor.py:830} INFO - Processing file /usr/local/python/3.10.13/lib/python3.10/site-packages/airflow/example_dags/example_latest_only.py for tasks to queue
[2024-05-16T12:21:53.354+0000] {logging_mixin.py:188} INFO - [2024-05-16T12:21:53.354+0000] {dagbag.py:545} INFO - Filling up the DagBag from /usr/local/python/3.10.13/lib/python3.10/site-packages/airflow/example_dags/example_latest_only.py
[2024-05-16T12:21:53.358+0000] {processor.py:840} INFO - DAG(s) 'latest_only' retrieved from /usr/local/python/3.10.13/lib/python3.10/site-packages/airflow/example_dags/example_latest_only.py
[2024-05-16T12:21:53.369+0000] {logging_mixin.py:188} INFO - [2024-05-16T12:21:53.369+0000] {dag.py:3096} INFO - Sync 1 DAGs
[2024-05-16T12:21:53.385+0000] {logging_mixin.py:188} INFO - [2024-05-16T12:21:53.384+0000] {dag.py:3954} INFO - Setting next_dagrun for latest_only to 2024-05-16 08:00:00+00:00, run_after=2024-05-16 12:00:00+00:00
[2024-05-16T12:21:53.432+0000] {processor.py:183} INFO - Processing /usr/local/python/3.10.13/lib/python3.10/site-packages/airflow/example_dags/example_latest_only.py took 0.084 seconds
[2024-05-16T12:22:59.188+0000] {processor.py:161} INFO - Started process (PID=14449) to work on /usr/local/python/3.10.13/lib/python3.10/site-packages/airflow/example_dags/example_latest_only.py
[2024-05-16T12:22:59.188+0000] {processor.py:830} INFO - Processing file /usr/local/python/3.10.13/lib/python3.10/site-packages/airflow/example_dags/example_latest_only.py for tasks to queue
[2024-05-16T12:22:59.190+0000] {logging_mixin.py:188} INFO - [2024-05-16T12:22:59.189+0000] {dagbag.py:545} INFO - Filling up the DagBag from /usr/local/python/3.10.13/lib/python3.10/site-packages/airflow/example_dags/example_latest_only.py
[2024-05-16T12:22:59.193+0000] {processor.py:840} INFO - DAG(s) 'latest_only' retrieved from /usr/local/python/3.10.13/lib/python3.10/site-packages/airflow/example_dags/example_latest_only.py
[2024-05-16T12:22:59.205+0000] {logging_mixin.py:188} INFO - [2024-05-16T12:22:59.204+0000] {dag.py:3096} INFO - Sync 1 DAGs
[2024-05-16T12:22:59.219+0000] {logging_mixin.py:188} INFO - [2024-05-16T12:22:59.219+0000] {dag.py:3954} INFO - Setting next_dagrun for latest_only to 2024-05-16 08:00:00+00:00, run_after=2024-05-16 12:00:00+00:00
[2024-05-16T12:22:59.262+0000] {processor.py:183} INFO - Processing /usr/local/python/3.10.13/lib/python3.10/site-packages/airflow/example_dags/example_latest_only.py took 0.079 seconds
[2024-05-16T12:24:04.748+0000] {processor.py:161} INFO - Started process (PID=14941) to work on /usr/local/python/3.10.13/lib/python3.10/site-packages/airflow/example_dags/example_latest_only.py
[2024-05-16T12:24:04.749+0000] {processor.py:830} INFO - Processing file /usr/local/python/3.10.13/lib/python3.10/site-packages/airflow/example_dags/example_latest_only.py for tasks to queue
[2024-05-16T12:24:04.750+0000] {logging_mixin.py:188} INFO - [2024-05-16T12:24:04.750+0000] {dagbag.py:545} INFO - Filling up the DagBag from /usr/local/python/3.10.13/lib/python3.10/site-packages/airflow/example_dags/example_latest_only.py
[2024-05-16T12:24:04.754+0000] {processor.py:840} INFO - DAG(s) 'latest_only' retrieved from /usr/local/python/3.10.13/lib/python3.10/site-packages/airflow/example_dags/example_latest_only.py
[2024-05-16T12:24:04.766+0000] {logging_mixin.py:188} INFO - [2024-05-16T12:24:04.766+0000] {dag.py:3096} INFO - Sync 1 DAGs
[2024-05-16T12:24:04.782+0000] {logging_mixin.py:188} INFO - [2024-05-16T12:24:04.781+0000] {dag.py:3954} INFO - Setting next_dagrun for latest_only to 2024-05-16 08:00:00+00:00, run_after=2024-05-16 12:00:00+00:00
[2024-05-16T12:24:04.826+0000] {processor.py:183} INFO - Processing /usr/local/python/3.10.13/lib/python3.10/site-packages/airflow/example_dags/example_latest_only.py took 0.084 seconds
[2024-05-16T12:25:07.147+0000] {processor.py:161} INFO - Started process (PID=15404) to work on /usr/local/python/3.10.13/lib/python3.10/site-packages/airflow/example_dags/example_latest_only.py
[2024-05-16T12:25:07.148+0000] {processor.py:830} INFO - Processing file /usr/local/python/3.10.13/lib/python3.10/site-packages/airflow/example_dags/example_latest_only.py for tasks to queue
[2024-05-16T12:25:07.149+0000] {logging_mixin.py:188} INFO - [2024-05-16T12:25:07.149+0000] {dagbag.py:545} INFO - Filling up the DagBag from /usr/local/python/3.10.13/lib/python3.10/site-packages/airflow/example_dags/example_latest_only.py
[2024-05-16T12:25:07.153+0000] {processor.py:840} INFO - DAG(s) 'latest_only' retrieved from /usr/local/python/3.10.13/lib/python3.10/site-packages/airflow/example_dags/example_latest_only.py
[2024-05-16T12:25:07.165+0000] {logging_mixin.py:188} INFO - [2024-05-16T12:25:07.165+0000] {dag.py:3096} INFO - Sync 1 DAGs
[2024-05-16T12:25:07.182+0000] {logging_mixin.py:188} INFO - [2024-05-16T12:25:07.181+0000] {dag.py:3954} INFO - Setting next_dagrun for latest_only to 2024-05-16 08:00:00+00:00, run_after=2024-05-16 12:00:00+00:00
[2024-05-16T12:25:07.229+0000] {processor.py:183} INFO - Processing /usr/local/python/3.10.13/lib/python3.10/site-packages/airflow/example_dags/example_latest_only.py took 0.086 seconds
[2024-05-16T12:26:05.013+0000] {processor.py:161} INFO - Started process (PID=15851) to work on /usr/local/python/3.10.13/lib/python3.10/site-packages/airflow/example_dags/example_latest_only.py
[2024-05-16T12:26:05.014+0000] {processor.py:830} INFO - Processing file /usr/local/python/3.10.13/lib/python3.10/site-packages/airflow/example_dags/example_latest_only.py for tasks to queue
[2024-05-16T12:26:05.015+0000] {logging_mixin.py:188} INFO - [2024-05-16T12:26:05.015+0000] {dagbag.py:545} INFO - Filling up the DagBag from /usr/local/python/3.10.13/lib/python3.10/site-packages/airflow/example_dags/example_latest_only.py
[2024-05-16T12:26:05.019+0000] {processor.py:840} INFO - DAG(s) 'latest_only' retrieved from /usr/local/python/3.10.13/lib/python3.10/site-packages/airflow/example_dags/example_latest_only.py
[2024-05-16T12:26:05.030+0000] {logging_mixin.py:188} INFO - [2024-05-16T12:26:05.030+0000] {dag.py:3096} INFO - Sync 1 DAGs
[2024-05-16T12:26:05.044+0000] {logging_mixin.py:188} INFO - [2024-05-16T12:26:05.044+0000] {dag.py:3954} INFO - Setting next_dagrun for latest_only to 2024-05-16 08:00:00+00:00, run_after=2024-05-16 12:00:00+00:00
[2024-05-16T12:26:05.088+0000] {processor.py:183} INFO - Processing /usr/local/python/3.10.13/lib/python3.10/site-packages/airflow/example_dags/example_latest_only.py took 0.079 seconds
[2024-05-16T12:27:08.565+0000] {processor.py:161} INFO - Started process (PID=16316) to work on /usr/local/python/3.10.13/lib/python3.10/site-packages/airflow/example_dags/example_latest_only.py
[2024-05-16T12:27:08.566+0000] {processor.py:830} INFO - Processing file /usr/local/python/3.10.13/lib/python3.10/site-packages/airflow/example_dags/example_latest_only.py for tasks to queue
[2024-05-16T12:27:08.567+0000] {logging_mixin.py:188} INFO - [2024-05-16T12:27:08.567+0000] {dagbag.py:545} INFO - Filling up the DagBag from /usr/local/python/3.10.13/lib/python3.10/site-packages/airflow/example_dags/example_latest_only.py
[2024-05-16T12:27:08.572+0000] {processor.py:840} INFO - DAG(s) 'latest_only' retrieved from /usr/local/python/3.10.13/lib/python3.10/site-packages/airflow/example_dags/example_latest_only.py
[2024-05-16T12:27:08.585+0000] {logging_mixin.py:188} INFO - [2024-05-16T12:27:08.585+0000] {dag.py:3096} INFO - Sync 1 DAGs
[2024-05-16T12:27:08.603+0000] {logging_mixin.py:188} INFO - [2024-05-16T12:27:08.603+0000] {dag.py:3954} INFO - Setting next_dagrun for latest_only to 2024-05-16 08:00:00+00:00, run_after=2024-05-16 12:00:00+00:00
[2024-05-16T12:27:08.664+0000] {processor.py:183} INFO - Processing /usr/local/python/3.10.13/lib/python3.10/site-packages/airflow/example_dags/example_latest_only.py took 0.103 seconds
[2024-05-16T12:28:13.156+0000] {processor.py:161} INFO - Started process (PID=16802) to work on /usr/local/python/3.10.13/lib/python3.10/site-packages/airflow/example_dags/example_latest_only.py
[2024-05-16T12:28:13.157+0000] {processor.py:830} INFO - Processing file /usr/local/python/3.10.13/lib/python3.10/site-packages/airflow/example_dags/example_latest_only.py for tasks to queue
[2024-05-16T12:28:13.160+0000] {logging_mixin.py:188} INFO - [2024-05-16T12:28:13.159+0000] {dagbag.py:545} INFO - Filling up the DagBag from /usr/local/python/3.10.13/lib/python3.10/site-packages/airflow/example_dags/example_latest_only.py
[2024-05-16T12:28:13.165+0000] {processor.py:840} INFO - DAG(s) 'latest_only' retrieved from /usr/local/python/3.10.13/lib/python3.10/site-packages/airflow/example_dags/example_latest_only.py
[2024-05-16T12:28:13.177+0000] {logging_mixin.py:188} INFO - [2024-05-16T12:28:13.177+0000] {dag.py:3096} INFO - Sync 1 DAGs
[2024-05-16T12:28:13.192+0000] {logging_mixin.py:188} INFO - [2024-05-16T12:28:13.191+0000] {dag.py:3954} INFO - Setting next_dagrun for latest_only to 2024-05-16 08:00:00+00:00, run_after=2024-05-16 12:00:00+00:00
[2024-05-16T12:28:13.239+0000] {processor.py:183} INFO - Processing /usr/local/python/3.10.13/lib/python3.10/site-packages/airflow/example_dags/example_latest_only.py took 0.090 seconds
[2024-05-16T12:29:15.621+0000] {processor.py:161} INFO - Started process (PID=17242) to work on /usr/local/python/3.10.13/lib/python3.10/site-packages/airflow/example_dags/example_latest_only.py
[2024-05-16T12:29:15.622+0000] {processor.py:830} INFO - Processing file /usr/local/python/3.10.13/lib/python3.10/site-packages/airflow/example_dags/example_latest_only.py for tasks to queue
[2024-05-16T12:29:15.623+0000] {logging_mixin.py:188} INFO - [2024-05-16T12:29:15.623+0000] {dagbag.py:545} INFO - Filling up the DagBag from /usr/local/python/3.10.13/lib/python3.10/site-packages/airflow/example_dags/example_latest_only.py
[2024-05-16T12:29:15.627+0000] {processor.py:840} INFO - DAG(s) 'latest_only' retrieved from /usr/local/python/3.10.13/lib/python3.10/site-packages/airflow/example_dags/example_latest_only.py
[2024-05-16T12:29:15.638+0000] {logging_mixin.py:188} INFO - [2024-05-16T12:29:15.638+0000] {dag.py:3096} INFO - Sync 1 DAGs
[2024-05-16T12:29:15.652+0000] {logging_mixin.py:188} INFO - [2024-05-16T12:29:15.652+0000] {dag.py:3954} INFO - Setting next_dagrun for latest_only to 2024-05-16 08:00:00+00:00, run_after=2024-05-16 12:00:00+00:00
[2024-05-16T12:29:15.713+0000] {processor.py:183} INFO - Processing /usr/local/python/3.10.13/lib/python3.10/site-packages/airflow/example_dags/example_latest_only.py took 0.097 seconds
[2024-05-16T12:30:19.543+0000] {processor.py:161} INFO - Started process (PID=17710) to work on /usr/local/python/3.10.13/lib/python3.10/site-packages/airflow/example_dags/example_latest_only.py
[2024-05-16T12:30:19.543+0000] {processor.py:830} INFO - Processing file /usr/local/python/3.10.13/lib/python3.10/site-packages/airflow/example_dags/example_latest_only.py for tasks to queue
[2024-05-16T12:30:19.545+0000] {logging_mixin.py:188} INFO - [2024-05-16T12:30:19.544+0000] {dagbag.py:545} INFO - Filling up the DagBag from /usr/local/python/3.10.13/lib/python3.10/site-packages/airflow/example_dags/example_latest_only.py
[2024-05-16T12:30:19.549+0000] {processor.py:840} INFO - DAG(s) 'latest_only' retrieved from /usr/local/python/3.10.13/lib/python3.10/site-packages/airflow/example_dags/example_latest_only.py
[2024-05-16T12:30:19.564+0000] {logging_mixin.py:188} INFO - [2024-05-16T12:30:19.563+0000] {dag.py:3096} INFO - Sync 1 DAGs
[2024-05-16T12:30:19.585+0000] {logging_mixin.py:188} INFO - [2024-05-16T12:30:19.585+0000] {dag.py:3954} INFO - Setting next_dagrun for latest_only to 2024-05-16 08:00:00+00:00, run_after=2024-05-16 12:00:00+00:00
[2024-05-16T12:30:19.636+0000] {processor.py:183} INFO - Processing /usr/local/python/3.10.13/lib/python3.10/site-packages/airflow/example_dags/example_latest_only.py took 0.099 seconds
[2024-05-16T12:31:05.525+0000] {processor.py:161} INFO - Started process (PID=18016) to work on /usr/local/python/3.10.13/lib/python3.10/site-packages/airflow/example_dags/example_latest_only.py
[2024-05-16T12:31:05.526+0000] {processor.py:830} INFO - Processing file /usr/local/python/3.10.13/lib/python3.10/site-packages/airflow/example_dags/example_latest_only.py for tasks to queue
[2024-05-16T12:31:05.527+0000] {logging_mixin.py:188} INFO - [2024-05-16T12:31:05.527+0000] {dagbag.py:545} INFO - Filling up the DagBag from /usr/local/python/3.10.13/lib/python3.10/site-packages/airflow/example_dags/example_latest_only.py
[2024-05-16T12:31:05.531+0000] {processor.py:840} INFO - DAG(s) 'latest_only' retrieved from /usr/local/python/3.10.13/lib/python3.10/site-packages/airflow/example_dags/example_latest_only.py
[2024-05-16T12:31:05.543+0000] {logging_mixin.py:188} INFO - [2024-05-16T12:31:05.542+0000] {dag.py:3096} INFO - Sync 1 DAGs
[2024-05-16T12:31:05.558+0000] {logging_mixin.py:188} INFO - [2024-05-16T12:31:05.558+0000] {dag.py:3954} INFO - Setting next_dagrun for latest_only to 2024-05-16 08:00:00+00:00, run_after=2024-05-16 12:00:00+00:00
[2024-05-16T12:31:05.603+0000] {processor.py:183} INFO - Processing /usr/local/python/3.10.13/lib/python3.10/site-packages/airflow/example_dags/example_latest_only.py took 0.084 seconds
[2024-05-16T12:32:08.839+0000] {processor.py:161} INFO - Started process (PID=18504) to work on /usr/local/python/3.10.13/lib/python3.10/site-packages/airflow/example_dags/example_latest_only.py
[2024-05-16T12:32:08.840+0000] {processor.py:830} INFO - Processing file /usr/local/python/3.10.13/lib/python3.10/site-packages/airflow/example_dags/example_latest_only.py for tasks to queue
[2024-05-16T12:32:08.841+0000] {logging_mixin.py:188} INFO - [2024-05-16T12:32:08.841+0000] {dagbag.py:545} INFO - Filling up the DagBag from /usr/local/python/3.10.13/lib/python3.10/site-packages/airflow/example_dags/example_latest_only.py
[2024-05-16T12:32:08.846+0000] {processor.py:840} INFO - DAG(s) 'latest_only' retrieved from /usr/local/python/3.10.13/lib/python3.10/site-packages/airflow/example_dags/example_latest_only.py
[2024-05-16T12:32:08.857+0000] {logging_mixin.py:188} INFO - [2024-05-16T12:32:08.857+0000] {dag.py:3096} INFO - Sync 1 DAGs
[2024-05-16T12:32:08.871+0000] {logging_mixin.py:188} INFO - [2024-05-16T12:32:08.871+0000] {dag.py:3954} INFO - Setting next_dagrun for latest_only to 2024-05-16 08:00:00+00:00, run_after=2024-05-16 12:00:00+00:00
[2024-05-16T12:32:08.917+0000] {processor.py:183} INFO - Processing /usr/local/python/3.10.13/lib/python3.10/site-packages/airflow/example_dags/example_latest_only.py took 0.083 seconds
[2024-05-16T12:33:10.076+0000] {processor.py:161} INFO - Started process (PID=18941) to work on /usr/local/python/3.10.13/lib/python3.10/site-packages/airflow/example_dags/example_latest_only.py
[2024-05-16T12:33:10.076+0000] {processor.py:830} INFO - Processing file /usr/local/python/3.10.13/lib/python3.10/site-packages/airflow/example_dags/example_latest_only.py for tasks to queue
[2024-05-16T12:33:10.079+0000] {logging_mixin.py:188} INFO - [2024-05-16T12:33:10.078+0000] {dagbag.py:545} INFO - Filling up the DagBag from /usr/local/python/3.10.13/lib/python3.10/site-packages/airflow/example_dags/example_latest_only.py
[2024-05-16T12:33:10.084+0000] {processor.py:840} INFO - DAG(s) 'latest_only' retrieved from /usr/local/python/3.10.13/lib/python3.10/site-packages/airflow/example_dags/example_latest_only.py
[2024-05-16T12:33:10.099+0000] {logging_mixin.py:188} INFO - [2024-05-16T12:33:10.099+0000] {dag.py:3096} INFO - Sync 1 DAGs
[2024-05-16T12:33:10.120+0000] {logging_mixin.py:188} INFO - [2024-05-16T12:33:10.120+0000] {dag.py:3954} INFO - Setting next_dagrun for latest_only to 2024-05-16 08:00:00+00:00, run_after=2024-05-16 12:00:00+00:00
[2024-05-16T12:33:10.168+0000] {processor.py:183} INFO - Processing /usr/local/python/3.10.13/lib/python3.10/site-packages/airflow/example_dags/example_latest_only.py took 0.100 seconds
[2024-05-16T12:34:14.836+0000] {processor.py:161} INFO - Started process (PID=19415) to work on /usr/local/python/3.10.13/lib/python3.10/site-packages/airflow/example_dags/example_latest_only.py
[2024-05-16T12:34:14.837+0000] {processor.py:830} INFO - Processing file /usr/local/python/3.10.13/lib/python3.10/site-packages/airflow/example_dags/example_latest_only.py for tasks to queue
[2024-05-16T12:34:14.838+0000] {logging_mixin.py:188} INFO - [2024-05-16T12:34:14.838+0000] {dagbag.py:545} INFO - Filling up the DagBag from /usr/local/python/3.10.13/lib/python3.10/site-packages/airflow/example_dags/example_latest_only.py
[2024-05-16T12:34:14.842+0000] {processor.py:840} INFO - DAG(s) 'latest_only' retrieved from /usr/local/python/3.10.13/lib/python3.10/site-packages/airflow/example_dags/example_latest_only.py
[2024-05-16T12:34:14.852+0000] {logging_mixin.py:188} INFO - [2024-05-16T12:34:14.852+0000] {dag.py:3096} INFO - Sync 1 DAGs
[2024-05-16T12:34:14.868+0000] {logging_mixin.py:188} INFO - [2024-05-16T12:34:14.868+0000] {dag.py:3954} INFO - Setting next_dagrun for latest_only to 2024-05-16 08:00:00+00:00, run_after=2024-05-16 12:00:00+00:00
[2024-05-16T12:34:14.925+0000] {processor.py:183} INFO - Processing /usr/local/python/3.10.13/lib/python3.10/site-packages/airflow/example_dags/example_latest_only.py took 0.094 seconds
[2024-05-16T12:35:20.409+0000] {processor.py:161} INFO - Started process (PID=19886) to work on /usr/local/python/3.10.13/lib/python3.10/site-packages/airflow/example_dags/example_latest_only.py
[2024-05-16T12:35:20.410+0000] {processor.py:830} INFO - Processing file /usr/local/python/3.10.13/lib/python3.10/site-packages/airflow/example_dags/example_latest_only.py for tasks to queue
[2024-05-16T12:35:20.411+0000] {logging_mixin.py:188} INFO - [2024-05-16T12:35:20.411+0000] {dagbag.py:545} INFO - Filling up the DagBag from /usr/local/python/3.10.13/lib/python3.10/site-packages/airflow/example_dags/example_latest_only.py
[2024-05-16T12:35:20.415+0000] {processor.py:840} INFO - DAG(s) 'latest_only' retrieved from /usr/local/python/3.10.13/lib/python3.10/site-packages/airflow/example_dags/example_latest_only.py
[2024-05-16T12:35:20.426+0000] {logging_mixin.py:188} INFO - [2024-05-16T12:35:20.426+0000] {dag.py:3096} INFO - Sync 1 DAGs
[2024-05-16T12:35:20.440+0000] {logging_mixin.py:188} INFO - [2024-05-16T12:35:20.440+0000] {dag.py:3954} INFO - Setting next_dagrun for latest_only to 2024-05-16 08:00:00+00:00, run_after=2024-05-16 12:00:00+00:00
[2024-05-16T12:35:20.487+0000] {processor.py:183} INFO - Processing /usr/local/python/3.10.13/lib/python3.10/site-packages/airflow/example_dags/example_latest_only.py took 0.083 seconds
[2024-05-16T12:36:20.270+0000] {processor.py:161} INFO - Started process (PID=20332) to work on /usr/local/python/3.10.13/lib/python3.10/site-packages/airflow/example_dags/example_latest_only.py
[2024-05-16T12:36:20.270+0000] {processor.py:830} INFO - Processing file /usr/local/python/3.10.13/lib/python3.10/site-packages/airflow/example_dags/example_latest_only.py for tasks to queue
[2024-05-16T12:36:20.272+0000] {logging_mixin.py:188} INFO - [2024-05-16T12:36:20.271+0000] {dagbag.py:545} INFO - Filling up the DagBag from /usr/local/python/3.10.13/lib/python3.10/site-packages/airflow/example_dags/example_latest_only.py
[2024-05-16T12:36:20.276+0000] {processor.py:840} INFO - DAG(s) 'latest_only' retrieved from /usr/local/python/3.10.13/lib/python3.10/site-packages/airflow/example_dags/example_latest_only.py
[2024-05-16T12:36:20.287+0000] {logging_mixin.py:188} INFO - [2024-05-16T12:36:20.287+0000] {dag.py:3096} INFO - Sync 1 DAGs
[2024-05-16T12:36:20.302+0000] {logging_mixin.py:188} INFO - [2024-05-16T12:36:20.301+0000] {dag.py:3954} INFO - Setting next_dagrun for latest_only to 2024-05-16 08:00:00+00:00, run_after=2024-05-16 12:00:00+00:00
[2024-05-16T12:36:20.348+0000] {processor.py:183} INFO - Processing /usr/local/python/3.10.13/lib/python3.10/site-packages/airflow/example_dags/example_latest_only.py took 0.084 seconds
[2024-05-16T12:37:22.709+0000] {processor.py:161} INFO - Started process (PID=20765) to work on /usr/local/python/3.10.13/lib/python3.10/site-packages/airflow/example_dags/example_latest_only.py
[2024-05-16T12:37:22.709+0000] {processor.py:830} INFO - Processing file /usr/local/python/3.10.13/lib/python3.10/site-packages/airflow/example_dags/example_latest_only.py for tasks to queue
[2024-05-16T12:37:22.711+0000] {logging_mixin.py:188} INFO - [2024-05-16T12:37:22.710+0000] {dagbag.py:545} INFO - Filling up the DagBag from /usr/local/python/3.10.13/lib/python3.10/site-packages/airflow/example_dags/example_latest_only.py
[2024-05-16T12:37:22.715+0000] {processor.py:840} INFO - DAG(s) 'latest_only' retrieved from /usr/local/python/3.10.13/lib/python3.10/site-packages/airflow/example_dags/example_latest_only.py
[2024-05-16T12:37:22.726+0000] {logging_mixin.py:188} INFO - [2024-05-16T12:37:22.726+0000] {dag.py:3096} INFO - Sync 1 DAGs
[2024-05-16T12:37:22.741+0000] {logging_mixin.py:188} INFO - [2024-05-16T12:37:22.741+0000] {dag.py:3954} INFO - Setting next_dagrun for latest_only to 2024-05-16 08:00:00+00:00, run_after=2024-05-16 12:00:00+00:00
[2024-05-16T12:37:22.785+0000] {processor.py:183} INFO - Processing /usr/local/python/3.10.13/lib/python3.10/site-packages/airflow/example_dags/example_latest_only.py took 0.082 seconds
[2024-05-16T12:38:21.585+0000] {processor.py:161} INFO - Started process (PID=21188) to work on /usr/local/python/3.10.13/lib/python3.10/site-packages/airflow/example_dags/example_latest_only.py
[2024-05-16T12:38:21.586+0000] {processor.py:830} INFO - Processing file /usr/local/python/3.10.13/lib/python3.10/site-packages/airflow/example_dags/example_latest_only.py for tasks to queue
[2024-05-16T12:38:21.587+0000] {logging_mixin.py:188} INFO - [2024-05-16T12:38:21.587+0000] {dagbag.py:545} INFO - Filling up the DagBag from /usr/local/python/3.10.13/lib/python3.10/site-packages/airflow/example_dags/example_latest_only.py
[2024-05-16T12:38:21.591+0000] {processor.py:840} INFO - DAG(s) 'latest_only' retrieved from /usr/local/python/3.10.13/lib/python3.10/site-packages/airflow/example_dags/example_latest_only.py
[2024-05-16T12:38:21.604+0000] {logging_mixin.py:188} INFO - [2024-05-16T12:38:21.604+0000] {dag.py:3096} INFO - Sync 1 DAGs
[2024-05-16T12:38:21.620+0000] {logging_mixin.py:188} INFO - [2024-05-16T12:38:21.620+0000] {dag.py:3954} INFO - Setting next_dagrun for latest_only to 2024-05-16 08:00:00+00:00, run_after=2024-05-16 12:00:00+00:00
[2024-05-16T12:38:21.665+0000] {processor.py:183} INFO - Processing /usr/local/python/3.10.13/lib/python3.10/site-packages/airflow/example_dags/example_latest_only.py took 0.085 seconds
[2024-05-16T12:39:25.333+0000] {processor.py:161} INFO - Started process (PID=21633) to work on /usr/local/python/3.10.13/lib/python3.10/site-packages/airflow/example_dags/example_latest_only.py
[2024-05-16T12:39:25.334+0000] {processor.py:830} INFO - Processing file /usr/local/python/3.10.13/lib/python3.10/site-packages/airflow/example_dags/example_latest_only.py for tasks to queue
[2024-05-16T12:39:25.335+0000] {logging_mixin.py:188} INFO - [2024-05-16T12:39:25.335+0000] {dagbag.py:545} INFO - Filling up the DagBag from /usr/local/python/3.10.13/lib/python3.10/site-packages/airflow/example_dags/example_latest_only.py
[2024-05-16T12:39:25.339+0000] {processor.py:840} INFO - DAG(s) 'latest_only' retrieved from /usr/local/python/3.10.13/lib/python3.10/site-packages/airflow/example_dags/example_latest_only.py
[2024-05-16T12:39:25.350+0000] {logging_mixin.py:188} INFO - [2024-05-16T12:39:25.350+0000] {dag.py:3096} INFO - Sync 1 DAGs
[2024-05-16T12:39:25.364+0000] {logging_mixin.py:188} INFO - [2024-05-16T12:39:25.364+0000] {dag.py:3954} INFO - Setting next_dagrun for latest_only to 2024-05-16 08:00:00+00:00, run_after=2024-05-16 12:00:00+00:00
[2024-05-16T12:39:25.408+0000] {processor.py:183} INFO - Processing /usr/local/python/3.10.13/lib/python3.10/site-packages/airflow/example_dags/example_latest_only.py took 0.079 seconds
[2024-05-16T12:40:29.896+0000] {processor.py:161} INFO - Started process (PID=22122) to work on /usr/local/python/3.10.13/lib/python3.10/site-packages/airflow/example_dags/example_latest_only.py
[2024-05-16T12:40:29.897+0000] {processor.py:830} INFO - Processing file /usr/local/python/3.10.13/lib/python3.10/site-packages/airflow/example_dags/example_latest_only.py for tasks to queue
[2024-05-16T12:40:29.899+0000] {logging_mixin.py:188} INFO - [2024-05-16T12:40:29.898+0000] {dagbag.py:545} INFO - Filling up the DagBag from /usr/local/python/3.10.13/lib/python3.10/site-packages/airflow/example_dags/example_latest_only.py
[2024-05-16T12:40:29.906+0000] {processor.py:840} INFO - DAG(s) 'latest_only' retrieved from /usr/local/python/3.10.13/lib/python3.10/site-packages/airflow/example_dags/example_latest_only.py
[2024-05-16T12:40:29.924+0000] {logging_mixin.py:188} INFO - [2024-05-16T12:40:29.924+0000] {dag.py:3096} INFO - Sync 1 DAGs
[2024-05-16T12:40:29.965+0000] {logging_mixin.py:188} INFO - [2024-05-16T12:40:29.964+0000] {dag.py:3954} INFO - Setting next_dagrun for latest_only to 2024-05-16 08:00:00+00:00, run_after=2024-05-16 12:00:00+00:00
[2024-05-16T12:40:30.023+0000] {processor.py:183} INFO - Processing /usr/local/python/3.10.13/lib/python3.10/site-packages/airflow/example_dags/example_latest_only.py took 0.134 seconds
[2024-05-16T12:41:31.112+0000] {processor.py:161} INFO - Started process (PID=22549) to work on /usr/local/python/3.10.13/lib/python3.10/site-packages/airflow/example_dags/example_latest_only.py
[2024-05-16T12:41:31.113+0000] {processor.py:830} INFO - Processing file /usr/local/python/3.10.13/lib/python3.10/site-packages/airflow/example_dags/example_latest_only.py for tasks to queue
[2024-05-16T12:41:31.114+0000] {logging_mixin.py:188} INFO - [2024-05-16T12:41:31.114+0000] {dagbag.py:545} INFO - Filling up the DagBag from /usr/local/python/3.10.13/lib/python3.10/site-packages/airflow/example_dags/example_latest_only.py
[2024-05-16T12:41:31.118+0000] {processor.py:840} INFO - DAG(s) 'latest_only' retrieved from /usr/local/python/3.10.13/lib/python3.10/site-packages/airflow/example_dags/example_latest_only.py
[2024-05-16T12:41:31.129+0000] {logging_mixin.py:188} INFO - [2024-05-16T12:41:31.129+0000] {dag.py:3096} INFO - Sync 1 DAGs
[2024-05-16T12:41:31.144+0000] {logging_mixin.py:188} INFO - [2024-05-16T12:41:31.144+0000] {dag.py:3954} INFO - Setting next_dagrun for latest_only to 2024-05-16 08:00:00+00:00, run_after=2024-05-16 12:00:00+00:00
[2024-05-16T12:41:31.192+0000] {processor.py:183} INFO - Processing /usr/local/python/3.10.13/lib/python3.10/site-packages/airflow/example_dags/example_latest_only.py took 0.085 seconds
[2024-05-16T12:42:37.053+0000] {processor.py:161} INFO - Started process (PID=23027) to work on /usr/local/python/3.10.13/lib/python3.10/site-packages/airflow/example_dags/example_latest_only.py
[2024-05-16T12:42:37.054+0000] {processor.py:830} INFO - Processing file /usr/local/python/3.10.13/lib/python3.10/site-packages/airflow/example_dags/example_latest_only.py for tasks to queue
[2024-05-16T12:42:37.055+0000] {logging_mixin.py:188} INFO - [2024-05-16T12:42:37.055+0000] {dagbag.py:545} INFO - Filling up the DagBag from /usr/local/python/3.10.13/lib/python3.10/site-packages/airflow/example_dags/example_latest_only.py
[2024-05-16T12:42:37.060+0000] {processor.py:840} INFO - DAG(s) 'latest_only' retrieved from /usr/local/python/3.10.13/lib/python3.10/site-packages/airflow/example_dags/example_latest_only.py
[2024-05-16T12:42:37.071+0000] {logging_mixin.py:188} INFO - [2024-05-16T12:42:37.071+0000] {dag.py:3096} INFO - Sync 1 DAGs
[2024-05-16T12:42:37.085+0000] {logging_mixin.py:188} INFO - [2024-05-16T12:42:37.085+0000] {dag.py:3954} INFO - Setting next_dagrun for latest_only to 2024-05-16 08:00:00+00:00, run_after=2024-05-16 12:00:00+00:00
[2024-05-16T12:42:37.131+0000] {processor.py:183} INFO - Processing /usr/local/python/3.10.13/lib/python3.10/site-packages/airflow/example_dags/example_latest_only.py took 0.084 seconds
[2024-05-16T12:43:38.091+0000] {processor.py:161} INFO - Started process (PID=23488) to work on /usr/local/python/3.10.13/lib/python3.10/site-packages/airflow/example_dags/example_latest_only.py
[2024-05-16T12:43:38.091+0000] {processor.py:830} INFO - Processing file /usr/local/python/3.10.13/lib/python3.10/site-packages/airflow/example_dags/example_latest_only.py for tasks to queue
[2024-05-16T12:43:38.093+0000] {logging_mixin.py:188} INFO - [2024-05-16T12:43:38.092+0000] {dagbag.py:545} INFO - Filling up the DagBag from /usr/local/python/3.10.13/lib/python3.10/site-packages/airflow/example_dags/example_latest_only.py
[2024-05-16T12:43:38.097+0000] {processor.py:840} INFO - DAG(s) 'latest_only' retrieved from /usr/local/python/3.10.13/lib/python3.10/site-packages/airflow/example_dags/example_latest_only.py
[2024-05-16T12:43:38.109+0000] {logging_mixin.py:188} INFO - [2024-05-16T12:43:38.109+0000] {dag.py:3096} INFO - Sync 1 DAGs
[2024-05-16T12:43:38.124+0000] {logging_mixin.py:188} INFO - [2024-05-16T12:43:38.124+0000] {dag.py:3954} INFO - Setting next_dagrun for latest_only to 2024-05-16 08:00:00+00:00, run_after=2024-05-16 12:00:00+00:00
[2024-05-16T12:43:38.188+0000] {processor.py:183} INFO - Processing /usr/local/python/3.10.13/lib/python3.10/site-packages/airflow/example_dags/example_latest_only.py took 0.103 seconds
[2024-05-16T12:44:43.555+0000] {processor.py:161} INFO - Started process (PID=23966) to work on /usr/local/python/3.10.13/lib/python3.10/site-packages/airflow/example_dags/example_latest_only.py
[2024-05-16T12:44:43.556+0000] {processor.py:830} INFO - Processing file /usr/local/python/3.10.13/lib/python3.10/site-packages/airflow/example_dags/example_latest_only.py for tasks to queue
[2024-05-16T12:44:43.557+0000] {logging_mixin.py:188} INFO - [2024-05-16T12:44:43.557+0000] {dagbag.py:545} INFO - Filling up the DagBag from /usr/local/python/3.10.13/lib/python3.10/site-packages/airflow/example_dags/example_latest_only.py
[2024-05-16T12:44:43.561+0000] {processor.py:840} INFO - DAG(s) 'latest_only' retrieved from /usr/local/python/3.10.13/lib/python3.10/site-packages/airflow/example_dags/example_latest_only.py
[2024-05-16T12:44:43.572+0000] {logging_mixin.py:188} INFO - [2024-05-16T12:44:43.572+0000] {dag.py:3096} INFO - Sync 1 DAGs
[2024-05-16T12:44:43.587+0000] {logging_mixin.py:188} INFO - [2024-05-16T12:44:43.587+0000] {dag.py:3954} INFO - Setting next_dagrun for latest_only to 2024-05-16 08:00:00+00:00, run_after=2024-05-16 12:00:00+00:00
[2024-05-16T12:44:43.634+0000] {processor.py:183} INFO - Processing /usr/local/python/3.10.13/lib/python3.10/site-packages/airflow/example_dags/example_latest_only.py took 0.084 seconds
