[2024-05-16T12:06:59.169+0000] {processor.py:161} INFO - Started process (PID=7624) to work on /usr/local/python/3.10.13/lib/python3.10/site-packages/airflow/example_dags/example_bash_operator.py
[2024-05-16T12:06:59.169+0000] {processor.py:830} INFO - Processing file /usr/local/python/3.10.13/lib/python3.10/site-packages/airflow/example_dags/example_bash_operator.py for tasks to queue
[2024-05-16T12:06:59.171+0000] {logging_mixin.py:188} INFO - [2024-05-16T12:06:59.170+0000] {dagbag.py:545} INFO - Filling up the DagBag from /usr/local/python/3.10.13/lib/python3.10/site-packages/airflow/example_dags/example_bash_operator.py
[2024-05-16T12:06:59.185+0000] {processor.py:840} INFO - DAG(s) 'example_bash_operator' retrieved from /usr/local/python/3.10.13/lib/python3.10/site-packages/airflow/example_dags/example_bash_operator.py
[2024-05-16T12:06:59.366+0000] {logging_mixin.py:188} INFO - [2024-05-16T12:06:59.366+0000] {dag.py:3096} INFO - Sync 1 DAGs
[2024-05-16T12:06:59.379+0000] {logging_mixin.py:188} INFO - [2024-05-16T12:06:59.379+0000] {dag.py:3954} INFO - Setting next_dagrun for example_bash_operator to 2024-05-15 00:00:00+00:00, run_after=2024-05-16 00:00:00+00:00
[2024-05-16T12:06:59.426+0000] {processor.py:183} INFO - Processing /usr/local/python/3.10.13/lib/python3.10/site-packages/airflow/example_dags/example_bash_operator.py took 0.261 seconds
[2024-05-16T12:07:51.445+0000] {processor.py:161} INFO - Started process (PID=7993) to work on /usr/local/python/3.10.13/lib/python3.10/site-packages/airflow/example_dags/example_bash_operator.py
[2024-05-16T12:07:51.446+0000] {processor.py:830} INFO - Processing file /usr/local/python/3.10.13/lib/python3.10/site-packages/airflow/example_dags/example_bash_operator.py for tasks to queue
[2024-05-16T12:07:51.448+0000] {logging_mixin.py:188} INFO - [2024-05-16T12:07:51.447+0000] {dagbag.py:545} INFO - Filling up the DagBag from /usr/local/python/3.10.13/lib/python3.10/site-packages/airflow/example_dags/example_bash_operator.py
[2024-05-16T12:07:51.461+0000] {processor.py:840} INFO - DAG(s) 'example_bash_operator' retrieved from /usr/local/python/3.10.13/lib/python3.10/site-packages/airflow/example_dags/example_bash_operator.py
[2024-05-16T12:07:51.486+0000] {logging_mixin.py:188} INFO - [2024-05-16T12:07:51.486+0000] {dag.py:3096} INFO - Sync 1 DAGs
[2024-05-16T12:07:51.502+0000] {logging_mixin.py:188} INFO - [2024-05-16T12:07:51.502+0000] {dag.py:3954} INFO - Setting next_dagrun for example_bash_operator to 2024-05-15 00:00:00+00:00, run_after=2024-05-16 00:00:00+00:00
[2024-05-16T12:07:51.547+0000] {processor.py:183} INFO - Processing /usr/local/python/3.10.13/lib/python3.10/site-packages/airflow/example_dags/example_bash_operator.py took 0.110 seconds
[2024-05-16T12:08:57.682+0000] {processor.py:161} INFO - Started process (PID=8468) to work on /usr/local/python/3.10.13/lib/python3.10/site-packages/airflow/example_dags/example_bash_operator.py
[2024-05-16T12:08:57.682+0000] {processor.py:830} INFO - Processing file /usr/local/python/3.10.13/lib/python3.10/site-packages/airflow/example_dags/example_bash_operator.py for tasks to queue
[2024-05-16T12:08:57.684+0000] {logging_mixin.py:188} INFO - [2024-05-16T12:08:57.683+0000] {dagbag.py:545} INFO - Filling up the DagBag from /usr/local/python/3.10.13/lib/python3.10/site-packages/airflow/example_dags/example_bash_operator.py
[2024-05-16T12:08:57.694+0000] {processor.py:840} INFO - DAG(s) 'example_bash_operator' retrieved from /usr/local/python/3.10.13/lib/python3.10/site-packages/airflow/example_dags/example_bash_operator.py
[2024-05-16T12:08:57.712+0000] {logging_mixin.py:188} INFO - [2024-05-16T12:08:57.712+0000] {dag.py:3096} INFO - Sync 1 DAGs
[2024-05-16T12:08:57.729+0000] {logging_mixin.py:188} INFO - [2024-05-16T12:08:57.728+0000] {dag.py:3954} INFO - Setting next_dagrun for example_bash_operator to 2024-05-15 00:00:00+00:00, run_after=2024-05-16 00:00:00+00:00
[2024-05-16T12:08:57.778+0000] {processor.py:183} INFO - Processing /usr/local/python/3.10.13/lib/python3.10/site-packages/airflow/example_dags/example_bash_operator.py took 0.101 seconds
[2024-05-16T12:10:04.798+0000] {processor.py:161} INFO - Started process (PID=8951) to work on /usr/local/python/3.10.13/lib/python3.10/site-packages/airflow/example_dags/example_bash_operator.py
[2024-05-16T12:10:04.799+0000] {processor.py:830} INFO - Processing file /usr/local/python/3.10.13/lib/python3.10/site-packages/airflow/example_dags/example_bash_operator.py for tasks to queue
[2024-05-16T12:10:04.800+0000] {logging_mixin.py:188} INFO - [2024-05-16T12:10:04.800+0000] {dagbag.py:545} INFO - Filling up the DagBag from /usr/local/python/3.10.13/lib/python3.10/site-packages/airflow/example_dags/example_bash_operator.py
[2024-05-16T12:10:04.809+0000] {processor.py:840} INFO - DAG(s) 'example_bash_operator' retrieved from /usr/local/python/3.10.13/lib/python3.10/site-packages/airflow/example_dags/example_bash_operator.py
[2024-05-16T12:10:04.827+0000] {logging_mixin.py:188} INFO - [2024-05-16T12:10:04.827+0000] {dag.py:3096} INFO - Sync 1 DAGs
[2024-05-16T12:10:04.844+0000] {logging_mixin.py:188} INFO - [2024-05-16T12:10:04.843+0000] {dag.py:3954} INFO - Setting next_dagrun for example_bash_operator to 2024-05-15 00:00:00+00:00, run_after=2024-05-16 00:00:00+00:00
[2024-05-16T12:10:04.894+0000] {processor.py:183} INFO - Processing /usr/local/python/3.10.13/lib/python3.10/site-packages/airflow/example_dags/example_bash_operator.py took 0.101 seconds
[2024-05-16T12:11:06.804+0000] {processor.py:161} INFO - Started process (PID=9377) to work on /usr/local/python/3.10.13/lib/python3.10/site-packages/airflow/example_dags/example_bash_operator.py
[2024-05-16T12:11:06.805+0000] {processor.py:830} INFO - Processing file /usr/local/python/3.10.13/lib/python3.10/site-packages/airflow/example_dags/example_bash_operator.py for tasks to queue
[2024-05-16T12:11:06.806+0000] {logging_mixin.py:188} INFO - [2024-05-16T12:11:06.806+0000] {dagbag.py:545} INFO - Filling up the DagBag from /usr/local/python/3.10.13/lib/python3.10/site-packages/airflow/example_dags/example_bash_operator.py
[2024-05-16T12:11:06.817+0000] {processor.py:840} INFO - DAG(s) 'example_bash_operator' retrieved from /usr/local/python/3.10.13/lib/python3.10/site-packages/airflow/example_dags/example_bash_operator.py
[2024-05-16T12:11:06.835+0000] {logging_mixin.py:188} INFO - [2024-05-16T12:11:06.835+0000] {dag.py:3096} INFO - Sync 1 DAGs
[2024-05-16T12:11:06.851+0000] {logging_mixin.py:188} INFO - [2024-05-16T12:11:06.851+0000] {dag.py:3954} INFO - Setting next_dagrun for example_bash_operator to 2024-05-15 00:00:00+00:00, run_after=2024-05-16 00:00:00+00:00
[2024-05-16T12:11:06.896+0000] {processor.py:183} INFO - Processing /usr/local/python/3.10.13/lib/python3.10/site-packages/airflow/example_dags/example_bash_operator.py took 0.097 seconds
[2024-05-16T12:12:05.556+0000] {processor.py:161} INFO - Started process (PID=9774) to work on /usr/local/python/3.10.13/lib/python3.10/site-packages/airflow/example_dags/example_bash_operator.py
[2024-05-16T12:12:05.557+0000] {processor.py:830} INFO - Processing file /usr/local/python/3.10.13/lib/python3.10/site-packages/airflow/example_dags/example_bash_operator.py for tasks to queue
[2024-05-16T12:12:05.558+0000] {logging_mixin.py:188} INFO - [2024-05-16T12:12:05.558+0000] {dagbag.py:545} INFO - Filling up the DagBag from /usr/local/python/3.10.13/lib/python3.10/site-packages/airflow/example_dags/example_bash_operator.py
[2024-05-16T12:12:05.568+0000] {processor.py:840} INFO - DAG(s) 'example_bash_operator' retrieved from /usr/local/python/3.10.13/lib/python3.10/site-packages/airflow/example_dags/example_bash_operator.py
[2024-05-16T12:12:05.586+0000] {logging_mixin.py:188} INFO - [2024-05-16T12:12:05.586+0000] {dag.py:3096} INFO - Sync 1 DAGs
[2024-05-16T12:12:05.601+0000] {logging_mixin.py:188} INFO - [2024-05-16T12:12:05.601+0000] {dag.py:3954} INFO - Setting next_dagrun for example_bash_operator to 2024-05-15 00:00:00+00:00, run_after=2024-05-16 00:00:00+00:00
[2024-05-16T12:12:05.646+0000] {processor.py:183} INFO - Processing /usr/local/python/3.10.13/lib/python3.10/site-packages/airflow/example_dags/example_bash_operator.py took 0.094 seconds
[2024-05-16T12:13:10.434+0000] {processor.py:161} INFO - Started process (PID=10234) to work on /usr/local/python/3.10.13/lib/python3.10/site-packages/airflow/example_dags/example_bash_operator.py
[2024-05-16T12:13:10.435+0000] {processor.py:830} INFO - Processing file /usr/local/python/3.10.13/lib/python3.10/site-packages/airflow/example_dags/example_bash_operator.py for tasks to queue
[2024-05-16T12:13:10.437+0000] {logging_mixin.py:188} INFO - [2024-05-16T12:13:10.437+0000] {dagbag.py:545} INFO - Filling up the DagBag from /usr/local/python/3.10.13/lib/python3.10/site-packages/airflow/example_dags/example_bash_operator.py
[2024-05-16T12:13:10.448+0000] {processor.py:840} INFO - DAG(s) 'example_bash_operator' retrieved from /usr/local/python/3.10.13/lib/python3.10/site-packages/airflow/example_dags/example_bash_operator.py
[2024-05-16T12:13:10.477+0000] {logging_mixin.py:188} INFO - [2024-05-16T12:13:10.476+0000] {dag.py:3096} INFO - Sync 1 DAGs
[2024-05-16T12:13:10.500+0000] {logging_mixin.py:188} INFO - [2024-05-16T12:13:10.500+0000] {dag.py:3954} INFO - Setting next_dagrun for example_bash_operator to 2024-05-15 00:00:00+00:00, run_after=2024-05-16 00:00:00+00:00
[2024-05-16T12:13:10.551+0000] {processor.py:183} INFO - Processing /usr/local/python/3.10.13/lib/python3.10/site-packages/airflow/example_dags/example_bash_operator.py took 0.123 seconds
[2024-05-16T12:14:12.692+0000] {processor.py:161} INFO - Started process (PID=10660) to work on /usr/local/python/3.10.13/lib/python3.10/site-packages/airflow/example_dags/example_bash_operator.py
[2024-05-16T12:14:12.693+0000] {processor.py:830} INFO - Processing file /usr/local/python/3.10.13/lib/python3.10/site-packages/airflow/example_dags/example_bash_operator.py for tasks to queue
[2024-05-16T12:14:12.694+0000] {logging_mixin.py:188} INFO - [2024-05-16T12:14:12.694+0000] {dagbag.py:545} INFO - Filling up the DagBag from /usr/local/python/3.10.13/lib/python3.10/site-packages/airflow/example_dags/example_bash_operator.py
[2024-05-16T12:14:12.706+0000] {processor.py:840} INFO - DAG(s) 'example_bash_operator' retrieved from /usr/local/python/3.10.13/lib/python3.10/site-packages/airflow/example_dags/example_bash_operator.py
[2024-05-16T12:14:12.740+0000] {logging_mixin.py:188} INFO - [2024-05-16T12:14:12.739+0000] {dag.py:3096} INFO - Sync 1 DAGs
[2024-05-16T12:14:12.764+0000] {logging_mixin.py:188} INFO - [2024-05-16T12:14:12.764+0000] {dag.py:3954} INFO - Setting next_dagrun for example_bash_operator to 2024-05-15 00:00:00+00:00, run_after=2024-05-16 00:00:00+00:00
[2024-05-16T12:14:12.812+0000] {processor.py:183} INFO - Processing /usr/local/python/3.10.13/lib/python3.10/site-packages/airflow/example_dags/example_bash_operator.py took 0.124 seconds
[2024-05-16T12:15:17.114+0000] {processor.py:161} INFO - Started process (PID=11092) to work on /usr/local/python/3.10.13/lib/python3.10/site-packages/airflow/example_dags/example_bash_operator.py
[2024-05-16T12:15:17.115+0000] {processor.py:830} INFO - Processing file /usr/local/python/3.10.13/lib/python3.10/site-packages/airflow/example_dags/example_bash_operator.py for tasks to queue
[2024-05-16T12:15:17.117+0000] {logging_mixin.py:188} INFO - [2024-05-16T12:15:17.116+0000] {dagbag.py:545} INFO - Filling up the DagBag from /usr/local/python/3.10.13/lib/python3.10/site-packages/airflow/example_dags/example_bash_operator.py
[2024-05-16T12:15:17.126+0000] {processor.py:840} INFO - DAG(s) 'example_bash_operator' retrieved from /usr/local/python/3.10.13/lib/python3.10/site-packages/airflow/example_dags/example_bash_operator.py
[2024-05-16T12:15:17.150+0000] {logging_mixin.py:188} INFO - [2024-05-16T12:15:17.149+0000] {dag.py:3096} INFO - Sync 1 DAGs
[2024-05-16T12:15:17.173+0000] {logging_mixin.py:188} INFO - [2024-05-16T12:15:17.173+0000] {dag.py:3954} INFO - Setting next_dagrun for example_bash_operator to 2024-05-15 00:00:00+00:00, run_after=2024-05-16 00:00:00+00:00
[2024-05-16T12:15:17.228+0000] {processor.py:183} INFO - Processing /usr/local/python/3.10.13/lib/python3.10/site-packages/airflow/example_dags/example_bash_operator.py took 0.118 seconds
[2024-05-16T12:16:21.158+0000] {processor.py:161} INFO - Started process (PID=11588) to work on /usr/local/python/3.10.13/lib/python3.10/site-packages/airflow/example_dags/example_bash_operator.py
[2024-05-16T12:16:21.158+0000] {processor.py:830} INFO - Processing file /usr/local/python/3.10.13/lib/python3.10/site-packages/airflow/example_dags/example_bash_operator.py for tasks to queue
[2024-05-16T12:16:21.160+0000] {logging_mixin.py:188} INFO - [2024-05-16T12:16:21.159+0000] {dagbag.py:545} INFO - Filling up the DagBag from /usr/local/python/3.10.13/lib/python3.10/site-packages/airflow/example_dags/example_bash_operator.py
[2024-05-16T12:16:21.169+0000] {processor.py:840} INFO - DAG(s) 'example_bash_operator' retrieved from /usr/local/python/3.10.13/lib/python3.10/site-packages/airflow/example_dags/example_bash_operator.py
[2024-05-16T12:16:21.188+0000] {logging_mixin.py:188} INFO - [2024-05-16T12:16:21.188+0000] {dag.py:3096} INFO - Sync 1 DAGs
[2024-05-16T12:16:21.205+0000] {logging_mixin.py:188} INFO - [2024-05-16T12:16:21.205+0000] {dag.py:3954} INFO - Setting next_dagrun for example_bash_operator to 2024-05-15 00:00:00+00:00, run_after=2024-05-16 00:00:00+00:00
[2024-05-16T12:16:21.254+0000] {processor.py:183} INFO - Processing /usr/local/python/3.10.13/lib/python3.10/site-packages/airflow/example_dags/example_bash_operator.py took 0.101 seconds
[2024-05-16T12:17:26.105+0000] {processor.py:161} INFO - Started process (PID=12052) to work on /usr/local/python/3.10.13/lib/python3.10/site-packages/airflow/example_dags/example_bash_operator.py
[2024-05-16T12:17:26.106+0000] {processor.py:830} INFO - Processing file /usr/local/python/3.10.13/lib/python3.10/site-packages/airflow/example_dags/example_bash_operator.py for tasks to queue
[2024-05-16T12:17:26.108+0000] {logging_mixin.py:188} INFO - [2024-05-16T12:17:26.107+0000] {dagbag.py:545} INFO - Filling up the DagBag from /usr/local/python/3.10.13/lib/python3.10/site-packages/airflow/example_dags/example_bash_operator.py
[2024-05-16T12:17:26.117+0000] {processor.py:840} INFO - DAG(s) 'example_bash_operator' retrieved from /usr/local/python/3.10.13/lib/python3.10/site-packages/airflow/example_dags/example_bash_operator.py
[2024-05-16T12:17:26.135+0000] {logging_mixin.py:188} INFO - [2024-05-16T12:17:26.135+0000] {dag.py:3096} INFO - Sync 1 DAGs
[2024-05-16T12:17:26.151+0000] {logging_mixin.py:188} INFO - [2024-05-16T12:17:26.150+0000] {dag.py:3954} INFO - Setting next_dagrun for example_bash_operator to 2024-05-15 00:00:00+00:00, run_after=2024-05-16 00:00:00+00:00
[2024-05-16T12:17:26.198+0000] {processor.py:183} INFO - Processing /usr/local/python/3.10.13/lib/python3.10/site-packages/airflow/example_dags/example_bash_operator.py took 0.098 seconds
[2024-05-16T12:18:26.836+0000] {processor.py:161} INFO - Started process (PID=12477) to work on /usr/local/python/3.10.13/lib/python3.10/site-packages/airflow/example_dags/example_bash_operator.py
[2024-05-16T12:18:26.837+0000] {processor.py:830} INFO - Processing file /usr/local/python/3.10.13/lib/python3.10/site-packages/airflow/example_dags/example_bash_operator.py for tasks to queue
[2024-05-16T12:18:26.838+0000] {logging_mixin.py:188} INFO - [2024-05-16T12:18:26.838+0000] {dagbag.py:545} INFO - Filling up the DagBag from /usr/local/python/3.10.13/lib/python3.10/site-packages/airflow/example_dags/example_bash_operator.py
[2024-05-16T12:18:26.848+0000] {processor.py:840} INFO - DAG(s) 'example_bash_operator' retrieved from /usr/local/python/3.10.13/lib/python3.10/site-packages/airflow/example_dags/example_bash_operator.py
[2024-05-16T12:18:26.866+0000] {logging_mixin.py:188} INFO - [2024-05-16T12:18:26.866+0000] {dag.py:3096} INFO - Sync 1 DAGs
[2024-05-16T12:18:26.884+0000] {logging_mixin.py:188} INFO - [2024-05-16T12:18:26.883+0000] {dag.py:3954} INFO - Setting next_dagrun for example_bash_operator to 2024-05-15 00:00:00+00:00, run_after=2024-05-16 00:00:00+00:00
[2024-05-16T12:18:26.931+0000] {processor.py:183} INFO - Processing /usr/local/python/3.10.13/lib/python3.10/site-packages/airflow/example_dags/example_bash_operator.py took 0.100 seconds
[2024-05-16T12:19:31.271+0000] {processor.py:161} INFO - Started process (PID=12941) to work on /usr/local/python/3.10.13/lib/python3.10/site-packages/airflow/example_dags/example_bash_operator.py
[2024-05-16T12:19:31.271+0000] {processor.py:830} INFO - Processing file /usr/local/python/3.10.13/lib/python3.10/site-packages/airflow/example_dags/example_bash_operator.py for tasks to queue
[2024-05-16T12:19:31.273+0000] {logging_mixin.py:188} INFO - [2024-05-16T12:19:31.272+0000] {dagbag.py:545} INFO - Filling up the DagBag from /usr/local/python/3.10.13/lib/python3.10/site-packages/airflow/example_dags/example_bash_operator.py
[2024-05-16T12:19:31.282+0000] {processor.py:840} INFO - DAG(s) 'example_bash_operator' retrieved from /usr/local/python/3.10.13/lib/python3.10/site-packages/airflow/example_dags/example_bash_operator.py
[2024-05-16T12:19:31.301+0000] {logging_mixin.py:188} INFO - [2024-05-16T12:19:31.300+0000] {dag.py:3096} INFO - Sync 1 DAGs
[2024-05-16T12:19:31.317+0000] {logging_mixin.py:188} INFO - [2024-05-16T12:19:31.317+0000] {dag.py:3954} INFO - Setting next_dagrun for example_bash_operator to 2024-05-15 00:00:00+00:00, run_after=2024-05-16 00:00:00+00:00
[2024-05-16T12:19:31.363+0000] {processor.py:183} INFO - Processing /usr/local/python/3.10.13/lib/python3.10/site-packages/airflow/example_dags/example_bash_operator.py took 0.097 seconds
[2024-05-16T12:20:33.110+0000] {processor.py:161} INFO - Started process (PID=13381) to work on /usr/local/python/3.10.13/lib/python3.10/site-packages/airflow/example_dags/example_bash_operator.py
[2024-05-16T12:20:33.111+0000] {processor.py:830} INFO - Processing file /usr/local/python/3.10.13/lib/python3.10/site-packages/airflow/example_dags/example_bash_operator.py for tasks to queue
[2024-05-16T12:20:33.112+0000] {logging_mixin.py:188} INFO - [2024-05-16T12:20:33.112+0000] {dagbag.py:545} INFO - Filling up the DagBag from /usr/local/python/3.10.13/lib/python3.10/site-packages/airflow/example_dags/example_bash_operator.py
[2024-05-16T12:20:33.122+0000] {processor.py:840} INFO - DAG(s) 'example_bash_operator' retrieved from /usr/local/python/3.10.13/lib/python3.10/site-packages/airflow/example_dags/example_bash_operator.py
[2024-05-16T12:20:33.141+0000] {logging_mixin.py:188} INFO - [2024-05-16T12:20:33.140+0000] {dag.py:3096} INFO - Sync 1 DAGs
[2024-05-16T12:20:33.161+0000] {logging_mixin.py:188} INFO - [2024-05-16T12:20:33.161+0000] {dag.py:3954} INFO - Setting next_dagrun for example_bash_operator to 2024-05-15 00:00:00+00:00, run_after=2024-05-16 00:00:00+00:00
[2024-05-16T12:20:33.213+0000] {processor.py:183} INFO - Processing /usr/local/python/3.10.13/lib/python3.10/site-packages/airflow/example_dags/example_bash_operator.py took 0.107 seconds
[2024-05-16T12:21:37.225+0000] {processor.py:161} INFO - Started process (PID=13836) to work on /usr/local/python/3.10.13/lib/python3.10/site-packages/airflow/example_dags/example_bash_operator.py
[2024-05-16T12:21:37.226+0000] {processor.py:830} INFO - Processing file /usr/local/python/3.10.13/lib/python3.10/site-packages/airflow/example_dags/example_bash_operator.py for tasks to queue
[2024-05-16T12:21:37.227+0000] {logging_mixin.py:188} INFO - [2024-05-16T12:21:37.227+0000] {dagbag.py:545} INFO - Filling up the DagBag from /usr/local/python/3.10.13/lib/python3.10/site-packages/airflow/example_dags/example_bash_operator.py
[2024-05-16T12:21:37.237+0000] {processor.py:840} INFO - DAG(s) 'example_bash_operator' retrieved from /usr/local/python/3.10.13/lib/python3.10/site-packages/airflow/example_dags/example_bash_operator.py
[2024-05-16T12:21:37.255+0000] {logging_mixin.py:188} INFO - [2024-05-16T12:21:37.255+0000] {dag.py:3096} INFO - Sync 1 DAGs
[2024-05-16T12:21:37.272+0000] {logging_mixin.py:188} INFO - [2024-05-16T12:21:37.271+0000] {dag.py:3954} INFO - Setting next_dagrun for example_bash_operator to 2024-05-15 00:00:00+00:00, run_after=2024-05-16 00:00:00+00:00
[2024-05-16T12:21:37.321+0000] {processor.py:183} INFO - Processing /usr/local/python/3.10.13/lib/python3.10/site-packages/airflow/example_dags/example_bash_operator.py took 0.101 seconds
[2024-05-16T12:22:41.983+0000] {processor.py:161} INFO - Started process (PID=14319) to work on /usr/local/python/3.10.13/lib/python3.10/site-packages/airflow/example_dags/example_bash_operator.py
[2024-05-16T12:22:41.984+0000] {processor.py:830} INFO - Processing file /usr/local/python/3.10.13/lib/python3.10/site-packages/airflow/example_dags/example_bash_operator.py for tasks to queue
[2024-05-16T12:22:41.985+0000] {logging_mixin.py:188} INFO - [2024-05-16T12:22:41.985+0000] {dagbag.py:545} INFO - Filling up the DagBag from /usr/local/python/3.10.13/lib/python3.10/site-packages/airflow/example_dags/example_bash_operator.py
[2024-05-16T12:22:41.994+0000] {processor.py:840} INFO - DAG(s) 'example_bash_operator' retrieved from /usr/local/python/3.10.13/lib/python3.10/site-packages/airflow/example_dags/example_bash_operator.py
[2024-05-16T12:22:42.012+0000] {logging_mixin.py:188} INFO - [2024-05-16T12:22:42.012+0000] {dag.py:3096} INFO - Sync 1 DAGs
[2024-05-16T12:22:42.027+0000] {logging_mixin.py:188} INFO - [2024-05-16T12:22:42.027+0000] {dag.py:3954} INFO - Setting next_dagrun for example_bash_operator to 2024-05-15 00:00:00+00:00, run_after=2024-05-16 00:00:00+00:00
[2024-05-16T12:22:42.074+0000] {processor.py:183} INFO - Processing /usr/local/python/3.10.13/lib/python3.10/site-packages/airflow/example_dags/example_bash_operator.py took 0.095 seconds
[2024-05-16T12:23:50.062+0000] {processor.py:161} INFO - Started process (PID=14840) to work on /usr/local/python/3.10.13/lib/python3.10/site-packages/airflow/example_dags/example_bash_operator.py
[2024-05-16T12:23:50.062+0000] {processor.py:830} INFO - Processing file /usr/local/python/3.10.13/lib/python3.10/site-packages/airflow/example_dags/example_bash_operator.py for tasks to queue
[2024-05-16T12:23:50.064+0000] {logging_mixin.py:188} INFO - [2024-05-16T12:23:50.063+0000] {dagbag.py:545} INFO - Filling up the DagBag from /usr/local/python/3.10.13/lib/python3.10/site-packages/airflow/example_dags/example_bash_operator.py
[2024-05-16T12:23:50.073+0000] {processor.py:840} INFO - DAG(s) 'example_bash_operator' retrieved from /usr/local/python/3.10.13/lib/python3.10/site-packages/airflow/example_dags/example_bash_operator.py
[2024-05-16T12:23:50.092+0000] {logging_mixin.py:188} INFO - [2024-05-16T12:23:50.092+0000] {dag.py:3096} INFO - Sync 1 DAGs
[2024-05-16T12:23:50.109+0000] {logging_mixin.py:188} INFO - [2024-05-16T12:23:50.109+0000] {dag.py:3954} INFO - Setting next_dagrun for example_bash_operator to 2024-05-15 00:00:00+00:00, run_after=2024-05-16 00:00:00+00:00
[2024-05-16T12:23:50.153+0000] {processor.py:183} INFO - Processing /usr/local/python/3.10.13/lib/python3.10/site-packages/airflow/example_dags/example_bash_operator.py took 0.097 seconds
[2024-05-16T12:24:53.964+0000] {processor.py:161} INFO - Started process (PID=15303) to work on /usr/local/python/3.10.13/lib/python3.10/site-packages/airflow/example_dags/example_bash_operator.py
[2024-05-16T12:24:53.965+0000] {processor.py:830} INFO - Processing file /usr/local/python/3.10.13/lib/python3.10/site-packages/airflow/example_dags/example_bash_operator.py for tasks to queue
[2024-05-16T12:24:53.967+0000] {logging_mixin.py:188} INFO - [2024-05-16T12:24:53.966+0000] {dagbag.py:545} INFO - Filling up the DagBag from /usr/local/python/3.10.13/lib/python3.10/site-packages/airflow/example_dags/example_bash_operator.py
[2024-05-16T12:24:53.982+0000] {processor.py:840} INFO - DAG(s) 'example_bash_operator' retrieved from /usr/local/python/3.10.13/lib/python3.10/site-packages/airflow/example_dags/example_bash_operator.py
[2024-05-16T12:24:54.014+0000] {logging_mixin.py:188} INFO - [2024-05-16T12:24:54.013+0000] {dag.py:3096} INFO - Sync 1 DAGs
[2024-05-16T12:24:54.041+0000] {logging_mixin.py:188} INFO - [2024-05-16T12:24:54.041+0000] {dag.py:3954} INFO - Setting next_dagrun for example_bash_operator to 2024-05-15 00:00:00+00:00, run_after=2024-05-16 00:00:00+00:00
[2024-05-16T12:24:54.092+0000] {processor.py:183} INFO - Processing /usr/local/python/3.10.13/lib/python3.10/site-packages/airflow/example_dags/example_bash_operator.py took 0.134 seconds
[2024-05-16T12:25:52.473+0000] {processor.py:161} INFO - Started process (PID=15756) to work on /usr/local/python/3.10.13/lib/python3.10/site-packages/airflow/example_dags/example_bash_operator.py
[2024-05-16T12:25:52.473+0000] {processor.py:830} INFO - Processing file /usr/local/python/3.10.13/lib/python3.10/site-packages/airflow/example_dags/example_bash_operator.py for tasks to queue
[2024-05-16T12:25:52.475+0000] {logging_mixin.py:188} INFO - [2024-05-16T12:25:52.474+0000] {dagbag.py:545} INFO - Filling up the DagBag from /usr/local/python/3.10.13/lib/python3.10/site-packages/airflow/example_dags/example_bash_operator.py
[2024-05-16T12:25:52.484+0000] {processor.py:840} INFO - DAG(s) 'example_bash_operator' retrieved from /usr/local/python/3.10.13/lib/python3.10/site-packages/airflow/example_dags/example_bash_operator.py
[2024-05-16T12:25:52.502+0000] {logging_mixin.py:188} INFO - [2024-05-16T12:25:52.502+0000] {dag.py:3096} INFO - Sync 1 DAGs
[2024-05-16T12:25:52.518+0000] {logging_mixin.py:188} INFO - [2024-05-16T12:25:52.518+0000] {dag.py:3954} INFO - Setting next_dagrun for example_bash_operator to 2024-05-15 00:00:00+00:00, run_after=2024-05-16 00:00:00+00:00
[2024-05-16T12:25:52.566+0000] {processor.py:183} INFO - Processing /usr/local/python/3.10.13/lib/python3.10/site-packages/airflow/example_dags/example_bash_operator.py took 0.098 seconds
[2024-05-16T12:26:54.361+0000] {processor.py:161} INFO - Started process (PID=16218) to work on /usr/local/python/3.10.13/lib/python3.10/site-packages/airflow/example_dags/example_bash_operator.py
[2024-05-16T12:26:54.362+0000] {processor.py:830} INFO - Processing file /usr/local/python/3.10.13/lib/python3.10/site-packages/airflow/example_dags/example_bash_operator.py for tasks to queue
[2024-05-16T12:26:54.363+0000] {logging_mixin.py:188} INFO - [2024-05-16T12:26:54.363+0000] {dagbag.py:545} INFO - Filling up the DagBag from /usr/local/python/3.10.13/lib/python3.10/site-packages/airflow/example_dags/example_bash_operator.py
[2024-05-16T12:26:54.372+0000] {processor.py:840} INFO - DAG(s) 'example_bash_operator' retrieved from /usr/local/python/3.10.13/lib/python3.10/site-packages/airflow/example_dags/example_bash_operator.py
[2024-05-16T12:26:54.390+0000] {logging_mixin.py:188} INFO - [2024-05-16T12:26:54.390+0000] {dag.py:3096} INFO - Sync 1 DAGs
[2024-05-16T12:26:54.405+0000] {logging_mixin.py:188} INFO - [2024-05-16T12:26:54.405+0000] {dag.py:3954} INFO - Setting next_dagrun for example_bash_operator to 2024-05-15 00:00:00+00:00, run_after=2024-05-16 00:00:00+00:00
[2024-05-16T12:26:54.452+0000] {processor.py:183} INFO - Processing /usr/local/python/3.10.13/lib/python3.10/site-packages/airflow/example_dags/example_bash_operator.py took 0.095 seconds
[2024-05-16T12:27:59.909+0000] {processor.py:161} INFO - Started process (PID=16690) to work on /usr/local/python/3.10.13/lib/python3.10/site-packages/airflow/example_dags/example_bash_operator.py
[2024-05-16T12:27:59.909+0000] {processor.py:830} INFO - Processing file /usr/local/python/3.10.13/lib/python3.10/site-packages/airflow/example_dags/example_bash_operator.py for tasks to queue
[2024-05-16T12:27:59.911+0000] {logging_mixin.py:188} INFO - [2024-05-16T12:27:59.910+0000] {dagbag.py:545} INFO - Filling up the DagBag from /usr/local/python/3.10.13/lib/python3.10/site-packages/airflow/example_dags/example_bash_operator.py
[2024-05-16T12:27:59.920+0000] {processor.py:840} INFO - DAG(s) 'example_bash_operator' retrieved from /usr/local/python/3.10.13/lib/python3.10/site-packages/airflow/example_dags/example_bash_operator.py
[2024-05-16T12:27:59.938+0000] {logging_mixin.py:188} INFO - [2024-05-16T12:27:59.938+0000] {dag.py:3096} INFO - Sync 1 DAGs
[2024-05-16T12:27:59.953+0000] {logging_mixin.py:188} INFO - [2024-05-16T12:27:59.953+0000] {dag.py:3954} INFO - Setting next_dagrun for example_bash_operator to 2024-05-15 00:00:00+00:00, run_after=2024-05-16 00:00:00+00:00
[2024-05-16T12:28:00.002+0000] {processor.py:183} INFO - Processing /usr/local/python/3.10.13/lib/python3.10/site-packages/airflow/example_dags/example_bash_operator.py took 0.098 seconds
[2024-05-16T12:29:01.464+0000] {processor.py:161} INFO - Started process (PID=17129) to work on /usr/local/python/3.10.13/lib/python3.10/site-packages/airflow/example_dags/example_bash_operator.py
[2024-05-16T12:29:01.465+0000] {processor.py:830} INFO - Processing file /usr/local/python/3.10.13/lib/python3.10/site-packages/airflow/example_dags/example_bash_operator.py for tasks to queue
[2024-05-16T12:29:01.466+0000] {logging_mixin.py:188} INFO - [2024-05-16T12:29:01.466+0000] {dagbag.py:545} INFO - Filling up the DagBag from /usr/local/python/3.10.13/lib/python3.10/site-packages/airflow/example_dags/example_bash_operator.py
[2024-05-16T12:29:01.476+0000] {processor.py:840} INFO - DAG(s) 'example_bash_operator' retrieved from /usr/local/python/3.10.13/lib/python3.10/site-packages/airflow/example_dags/example_bash_operator.py
[2024-05-16T12:29:01.494+0000] {logging_mixin.py:188} INFO - [2024-05-16T12:29:01.494+0000] {dag.py:3096} INFO - Sync 1 DAGs
[2024-05-16T12:29:01.510+0000] {logging_mixin.py:188} INFO - [2024-05-16T12:29:01.510+0000] {dag.py:3954} INFO - Setting next_dagrun for example_bash_operator to 2024-05-15 00:00:00+00:00, run_after=2024-05-16 00:00:00+00:00
[2024-05-16T12:29:01.555+0000] {processor.py:183} INFO - Processing /usr/local/python/3.10.13/lib/python3.10/site-packages/airflow/example_dags/example_bash_operator.py took 0.095 seconds
[2024-05-16T12:30:05.291+0000] {processor.py:161} INFO - Started process (PID=17606) to work on /usr/local/python/3.10.13/lib/python3.10/site-packages/airflow/example_dags/example_bash_operator.py
[2024-05-16T12:30:05.293+0000] {processor.py:830} INFO - Processing file /usr/local/python/3.10.13/lib/python3.10/site-packages/airflow/example_dags/example_bash_operator.py for tasks to queue
[2024-05-16T12:30:05.294+0000] {logging_mixin.py:188} INFO - [2024-05-16T12:30:05.294+0000] {dagbag.py:545} INFO - Filling up the DagBag from /usr/local/python/3.10.13/lib/python3.10/site-packages/airflow/example_dags/example_bash_operator.py
[2024-05-16T12:30:05.312+0000] {processor.py:840} INFO - DAG(s) 'example_bash_operator' retrieved from /usr/local/python/3.10.13/lib/python3.10/site-packages/airflow/example_dags/example_bash_operator.py
[2024-05-16T12:30:05.344+0000] {logging_mixin.py:188} INFO - [2024-05-16T12:30:05.343+0000] {dag.py:3096} INFO - Sync 1 DAGs
[2024-05-16T12:30:05.365+0000] {logging_mixin.py:188} INFO - [2024-05-16T12:30:05.365+0000] {dag.py:3954} INFO - Setting next_dagrun for example_bash_operator to 2024-05-15 00:00:00+00:00, run_after=2024-05-16 00:00:00+00:00
[2024-05-16T12:30:05.410+0000] {processor.py:183} INFO - Processing /usr/local/python/3.10.13/lib/python3.10/site-packages/airflow/example_dags/example_bash_operator.py took 0.124 seconds
[2024-05-16T12:31:12.242+0000] {processor.py:161} INFO - Started process (PID=18078) to work on /usr/local/python/3.10.13/lib/python3.10/site-packages/airflow/example_dags/example_bash_operator.py
[2024-05-16T12:31:12.243+0000] {processor.py:830} INFO - Processing file /usr/local/python/3.10.13/lib/python3.10/site-packages/airflow/example_dags/example_bash_operator.py for tasks to queue
[2024-05-16T12:31:12.244+0000] {logging_mixin.py:188} INFO - [2024-05-16T12:31:12.244+0000] {dagbag.py:545} INFO - Filling up the DagBag from /usr/local/python/3.10.13/lib/python3.10/site-packages/airflow/example_dags/example_bash_operator.py
[2024-05-16T12:31:12.254+0000] {processor.py:840} INFO - DAG(s) 'example_bash_operator' retrieved from /usr/local/python/3.10.13/lib/python3.10/site-packages/airflow/example_dags/example_bash_operator.py
[2024-05-16T12:31:12.273+0000] {logging_mixin.py:188} INFO - [2024-05-16T12:31:12.273+0000] {dag.py:3096} INFO - Sync 1 DAGs
[2024-05-16T12:31:12.290+0000] {logging_mixin.py:188} INFO - [2024-05-16T12:31:12.290+0000] {dag.py:3954} INFO - Setting next_dagrun for example_bash_operator to 2024-05-15 00:00:00+00:00, run_after=2024-05-16 00:00:00+00:00
[2024-05-16T12:31:12.340+0000] {processor.py:183} INFO - Processing /usr/local/python/3.10.13/lib/python3.10/site-packages/airflow/example_dags/example_bash_operator.py took 0.103 seconds
[2024-05-16T12:32:14.609+0000] {processor.py:161} INFO - Started process (PID=18534) to work on /usr/local/python/3.10.13/lib/python3.10/site-packages/airflow/example_dags/example_bash_operator.py
[2024-05-16T12:32:14.610+0000] {processor.py:830} INFO - Processing file /usr/local/python/3.10.13/lib/python3.10/site-packages/airflow/example_dags/example_bash_operator.py for tasks to queue
[2024-05-16T12:32:14.612+0000] {logging_mixin.py:188} INFO - [2024-05-16T12:32:14.611+0000] {dagbag.py:545} INFO - Filling up the DagBag from /usr/local/python/3.10.13/lib/python3.10/site-packages/airflow/example_dags/example_bash_operator.py
[2024-05-16T12:32:14.627+0000] {processor.py:840} INFO - DAG(s) 'example_bash_operator' retrieved from /usr/local/python/3.10.13/lib/python3.10/site-packages/airflow/example_dags/example_bash_operator.py
[2024-05-16T12:32:14.658+0000] {logging_mixin.py:188} INFO - [2024-05-16T12:32:14.657+0000] {dag.py:3096} INFO - Sync 1 DAGs
[2024-05-16T12:32:14.682+0000] {logging_mixin.py:188} INFO - [2024-05-16T12:32:14.681+0000] {dag.py:3954} INFO - Setting next_dagrun for example_bash_operator to 2024-05-15 00:00:00+00:00, run_after=2024-05-16 00:00:00+00:00
[2024-05-16T12:32:14.731+0000] {processor.py:183} INFO - Processing /usr/local/python/3.10.13/lib/python3.10/site-packages/airflow/example_dags/example_bash_operator.py took 0.129 seconds
[2024-05-16T12:33:16.672+0000] {processor.py:161} INFO - Started process (PID=18977) to work on /usr/local/python/3.10.13/lib/python3.10/site-packages/airflow/example_dags/example_bash_operator.py
[2024-05-16T12:33:16.672+0000] {processor.py:830} INFO - Processing file /usr/local/python/3.10.13/lib/python3.10/site-packages/airflow/example_dags/example_bash_operator.py for tasks to queue
[2024-05-16T12:33:16.674+0000] {logging_mixin.py:188} INFO - [2024-05-16T12:33:16.673+0000] {dagbag.py:545} INFO - Filling up the DagBag from /usr/local/python/3.10.13/lib/python3.10/site-packages/airflow/example_dags/example_bash_operator.py
[2024-05-16T12:33:16.683+0000] {processor.py:840} INFO - DAG(s) 'example_bash_operator' retrieved from /usr/local/python/3.10.13/lib/python3.10/site-packages/airflow/example_dags/example_bash_operator.py
[2024-05-16T12:33:16.701+0000] {logging_mixin.py:188} INFO - [2024-05-16T12:33:16.701+0000] {dag.py:3096} INFO - Sync 1 DAGs
[2024-05-16T12:33:16.717+0000] {logging_mixin.py:188} INFO - [2024-05-16T12:33:16.717+0000] {dag.py:3954} INFO - Setting next_dagrun for example_bash_operator to 2024-05-15 00:00:00+00:00, run_after=2024-05-16 00:00:00+00:00
[2024-05-16T12:33:16.762+0000] {processor.py:183} INFO - Processing /usr/local/python/3.10.13/lib/python3.10/site-packages/airflow/example_dags/example_bash_operator.py took 0.095 seconds
[2024-05-16T12:34:20.323+0000] {processor.py:161} INFO - Started process (PID=19464) to work on /usr/local/python/3.10.13/lib/python3.10/site-packages/airflow/example_dags/example_bash_operator.py
[2024-05-16T12:34:20.324+0000] {processor.py:830} INFO - Processing file /usr/local/python/3.10.13/lib/python3.10/site-packages/airflow/example_dags/example_bash_operator.py for tasks to queue
[2024-05-16T12:34:20.327+0000] {logging_mixin.py:188} INFO - [2024-05-16T12:34:20.326+0000] {dagbag.py:545} INFO - Filling up the DagBag from /usr/local/python/3.10.13/lib/python3.10/site-packages/airflow/example_dags/example_bash_operator.py
[2024-05-16T12:34:20.337+0000] {processor.py:840} INFO - DAG(s) 'example_bash_operator' retrieved from /usr/local/python/3.10.13/lib/python3.10/site-packages/airflow/example_dags/example_bash_operator.py
[2024-05-16T12:34:20.358+0000] {logging_mixin.py:188} INFO - [2024-05-16T12:34:20.358+0000] {dag.py:3096} INFO - Sync 1 DAGs
[2024-05-16T12:34:20.374+0000] {logging_mixin.py:188} INFO - [2024-05-16T12:34:20.374+0000] {dag.py:3954} INFO - Setting next_dagrun for example_bash_operator to 2024-05-15 00:00:00+00:00, run_after=2024-05-16 00:00:00+00:00
[2024-05-16T12:34:20.421+0000] {processor.py:183} INFO - Processing /usr/local/python/3.10.13/lib/python3.10/site-packages/airflow/example_dags/example_bash_operator.py took 0.118 seconds
[2024-05-16T12:35:24.964+0000] {processor.py:161} INFO - Started process (PID=19931) to work on /usr/local/python/3.10.13/lib/python3.10/site-packages/airflow/example_dags/example_bash_operator.py
[2024-05-16T12:35:24.965+0000] {processor.py:830} INFO - Processing file /usr/local/python/3.10.13/lib/python3.10/site-packages/airflow/example_dags/example_bash_operator.py for tasks to queue
[2024-05-16T12:35:24.966+0000] {logging_mixin.py:188} INFO - [2024-05-16T12:35:24.966+0000] {dagbag.py:545} INFO - Filling up the DagBag from /usr/local/python/3.10.13/lib/python3.10/site-packages/airflow/example_dags/example_bash_operator.py
[2024-05-16T12:35:24.976+0000] {processor.py:840} INFO - DAG(s) 'example_bash_operator' retrieved from /usr/local/python/3.10.13/lib/python3.10/site-packages/airflow/example_dags/example_bash_operator.py
[2024-05-16T12:35:24.995+0000] {logging_mixin.py:188} INFO - [2024-05-16T12:35:24.995+0000] {dag.py:3096} INFO - Sync 1 DAGs
[2024-05-16T12:35:25.010+0000] {logging_mixin.py:188} INFO - [2024-05-16T12:35:25.010+0000] {dag.py:3954} INFO - Setting next_dagrun for example_bash_operator to 2024-05-15 00:00:00+00:00, run_after=2024-05-16 00:00:00+00:00
[2024-05-16T12:35:25.054+0000] {processor.py:183} INFO - Processing /usr/local/python/3.10.13/lib/python3.10/site-packages/airflow/example_dags/example_bash_operator.py took 0.095 seconds
[2024-05-16T12:36:25.546+0000] {processor.py:161} INFO - Started process (PID=20378) to work on /usr/local/python/3.10.13/lib/python3.10/site-packages/airflow/example_dags/example_bash_operator.py
[2024-05-16T12:36:25.547+0000] {processor.py:830} INFO - Processing file /usr/local/python/3.10.13/lib/python3.10/site-packages/airflow/example_dags/example_bash_operator.py for tasks to queue
[2024-05-16T12:36:25.548+0000] {logging_mixin.py:188} INFO - [2024-05-16T12:36:25.548+0000] {dagbag.py:545} INFO - Filling up the DagBag from /usr/local/python/3.10.13/lib/python3.10/site-packages/airflow/example_dags/example_bash_operator.py
[2024-05-16T12:36:25.560+0000] {processor.py:840} INFO - DAG(s) 'example_bash_operator' retrieved from /usr/local/python/3.10.13/lib/python3.10/site-packages/airflow/example_dags/example_bash_operator.py
[2024-05-16T12:36:25.578+0000] {logging_mixin.py:188} INFO - [2024-05-16T12:36:25.578+0000] {dag.py:3096} INFO - Sync 1 DAGs
[2024-05-16T12:36:25.594+0000] {logging_mixin.py:188} INFO - [2024-05-16T12:36:25.594+0000] {dag.py:3954} INFO - Setting next_dagrun for example_bash_operator to 2024-05-15 00:00:00+00:00, run_after=2024-05-16 00:00:00+00:00
[2024-05-16T12:36:25.638+0000] {processor.py:183} INFO - Processing /usr/local/python/3.10.13/lib/python3.10/site-packages/airflow/example_dags/example_bash_operator.py took 0.097 seconds
[2024-05-16T12:37:28.872+0000] {processor.py:161} INFO - Started process (PID=20820) to work on /usr/local/python/3.10.13/lib/python3.10/site-packages/airflow/example_dags/example_bash_operator.py
[2024-05-16T12:37:28.873+0000] {processor.py:830} INFO - Processing file /usr/local/python/3.10.13/lib/python3.10/site-packages/airflow/example_dags/example_bash_operator.py for tasks to queue
[2024-05-16T12:37:28.874+0000] {logging_mixin.py:188} INFO - [2024-05-16T12:37:28.874+0000] {dagbag.py:545} INFO - Filling up the DagBag from /usr/local/python/3.10.13/lib/python3.10/site-packages/airflow/example_dags/example_bash_operator.py
[2024-05-16T12:37:28.884+0000] {processor.py:840} INFO - DAG(s) 'example_bash_operator' retrieved from /usr/local/python/3.10.13/lib/python3.10/site-packages/airflow/example_dags/example_bash_operator.py
[2024-05-16T12:37:28.902+0000] {logging_mixin.py:188} INFO - [2024-05-16T12:37:28.902+0000] {dag.py:3096} INFO - Sync 1 DAGs
[2024-05-16T12:37:28.918+0000] {logging_mixin.py:188} INFO - [2024-05-16T12:37:28.918+0000] {dag.py:3954} INFO - Setting next_dagrun for example_bash_operator to 2024-05-15 00:00:00+00:00, run_after=2024-05-16 00:00:00+00:00
[2024-05-16T12:37:28.972+0000] {processor.py:183} INFO - Processing /usr/local/python/3.10.13/lib/python3.10/site-packages/airflow/example_dags/example_bash_operator.py took 0.104 seconds
[2024-05-16T12:38:27.297+0000] {processor.py:161} INFO - Started process (PID=21236) to work on /usr/local/python/3.10.13/lib/python3.10/site-packages/airflow/example_dags/example_bash_operator.py
[2024-05-16T12:38:27.298+0000] {processor.py:830} INFO - Processing file /usr/local/python/3.10.13/lib/python3.10/site-packages/airflow/example_dags/example_bash_operator.py for tasks to queue
[2024-05-16T12:38:27.299+0000] {logging_mixin.py:188} INFO - [2024-05-16T12:38:27.299+0000] {dagbag.py:545} INFO - Filling up the DagBag from /usr/local/python/3.10.13/lib/python3.10/site-packages/airflow/example_dags/example_bash_operator.py
[2024-05-16T12:38:27.309+0000] {processor.py:840} INFO - DAG(s) 'example_bash_operator' retrieved from /usr/local/python/3.10.13/lib/python3.10/site-packages/airflow/example_dags/example_bash_operator.py
[2024-05-16T12:38:27.327+0000] {logging_mixin.py:188} INFO - [2024-05-16T12:38:27.327+0000] {dag.py:3096} INFO - Sync 1 DAGs
[2024-05-16T12:38:27.343+0000] {logging_mixin.py:188} INFO - [2024-05-16T12:38:27.342+0000] {dag.py:3954} INFO - Setting next_dagrun for example_bash_operator to 2024-05-15 00:00:00+00:00, run_after=2024-05-16 00:00:00+00:00
[2024-05-16T12:38:27.387+0000] {processor.py:183} INFO - Processing /usr/local/python/3.10.13/lib/python3.10/site-packages/airflow/example_dags/example_bash_operator.py took 0.095 seconds
[2024-05-16T12:39:31.646+0000] {processor.py:161} INFO - Started process (PID=21685) to work on /usr/local/python/3.10.13/lib/python3.10/site-packages/airflow/example_dags/example_bash_operator.py
[2024-05-16T12:39:31.647+0000] {processor.py:830} INFO - Processing file /usr/local/python/3.10.13/lib/python3.10/site-packages/airflow/example_dags/example_bash_operator.py for tasks to queue
[2024-05-16T12:39:31.648+0000] {logging_mixin.py:188} INFO - [2024-05-16T12:39:31.648+0000] {dagbag.py:545} INFO - Filling up the DagBag from /usr/local/python/3.10.13/lib/python3.10/site-packages/airflow/example_dags/example_bash_operator.py
[2024-05-16T12:39:31.657+0000] {processor.py:840} INFO - DAG(s) 'example_bash_operator' retrieved from /usr/local/python/3.10.13/lib/python3.10/site-packages/airflow/example_dags/example_bash_operator.py
[2024-05-16T12:39:31.676+0000] {logging_mixin.py:188} INFO - [2024-05-16T12:39:31.676+0000] {dag.py:3096} INFO - Sync 1 DAGs
[2024-05-16T12:39:31.691+0000] {logging_mixin.py:188} INFO - [2024-05-16T12:39:31.691+0000] {dag.py:3954} INFO - Setting next_dagrun for example_bash_operator to 2024-05-15 00:00:00+00:00, run_after=2024-05-16 00:00:00+00:00
[2024-05-16T12:39:31.736+0000] {processor.py:183} INFO - Processing /usr/local/python/3.10.13/lib/python3.10/site-packages/airflow/example_dags/example_bash_operator.py took 0.094 seconds
[2024-05-16T12:40:36.176+0000] {processor.py:161} INFO - Started process (PID=22158) to work on /usr/local/python/3.10.13/lib/python3.10/site-packages/airflow/example_dags/example_bash_operator.py
[2024-05-16T12:40:36.177+0000] {processor.py:830} INFO - Processing file /usr/local/python/3.10.13/lib/python3.10/site-packages/airflow/example_dags/example_bash_operator.py for tasks to queue
[2024-05-16T12:40:36.178+0000] {logging_mixin.py:188} INFO - [2024-05-16T12:40:36.178+0000] {dagbag.py:545} INFO - Filling up the DagBag from /usr/local/python/3.10.13/lib/python3.10/site-packages/airflow/example_dags/example_bash_operator.py
[2024-05-16T12:40:36.187+0000] {processor.py:840} INFO - DAG(s) 'example_bash_operator' retrieved from /usr/local/python/3.10.13/lib/python3.10/site-packages/airflow/example_dags/example_bash_operator.py
[2024-05-16T12:40:36.205+0000] {logging_mixin.py:188} INFO - [2024-05-16T12:40:36.205+0000] {dag.py:3096} INFO - Sync 1 DAGs
[2024-05-16T12:40:36.224+0000] {logging_mixin.py:188} INFO - [2024-05-16T12:40:36.223+0000] {dag.py:3954} INFO - Setting next_dagrun for example_bash_operator to 2024-05-15 00:00:00+00:00, run_after=2024-05-16 00:00:00+00:00
[2024-05-16T12:40:36.286+0000] {processor.py:183} INFO - Processing /usr/local/python/3.10.13/lib/python3.10/site-packages/airflow/example_dags/example_bash_operator.py took 0.115 seconds
[2024-05-16T12:41:38.064+0000] {processor.py:161} INFO - Started process (PID=22582) to work on /usr/local/python/3.10.13/lib/python3.10/site-packages/airflow/example_dags/example_bash_operator.py
[2024-05-16T12:41:38.068+0000] {processor.py:830} INFO - Processing file /usr/local/python/3.10.13/lib/python3.10/site-packages/airflow/example_dags/example_bash_operator.py for tasks to queue
[2024-05-16T12:41:38.070+0000] {logging_mixin.py:188} INFO - [2024-05-16T12:41:38.069+0000] {dagbag.py:545} INFO - Filling up the DagBag from /usr/local/python/3.10.13/lib/python3.10/site-packages/airflow/example_dags/example_bash_operator.py
[2024-05-16T12:41:38.085+0000] {processor.py:840} INFO - DAG(s) 'example_bash_operator' retrieved from /usr/local/python/3.10.13/lib/python3.10/site-packages/airflow/example_dags/example_bash_operator.py
[2024-05-16T12:41:38.112+0000] {logging_mixin.py:188} INFO - [2024-05-16T12:41:38.112+0000] {dag.py:3096} INFO - Sync 1 DAGs
[2024-05-16T12:41:38.133+0000] {logging_mixin.py:188} INFO - [2024-05-16T12:41:38.133+0000] {dag.py:3954} INFO - Setting next_dagrun for example_bash_operator to 2024-05-15 00:00:00+00:00, run_after=2024-05-16 00:00:00+00:00
[2024-05-16T12:41:38.184+0000] {processor.py:183} INFO - Processing /usr/local/python/3.10.13/lib/python3.10/site-packages/airflow/example_dags/example_bash_operator.py took 0.127 seconds
[2024-05-16T12:42:42.224+0000] {processor.py:161} INFO - Started process (PID=23076) to work on /usr/local/python/3.10.13/lib/python3.10/site-packages/airflow/example_dags/example_bash_operator.py
[2024-05-16T12:42:42.225+0000] {processor.py:830} INFO - Processing file /usr/local/python/3.10.13/lib/python3.10/site-packages/airflow/example_dags/example_bash_operator.py for tasks to queue
[2024-05-16T12:42:42.227+0000] {logging_mixin.py:188} INFO - [2024-05-16T12:42:42.227+0000] {dagbag.py:545} INFO - Filling up the DagBag from /usr/local/python/3.10.13/lib/python3.10/site-packages/airflow/example_dags/example_bash_operator.py
[2024-05-16T12:42:42.240+0000] {processor.py:840} INFO - DAG(s) 'example_bash_operator' retrieved from /usr/local/python/3.10.13/lib/python3.10/site-packages/airflow/example_dags/example_bash_operator.py
[2024-05-16T12:42:42.259+0000] {logging_mixin.py:188} INFO - [2024-05-16T12:42:42.258+0000] {dag.py:3096} INFO - Sync 1 DAGs
[2024-05-16T12:42:42.274+0000] {logging_mixin.py:188} INFO - [2024-05-16T12:42:42.274+0000] {dag.py:3954} INFO - Setting next_dagrun for example_bash_operator to 2024-05-15 00:00:00+00:00, run_after=2024-05-16 00:00:00+00:00
[2024-05-16T12:42:42.320+0000] {processor.py:183} INFO - Processing /usr/local/python/3.10.13/lib/python3.10/site-packages/airflow/example_dags/example_bash_operator.py took 0.102 seconds
[2024-05-16T12:43:44.532+0000] {processor.py:161} INFO - Started process (PID=23538) to work on /usr/local/python/3.10.13/lib/python3.10/site-packages/airflow/example_dags/example_bash_operator.py
[2024-05-16T12:43:44.533+0000] {processor.py:830} INFO - Processing file /usr/local/python/3.10.13/lib/python3.10/site-packages/airflow/example_dags/example_bash_operator.py for tasks to queue
[2024-05-16T12:43:44.535+0000] {logging_mixin.py:188} INFO - [2024-05-16T12:43:44.534+0000] {dagbag.py:545} INFO - Filling up the DagBag from /usr/local/python/3.10.13/lib/python3.10/site-packages/airflow/example_dags/example_bash_operator.py
[2024-05-16T12:43:44.547+0000] {processor.py:840} INFO - DAG(s) 'example_bash_operator' retrieved from /usr/local/python/3.10.13/lib/python3.10/site-packages/airflow/example_dags/example_bash_operator.py
[2024-05-16T12:43:44.566+0000] {logging_mixin.py:188} INFO - [2024-05-16T12:43:44.566+0000] {dag.py:3096} INFO - Sync 1 DAGs
[2024-05-16T12:43:44.581+0000] {logging_mixin.py:188} INFO - [2024-05-16T12:43:44.581+0000] {dag.py:3954} INFO - Setting next_dagrun for example_bash_operator to 2024-05-15 00:00:00+00:00, run_after=2024-05-16 00:00:00+00:00
[2024-05-16T12:43:44.628+0000] {processor.py:183} INFO - Processing /usr/local/python/3.10.13/lib/python3.10/site-packages/airflow/example_dags/example_bash_operator.py took 0.101 seconds
[2024-05-16T12:44:50.087+0000] {processor.py:161} INFO - Started process (PID=23996) to work on /usr/local/python/3.10.13/lib/python3.10/site-packages/airflow/example_dags/example_bash_operator.py
[2024-05-16T12:44:50.088+0000] {processor.py:830} INFO - Processing file /usr/local/python/3.10.13/lib/python3.10/site-packages/airflow/example_dags/example_bash_operator.py for tasks to queue
[2024-05-16T12:44:50.089+0000] {logging_mixin.py:188} INFO - [2024-05-16T12:44:50.089+0000] {dagbag.py:545} INFO - Filling up the DagBag from /usr/local/python/3.10.13/lib/python3.10/site-packages/airflow/example_dags/example_bash_operator.py
[2024-05-16T12:44:50.099+0000] {processor.py:840} INFO - DAG(s) 'example_bash_operator' retrieved from /usr/local/python/3.10.13/lib/python3.10/site-packages/airflow/example_dags/example_bash_operator.py
[2024-05-16T12:44:50.128+0000] {logging_mixin.py:188} INFO - [2024-05-16T12:44:50.128+0000] {dag.py:3096} INFO - Sync 1 DAGs
[2024-05-16T12:44:50.153+0000] {logging_mixin.py:188} INFO - [2024-05-16T12:44:50.152+0000] {dag.py:3954} INFO - Setting next_dagrun for example_bash_operator to 2024-05-15 00:00:00+00:00, run_after=2024-05-16 00:00:00+00:00
[2024-05-16T12:44:50.201+0000] {processor.py:183} INFO - Processing /usr/local/python/3.10.13/lib/python3.10/site-packages/airflow/example_dags/example_bash_operator.py took 0.119 seconds
