[2024-05-16T12:06:37.965+0000] {processor.py:161} INFO - Started process (PID=7486) to work on /usr/local/python/3.10.13/lib/python3.10/site-packages/airflow/example_dags/example_branch_python_dop_operator_3.py
[2024-05-16T12:06:37.966+0000] {processor.py:830} INFO - Processing file /usr/local/python/3.10.13/lib/python3.10/site-packages/airflow/example_dags/example_branch_python_dop_operator_3.py for tasks to queue
[2024-05-16T12:06:37.968+0000] {logging_mixin.py:188} INFO - [2024-05-16T12:06:37.967+0000] {dagbag.py:545} INFO - Filling up the DagBag from /usr/local/python/3.10.13/lib/python3.10/site-packages/airflow/example_dags/example_branch_python_dop_operator_3.py
[2024-05-16T12:06:37.977+0000] {processor.py:840} INFO - DAG(s) 'example_branch_dop_operator_v3' retrieved from /usr/local/python/3.10.13/lib/python3.10/site-packages/airflow/example_dags/example_branch_python_dop_operator_3.py
[2024-05-16T12:06:38.127+0000] {logging_mixin.py:188} INFO - [2024-05-16T12:06:38.126+0000] {dag.py:3096} INFO - Sync 1 DAGs
[2024-05-16T12:06:38.144+0000] {logging_mixin.py:188} INFO - [2024-05-16T12:06:38.143+0000] {dag.py:3954} INFO - Setting next_dagrun for example_branch_dop_operator_v3 to 2024-05-16 12:05:00+00:00, run_after=2024-05-16 12:06:00+00:00
[2024-05-16T12:06:38.191+0000] {processor.py:183} INFO - Processing /usr/local/python/3.10.13/lib/python3.10/site-packages/airflow/example_dags/example_branch_python_dop_operator_3.py took 0.230 seconds
[2024-05-16T12:07:33.370+0000] {processor.py:161} INFO - Started process (PID=7870) to work on /usr/local/python/3.10.13/lib/python3.10/site-packages/airflow/example_dags/example_branch_python_dop_operator_3.py
[2024-05-16T12:07:33.371+0000] {processor.py:830} INFO - Processing file /usr/local/python/3.10.13/lib/python3.10/site-packages/airflow/example_dags/example_branch_python_dop_operator_3.py for tasks to queue
[2024-05-16T12:07:33.372+0000] {logging_mixin.py:188} INFO - [2024-05-16T12:07:33.372+0000] {dagbag.py:545} INFO - Filling up the DagBag from /usr/local/python/3.10.13/lib/python3.10/site-packages/airflow/example_dags/example_branch_python_dop_operator_3.py
[2024-05-16T12:07:33.380+0000] {processor.py:840} INFO - DAG(s) 'example_branch_dop_operator_v3' retrieved from /usr/local/python/3.10.13/lib/python3.10/site-packages/airflow/example_dags/example_branch_python_dop_operator_3.py
[2024-05-16T12:07:33.391+0000] {logging_mixin.py:188} INFO - [2024-05-16T12:07:33.391+0000] {dag.py:3096} INFO - Sync 1 DAGs
[2024-05-16T12:07:33.409+0000] {logging_mixin.py:188} INFO - [2024-05-16T12:07:33.409+0000] {dag.py:3954} INFO - Setting next_dagrun for example_branch_dop_operator_v3 to 2024-05-16 12:06:00+00:00, run_after=2024-05-16 12:07:00+00:00
[2024-05-16T12:07:33.460+0000] {processor.py:183} INFO - Processing /usr/local/python/3.10.13/lib/python3.10/site-packages/airflow/example_dags/example_branch_python_dop_operator_3.py took 0.095 seconds
[2024-05-16T12:08:24.017+0000] {processor.py:161} INFO - Started process (PID=8211) to work on /usr/local/python/3.10.13/lib/python3.10/site-packages/airflow/example_dags/example_branch_python_dop_operator_3.py
[2024-05-16T12:08:24.018+0000] {processor.py:830} INFO - Processing file /usr/local/python/3.10.13/lib/python3.10/site-packages/airflow/example_dags/example_branch_python_dop_operator_3.py for tasks to queue
[2024-05-16T12:08:24.019+0000] {logging_mixin.py:188} INFO - [2024-05-16T12:08:24.019+0000] {dagbag.py:545} INFO - Filling up the DagBag from /usr/local/python/3.10.13/lib/python3.10/site-packages/airflow/example_dags/example_branch_python_dop_operator_3.py
[2024-05-16T12:08:24.026+0000] {processor.py:840} INFO - DAG(s) 'example_branch_dop_operator_v3' retrieved from /usr/local/python/3.10.13/lib/python3.10/site-packages/airflow/example_dags/example_branch_python_dop_operator_3.py
[2024-05-16T12:08:24.037+0000] {logging_mixin.py:188} INFO - [2024-05-16T12:08:24.037+0000] {dag.py:3096} INFO - Sync 1 DAGs
[2024-05-16T12:08:24.055+0000] {logging_mixin.py:188} INFO - [2024-05-16T12:08:24.055+0000] {dag.py:3954} INFO - Setting next_dagrun for example_branch_dop_operator_v3 to 2024-05-16 12:07:00+00:00, run_after=2024-05-16 12:08:00+00:00
[2024-05-16T12:08:24.100+0000] {processor.py:183} INFO - Processing /usr/local/python/3.10.13/lib/python3.10/site-packages/airflow/example_dags/example_branch_python_dop_operator_3.py took 0.087 seconds
[2024-05-16T12:09:13.918+0000] {processor.py:161} INFO - Started process (PID=8592) to work on /usr/local/python/3.10.13/lib/python3.10/site-packages/airflow/example_dags/example_branch_python_dop_operator_3.py
[2024-05-16T12:09:13.919+0000] {processor.py:830} INFO - Processing file /usr/local/python/3.10.13/lib/python3.10/site-packages/airflow/example_dags/example_branch_python_dop_operator_3.py for tasks to queue
[2024-05-16T12:09:13.920+0000] {logging_mixin.py:188} INFO - [2024-05-16T12:09:13.920+0000] {dagbag.py:545} INFO - Filling up the DagBag from /usr/local/python/3.10.13/lib/python3.10/site-packages/airflow/example_dags/example_branch_python_dop_operator_3.py
[2024-05-16T12:09:13.928+0000] {processor.py:840} INFO - DAG(s) 'example_branch_dop_operator_v3' retrieved from /usr/local/python/3.10.13/lib/python3.10/site-packages/airflow/example_dags/example_branch_python_dop_operator_3.py
[2024-05-16T12:09:13.940+0000] {logging_mixin.py:188} INFO - [2024-05-16T12:09:13.940+0000] {dag.py:3096} INFO - Sync 1 DAGs
[2024-05-16T12:09:13.959+0000] {logging_mixin.py:188} INFO - [2024-05-16T12:09:13.959+0000] {dag.py:3954} INFO - Setting next_dagrun for example_branch_dop_operator_v3 to 2024-05-16 12:08:00+00:00, run_after=2024-05-16 12:09:00+00:00
[2024-05-16T12:09:14.009+0000] {processor.py:183} INFO - Processing /usr/local/python/3.10.13/lib/python3.10/site-packages/airflow/example_dags/example_branch_python_dop_operator_3.py took 0.095 seconds
[2024-05-16T12:09:57.652+0000] {processor.py:161} INFO - Started process (PID=8903) to work on /usr/local/python/3.10.13/lib/python3.10/site-packages/airflow/example_dags/example_branch_python_dop_operator_3.py
[2024-05-16T12:09:57.653+0000] {processor.py:830} INFO - Processing file /usr/local/python/3.10.13/lib/python3.10/site-packages/airflow/example_dags/example_branch_python_dop_operator_3.py for tasks to queue
[2024-05-16T12:09:57.654+0000] {logging_mixin.py:188} INFO - [2024-05-16T12:09:57.654+0000] {dagbag.py:545} INFO - Filling up the DagBag from /usr/local/python/3.10.13/lib/python3.10/site-packages/airflow/example_dags/example_branch_python_dop_operator_3.py
[2024-05-16T12:09:57.661+0000] {processor.py:840} INFO - DAG(s) 'example_branch_dop_operator_v3' retrieved from /usr/local/python/3.10.13/lib/python3.10/site-packages/airflow/example_dags/example_branch_python_dop_operator_3.py
[2024-05-16T12:09:57.674+0000] {logging_mixin.py:188} INFO - [2024-05-16T12:09:57.674+0000] {dag.py:3096} INFO - Sync 1 DAGs
[2024-05-16T12:09:57.692+0000] {logging_mixin.py:188} INFO - [2024-05-16T12:09:57.692+0000] {dag.py:3954} INFO - Setting next_dagrun for example_branch_dop_operator_v3 to 2024-05-16 12:08:00+00:00, run_after=2024-05-16 12:09:00+00:00
[2024-05-16T12:09:57.738+0000] {processor.py:183} INFO - Processing /usr/local/python/3.10.13/lib/python3.10/site-packages/airflow/example_dags/example_branch_python_dop_operator_3.py took 0.091 seconds
[2024-05-16T12:11:01.364+0000] {processor.py:161} INFO - Started process (PID=9327) to work on /usr/local/python/3.10.13/lib/python3.10/site-packages/airflow/example_dags/example_branch_python_dop_operator_3.py
[2024-05-16T12:11:01.365+0000] {processor.py:830} INFO - Processing file /usr/local/python/3.10.13/lib/python3.10/site-packages/airflow/example_dags/example_branch_python_dop_operator_3.py for tasks to queue
[2024-05-16T12:11:01.366+0000] {logging_mixin.py:188} INFO - [2024-05-16T12:11:01.366+0000] {dagbag.py:545} INFO - Filling up the DagBag from /usr/local/python/3.10.13/lib/python3.10/site-packages/airflow/example_dags/example_branch_python_dop_operator_3.py
[2024-05-16T12:11:01.373+0000] {processor.py:840} INFO - DAG(s) 'example_branch_dop_operator_v3' retrieved from /usr/local/python/3.10.13/lib/python3.10/site-packages/airflow/example_dags/example_branch_python_dop_operator_3.py
[2024-05-16T12:11:01.384+0000] {logging_mixin.py:188} INFO - [2024-05-16T12:11:01.384+0000] {dag.py:3096} INFO - Sync 1 DAGs
[2024-05-16T12:11:01.402+0000] {logging_mixin.py:188} INFO - [2024-05-16T12:11:01.402+0000] {dag.py:3954} INFO - Setting next_dagrun for example_branch_dop_operator_v3 to 2024-05-16 12:10:00+00:00, run_after=2024-05-16 12:11:00+00:00
[2024-05-16T12:11:01.454+0000] {processor.py:183} INFO - Processing /usr/local/python/3.10.13/lib/python3.10/site-packages/airflow/example_dags/example_branch_python_dop_operator_3.py took 0.094 seconds
[2024-05-16T12:11:59.371+0000] {processor.py:161} INFO - Started process (PID=9743) to work on /usr/local/python/3.10.13/lib/python3.10/site-packages/airflow/example_dags/example_branch_python_dop_operator_3.py
[2024-05-16T12:11:59.372+0000] {processor.py:830} INFO - Processing file /usr/local/python/3.10.13/lib/python3.10/site-packages/airflow/example_dags/example_branch_python_dop_operator_3.py for tasks to queue
[2024-05-16T12:11:59.374+0000] {logging_mixin.py:188} INFO - [2024-05-16T12:11:59.373+0000] {dagbag.py:545} INFO - Filling up the DagBag from /usr/local/python/3.10.13/lib/python3.10/site-packages/airflow/example_dags/example_branch_python_dop_operator_3.py
[2024-05-16T12:11:59.381+0000] {processor.py:840} INFO - DAG(s) 'example_branch_dop_operator_v3' retrieved from /usr/local/python/3.10.13/lib/python3.10/site-packages/airflow/example_dags/example_branch_python_dop_operator_3.py
[2024-05-16T12:11:59.392+0000] {logging_mixin.py:188} INFO - [2024-05-16T12:11:59.392+0000] {dag.py:3096} INFO - Sync 1 DAGs
[2024-05-16T12:11:59.410+0000] {logging_mixin.py:188} INFO - [2024-05-16T12:11:59.410+0000] {dag.py:3954} INFO - Setting next_dagrun for example_branch_dop_operator_v3 to 2024-05-16 12:10:00+00:00, run_after=2024-05-16 12:11:00+00:00
[2024-05-16T12:11:59.456+0000] {processor.py:183} INFO - Processing /usr/local/python/3.10.13/lib/python3.10/site-packages/airflow/example_dags/example_branch_python_dop_operator_3.py took 0.089 seconds
[2024-05-16T12:13:03.084+0000] {processor.py:161} INFO - Started process (PID=10177) to work on /usr/local/python/3.10.13/lib/python3.10/site-packages/airflow/example_dags/example_branch_python_dop_operator_3.py
[2024-05-16T12:13:03.084+0000] {processor.py:830} INFO - Processing file /usr/local/python/3.10.13/lib/python3.10/site-packages/airflow/example_dags/example_branch_python_dop_operator_3.py for tasks to queue
[2024-05-16T12:13:03.086+0000] {logging_mixin.py:188} INFO - [2024-05-16T12:13:03.085+0000] {dagbag.py:545} INFO - Filling up the DagBag from /usr/local/python/3.10.13/lib/python3.10/site-packages/airflow/example_dags/example_branch_python_dop_operator_3.py
[2024-05-16T12:13:03.093+0000] {processor.py:840} INFO - DAG(s) 'example_branch_dop_operator_v3' retrieved from /usr/local/python/3.10.13/lib/python3.10/site-packages/airflow/example_dags/example_branch_python_dop_operator_3.py
[2024-05-16T12:13:03.104+0000] {logging_mixin.py:188} INFO - [2024-05-16T12:13:03.104+0000] {dag.py:3096} INFO - Sync 1 DAGs
[2024-05-16T12:13:03.123+0000] {logging_mixin.py:188} INFO - [2024-05-16T12:13:03.123+0000] {dag.py:3954} INFO - Setting next_dagrun for example_branch_dop_operator_v3 to 2024-05-16 12:12:00+00:00, run_after=2024-05-16 12:13:00+00:00
[2024-05-16T12:13:03.182+0000] {processor.py:183} INFO - Processing /usr/local/python/3.10.13/lib/python3.10/site-packages/airflow/example_dags/example_branch_python_dop_operator_3.py took 0.103 seconds
[2024-05-16T12:14:06.390+0000] {processor.py:161} INFO - Started process (PID=10603) to work on /usr/local/python/3.10.13/lib/python3.10/site-packages/airflow/example_dags/example_branch_python_dop_operator_3.py
[2024-05-16T12:14:06.391+0000] {processor.py:830} INFO - Processing file /usr/local/python/3.10.13/lib/python3.10/site-packages/airflow/example_dags/example_branch_python_dop_operator_3.py for tasks to queue
[2024-05-16T12:14:06.392+0000] {logging_mixin.py:188} INFO - [2024-05-16T12:14:06.392+0000] {dagbag.py:545} INFO - Filling up the DagBag from /usr/local/python/3.10.13/lib/python3.10/site-packages/airflow/example_dags/example_branch_python_dop_operator_3.py
[2024-05-16T12:14:06.400+0000] {processor.py:840} INFO - DAG(s) 'example_branch_dop_operator_v3' retrieved from /usr/local/python/3.10.13/lib/python3.10/site-packages/airflow/example_dags/example_branch_python_dop_operator_3.py
[2024-05-16T12:14:06.410+0000] {logging_mixin.py:188} INFO - [2024-05-16T12:14:06.410+0000] {dag.py:3096} INFO - Sync 1 DAGs
[2024-05-16T12:14:06.429+0000] {logging_mixin.py:188} INFO - [2024-05-16T12:14:06.429+0000] {dag.py:3954} INFO - Setting next_dagrun for example_branch_dop_operator_v3 to 2024-05-16 12:13:00+00:00, run_after=2024-05-16 12:14:00+00:00
[2024-05-16T12:14:06.473+0000] {processor.py:183} INFO - Processing /usr/local/python/3.10.13/lib/python3.10/site-packages/airflow/example_dags/example_branch_python_dop_operator_3.py took 0.088 seconds
[2024-05-16T12:15:09.956+0000] {processor.py:161} INFO - Started process (PID=11061) to work on /usr/local/python/3.10.13/lib/python3.10/site-packages/airflow/example_dags/example_branch_python_dop_operator_3.py
[2024-05-16T12:15:09.957+0000] {processor.py:830} INFO - Processing file /usr/local/python/3.10.13/lib/python3.10/site-packages/airflow/example_dags/example_branch_python_dop_operator_3.py for tasks to queue
[2024-05-16T12:15:09.959+0000] {logging_mixin.py:188} INFO - [2024-05-16T12:15:09.958+0000] {dagbag.py:545} INFO - Filling up the DagBag from /usr/local/python/3.10.13/lib/python3.10/site-packages/airflow/example_dags/example_branch_python_dop_operator_3.py
[2024-05-16T12:15:09.966+0000] {processor.py:840} INFO - DAG(s) 'example_branch_dop_operator_v3' retrieved from /usr/local/python/3.10.13/lib/python3.10/site-packages/airflow/example_dags/example_branch_python_dop_operator_3.py
[2024-05-16T12:15:09.977+0000] {logging_mixin.py:188} INFO - [2024-05-16T12:15:09.977+0000] {dag.py:3096} INFO - Sync 1 DAGs
[2024-05-16T12:15:09.995+0000] {logging_mixin.py:188} INFO - [2024-05-16T12:15:09.995+0000] {dag.py:3954} INFO - Setting next_dagrun for example_branch_dop_operator_v3 to 2024-05-16 12:14:00+00:00, run_after=2024-05-16 12:15:00+00:00
[2024-05-16T12:15:10.041+0000] {processor.py:183} INFO - Processing /usr/local/python/3.10.13/lib/python3.10/site-packages/airflow/example_dags/example_branch_python_dop_operator_3.py took 0.089 seconds
[2024-05-16T12:16:14.303+0000] {processor.py:161} INFO - Started process (PID=11532) to work on /usr/local/python/3.10.13/lib/python3.10/site-packages/airflow/example_dags/example_branch_python_dop_operator_3.py
[2024-05-16T12:16:14.304+0000] {processor.py:830} INFO - Processing file /usr/local/python/3.10.13/lib/python3.10/site-packages/airflow/example_dags/example_branch_python_dop_operator_3.py for tasks to queue
[2024-05-16T12:16:14.306+0000] {logging_mixin.py:188} INFO - [2024-05-16T12:16:14.305+0000] {dagbag.py:545} INFO - Filling up the DagBag from /usr/local/python/3.10.13/lib/python3.10/site-packages/airflow/example_dags/example_branch_python_dop_operator_3.py
[2024-05-16T12:16:14.314+0000] {processor.py:840} INFO - DAG(s) 'example_branch_dop_operator_v3' retrieved from /usr/local/python/3.10.13/lib/python3.10/site-packages/airflow/example_dags/example_branch_python_dop_operator_3.py
[2024-05-16T12:16:14.326+0000] {logging_mixin.py:188} INFO - [2024-05-16T12:16:14.326+0000] {dag.py:3096} INFO - Sync 1 DAGs
[2024-05-16T12:16:14.344+0000] {logging_mixin.py:188} INFO - [2024-05-16T12:16:14.344+0000] {dag.py:3954} INFO - Setting next_dagrun for example_branch_dop_operator_v3 to 2024-05-16 12:15:00+00:00, run_after=2024-05-16 12:16:00+00:00
[2024-05-16T12:16:14.390+0000] {processor.py:183} INFO - Processing /usr/local/python/3.10.13/lib/python3.10/site-packages/airflow/example_dags/example_branch_python_dop_operator_3.py took 0.092 seconds
[2024-05-16T12:16:58.604+0000] {processor.py:161} INFO - Started process (PID=11850) to work on /usr/local/python/3.10.13/lib/python3.10/site-packages/airflow/example_dags/example_branch_python_dop_operator_3.py
[2024-05-16T12:16:58.605+0000] {processor.py:830} INFO - Processing file /usr/local/python/3.10.13/lib/python3.10/site-packages/airflow/example_dags/example_branch_python_dop_operator_3.py for tasks to queue
[2024-05-16T12:16:58.606+0000] {logging_mixin.py:188} INFO - [2024-05-16T12:16:58.606+0000] {dagbag.py:545} INFO - Filling up the DagBag from /usr/local/python/3.10.13/lib/python3.10/site-packages/airflow/example_dags/example_branch_python_dop_operator_3.py
[2024-05-16T12:16:58.614+0000] {processor.py:840} INFO - DAG(s) 'example_branch_dop_operator_v3' retrieved from /usr/local/python/3.10.13/lib/python3.10/site-packages/airflow/example_dags/example_branch_python_dop_operator_3.py
[2024-05-16T12:16:58.625+0000] {logging_mixin.py:188} INFO - [2024-05-16T12:16:58.625+0000] {dag.py:3096} INFO - Sync 1 DAGs
[2024-05-16T12:16:58.644+0000] {logging_mixin.py:188} INFO - [2024-05-16T12:16:58.644+0000] {dag.py:3954} INFO - Setting next_dagrun for example_branch_dop_operator_v3 to 2024-05-16 12:15:00+00:00, run_after=2024-05-16 12:16:00+00:00
[2024-05-16T12:16:58.695+0000] {processor.py:183} INFO - Processing /usr/local/python/3.10.13/lib/python3.10/site-packages/airflow/example_dags/example_branch_python_dop_operator_3.py took 0.095 seconds
[2024-05-16T12:18:00.756+0000] {processor.py:161} INFO - Started process (PID=12290) to work on /usr/local/python/3.10.13/lib/python3.10/site-packages/airflow/example_dags/example_branch_python_dop_operator_3.py
[2024-05-16T12:18:00.757+0000] {processor.py:830} INFO - Processing file /usr/local/python/3.10.13/lib/python3.10/site-packages/airflow/example_dags/example_branch_python_dop_operator_3.py for tasks to queue
[2024-05-16T12:18:00.759+0000] {logging_mixin.py:188} INFO - [2024-05-16T12:18:00.758+0000] {dagbag.py:545} INFO - Filling up the DagBag from /usr/local/python/3.10.13/lib/python3.10/site-packages/airflow/example_dags/example_branch_python_dop_operator_3.py
[2024-05-16T12:18:00.766+0000] {processor.py:840} INFO - DAG(s) 'example_branch_dop_operator_v3' retrieved from /usr/local/python/3.10.13/lib/python3.10/site-packages/airflow/example_dags/example_branch_python_dop_operator_3.py
[2024-05-16T12:18:00.777+0000] {logging_mixin.py:188} INFO - [2024-05-16T12:18:00.777+0000] {dag.py:3096} INFO - Sync 1 DAGs
[2024-05-16T12:18:00.796+0000] {logging_mixin.py:188} INFO - [2024-05-16T12:18:00.795+0000] {dag.py:3954} INFO - Setting next_dagrun for example_branch_dop_operator_v3 to 2024-05-16 12:17:00+00:00, run_after=2024-05-16 12:18:00+00:00
[2024-05-16T12:18:00.842+0000] {processor.py:183} INFO - Processing /usr/local/python/3.10.13/lib/python3.10/site-packages/airflow/example_dags/example_branch_python_dop_operator_3.py took 0.092 seconds
[2024-05-16T12:19:02.845+0000] {processor.py:161} INFO - Started process (PID=12731) to work on /usr/local/python/3.10.13/lib/python3.10/site-packages/airflow/example_dags/example_branch_python_dop_operator_3.py
[2024-05-16T12:19:02.846+0000] {processor.py:830} INFO - Processing file /usr/local/python/3.10.13/lib/python3.10/site-packages/airflow/example_dags/example_branch_python_dop_operator_3.py for tasks to queue
[2024-05-16T12:19:02.848+0000] {logging_mixin.py:188} INFO - [2024-05-16T12:19:02.848+0000] {dagbag.py:545} INFO - Filling up the DagBag from /usr/local/python/3.10.13/lib/python3.10/site-packages/airflow/example_dags/example_branch_python_dop_operator_3.py
[2024-05-16T12:19:02.855+0000] {processor.py:840} INFO - DAG(s) 'example_branch_dop_operator_v3' retrieved from /usr/local/python/3.10.13/lib/python3.10/site-packages/airflow/example_dags/example_branch_python_dop_operator_3.py
[2024-05-16T12:19:02.866+0000] {logging_mixin.py:188} INFO - [2024-05-16T12:19:02.866+0000] {dag.py:3096} INFO - Sync 1 DAGs
[2024-05-16T12:19:02.884+0000] {logging_mixin.py:188} INFO - [2024-05-16T12:19:02.884+0000] {dag.py:3954} INFO - Setting next_dagrun for example_branch_dop_operator_v3 to 2024-05-16 12:18:00+00:00, run_after=2024-05-16 12:19:00+00:00
[2024-05-16T12:19:02.932+0000] {processor.py:183} INFO - Processing /usr/local/python/3.10.13/lib/python3.10/site-packages/airflow/example_dags/example_branch_python_dop_operator_3.py took 0.091 seconds
[2024-05-16T12:20:05.364+0000] {processor.py:161} INFO - Started process (PID=13186) to work on /usr/local/python/3.10.13/lib/python3.10/site-packages/airflow/example_dags/example_branch_python_dop_operator_3.py
[2024-05-16T12:20:05.365+0000] {processor.py:830} INFO - Processing file /usr/local/python/3.10.13/lib/python3.10/site-packages/airflow/example_dags/example_branch_python_dop_operator_3.py for tasks to queue
[2024-05-16T12:20:05.367+0000] {logging_mixin.py:188} INFO - [2024-05-16T12:20:05.366+0000] {dagbag.py:545} INFO - Filling up the DagBag from /usr/local/python/3.10.13/lib/python3.10/site-packages/airflow/example_dags/example_branch_python_dop_operator_3.py
[2024-05-16T12:20:05.378+0000] {processor.py:840} INFO - DAG(s) 'example_branch_dop_operator_v3' retrieved from /usr/local/python/3.10.13/lib/python3.10/site-packages/airflow/example_dags/example_branch_python_dop_operator_3.py
[2024-05-16T12:20:05.400+0000] {logging_mixin.py:188} INFO - [2024-05-16T12:20:05.400+0000] {dag.py:3096} INFO - Sync 1 DAGs
[2024-05-16T12:20:05.423+0000] {logging_mixin.py:188} INFO - [2024-05-16T12:20:05.423+0000] {dag.py:3954} INFO - Setting next_dagrun for example_branch_dop_operator_v3 to 2024-05-16 12:19:00+00:00, run_after=2024-05-16 12:20:00+00:00
[2024-05-16T12:20:05.474+0000] {processor.py:183} INFO - Processing /usr/local/python/3.10.13/lib/python3.10/site-packages/airflow/example_dags/example_branch_python_dop_operator_3.py took 0.116 seconds
[2024-05-16T12:21:08.987+0000] {processor.py:161} INFO - Started process (PID=13641) to work on /usr/local/python/3.10.13/lib/python3.10/site-packages/airflow/example_dags/example_branch_python_dop_operator_3.py
[2024-05-16T12:21:08.988+0000] {processor.py:830} INFO - Processing file /usr/local/python/3.10.13/lib/python3.10/site-packages/airflow/example_dags/example_branch_python_dop_operator_3.py for tasks to queue
[2024-05-16T12:21:08.990+0000] {logging_mixin.py:188} INFO - [2024-05-16T12:21:08.989+0000] {dagbag.py:545} INFO - Filling up the DagBag from /usr/local/python/3.10.13/lib/python3.10/site-packages/airflow/example_dags/example_branch_python_dop_operator_3.py
[2024-05-16T12:21:08.997+0000] {processor.py:840} INFO - DAG(s) 'example_branch_dop_operator_v3' retrieved from /usr/local/python/3.10.13/lib/python3.10/site-packages/airflow/example_dags/example_branch_python_dop_operator_3.py
[2024-05-16T12:21:09.007+0000] {logging_mixin.py:188} INFO - [2024-05-16T12:21:09.007+0000] {dag.py:3096} INFO - Sync 1 DAGs
[2024-05-16T12:21:09.026+0000] {logging_mixin.py:188} INFO - [2024-05-16T12:21:09.026+0000] {dag.py:3954} INFO - Setting next_dagrun for example_branch_dop_operator_v3 to 2024-05-16 12:20:00+00:00, run_after=2024-05-16 12:21:00+00:00
[2024-05-16T12:21:09.077+0000] {processor.py:183} INFO - Processing /usr/local/python/3.10.13/lib/python3.10/site-packages/airflow/example_dags/example_branch_python_dop_operator_3.py took 0.094 seconds
[2024-05-16T12:22:12.958+0000] {processor.py:161} INFO - Started process (PID=14099) to work on /usr/local/python/3.10.13/lib/python3.10/site-packages/airflow/example_dags/example_branch_python_dop_operator_3.py
[2024-05-16T12:22:12.959+0000] {processor.py:830} INFO - Processing file /usr/local/python/3.10.13/lib/python3.10/site-packages/airflow/example_dags/example_branch_python_dop_operator_3.py for tasks to queue
[2024-05-16T12:22:12.960+0000] {logging_mixin.py:188} INFO - [2024-05-16T12:22:12.960+0000] {dagbag.py:545} INFO - Filling up the DagBag from /usr/local/python/3.10.13/lib/python3.10/site-packages/airflow/example_dags/example_branch_python_dop_operator_3.py
[2024-05-16T12:22:12.968+0000] {processor.py:840} INFO - DAG(s) 'example_branch_dop_operator_v3' retrieved from /usr/local/python/3.10.13/lib/python3.10/site-packages/airflow/example_dags/example_branch_python_dop_operator_3.py
[2024-05-16T12:22:12.978+0000] {logging_mixin.py:188} INFO - [2024-05-16T12:22:12.978+0000] {dag.py:3096} INFO - Sync 1 DAGs
[2024-05-16T12:22:12.997+0000] {logging_mixin.py:188} INFO - [2024-05-16T12:22:12.997+0000] {dag.py:3954} INFO - Setting next_dagrun for example_branch_dop_operator_v3 to 2024-05-16 12:21:00+00:00, run_after=2024-05-16 12:22:00+00:00
[2024-05-16T12:22:13.046+0000] {processor.py:183} INFO - Processing /usr/local/python/3.10.13/lib/python3.10/site-packages/airflow/example_dags/example_branch_python_dop_operator_3.py took 0.092 seconds
[2024-05-16T12:22:58.051+0000] {processor.py:161} INFO - Started process (PID=14442) to work on /usr/local/python/3.10.13/lib/python3.10/site-packages/airflow/example_dags/example_branch_python_dop_operator_3.py
[2024-05-16T12:22:58.052+0000] {processor.py:830} INFO - Processing file /usr/local/python/3.10.13/lib/python3.10/site-packages/airflow/example_dags/example_branch_python_dop_operator_3.py for tasks to queue
[2024-05-16T12:22:58.053+0000] {logging_mixin.py:188} INFO - [2024-05-16T12:22:58.053+0000] {dagbag.py:545} INFO - Filling up the DagBag from /usr/local/python/3.10.13/lib/python3.10/site-packages/airflow/example_dags/example_branch_python_dop_operator_3.py
[2024-05-16T12:22:58.061+0000] {processor.py:840} INFO - DAG(s) 'example_branch_dop_operator_v3' retrieved from /usr/local/python/3.10.13/lib/python3.10/site-packages/airflow/example_dags/example_branch_python_dop_operator_3.py
[2024-05-16T12:22:58.073+0000] {logging_mixin.py:188} INFO - [2024-05-16T12:22:58.072+0000] {dag.py:3096} INFO - Sync 1 DAGs
[2024-05-16T12:22:58.096+0000] {logging_mixin.py:188} INFO - [2024-05-16T12:22:58.095+0000] {dag.py:3954} INFO - Setting next_dagrun for example_branch_dop_operator_v3 to 2024-05-16 12:21:00+00:00, run_after=2024-05-16 12:22:00+00:00
[2024-05-16T12:22:58.141+0000] {processor.py:183} INFO - Processing /usr/local/python/3.10.13/lib/python3.10/site-packages/airflow/example_dags/example_branch_python_dop_operator_3.py took 0.094 seconds
[2024-05-16T12:23:44.097+0000] {processor.py:161} INFO - Started process (PID=14786) to work on /usr/local/python/3.10.13/lib/python3.10/site-packages/airflow/example_dags/example_branch_python_dop_operator_3.py
[2024-05-16T12:23:44.098+0000] {processor.py:830} INFO - Processing file /usr/local/python/3.10.13/lib/python3.10/site-packages/airflow/example_dags/example_branch_python_dop_operator_3.py for tasks to queue
[2024-05-16T12:23:44.099+0000] {logging_mixin.py:188} INFO - [2024-05-16T12:23:44.099+0000] {dagbag.py:545} INFO - Filling up the DagBag from /usr/local/python/3.10.13/lib/python3.10/site-packages/airflow/example_dags/example_branch_python_dop_operator_3.py
[2024-05-16T12:23:44.107+0000] {processor.py:840} INFO - DAG(s) 'example_branch_dop_operator_v3' retrieved from /usr/local/python/3.10.13/lib/python3.10/site-packages/airflow/example_dags/example_branch_python_dop_operator_3.py
[2024-05-16T12:23:44.118+0000] {logging_mixin.py:188} INFO - [2024-05-16T12:23:44.118+0000] {dag.py:3096} INFO - Sync 1 DAGs
[2024-05-16T12:23:44.137+0000] {logging_mixin.py:188} INFO - [2024-05-16T12:23:44.137+0000] {dag.py:3954} INFO - Setting next_dagrun for example_branch_dop_operator_v3 to 2024-05-16 12:22:00+00:00, run_after=2024-05-16 12:23:00+00:00
[2024-05-16T12:23:44.183+0000] {processor.py:183} INFO - Processing /usr/local/python/3.10.13/lib/python3.10/site-packages/airflow/example_dags/example_branch_python_dop_operator_3.py took 0.092 seconds
[2024-05-16T12:24:48.501+0000] {processor.py:161} INFO - Started process (PID=15258) to work on /usr/local/python/3.10.13/lib/python3.10/site-packages/airflow/example_dags/example_branch_python_dop_operator_3.py
[2024-05-16T12:24:48.502+0000] {processor.py:830} INFO - Processing file /usr/local/python/3.10.13/lib/python3.10/site-packages/airflow/example_dags/example_branch_python_dop_operator_3.py for tasks to queue
[2024-05-16T12:24:48.503+0000] {logging_mixin.py:188} INFO - [2024-05-16T12:24:48.503+0000] {dagbag.py:545} INFO - Filling up the DagBag from /usr/local/python/3.10.13/lib/python3.10/site-packages/airflow/example_dags/example_branch_python_dop_operator_3.py
[2024-05-16T12:24:48.511+0000] {processor.py:840} INFO - DAG(s) 'example_branch_dop_operator_v3' retrieved from /usr/local/python/3.10.13/lib/python3.10/site-packages/airflow/example_dags/example_branch_python_dop_operator_3.py
[2024-05-16T12:24:48.523+0000] {logging_mixin.py:188} INFO - [2024-05-16T12:24:48.523+0000] {dag.py:3096} INFO - Sync 1 DAGs
[2024-05-16T12:24:48.542+0000] {logging_mixin.py:188} INFO - [2024-05-16T12:24:48.542+0000] {dag.py:3954} INFO - Setting next_dagrun for example_branch_dop_operator_v3 to 2024-05-16 12:23:00+00:00, run_after=2024-05-16 12:24:00+00:00
[2024-05-16T12:24:48.590+0000] {processor.py:183} INFO - Processing /usr/local/python/3.10.13/lib/python3.10/site-packages/airflow/example_dags/example_branch_python_dop_operator_3.py took 0.094 seconds
[2024-05-16T12:25:47.307+0000] {processor.py:161} INFO - Started process (PID=15707) to work on /usr/local/python/3.10.13/lib/python3.10/site-packages/airflow/example_dags/example_branch_python_dop_operator_3.py
[2024-05-16T12:25:47.307+0000] {processor.py:830} INFO - Processing file /usr/local/python/3.10.13/lib/python3.10/site-packages/airflow/example_dags/example_branch_python_dop_operator_3.py for tasks to queue
[2024-05-16T12:25:47.309+0000] {logging_mixin.py:188} INFO - [2024-05-16T12:25:47.308+0000] {dagbag.py:545} INFO - Filling up the DagBag from /usr/local/python/3.10.13/lib/python3.10/site-packages/airflow/example_dags/example_branch_python_dop_operator_3.py
[2024-05-16T12:25:47.317+0000] {processor.py:840} INFO - DAG(s) 'example_branch_dop_operator_v3' retrieved from /usr/local/python/3.10.13/lib/python3.10/site-packages/airflow/example_dags/example_branch_python_dop_operator_3.py
[2024-05-16T12:25:47.327+0000] {logging_mixin.py:188} INFO - [2024-05-16T12:25:47.327+0000] {dag.py:3096} INFO - Sync 1 DAGs
[2024-05-16T12:25:47.346+0000] {logging_mixin.py:188} INFO - [2024-05-16T12:25:47.345+0000] {dag.py:3954} INFO - Setting next_dagrun for example_branch_dop_operator_v3 to 2024-05-16 12:24:00+00:00, run_after=2024-05-16 12:25:00+00:00
[2024-05-16T12:25:47.392+0000] {processor.py:183} INFO - Processing /usr/local/python/3.10.13/lib/python3.10/site-packages/airflow/example_dags/example_branch_python_dop_operator_3.py took 0.090 seconds
[2024-05-16T12:26:48.088+0000] {processor.py:161} INFO - Started process (PID=16167) to work on /usr/local/python/3.10.13/lib/python3.10/site-packages/airflow/example_dags/example_branch_python_dop_operator_3.py
[2024-05-16T12:26:48.089+0000] {processor.py:830} INFO - Processing file /usr/local/python/3.10.13/lib/python3.10/site-packages/airflow/example_dags/example_branch_python_dop_operator_3.py for tasks to queue
[2024-05-16T12:26:48.090+0000] {logging_mixin.py:188} INFO - [2024-05-16T12:26:48.090+0000] {dagbag.py:545} INFO - Filling up the DagBag from /usr/local/python/3.10.13/lib/python3.10/site-packages/airflow/example_dags/example_branch_python_dop_operator_3.py
[2024-05-16T12:26:48.098+0000] {processor.py:840} INFO - DAG(s) 'example_branch_dop_operator_v3' retrieved from /usr/local/python/3.10.13/lib/python3.10/site-packages/airflow/example_dags/example_branch_python_dop_operator_3.py
[2024-05-16T12:26:48.110+0000] {logging_mixin.py:188} INFO - [2024-05-16T12:26:48.109+0000] {dag.py:3096} INFO - Sync 1 DAGs
[2024-05-16T12:26:48.129+0000] {logging_mixin.py:188} INFO - [2024-05-16T12:26:48.128+0000] {dag.py:3954} INFO - Setting next_dagrun for example_branch_dop_operator_v3 to 2024-05-16 12:25:00+00:00, run_after=2024-05-16 12:26:00+00:00
[2024-05-16T12:26:48.178+0000] {processor.py:183} INFO - Processing /usr/local/python/3.10.13/lib/python3.10/site-packages/airflow/example_dags/example_branch_python_dop_operator_3.py took 0.094 seconds
[2024-05-16T12:27:52.971+0000] {processor.py:161} INFO - Started process (PID=16654) to work on /usr/local/python/3.10.13/lib/python3.10/site-packages/airflow/example_dags/example_branch_python_dop_operator_3.py
[2024-05-16T12:27:52.971+0000] {processor.py:830} INFO - Processing file /usr/local/python/3.10.13/lib/python3.10/site-packages/airflow/example_dags/example_branch_python_dop_operator_3.py for tasks to queue
[2024-05-16T12:27:52.973+0000] {logging_mixin.py:188} INFO - [2024-05-16T12:27:52.972+0000] {dagbag.py:545} INFO - Filling up the DagBag from /usr/local/python/3.10.13/lib/python3.10/site-packages/airflow/example_dags/example_branch_python_dop_operator_3.py
[2024-05-16T12:27:52.980+0000] {processor.py:840} INFO - DAG(s) 'example_branch_dop_operator_v3' retrieved from /usr/local/python/3.10.13/lib/python3.10/site-packages/airflow/example_dags/example_branch_python_dop_operator_3.py
[2024-05-16T12:27:52.991+0000] {logging_mixin.py:188} INFO - [2024-05-16T12:27:52.991+0000] {dag.py:3096} INFO - Sync 1 DAGs
[2024-05-16T12:27:53.010+0000] {logging_mixin.py:188} INFO - [2024-05-16T12:27:53.009+0000] {dag.py:3954} INFO - Setting next_dagrun for example_branch_dop_operator_v3 to 2024-05-16 12:26:00+00:00, run_after=2024-05-16 12:27:00+00:00
[2024-05-16T12:27:53.056+0000] {processor.py:183} INFO - Processing /usr/local/python/3.10.13/lib/python3.10/site-packages/airflow/example_dags/example_branch_python_dop_operator_3.py took 0.090 seconds
[2024-05-16T12:28:55.245+0000] {processor.py:161} INFO - Started process (PID=17099) to work on /usr/local/python/3.10.13/lib/python3.10/site-packages/airflow/example_dags/example_branch_python_dop_operator_3.py
[2024-05-16T12:28:55.246+0000] {processor.py:830} INFO - Processing file /usr/local/python/3.10.13/lib/python3.10/site-packages/airflow/example_dags/example_branch_python_dop_operator_3.py for tasks to queue
[2024-05-16T12:28:55.247+0000] {logging_mixin.py:188} INFO - [2024-05-16T12:28:55.247+0000] {dagbag.py:545} INFO - Filling up the DagBag from /usr/local/python/3.10.13/lib/python3.10/site-packages/airflow/example_dags/example_branch_python_dop_operator_3.py
[2024-05-16T12:28:55.254+0000] {processor.py:840} INFO - DAG(s) 'example_branch_dop_operator_v3' retrieved from /usr/local/python/3.10.13/lib/python3.10/site-packages/airflow/example_dags/example_branch_python_dop_operator_3.py
[2024-05-16T12:28:55.265+0000] {logging_mixin.py:188} INFO - [2024-05-16T12:28:55.265+0000] {dag.py:3096} INFO - Sync 1 DAGs
[2024-05-16T12:28:55.283+0000] {logging_mixin.py:188} INFO - [2024-05-16T12:28:55.283+0000] {dag.py:3954} INFO - Setting next_dagrun for example_branch_dop_operator_v3 to 2024-05-16 12:27:00+00:00, run_after=2024-05-16 12:28:00+00:00
[2024-05-16T12:28:55.329+0000] {processor.py:183} INFO - Processing /usr/local/python/3.10.13/lib/python3.10/site-packages/airflow/example_dags/example_branch_python_dop_operator_3.py took 0.089 seconds
[2024-05-16T12:30:01.078+0000] {processor.py:161} INFO - Started process (PID=17567) to work on /usr/local/python/3.10.13/lib/python3.10/site-packages/airflow/example_dags/example_branch_python_dop_operator_3.py
[2024-05-16T12:30:01.078+0000] {processor.py:830} INFO - Processing file /usr/local/python/3.10.13/lib/python3.10/site-packages/airflow/example_dags/example_branch_python_dop_operator_3.py for tasks to queue
[2024-05-16T12:30:01.080+0000] {logging_mixin.py:188} INFO - [2024-05-16T12:30:01.079+0000] {dagbag.py:545} INFO - Filling up the DagBag from /usr/local/python/3.10.13/lib/python3.10/site-packages/airflow/example_dags/example_branch_python_dop_operator_3.py
[2024-05-16T12:30:01.087+0000] {processor.py:840} INFO - DAG(s) 'example_branch_dop_operator_v3' retrieved from /usr/local/python/3.10.13/lib/python3.10/site-packages/airflow/example_dags/example_branch_python_dop_operator_3.py
[2024-05-16T12:30:01.098+0000] {logging_mixin.py:188} INFO - [2024-05-16T12:30:01.098+0000] {dag.py:3096} INFO - Sync 1 DAGs
[2024-05-16T12:30:01.117+0000] {logging_mixin.py:188} INFO - [2024-05-16T12:30:01.117+0000] {dag.py:3954} INFO - Setting next_dagrun for example_branch_dop_operator_v3 to 2024-05-16 12:29:00+00:00, run_after=2024-05-16 12:30:00+00:00
[2024-05-16T12:30:01.177+0000] {processor.py:183} INFO - Processing /usr/local/python/3.10.13/lib/python3.10/site-packages/airflow/example_dags/example_branch_python_dop_operator_3.py took 0.104 seconds
[2024-05-16T12:31:05.305+0000] {processor.py:161} INFO - Started process (PID=18015) to work on /usr/local/python/3.10.13/lib/python3.10/site-packages/airflow/example_dags/example_branch_python_dop_operator_3.py
[2024-05-16T12:31:05.306+0000] {processor.py:830} INFO - Processing file /usr/local/python/3.10.13/lib/python3.10/site-packages/airflow/example_dags/example_branch_python_dop_operator_3.py for tasks to queue
[2024-05-16T12:31:05.307+0000] {logging_mixin.py:188} INFO - [2024-05-16T12:31:05.307+0000] {dagbag.py:545} INFO - Filling up the DagBag from /usr/local/python/3.10.13/lib/python3.10/site-packages/airflow/example_dags/example_branch_python_dop_operator_3.py
[2024-05-16T12:31:05.315+0000] {processor.py:840} INFO - DAG(s) 'example_branch_dop_operator_v3' retrieved from /usr/local/python/3.10.13/lib/python3.10/site-packages/airflow/example_dags/example_branch_python_dop_operator_3.py
[2024-05-16T12:31:05.327+0000] {logging_mixin.py:188} INFO - [2024-05-16T12:31:05.327+0000] {dag.py:3096} INFO - Sync 1 DAGs
[2024-05-16T12:31:05.347+0000] {logging_mixin.py:188} INFO - [2024-05-16T12:31:05.347+0000] {dag.py:3954} INFO - Setting next_dagrun for example_branch_dop_operator_v3 to 2024-05-16 12:30:00+00:00, run_after=2024-05-16 12:31:00+00:00
[2024-05-16T12:31:05.393+0000] {processor.py:183} INFO - Processing /usr/local/python/3.10.13/lib/python3.10/site-packages/airflow/example_dags/example_branch_python_dop_operator_3.py took 0.092 seconds
[2024-05-16T12:32:07.607+0000] {processor.py:161} INFO - Started process (PID=18473) to work on /usr/local/python/3.10.13/lib/python3.10/site-packages/airflow/example_dags/example_branch_python_dop_operator_3.py
[2024-05-16T12:32:07.608+0000] {processor.py:830} INFO - Processing file /usr/local/python/3.10.13/lib/python3.10/site-packages/airflow/example_dags/example_branch_python_dop_operator_3.py for tasks to queue
[2024-05-16T12:32:07.609+0000] {logging_mixin.py:188} INFO - [2024-05-16T12:32:07.609+0000] {dagbag.py:545} INFO - Filling up the DagBag from /usr/local/python/3.10.13/lib/python3.10/site-packages/airflow/example_dags/example_branch_python_dop_operator_3.py
[2024-05-16T12:32:07.619+0000] {processor.py:840} INFO - DAG(s) 'example_branch_dop_operator_v3' retrieved from /usr/local/python/3.10.13/lib/python3.10/site-packages/airflow/example_dags/example_branch_python_dop_operator_3.py
[2024-05-16T12:32:07.639+0000] {logging_mixin.py:188} INFO - [2024-05-16T12:32:07.638+0000] {dag.py:3096} INFO - Sync 1 DAGs
[2024-05-16T12:32:07.668+0000] {logging_mixin.py:188} INFO - [2024-05-16T12:32:07.667+0000] {dag.py:3954} INFO - Setting next_dagrun for example_branch_dop_operator_v3 to 2024-05-16 12:31:00+00:00, run_after=2024-05-16 12:32:00+00:00
[2024-05-16T12:32:07.735+0000] {processor.py:183} INFO - Processing /usr/local/python/3.10.13/lib/python3.10/site-packages/airflow/example_dags/example_branch_python_dop_operator_3.py took 0.137 seconds
[2024-05-16T12:33:08.829+0000] {processor.py:161} INFO - Started process (PID=18924) to work on /usr/local/python/3.10.13/lib/python3.10/site-packages/airflow/example_dags/example_branch_python_dop_operator_3.py
[2024-05-16T12:33:08.830+0000] {processor.py:830} INFO - Processing file /usr/local/python/3.10.13/lib/python3.10/site-packages/airflow/example_dags/example_branch_python_dop_operator_3.py for tasks to queue
[2024-05-16T12:33:08.832+0000] {logging_mixin.py:188} INFO - [2024-05-16T12:33:08.831+0000] {dagbag.py:545} INFO - Filling up the DagBag from /usr/local/python/3.10.13/lib/python3.10/site-packages/airflow/example_dags/example_branch_python_dop_operator_3.py
[2024-05-16T12:33:08.847+0000] {processor.py:840} INFO - DAG(s) 'example_branch_dop_operator_v3' retrieved from /usr/local/python/3.10.13/lib/python3.10/site-packages/airflow/example_dags/example_branch_python_dop_operator_3.py
[2024-05-16T12:33:08.863+0000] {logging_mixin.py:188} INFO - [2024-05-16T12:33:08.863+0000] {dag.py:3096} INFO - Sync 1 DAGs
[2024-05-16T12:33:08.895+0000] {logging_mixin.py:188} INFO - [2024-05-16T12:33:08.895+0000] {dag.py:3954} INFO - Setting next_dagrun for example_branch_dop_operator_v3 to 2024-05-16 12:32:00+00:00, run_after=2024-05-16 12:33:00+00:00
[2024-05-16T12:33:08.949+0000] {processor.py:183} INFO - Processing /usr/local/python/3.10.13/lib/python3.10/site-packages/airflow/example_dags/example_branch_python_dop_operator_3.py took 0.125 seconds
[2024-05-16T12:34:13.670+0000] {processor.py:161} INFO - Started process (PID=19408) to work on /usr/local/python/3.10.13/lib/python3.10/site-packages/airflow/example_dags/example_branch_python_dop_operator_3.py
[2024-05-16T12:34:13.671+0000] {processor.py:830} INFO - Processing file /usr/local/python/3.10.13/lib/python3.10/site-packages/airflow/example_dags/example_branch_python_dop_operator_3.py for tasks to queue
[2024-05-16T12:34:13.672+0000] {logging_mixin.py:188} INFO - [2024-05-16T12:34:13.672+0000] {dagbag.py:545} INFO - Filling up the DagBag from /usr/local/python/3.10.13/lib/python3.10/site-packages/airflow/example_dags/example_branch_python_dop_operator_3.py
[2024-05-16T12:34:13.680+0000] {processor.py:840} INFO - DAG(s) 'example_branch_dop_operator_v3' retrieved from /usr/local/python/3.10.13/lib/python3.10/site-packages/airflow/example_dags/example_branch_python_dop_operator_3.py
[2024-05-16T12:34:13.690+0000] {logging_mixin.py:188} INFO - [2024-05-16T12:34:13.690+0000] {dag.py:3096} INFO - Sync 1 DAGs
[2024-05-16T12:34:13.710+0000] {logging_mixin.py:188} INFO - [2024-05-16T12:34:13.710+0000] {dag.py:3954} INFO - Setting next_dagrun for example_branch_dop_operator_v3 to 2024-05-16 12:33:00+00:00, run_after=2024-05-16 12:34:00+00:00
[2024-05-16T12:34:13.754+0000] {processor.py:183} INFO - Processing /usr/local/python/3.10.13/lib/python3.10/site-packages/airflow/example_dags/example_branch_python_dop_operator_3.py took 0.089 seconds
[2024-05-16T12:35:19.277+0000] {processor.py:161} INFO - Started process (PID=19879) to work on /usr/local/python/3.10.13/lib/python3.10/site-packages/airflow/example_dags/example_branch_python_dop_operator_3.py
[2024-05-16T12:35:19.277+0000] {processor.py:830} INFO - Processing file /usr/local/python/3.10.13/lib/python3.10/site-packages/airflow/example_dags/example_branch_python_dop_operator_3.py for tasks to queue
[2024-05-16T12:35:19.279+0000] {logging_mixin.py:188} INFO - [2024-05-16T12:35:19.278+0000] {dagbag.py:545} INFO - Filling up the DagBag from /usr/local/python/3.10.13/lib/python3.10/site-packages/airflow/example_dags/example_branch_python_dop_operator_3.py
[2024-05-16T12:35:19.286+0000] {processor.py:840} INFO - DAG(s) 'example_branch_dop_operator_v3' retrieved from /usr/local/python/3.10.13/lib/python3.10/site-packages/airflow/example_dags/example_branch_python_dop_operator_3.py
[2024-05-16T12:35:19.296+0000] {logging_mixin.py:188} INFO - [2024-05-16T12:35:19.296+0000] {dag.py:3096} INFO - Sync 1 DAGs
[2024-05-16T12:35:19.316+0000] {logging_mixin.py:188} INFO - [2024-05-16T12:35:19.316+0000] {dag.py:3954} INFO - Setting next_dagrun for example_branch_dop_operator_v3 to 2024-05-16 12:34:00+00:00, run_after=2024-05-16 12:35:00+00:00
[2024-05-16T12:35:19.363+0000] {processor.py:183} INFO - Processing /usr/local/python/3.10.13/lib/python3.10/site-packages/airflow/example_dags/example_branch_python_dop_operator_3.py took 0.091 seconds
[2024-05-16T12:36:19.135+0000] {processor.py:161} INFO - Started process (PID=20325) to work on /usr/local/python/3.10.13/lib/python3.10/site-packages/airflow/example_dags/example_branch_python_dop_operator_3.py
[2024-05-16T12:36:19.136+0000] {processor.py:830} INFO - Processing file /usr/local/python/3.10.13/lib/python3.10/site-packages/airflow/example_dags/example_branch_python_dop_operator_3.py for tasks to queue
[2024-05-16T12:36:19.137+0000] {logging_mixin.py:188} INFO - [2024-05-16T12:36:19.137+0000] {dagbag.py:545} INFO - Filling up the DagBag from /usr/local/python/3.10.13/lib/python3.10/site-packages/airflow/example_dags/example_branch_python_dop_operator_3.py
[2024-05-16T12:36:19.146+0000] {processor.py:840} INFO - DAG(s) 'example_branch_dop_operator_v3' retrieved from /usr/local/python/3.10.13/lib/python3.10/site-packages/airflow/example_dags/example_branch_python_dop_operator_3.py
[2024-05-16T12:36:19.158+0000] {logging_mixin.py:188} INFO - [2024-05-16T12:36:19.157+0000] {dag.py:3096} INFO - Sync 1 DAGs
[2024-05-16T12:36:19.180+0000] {logging_mixin.py:188} INFO - [2024-05-16T12:36:19.180+0000] {dag.py:3954} INFO - Setting next_dagrun for example_branch_dop_operator_v3 to 2024-05-16 12:35:00+00:00, run_after=2024-05-16 12:36:00+00:00
[2024-05-16T12:36:19.225+0000] {processor.py:183} INFO - Processing /usr/local/python/3.10.13/lib/python3.10/site-packages/airflow/example_dags/example_branch_python_dop_operator_3.py took 0.095 seconds
[2024-05-16T12:37:21.566+0000] {processor.py:161} INFO - Started process (PID=20758) to work on /usr/local/python/3.10.13/lib/python3.10/site-packages/airflow/example_dags/example_branch_python_dop_operator_3.py
[2024-05-16T12:37:21.567+0000] {processor.py:830} INFO - Processing file /usr/local/python/3.10.13/lib/python3.10/site-packages/airflow/example_dags/example_branch_python_dop_operator_3.py for tasks to queue
[2024-05-16T12:37:21.568+0000] {logging_mixin.py:188} INFO - [2024-05-16T12:37:21.568+0000] {dagbag.py:545} INFO - Filling up the DagBag from /usr/local/python/3.10.13/lib/python3.10/site-packages/airflow/example_dags/example_branch_python_dop_operator_3.py
[2024-05-16T12:37:21.575+0000] {processor.py:840} INFO - DAG(s) 'example_branch_dop_operator_v3' retrieved from /usr/local/python/3.10.13/lib/python3.10/site-packages/airflow/example_dags/example_branch_python_dop_operator_3.py
[2024-05-16T12:37:21.586+0000] {logging_mixin.py:188} INFO - [2024-05-16T12:37:21.586+0000] {dag.py:3096} INFO - Sync 1 DAGs
[2024-05-16T12:37:21.605+0000] {logging_mixin.py:188} INFO - [2024-05-16T12:37:21.604+0000] {dag.py:3954} INFO - Setting next_dagrun for example_branch_dop_operator_v3 to 2024-05-16 12:36:00+00:00, run_after=2024-05-16 12:37:00+00:00
[2024-05-16T12:37:21.651+0000] {processor.py:183} INFO - Processing /usr/local/python/3.10.13/lib/python3.10/site-packages/airflow/example_dags/example_branch_python_dop_operator_3.py took 0.089 seconds
[2024-05-16T12:38:20.448+0000] {processor.py:161} INFO - Started process (PID=21187) to work on /usr/local/python/3.10.13/lib/python3.10/site-packages/airflow/example_dags/example_branch_python_dop_operator_3.py
[2024-05-16T12:38:20.449+0000] {processor.py:830} INFO - Processing file /usr/local/python/3.10.13/lib/python3.10/site-packages/airflow/example_dags/example_branch_python_dop_operator_3.py for tasks to queue
[2024-05-16T12:38:20.450+0000] {logging_mixin.py:188} INFO - [2024-05-16T12:38:20.450+0000] {dagbag.py:545} INFO - Filling up the DagBag from /usr/local/python/3.10.13/lib/python3.10/site-packages/airflow/example_dags/example_branch_python_dop_operator_3.py
[2024-05-16T12:38:20.458+0000] {processor.py:840} INFO - DAG(s) 'example_branch_dop_operator_v3' retrieved from /usr/local/python/3.10.13/lib/python3.10/site-packages/airflow/example_dags/example_branch_python_dop_operator_3.py
[2024-05-16T12:38:20.469+0000] {logging_mixin.py:188} INFO - [2024-05-16T12:38:20.469+0000] {dag.py:3096} INFO - Sync 1 DAGs
[2024-05-16T12:38:20.488+0000] {logging_mixin.py:188} INFO - [2024-05-16T12:38:20.488+0000] {dag.py:3954} INFO - Setting next_dagrun for example_branch_dop_operator_v3 to 2024-05-16 12:37:00+00:00, run_after=2024-05-16 12:38:00+00:00
[2024-05-16T12:38:20.539+0000] {processor.py:183} INFO - Processing /usr/local/python/3.10.13/lib/python3.10/site-packages/airflow/example_dags/example_branch_python_dop_operator_3.py took 0.096 seconds
[2024-05-16T12:39:24.168+0000] {processor.py:161} INFO - Started process (PID=21632) to work on /usr/local/python/3.10.13/lib/python3.10/site-packages/airflow/example_dags/example_branch_python_dop_operator_3.py
[2024-05-16T12:39:24.168+0000] {processor.py:830} INFO - Processing file /usr/local/python/3.10.13/lib/python3.10/site-packages/airflow/example_dags/example_branch_python_dop_operator_3.py for tasks to queue
[2024-05-16T12:39:24.170+0000] {logging_mixin.py:188} INFO - [2024-05-16T12:39:24.170+0000] {dagbag.py:545} INFO - Filling up the DagBag from /usr/local/python/3.10.13/lib/python3.10/site-packages/airflow/example_dags/example_branch_python_dop_operator_3.py
[2024-05-16T12:39:24.177+0000] {processor.py:840} INFO - DAG(s) 'example_branch_dop_operator_v3' retrieved from /usr/local/python/3.10.13/lib/python3.10/site-packages/airflow/example_dags/example_branch_python_dop_operator_3.py
[2024-05-16T12:39:24.188+0000] {logging_mixin.py:188} INFO - [2024-05-16T12:39:24.188+0000] {dag.py:3096} INFO - Sync 1 DAGs
[2024-05-16T12:39:24.206+0000] {logging_mixin.py:188} INFO - [2024-05-16T12:39:24.206+0000] {dag.py:3954} INFO - Setting next_dagrun for example_branch_dop_operator_v3 to 2024-05-16 12:38:00+00:00, run_after=2024-05-16 12:39:00+00:00
[2024-05-16T12:39:24.253+0000] {processor.py:183} INFO - Processing /usr/local/python/3.10.13/lib/python3.10/site-packages/airflow/example_dags/example_branch_python_dop_operator_3.py took 0.090 seconds
[2024-05-16T12:40:07.228+0000] {processor.py:161} INFO - Started process (PID=21965) to work on /usr/local/python/3.10.13/lib/python3.10/site-packages/airflow/example_dags/example_branch_python_dop_operator_3.py
[2024-05-16T12:40:07.229+0000] {processor.py:830} INFO - Processing file /usr/local/python/3.10.13/lib/python3.10/site-packages/airflow/example_dags/example_branch_python_dop_operator_3.py for tasks to queue
[2024-05-16T12:40:07.230+0000] {logging_mixin.py:188} INFO - [2024-05-16T12:40:07.230+0000] {dagbag.py:545} INFO - Filling up the DagBag from /usr/local/python/3.10.13/lib/python3.10/site-packages/airflow/example_dags/example_branch_python_dop_operator_3.py
[2024-05-16T12:40:07.237+0000] {processor.py:840} INFO - DAG(s) 'example_branch_dop_operator_v3' retrieved from /usr/local/python/3.10.13/lib/python3.10/site-packages/airflow/example_dags/example_branch_python_dop_operator_3.py
[2024-05-16T12:40:07.248+0000] {logging_mixin.py:188} INFO - [2024-05-16T12:40:07.248+0000] {dag.py:3096} INFO - Sync 1 DAGs
[2024-05-16T12:40:07.269+0000] {logging_mixin.py:188} INFO - [2024-05-16T12:40:07.269+0000] {dag.py:3954} INFO - Setting next_dagrun for example_branch_dop_operator_v3 to 2024-05-16 12:39:00+00:00, run_after=2024-05-16 12:40:00+00:00
[2024-05-16T12:40:07.313+0000] {processor.py:183} INFO - Processing /usr/local/python/3.10.13/lib/python3.10/site-packages/airflow/example_dags/example_branch_python_dop_operator_3.py took 0.090 seconds
[2024-05-16T12:41:10.041+0000] {processor.py:161} INFO - Started process (PID=22407) to work on /usr/local/python/3.10.13/lib/python3.10/site-packages/airflow/example_dags/example_branch_python_dop_operator_3.py
[2024-05-16T12:41:10.042+0000] {processor.py:830} INFO - Processing file /usr/local/python/3.10.13/lib/python3.10/site-packages/airflow/example_dags/example_branch_python_dop_operator_3.py for tasks to queue
[2024-05-16T12:41:10.043+0000] {logging_mixin.py:188} INFO - [2024-05-16T12:41:10.043+0000] {dagbag.py:545} INFO - Filling up the DagBag from /usr/local/python/3.10.13/lib/python3.10/site-packages/airflow/example_dags/example_branch_python_dop_operator_3.py
[2024-05-16T12:41:10.050+0000] {processor.py:840} INFO - DAG(s) 'example_branch_dop_operator_v3' retrieved from /usr/local/python/3.10.13/lib/python3.10/site-packages/airflow/example_dags/example_branch_python_dop_operator_3.py
[2024-05-16T12:41:10.061+0000] {logging_mixin.py:188} INFO - [2024-05-16T12:41:10.061+0000] {dag.py:3096} INFO - Sync 1 DAGs
[2024-05-16T12:41:10.080+0000] {logging_mixin.py:188} INFO - [2024-05-16T12:41:10.079+0000] {dag.py:3954} INFO - Setting next_dagrun for example_branch_dop_operator_v3 to 2024-05-16 12:40:00+00:00, run_after=2024-05-16 12:41:00+00:00
[2024-05-16T12:41:10.126+0000] {processor.py:183} INFO - Processing /usr/local/python/3.10.13/lib/python3.10/site-packages/airflow/example_dags/example_branch_python_dop_operator_3.py took 0.090 seconds
[2024-05-16T12:42:14.508+0000] {processor.py:161} INFO - Started process (PID=22867) to work on /usr/local/python/3.10.13/lib/python3.10/site-packages/airflow/example_dags/example_branch_python_dop_operator_3.py
[2024-05-16T12:42:14.509+0000] {processor.py:830} INFO - Processing file /usr/local/python/3.10.13/lib/python3.10/site-packages/airflow/example_dags/example_branch_python_dop_operator_3.py for tasks to queue
[2024-05-16T12:42:14.511+0000] {logging_mixin.py:188} INFO - [2024-05-16T12:42:14.510+0000] {dagbag.py:545} INFO - Filling up the DagBag from /usr/local/python/3.10.13/lib/python3.10/site-packages/airflow/example_dags/example_branch_python_dop_operator_3.py
[2024-05-16T12:42:14.518+0000] {processor.py:840} INFO - DAG(s) 'example_branch_dop_operator_v3' retrieved from /usr/local/python/3.10.13/lib/python3.10/site-packages/airflow/example_dags/example_branch_python_dop_operator_3.py
[2024-05-16T12:42:14.529+0000] {logging_mixin.py:188} INFO - [2024-05-16T12:42:14.529+0000] {dag.py:3096} INFO - Sync 1 DAGs
[2024-05-16T12:42:14.547+0000] {logging_mixin.py:188} INFO - [2024-05-16T12:42:14.547+0000] {dag.py:3954} INFO - Setting next_dagrun for example_branch_dop_operator_v3 to 2024-05-16 12:41:00+00:00, run_after=2024-05-16 12:42:00+00:00
[2024-05-16T12:42:14.595+0000] {processor.py:183} INFO - Processing /usr/local/python/3.10.13/lib/python3.10/site-packages/airflow/example_dags/example_branch_python_dop_operator_3.py took 0.091 seconds
[2024-05-16T12:43:15.782+0000] {processor.py:161} INFO - Started process (PID=23323) to work on /usr/local/python/3.10.13/lib/python3.10/site-packages/airflow/example_dags/example_branch_python_dop_operator_3.py
[2024-05-16T12:43:15.783+0000] {processor.py:830} INFO - Processing file /usr/local/python/3.10.13/lib/python3.10/site-packages/airflow/example_dags/example_branch_python_dop_operator_3.py for tasks to queue
[2024-05-16T12:43:15.784+0000] {logging_mixin.py:188} INFO - [2024-05-16T12:43:15.784+0000] {dagbag.py:545} INFO - Filling up the DagBag from /usr/local/python/3.10.13/lib/python3.10/site-packages/airflow/example_dags/example_branch_python_dop_operator_3.py
[2024-05-16T12:43:15.792+0000] {processor.py:840} INFO - DAG(s) 'example_branch_dop_operator_v3' retrieved from /usr/local/python/3.10.13/lib/python3.10/site-packages/airflow/example_dags/example_branch_python_dop_operator_3.py
[2024-05-16T12:43:15.803+0000] {logging_mixin.py:188} INFO - [2024-05-16T12:43:15.802+0000] {dag.py:3096} INFO - Sync 1 DAGs
[2024-05-16T12:43:15.823+0000] {logging_mixin.py:188} INFO - [2024-05-16T12:43:15.823+0000] {dag.py:3954} INFO - Setting next_dagrun for example_branch_dop_operator_v3 to 2024-05-16 12:42:00+00:00, run_after=2024-05-16 12:43:00+00:00
[2024-05-16T12:43:15.885+0000] {processor.py:183} INFO - Processing /usr/local/python/3.10.13/lib/python3.10/site-packages/airflow/example_dags/example_branch_python_dop_operator_3.py took 0.109 seconds
[2024-05-16T12:44:21.910+0000] {processor.py:161} INFO - Started process (PID=23797) to work on /usr/local/python/3.10.13/lib/python3.10/site-packages/airflow/example_dags/example_branch_python_dop_operator_3.py
[2024-05-16T12:44:21.911+0000] {processor.py:830} INFO - Processing file /usr/local/python/3.10.13/lib/python3.10/site-packages/airflow/example_dags/example_branch_python_dop_operator_3.py for tasks to queue
[2024-05-16T12:44:21.912+0000] {logging_mixin.py:188} INFO - [2024-05-16T12:44:21.912+0000] {dagbag.py:545} INFO - Filling up the DagBag from /usr/local/python/3.10.13/lib/python3.10/site-packages/airflow/example_dags/example_branch_python_dop_operator_3.py
[2024-05-16T12:44:21.920+0000] {processor.py:840} INFO - DAG(s) 'example_branch_dop_operator_v3' retrieved from /usr/local/python/3.10.13/lib/python3.10/site-packages/airflow/example_dags/example_branch_python_dop_operator_3.py
[2024-05-16T12:44:21.931+0000] {logging_mixin.py:188} INFO - [2024-05-16T12:44:21.931+0000] {dag.py:3096} INFO - Sync 1 DAGs
[2024-05-16T12:44:21.950+0000] {logging_mixin.py:188} INFO - [2024-05-16T12:44:21.949+0000] {dag.py:3954} INFO - Setting next_dagrun for example_branch_dop_operator_v3 to 2024-05-16 12:43:00+00:00, run_after=2024-05-16 12:44:00+00:00
[2024-05-16T12:44:21.996+0000] {processor.py:183} INFO - Processing /usr/local/python/3.10.13/lib/python3.10/site-packages/airflow/example_dags/example_branch_python_dop_operator_3.py took 0.090 seconds
[2024-05-16T12:45:26.358+0000] {processor.py:161} INFO - Started process (PID=24370) to work on /usr/local/python/3.10.13/lib/python3.10/site-packages/airflow/example_dags/example_branch_python_dop_operator_3.py
[2024-05-16T12:45:26.360+0000] {processor.py:830} INFO - Processing file /usr/local/python/3.10.13/lib/python3.10/site-packages/airflow/example_dags/example_branch_python_dop_operator_3.py for tasks to queue
[2024-05-16T12:45:26.362+0000] {logging_mixin.py:188} INFO - [2024-05-16T12:45:26.361+0000] {dagbag.py:545} INFO - Filling up the DagBag from /usr/local/python/3.10.13/lib/python3.10/site-packages/airflow/example_dags/example_branch_python_dop_operator_3.py
[2024-05-16T12:45:26.373+0000] {processor.py:840} INFO - DAG(s) 'example_branch_dop_operator_v3' retrieved from /usr/local/python/3.10.13/lib/python3.10/site-packages/airflow/example_dags/example_branch_python_dop_operator_3.py
[2024-05-16T12:45:26.393+0000] {logging_mixin.py:188} INFO - [2024-05-16T12:45:26.393+0000] {dag.py:3096} INFO - Sync 1 DAGs
[2024-05-16T12:45:26.423+0000] {logging_mixin.py:188} INFO - [2024-05-16T12:45:26.423+0000] {dag.py:3954} INFO - Setting next_dagrun for example_branch_dop_operator_v3 to 2024-05-16 12:44:00+00:00, run_after=2024-05-16 12:45:00+00:00
[2024-05-16T12:45:26.473+0000] {processor.py:183} INFO - Processing /usr/local/python/3.10.13/lib/python3.10/site-packages/airflow/example_dags/example_branch_python_dop_operator_3.py took 0.119 seconds
