[2024-05-16T12:06:40.679+0000] {processor.py:161} INFO - Started process (PID=7512) to work on /usr/local/python/3.10.13/lib/python3.10/site-packages/airflow/example_dags/example_dynamic_task_mapping.py
[2024-05-16T12:06:40.680+0000] {processor.py:830} INFO - Processing file /usr/local/python/3.10.13/lib/python3.10/site-packages/airflow/example_dags/example_dynamic_task_mapping.py for tasks to queue
[2024-05-16T12:06:40.683+0000] {logging_mixin.py:188} INFO - [2024-05-16T12:06:40.682+0000] {dagbag.py:545} INFO - Filling up the DagBag from /usr/local/python/3.10.13/lib/python3.10/site-packages/airflow/example_dags/example_dynamic_task_mapping.py
[2024-05-16T12:06:40.694+0000] {processor.py:840} INFO - DAG(s) 'example_dynamic_task_mapping' retrieved from /usr/local/python/3.10.13/lib/python3.10/site-packages/airflow/example_dags/example_dynamic_task_mapping.py
[2024-05-16T12:06:40.853+0000] {logging_mixin.py:188} INFO - [2024-05-16T12:06:40.853+0000] {dag.py:3096} INFO - Sync 1 DAGs
[2024-05-16T12:06:40.865+0000] {logging_mixin.py:188} INFO - [2024-05-16T12:06:40.865+0000] {dag.py:3954} INFO - Setting next_dagrun for example_dynamic_task_mapping to 2022-03-04 00:00:00+00:00, run_after=2022-03-05 00:00:00+00:00
[2024-05-16T12:06:40.911+0000] {processor.py:183} INFO - Processing /usr/local/python/3.10.13/lib/python3.10/site-packages/airflow/example_dags/example_dynamic_task_mapping.py took 0.240 seconds
[2024-05-16T12:07:35.401+0000] {processor.py:161} INFO - Started process (PID=7878) to work on /usr/local/python/3.10.13/lib/python3.10/site-packages/airflow/example_dags/example_dynamic_task_mapping.py
[2024-05-16T12:07:35.402+0000] {processor.py:830} INFO - Processing file /usr/local/python/3.10.13/lib/python3.10/site-packages/airflow/example_dags/example_dynamic_task_mapping.py for tasks to queue
[2024-05-16T12:07:35.403+0000] {logging_mixin.py:188} INFO - [2024-05-16T12:07:35.403+0000] {dagbag.py:545} INFO - Filling up the DagBag from /usr/local/python/3.10.13/lib/python3.10/site-packages/airflow/example_dags/example_dynamic_task_mapping.py
[2024-05-16T12:07:35.408+0000] {processor.py:840} INFO - DAG(s) 'example_dynamic_task_mapping' retrieved from /usr/local/python/3.10.13/lib/python3.10/site-packages/airflow/example_dags/example_dynamic_task_mapping.py
[2024-05-16T12:07:35.418+0000] {logging_mixin.py:188} INFO - [2024-05-16T12:07:35.418+0000] {dag.py:3096} INFO - Sync 1 DAGs
[2024-05-16T12:07:35.433+0000] {logging_mixin.py:188} INFO - [2024-05-16T12:07:35.433+0000] {dag.py:3954} INFO - Setting next_dagrun for example_dynamic_task_mapping to 2022-03-04 00:00:00+00:00, run_after=2022-03-05 00:00:00+00:00
[2024-05-16T12:07:35.479+0000] {processor.py:183} INFO - Processing /usr/local/python/3.10.13/lib/python3.10/site-packages/airflow/example_dags/example_dynamic_task_mapping.py took 0.083 seconds
[2024-05-16T12:08:26.076+0000] {processor.py:161} INFO - Started process (PID=8225) to work on /usr/local/python/3.10.13/lib/python3.10/site-packages/airflow/example_dags/example_dynamic_task_mapping.py
[2024-05-16T12:08:26.077+0000] {processor.py:830} INFO - Processing file /usr/local/python/3.10.13/lib/python3.10/site-packages/airflow/example_dags/example_dynamic_task_mapping.py for tasks to queue
[2024-05-16T12:08:26.078+0000] {logging_mixin.py:188} INFO - [2024-05-16T12:08:26.078+0000] {dagbag.py:545} INFO - Filling up the DagBag from /usr/local/python/3.10.13/lib/python3.10/site-packages/airflow/example_dags/example_dynamic_task_mapping.py
[2024-05-16T12:08:26.083+0000] {processor.py:840} INFO - DAG(s) 'example_dynamic_task_mapping' retrieved from /usr/local/python/3.10.13/lib/python3.10/site-packages/airflow/example_dags/example_dynamic_task_mapping.py
[2024-05-16T12:08:26.094+0000] {logging_mixin.py:188} INFO - [2024-05-16T12:08:26.093+0000] {dag.py:3096} INFO - Sync 1 DAGs
[2024-05-16T12:08:26.108+0000] {logging_mixin.py:188} INFO - [2024-05-16T12:08:26.108+0000] {dag.py:3954} INFO - Setting next_dagrun for example_dynamic_task_mapping to 2022-03-04 00:00:00+00:00, run_after=2022-03-05 00:00:00+00:00
[2024-05-16T12:08:26.154+0000] {processor.py:183} INFO - Processing /usr/local/python/3.10.13/lib/python3.10/site-packages/airflow/example_dags/example_dynamic_task_mapping.py took 0.083 seconds
[2024-05-16T12:09:15.489+0000] {processor.py:161} INFO - Started process (PID=8600) to work on /usr/local/python/3.10.13/lib/python3.10/site-packages/airflow/example_dags/example_dynamic_task_mapping.py
[2024-05-16T12:09:15.489+0000] {processor.py:830} INFO - Processing file /usr/local/python/3.10.13/lib/python3.10/site-packages/airflow/example_dags/example_dynamic_task_mapping.py for tasks to queue
[2024-05-16T12:09:15.491+0000] {logging_mixin.py:188} INFO - [2024-05-16T12:09:15.490+0000] {dagbag.py:545} INFO - Filling up the DagBag from /usr/local/python/3.10.13/lib/python3.10/site-packages/airflow/example_dags/example_dynamic_task_mapping.py
[2024-05-16T12:09:15.496+0000] {processor.py:840} INFO - DAG(s) 'example_dynamic_task_mapping' retrieved from /usr/local/python/3.10.13/lib/python3.10/site-packages/airflow/example_dags/example_dynamic_task_mapping.py
[2024-05-16T12:09:15.507+0000] {logging_mixin.py:188} INFO - [2024-05-16T12:09:15.507+0000] {dag.py:3096} INFO - Sync 1 DAGs
[2024-05-16T12:09:15.521+0000] {logging_mixin.py:188} INFO - [2024-05-16T12:09:15.521+0000] {dag.py:3954} INFO - Setting next_dagrun for example_dynamic_task_mapping to 2022-03-04 00:00:00+00:00, run_after=2022-03-05 00:00:00+00:00
[2024-05-16T12:09:15.571+0000] {processor.py:183} INFO - Processing /usr/local/python/3.10.13/lib/python3.10/site-packages/airflow/example_dags/example_dynamic_task_mapping.py took 0.087 seconds
[2024-05-16T12:10:21.282+0000] {processor.py:161} INFO - Started process (PID=9055) to work on /usr/local/python/3.10.13/lib/python3.10/site-packages/airflow/example_dags/example_dynamic_task_mapping.py
[2024-05-16T12:10:21.284+0000] {processor.py:830} INFO - Processing file /usr/local/python/3.10.13/lib/python3.10/site-packages/airflow/example_dags/example_dynamic_task_mapping.py for tasks to queue
[2024-05-16T12:10:21.285+0000] {logging_mixin.py:188} INFO - [2024-05-16T12:10:21.285+0000] {dagbag.py:545} INFO - Filling up the DagBag from /usr/local/python/3.10.13/lib/python3.10/site-packages/airflow/example_dags/example_dynamic_task_mapping.py
[2024-05-16T12:10:21.292+0000] {processor.py:840} INFO - DAG(s) 'example_dynamic_task_mapping' retrieved from /usr/local/python/3.10.13/lib/python3.10/site-packages/airflow/example_dags/example_dynamic_task_mapping.py
[2024-05-16T12:10:21.307+0000] {logging_mixin.py:188} INFO - [2024-05-16T12:10:21.307+0000] {dag.py:3096} INFO - Sync 1 DAGs
[2024-05-16T12:10:21.328+0000] {logging_mixin.py:188} INFO - [2024-05-16T12:10:21.327+0000] {dag.py:3954} INFO - Setting next_dagrun for example_dynamic_task_mapping to 2022-03-04 00:00:00+00:00, run_after=2022-03-05 00:00:00+00:00
[2024-05-16T12:10:21.375+0000] {processor.py:183} INFO - Processing /usr/local/python/3.10.13/lib/python3.10/site-packages/airflow/example_dags/example_dynamic_task_mapping.py took 0.099 seconds
[2024-05-16T12:11:21.942+0000] {processor.py:161} INFO - Started process (PID=9471) to work on /usr/local/python/3.10.13/lib/python3.10/site-packages/airflow/example_dags/example_dynamic_task_mapping.py
[2024-05-16T12:11:21.943+0000] {processor.py:830} INFO - Processing file /usr/local/python/3.10.13/lib/python3.10/site-packages/airflow/example_dags/example_dynamic_task_mapping.py for tasks to queue
[2024-05-16T12:11:21.944+0000] {logging_mixin.py:188} INFO - [2024-05-16T12:11:21.944+0000] {dagbag.py:545} INFO - Filling up the DagBag from /usr/local/python/3.10.13/lib/python3.10/site-packages/airflow/example_dags/example_dynamic_task_mapping.py
[2024-05-16T12:11:21.951+0000] {processor.py:840} INFO - DAG(s) 'example_dynamic_task_mapping' retrieved from /usr/local/python/3.10.13/lib/python3.10/site-packages/airflow/example_dags/example_dynamic_task_mapping.py
[2024-05-16T12:11:21.966+0000] {logging_mixin.py:188} INFO - [2024-05-16T12:11:21.966+0000] {dag.py:3096} INFO - Sync 1 DAGs
[2024-05-16T12:11:21.984+0000] {logging_mixin.py:188} INFO - [2024-05-16T12:11:21.984+0000] {dag.py:3954} INFO - Setting next_dagrun for example_dynamic_task_mapping to 2022-03-04 00:00:00+00:00, run_after=2022-03-05 00:00:00+00:00
[2024-05-16T12:11:22.029+0000] {processor.py:183} INFO - Processing /usr/local/python/3.10.13/lib/python3.10/site-packages/airflow/example_dags/example_dynamic_task_mapping.py took 0.091 seconds
[2024-05-16T12:12:22.456+0000] {processor.py:161} INFO - Started process (PID=9895) to work on /usr/local/python/3.10.13/lib/python3.10/site-packages/airflow/example_dags/example_dynamic_task_mapping.py
[2024-05-16T12:12:22.456+0000] {processor.py:830} INFO - Processing file /usr/local/python/3.10.13/lib/python3.10/site-packages/airflow/example_dags/example_dynamic_task_mapping.py for tasks to queue
[2024-05-16T12:12:22.458+0000] {logging_mixin.py:188} INFO - [2024-05-16T12:12:22.458+0000] {dagbag.py:545} INFO - Filling up the DagBag from /usr/local/python/3.10.13/lib/python3.10/site-packages/airflow/example_dags/example_dynamic_task_mapping.py
[2024-05-16T12:12:22.463+0000] {processor.py:840} INFO - DAG(s) 'example_dynamic_task_mapping' retrieved from /usr/local/python/3.10.13/lib/python3.10/site-packages/airflow/example_dags/example_dynamic_task_mapping.py
[2024-05-16T12:12:22.475+0000] {logging_mixin.py:188} INFO - [2024-05-16T12:12:22.475+0000] {dag.py:3096} INFO - Sync 1 DAGs
[2024-05-16T12:12:22.490+0000] {logging_mixin.py:188} INFO - [2024-05-16T12:12:22.489+0000] {dag.py:3954} INFO - Setting next_dagrun for example_dynamic_task_mapping to 2022-03-04 00:00:00+00:00, run_after=2022-03-05 00:00:00+00:00
[2024-05-16T12:12:22.535+0000] {processor.py:183} INFO - Processing /usr/local/python/3.10.13/lib/python3.10/site-packages/airflow/example_dags/example_dynamic_task_mapping.py took 0.084 seconds
[2024-05-16T12:13:26.154+0000] {processor.py:161} INFO - Started process (PID=10333) to work on /usr/local/python/3.10.13/lib/python3.10/site-packages/airflow/example_dags/example_dynamic_task_mapping.py
[2024-05-16T12:13:26.155+0000] {processor.py:830} INFO - Processing file /usr/local/python/3.10.13/lib/python3.10/site-packages/airflow/example_dags/example_dynamic_task_mapping.py for tasks to queue
[2024-05-16T12:13:26.156+0000] {logging_mixin.py:188} INFO - [2024-05-16T12:13:26.156+0000] {dagbag.py:545} INFO - Filling up the DagBag from /usr/local/python/3.10.13/lib/python3.10/site-packages/airflow/example_dags/example_dynamic_task_mapping.py
[2024-05-16T12:13:26.161+0000] {processor.py:840} INFO - DAG(s) 'example_dynamic_task_mapping' retrieved from /usr/local/python/3.10.13/lib/python3.10/site-packages/airflow/example_dags/example_dynamic_task_mapping.py
[2024-05-16T12:13:26.172+0000] {logging_mixin.py:188} INFO - [2024-05-16T12:13:26.171+0000] {dag.py:3096} INFO - Sync 1 DAGs
[2024-05-16T12:13:26.186+0000] {logging_mixin.py:188} INFO - [2024-05-16T12:13:26.186+0000] {dag.py:3954} INFO - Setting next_dagrun for example_dynamic_task_mapping to 2022-03-04 00:00:00+00:00, run_after=2022-03-05 00:00:00+00:00
[2024-05-16T12:13:26.230+0000] {processor.py:183} INFO - Processing /usr/local/python/3.10.13/lib/python3.10/site-packages/airflow/example_dags/example_dynamic_task_mapping.py took 0.081 seconds
[2024-05-16T12:14:28.218+0000] {processor.py:161} INFO - Started process (PID=10757) to work on /usr/local/python/3.10.13/lib/python3.10/site-packages/airflow/example_dags/example_dynamic_task_mapping.py
[2024-05-16T12:14:28.218+0000] {processor.py:830} INFO - Processing file /usr/local/python/3.10.13/lib/python3.10/site-packages/airflow/example_dags/example_dynamic_task_mapping.py for tasks to queue
[2024-05-16T12:14:28.220+0000] {logging_mixin.py:188} INFO - [2024-05-16T12:14:28.220+0000] {dagbag.py:545} INFO - Filling up the DagBag from /usr/local/python/3.10.13/lib/python3.10/site-packages/airflow/example_dags/example_dynamic_task_mapping.py
[2024-05-16T12:14:28.225+0000] {processor.py:840} INFO - DAG(s) 'example_dynamic_task_mapping' retrieved from /usr/local/python/3.10.13/lib/python3.10/site-packages/airflow/example_dags/example_dynamic_task_mapping.py
[2024-05-16T12:14:28.235+0000] {logging_mixin.py:188} INFO - [2024-05-16T12:14:28.235+0000] {dag.py:3096} INFO - Sync 1 DAGs
[2024-05-16T12:14:28.257+0000] {logging_mixin.py:188} INFO - [2024-05-16T12:14:28.256+0000] {dag.py:3954} INFO - Setting next_dagrun for example_dynamic_task_mapping to 2022-03-04 00:00:00+00:00, run_after=2022-03-05 00:00:00+00:00
[2024-05-16T12:14:28.312+0000] {processor.py:183} INFO - Processing /usr/local/python/3.10.13/lib/python3.10/site-packages/airflow/example_dags/example_dynamic_task_mapping.py took 0.099 seconds
[2024-05-16T12:15:32.408+0000] {processor.py:161} INFO - Started process (PID=11216) to work on /usr/local/python/3.10.13/lib/python3.10/site-packages/airflow/example_dags/example_dynamic_task_mapping.py
[2024-05-16T12:15:32.409+0000] {processor.py:830} INFO - Processing file /usr/local/python/3.10.13/lib/python3.10/site-packages/airflow/example_dags/example_dynamic_task_mapping.py for tasks to queue
[2024-05-16T12:15:32.410+0000] {logging_mixin.py:188} INFO - [2024-05-16T12:15:32.410+0000] {dagbag.py:545} INFO - Filling up the DagBag from /usr/local/python/3.10.13/lib/python3.10/site-packages/airflow/example_dags/example_dynamic_task_mapping.py
[2024-05-16T12:15:32.415+0000] {processor.py:840} INFO - DAG(s) 'example_dynamic_task_mapping' retrieved from /usr/local/python/3.10.13/lib/python3.10/site-packages/airflow/example_dags/example_dynamic_task_mapping.py
[2024-05-16T12:15:32.426+0000] {logging_mixin.py:188} INFO - [2024-05-16T12:15:32.426+0000] {dag.py:3096} INFO - Sync 1 DAGs
[2024-05-16T12:15:32.440+0000] {logging_mixin.py:188} INFO - [2024-05-16T12:15:32.440+0000] {dag.py:3954} INFO - Setting next_dagrun for example_dynamic_task_mapping to 2022-03-04 00:00:00+00:00, run_after=2022-03-05 00:00:00+00:00
[2024-05-16T12:15:32.486+0000] {processor.py:183} INFO - Processing /usr/local/python/3.10.13/lib/python3.10/site-packages/airflow/example_dags/example_dynamic_task_mapping.py took 0.082 seconds
[2024-05-16T12:16:38.310+0000] {processor.py:161} INFO - Started process (PID=11701) to work on /usr/local/python/3.10.13/lib/python3.10/site-packages/airflow/example_dags/example_dynamic_task_mapping.py
[2024-05-16T12:16:38.310+0000] {processor.py:830} INFO - Processing file /usr/local/python/3.10.13/lib/python3.10/site-packages/airflow/example_dags/example_dynamic_task_mapping.py for tasks to queue
[2024-05-16T12:16:38.312+0000] {logging_mixin.py:188} INFO - [2024-05-16T12:16:38.311+0000] {dagbag.py:545} INFO - Filling up the DagBag from /usr/local/python/3.10.13/lib/python3.10/site-packages/airflow/example_dags/example_dynamic_task_mapping.py
[2024-05-16T12:16:38.317+0000] {processor.py:840} INFO - DAG(s) 'example_dynamic_task_mapping' retrieved from /usr/local/python/3.10.13/lib/python3.10/site-packages/airflow/example_dags/example_dynamic_task_mapping.py
[2024-05-16T12:16:38.328+0000] {logging_mixin.py:188} INFO - [2024-05-16T12:16:38.328+0000] {dag.py:3096} INFO - Sync 1 DAGs
[2024-05-16T12:16:38.343+0000] {logging_mixin.py:188} INFO - [2024-05-16T12:16:38.343+0000] {dag.py:3954} INFO - Setting next_dagrun for example_dynamic_task_mapping to 2022-03-04 00:00:00+00:00, run_after=2022-03-05 00:00:00+00:00
[2024-05-16T12:16:38.389+0000] {processor.py:183} INFO - Processing /usr/local/python/3.10.13/lib/python3.10/site-packages/airflow/example_dags/example_dynamic_task_mapping.py took 0.084 seconds
[2024-05-16T12:17:42.553+0000] {processor.py:161} INFO - Started process (PID=12173) to work on /usr/local/python/3.10.13/lib/python3.10/site-packages/airflow/example_dags/example_dynamic_task_mapping.py
[2024-05-16T12:17:42.553+0000] {processor.py:830} INFO - Processing file /usr/local/python/3.10.13/lib/python3.10/site-packages/airflow/example_dags/example_dynamic_task_mapping.py for tasks to queue
[2024-05-16T12:17:42.555+0000] {logging_mixin.py:188} INFO - [2024-05-16T12:17:42.554+0000] {dagbag.py:545} INFO - Filling up the DagBag from /usr/local/python/3.10.13/lib/python3.10/site-packages/airflow/example_dags/example_dynamic_task_mapping.py
[2024-05-16T12:17:42.560+0000] {processor.py:840} INFO - DAG(s) 'example_dynamic_task_mapping' retrieved from /usr/local/python/3.10.13/lib/python3.10/site-packages/airflow/example_dags/example_dynamic_task_mapping.py
[2024-05-16T12:17:42.570+0000] {logging_mixin.py:188} INFO - [2024-05-16T12:17:42.570+0000] {dag.py:3096} INFO - Sync 1 DAGs
[2024-05-16T12:17:42.585+0000] {logging_mixin.py:188} INFO - [2024-05-16T12:17:42.584+0000] {dag.py:3954} INFO - Setting next_dagrun for example_dynamic_task_mapping to 2022-03-04 00:00:00+00:00, run_after=2022-03-05 00:00:00+00:00
[2024-05-16T12:17:42.632+0000] {processor.py:183} INFO - Processing /usr/local/python/3.10.13/lib/python3.10/site-packages/airflow/example_dags/example_dynamic_task_mapping.py took 0.084 seconds
[2024-05-16T12:18:43.291+0000] {processor.py:161} INFO - Started process (PID=12602) to work on /usr/local/python/3.10.13/lib/python3.10/site-packages/airflow/example_dags/example_dynamic_task_mapping.py
[2024-05-16T12:18:43.291+0000] {processor.py:830} INFO - Processing file /usr/local/python/3.10.13/lib/python3.10/site-packages/airflow/example_dags/example_dynamic_task_mapping.py for tasks to queue
[2024-05-16T12:18:43.293+0000] {logging_mixin.py:188} INFO - [2024-05-16T12:18:43.292+0000] {dagbag.py:545} INFO - Filling up the DagBag from /usr/local/python/3.10.13/lib/python3.10/site-packages/airflow/example_dags/example_dynamic_task_mapping.py
[2024-05-16T12:18:43.298+0000] {processor.py:840} INFO - DAG(s) 'example_dynamic_task_mapping' retrieved from /usr/local/python/3.10.13/lib/python3.10/site-packages/airflow/example_dags/example_dynamic_task_mapping.py
[2024-05-16T12:18:43.309+0000] {logging_mixin.py:188} INFO - [2024-05-16T12:18:43.309+0000] {dag.py:3096} INFO - Sync 1 DAGs
[2024-05-16T12:18:43.324+0000] {logging_mixin.py:188} INFO - [2024-05-16T12:18:43.324+0000] {dag.py:3954} INFO - Setting next_dagrun for example_dynamic_task_mapping to 2022-03-04 00:00:00+00:00, run_after=2022-03-05 00:00:00+00:00
[2024-05-16T12:18:43.372+0000] {processor.py:183} INFO - Processing /usr/local/python/3.10.13/lib/python3.10/site-packages/airflow/example_dags/example_dynamic_task_mapping.py took 0.086 seconds
[2024-05-16T12:19:47.181+0000] {processor.py:161} INFO - Started process (PID=13057) to work on /usr/local/python/3.10.13/lib/python3.10/site-packages/airflow/example_dags/example_dynamic_task_mapping.py
[2024-05-16T12:19:47.181+0000] {processor.py:830} INFO - Processing file /usr/local/python/3.10.13/lib/python3.10/site-packages/airflow/example_dags/example_dynamic_task_mapping.py for tasks to queue
[2024-05-16T12:19:47.183+0000] {logging_mixin.py:188} INFO - [2024-05-16T12:19:47.183+0000] {dagbag.py:545} INFO - Filling up the DagBag from /usr/local/python/3.10.13/lib/python3.10/site-packages/airflow/example_dags/example_dynamic_task_mapping.py
[2024-05-16T12:19:47.188+0000] {processor.py:840} INFO - DAG(s) 'example_dynamic_task_mapping' retrieved from /usr/local/python/3.10.13/lib/python3.10/site-packages/airflow/example_dags/example_dynamic_task_mapping.py
[2024-05-16T12:19:47.199+0000] {logging_mixin.py:188} INFO - [2024-05-16T12:19:47.199+0000] {dag.py:3096} INFO - Sync 1 DAGs
[2024-05-16T12:19:47.215+0000] {logging_mixin.py:188} INFO - [2024-05-16T12:19:47.214+0000] {dag.py:3954} INFO - Setting next_dagrun for example_dynamic_task_mapping to 2022-03-04 00:00:00+00:00, run_after=2022-03-05 00:00:00+00:00
[2024-05-16T12:19:47.261+0000] {processor.py:183} INFO - Processing /usr/local/python/3.10.13/lib/python3.10/site-packages/airflow/example_dags/example_dynamic_task_mapping.py took 0.085 seconds
[2024-05-16T12:20:49.215+0000] {processor.py:161} INFO - Started process (PID=13504) to work on /usr/local/python/3.10.13/lib/python3.10/site-packages/airflow/example_dags/example_dynamic_task_mapping.py
[2024-05-16T12:20:49.216+0000] {processor.py:830} INFO - Processing file /usr/local/python/3.10.13/lib/python3.10/site-packages/airflow/example_dags/example_dynamic_task_mapping.py for tasks to queue
[2024-05-16T12:20:49.218+0000] {logging_mixin.py:188} INFO - [2024-05-16T12:20:49.217+0000] {dagbag.py:545} INFO - Filling up the DagBag from /usr/local/python/3.10.13/lib/python3.10/site-packages/airflow/example_dags/example_dynamic_task_mapping.py
[2024-05-16T12:20:49.222+0000] {processor.py:840} INFO - DAG(s) 'example_dynamic_task_mapping' retrieved from /usr/local/python/3.10.13/lib/python3.10/site-packages/airflow/example_dags/example_dynamic_task_mapping.py
[2024-05-16T12:20:49.233+0000] {logging_mixin.py:188} INFO - [2024-05-16T12:20:49.233+0000] {dag.py:3096} INFO - Sync 1 DAGs
[2024-05-16T12:20:49.247+0000] {logging_mixin.py:188} INFO - [2024-05-16T12:20:49.247+0000] {dag.py:3954} INFO - Setting next_dagrun for example_dynamic_task_mapping to 2022-03-04 00:00:00+00:00, run_after=2022-03-05 00:00:00+00:00
[2024-05-16T12:20:49.292+0000] {processor.py:183} INFO - Processing /usr/local/python/3.10.13/lib/python3.10/site-packages/airflow/example_dags/example_dynamic_task_mapping.py took 0.082 seconds
[2024-05-16T12:21:54.491+0000] {processor.py:161} INFO - Started process (PID=13957) to work on /usr/local/python/3.10.13/lib/python3.10/site-packages/airflow/example_dags/example_dynamic_task_mapping.py
[2024-05-16T12:21:54.492+0000] {processor.py:830} INFO - Processing file /usr/local/python/3.10.13/lib/python3.10/site-packages/airflow/example_dags/example_dynamic_task_mapping.py for tasks to queue
[2024-05-16T12:21:54.493+0000] {logging_mixin.py:188} INFO - [2024-05-16T12:21:54.493+0000] {dagbag.py:545} INFO - Filling up the DagBag from /usr/local/python/3.10.13/lib/python3.10/site-packages/airflow/example_dags/example_dynamic_task_mapping.py
[2024-05-16T12:21:54.499+0000] {processor.py:840} INFO - DAG(s) 'example_dynamic_task_mapping' retrieved from /usr/local/python/3.10.13/lib/python3.10/site-packages/airflow/example_dags/example_dynamic_task_mapping.py
[2024-05-16T12:21:54.510+0000] {logging_mixin.py:188} INFO - [2024-05-16T12:21:54.510+0000] {dag.py:3096} INFO - Sync 1 DAGs
[2024-05-16T12:21:54.525+0000] {logging_mixin.py:188} INFO - [2024-05-16T12:21:54.525+0000] {dag.py:3954} INFO - Setting next_dagrun for example_dynamic_task_mapping to 2022-03-04 00:00:00+00:00, run_after=2022-03-05 00:00:00+00:00
[2024-05-16T12:21:54.570+0000] {processor.py:183} INFO - Processing /usr/local/python/3.10.13/lib/python3.10/site-packages/airflow/example_dags/example_dynamic_task_mapping.py took 0.083 seconds
[2024-05-16T12:22:59.675+0000] {processor.py:161} INFO - Started process (PID=14456) to work on /usr/local/python/3.10.13/lib/python3.10/site-packages/airflow/example_dags/example_dynamic_task_mapping.py
[2024-05-16T12:22:59.675+0000] {processor.py:830} INFO - Processing file /usr/local/python/3.10.13/lib/python3.10/site-packages/airflow/example_dags/example_dynamic_task_mapping.py for tasks to queue
[2024-05-16T12:22:59.677+0000] {logging_mixin.py:188} INFO - [2024-05-16T12:22:59.677+0000] {dagbag.py:545} INFO - Filling up the DagBag from /usr/local/python/3.10.13/lib/python3.10/site-packages/airflow/example_dags/example_dynamic_task_mapping.py
[2024-05-16T12:22:59.685+0000] {processor.py:840} INFO - DAG(s) 'example_dynamic_task_mapping' retrieved from /usr/local/python/3.10.13/lib/python3.10/site-packages/airflow/example_dags/example_dynamic_task_mapping.py
[2024-05-16T12:22:59.709+0000] {logging_mixin.py:188} INFO - [2024-05-16T12:22:59.709+0000] {dag.py:3096} INFO - Sync 1 DAGs
[2024-05-16T12:22:59.734+0000] {logging_mixin.py:188} INFO - [2024-05-16T12:22:59.733+0000] {dag.py:3954} INFO - Setting next_dagrun for example_dynamic_task_mapping to 2022-03-04 00:00:00+00:00, run_after=2022-03-05 00:00:00+00:00
[2024-05-16T12:22:59.782+0000] {processor.py:183} INFO - Processing /usr/local/python/3.10.13/lib/python3.10/site-packages/airflow/example_dags/example_dynamic_task_mapping.py took 0.112 seconds
[2024-05-16T12:24:05.880+0000] {processor.py:161} INFO - Started process (PID=14942) to work on /usr/local/python/3.10.13/lib/python3.10/site-packages/airflow/example_dags/example_dynamic_task_mapping.py
[2024-05-16T12:24:05.881+0000] {processor.py:830} INFO - Processing file /usr/local/python/3.10.13/lib/python3.10/site-packages/airflow/example_dags/example_dynamic_task_mapping.py for tasks to queue
[2024-05-16T12:24:05.882+0000] {logging_mixin.py:188} INFO - [2024-05-16T12:24:05.882+0000] {dagbag.py:545} INFO - Filling up the DagBag from /usr/local/python/3.10.13/lib/python3.10/site-packages/airflow/example_dags/example_dynamic_task_mapping.py
[2024-05-16T12:24:05.887+0000] {processor.py:840} INFO - DAG(s) 'example_dynamic_task_mapping' retrieved from /usr/local/python/3.10.13/lib/python3.10/site-packages/airflow/example_dags/example_dynamic_task_mapping.py
[2024-05-16T12:24:05.898+0000] {logging_mixin.py:188} INFO - [2024-05-16T12:24:05.898+0000] {dag.py:3096} INFO - Sync 1 DAGs
[2024-05-16T12:24:05.913+0000] {logging_mixin.py:188} INFO - [2024-05-16T12:24:05.913+0000] {dag.py:3954} INFO - Setting next_dagrun for example_dynamic_task_mapping to 2022-03-04 00:00:00+00:00, run_after=2022-03-05 00:00:00+00:00
[2024-05-16T12:24:05.957+0000] {processor.py:183} INFO - Processing /usr/local/python/3.10.13/lib/python3.10/site-packages/airflow/example_dags/example_dynamic_task_mapping.py took 0.082 seconds
[2024-05-16T12:25:08.280+0000] {processor.py:161} INFO - Started process (PID=15405) to work on /usr/local/python/3.10.13/lib/python3.10/site-packages/airflow/example_dags/example_dynamic_task_mapping.py
[2024-05-16T12:25:08.280+0000] {processor.py:830} INFO - Processing file /usr/local/python/3.10.13/lib/python3.10/site-packages/airflow/example_dags/example_dynamic_task_mapping.py for tasks to queue
[2024-05-16T12:25:08.282+0000] {logging_mixin.py:188} INFO - [2024-05-16T12:25:08.282+0000] {dagbag.py:545} INFO - Filling up the DagBag from /usr/local/python/3.10.13/lib/python3.10/site-packages/airflow/example_dags/example_dynamic_task_mapping.py
[2024-05-16T12:25:08.287+0000] {processor.py:840} INFO - DAG(s) 'example_dynamic_task_mapping' retrieved from /usr/local/python/3.10.13/lib/python3.10/site-packages/airflow/example_dags/example_dynamic_task_mapping.py
[2024-05-16T12:25:08.299+0000] {logging_mixin.py:188} INFO - [2024-05-16T12:25:08.298+0000] {dag.py:3096} INFO - Sync 1 DAGs
[2024-05-16T12:25:08.314+0000] {logging_mixin.py:188} INFO - [2024-05-16T12:25:08.314+0000] {dag.py:3954} INFO - Setting next_dagrun for example_dynamic_task_mapping to 2022-03-04 00:00:00+00:00, run_after=2022-03-05 00:00:00+00:00
[2024-05-16T12:25:08.364+0000] {processor.py:183} INFO - Processing /usr/local/python/3.10.13/lib/python3.10/site-packages/airflow/example_dags/example_dynamic_task_mapping.py took 0.089 seconds
[2024-05-16T12:26:06.148+0000] {processor.py:161} INFO - Started process (PID=15852) to work on /usr/local/python/3.10.13/lib/python3.10/site-packages/airflow/example_dags/example_dynamic_task_mapping.py
[2024-05-16T12:26:06.149+0000] {processor.py:830} INFO - Processing file /usr/local/python/3.10.13/lib/python3.10/site-packages/airflow/example_dags/example_dynamic_task_mapping.py for tasks to queue
[2024-05-16T12:26:06.150+0000] {logging_mixin.py:188} INFO - [2024-05-16T12:26:06.150+0000] {dagbag.py:545} INFO - Filling up the DagBag from /usr/local/python/3.10.13/lib/python3.10/site-packages/airflow/example_dags/example_dynamic_task_mapping.py
[2024-05-16T12:26:06.156+0000] {processor.py:840} INFO - DAG(s) 'example_dynamic_task_mapping' retrieved from /usr/local/python/3.10.13/lib/python3.10/site-packages/airflow/example_dags/example_dynamic_task_mapping.py
[2024-05-16T12:26:06.166+0000] {logging_mixin.py:188} INFO - [2024-05-16T12:26:06.166+0000] {dag.py:3096} INFO - Sync 1 DAGs
[2024-05-16T12:26:06.181+0000] {logging_mixin.py:188} INFO - [2024-05-16T12:26:06.181+0000] {dag.py:3954} INFO - Setting next_dagrun for example_dynamic_task_mapping to 2022-03-04 00:00:00+00:00, run_after=2022-03-05 00:00:00+00:00
[2024-05-16T12:26:06.228+0000] {processor.py:183} INFO - Processing /usr/local/python/3.10.13/lib/python3.10/site-packages/airflow/example_dags/example_dynamic_task_mapping.py took 0.084 seconds
[2024-05-16T12:27:09.838+0000] {processor.py:161} INFO - Started process (PID=16323) to work on /usr/local/python/3.10.13/lib/python3.10/site-packages/airflow/example_dags/example_dynamic_task_mapping.py
[2024-05-16T12:27:09.839+0000] {processor.py:830} INFO - Processing file /usr/local/python/3.10.13/lib/python3.10/site-packages/airflow/example_dags/example_dynamic_task_mapping.py for tasks to queue
[2024-05-16T12:27:09.841+0000] {logging_mixin.py:188} INFO - [2024-05-16T12:27:09.840+0000] {dagbag.py:545} INFO - Filling up the DagBag from /usr/local/python/3.10.13/lib/python3.10/site-packages/airflow/example_dags/example_dynamic_task_mapping.py
[2024-05-16T12:27:09.847+0000] {processor.py:840} INFO - DAG(s) 'example_dynamic_task_mapping' retrieved from /usr/local/python/3.10.13/lib/python3.10/site-packages/airflow/example_dags/example_dynamic_task_mapping.py
[2024-05-16T12:27:09.859+0000] {logging_mixin.py:188} INFO - [2024-05-16T12:27:09.859+0000] {dag.py:3096} INFO - Sync 1 DAGs
[2024-05-16T12:27:09.878+0000] {logging_mixin.py:188} INFO - [2024-05-16T12:27:09.877+0000] {dag.py:3954} INFO - Setting next_dagrun for example_dynamic_task_mapping to 2022-03-04 00:00:00+00:00, run_after=2022-03-05 00:00:00+00:00
[2024-05-16T12:27:09.927+0000] {processor.py:183} INFO - Processing /usr/local/python/3.10.13/lib/python3.10/site-packages/airflow/example_dags/example_dynamic_task_mapping.py took 0.094 seconds
[2024-05-16T12:28:14.288+0000] {processor.py:161} INFO - Started process (PID=16806) to work on /usr/local/python/3.10.13/lib/python3.10/site-packages/airflow/example_dags/example_dynamic_task_mapping.py
[2024-05-16T12:28:14.289+0000] {processor.py:830} INFO - Processing file /usr/local/python/3.10.13/lib/python3.10/site-packages/airflow/example_dags/example_dynamic_task_mapping.py for tasks to queue
[2024-05-16T12:28:14.290+0000] {logging_mixin.py:188} INFO - [2024-05-16T12:28:14.290+0000] {dagbag.py:545} INFO - Filling up the DagBag from /usr/local/python/3.10.13/lib/python3.10/site-packages/airflow/example_dags/example_dynamic_task_mapping.py
[2024-05-16T12:28:14.295+0000] {processor.py:840} INFO - DAG(s) 'example_dynamic_task_mapping' retrieved from /usr/local/python/3.10.13/lib/python3.10/site-packages/airflow/example_dags/example_dynamic_task_mapping.py
[2024-05-16T12:28:14.306+0000] {logging_mixin.py:188} INFO - [2024-05-16T12:28:14.306+0000] {dag.py:3096} INFO - Sync 1 DAGs
[2024-05-16T12:28:14.322+0000] {logging_mixin.py:188} INFO - [2024-05-16T12:28:14.322+0000] {dag.py:3954} INFO - Setting next_dagrun for example_dynamic_task_mapping to 2022-03-04 00:00:00+00:00, run_after=2022-03-05 00:00:00+00:00
[2024-05-16T12:28:14.374+0000] {processor.py:183} INFO - Processing /usr/local/python/3.10.13/lib/python3.10/site-packages/airflow/example_dags/example_dynamic_task_mapping.py took 0.091 seconds
[2024-05-16T12:29:16.600+0000] {processor.py:161} INFO - Started process (PID=17249) to work on /usr/local/python/3.10.13/lib/python3.10/site-packages/airflow/example_dags/example_dynamic_task_mapping.py
[2024-05-16T12:29:16.601+0000] {processor.py:830} INFO - Processing file /usr/local/python/3.10.13/lib/python3.10/site-packages/airflow/example_dags/example_dynamic_task_mapping.py for tasks to queue
[2024-05-16T12:29:16.602+0000] {logging_mixin.py:188} INFO - [2024-05-16T12:29:16.602+0000] {dagbag.py:545} INFO - Filling up the DagBag from /usr/local/python/3.10.13/lib/python3.10/site-packages/airflow/example_dags/example_dynamic_task_mapping.py
[2024-05-16T12:29:16.607+0000] {processor.py:840} INFO - DAG(s) 'example_dynamic_task_mapping' retrieved from /usr/local/python/3.10.13/lib/python3.10/site-packages/airflow/example_dags/example_dynamic_task_mapping.py
[2024-05-16T12:29:16.618+0000] {logging_mixin.py:188} INFO - [2024-05-16T12:29:16.618+0000] {dag.py:3096} INFO - Sync 1 DAGs
[2024-05-16T12:29:16.632+0000] {logging_mixin.py:188} INFO - [2024-05-16T12:29:16.632+0000] {dag.py:3954} INFO - Setting next_dagrun for example_dynamic_task_mapping to 2022-03-04 00:00:00+00:00, run_after=2022-03-05 00:00:00+00:00
[2024-05-16T12:29:16.678+0000] {processor.py:183} INFO - Processing /usr/local/python/3.10.13/lib/python3.10/site-packages/airflow/example_dags/example_dynamic_task_mapping.py took 0.083 seconds
[2024-05-16T12:30:20.704+0000] {processor.py:161} INFO - Started process (PID=17717) to work on /usr/local/python/3.10.13/lib/python3.10/site-packages/airflow/example_dags/example_dynamic_task_mapping.py
[2024-05-16T12:30:20.705+0000] {processor.py:830} INFO - Processing file /usr/local/python/3.10.13/lib/python3.10/site-packages/airflow/example_dags/example_dynamic_task_mapping.py for tasks to queue
[2024-05-16T12:30:20.707+0000] {logging_mixin.py:188} INFO - [2024-05-16T12:30:20.706+0000] {dagbag.py:545} INFO - Filling up the DagBag from /usr/local/python/3.10.13/lib/python3.10/site-packages/airflow/example_dags/example_dynamic_task_mapping.py
[2024-05-16T12:30:20.712+0000] {processor.py:840} INFO - DAG(s) 'example_dynamic_task_mapping' retrieved from /usr/local/python/3.10.13/lib/python3.10/site-packages/airflow/example_dags/example_dynamic_task_mapping.py
[2024-05-16T12:30:20.724+0000] {logging_mixin.py:188} INFO - [2024-05-16T12:30:20.724+0000] {dag.py:3096} INFO - Sync 1 DAGs
[2024-05-16T12:30:20.741+0000] {logging_mixin.py:188} INFO - [2024-05-16T12:30:20.741+0000] {dag.py:3954} INFO - Setting next_dagrun for example_dynamic_task_mapping to 2022-03-04 00:00:00+00:00, run_after=2022-03-05 00:00:00+00:00
[2024-05-16T12:30:20.789+0000] {processor.py:183} INFO - Processing /usr/local/python/3.10.13/lib/python3.10/site-packages/airflow/example_dags/example_dynamic_task_mapping.py took 0.089 seconds
[2024-05-16T12:31:27.126+0000] {processor.py:161} INFO - Started process (PID=18200) to work on /usr/local/python/3.10.13/lib/python3.10/site-packages/airflow/example_dags/example_dynamic_task_mapping.py
[2024-05-16T12:31:27.126+0000] {processor.py:830} INFO - Processing file /usr/local/python/3.10.13/lib/python3.10/site-packages/airflow/example_dags/example_dynamic_task_mapping.py for tasks to queue
[2024-05-16T12:31:27.128+0000] {logging_mixin.py:188} INFO - [2024-05-16T12:31:27.127+0000] {dagbag.py:545} INFO - Filling up the DagBag from /usr/local/python/3.10.13/lib/python3.10/site-packages/airflow/example_dags/example_dynamic_task_mapping.py
[2024-05-16T12:31:27.133+0000] {processor.py:840} INFO - DAG(s) 'example_dynamic_task_mapping' retrieved from /usr/local/python/3.10.13/lib/python3.10/site-packages/airflow/example_dags/example_dynamic_task_mapping.py
[2024-05-16T12:31:27.148+0000] {logging_mixin.py:188} INFO - [2024-05-16T12:31:27.148+0000] {dag.py:3096} INFO - Sync 1 DAGs
[2024-05-16T12:31:27.168+0000] {logging_mixin.py:188} INFO - [2024-05-16T12:31:27.168+0000] {dag.py:3954} INFO - Setting next_dagrun for example_dynamic_task_mapping to 2022-03-04 00:00:00+00:00, run_after=2022-03-05 00:00:00+00:00
[2024-05-16T12:31:27.215+0000] {processor.py:183} INFO - Processing /usr/local/python/3.10.13/lib/python3.10/site-packages/airflow/example_dags/example_dynamic_task_mapping.py took 0.094 seconds
[2024-05-16T12:32:28.079+0000] {processor.py:161} INFO - Started process (PID=18621) to work on /usr/local/python/3.10.13/lib/python3.10/site-packages/airflow/example_dags/example_dynamic_task_mapping.py
[2024-05-16T12:32:28.081+0000] {processor.py:830} INFO - Processing file /usr/local/python/3.10.13/lib/python3.10/site-packages/airflow/example_dags/example_dynamic_task_mapping.py for tasks to queue
[2024-05-16T12:32:28.083+0000] {logging_mixin.py:188} INFO - [2024-05-16T12:32:28.082+0000] {dagbag.py:545} INFO - Filling up the DagBag from /usr/local/python/3.10.13/lib/python3.10/site-packages/airflow/example_dags/example_dynamic_task_mapping.py
[2024-05-16T12:32:28.090+0000] {processor.py:840} INFO - DAG(s) 'example_dynamic_task_mapping' retrieved from /usr/local/python/3.10.13/lib/python3.10/site-packages/airflow/example_dags/example_dynamic_task_mapping.py
[2024-05-16T12:32:28.107+0000] {logging_mixin.py:188} INFO - [2024-05-16T12:32:28.107+0000] {dag.py:3096} INFO - Sync 1 DAGs
[2024-05-16T12:32:28.123+0000] {logging_mixin.py:188} INFO - [2024-05-16T12:32:28.123+0000] {dag.py:3954} INFO - Setting next_dagrun for example_dynamic_task_mapping to 2022-03-04 00:00:00+00:00, run_after=2022-03-05 00:00:00+00:00
[2024-05-16T12:32:28.183+0000] {processor.py:183} INFO - Processing /usr/local/python/3.10.13/lib/python3.10/site-packages/airflow/example_dags/example_dynamic_task_mapping.py took 0.111 seconds
[2024-05-16T12:33:30.442+0000] {processor.py:161} INFO - Started process (PID=19093) to work on /usr/local/python/3.10.13/lib/python3.10/site-packages/airflow/example_dags/example_dynamic_task_mapping.py
[2024-05-16T12:33:30.443+0000] {processor.py:830} INFO - Processing file /usr/local/python/3.10.13/lib/python3.10/site-packages/airflow/example_dags/example_dynamic_task_mapping.py for tasks to queue
[2024-05-16T12:33:30.444+0000] {logging_mixin.py:188} INFO - [2024-05-16T12:33:30.443+0000] {dagbag.py:545} INFO - Filling up the DagBag from /usr/local/python/3.10.13/lib/python3.10/site-packages/airflow/example_dags/example_dynamic_task_mapping.py
[2024-05-16T12:33:30.449+0000] {processor.py:840} INFO - DAG(s) 'example_dynamic_task_mapping' retrieved from /usr/local/python/3.10.13/lib/python3.10/site-packages/airflow/example_dags/example_dynamic_task_mapping.py
[2024-05-16T12:33:30.460+0000] {logging_mixin.py:188} INFO - [2024-05-16T12:33:30.460+0000] {dag.py:3096} INFO - Sync 1 DAGs
[2024-05-16T12:33:30.474+0000] {logging_mixin.py:188} INFO - [2024-05-16T12:33:30.474+0000] {dag.py:3954} INFO - Setting next_dagrun for example_dynamic_task_mapping to 2022-03-04 00:00:00+00:00, run_after=2022-03-05 00:00:00+00:00
[2024-05-16T12:33:30.521+0000] {processor.py:183} INFO - Processing /usr/local/python/3.10.13/lib/python3.10/site-packages/airflow/example_dags/example_dynamic_task_mapping.py took 0.084 seconds
[2024-05-16T12:34:35.225+0000] {processor.py:161} INFO - Started process (PID=19563) to work on /usr/local/python/3.10.13/lib/python3.10/site-packages/airflow/example_dags/example_dynamic_task_mapping.py
[2024-05-16T12:34:35.226+0000] {processor.py:830} INFO - Processing file /usr/local/python/3.10.13/lib/python3.10/site-packages/airflow/example_dags/example_dynamic_task_mapping.py for tasks to queue
[2024-05-16T12:34:35.228+0000] {logging_mixin.py:188} INFO - [2024-05-16T12:34:35.227+0000] {dagbag.py:545} INFO - Filling up the DagBag from /usr/local/python/3.10.13/lib/python3.10/site-packages/airflow/example_dags/example_dynamic_task_mapping.py
[2024-05-16T12:34:35.232+0000] {processor.py:840} INFO - DAG(s) 'example_dynamic_task_mapping' retrieved from /usr/local/python/3.10.13/lib/python3.10/site-packages/airflow/example_dags/example_dynamic_task_mapping.py
[2024-05-16T12:34:35.243+0000] {logging_mixin.py:188} INFO - [2024-05-16T12:34:35.243+0000] {dag.py:3096} INFO - Sync 1 DAGs
[2024-05-16T12:34:35.257+0000] {logging_mixin.py:188} INFO - [2024-05-16T12:34:35.257+0000] {dag.py:3954} INFO - Setting next_dagrun for example_dynamic_task_mapping to 2022-03-04 00:00:00+00:00, run_after=2022-03-05 00:00:00+00:00
[2024-05-16T12:34:35.300+0000] {processor.py:183} INFO - Processing /usr/local/python/3.10.13/lib/python3.10/site-packages/airflow/example_dags/example_dynamic_task_mapping.py took 0.079 seconds
[2024-05-16T12:35:40.082+0000] {processor.py:161} INFO - Started process (PID=20035) to work on /usr/local/python/3.10.13/lib/python3.10/site-packages/airflow/example_dags/example_dynamic_task_mapping.py
[2024-05-16T12:35:40.083+0000] {processor.py:830} INFO - Processing file /usr/local/python/3.10.13/lib/python3.10/site-packages/airflow/example_dags/example_dynamic_task_mapping.py for tasks to queue
[2024-05-16T12:35:40.084+0000] {logging_mixin.py:188} INFO - [2024-05-16T12:35:40.084+0000] {dagbag.py:545} INFO - Filling up the DagBag from /usr/local/python/3.10.13/lib/python3.10/site-packages/airflow/example_dags/example_dynamic_task_mapping.py
[2024-05-16T12:35:40.089+0000] {processor.py:840} INFO - DAG(s) 'example_dynamic_task_mapping' retrieved from /usr/local/python/3.10.13/lib/python3.10/site-packages/airflow/example_dags/example_dynamic_task_mapping.py
[2024-05-16T12:35:40.100+0000] {logging_mixin.py:188} INFO - [2024-05-16T12:35:40.100+0000] {dag.py:3096} INFO - Sync 1 DAGs
[2024-05-16T12:35:40.117+0000] {logging_mixin.py:188} INFO - [2024-05-16T12:35:40.117+0000] {dag.py:3954} INFO - Setting next_dagrun for example_dynamic_task_mapping to 2022-03-04 00:00:00+00:00, run_after=2022-03-05 00:00:00+00:00
[2024-05-16T12:35:40.163+0000] {processor.py:183} INFO - Processing /usr/local/python/3.10.13/lib/python3.10/site-packages/airflow/example_dags/example_dynamic_task_mapping.py took 0.086 seconds
[2024-05-16T12:36:38.892+0000] {processor.py:161} INFO - Started process (PID=20469) to work on /usr/local/python/3.10.13/lib/python3.10/site-packages/airflow/example_dags/example_dynamic_task_mapping.py
[2024-05-16T12:36:38.893+0000] {processor.py:830} INFO - Processing file /usr/local/python/3.10.13/lib/python3.10/site-packages/airflow/example_dags/example_dynamic_task_mapping.py for tasks to queue
[2024-05-16T12:36:38.895+0000] {logging_mixin.py:188} INFO - [2024-05-16T12:36:38.895+0000] {dagbag.py:545} INFO - Filling up the DagBag from /usr/local/python/3.10.13/lib/python3.10/site-packages/airflow/example_dags/example_dynamic_task_mapping.py
[2024-05-16T12:36:38.903+0000] {processor.py:840} INFO - DAG(s) 'example_dynamic_task_mapping' retrieved from /usr/local/python/3.10.13/lib/python3.10/site-packages/airflow/example_dags/example_dynamic_task_mapping.py
[2024-05-16T12:36:38.918+0000] {logging_mixin.py:188} INFO - [2024-05-16T12:36:38.918+0000] {dag.py:3096} INFO - Sync 1 DAGs
[2024-05-16T12:36:38.935+0000] {logging_mixin.py:188} INFO - [2024-05-16T12:36:38.935+0000] {dag.py:3954} INFO - Setting next_dagrun for example_dynamic_task_mapping to 2022-03-04 00:00:00+00:00, run_after=2022-03-05 00:00:00+00:00
[2024-05-16T12:36:38.977+0000] {processor.py:183} INFO - Processing /usr/local/python/3.10.13/lib/python3.10/site-packages/airflow/example_dags/example_dynamic_task_mapping.py took 0.092 seconds
[2024-05-16T12:37:44.287+0000] {processor.py:161} INFO - Started process (PID=20914) to work on /usr/local/python/3.10.13/lib/python3.10/site-packages/airflow/example_dags/example_dynamic_task_mapping.py
[2024-05-16T12:37:44.288+0000] {processor.py:830} INFO - Processing file /usr/local/python/3.10.13/lib/python3.10/site-packages/airflow/example_dags/example_dynamic_task_mapping.py for tasks to queue
[2024-05-16T12:37:44.289+0000] {logging_mixin.py:188} INFO - [2024-05-16T12:37:44.289+0000] {dagbag.py:545} INFO - Filling up the DagBag from /usr/local/python/3.10.13/lib/python3.10/site-packages/airflow/example_dags/example_dynamic_task_mapping.py
[2024-05-16T12:37:44.294+0000] {processor.py:840} INFO - DAG(s) 'example_dynamic_task_mapping' retrieved from /usr/local/python/3.10.13/lib/python3.10/site-packages/airflow/example_dags/example_dynamic_task_mapping.py
[2024-05-16T12:37:44.305+0000] {logging_mixin.py:188} INFO - [2024-05-16T12:37:44.305+0000] {dag.py:3096} INFO - Sync 1 DAGs
[2024-05-16T12:37:44.323+0000] {logging_mixin.py:188} INFO - [2024-05-16T12:37:44.323+0000] {dag.py:3954} INFO - Setting next_dagrun for example_dynamic_task_mapping to 2022-03-04 00:00:00+00:00, run_after=2022-03-05 00:00:00+00:00
[2024-05-16T12:37:44.377+0000] {processor.py:183} INFO - Processing /usr/local/python/3.10.13/lib/python3.10/site-packages/airflow/example_dags/example_dynamic_task_mapping.py took 0.095 seconds
[2024-05-16T12:38:41.171+0000] {processor.py:161} INFO - Started process (PID=21329) to work on /usr/local/python/3.10.13/lib/python3.10/site-packages/airflow/example_dags/example_dynamic_task_mapping.py
[2024-05-16T12:38:41.172+0000] {processor.py:830} INFO - Processing file /usr/local/python/3.10.13/lib/python3.10/site-packages/airflow/example_dags/example_dynamic_task_mapping.py for tasks to queue
[2024-05-16T12:38:41.173+0000] {logging_mixin.py:188} INFO - [2024-05-16T12:38:41.173+0000] {dagbag.py:545} INFO - Filling up the DagBag from /usr/local/python/3.10.13/lib/python3.10/site-packages/airflow/example_dags/example_dynamic_task_mapping.py
[2024-05-16T12:38:41.178+0000] {processor.py:840} INFO - DAG(s) 'example_dynamic_task_mapping' retrieved from /usr/local/python/3.10.13/lib/python3.10/site-packages/airflow/example_dags/example_dynamic_task_mapping.py
[2024-05-16T12:38:41.188+0000] {logging_mixin.py:188} INFO - [2024-05-16T12:38:41.188+0000] {dag.py:3096} INFO - Sync 1 DAGs
[2024-05-16T12:38:41.202+0000] {logging_mixin.py:188} INFO - [2024-05-16T12:38:41.202+0000] {dag.py:3954} INFO - Setting next_dagrun for example_dynamic_task_mapping to 2022-03-04 00:00:00+00:00, run_after=2022-03-05 00:00:00+00:00
[2024-05-16T12:38:41.246+0000] {processor.py:183} INFO - Processing /usr/local/python/3.10.13/lib/python3.10/site-packages/airflow/example_dags/example_dynamic_task_mapping.py took 0.080 seconds
[2024-05-16T12:39:46.961+0000] {processor.py:161} INFO - Started process (PID=21814) to work on /usr/local/python/3.10.13/lib/python3.10/site-packages/airflow/example_dags/example_dynamic_task_mapping.py
[2024-05-16T12:39:46.962+0000] {processor.py:830} INFO - Processing file /usr/local/python/3.10.13/lib/python3.10/site-packages/airflow/example_dags/example_dynamic_task_mapping.py for tasks to queue
[2024-05-16T12:39:46.963+0000] {logging_mixin.py:188} INFO - [2024-05-16T12:39:46.963+0000] {dagbag.py:545} INFO - Filling up the DagBag from /usr/local/python/3.10.13/lib/python3.10/site-packages/airflow/example_dags/example_dynamic_task_mapping.py
[2024-05-16T12:39:46.968+0000] {processor.py:840} INFO - DAG(s) 'example_dynamic_task_mapping' retrieved from /usr/local/python/3.10.13/lib/python3.10/site-packages/airflow/example_dags/example_dynamic_task_mapping.py
[2024-05-16T12:39:46.980+0000] {logging_mixin.py:188} INFO - [2024-05-16T12:39:46.980+0000] {dag.py:3096} INFO - Sync 1 DAGs
[2024-05-16T12:39:46.996+0000] {logging_mixin.py:188} INFO - [2024-05-16T12:39:46.996+0000] {dag.py:3954} INFO - Setting next_dagrun for example_dynamic_task_mapping to 2022-03-04 00:00:00+00:00, run_after=2022-03-05 00:00:00+00:00
[2024-05-16T12:39:47.041+0000] {processor.py:183} INFO - Processing /usr/local/python/3.10.13/lib/python3.10/site-packages/airflow/example_dags/example_dynamic_task_mapping.py took 0.084 seconds
[2024-05-16T12:40:50.348+0000] {processor.py:161} INFO - Started process (PID=22269) to work on /usr/local/python/3.10.13/lib/python3.10/site-packages/airflow/example_dags/example_dynamic_task_mapping.py
[2024-05-16T12:40:50.349+0000] {processor.py:830} INFO - Processing file /usr/local/python/3.10.13/lib/python3.10/site-packages/airflow/example_dags/example_dynamic_task_mapping.py for tasks to queue
[2024-05-16T12:40:50.350+0000] {logging_mixin.py:188} INFO - [2024-05-16T12:40:50.350+0000] {dagbag.py:545} INFO - Filling up the DagBag from /usr/local/python/3.10.13/lib/python3.10/site-packages/airflow/example_dags/example_dynamic_task_mapping.py
[2024-05-16T12:40:50.357+0000] {processor.py:840} INFO - DAG(s) 'example_dynamic_task_mapping' retrieved from /usr/local/python/3.10.13/lib/python3.10/site-packages/airflow/example_dags/example_dynamic_task_mapping.py
[2024-05-16T12:40:50.371+0000] {logging_mixin.py:188} INFO - [2024-05-16T12:40:50.371+0000] {dag.py:3096} INFO - Sync 1 DAGs
[2024-05-16T12:40:50.392+0000] {logging_mixin.py:188} INFO - [2024-05-16T12:40:50.392+0000] {dag.py:3954} INFO - Setting next_dagrun for example_dynamic_task_mapping to 2022-03-04 00:00:00+00:00, run_after=2022-03-05 00:00:00+00:00
[2024-05-16T12:40:50.458+0000] {processor.py:183} INFO - Processing /usr/local/python/3.10.13/lib/python3.10/site-packages/airflow/example_dags/example_dynamic_task_mapping.py took 0.116 seconds
[2024-05-16T12:41:53.902+0000] {processor.py:161} INFO - Started process (PID=22712) to work on /usr/local/python/3.10.13/lib/python3.10/site-packages/airflow/example_dags/example_dynamic_task_mapping.py
[2024-05-16T12:41:53.903+0000] {processor.py:830} INFO - Processing file /usr/local/python/3.10.13/lib/python3.10/site-packages/airflow/example_dags/example_dynamic_task_mapping.py for tasks to queue
[2024-05-16T12:41:53.904+0000] {logging_mixin.py:188} INFO - [2024-05-16T12:41:53.904+0000] {dagbag.py:545} INFO - Filling up the DagBag from /usr/local/python/3.10.13/lib/python3.10/site-packages/airflow/example_dags/example_dynamic_task_mapping.py
[2024-05-16T12:41:53.909+0000] {processor.py:840} INFO - DAG(s) 'example_dynamic_task_mapping' retrieved from /usr/local/python/3.10.13/lib/python3.10/site-packages/airflow/example_dags/example_dynamic_task_mapping.py
[2024-05-16T12:41:53.920+0000] {logging_mixin.py:188} INFO - [2024-05-16T12:41:53.919+0000] {dag.py:3096} INFO - Sync 1 DAGs
[2024-05-16T12:41:53.934+0000] {logging_mixin.py:188} INFO - [2024-05-16T12:41:53.934+0000] {dag.py:3954} INFO - Setting next_dagrun for example_dynamic_task_mapping to 2022-03-04 00:00:00+00:00, run_after=2022-03-05 00:00:00+00:00
[2024-05-16T12:41:53.979+0000] {processor.py:183} INFO - Processing /usr/local/python/3.10.13/lib/python3.10/site-packages/airflow/example_dags/example_dynamic_task_mapping.py took 0.082 seconds
[2024-05-16T12:42:57.799+0000] {processor.py:161} INFO - Started process (PID=23183) to work on /usr/local/python/3.10.13/lib/python3.10/site-packages/airflow/example_dags/example_dynamic_task_mapping.py
[2024-05-16T12:42:57.800+0000] {processor.py:830} INFO - Processing file /usr/local/python/3.10.13/lib/python3.10/site-packages/airflow/example_dags/example_dynamic_task_mapping.py for tasks to queue
[2024-05-16T12:42:57.801+0000] {logging_mixin.py:188} INFO - [2024-05-16T12:42:57.801+0000] {dagbag.py:545} INFO - Filling up the DagBag from /usr/local/python/3.10.13/lib/python3.10/site-packages/airflow/example_dags/example_dynamic_task_mapping.py
[2024-05-16T12:42:57.806+0000] {processor.py:840} INFO - DAG(s) 'example_dynamic_task_mapping' retrieved from /usr/local/python/3.10.13/lib/python3.10/site-packages/airflow/example_dags/example_dynamic_task_mapping.py
[2024-05-16T12:42:57.817+0000] {logging_mixin.py:188} INFO - [2024-05-16T12:42:57.817+0000] {dag.py:3096} INFO - Sync 1 DAGs
[2024-05-16T12:42:57.833+0000] {logging_mixin.py:188} INFO - [2024-05-16T12:42:57.833+0000] {dag.py:3954} INFO - Setting next_dagrun for example_dynamic_task_mapping to 2022-03-04 00:00:00+00:00, run_after=2022-03-05 00:00:00+00:00
[2024-05-16T12:42:57.882+0000] {processor.py:183} INFO - Processing /usr/local/python/3.10.13/lib/python3.10/site-packages/airflow/example_dags/example_dynamic_task_mapping.py took 0.087 seconds
[2024-05-16T12:44:01.381+0000] {processor.py:161} INFO - Started process (PID=23645) to work on /usr/local/python/3.10.13/lib/python3.10/site-packages/airflow/example_dags/example_dynamic_task_mapping.py
[2024-05-16T12:44:01.382+0000] {processor.py:830} INFO - Processing file /usr/local/python/3.10.13/lib/python3.10/site-packages/airflow/example_dags/example_dynamic_task_mapping.py for tasks to queue
[2024-05-16T12:44:01.383+0000] {logging_mixin.py:188} INFO - [2024-05-16T12:44:01.383+0000] {dagbag.py:545} INFO - Filling up the DagBag from /usr/local/python/3.10.13/lib/python3.10/site-packages/airflow/example_dags/example_dynamic_task_mapping.py
[2024-05-16T12:44:01.388+0000] {processor.py:840} INFO - DAG(s) 'example_dynamic_task_mapping' retrieved from /usr/local/python/3.10.13/lib/python3.10/site-packages/airflow/example_dags/example_dynamic_task_mapping.py
[2024-05-16T12:44:01.399+0000] {logging_mixin.py:188} INFO - [2024-05-16T12:44:01.399+0000] {dag.py:3096} INFO - Sync 1 DAGs
[2024-05-16T12:44:01.414+0000] {logging_mixin.py:188} INFO - [2024-05-16T12:44:01.414+0000] {dag.py:3954} INFO - Setting next_dagrun for example_dynamic_task_mapping to 2022-03-04 00:00:00+00:00, run_after=2022-03-05 00:00:00+00:00
[2024-05-16T12:44:01.459+0000] {processor.py:183} INFO - Processing /usr/local/python/3.10.13/lib/python3.10/site-packages/airflow/example_dags/example_dynamic_task_mapping.py took 0.084 seconds
[2024-05-16T12:45:04.133+0000] {processor.py:161} INFO - Started process (PID=24110) to work on /usr/local/python/3.10.13/lib/python3.10/site-packages/airflow/example_dags/example_dynamic_task_mapping.py
[2024-05-16T12:45:04.134+0000] {processor.py:830} INFO - Processing file /usr/local/python/3.10.13/lib/python3.10/site-packages/airflow/example_dags/example_dynamic_task_mapping.py for tasks to queue
[2024-05-16T12:45:04.135+0000] {logging_mixin.py:188} INFO - [2024-05-16T12:45:04.135+0000] {dagbag.py:545} INFO - Filling up the DagBag from /usr/local/python/3.10.13/lib/python3.10/site-packages/airflow/example_dags/example_dynamic_task_mapping.py
[2024-05-16T12:45:04.140+0000] {processor.py:840} INFO - DAG(s) 'example_dynamic_task_mapping' retrieved from /usr/local/python/3.10.13/lib/python3.10/site-packages/airflow/example_dags/example_dynamic_task_mapping.py
[2024-05-16T12:45:04.151+0000] {logging_mixin.py:188} INFO - [2024-05-16T12:45:04.151+0000] {dag.py:3096} INFO - Sync 1 DAGs
[2024-05-16T12:45:04.165+0000] {logging_mixin.py:188} INFO - [2024-05-16T12:45:04.165+0000] {dag.py:3954} INFO - Setting next_dagrun for example_dynamic_task_mapping to 2022-03-04 00:00:00+00:00, run_after=2022-03-05 00:00:00+00:00
[2024-05-16T12:45:04.210+0000] {processor.py:183} INFO - Processing /usr/local/python/3.10.13/lib/python3.10/site-packages/airflow/example_dags/example_dynamic_task_mapping.py took 0.082 seconds
