[2024-05-16T12:06:14.559+0000] {processor.py:161} INFO - Started process (PID=7340) to work on /usr/local/python/3.10.13/lib/python3.10/site-packages/airflow/example_dags/example_setup_teardown_taskflow.py
[2024-05-16T12:06:14.560+0000] {processor.py:830} INFO - Processing file /usr/local/python/3.10.13/lib/python3.10/site-packages/airflow/example_dags/example_setup_teardown_taskflow.py for tasks to queue
[2024-05-16T12:06:14.564+0000] {logging_mixin.py:188} INFO - [2024-05-16T12:06:14.563+0000] {dagbag.py:545} INFO - Filling up the DagBag from /usr/local/python/3.10.13/lib/python3.10/site-packages/airflow/example_dags/example_setup_teardown_taskflow.py
[2024-05-16T12:06:14.580+0000] {processor.py:840} INFO - DAG(s) 'example_setup_teardown_taskflow' retrieved from /usr/local/python/3.10.13/lib/python3.10/site-packages/airflow/example_dags/example_setup_teardown_taskflow.py
[2024-05-16T12:06:14.823+0000] {logging_mixin.py:188} INFO - [2024-05-16T12:06:14.823+0000] {dag.py:3096} INFO - Sync 1 DAGs
[2024-05-16T12:06:14.842+0000] {logging_mixin.py:188} INFO - [2024-05-16T12:06:14.842+0000] {dag.py:3954} INFO - Setting next_dagrun for example_setup_teardown_taskflow to 2024-05-15 00:00:00+00:00, run_after=2024-05-16 00:00:00+00:00
[2024-05-16T12:06:14.900+0000] {processor.py:183} INFO - Processing /usr/local/python/3.10.13/lib/python3.10/site-packages/airflow/example_dags/example_setup_teardown_taskflow.py took 0.351 seconds
[2024-05-16T12:07:14.000+0000] {processor.py:161} INFO - Started process (PID=7730) to work on /usr/local/python/3.10.13/lib/python3.10/site-packages/airflow/example_dags/example_setup_teardown_taskflow.py
[2024-05-16T12:07:14.000+0000] {processor.py:830} INFO - Processing file /usr/local/python/3.10.13/lib/python3.10/site-packages/airflow/example_dags/example_setup_teardown_taskflow.py for tasks to queue
[2024-05-16T12:07:14.002+0000] {logging_mixin.py:188} INFO - [2024-05-16T12:07:14.002+0000] {dagbag.py:545} INFO - Filling up the DagBag from /usr/local/python/3.10.13/lib/python3.10/site-packages/airflow/example_dags/example_setup_teardown_taskflow.py
[2024-05-16T12:07:14.010+0000] {processor.py:840} INFO - DAG(s) 'example_setup_teardown_taskflow' retrieved from /usr/local/python/3.10.13/lib/python3.10/site-packages/airflow/example_dags/example_setup_teardown_taskflow.py
[2024-05-16T12:07:14.023+0000] {logging_mixin.py:188} INFO - [2024-05-16T12:07:14.023+0000] {dag.py:3096} INFO - Sync 1 DAGs
[2024-05-16T12:07:14.037+0000] {logging_mixin.py:188} INFO - [2024-05-16T12:07:14.037+0000] {dag.py:3954} INFO - Setting next_dagrun for example_setup_teardown_taskflow to 2024-05-15 00:00:00+00:00, run_after=2024-05-16 00:00:00+00:00
[2024-05-16T12:07:14.083+0000] {processor.py:183} INFO - Processing /usr/local/python/3.10.13/lib/python3.10/site-packages/airflow/example_dags/example_setup_teardown_taskflow.py took 0.088 seconds
[2024-05-16T12:08:02.184+0000] {processor.py:161} INFO - Started process (PID=8068) to work on /usr/local/python/3.10.13/lib/python3.10/site-packages/airflow/example_dags/example_setup_teardown_taskflow.py
[2024-05-16T12:08:02.185+0000] {processor.py:830} INFO - Processing file /usr/local/python/3.10.13/lib/python3.10/site-packages/airflow/example_dags/example_setup_teardown_taskflow.py for tasks to queue
[2024-05-16T12:08:02.187+0000] {logging_mixin.py:188} INFO - [2024-05-16T12:08:02.186+0000] {dagbag.py:545} INFO - Filling up the DagBag from /usr/local/python/3.10.13/lib/python3.10/site-packages/airflow/example_dags/example_setup_teardown_taskflow.py
[2024-05-16T12:08:02.194+0000] {processor.py:840} INFO - DAG(s) 'example_setup_teardown_taskflow' retrieved from /usr/local/python/3.10.13/lib/python3.10/site-packages/airflow/example_dags/example_setup_teardown_taskflow.py
[2024-05-16T12:08:02.207+0000] {logging_mixin.py:188} INFO - [2024-05-16T12:08:02.207+0000] {dag.py:3096} INFO - Sync 1 DAGs
[2024-05-16T12:08:02.221+0000] {logging_mixin.py:188} INFO - [2024-05-16T12:08:02.221+0000] {dag.py:3954} INFO - Setting next_dagrun for example_setup_teardown_taskflow to 2024-05-15 00:00:00+00:00, run_after=2024-05-16 00:00:00+00:00
[2024-05-16T12:08:02.275+0000] {processor.py:183} INFO - Processing /usr/local/python/3.10.13/lib/python3.10/site-packages/airflow/example_dags/example_setup_teardown_taskflow.py took 0.095 seconds
[2024-05-16T12:08:46.309+0000] {processor.py:161} INFO - Started process (PID=8372) to work on /usr/local/python/3.10.13/lib/python3.10/site-packages/airflow/example_dags/example_setup_teardown_taskflow.py
[2024-05-16T12:08:46.309+0000] {processor.py:830} INFO - Processing file /usr/local/python/3.10.13/lib/python3.10/site-packages/airflow/example_dags/example_setup_teardown_taskflow.py for tasks to queue
[2024-05-16T12:08:46.311+0000] {logging_mixin.py:188} INFO - [2024-05-16T12:08:46.310+0000] {dagbag.py:545} INFO - Filling up the DagBag from /usr/local/python/3.10.13/lib/python3.10/site-packages/airflow/example_dags/example_setup_teardown_taskflow.py
[2024-05-16T12:08:46.320+0000] {processor.py:840} INFO - DAG(s) 'example_setup_teardown_taskflow' retrieved from /usr/local/python/3.10.13/lib/python3.10/site-packages/airflow/example_dags/example_setup_teardown_taskflow.py
[2024-05-16T12:08:46.333+0000] {logging_mixin.py:188} INFO - [2024-05-16T12:08:46.333+0000] {dag.py:3096} INFO - Sync 1 DAGs
[2024-05-16T12:08:46.347+0000] {logging_mixin.py:188} INFO - [2024-05-16T12:08:46.347+0000] {dag.py:3954} INFO - Setting next_dagrun for example_setup_teardown_taskflow to 2024-05-15 00:00:00+00:00, run_after=2024-05-16 00:00:00+00:00
[2024-05-16T12:08:46.392+0000] {processor.py:183} INFO - Processing /usr/local/python/3.10.13/lib/python3.10/site-packages/airflow/example_dags/example_setup_teardown_taskflow.py took 0.088 seconds
[2024-05-16T12:09:31.404+0000] {processor.py:161} INFO - Started process (PID=8710) to work on /usr/local/python/3.10.13/lib/python3.10/site-packages/airflow/example_dags/example_setup_teardown_taskflow.py
[2024-05-16T12:09:31.404+0000] {processor.py:830} INFO - Processing file /usr/local/python/3.10.13/lib/python3.10/site-packages/airflow/example_dags/example_setup_teardown_taskflow.py for tasks to queue
[2024-05-16T12:09:31.406+0000] {logging_mixin.py:188} INFO - [2024-05-16T12:09:31.405+0000] {dagbag.py:545} INFO - Filling up the DagBag from /usr/local/python/3.10.13/lib/python3.10/site-packages/airflow/example_dags/example_setup_teardown_taskflow.py
[2024-05-16T12:09:31.414+0000] {processor.py:840} INFO - DAG(s) 'example_setup_teardown_taskflow' retrieved from /usr/local/python/3.10.13/lib/python3.10/site-packages/airflow/example_dags/example_setup_teardown_taskflow.py
[2024-05-16T12:09:31.426+0000] {logging_mixin.py:188} INFO - [2024-05-16T12:09:31.426+0000] {dag.py:3096} INFO - Sync 1 DAGs
[2024-05-16T12:09:31.441+0000] {logging_mixin.py:188} INFO - [2024-05-16T12:09:31.440+0000] {dag.py:3954} INFO - Setting next_dagrun for example_setup_teardown_taskflow to 2024-05-15 00:00:00+00:00, run_after=2024-05-16 00:00:00+00:00
[2024-05-16T12:09:31.487+0000] {processor.py:183} INFO - Processing /usr/local/python/3.10.13/lib/python3.10/site-packages/airflow/example_dags/example_setup_teardown_taskflow.py took 0.089 seconds
[2024-05-16T12:10:15.961+0000] {processor.py:161} INFO - Started process (PID=9031) to work on /usr/local/python/3.10.13/lib/python3.10/site-packages/airflow/example_dags/example_setup_teardown_taskflow.py
[2024-05-16T12:10:15.961+0000] {processor.py:830} INFO - Processing file /usr/local/python/3.10.13/lib/python3.10/site-packages/airflow/example_dags/example_setup_teardown_taskflow.py for tasks to queue
[2024-05-16T12:10:15.963+0000] {logging_mixin.py:188} INFO - [2024-05-16T12:10:15.963+0000] {dagbag.py:545} INFO - Filling up the DagBag from /usr/local/python/3.10.13/lib/python3.10/site-packages/airflow/example_dags/example_setup_teardown_taskflow.py
[2024-05-16T12:10:15.971+0000] {processor.py:840} INFO - DAG(s) 'example_setup_teardown_taskflow' retrieved from /usr/local/python/3.10.13/lib/python3.10/site-packages/airflow/example_dags/example_setup_teardown_taskflow.py
[2024-05-16T12:10:15.984+0000] {logging_mixin.py:188} INFO - [2024-05-16T12:10:15.984+0000] {dag.py:3096} INFO - Sync 1 DAGs
[2024-05-16T12:10:15.999+0000] {logging_mixin.py:188} INFO - [2024-05-16T12:10:15.999+0000] {dag.py:3954} INFO - Setting next_dagrun for example_setup_teardown_taskflow to 2024-05-15 00:00:00+00:00, run_after=2024-05-16 00:00:00+00:00
[2024-05-16T12:10:16.043+0000] {processor.py:183} INFO - Processing /usr/local/python/3.10.13/lib/python3.10/site-packages/airflow/example_dags/example_setup_teardown_taskflow.py took 0.087 seconds
[2024-05-16T12:10:57.833+0000] {processor.py:161} INFO - Started process (PID=9318) to work on /usr/local/python/3.10.13/lib/python3.10/site-packages/airflow/example_dags/example_setup_teardown_taskflow.py
[2024-05-16T12:10:57.834+0000] {processor.py:830} INFO - Processing file /usr/local/python/3.10.13/lib/python3.10/site-packages/airflow/example_dags/example_setup_teardown_taskflow.py for tasks to queue
[2024-05-16T12:10:57.835+0000] {logging_mixin.py:188} INFO - [2024-05-16T12:10:57.835+0000] {dagbag.py:545} INFO - Filling up the DagBag from /usr/local/python/3.10.13/lib/python3.10/site-packages/airflow/example_dags/example_setup_teardown_taskflow.py
[2024-05-16T12:10:57.842+0000] {processor.py:840} INFO - DAG(s) 'example_setup_teardown_taskflow' retrieved from /usr/local/python/3.10.13/lib/python3.10/site-packages/airflow/example_dags/example_setup_teardown_taskflow.py
[2024-05-16T12:10:57.855+0000] {logging_mixin.py:188} INFO - [2024-05-16T12:10:57.855+0000] {dag.py:3096} INFO - Sync 1 DAGs
[2024-05-16T12:10:57.870+0000] {logging_mixin.py:188} INFO - [2024-05-16T12:10:57.869+0000] {dag.py:3954} INFO - Setting next_dagrun for example_setup_teardown_taskflow to 2024-05-15 00:00:00+00:00, run_after=2024-05-16 00:00:00+00:00
[2024-05-16T12:10:57.916+0000] {processor.py:183} INFO - Processing /usr/local/python/3.10.13/lib/python3.10/site-packages/airflow/example_dags/example_setup_teardown_taskflow.py took 0.088 seconds
[2024-05-16T12:11:47.088+0000] {processor.py:161} INFO - Started process (PID=9664) to work on /usr/local/python/3.10.13/lib/python3.10/site-packages/airflow/example_dags/example_setup_teardown_taskflow.py
[2024-05-16T12:11:47.089+0000] {processor.py:830} INFO - Processing file /usr/local/python/3.10.13/lib/python3.10/site-packages/airflow/example_dags/example_setup_teardown_taskflow.py for tasks to queue
[2024-05-16T12:11:47.090+0000] {logging_mixin.py:188} INFO - [2024-05-16T12:11:47.090+0000] {dagbag.py:545} INFO - Filling up the DagBag from /usr/local/python/3.10.13/lib/python3.10/site-packages/airflow/example_dags/example_setup_teardown_taskflow.py
[2024-05-16T12:11:47.098+0000] {processor.py:840} INFO - DAG(s) 'example_setup_teardown_taskflow' retrieved from /usr/local/python/3.10.13/lib/python3.10/site-packages/airflow/example_dags/example_setup_teardown_taskflow.py
[2024-05-16T12:11:47.111+0000] {logging_mixin.py:188} INFO - [2024-05-16T12:11:47.111+0000] {dag.py:3096} INFO - Sync 1 DAGs
[2024-05-16T12:11:47.126+0000] {logging_mixin.py:188} INFO - [2024-05-16T12:11:47.126+0000] {dag.py:3954} INFO - Setting next_dagrun for example_setup_teardown_taskflow to 2024-05-15 00:00:00+00:00, run_after=2024-05-16 00:00:00+00:00
[2024-05-16T12:11:47.172+0000] {processor.py:183} INFO - Processing /usr/local/python/3.10.13/lib/python3.10/site-packages/airflow/example_dags/example_setup_teardown_taskflow.py took 0.089 seconds
[2024-05-16T12:12:28.660+0000] {processor.py:161} INFO - Started process (PID=9945) to work on /usr/local/python/3.10.13/lib/python3.10/site-packages/airflow/example_dags/example_setup_teardown_taskflow.py
[2024-05-16T12:12:28.661+0000] {processor.py:830} INFO - Processing file /usr/local/python/3.10.13/lib/python3.10/site-packages/airflow/example_dags/example_setup_teardown_taskflow.py for tasks to queue
[2024-05-16T12:12:28.662+0000] {logging_mixin.py:188} INFO - [2024-05-16T12:12:28.662+0000] {dagbag.py:545} INFO - Filling up the DagBag from /usr/local/python/3.10.13/lib/python3.10/site-packages/airflow/example_dags/example_setup_teardown_taskflow.py
[2024-05-16T12:12:28.670+0000] {processor.py:840} INFO - DAG(s) 'example_setup_teardown_taskflow' retrieved from /usr/local/python/3.10.13/lib/python3.10/site-packages/airflow/example_dags/example_setup_teardown_taskflow.py
[2024-05-16T12:12:28.682+0000] {logging_mixin.py:188} INFO - [2024-05-16T12:12:28.682+0000] {dag.py:3096} INFO - Sync 1 DAGs
[2024-05-16T12:12:28.697+0000] {logging_mixin.py:188} INFO - [2024-05-16T12:12:28.696+0000] {dag.py:3954} INFO - Setting next_dagrun for example_setup_teardown_taskflow to 2024-05-15 00:00:00+00:00, run_after=2024-05-16 00:00:00+00:00
[2024-05-16T12:12:28.743+0000] {processor.py:183} INFO - Processing /usr/local/python/3.10.13/lib/python3.10/site-packages/airflow/example_dags/example_setup_teardown_taskflow.py took 0.087 seconds
[2024-05-16T12:13:11.666+0000] {processor.py:161} INFO - Started process (PID=10241) to work on /usr/local/python/3.10.13/lib/python3.10/site-packages/airflow/example_dags/example_setup_teardown_taskflow.py
[2024-05-16T12:13:11.667+0000] {processor.py:830} INFO - Processing file /usr/local/python/3.10.13/lib/python3.10/site-packages/airflow/example_dags/example_setup_teardown_taskflow.py for tasks to queue
[2024-05-16T12:13:11.668+0000] {logging_mixin.py:188} INFO - [2024-05-16T12:13:11.668+0000] {dagbag.py:545} INFO - Filling up the DagBag from /usr/local/python/3.10.13/lib/python3.10/site-packages/airflow/example_dags/example_setup_teardown_taskflow.py
[2024-05-16T12:13:11.676+0000] {processor.py:840} INFO - DAG(s) 'example_setup_teardown_taskflow' retrieved from /usr/local/python/3.10.13/lib/python3.10/site-packages/airflow/example_dags/example_setup_teardown_taskflow.py
[2024-05-16T12:13:11.689+0000] {logging_mixin.py:188} INFO - [2024-05-16T12:13:11.689+0000] {dag.py:3096} INFO - Sync 1 DAGs
[2024-05-16T12:13:11.704+0000] {logging_mixin.py:188} INFO - [2024-05-16T12:13:11.704+0000] {dag.py:3954} INFO - Setting next_dagrun for example_setup_teardown_taskflow to 2024-05-15 00:00:00+00:00, run_after=2024-05-16 00:00:00+00:00
[2024-05-16T12:13:11.751+0000] {processor.py:183} INFO - Processing /usr/local/python/3.10.13/lib/python3.10/site-packages/airflow/example_dags/example_setup_teardown_taskflow.py took 0.089 seconds
[2024-05-16T12:13:52.988+0000] {processor.py:161} INFO - Started process (PID=10524) to work on /usr/local/python/3.10.13/lib/python3.10/site-packages/airflow/example_dags/example_setup_teardown_taskflow.py
[2024-05-16T12:13:52.989+0000] {processor.py:830} INFO - Processing file /usr/local/python/3.10.13/lib/python3.10/site-packages/airflow/example_dags/example_setup_teardown_taskflow.py for tasks to queue
[2024-05-16T12:13:52.990+0000] {logging_mixin.py:188} INFO - [2024-05-16T12:13:52.990+0000] {dagbag.py:545} INFO - Filling up the DagBag from /usr/local/python/3.10.13/lib/python3.10/site-packages/airflow/example_dags/example_setup_teardown_taskflow.py
[2024-05-16T12:13:52.997+0000] {processor.py:840} INFO - DAG(s) 'example_setup_teardown_taskflow' retrieved from /usr/local/python/3.10.13/lib/python3.10/site-packages/airflow/example_dags/example_setup_teardown_taskflow.py
[2024-05-16T12:13:53.010+0000] {logging_mixin.py:188} INFO - [2024-05-16T12:13:53.010+0000] {dag.py:3096} INFO - Sync 1 DAGs
[2024-05-16T12:13:53.025+0000] {logging_mixin.py:188} INFO - [2024-05-16T12:13:53.025+0000] {dag.py:3954} INFO - Setting next_dagrun for example_setup_teardown_taskflow to 2024-05-15 00:00:00+00:00, run_after=2024-05-16 00:00:00+00:00
[2024-05-16T12:13:53.069+0000] {processor.py:183} INFO - Processing /usr/local/python/3.10.13/lib/python3.10/site-packages/airflow/example_dags/example_setup_teardown_taskflow.py took 0.086 seconds
[2024-05-16T12:14:34.721+0000] {processor.py:161} INFO - Started process (PID=10813) to work on /usr/local/python/3.10.13/lib/python3.10/site-packages/airflow/example_dags/example_setup_teardown_taskflow.py
[2024-05-16T12:14:34.722+0000] {processor.py:830} INFO - Processing file /usr/local/python/3.10.13/lib/python3.10/site-packages/airflow/example_dags/example_setup_teardown_taskflow.py for tasks to queue
[2024-05-16T12:14:34.723+0000] {logging_mixin.py:188} INFO - [2024-05-16T12:14:34.723+0000] {dagbag.py:545} INFO - Filling up the DagBag from /usr/local/python/3.10.13/lib/python3.10/site-packages/airflow/example_dags/example_setup_teardown_taskflow.py
[2024-05-16T12:14:34.731+0000] {processor.py:840} INFO - DAG(s) 'example_setup_teardown_taskflow' retrieved from /usr/local/python/3.10.13/lib/python3.10/site-packages/airflow/example_dags/example_setup_teardown_taskflow.py
[2024-05-16T12:14:34.745+0000] {logging_mixin.py:188} INFO - [2024-05-16T12:14:34.744+0000] {dag.py:3096} INFO - Sync 1 DAGs
[2024-05-16T12:14:34.759+0000] {logging_mixin.py:188} INFO - [2024-05-16T12:14:34.759+0000] {dag.py:3954} INFO - Setting next_dagrun for example_setup_teardown_taskflow to 2024-05-15 00:00:00+00:00, run_after=2024-05-16 00:00:00+00:00
[2024-05-16T12:14:34.805+0000] {processor.py:183} INFO - Processing /usr/local/python/3.10.13/lib/python3.10/site-packages/airflow/example_dags/example_setup_teardown_taskflow.py took 0.088 seconds
[2024-05-16T12:15:17.713+0000] {processor.py:161} INFO - Started process (PID=11105) to work on /usr/local/python/3.10.13/lib/python3.10/site-packages/airflow/example_dags/example_setup_teardown_taskflow.py
[2024-05-16T12:15:17.714+0000] {processor.py:830} INFO - Processing file /usr/local/python/3.10.13/lib/python3.10/site-packages/airflow/example_dags/example_setup_teardown_taskflow.py for tasks to queue
[2024-05-16T12:15:17.715+0000] {logging_mixin.py:188} INFO - [2024-05-16T12:15:17.715+0000] {dagbag.py:545} INFO - Filling up the DagBag from /usr/local/python/3.10.13/lib/python3.10/site-packages/airflow/example_dags/example_setup_teardown_taskflow.py
[2024-05-16T12:15:17.723+0000] {processor.py:840} INFO - DAG(s) 'example_setup_teardown_taskflow' retrieved from /usr/local/python/3.10.13/lib/python3.10/site-packages/airflow/example_dags/example_setup_teardown_taskflow.py
[2024-05-16T12:15:17.736+0000] {logging_mixin.py:188} INFO - [2024-05-16T12:15:17.736+0000] {dag.py:3096} INFO - Sync 1 DAGs
[2024-05-16T12:15:17.750+0000] {logging_mixin.py:188} INFO - [2024-05-16T12:15:17.750+0000] {dag.py:3954} INFO - Setting next_dagrun for example_setup_teardown_taskflow to 2024-05-15 00:00:00+00:00, run_after=2024-05-16 00:00:00+00:00
[2024-05-16T12:15:17.805+0000] {processor.py:183} INFO - Processing /usr/local/python/3.10.13/lib/python3.10/site-packages/airflow/example_dags/example_setup_teardown_taskflow.py took 0.096 seconds
[2024-05-16T12:16:00.468+0000] {processor.py:161} INFO - Started process (PID=11430) to work on /usr/local/python/3.10.13/lib/python3.10/site-packages/airflow/example_dags/example_setup_teardown_taskflow.py
[2024-05-16T12:16:00.468+0000] {processor.py:830} INFO - Processing file /usr/local/python/3.10.13/lib/python3.10/site-packages/airflow/example_dags/example_setup_teardown_taskflow.py for tasks to queue
[2024-05-16T12:16:00.470+0000] {logging_mixin.py:188} INFO - [2024-05-16T12:16:00.469+0000] {dagbag.py:545} INFO - Filling up the DagBag from /usr/local/python/3.10.13/lib/python3.10/site-packages/airflow/example_dags/example_setup_teardown_taskflow.py
[2024-05-16T12:16:00.477+0000] {processor.py:840} INFO - DAG(s) 'example_setup_teardown_taskflow' retrieved from /usr/local/python/3.10.13/lib/python3.10/site-packages/airflow/example_dags/example_setup_teardown_taskflow.py
[2024-05-16T12:16:00.491+0000] {logging_mixin.py:188} INFO - [2024-05-16T12:16:00.491+0000] {dag.py:3096} INFO - Sync 1 DAGs
[2024-05-16T12:16:00.506+0000] {logging_mixin.py:188} INFO - [2024-05-16T12:16:00.506+0000] {dag.py:3954} INFO - Setting next_dagrun for example_setup_teardown_taskflow to 2024-05-15 00:00:00+00:00, run_after=2024-05-16 00:00:00+00:00
[2024-05-16T12:16:00.554+0000] {processor.py:183} INFO - Processing /usr/local/python/3.10.13/lib/python3.10/site-packages/airflow/example_dags/example_setup_teardown_taskflow.py took 0.091 seconds
[2024-05-16T12:16:44.909+0000] {processor.py:161} INFO - Started process (PID=11757) to work on /usr/local/python/3.10.13/lib/python3.10/site-packages/airflow/example_dags/example_setup_teardown_taskflow.py
[2024-05-16T12:16:44.910+0000] {processor.py:830} INFO - Processing file /usr/local/python/3.10.13/lib/python3.10/site-packages/airflow/example_dags/example_setup_teardown_taskflow.py for tasks to queue
[2024-05-16T12:16:44.911+0000] {logging_mixin.py:188} INFO - [2024-05-16T12:16:44.911+0000] {dagbag.py:545} INFO - Filling up the DagBag from /usr/local/python/3.10.13/lib/python3.10/site-packages/airflow/example_dags/example_setup_teardown_taskflow.py
[2024-05-16T12:16:44.920+0000] {processor.py:840} INFO - DAG(s) 'example_setup_teardown_taskflow' retrieved from /usr/local/python/3.10.13/lib/python3.10/site-packages/airflow/example_dags/example_setup_teardown_taskflow.py
[2024-05-16T12:16:44.933+0000] {logging_mixin.py:188} INFO - [2024-05-16T12:16:44.933+0000] {dag.py:3096} INFO - Sync 1 DAGs
[2024-05-16T12:16:44.947+0000] {logging_mixin.py:188} INFO - [2024-05-16T12:16:44.947+0000] {dag.py:3954} INFO - Setting next_dagrun for example_setup_teardown_taskflow to 2024-05-15 00:00:00+00:00, run_after=2024-05-16 00:00:00+00:00
[2024-05-16T12:16:44.994+0000] {processor.py:183} INFO - Processing /usr/local/python/3.10.13/lib/python3.10/site-packages/airflow/example_dags/example_setup_teardown_taskflow.py took 0.089 seconds
[2024-05-16T12:17:27.243+0000] {processor.py:161} INFO - Started process (PID=12053) to work on /usr/local/python/3.10.13/lib/python3.10/site-packages/airflow/example_dags/example_setup_teardown_taskflow.py
[2024-05-16T12:17:27.244+0000] {processor.py:830} INFO - Processing file /usr/local/python/3.10.13/lib/python3.10/site-packages/airflow/example_dags/example_setup_teardown_taskflow.py for tasks to queue
[2024-05-16T12:17:27.245+0000] {logging_mixin.py:188} INFO - [2024-05-16T12:17:27.245+0000] {dagbag.py:545} INFO - Filling up the DagBag from /usr/local/python/3.10.13/lib/python3.10/site-packages/airflow/example_dags/example_setup_teardown_taskflow.py
[2024-05-16T12:17:27.253+0000] {processor.py:840} INFO - DAG(s) 'example_setup_teardown_taskflow' retrieved from /usr/local/python/3.10.13/lib/python3.10/site-packages/airflow/example_dags/example_setup_teardown_taskflow.py
[2024-05-16T12:17:27.265+0000] {logging_mixin.py:188} INFO - [2024-05-16T12:17:27.265+0000] {dag.py:3096} INFO - Sync 1 DAGs
[2024-05-16T12:17:27.280+0000] {logging_mixin.py:188} INFO - [2024-05-16T12:17:27.279+0000] {dag.py:3954} INFO - Setting next_dagrun for example_setup_teardown_taskflow to 2024-05-15 00:00:00+00:00, run_after=2024-05-16 00:00:00+00:00
[2024-05-16T12:17:27.325+0000] {processor.py:183} INFO - Processing /usr/local/python/3.10.13/lib/python3.10/site-packages/airflow/example_dags/example_setup_teardown_taskflow.py took 0.087 seconds
[2024-05-16T12:18:08.534+0000] {processor.py:161} INFO - Started process (PID=12341) to work on /usr/local/python/3.10.13/lib/python3.10/site-packages/airflow/example_dags/example_setup_teardown_taskflow.py
[2024-05-16T12:18:08.535+0000] {processor.py:830} INFO - Processing file /usr/local/python/3.10.13/lib/python3.10/site-packages/airflow/example_dags/example_setup_teardown_taskflow.py for tasks to queue
[2024-05-16T12:18:08.536+0000] {logging_mixin.py:188} INFO - [2024-05-16T12:18:08.536+0000] {dagbag.py:545} INFO - Filling up the DagBag from /usr/local/python/3.10.13/lib/python3.10/site-packages/airflow/example_dags/example_setup_teardown_taskflow.py
[2024-05-16T12:18:08.544+0000] {processor.py:840} INFO - DAG(s) 'example_setup_teardown_taskflow' retrieved from /usr/local/python/3.10.13/lib/python3.10/site-packages/airflow/example_dags/example_setup_teardown_taskflow.py
[2024-05-16T12:18:08.556+0000] {logging_mixin.py:188} INFO - [2024-05-16T12:18:08.556+0000] {dag.py:3096} INFO - Sync 1 DAGs
[2024-05-16T12:18:08.571+0000] {logging_mixin.py:188} INFO - [2024-05-16T12:18:08.571+0000] {dag.py:3954} INFO - Setting next_dagrun for example_setup_teardown_taskflow to 2024-05-15 00:00:00+00:00, run_after=2024-05-16 00:00:00+00:00
[2024-05-16T12:18:08.618+0000] {processor.py:183} INFO - Processing /usr/local/python/3.10.13/lib/python3.10/site-packages/airflow/example_dags/example_setup_teardown_taskflow.py took 0.088 seconds
[2024-05-16T12:18:49.593+0000] {processor.py:161} INFO - Started process (PID=12641) to work on /usr/local/python/3.10.13/lib/python3.10/site-packages/airflow/example_dags/example_setup_teardown_taskflow.py
[2024-05-16T12:18:49.594+0000] {processor.py:830} INFO - Processing file /usr/local/python/3.10.13/lib/python3.10/site-packages/airflow/example_dags/example_setup_teardown_taskflow.py for tasks to queue
[2024-05-16T12:18:49.595+0000] {logging_mixin.py:188} INFO - [2024-05-16T12:18:49.595+0000] {dagbag.py:545} INFO - Filling up the DagBag from /usr/local/python/3.10.13/lib/python3.10/site-packages/airflow/example_dags/example_setup_teardown_taskflow.py
[2024-05-16T12:18:49.603+0000] {processor.py:840} INFO - DAG(s) 'example_setup_teardown_taskflow' retrieved from /usr/local/python/3.10.13/lib/python3.10/site-packages/airflow/example_dags/example_setup_teardown_taskflow.py
[2024-05-16T12:18:49.618+0000] {logging_mixin.py:188} INFO - [2024-05-16T12:18:49.617+0000] {dag.py:3096} INFO - Sync 1 DAGs
[2024-05-16T12:18:49.632+0000] {logging_mixin.py:188} INFO - [2024-05-16T12:18:49.632+0000] {dag.py:3954} INFO - Setting next_dagrun for example_setup_teardown_taskflow to 2024-05-15 00:00:00+00:00, run_after=2024-05-16 00:00:00+00:00
[2024-05-16T12:18:49.683+0000] {processor.py:183} INFO - Processing /usr/local/python/3.10.13/lib/python3.10/site-packages/airflow/example_dags/example_setup_teardown_taskflow.py took 0.094 seconds
[2024-05-16T12:19:31.671+0000] {processor.py:161} INFO - Started process (PID=12942) to work on /usr/local/python/3.10.13/lib/python3.10/site-packages/airflow/example_dags/example_setup_teardown_taskflow.py
[2024-05-16T12:19:31.672+0000] {processor.py:830} INFO - Processing file /usr/local/python/3.10.13/lib/python3.10/site-packages/airflow/example_dags/example_setup_teardown_taskflow.py for tasks to queue
[2024-05-16T12:19:31.674+0000] {logging_mixin.py:188} INFO - [2024-05-16T12:19:31.674+0000] {dagbag.py:545} INFO - Filling up the DagBag from /usr/local/python/3.10.13/lib/python3.10/site-packages/airflow/example_dags/example_setup_teardown_taskflow.py
[2024-05-16T12:19:31.682+0000] {processor.py:840} INFO - DAG(s) 'example_setup_teardown_taskflow' retrieved from /usr/local/python/3.10.13/lib/python3.10/site-packages/airflow/example_dags/example_setup_teardown_taskflow.py
[2024-05-16T12:19:31.696+0000] {logging_mixin.py:188} INFO - [2024-05-16T12:19:31.696+0000] {dag.py:3096} INFO - Sync 1 DAGs
[2024-05-16T12:19:31.711+0000] {logging_mixin.py:188} INFO - [2024-05-16T12:19:31.711+0000] {dag.py:3954} INFO - Setting next_dagrun for example_setup_teardown_taskflow to 2024-05-15 00:00:00+00:00, run_after=2024-05-16 00:00:00+00:00
[2024-05-16T12:19:31.755+0000] {processor.py:183} INFO - Processing /usr/local/python/3.10.13/lib/python3.10/site-packages/airflow/example_dags/example_setup_teardown_taskflow.py took 0.089 seconds
[2024-05-16T12:20:13.104+0000] {processor.py:161} INFO - Started process (PID=13234) to work on /usr/local/python/3.10.13/lib/python3.10/site-packages/airflow/example_dags/example_setup_teardown_taskflow.py
[2024-05-16T12:20:13.104+0000] {processor.py:830} INFO - Processing file /usr/local/python/3.10.13/lib/python3.10/site-packages/airflow/example_dags/example_setup_teardown_taskflow.py for tasks to queue
[2024-05-16T12:20:13.106+0000] {logging_mixin.py:188} INFO - [2024-05-16T12:20:13.105+0000] {dagbag.py:545} INFO - Filling up the DagBag from /usr/local/python/3.10.13/lib/python3.10/site-packages/airflow/example_dags/example_setup_teardown_taskflow.py
[2024-05-16T12:20:13.113+0000] {processor.py:840} INFO - DAG(s) 'example_setup_teardown_taskflow' retrieved from /usr/local/python/3.10.13/lib/python3.10/site-packages/airflow/example_dags/example_setup_teardown_taskflow.py
[2024-05-16T12:20:13.126+0000] {logging_mixin.py:188} INFO - [2024-05-16T12:20:13.126+0000] {dag.py:3096} INFO - Sync 1 DAGs
[2024-05-16T12:20:13.142+0000] {logging_mixin.py:188} INFO - [2024-05-16T12:20:13.141+0000] {dag.py:3954} INFO - Setting next_dagrun for example_setup_teardown_taskflow to 2024-05-15 00:00:00+00:00, run_after=2024-05-16 00:00:00+00:00
[2024-05-16T12:20:13.186+0000] {processor.py:183} INFO - Processing /usr/local/python/3.10.13/lib/python3.10/site-packages/airflow/example_dags/example_setup_teardown_taskflow.py took 0.087 seconds
[2024-05-16T12:20:55.673+0000] {processor.py:161} INFO - Started process (PID=13553) to work on /usr/local/python/3.10.13/lib/python3.10/site-packages/airflow/example_dags/example_setup_teardown_taskflow.py
[2024-05-16T12:20:55.673+0000] {processor.py:830} INFO - Processing file /usr/local/python/3.10.13/lib/python3.10/site-packages/airflow/example_dags/example_setup_teardown_taskflow.py for tasks to queue
[2024-05-16T12:20:55.675+0000] {logging_mixin.py:188} INFO - [2024-05-16T12:20:55.674+0000] {dagbag.py:545} INFO - Filling up the DagBag from /usr/local/python/3.10.13/lib/python3.10/site-packages/airflow/example_dags/example_setup_teardown_taskflow.py
[2024-05-16T12:20:55.682+0000] {processor.py:840} INFO - DAG(s) 'example_setup_teardown_taskflow' retrieved from /usr/local/python/3.10.13/lib/python3.10/site-packages/airflow/example_dags/example_setup_teardown_taskflow.py
[2024-05-16T12:20:55.695+0000] {logging_mixin.py:188} INFO - [2024-05-16T12:20:55.695+0000] {dag.py:3096} INFO - Sync 1 DAGs
[2024-05-16T12:20:55.712+0000] {logging_mixin.py:188} INFO - [2024-05-16T12:20:55.712+0000] {dag.py:3954} INFO - Setting next_dagrun for example_setup_teardown_taskflow to 2024-05-15 00:00:00+00:00, run_after=2024-05-16 00:00:00+00:00
[2024-05-16T12:20:55.759+0000] {processor.py:183} INFO - Processing /usr/local/python/3.10.13/lib/python3.10/site-packages/airflow/example_dags/example_setup_teardown_taskflow.py took 0.091 seconds
[2024-05-16T12:21:38.461+0000] {processor.py:161} INFO - Started process (PID=13849) to work on /usr/local/python/3.10.13/lib/python3.10/site-packages/airflow/example_dags/example_setup_teardown_taskflow.py
[2024-05-16T12:21:38.462+0000] {processor.py:830} INFO - Processing file /usr/local/python/3.10.13/lib/python3.10/site-packages/airflow/example_dags/example_setup_teardown_taskflow.py for tasks to queue
[2024-05-16T12:21:38.463+0000] {logging_mixin.py:188} INFO - [2024-05-16T12:21:38.463+0000] {dagbag.py:545} INFO - Filling up the DagBag from /usr/local/python/3.10.13/lib/python3.10/site-packages/airflow/example_dags/example_setup_teardown_taskflow.py
[2024-05-16T12:21:38.471+0000] {processor.py:840} INFO - DAG(s) 'example_setup_teardown_taskflow' retrieved from /usr/local/python/3.10.13/lib/python3.10/site-packages/airflow/example_dags/example_setup_teardown_taskflow.py
[2024-05-16T12:21:38.490+0000] {logging_mixin.py:188} INFO - [2024-05-16T12:21:38.490+0000] {dag.py:3096} INFO - Sync 1 DAGs
[2024-05-16T12:21:38.506+0000] {logging_mixin.py:188} INFO - [2024-05-16T12:21:38.506+0000] {dag.py:3954} INFO - Setting next_dagrun for example_setup_teardown_taskflow to 2024-05-15 00:00:00+00:00, run_after=2024-05-16 00:00:00+00:00
[2024-05-16T12:21:38.551+0000] {processor.py:183} INFO - Processing /usr/local/python/3.10.13/lib/python3.10/site-packages/airflow/example_dags/example_setup_teardown_taskflow.py took 0.095 seconds
[2024-05-16T12:22:21.677+0000] {processor.py:161} INFO - Started process (PID=14169) to work on /usr/local/python/3.10.13/lib/python3.10/site-packages/airflow/example_dags/example_setup_teardown_taskflow.py
[2024-05-16T12:22:21.677+0000] {processor.py:830} INFO - Processing file /usr/local/python/3.10.13/lib/python3.10/site-packages/airflow/example_dags/example_setup_teardown_taskflow.py for tasks to queue
[2024-05-16T12:22:21.679+0000] {logging_mixin.py:188} INFO - [2024-05-16T12:22:21.679+0000] {dagbag.py:545} INFO - Filling up the DagBag from /usr/local/python/3.10.13/lib/python3.10/site-packages/airflow/example_dags/example_setup_teardown_taskflow.py
[2024-05-16T12:22:21.690+0000] {processor.py:840} INFO - DAG(s) 'example_setup_teardown_taskflow' retrieved from /usr/local/python/3.10.13/lib/python3.10/site-packages/airflow/example_dags/example_setup_teardown_taskflow.py
[2024-05-16T12:22:21.703+0000] {logging_mixin.py:188} INFO - [2024-05-16T12:22:21.703+0000] {dag.py:3096} INFO - Sync 1 DAGs
[2024-05-16T12:22:21.718+0000] {logging_mixin.py:188} INFO - [2024-05-16T12:22:21.718+0000] {dag.py:3954} INFO - Setting next_dagrun for example_setup_teardown_taskflow to 2024-05-15 00:00:00+00:00, run_after=2024-05-16 00:00:00+00:00
[2024-05-16T12:22:21.764+0000] {processor.py:183} INFO - Processing /usr/local/python/3.10.13/lib/python3.10/site-packages/airflow/example_dags/example_setup_teardown_taskflow.py took 0.095 seconds
[2024-05-16T12:23:06.226+0000] {processor.py:161} INFO - Started process (PID=14489) to work on /usr/local/python/3.10.13/lib/python3.10/site-packages/airflow/example_dags/example_setup_teardown_taskflow.py
[2024-05-16T12:23:06.227+0000] {processor.py:830} INFO - Processing file /usr/local/python/3.10.13/lib/python3.10/site-packages/airflow/example_dags/example_setup_teardown_taskflow.py for tasks to queue
[2024-05-16T12:23:06.228+0000] {logging_mixin.py:188} INFO - [2024-05-16T12:23:06.228+0000] {dagbag.py:545} INFO - Filling up the DagBag from /usr/local/python/3.10.13/lib/python3.10/site-packages/airflow/example_dags/example_setup_teardown_taskflow.py
[2024-05-16T12:23:06.236+0000] {processor.py:840} INFO - DAG(s) 'example_setup_teardown_taskflow' retrieved from /usr/local/python/3.10.13/lib/python3.10/site-packages/airflow/example_dags/example_setup_teardown_taskflow.py
[2024-05-16T12:23:06.249+0000] {logging_mixin.py:188} INFO - [2024-05-16T12:23:06.249+0000] {dag.py:3096} INFO - Sync 1 DAGs
[2024-05-16T12:23:06.263+0000] {logging_mixin.py:188} INFO - [2024-05-16T12:23:06.263+0000] {dag.py:3954} INFO - Setting next_dagrun for example_setup_teardown_taskflow to 2024-05-15 00:00:00+00:00, run_after=2024-05-16 00:00:00+00:00
[2024-05-16T12:23:06.310+0000] {processor.py:183} INFO - Processing /usr/local/python/3.10.13/lib/python3.10/site-packages/airflow/example_dags/example_setup_teardown_taskflow.py took 0.088 seconds
[2024-05-16T12:23:51.205+0000] {processor.py:161} INFO - Started process (PID=14841) to work on /usr/local/python/3.10.13/lib/python3.10/site-packages/airflow/example_dags/example_setup_teardown_taskflow.py
[2024-05-16T12:23:51.206+0000] {processor.py:830} INFO - Processing file /usr/local/python/3.10.13/lib/python3.10/site-packages/airflow/example_dags/example_setup_teardown_taskflow.py for tasks to queue
[2024-05-16T12:23:51.208+0000] {logging_mixin.py:188} INFO - [2024-05-16T12:23:51.207+0000] {dagbag.py:545} INFO - Filling up the DagBag from /usr/local/python/3.10.13/lib/python3.10/site-packages/airflow/example_dags/example_setup_teardown_taskflow.py
[2024-05-16T12:23:51.215+0000] {processor.py:840} INFO - DAG(s) 'example_setup_teardown_taskflow' retrieved from /usr/local/python/3.10.13/lib/python3.10/site-packages/airflow/example_dags/example_setup_teardown_taskflow.py
[2024-05-16T12:23:51.228+0000] {logging_mixin.py:188} INFO - [2024-05-16T12:23:51.228+0000] {dag.py:3096} INFO - Sync 1 DAGs
[2024-05-16T12:23:51.243+0000] {logging_mixin.py:188} INFO - [2024-05-16T12:23:51.242+0000] {dag.py:3954} INFO - Setting next_dagrun for example_setup_teardown_taskflow to 2024-05-15 00:00:00+00:00, run_after=2024-05-16 00:00:00+00:00
[2024-05-16T12:23:51.286+0000] {processor.py:183} INFO - Processing /usr/local/python/3.10.13/lib/python3.10/site-packages/airflow/example_dags/example_setup_teardown_taskflow.py took 0.087 seconds
[2024-05-16T12:24:34.449+0000] {processor.py:161} INFO - Started process (PID=15157) to work on /usr/local/python/3.10.13/lib/python3.10/site-packages/airflow/example_dags/example_setup_teardown_taskflow.py
[2024-05-16T12:24:34.450+0000] {processor.py:830} INFO - Processing file /usr/local/python/3.10.13/lib/python3.10/site-packages/airflow/example_dags/example_setup_teardown_taskflow.py for tasks to queue
[2024-05-16T12:24:34.451+0000] {logging_mixin.py:188} INFO - [2024-05-16T12:24:34.451+0000] {dagbag.py:545} INFO - Filling up the DagBag from /usr/local/python/3.10.13/lib/python3.10/site-packages/airflow/example_dags/example_setup_teardown_taskflow.py
[2024-05-16T12:24:34.459+0000] {processor.py:840} INFO - DAG(s) 'example_setup_teardown_taskflow' retrieved from /usr/local/python/3.10.13/lib/python3.10/site-packages/airflow/example_dags/example_setup_teardown_taskflow.py
[2024-05-16T12:24:34.471+0000] {logging_mixin.py:188} INFO - [2024-05-16T12:24:34.471+0000] {dag.py:3096} INFO - Sync 1 DAGs
[2024-05-16T12:24:34.485+0000] {logging_mixin.py:188} INFO - [2024-05-16T12:24:34.485+0000] {dag.py:3954} INFO - Setting next_dagrun for example_setup_teardown_taskflow to 2024-05-15 00:00:00+00:00, run_after=2024-05-16 00:00:00+00:00
[2024-05-16T12:24:34.531+0000] {processor.py:183} INFO - Processing /usr/local/python/3.10.13/lib/python3.10/site-packages/airflow/example_dags/example_setup_teardown_taskflow.py took 0.087 seconds
[2024-05-16T12:25:14.140+0000] {processor.py:161} INFO - Started process (PID=15457) to work on /usr/local/python/3.10.13/lib/python3.10/site-packages/airflow/example_dags/example_setup_teardown_taskflow.py
[2024-05-16T12:25:14.141+0000] {processor.py:830} INFO - Processing file /usr/local/python/3.10.13/lib/python3.10/site-packages/airflow/example_dags/example_setup_teardown_taskflow.py for tasks to queue
[2024-05-16T12:25:14.142+0000] {logging_mixin.py:188} INFO - [2024-05-16T12:25:14.142+0000] {dagbag.py:545} INFO - Filling up the DagBag from /usr/local/python/3.10.13/lib/python3.10/site-packages/airflow/example_dags/example_setup_teardown_taskflow.py
[2024-05-16T12:25:14.150+0000] {processor.py:840} INFO - DAG(s) 'example_setup_teardown_taskflow' retrieved from /usr/local/python/3.10.13/lib/python3.10/site-packages/airflow/example_dags/example_setup_teardown_taskflow.py
[2024-05-16T12:25:14.162+0000] {logging_mixin.py:188} INFO - [2024-05-16T12:25:14.162+0000] {dag.py:3096} INFO - Sync 1 DAGs
[2024-05-16T12:25:14.178+0000] {logging_mixin.py:188} INFO - [2024-05-16T12:25:14.178+0000] {dag.py:3954} INFO - Setting next_dagrun for example_setup_teardown_taskflow to 2024-05-15 00:00:00+00:00, run_after=2024-05-16 00:00:00+00:00
[2024-05-16T12:25:14.224+0000] {processor.py:183} INFO - Processing /usr/local/python/3.10.13/lib/python3.10/site-packages/airflow/example_dags/example_setup_teardown_taskflow.py took 0.088 seconds
[2024-05-16T12:25:53.706+0000] {processor.py:161} INFO - Started process (PID=15763) to work on /usr/local/python/3.10.13/lib/python3.10/site-packages/airflow/example_dags/example_setup_teardown_taskflow.py
[2024-05-16T12:25:53.707+0000] {processor.py:830} INFO - Processing file /usr/local/python/3.10.13/lib/python3.10/site-packages/airflow/example_dags/example_setup_teardown_taskflow.py for tasks to queue
[2024-05-16T12:25:53.708+0000] {logging_mixin.py:188} INFO - [2024-05-16T12:25:53.708+0000] {dagbag.py:545} INFO - Filling up the DagBag from /usr/local/python/3.10.13/lib/python3.10/site-packages/airflow/example_dags/example_setup_teardown_taskflow.py
[2024-05-16T12:25:53.716+0000] {processor.py:840} INFO - DAG(s) 'example_setup_teardown_taskflow' retrieved from /usr/local/python/3.10.13/lib/python3.10/site-packages/airflow/example_dags/example_setup_teardown_taskflow.py
[2024-05-16T12:25:53.730+0000] {logging_mixin.py:188} INFO - [2024-05-16T12:25:53.730+0000] {dag.py:3096} INFO - Sync 1 DAGs
[2024-05-16T12:25:53.745+0000] {logging_mixin.py:188} INFO - [2024-05-16T12:25:53.744+0000] {dag.py:3954} INFO - Setting next_dagrun for example_setup_teardown_taskflow to 2024-05-15 00:00:00+00:00, run_after=2024-05-16 00:00:00+00:00
[2024-05-16T12:25:53.818+0000] {processor.py:183} INFO - Processing /usr/local/python/3.10.13/lib/python3.10/site-packages/airflow/example_dags/example_setup_teardown_taskflow.py took 0.117 seconds
[2024-05-16T12:26:33.747+0000] {processor.py:161} INFO - Started process (PID=16064) to work on /usr/local/python/3.10.13/lib/python3.10/site-packages/airflow/example_dags/example_setup_teardown_taskflow.py
[2024-05-16T12:26:33.748+0000] {processor.py:830} INFO - Processing file /usr/local/python/3.10.13/lib/python3.10/site-packages/airflow/example_dags/example_setup_teardown_taskflow.py for tasks to queue
[2024-05-16T12:26:33.749+0000] {logging_mixin.py:188} INFO - [2024-05-16T12:26:33.749+0000] {dagbag.py:545} INFO - Filling up the DagBag from /usr/local/python/3.10.13/lib/python3.10/site-packages/airflow/example_dags/example_setup_teardown_taskflow.py
[2024-05-16T12:26:33.757+0000] {processor.py:840} INFO - DAG(s) 'example_setup_teardown_taskflow' retrieved from /usr/local/python/3.10.13/lib/python3.10/site-packages/airflow/example_dags/example_setup_teardown_taskflow.py
[2024-05-16T12:26:33.771+0000] {logging_mixin.py:188} INFO - [2024-05-16T12:26:33.770+0000] {dag.py:3096} INFO - Sync 1 DAGs
[2024-05-16T12:26:33.786+0000] {logging_mixin.py:188} INFO - [2024-05-16T12:26:33.785+0000] {dag.py:3954} INFO - Setting next_dagrun for example_setup_teardown_taskflow to 2024-05-15 00:00:00+00:00, run_after=2024-05-16 00:00:00+00:00
[2024-05-16T12:26:33.832+0000] {processor.py:183} INFO - Processing /usr/local/python/3.10.13/lib/python3.10/site-packages/airflow/example_dags/example_setup_teardown_taskflow.py took 0.089 seconds
[2024-05-16T12:27:17.816+0000] {processor.py:161} INFO - Started process (PID=16386) to work on /usr/local/python/3.10.13/lib/python3.10/site-packages/airflow/example_dags/example_setup_teardown_taskflow.py
[2024-05-16T12:27:17.817+0000] {processor.py:830} INFO - Processing file /usr/local/python/3.10.13/lib/python3.10/site-packages/airflow/example_dags/example_setup_teardown_taskflow.py for tasks to queue
[2024-05-16T12:27:17.819+0000] {logging_mixin.py:188} INFO - [2024-05-16T12:27:17.818+0000] {dagbag.py:545} INFO - Filling up the DagBag from /usr/local/python/3.10.13/lib/python3.10/site-packages/airflow/example_dags/example_setup_teardown_taskflow.py
[2024-05-16T12:27:17.828+0000] {processor.py:840} INFO - DAG(s) 'example_setup_teardown_taskflow' retrieved from /usr/local/python/3.10.13/lib/python3.10/site-packages/airflow/example_dags/example_setup_teardown_taskflow.py
[2024-05-16T12:27:17.842+0000] {logging_mixin.py:188} INFO - [2024-05-16T12:27:17.841+0000] {dag.py:3096} INFO - Sync 1 DAGs
[2024-05-16T12:27:17.857+0000] {logging_mixin.py:188} INFO - [2024-05-16T12:27:17.857+0000] {dag.py:3954} INFO - Setting next_dagrun for example_setup_teardown_taskflow to 2024-05-15 00:00:00+00:00, run_after=2024-05-16 00:00:00+00:00
[2024-05-16T12:27:17.905+0000] {processor.py:183} INFO - Processing /usr/local/python/3.10.13/lib/python3.10/site-packages/airflow/example_dags/example_setup_teardown_taskflow.py took 0.093 seconds
[2024-05-16T12:28:00.836+0000] {processor.py:161} INFO - Started process (PID=16698) to work on /usr/local/python/3.10.13/lib/python3.10/site-packages/airflow/example_dags/example_setup_teardown_taskflow.py
[2024-05-16T12:28:00.837+0000] {processor.py:830} INFO - Processing file /usr/local/python/3.10.13/lib/python3.10/site-packages/airflow/example_dags/example_setup_teardown_taskflow.py for tasks to queue
[2024-05-16T12:28:00.838+0000] {logging_mixin.py:188} INFO - [2024-05-16T12:28:00.838+0000] {dagbag.py:545} INFO - Filling up the DagBag from /usr/local/python/3.10.13/lib/python3.10/site-packages/airflow/example_dags/example_setup_teardown_taskflow.py
[2024-05-16T12:28:00.846+0000] {processor.py:840} INFO - DAG(s) 'example_setup_teardown_taskflow' retrieved from /usr/local/python/3.10.13/lib/python3.10/site-packages/airflow/example_dags/example_setup_teardown_taskflow.py
[2024-05-16T12:28:00.859+0000] {logging_mixin.py:188} INFO - [2024-05-16T12:28:00.859+0000] {dag.py:3096} INFO - Sync 1 DAGs
[2024-05-16T12:28:00.873+0000] {logging_mixin.py:188} INFO - [2024-05-16T12:28:00.873+0000] {dag.py:3954} INFO - Setting next_dagrun for example_setup_teardown_taskflow to 2024-05-15 00:00:00+00:00, run_after=2024-05-16 00:00:00+00:00
[2024-05-16T12:28:00.920+0000] {processor.py:183} INFO - Processing /usr/local/python/3.10.13/lib/python3.10/site-packages/airflow/example_dags/example_setup_teardown_taskflow.py took 0.089 seconds
[2024-05-16T12:28:41.882+0000] {processor.py:161} INFO - Started process (PID=17001) to work on /usr/local/python/3.10.13/lib/python3.10/site-packages/airflow/example_dags/example_setup_teardown_taskflow.py
[2024-05-16T12:28:41.883+0000] {processor.py:830} INFO - Processing file /usr/local/python/3.10.13/lib/python3.10/site-packages/airflow/example_dags/example_setup_teardown_taskflow.py for tasks to queue
[2024-05-16T12:28:41.884+0000] {logging_mixin.py:188} INFO - [2024-05-16T12:28:41.884+0000] {dagbag.py:545} INFO - Filling up the DagBag from /usr/local/python/3.10.13/lib/python3.10/site-packages/airflow/example_dags/example_setup_teardown_taskflow.py
[2024-05-16T12:28:41.892+0000] {processor.py:840} INFO - DAG(s) 'example_setup_teardown_taskflow' retrieved from /usr/local/python/3.10.13/lib/python3.10/site-packages/airflow/example_dags/example_setup_teardown_taskflow.py
[2024-05-16T12:28:41.906+0000] {logging_mixin.py:188} INFO - [2024-05-16T12:28:41.906+0000] {dag.py:3096} INFO - Sync 1 DAGs
[2024-05-16T12:28:41.922+0000] {logging_mixin.py:188} INFO - [2024-05-16T12:28:41.922+0000] {dag.py:3954} INFO - Setting next_dagrun for example_setup_teardown_taskflow to 2024-05-15 00:00:00+00:00, run_after=2024-05-16 00:00:00+00:00
[2024-05-16T12:28:41.974+0000] {processor.py:183} INFO - Processing /usr/local/python/3.10.13/lib/python3.10/site-packages/airflow/example_dags/example_setup_teardown_taskflow.py took 0.096 seconds
[2024-05-16T12:29:24.434+0000] {processor.py:161} INFO - Started process (PID=17290) to work on /usr/local/python/3.10.13/lib/python3.10/site-packages/airflow/example_dags/example_setup_teardown_taskflow.py
[2024-05-16T12:29:24.435+0000] {processor.py:830} INFO - Processing file /usr/local/python/3.10.13/lib/python3.10/site-packages/airflow/example_dags/example_setup_teardown_taskflow.py for tasks to queue
[2024-05-16T12:29:24.437+0000] {logging_mixin.py:188} INFO - [2024-05-16T12:29:24.437+0000] {dagbag.py:545} INFO - Filling up the DagBag from /usr/local/python/3.10.13/lib/python3.10/site-packages/airflow/example_dags/example_setup_teardown_taskflow.py
[2024-05-16T12:29:24.451+0000] {processor.py:840} INFO - DAG(s) 'example_setup_teardown_taskflow' retrieved from /usr/local/python/3.10.13/lib/python3.10/site-packages/airflow/example_dags/example_setup_teardown_taskflow.py
[2024-05-16T12:29:24.474+0000] {logging_mixin.py:188} INFO - [2024-05-16T12:29:24.473+0000] {dag.py:3096} INFO - Sync 1 DAGs
[2024-05-16T12:29:24.496+0000] {logging_mixin.py:188} INFO - [2024-05-16T12:29:24.496+0000] {dag.py:3954} INFO - Setting next_dagrun for example_setup_teardown_taskflow to 2024-05-15 00:00:00+00:00, run_after=2024-05-16 00:00:00+00:00
[2024-05-16T12:29:24.550+0000] {processor.py:183} INFO - Processing /usr/local/python/3.10.13/lib/python3.10/site-packages/airflow/example_dags/example_setup_teardown_taskflow.py took 0.122 seconds
[2024-05-16T12:30:07.659+0000] {processor.py:161} INFO - Started process (PID=17623) to work on /usr/local/python/3.10.13/lib/python3.10/site-packages/airflow/example_dags/example_setup_teardown_taskflow.py
[2024-05-16T12:30:07.660+0000] {processor.py:830} INFO - Processing file /usr/local/python/3.10.13/lib/python3.10/site-packages/airflow/example_dags/example_setup_teardown_taskflow.py for tasks to queue
[2024-05-16T12:30:07.661+0000] {logging_mixin.py:188} INFO - [2024-05-16T12:30:07.661+0000] {dagbag.py:545} INFO - Filling up the DagBag from /usr/local/python/3.10.13/lib/python3.10/site-packages/airflow/example_dags/example_setup_teardown_taskflow.py
[2024-05-16T12:30:07.669+0000] {processor.py:840} INFO - DAG(s) 'example_setup_teardown_taskflow' retrieved from /usr/local/python/3.10.13/lib/python3.10/site-packages/airflow/example_dags/example_setup_teardown_taskflow.py
[2024-05-16T12:30:07.682+0000] {logging_mixin.py:188} INFO - [2024-05-16T12:30:07.682+0000] {dag.py:3096} INFO - Sync 1 DAGs
[2024-05-16T12:30:07.697+0000] {logging_mixin.py:188} INFO - [2024-05-16T12:30:07.697+0000] {dag.py:3954} INFO - Setting next_dagrun for example_setup_teardown_taskflow to 2024-05-15 00:00:00+00:00, run_after=2024-05-16 00:00:00+00:00
[2024-05-16T12:30:07.742+0000] {processor.py:183} INFO - Processing /usr/local/python/3.10.13/lib/python3.10/site-packages/airflow/example_dags/example_setup_teardown_taskflow.py took 0.087 seconds
[2024-05-16T12:30:51.068+0000] {processor.py:161} INFO - Started process (PID=17917) to work on /usr/local/python/3.10.13/lib/python3.10/site-packages/airflow/example_dags/example_setup_teardown_taskflow.py
[2024-05-16T12:30:51.069+0000] {processor.py:830} INFO - Processing file /usr/local/python/3.10.13/lib/python3.10/site-packages/airflow/example_dags/example_setup_teardown_taskflow.py for tasks to queue
[2024-05-16T12:30:51.070+0000] {logging_mixin.py:188} INFO - [2024-05-16T12:30:51.070+0000] {dagbag.py:545} INFO - Filling up the DagBag from /usr/local/python/3.10.13/lib/python3.10/site-packages/airflow/example_dags/example_setup_teardown_taskflow.py
[2024-05-16T12:30:51.078+0000] {processor.py:840} INFO - DAG(s) 'example_setup_teardown_taskflow' retrieved from /usr/local/python/3.10.13/lib/python3.10/site-packages/airflow/example_dags/example_setup_teardown_taskflow.py
[2024-05-16T12:30:51.091+0000] {logging_mixin.py:188} INFO - [2024-05-16T12:30:51.091+0000] {dag.py:3096} INFO - Sync 1 DAGs
[2024-05-16T12:30:51.106+0000] {logging_mixin.py:188} INFO - [2024-05-16T12:30:51.106+0000] {dag.py:3954} INFO - Setting next_dagrun for example_setup_teardown_taskflow to 2024-05-15 00:00:00+00:00, run_after=2024-05-16 00:00:00+00:00
[2024-05-16T12:30:51.151+0000] {processor.py:183} INFO - Processing /usr/local/python/3.10.13/lib/python3.10/site-packages/airflow/example_dags/example_setup_teardown_taskflow.py took 0.088 seconds
[2024-05-16T12:31:35.674+0000] {processor.py:161} INFO - Started process (PID=18247) to work on /usr/local/python/3.10.13/lib/python3.10/site-packages/airflow/example_dags/example_setup_teardown_taskflow.py
[2024-05-16T12:31:35.676+0000] {processor.py:830} INFO - Processing file /usr/local/python/3.10.13/lib/python3.10/site-packages/airflow/example_dags/example_setup_teardown_taskflow.py for tasks to queue
[2024-05-16T12:31:35.678+0000] {logging_mixin.py:188} INFO - [2024-05-16T12:31:35.677+0000] {dagbag.py:545} INFO - Filling up the DagBag from /usr/local/python/3.10.13/lib/python3.10/site-packages/airflow/example_dags/example_setup_teardown_taskflow.py
[2024-05-16T12:31:35.691+0000] {processor.py:840} INFO - DAG(s) 'example_setup_teardown_taskflow' retrieved from /usr/local/python/3.10.13/lib/python3.10/site-packages/airflow/example_dags/example_setup_teardown_taskflow.py
[2024-05-16T12:31:35.712+0000] {logging_mixin.py:188} INFO - [2024-05-16T12:31:35.712+0000] {dag.py:3096} INFO - Sync 1 DAGs
[2024-05-16T12:31:35.731+0000] {logging_mixin.py:188} INFO - [2024-05-16T12:31:35.731+0000] {dag.py:3954} INFO - Setting next_dagrun for example_setup_teardown_taskflow to 2024-05-15 00:00:00+00:00, run_after=2024-05-16 00:00:00+00:00
[2024-05-16T12:31:35.775+0000] {processor.py:183} INFO - Processing /usr/local/python/3.10.13/lib/python3.10/site-packages/airflow/example_dags/example_setup_teardown_taskflow.py took 0.108 seconds
[2024-05-16T12:32:17.119+0000] {processor.py:161} INFO - Started process (PID=18542) to work on /usr/local/python/3.10.13/lib/python3.10/site-packages/airflow/example_dags/example_setup_teardown_taskflow.py
[2024-05-16T12:32:17.120+0000] {processor.py:830} INFO - Processing file /usr/local/python/3.10.13/lib/python3.10/site-packages/airflow/example_dags/example_setup_teardown_taskflow.py for tasks to queue
[2024-05-16T12:32:17.121+0000] {logging_mixin.py:188} INFO - [2024-05-16T12:32:17.121+0000] {dagbag.py:545} INFO - Filling up the DagBag from /usr/local/python/3.10.13/lib/python3.10/site-packages/airflow/example_dags/example_setup_teardown_taskflow.py
[2024-05-16T12:32:17.129+0000] {processor.py:840} INFO - DAG(s) 'example_setup_teardown_taskflow' retrieved from /usr/local/python/3.10.13/lib/python3.10/site-packages/airflow/example_dags/example_setup_teardown_taskflow.py
[2024-05-16T12:32:17.141+0000] {logging_mixin.py:188} INFO - [2024-05-16T12:32:17.141+0000] {dag.py:3096} INFO - Sync 1 DAGs
[2024-05-16T12:32:17.156+0000] {logging_mixin.py:188} INFO - [2024-05-16T12:32:17.156+0000] {dag.py:3954} INFO - Setting next_dagrun for example_setup_teardown_taskflow to 2024-05-15 00:00:00+00:00, run_after=2024-05-16 00:00:00+00:00
[2024-05-16T12:32:17.207+0000] {processor.py:183} INFO - Processing /usr/local/python/3.10.13/lib/python3.10/site-packages/airflow/example_dags/example_setup_teardown_taskflow.py took 0.093 seconds
[2024-05-16T12:32:57.459+0000] {processor.py:161} INFO - Started process (PID=18833) to work on /usr/local/python/3.10.13/lib/python3.10/site-packages/airflow/example_dags/example_setup_teardown_taskflow.py
[2024-05-16T12:32:57.460+0000] {processor.py:830} INFO - Processing file /usr/local/python/3.10.13/lib/python3.10/site-packages/airflow/example_dags/example_setup_teardown_taskflow.py for tasks to queue
[2024-05-16T12:32:57.462+0000] {logging_mixin.py:188} INFO - [2024-05-16T12:32:57.461+0000] {dagbag.py:545} INFO - Filling up the DagBag from /usr/local/python/3.10.13/lib/python3.10/site-packages/airflow/example_dags/example_setup_teardown_taskflow.py
[2024-05-16T12:32:57.470+0000] {processor.py:840} INFO - DAG(s) 'example_setup_teardown_taskflow' retrieved from /usr/local/python/3.10.13/lib/python3.10/site-packages/airflow/example_dags/example_setup_teardown_taskflow.py
[2024-05-16T12:32:57.484+0000] {logging_mixin.py:188} INFO - [2024-05-16T12:32:57.484+0000] {dag.py:3096} INFO - Sync 1 DAGs
[2024-05-16T12:32:57.499+0000] {logging_mixin.py:188} INFO - [2024-05-16T12:32:57.499+0000] {dag.py:3954} INFO - Setting next_dagrun for example_setup_teardown_taskflow to 2024-05-15 00:00:00+00:00, run_after=2024-05-16 00:00:00+00:00
[2024-05-16T12:32:57.544+0000] {processor.py:183} INFO - Processing /usr/local/python/3.10.13/lib/python3.10/site-packages/airflow/example_dags/example_setup_teardown_taskflow.py took 0.090 seconds
[2024-05-16T12:33:38.739+0000] {processor.py:161} INFO - Started process (PID=19134) to work on /usr/local/python/3.10.13/lib/python3.10/site-packages/airflow/example_dags/example_setup_teardown_taskflow.py
[2024-05-16T12:33:38.740+0000] {processor.py:830} INFO - Processing file /usr/local/python/3.10.13/lib/python3.10/site-packages/airflow/example_dags/example_setup_teardown_taskflow.py for tasks to queue
[2024-05-16T12:33:38.741+0000] {logging_mixin.py:188} INFO - [2024-05-16T12:33:38.741+0000] {dagbag.py:545} INFO - Filling up the DagBag from /usr/local/python/3.10.13/lib/python3.10/site-packages/airflow/example_dags/example_setup_teardown_taskflow.py
[2024-05-16T12:33:38.750+0000] {processor.py:840} INFO - DAG(s) 'example_setup_teardown_taskflow' retrieved from /usr/local/python/3.10.13/lib/python3.10/site-packages/airflow/example_dags/example_setup_teardown_taskflow.py
[2024-05-16T12:33:38.763+0000] {logging_mixin.py:188} INFO - [2024-05-16T12:33:38.763+0000] {dag.py:3096} INFO - Sync 1 DAGs
[2024-05-16T12:33:38.777+0000] {logging_mixin.py:188} INFO - [2024-05-16T12:33:38.777+0000] {dag.py:3954} INFO - Setting next_dagrun for example_setup_teardown_taskflow to 2024-05-15 00:00:00+00:00, run_after=2024-05-16 00:00:00+00:00
[2024-05-16T12:33:38.821+0000] {processor.py:183} INFO - Processing /usr/local/python/3.10.13/lib/python3.10/site-packages/airflow/example_dags/example_setup_teardown_taskflow.py took 0.087 seconds
[2024-05-16T12:34:22.783+0000] {processor.py:161} INFO - Started process (PID=19474) to work on /usr/local/python/3.10.13/lib/python3.10/site-packages/airflow/example_dags/example_setup_teardown_taskflow.py
[2024-05-16T12:34:22.784+0000] {processor.py:830} INFO - Processing file /usr/local/python/3.10.13/lib/python3.10/site-packages/airflow/example_dags/example_setup_teardown_taskflow.py for tasks to queue
[2024-05-16T12:34:22.785+0000] {logging_mixin.py:188} INFO - [2024-05-16T12:34:22.785+0000] {dagbag.py:545} INFO - Filling up the DagBag from /usr/local/python/3.10.13/lib/python3.10/site-packages/airflow/example_dags/example_setup_teardown_taskflow.py
[2024-05-16T12:34:22.794+0000] {processor.py:840} INFO - DAG(s) 'example_setup_teardown_taskflow' retrieved from /usr/local/python/3.10.13/lib/python3.10/site-packages/airflow/example_dags/example_setup_teardown_taskflow.py
[2024-05-16T12:34:22.807+0000] {logging_mixin.py:188} INFO - [2024-05-16T12:34:22.807+0000] {dag.py:3096} INFO - Sync 1 DAGs
[2024-05-16T12:34:22.823+0000] {logging_mixin.py:188} INFO - [2024-05-16T12:34:22.823+0000] {dag.py:3954} INFO - Setting next_dagrun for example_setup_teardown_taskflow to 2024-05-15 00:00:00+00:00, run_after=2024-05-16 00:00:00+00:00
[2024-05-16T12:34:22.869+0000] {processor.py:183} INFO - Processing /usr/local/python/3.10.13/lib/python3.10/site-packages/airflow/example_dags/example_setup_teardown_taskflow.py took 0.093 seconds
[2024-05-16T12:35:05.502+0000] {processor.py:161} INFO - Started process (PID=19781) to work on /usr/local/python/3.10.13/lib/python3.10/site-packages/airflow/example_dags/example_setup_teardown_taskflow.py
[2024-05-16T12:35:05.503+0000] {processor.py:830} INFO - Processing file /usr/local/python/3.10.13/lib/python3.10/site-packages/airflow/example_dags/example_setup_teardown_taskflow.py for tasks to queue
[2024-05-16T12:35:05.504+0000] {logging_mixin.py:188} INFO - [2024-05-16T12:35:05.504+0000] {dagbag.py:545} INFO - Filling up the DagBag from /usr/local/python/3.10.13/lib/python3.10/site-packages/airflow/example_dags/example_setup_teardown_taskflow.py
[2024-05-16T12:35:05.512+0000] {processor.py:840} INFO - DAG(s) 'example_setup_teardown_taskflow' retrieved from /usr/local/python/3.10.13/lib/python3.10/site-packages/airflow/example_dags/example_setup_teardown_taskflow.py
[2024-05-16T12:35:05.525+0000] {logging_mixin.py:188} INFO - [2024-05-16T12:35:05.525+0000] {dag.py:3096} INFO - Sync 1 DAGs
[2024-05-16T12:35:05.540+0000] {logging_mixin.py:188} INFO - [2024-05-16T12:35:05.539+0000] {dag.py:3954} INFO - Setting next_dagrun for example_setup_teardown_taskflow to 2024-05-15 00:00:00+00:00, run_after=2024-05-16 00:00:00+00:00
[2024-05-16T12:35:05.585+0000] {processor.py:183} INFO - Processing /usr/local/python/3.10.13/lib/python3.10/site-packages/airflow/example_dags/example_setup_teardown_taskflow.py took 0.088 seconds
[2024-05-16T12:35:48.057+0000] {processor.py:161} INFO - Started process (PID=20098) to work on /usr/local/python/3.10.13/lib/python3.10/site-packages/airflow/example_dags/example_setup_teardown_taskflow.py
[2024-05-16T12:35:48.057+0000] {processor.py:830} INFO - Processing file /usr/local/python/3.10.13/lib/python3.10/site-packages/airflow/example_dags/example_setup_teardown_taskflow.py for tasks to queue
[2024-05-16T12:35:48.059+0000] {logging_mixin.py:188} INFO - [2024-05-16T12:35:48.059+0000] {dagbag.py:545} INFO - Filling up the DagBag from /usr/local/python/3.10.13/lib/python3.10/site-packages/airflow/example_dags/example_setup_teardown_taskflow.py
[2024-05-16T12:35:48.072+0000] {processor.py:840} INFO - DAG(s) 'example_setup_teardown_taskflow' retrieved from /usr/local/python/3.10.13/lib/python3.10/site-packages/airflow/example_dags/example_setup_teardown_taskflow.py
[2024-05-16T12:35:48.091+0000] {logging_mixin.py:188} INFO - [2024-05-16T12:35:48.091+0000] {dag.py:3096} INFO - Sync 1 DAGs
[2024-05-16T12:35:48.112+0000] {logging_mixin.py:188} INFO - [2024-05-16T12:35:48.112+0000] {dag.py:3954} INFO - Setting next_dagrun for example_setup_teardown_taskflow to 2024-05-15 00:00:00+00:00, run_after=2024-05-16 00:00:00+00:00
[2024-05-16T12:35:48.164+0000] {processor.py:183} INFO - Processing /usr/local/python/3.10.13/lib/python3.10/site-packages/airflow/example_dags/example_setup_teardown_taskflow.py took 0.112 seconds
[2024-05-16T12:36:27.916+0000] {processor.py:161} INFO - Started process (PID=20386) to work on /usr/local/python/3.10.13/lib/python3.10/site-packages/airflow/example_dags/example_setup_teardown_taskflow.py
[2024-05-16T12:36:27.917+0000] {processor.py:830} INFO - Processing file /usr/local/python/3.10.13/lib/python3.10/site-packages/airflow/example_dags/example_setup_teardown_taskflow.py for tasks to queue
[2024-05-16T12:36:27.919+0000] {logging_mixin.py:188} INFO - [2024-05-16T12:36:27.918+0000] {dagbag.py:545} INFO - Filling up the DagBag from /usr/local/python/3.10.13/lib/python3.10/site-packages/airflow/example_dags/example_setup_teardown_taskflow.py
[2024-05-16T12:36:27.930+0000] {processor.py:840} INFO - DAG(s) 'example_setup_teardown_taskflow' retrieved from /usr/local/python/3.10.13/lib/python3.10/site-packages/airflow/example_dags/example_setup_teardown_taskflow.py
[2024-05-16T12:36:27.944+0000] {logging_mixin.py:188} INFO - [2024-05-16T12:36:27.943+0000] {dag.py:3096} INFO - Sync 1 DAGs
[2024-05-16T12:36:27.962+0000] {logging_mixin.py:188} INFO - [2024-05-16T12:36:27.961+0000] {dag.py:3954} INFO - Setting next_dagrun for example_setup_teardown_taskflow to 2024-05-15 00:00:00+00:00, run_after=2024-05-16 00:00:00+00:00
[2024-05-16T12:36:28.008+0000] {processor.py:183} INFO - Processing /usr/local/python/3.10.13/lib/python3.10/site-packages/airflow/example_dags/example_setup_teardown_taskflow.py took 0.096 seconds
[2024-05-16T12:37:09.832+0000] {processor.py:161} INFO - Started process (PID=20684) to work on /usr/local/python/3.10.13/lib/python3.10/site-packages/airflow/example_dags/example_setup_teardown_taskflow.py
[2024-05-16T12:37:09.833+0000] {processor.py:830} INFO - Processing file /usr/local/python/3.10.13/lib/python3.10/site-packages/airflow/example_dags/example_setup_teardown_taskflow.py for tasks to queue
[2024-05-16T12:37:09.834+0000] {logging_mixin.py:188} INFO - [2024-05-16T12:37:09.834+0000] {dagbag.py:545} INFO - Filling up the DagBag from /usr/local/python/3.10.13/lib/python3.10/site-packages/airflow/example_dags/example_setup_teardown_taskflow.py
[2024-05-16T12:37:09.842+0000] {processor.py:840} INFO - DAG(s) 'example_setup_teardown_taskflow' retrieved from /usr/local/python/3.10.13/lib/python3.10/site-packages/airflow/example_dags/example_setup_teardown_taskflow.py
[2024-05-16T12:37:09.855+0000] {logging_mixin.py:188} INFO - [2024-05-16T12:37:09.855+0000] {dag.py:3096} INFO - Sync 1 DAGs
[2024-05-16T12:37:09.870+0000] {logging_mixin.py:188} INFO - [2024-05-16T12:37:09.870+0000] {dag.py:3954} INFO - Setting next_dagrun for example_setup_teardown_taskflow to 2024-05-15 00:00:00+00:00, run_after=2024-05-16 00:00:00+00:00
[2024-05-16T12:37:09.916+0000] {processor.py:183} INFO - Processing /usr/local/python/3.10.13/lib/python3.10/site-packages/airflow/example_dags/example_setup_teardown_taskflow.py took 0.088 seconds
[2024-05-16T12:37:51.304+0000] {processor.py:161} INFO - Started process (PID=20976) to work on /usr/local/python/3.10.13/lib/python3.10/site-packages/airflow/example_dags/example_setup_teardown_taskflow.py
[2024-05-16T12:37:51.305+0000] {processor.py:830} INFO - Processing file /usr/local/python/3.10.13/lib/python3.10/site-packages/airflow/example_dags/example_setup_teardown_taskflow.py for tasks to queue
[2024-05-16T12:37:51.306+0000] {logging_mixin.py:188} INFO - [2024-05-16T12:37:51.306+0000] {dagbag.py:545} INFO - Filling up the DagBag from /usr/local/python/3.10.13/lib/python3.10/site-packages/airflow/example_dags/example_setup_teardown_taskflow.py
[2024-05-16T12:37:51.314+0000] {processor.py:840} INFO - DAG(s) 'example_setup_teardown_taskflow' retrieved from /usr/local/python/3.10.13/lib/python3.10/site-packages/airflow/example_dags/example_setup_teardown_taskflow.py
[2024-05-16T12:37:51.327+0000] {logging_mixin.py:188} INFO - [2024-05-16T12:37:51.327+0000] {dag.py:3096} INFO - Sync 1 DAGs
[2024-05-16T12:37:51.343+0000] {logging_mixin.py:188} INFO - [2024-05-16T12:37:51.342+0000] {dag.py:3954} INFO - Setting next_dagrun for example_setup_teardown_taskflow to 2024-05-15 00:00:00+00:00, run_after=2024-05-16 00:00:00+00:00
[2024-05-16T12:37:51.386+0000] {processor.py:183} INFO - Processing /usr/local/python/3.10.13/lib/python3.10/site-packages/airflow/example_dags/example_setup_teardown_taskflow.py took 0.087 seconds
[2024-05-16T12:38:29.704+0000] {processor.py:161} INFO - Started process (PID=21250) to work on /usr/local/python/3.10.13/lib/python3.10/site-packages/airflow/example_dags/example_setup_teardown_taskflow.py
[2024-05-16T12:38:29.705+0000] {processor.py:830} INFO - Processing file /usr/local/python/3.10.13/lib/python3.10/site-packages/airflow/example_dags/example_setup_teardown_taskflow.py for tasks to queue
[2024-05-16T12:38:29.706+0000] {logging_mixin.py:188} INFO - [2024-05-16T12:38:29.706+0000] {dagbag.py:545} INFO - Filling up the DagBag from /usr/local/python/3.10.13/lib/python3.10/site-packages/airflow/example_dags/example_setup_teardown_taskflow.py
[2024-05-16T12:38:29.714+0000] {processor.py:840} INFO - DAG(s) 'example_setup_teardown_taskflow' retrieved from /usr/local/python/3.10.13/lib/python3.10/site-packages/airflow/example_dags/example_setup_teardown_taskflow.py
[2024-05-16T12:38:29.727+0000] {logging_mixin.py:188} INFO - [2024-05-16T12:38:29.727+0000] {dag.py:3096} INFO - Sync 1 DAGs
[2024-05-16T12:38:29.741+0000] {logging_mixin.py:188} INFO - [2024-05-16T12:38:29.741+0000] {dag.py:3954} INFO - Setting next_dagrun for example_setup_teardown_taskflow to 2024-05-15 00:00:00+00:00, run_after=2024-05-16 00:00:00+00:00
[2024-05-16T12:38:29.786+0000] {processor.py:183} INFO - Processing /usr/local/python/3.10.13/lib/python3.10/site-packages/airflow/example_dags/example_setup_teardown_taskflow.py took 0.087 seconds
[2024-05-16T12:39:10.969+0000] {processor.py:161} INFO - Started process (PID=21540) to work on /usr/local/python/3.10.13/lib/python3.10/site-packages/airflow/example_dags/example_setup_teardown_taskflow.py
[2024-05-16T12:39:10.970+0000] {processor.py:830} INFO - Processing file /usr/local/python/3.10.13/lib/python3.10/site-packages/airflow/example_dags/example_setup_teardown_taskflow.py for tasks to queue
[2024-05-16T12:39:10.971+0000] {logging_mixin.py:188} INFO - [2024-05-16T12:39:10.971+0000] {dagbag.py:545} INFO - Filling up the DagBag from /usr/local/python/3.10.13/lib/python3.10/site-packages/airflow/example_dags/example_setup_teardown_taskflow.py
[2024-05-16T12:39:10.978+0000] {processor.py:840} INFO - DAG(s) 'example_setup_teardown_taskflow' retrieved from /usr/local/python/3.10.13/lib/python3.10/site-packages/airflow/example_dags/example_setup_teardown_taskflow.py
[2024-05-16T12:39:10.993+0000] {logging_mixin.py:188} INFO - [2024-05-16T12:39:10.992+0000] {dag.py:3096} INFO - Sync 1 DAGs
[2024-05-16T12:39:11.008+0000] {logging_mixin.py:188} INFO - [2024-05-16T12:39:11.008+0000] {dag.py:3954} INFO - Setting next_dagrun for example_setup_teardown_taskflow to 2024-05-15 00:00:00+00:00, run_after=2024-05-16 00:00:00+00:00
[2024-05-16T12:39:11.053+0000] {processor.py:183} INFO - Processing /usr/local/python/3.10.13/lib/python3.10/site-packages/airflow/example_dags/example_setup_teardown_taskflow.py took 0.089 seconds
[2024-05-16T12:39:55.288+0000] {processor.py:161} INFO - Started process (PID=21861) to work on /usr/local/python/3.10.13/lib/python3.10/site-packages/airflow/example_dags/example_setup_teardown_taskflow.py
[2024-05-16T12:39:55.288+0000] {processor.py:830} INFO - Processing file /usr/local/python/3.10.13/lib/python3.10/site-packages/airflow/example_dags/example_setup_teardown_taskflow.py for tasks to queue
[2024-05-16T12:39:55.290+0000] {logging_mixin.py:188} INFO - [2024-05-16T12:39:55.289+0000] {dagbag.py:545} INFO - Filling up the DagBag from /usr/local/python/3.10.13/lib/python3.10/site-packages/airflow/example_dags/example_setup_teardown_taskflow.py
[2024-05-16T12:39:55.297+0000] {processor.py:840} INFO - DAG(s) 'example_setup_teardown_taskflow' retrieved from /usr/local/python/3.10.13/lib/python3.10/site-packages/airflow/example_dags/example_setup_teardown_taskflow.py
[2024-05-16T12:39:55.310+0000] {logging_mixin.py:188} INFO - [2024-05-16T12:39:55.310+0000] {dag.py:3096} INFO - Sync 1 DAGs
[2024-05-16T12:39:55.325+0000] {logging_mixin.py:188} INFO - [2024-05-16T12:39:55.325+0000] {dag.py:3954} INFO - Setting next_dagrun for example_setup_teardown_taskflow to 2024-05-15 00:00:00+00:00, run_after=2024-05-16 00:00:00+00:00
[2024-05-16T12:39:55.369+0000] {processor.py:183} INFO - Processing /usr/local/python/3.10.13/lib/python3.10/site-packages/airflow/example_dags/example_setup_teardown_taskflow.py took 0.086 seconds
[2024-05-16T12:40:37.745+0000] {processor.py:161} INFO - Started process (PID=22178) to work on /usr/local/python/3.10.13/lib/python3.10/site-packages/airflow/example_dags/example_setup_teardown_taskflow.py
[2024-05-16T12:40:37.746+0000] {processor.py:830} INFO - Processing file /usr/local/python/3.10.13/lib/python3.10/site-packages/airflow/example_dags/example_setup_teardown_taskflow.py for tasks to queue
[2024-05-16T12:40:37.747+0000] {logging_mixin.py:188} INFO - [2024-05-16T12:40:37.747+0000] {dagbag.py:545} INFO - Filling up the DagBag from /usr/local/python/3.10.13/lib/python3.10/site-packages/airflow/example_dags/example_setup_teardown_taskflow.py
[2024-05-16T12:40:37.755+0000] {processor.py:840} INFO - DAG(s) 'example_setup_teardown_taskflow' retrieved from /usr/local/python/3.10.13/lib/python3.10/site-packages/airflow/example_dags/example_setup_teardown_taskflow.py
[2024-05-16T12:40:37.770+0000] {logging_mixin.py:188} INFO - [2024-05-16T12:40:37.769+0000] {dag.py:3096} INFO - Sync 1 DAGs
[2024-05-16T12:40:37.787+0000] {logging_mixin.py:188} INFO - [2024-05-16T12:40:37.786+0000] {dag.py:3954} INFO - Setting next_dagrun for example_setup_teardown_taskflow to 2024-05-15 00:00:00+00:00, run_after=2024-05-16 00:00:00+00:00
[2024-05-16T12:40:37.832+0000] {processor.py:183} INFO - Processing /usr/local/python/3.10.13/lib/python3.10/site-packages/airflow/example_dags/example_setup_teardown_taskflow.py took 0.092 seconds
[2024-05-16T12:41:18.409+0000] {processor.py:161} INFO - Started process (PID=22464) to work on /usr/local/python/3.10.13/lib/python3.10/site-packages/airflow/example_dags/example_setup_teardown_taskflow.py
[2024-05-16T12:41:18.410+0000] {processor.py:830} INFO - Processing file /usr/local/python/3.10.13/lib/python3.10/site-packages/airflow/example_dags/example_setup_teardown_taskflow.py for tasks to queue
[2024-05-16T12:41:18.412+0000] {logging_mixin.py:188} INFO - [2024-05-16T12:41:18.412+0000] {dagbag.py:545} INFO - Filling up the DagBag from /usr/local/python/3.10.13/lib/python3.10/site-packages/airflow/example_dags/example_setup_teardown_taskflow.py
[2024-05-16T12:41:18.424+0000] {processor.py:840} INFO - DAG(s) 'example_setup_teardown_taskflow' retrieved from /usr/local/python/3.10.13/lib/python3.10/site-packages/airflow/example_dags/example_setup_teardown_taskflow.py
[2024-05-16T12:41:18.446+0000] {logging_mixin.py:188} INFO - [2024-05-16T12:41:18.445+0000] {dag.py:3096} INFO - Sync 1 DAGs
[2024-05-16T12:41:18.462+0000] {logging_mixin.py:188} INFO - [2024-05-16T12:41:18.462+0000] {dag.py:3954} INFO - Setting next_dagrun for example_setup_teardown_taskflow to 2024-05-15 00:00:00+00:00, run_after=2024-05-16 00:00:00+00:00
[2024-05-16T12:41:18.510+0000] {processor.py:183} INFO - Processing /usr/local/python/3.10.13/lib/python3.10/site-packages/airflow/example_dags/example_setup_teardown_taskflow.py took 0.115 seconds
[2024-05-16T12:42:01.785+0000] {processor.py:161} INFO - Started process (PID=22781) to work on /usr/local/python/3.10.13/lib/python3.10/site-packages/airflow/example_dags/example_setup_teardown_taskflow.py
[2024-05-16T12:42:01.786+0000] {processor.py:830} INFO - Processing file /usr/local/python/3.10.13/lib/python3.10/site-packages/airflow/example_dags/example_setup_teardown_taskflow.py for tasks to queue
[2024-05-16T12:42:01.787+0000] {logging_mixin.py:188} INFO - [2024-05-16T12:42:01.787+0000] {dagbag.py:545} INFO - Filling up the DagBag from /usr/local/python/3.10.13/lib/python3.10/site-packages/airflow/example_dags/example_setup_teardown_taskflow.py
[2024-05-16T12:42:01.795+0000] {processor.py:840} INFO - DAG(s) 'example_setup_teardown_taskflow' retrieved from /usr/local/python/3.10.13/lib/python3.10/site-packages/airflow/example_dags/example_setup_teardown_taskflow.py
[2024-05-16T12:42:01.808+0000] {logging_mixin.py:188} INFO - [2024-05-16T12:42:01.808+0000] {dag.py:3096} INFO - Sync 1 DAGs
[2024-05-16T12:42:01.822+0000] {logging_mixin.py:188} INFO - [2024-05-16T12:42:01.822+0000] {dag.py:3954} INFO - Setting next_dagrun for example_setup_teardown_taskflow to 2024-05-15 00:00:00+00:00, run_after=2024-05-16 00:00:00+00:00
[2024-05-16T12:42:01.872+0000] {processor.py:183} INFO - Processing /usr/local/python/3.10.13/lib/python3.10/site-packages/airflow/example_dags/example_setup_teardown_taskflow.py took 0.091 seconds
[2024-05-16T12:42:44.692+0000] {processor.py:161} INFO - Started process (PID=23094) to work on /usr/local/python/3.10.13/lib/python3.10/site-packages/airflow/example_dags/example_setup_teardown_taskflow.py
[2024-05-16T12:42:44.693+0000] {processor.py:830} INFO - Processing file /usr/local/python/3.10.13/lib/python3.10/site-packages/airflow/example_dags/example_setup_teardown_taskflow.py for tasks to queue
[2024-05-16T12:42:44.694+0000] {logging_mixin.py:188} INFO - [2024-05-16T12:42:44.694+0000] {dagbag.py:545} INFO - Filling up the DagBag from /usr/local/python/3.10.13/lib/python3.10/site-packages/airflow/example_dags/example_setup_teardown_taskflow.py
[2024-05-16T12:42:44.702+0000] {processor.py:840} INFO - DAG(s) 'example_setup_teardown_taskflow' retrieved from /usr/local/python/3.10.13/lib/python3.10/site-packages/airflow/example_dags/example_setup_teardown_taskflow.py
[2024-05-16T12:42:44.715+0000] {logging_mixin.py:188} INFO - [2024-05-16T12:42:44.715+0000] {dag.py:3096} INFO - Sync 1 DAGs
[2024-05-16T12:42:44.730+0000] {logging_mixin.py:188} INFO - [2024-05-16T12:42:44.730+0000] {dag.py:3954} INFO - Setting next_dagrun for example_setup_teardown_taskflow to 2024-05-15 00:00:00+00:00, run_after=2024-05-16 00:00:00+00:00
[2024-05-16T12:42:44.776+0000] {processor.py:183} INFO - Processing /usr/local/python/3.10.13/lib/python3.10/site-packages/airflow/example_dags/example_setup_teardown_taskflow.py took 0.089 seconds
[2024-05-16T12:43:24.886+0000] {processor.py:161} INFO - Started process (PID=23389) to work on /usr/local/python/3.10.13/lib/python3.10/site-packages/airflow/example_dags/example_setup_teardown_taskflow.py
[2024-05-16T12:43:24.887+0000] {processor.py:830} INFO - Processing file /usr/local/python/3.10.13/lib/python3.10/site-packages/airflow/example_dags/example_setup_teardown_taskflow.py for tasks to queue
[2024-05-16T12:43:24.888+0000] {logging_mixin.py:188} INFO - [2024-05-16T12:43:24.888+0000] {dagbag.py:545} INFO - Filling up the DagBag from /usr/local/python/3.10.13/lib/python3.10/site-packages/airflow/example_dags/example_setup_teardown_taskflow.py
[2024-05-16T12:43:24.895+0000] {processor.py:840} INFO - DAG(s) 'example_setup_teardown_taskflow' retrieved from /usr/local/python/3.10.13/lib/python3.10/site-packages/airflow/example_dags/example_setup_teardown_taskflow.py
[2024-05-16T12:43:24.909+0000] {logging_mixin.py:188} INFO - [2024-05-16T12:43:24.909+0000] {dag.py:3096} INFO - Sync 1 DAGs
[2024-05-16T12:43:24.924+0000] {logging_mixin.py:188} INFO - [2024-05-16T12:43:24.923+0000] {dag.py:3954} INFO - Setting next_dagrun for example_setup_teardown_taskflow to 2024-05-15 00:00:00+00:00, run_after=2024-05-16 00:00:00+00:00
[2024-05-16T12:43:24.982+0000] {processor.py:183} INFO - Processing /usr/local/python/3.10.13/lib/python3.10/site-packages/airflow/example_dags/example_setup_teardown_taskflow.py took 0.101 seconds
[2024-05-16T12:44:09.157+0000] {processor.py:161} INFO - Started process (PID=23706) to work on /usr/local/python/3.10.13/lib/python3.10/site-packages/airflow/example_dags/example_setup_teardown_taskflow.py
[2024-05-16T12:44:09.158+0000] {processor.py:830} INFO - Processing file /usr/local/python/3.10.13/lib/python3.10/site-packages/airflow/example_dags/example_setup_teardown_taskflow.py for tasks to queue
[2024-05-16T12:44:09.159+0000] {logging_mixin.py:188} INFO - [2024-05-16T12:44:09.159+0000] {dagbag.py:545} INFO - Filling up the DagBag from /usr/local/python/3.10.13/lib/python3.10/site-packages/airflow/example_dags/example_setup_teardown_taskflow.py
[2024-05-16T12:44:09.166+0000] {processor.py:840} INFO - DAG(s) 'example_setup_teardown_taskflow' retrieved from /usr/local/python/3.10.13/lib/python3.10/site-packages/airflow/example_dags/example_setup_teardown_taskflow.py
[2024-05-16T12:44:09.180+0000] {logging_mixin.py:188} INFO - [2024-05-16T12:44:09.179+0000] {dag.py:3096} INFO - Sync 1 DAGs
[2024-05-16T12:44:09.202+0000] {logging_mixin.py:188} INFO - [2024-05-16T12:44:09.202+0000] {dag.py:3954} INFO - Setting next_dagrun for example_setup_teardown_taskflow to 2024-05-15 00:00:00+00:00, run_after=2024-05-16 00:00:00+00:00
[2024-05-16T12:44:09.253+0000] {processor.py:183} INFO - Processing /usr/local/python/3.10.13/lib/python3.10/site-packages/airflow/example_dags/example_setup_teardown_taskflow.py took 0.101 seconds
[2024-05-16T12:44:51.758+0000] {processor.py:161} INFO - Started process (PID=24004) to work on /usr/local/python/3.10.13/lib/python3.10/site-packages/airflow/example_dags/example_setup_teardown_taskflow.py
[2024-05-16T12:44:51.759+0000] {processor.py:830} INFO - Processing file /usr/local/python/3.10.13/lib/python3.10/site-packages/airflow/example_dags/example_setup_teardown_taskflow.py for tasks to queue
[2024-05-16T12:44:51.761+0000] {logging_mixin.py:188} INFO - [2024-05-16T12:44:51.760+0000] {dagbag.py:545} INFO - Filling up the DagBag from /usr/local/python/3.10.13/lib/python3.10/site-packages/airflow/example_dags/example_setup_teardown_taskflow.py
[2024-05-16T12:44:51.772+0000] {processor.py:840} INFO - DAG(s) 'example_setup_teardown_taskflow' retrieved from /usr/local/python/3.10.13/lib/python3.10/site-packages/airflow/example_dags/example_setup_teardown_taskflow.py
[2024-05-16T12:44:51.793+0000] {logging_mixin.py:188} INFO - [2024-05-16T12:44:51.793+0000] {dag.py:3096} INFO - Sync 1 DAGs
[2024-05-16T12:44:51.816+0000] {logging_mixin.py:188} INFO - [2024-05-16T12:44:51.815+0000] {dag.py:3954} INFO - Setting next_dagrun for example_setup_teardown_taskflow to 2024-05-15 00:00:00+00:00, run_after=2024-05-16 00:00:00+00:00
[2024-05-16T12:44:51.865+0000] {processor.py:183} INFO - Processing /usr/local/python/3.10.13/lib/python3.10/site-packages/airflow/example_dags/example_setup_teardown_taskflow.py took 0.114 seconds
