[2024-05-16T12:06:18.215+0000] {processor.py:161} INFO - Started process (PID=7349) to work on /usr/local/python/3.10.13/lib/python3.10/site-packages/airflow/example_dags/example_time_delta_sensor_async.py
[2024-05-16T12:06:18.216+0000] {processor.py:830} INFO - Processing file /usr/local/python/3.10.13/lib/python3.10/site-packages/airflow/example_dags/example_time_delta_sensor_async.py for tasks to queue
[2024-05-16T12:06:18.217+0000] {logging_mixin.py:188} INFO - [2024-05-16T12:06:18.217+0000] {dagbag.py:545} INFO - Filling up the DagBag from /usr/local/python/3.10.13/lib/python3.10/site-packages/airflow/example_dags/example_time_delta_sensor_async.py
[2024-05-16T12:06:18.223+0000] {processor.py:840} INFO - DAG(s) 'example_time_delta_sensor_async' retrieved from /usr/local/python/3.10.13/lib/python3.10/site-packages/airflow/example_dags/example_time_delta_sensor_async.py
[2024-05-16T12:06:18.379+0000] {logging_mixin.py:188} INFO - [2024-05-16T12:06:18.379+0000] {dag.py:3096} INFO - Sync 1 DAGs
[2024-05-16T12:06:18.386+0000] {logging_mixin.py:188} INFO - [2024-05-16T12:06:18.386+0000] {dag.py:3954} INFO - Setting next_dagrun for example_time_delta_sensor_async to None, run_after=None
[2024-05-16T12:06:18.431+0000] {processor.py:183} INFO - Processing /usr/local/python/3.10.13/lib/python3.10/site-packages/airflow/example_dags/example_time_delta_sensor_async.py took 0.220 seconds
[2024-05-16T12:07:17.175+0000] {processor.py:161} INFO - Started process (PID=7751) to work on /usr/local/python/3.10.13/lib/python3.10/site-packages/airflow/example_dags/example_time_delta_sensor_async.py
[2024-05-16T12:07:17.176+0000] {processor.py:830} INFO - Processing file /usr/local/python/3.10.13/lib/python3.10/site-packages/airflow/example_dags/example_time_delta_sensor_async.py for tasks to queue
[2024-05-16T12:07:17.177+0000] {logging_mixin.py:188} INFO - [2024-05-16T12:07:17.177+0000] {dagbag.py:545} INFO - Filling up the DagBag from /usr/local/python/3.10.13/lib/python3.10/site-packages/airflow/example_dags/example_time_delta_sensor_async.py
[2024-05-16T12:07:17.181+0000] {processor.py:840} INFO - DAG(s) 'example_time_delta_sensor_async' retrieved from /usr/local/python/3.10.13/lib/python3.10/site-packages/airflow/example_dags/example_time_delta_sensor_async.py
[2024-05-16T12:07:17.192+0000] {logging_mixin.py:188} INFO - [2024-05-16T12:07:17.192+0000] {dag.py:3096} INFO - Sync 1 DAGs
[2024-05-16T12:07:17.200+0000] {logging_mixin.py:188} INFO - [2024-05-16T12:07:17.200+0000] {dag.py:3954} INFO - Setting next_dagrun for example_time_delta_sensor_async to None, run_after=None
[2024-05-16T12:07:17.243+0000] {processor.py:183} INFO - Processing /usr/local/python/3.10.13/lib/python3.10/site-packages/airflow/example_dags/example_time_delta_sensor_async.py took 0.073 seconds
[2024-05-16T12:08:04.669+0000] {processor.py:161} INFO - Started process (PID=8083) to work on /usr/local/python/3.10.13/lib/python3.10/site-packages/airflow/example_dags/example_time_delta_sensor_async.py
[2024-05-16T12:08:04.669+0000] {processor.py:830} INFO - Processing file /usr/local/python/3.10.13/lib/python3.10/site-packages/airflow/example_dags/example_time_delta_sensor_async.py for tasks to queue
[2024-05-16T12:08:04.671+0000] {logging_mixin.py:188} INFO - [2024-05-16T12:08:04.670+0000] {dagbag.py:545} INFO - Filling up the DagBag from /usr/local/python/3.10.13/lib/python3.10/site-packages/airflow/example_dags/example_time_delta_sensor_async.py
[2024-05-16T12:08:04.674+0000] {processor.py:840} INFO - DAG(s) 'example_time_delta_sensor_async' retrieved from /usr/local/python/3.10.13/lib/python3.10/site-packages/airflow/example_dags/example_time_delta_sensor_async.py
[2024-05-16T12:08:04.685+0000] {logging_mixin.py:188} INFO - [2024-05-16T12:08:04.685+0000] {dag.py:3096} INFO - Sync 1 DAGs
[2024-05-16T12:08:04.694+0000] {logging_mixin.py:188} INFO - [2024-05-16T12:08:04.694+0000] {dag.py:3954} INFO - Setting next_dagrun for example_time_delta_sensor_async to None, run_after=None
[2024-05-16T12:08:04.741+0000] {processor.py:183} INFO - Processing /usr/local/python/3.10.13/lib/python3.10/site-packages/airflow/example_dags/example_time_delta_sensor_async.py took 0.077 seconds
[2024-05-16T12:08:49.027+0000] {processor.py:161} INFO - Started process (PID=8394) to work on /usr/local/python/3.10.13/lib/python3.10/site-packages/airflow/example_dags/example_time_delta_sensor_async.py
[2024-05-16T12:08:49.028+0000] {processor.py:830} INFO - Processing file /usr/local/python/3.10.13/lib/python3.10/site-packages/airflow/example_dags/example_time_delta_sensor_async.py for tasks to queue
[2024-05-16T12:08:49.029+0000] {logging_mixin.py:188} INFO - [2024-05-16T12:08:49.029+0000] {dagbag.py:545} INFO - Filling up the DagBag from /usr/local/python/3.10.13/lib/python3.10/site-packages/airflow/example_dags/example_time_delta_sensor_async.py
[2024-05-16T12:08:49.033+0000] {processor.py:840} INFO - DAG(s) 'example_time_delta_sensor_async' retrieved from /usr/local/python/3.10.13/lib/python3.10/site-packages/airflow/example_dags/example_time_delta_sensor_async.py
[2024-05-16T12:08:49.046+0000] {logging_mixin.py:188} INFO - [2024-05-16T12:08:49.045+0000] {dag.py:3096} INFO - Sync 1 DAGs
[2024-05-16T12:08:49.054+0000] {logging_mixin.py:188} INFO - [2024-05-16T12:08:49.054+0000] {dag.py:3954} INFO - Setting next_dagrun for example_time_delta_sensor_async to None, run_after=None
[2024-05-16T12:08:49.099+0000] {processor.py:183} INFO - Processing /usr/local/python/3.10.13/lib/python3.10/site-packages/airflow/example_dags/example_time_delta_sensor_async.py took 0.076 seconds
[2024-05-16T12:09:34.412+0000] {processor.py:161} INFO - Started process (PID=8738) to work on /usr/local/python/3.10.13/lib/python3.10/site-packages/airflow/example_dags/example_time_delta_sensor_async.py
[2024-05-16T12:09:34.413+0000] {processor.py:830} INFO - Processing file /usr/local/python/3.10.13/lib/python3.10/site-packages/airflow/example_dags/example_time_delta_sensor_async.py for tasks to queue
[2024-05-16T12:09:34.415+0000] {logging_mixin.py:188} INFO - [2024-05-16T12:09:34.414+0000] {dagbag.py:545} INFO - Filling up the DagBag from /usr/local/python/3.10.13/lib/python3.10/site-packages/airflow/example_dags/example_time_delta_sensor_async.py
[2024-05-16T12:09:34.418+0000] {processor.py:840} INFO - DAG(s) 'example_time_delta_sensor_async' retrieved from /usr/local/python/3.10.13/lib/python3.10/site-packages/airflow/example_dags/example_time_delta_sensor_async.py
[2024-05-16T12:09:34.429+0000] {logging_mixin.py:188} INFO - [2024-05-16T12:09:34.429+0000] {dag.py:3096} INFO - Sync 1 DAGs
[2024-05-16T12:09:34.438+0000] {logging_mixin.py:188} INFO - [2024-05-16T12:09:34.438+0000] {dag.py:3954} INFO - Setting next_dagrun for example_time_delta_sensor_async to None, run_after=None
[2024-05-16T12:09:34.488+0000] {processor.py:183} INFO - Processing /usr/local/python/3.10.13/lib/python3.10/site-packages/airflow/example_dags/example_time_delta_sensor_async.py took 0.080 seconds
[2024-05-16T12:10:17.923+0000] {processor.py:161} INFO - Started process (PID=9034) to work on /usr/local/python/3.10.13/lib/python3.10/site-packages/airflow/example_dags/example_time_delta_sensor_async.py
[2024-05-16T12:10:17.924+0000] {processor.py:830} INFO - Processing file /usr/local/python/3.10.13/lib/python3.10/site-packages/airflow/example_dags/example_time_delta_sensor_async.py for tasks to queue
[2024-05-16T12:10:17.925+0000] {logging_mixin.py:188} INFO - [2024-05-16T12:10:17.925+0000] {dagbag.py:545} INFO - Filling up the DagBag from /usr/local/python/3.10.13/lib/python3.10/site-packages/airflow/example_dags/example_time_delta_sensor_async.py
[2024-05-16T12:10:17.929+0000] {processor.py:840} INFO - DAG(s) 'example_time_delta_sensor_async' retrieved from /usr/local/python/3.10.13/lib/python3.10/site-packages/airflow/example_dags/example_time_delta_sensor_async.py
[2024-05-16T12:10:17.940+0000] {logging_mixin.py:188} INFO - [2024-05-16T12:10:17.940+0000] {dag.py:3096} INFO - Sync 1 DAGs
[2024-05-16T12:10:17.949+0000] {logging_mixin.py:188} INFO - [2024-05-16T12:10:17.949+0000] {dag.py:3954} INFO - Setting next_dagrun for example_time_delta_sensor_async to None, run_after=None
[2024-05-16T12:10:18.000+0000] {processor.py:183} INFO - Processing /usr/local/python/3.10.13/lib/python3.10/site-packages/airflow/example_dags/example_time_delta_sensor_async.py took 0.082 seconds
[2024-05-16T12:11:07.464+0000] {processor.py:161} INFO - Started process (PID=9378) to work on /usr/local/python/3.10.13/lib/python3.10/site-packages/airflow/example_dags/example_time_delta_sensor_async.py
[2024-05-16T12:11:07.465+0000] {processor.py:830} INFO - Processing file /usr/local/python/3.10.13/lib/python3.10/site-packages/airflow/example_dags/example_time_delta_sensor_async.py for tasks to queue
[2024-05-16T12:11:07.467+0000] {logging_mixin.py:188} INFO - [2024-05-16T12:11:07.466+0000] {dagbag.py:545} INFO - Filling up the DagBag from /usr/local/python/3.10.13/lib/python3.10/site-packages/airflow/example_dags/example_time_delta_sensor_async.py
[2024-05-16T12:11:07.470+0000] {processor.py:840} INFO - DAG(s) 'example_time_delta_sensor_async' retrieved from /usr/local/python/3.10.13/lib/python3.10/site-packages/airflow/example_dags/example_time_delta_sensor_async.py
[2024-05-16T12:11:07.481+0000] {logging_mixin.py:188} INFO - [2024-05-16T12:11:07.481+0000] {dag.py:3096} INFO - Sync 1 DAGs
[2024-05-16T12:11:07.490+0000] {logging_mixin.py:188} INFO - [2024-05-16T12:11:07.490+0000] {dag.py:3954} INFO - Setting next_dagrun for example_time_delta_sensor_async to None, run_after=None
[2024-05-16T12:11:07.536+0000] {processor.py:183} INFO - Processing /usr/local/python/3.10.13/lib/python3.10/site-packages/airflow/example_dags/example_time_delta_sensor_async.py took 0.077 seconds
[2024-05-16T12:11:49.950+0000] {processor.py:161} INFO - Started process (PID=9673) to work on /usr/local/python/3.10.13/lib/python3.10/site-packages/airflow/example_dags/example_time_delta_sensor_async.py
[2024-05-16T12:11:49.951+0000] {processor.py:830} INFO - Processing file /usr/local/python/3.10.13/lib/python3.10/site-packages/airflow/example_dags/example_time_delta_sensor_async.py for tasks to queue
[2024-05-16T12:11:49.952+0000] {logging_mixin.py:188} INFO - [2024-05-16T12:11:49.952+0000] {dagbag.py:545} INFO - Filling up the DagBag from /usr/local/python/3.10.13/lib/python3.10/site-packages/airflow/example_dags/example_time_delta_sensor_async.py
[2024-05-16T12:11:49.956+0000] {processor.py:840} INFO - DAG(s) 'example_time_delta_sensor_async' retrieved from /usr/local/python/3.10.13/lib/python3.10/site-packages/airflow/example_dags/example_time_delta_sensor_async.py
[2024-05-16T12:11:49.967+0000] {logging_mixin.py:188} INFO - [2024-05-16T12:11:49.967+0000] {dag.py:3096} INFO - Sync 1 DAGs
[2024-05-16T12:11:49.976+0000] {logging_mixin.py:188} INFO - [2024-05-16T12:11:49.976+0000] {dag.py:3954} INFO - Setting next_dagrun for example_time_delta_sensor_async to None, run_after=None
[2024-05-16T12:11:50.021+0000] {processor.py:183} INFO - Processing /usr/local/python/3.10.13/lib/python3.10/site-packages/airflow/example_dags/example_time_delta_sensor_async.py took 0.076 seconds
[2024-05-16T12:12:31.720+0000] {processor.py:161} INFO - Started process (PID=9960) to work on /usr/local/python/3.10.13/lib/python3.10/site-packages/airflow/example_dags/example_time_delta_sensor_async.py
[2024-05-16T12:12:31.721+0000] {processor.py:830} INFO - Processing file /usr/local/python/3.10.13/lib/python3.10/site-packages/airflow/example_dags/example_time_delta_sensor_async.py for tasks to queue
[2024-05-16T12:12:31.722+0000] {logging_mixin.py:188} INFO - [2024-05-16T12:12:31.722+0000] {dagbag.py:545} INFO - Filling up the DagBag from /usr/local/python/3.10.13/lib/python3.10/site-packages/airflow/example_dags/example_time_delta_sensor_async.py
[2024-05-16T12:12:31.726+0000] {processor.py:840} INFO - DAG(s) 'example_time_delta_sensor_async' retrieved from /usr/local/python/3.10.13/lib/python3.10/site-packages/airflow/example_dags/example_time_delta_sensor_async.py
[2024-05-16T12:12:31.737+0000] {logging_mixin.py:188} INFO - [2024-05-16T12:12:31.737+0000] {dag.py:3096} INFO - Sync 1 DAGs
[2024-05-16T12:12:31.746+0000] {logging_mixin.py:188} INFO - [2024-05-16T12:12:31.746+0000] {dag.py:3954} INFO - Setting next_dagrun for example_time_delta_sensor_async to None, run_after=None
[2024-05-16T12:12:31.792+0000] {processor.py:183} INFO - Processing /usr/local/python/3.10.13/lib/python3.10/site-packages/airflow/example_dags/example_time_delta_sensor_async.py took 0.077 seconds
[2024-05-16T12:13:14.461+0000] {processor.py:161} INFO - Started process (PID=10256) to work on /usr/local/python/3.10.13/lib/python3.10/site-packages/airflow/example_dags/example_time_delta_sensor_async.py
[2024-05-16T12:13:14.461+0000] {processor.py:830} INFO - Processing file /usr/local/python/3.10.13/lib/python3.10/site-packages/airflow/example_dags/example_time_delta_sensor_async.py for tasks to queue
[2024-05-16T12:13:14.463+0000] {logging_mixin.py:188} INFO - [2024-05-16T12:13:14.462+0000] {dagbag.py:545} INFO - Filling up the DagBag from /usr/local/python/3.10.13/lib/python3.10/site-packages/airflow/example_dags/example_time_delta_sensor_async.py
[2024-05-16T12:13:14.466+0000] {processor.py:840} INFO - DAG(s) 'example_time_delta_sensor_async' retrieved from /usr/local/python/3.10.13/lib/python3.10/site-packages/airflow/example_dags/example_time_delta_sensor_async.py
[2024-05-16T12:13:14.477+0000] {logging_mixin.py:188} INFO - [2024-05-16T12:13:14.477+0000] {dag.py:3096} INFO - Sync 1 DAGs
[2024-05-16T12:13:14.486+0000] {logging_mixin.py:188} INFO - [2024-05-16T12:13:14.486+0000] {dag.py:3954} INFO - Setting next_dagrun for example_time_delta_sensor_async to None, run_after=None
[2024-05-16T12:13:14.535+0000] {processor.py:183} INFO - Processing /usr/local/python/3.10.13/lib/python3.10/site-packages/airflow/example_dags/example_time_delta_sensor_async.py took 0.079 seconds
[2024-05-16T12:13:55.953+0000] {processor.py:161} INFO - Started process (PID=10533) to work on /usr/local/python/3.10.13/lib/python3.10/site-packages/airflow/example_dags/example_time_delta_sensor_async.py
[2024-05-16T12:13:55.954+0000] {processor.py:830} INFO - Processing file /usr/local/python/3.10.13/lib/python3.10/site-packages/airflow/example_dags/example_time_delta_sensor_async.py for tasks to queue
[2024-05-16T12:13:55.955+0000] {logging_mixin.py:188} INFO - [2024-05-16T12:13:55.955+0000] {dagbag.py:545} INFO - Filling up the DagBag from /usr/local/python/3.10.13/lib/python3.10/site-packages/airflow/example_dags/example_time_delta_sensor_async.py
[2024-05-16T12:13:55.959+0000] {processor.py:840} INFO - DAG(s) 'example_time_delta_sensor_async' retrieved from /usr/local/python/3.10.13/lib/python3.10/site-packages/airflow/example_dags/example_time_delta_sensor_async.py
[2024-05-16T12:13:55.970+0000] {logging_mixin.py:188} INFO - [2024-05-16T12:13:55.969+0000] {dag.py:3096} INFO - Sync 1 DAGs
[2024-05-16T12:13:55.978+0000] {logging_mixin.py:188} INFO - [2024-05-16T12:13:55.978+0000] {dag.py:3954} INFO - Setting next_dagrun for example_time_delta_sensor_async to None, run_after=None
[2024-05-16T12:13:56.024+0000] {processor.py:183} INFO - Processing /usr/local/python/3.10.13/lib/python3.10/site-packages/airflow/example_dags/example_time_delta_sensor_async.py took 0.076 seconds
[2024-05-16T12:14:37.295+0000] {processor.py:161} INFO - Started process (PID=10822) to work on /usr/local/python/3.10.13/lib/python3.10/site-packages/airflow/example_dags/example_time_delta_sensor_async.py
[2024-05-16T12:14:37.295+0000] {processor.py:830} INFO - Processing file /usr/local/python/3.10.13/lib/python3.10/site-packages/airflow/example_dags/example_time_delta_sensor_async.py for tasks to queue
[2024-05-16T12:14:37.297+0000] {logging_mixin.py:188} INFO - [2024-05-16T12:14:37.296+0000] {dagbag.py:545} INFO - Filling up the DagBag from /usr/local/python/3.10.13/lib/python3.10/site-packages/airflow/example_dags/example_time_delta_sensor_async.py
[2024-05-16T12:14:37.300+0000] {processor.py:840} INFO - DAG(s) 'example_time_delta_sensor_async' retrieved from /usr/local/python/3.10.13/lib/python3.10/site-packages/airflow/example_dags/example_time_delta_sensor_async.py
[2024-05-16T12:14:37.312+0000] {logging_mixin.py:188} INFO - [2024-05-16T12:14:37.312+0000] {dag.py:3096} INFO - Sync 1 DAGs
[2024-05-16T12:14:37.321+0000] {logging_mixin.py:188} INFO - [2024-05-16T12:14:37.320+0000] {dag.py:3954} INFO - Setting next_dagrun for example_time_delta_sensor_async to None, run_after=None
[2024-05-16T12:14:37.366+0000] {processor.py:183} INFO - Processing /usr/local/python/3.10.13/lib/python3.10/site-packages/airflow/example_dags/example_time_delta_sensor_async.py took 0.076 seconds
[2024-05-16T12:15:21.042+0000] {processor.py:161} INFO - Started process (PID=11132) to work on /usr/local/python/3.10.13/lib/python3.10/site-packages/airflow/example_dags/example_time_delta_sensor_async.py
[2024-05-16T12:15:21.043+0000] {processor.py:830} INFO - Processing file /usr/local/python/3.10.13/lib/python3.10/site-packages/airflow/example_dags/example_time_delta_sensor_async.py for tasks to queue
[2024-05-16T12:15:21.044+0000] {logging_mixin.py:188} INFO - [2024-05-16T12:15:21.044+0000] {dagbag.py:545} INFO - Filling up the DagBag from /usr/local/python/3.10.13/lib/python3.10/site-packages/airflow/example_dags/example_time_delta_sensor_async.py
[2024-05-16T12:15:21.048+0000] {processor.py:840} INFO - DAG(s) 'example_time_delta_sensor_async' retrieved from /usr/local/python/3.10.13/lib/python3.10/site-packages/airflow/example_dags/example_time_delta_sensor_async.py
[2024-05-16T12:15:21.060+0000] {logging_mixin.py:188} INFO - [2024-05-16T12:15:21.060+0000] {dag.py:3096} INFO - Sync 1 DAGs
[2024-05-16T12:15:21.069+0000] {logging_mixin.py:188} INFO - [2024-05-16T12:15:21.069+0000] {dag.py:3954} INFO - Setting next_dagrun for example_time_delta_sensor_async to None, run_after=None
[2024-05-16T12:15:21.115+0000] {processor.py:183} INFO - Processing /usr/local/python/3.10.13/lib/python3.10/site-packages/airflow/example_dags/example_time_delta_sensor_async.py took 0.078 seconds
[2024-05-16T12:16:02.393+0000] {processor.py:161} INFO - Started process (PID=11445) to work on /usr/local/python/3.10.13/lib/python3.10/site-packages/airflow/example_dags/example_time_delta_sensor_async.py
[2024-05-16T12:16:02.394+0000] {processor.py:830} INFO - Processing file /usr/local/python/3.10.13/lib/python3.10/site-packages/airflow/example_dags/example_time_delta_sensor_async.py for tasks to queue
[2024-05-16T12:16:02.395+0000] {logging_mixin.py:188} INFO - [2024-05-16T12:16:02.395+0000] {dagbag.py:545} INFO - Filling up the DagBag from /usr/local/python/3.10.13/lib/python3.10/site-packages/airflow/example_dags/example_time_delta_sensor_async.py
[2024-05-16T12:16:02.399+0000] {processor.py:840} INFO - DAG(s) 'example_time_delta_sensor_async' retrieved from /usr/local/python/3.10.13/lib/python3.10/site-packages/airflow/example_dags/example_time_delta_sensor_async.py
[2024-05-16T12:16:02.410+0000] {logging_mixin.py:188} INFO - [2024-05-16T12:16:02.410+0000] {dag.py:3096} INFO - Sync 1 DAGs
[2024-05-16T12:16:02.419+0000] {logging_mixin.py:188} INFO - [2024-05-16T12:16:02.419+0000] {dag.py:3954} INFO - Setting next_dagrun for example_time_delta_sensor_async to None, run_after=None
[2024-05-16T12:16:02.463+0000] {processor.py:183} INFO - Processing /usr/local/python/3.10.13/lib/python3.10/site-packages/airflow/example_dags/example_time_delta_sensor_async.py took 0.075 seconds
[2024-05-16T12:16:48.167+0000] {processor.py:161} INFO - Started process (PID=11769) to work on /usr/local/python/3.10.13/lib/python3.10/site-packages/airflow/example_dags/example_time_delta_sensor_async.py
[2024-05-16T12:16:48.168+0000] {processor.py:830} INFO - Processing file /usr/local/python/3.10.13/lib/python3.10/site-packages/airflow/example_dags/example_time_delta_sensor_async.py for tasks to queue
[2024-05-16T12:16:48.169+0000] {logging_mixin.py:188} INFO - [2024-05-16T12:16:48.169+0000] {dagbag.py:545} INFO - Filling up the DagBag from /usr/local/python/3.10.13/lib/python3.10/site-packages/airflow/example_dags/example_time_delta_sensor_async.py
[2024-05-16T12:16:48.173+0000] {processor.py:840} INFO - DAG(s) 'example_time_delta_sensor_async' retrieved from /usr/local/python/3.10.13/lib/python3.10/site-packages/airflow/example_dags/example_time_delta_sensor_async.py
[2024-05-16T12:16:48.186+0000] {logging_mixin.py:188} INFO - [2024-05-16T12:16:48.186+0000] {dag.py:3096} INFO - Sync 1 DAGs
[2024-05-16T12:16:48.198+0000] {logging_mixin.py:188} INFO - [2024-05-16T12:16:48.198+0000] {dag.py:3954} INFO - Setting next_dagrun for example_time_delta_sensor_async to None, run_after=None
[2024-05-16T12:16:48.252+0000] {processor.py:183} INFO - Processing /usr/local/python/3.10.13/lib/python3.10/site-packages/airflow/example_dags/example_time_delta_sensor_async.py took 0.089 seconds
[2024-05-16T12:17:29.747+0000] {processor.py:161} INFO - Started process (PID=12074) to work on /usr/local/python/3.10.13/lib/python3.10/site-packages/airflow/example_dags/example_time_delta_sensor_async.py
[2024-05-16T12:17:29.747+0000] {processor.py:830} INFO - Processing file /usr/local/python/3.10.13/lib/python3.10/site-packages/airflow/example_dags/example_time_delta_sensor_async.py for tasks to queue
[2024-05-16T12:17:29.749+0000] {logging_mixin.py:188} INFO - [2024-05-16T12:17:29.748+0000] {dagbag.py:545} INFO - Filling up the DagBag from /usr/local/python/3.10.13/lib/python3.10/site-packages/airflow/example_dags/example_time_delta_sensor_async.py
[2024-05-16T12:17:29.752+0000] {processor.py:840} INFO - DAG(s) 'example_time_delta_sensor_async' retrieved from /usr/local/python/3.10.13/lib/python3.10/site-packages/airflow/example_dags/example_time_delta_sensor_async.py
[2024-05-16T12:17:29.763+0000] {logging_mixin.py:188} INFO - [2024-05-16T12:17:29.763+0000] {dag.py:3096} INFO - Sync 1 DAGs
[2024-05-16T12:17:29.772+0000] {logging_mixin.py:188} INFO - [2024-05-16T12:17:29.772+0000] {dag.py:3954} INFO - Setting next_dagrun for example_time_delta_sensor_async to None, run_after=None
[2024-05-16T12:17:29.818+0000] {processor.py:183} INFO - Processing /usr/local/python/3.10.13/lib/python3.10/site-packages/airflow/example_dags/example_time_delta_sensor_async.py took 0.076 seconds
[2024-05-16T12:18:10.468+0000] {processor.py:161} INFO - Started process (PID=12350) to work on /usr/local/python/3.10.13/lib/python3.10/site-packages/airflow/example_dags/example_time_delta_sensor_async.py
[2024-05-16T12:18:10.469+0000] {processor.py:830} INFO - Processing file /usr/local/python/3.10.13/lib/python3.10/site-packages/airflow/example_dags/example_time_delta_sensor_async.py for tasks to queue
[2024-05-16T12:18:10.470+0000] {logging_mixin.py:188} INFO - [2024-05-16T12:18:10.470+0000] {dagbag.py:545} INFO - Filling up the DagBag from /usr/local/python/3.10.13/lib/python3.10/site-packages/airflow/example_dags/example_time_delta_sensor_async.py
[2024-05-16T12:18:10.474+0000] {processor.py:840} INFO - DAG(s) 'example_time_delta_sensor_async' retrieved from /usr/local/python/3.10.13/lib/python3.10/site-packages/airflow/example_dags/example_time_delta_sensor_async.py
[2024-05-16T12:18:10.484+0000] {logging_mixin.py:188} INFO - [2024-05-16T12:18:10.484+0000] {dag.py:3096} INFO - Sync 1 DAGs
[2024-05-16T12:18:10.493+0000] {logging_mixin.py:188} INFO - [2024-05-16T12:18:10.493+0000] {dag.py:3954} INFO - Setting next_dagrun for example_time_delta_sensor_async to None, run_after=None
[2024-05-16T12:18:10.537+0000] {processor.py:183} INFO - Processing /usr/local/python/3.10.13/lib/python3.10/site-packages/airflow/example_dags/example_time_delta_sensor_async.py took 0.074 seconds
[2024-05-16T12:18:52.297+0000] {processor.py:161} INFO - Started process (PID=12659) to work on /usr/local/python/3.10.13/lib/python3.10/site-packages/airflow/example_dags/example_time_delta_sensor_async.py
[2024-05-16T12:18:52.297+0000] {processor.py:830} INFO - Processing file /usr/local/python/3.10.13/lib/python3.10/site-packages/airflow/example_dags/example_time_delta_sensor_async.py for tasks to queue
[2024-05-16T12:18:52.299+0000] {logging_mixin.py:188} INFO - [2024-05-16T12:18:52.298+0000] {dagbag.py:545} INFO - Filling up the DagBag from /usr/local/python/3.10.13/lib/python3.10/site-packages/airflow/example_dags/example_time_delta_sensor_async.py
[2024-05-16T12:18:52.302+0000] {processor.py:840} INFO - DAG(s) 'example_time_delta_sensor_async' retrieved from /usr/local/python/3.10.13/lib/python3.10/site-packages/airflow/example_dags/example_time_delta_sensor_async.py
[2024-05-16T12:18:52.313+0000] {logging_mixin.py:188} INFO - [2024-05-16T12:18:52.313+0000] {dag.py:3096} INFO - Sync 1 DAGs
[2024-05-16T12:18:52.323+0000] {logging_mixin.py:188} INFO - [2024-05-16T12:18:52.323+0000] {dag.py:3954} INFO - Setting next_dagrun for example_time_delta_sensor_async to None, run_after=None
[2024-05-16T12:18:52.372+0000] {processor.py:183} INFO - Processing /usr/local/python/3.10.13/lib/python3.10/site-packages/airflow/example_dags/example_time_delta_sensor_async.py took 0.080 seconds
[2024-05-16T12:19:35.192+0000] {processor.py:161} INFO - Started process (PID=12978) to work on /usr/local/python/3.10.13/lib/python3.10/site-packages/airflow/example_dags/example_time_delta_sensor_async.py
[2024-05-16T12:19:35.192+0000] {processor.py:830} INFO - Processing file /usr/local/python/3.10.13/lib/python3.10/site-packages/airflow/example_dags/example_time_delta_sensor_async.py for tasks to queue
[2024-05-16T12:19:35.194+0000] {logging_mixin.py:188} INFO - [2024-05-16T12:19:35.193+0000] {dagbag.py:545} INFO - Filling up the DagBag from /usr/local/python/3.10.13/lib/python3.10/site-packages/airflow/example_dags/example_time_delta_sensor_async.py
[2024-05-16T12:19:35.197+0000] {processor.py:840} INFO - DAG(s) 'example_time_delta_sensor_async' retrieved from /usr/local/python/3.10.13/lib/python3.10/site-packages/airflow/example_dags/example_time_delta_sensor_async.py
[2024-05-16T12:19:35.208+0000] {logging_mixin.py:188} INFO - [2024-05-16T12:19:35.208+0000] {dag.py:3096} INFO - Sync 1 DAGs
[2024-05-16T12:19:35.217+0000] {logging_mixin.py:188} INFO - [2024-05-16T12:19:35.217+0000] {dag.py:3954} INFO - Setting next_dagrun for example_time_delta_sensor_async to None, run_after=None
[2024-05-16T12:19:35.263+0000] {processor.py:183} INFO - Processing /usr/local/python/3.10.13/lib/python3.10/site-packages/airflow/example_dags/example_time_delta_sensor_async.py took 0.076 seconds
[2024-05-16T12:20:16.037+0000] {processor.py:161} INFO - Started process (PID=13265) to work on /usr/local/python/3.10.13/lib/python3.10/site-packages/airflow/example_dags/example_time_delta_sensor_async.py
[2024-05-16T12:20:16.038+0000] {processor.py:830} INFO - Processing file /usr/local/python/3.10.13/lib/python3.10/site-packages/airflow/example_dags/example_time_delta_sensor_async.py for tasks to queue
[2024-05-16T12:20:16.039+0000] {logging_mixin.py:188} INFO - [2024-05-16T12:20:16.039+0000] {dagbag.py:545} INFO - Filling up the DagBag from /usr/local/python/3.10.13/lib/python3.10/site-packages/airflow/example_dags/example_time_delta_sensor_async.py
[2024-05-16T12:20:16.043+0000] {processor.py:840} INFO - DAG(s) 'example_time_delta_sensor_async' retrieved from /usr/local/python/3.10.13/lib/python3.10/site-packages/airflow/example_dags/example_time_delta_sensor_async.py
[2024-05-16T12:20:16.055+0000] {logging_mixin.py:188} INFO - [2024-05-16T12:20:16.055+0000] {dag.py:3096} INFO - Sync 1 DAGs
[2024-05-16T12:20:16.064+0000] {logging_mixin.py:188} INFO - [2024-05-16T12:20:16.063+0000] {dag.py:3954} INFO - Setting next_dagrun for example_time_delta_sensor_async to None, run_after=None
[2024-05-16T12:20:16.112+0000] {processor.py:183} INFO - Processing /usr/local/python/3.10.13/lib/python3.10/site-packages/airflow/example_dags/example_time_delta_sensor_async.py took 0.079 seconds
[2024-05-16T12:20:57.620+0000] {processor.py:161} INFO - Started process (PID=13562) to work on /usr/local/python/3.10.13/lib/python3.10/site-packages/airflow/example_dags/example_time_delta_sensor_async.py
[2024-05-16T12:20:57.621+0000] {processor.py:830} INFO - Processing file /usr/local/python/3.10.13/lib/python3.10/site-packages/airflow/example_dags/example_time_delta_sensor_async.py for tasks to queue
[2024-05-16T12:20:57.622+0000] {logging_mixin.py:188} INFO - [2024-05-16T12:20:57.622+0000] {dagbag.py:545} INFO - Filling up the DagBag from /usr/local/python/3.10.13/lib/python3.10/site-packages/airflow/example_dags/example_time_delta_sensor_async.py
[2024-05-16T12:20:57.626+0000] {processor.py:840} INFO - DAG(s) 'example_time_delta_sensor_async' retrieved from /usr/local/python/3.10.13/lib/python3.10/site-packages/airflow/example_dags/example_time_delta_sensor_async.py
[2024-05-16T12:20:57.636+0000] {logging_mixin.py:188} INFO - [2024-05-16T12:20:57.636+0000] {dag.py:3096} INFO - Sync 1 DAGs
[2024-05-16T12:20:57.645+0000] {logging_mixin.py:188} INFO - [2024-05-16T12:20:57.644+0000] {dag.py:3954} INFO - Setting next_dagrun for example_time_delta_sensor_async to None, run_after=None
[2024-05-16T12:20:57.691+0000] {processor.py:183} INFO - Processing /usr/local/python/3.10.13/lib/python3.10/site-packages/airflow/example_dags/example_time_delta_sensor_async.py took 0.076 seconds
[2024-05-16T12:21:41.317+0000] {processor.py:161} INFO - Started process (PID=13858) to work on /usr/local/python/3.10.13/lib/python3.10/site-packages/airflow/example_dags/example_time_delta_sensor_async.py
[2024-05-16T12:21:41.318+0000] {processor.py:830} INFO - Processing file /usr/local/python/3.10.13/lib/python3.10/site-packages/airflow/example_dags/example_time_delta_sensor_async.py for tasks to queue
[2024-05-16T12:21:41.320+0000] {logging_mixin.py:188} INFO - [2024-05-16T12:21:41.319+0000] {dagbag.py:545} INFO - Filling up the DagBag from /usr/local/python/3.10.13/lib/python3.10/site-packages/airflow/example_dags/example_time_delta_sensor_async.py
[2024-05-16T12:21:41.323+0000] {processor.py:840} INFO - DAG(s) 'example_time_delta_sensor_async' retrieved from /usr/local/python/3.10.13/lib/python3.10/site-packages/airflow/example_dags/example_time_delta_sensor_async.py
[2024-05-16T12:21:41.334+0000] {logging_mixin.py:188} INFO - [2024-05-16T12:21:41.334+0000] {dag.py:3096} INFO - Sync 1 DAGs
[2024-05-16T12:21:41.343+0000] {logging_mixin.py:188} INFO - [2024-05-16T12:21:41.343+0000] {dag.py:3954} INFO - Setting next_dagrun for example_time_delta_sensor_async to None, run_after=None
[2024-05-16T12:21:41.388+0000] {processor.py:183} INFO - Processing /usr/local/python/3.10.13/lib/python3.10/site-packages/airflow/example_dags/example_time_delta_sensor_async.py took 0.076 seconds
[2024-05-16T12:22:24.464+0000] {processor.py:161} INFO - Started process (PID=14178) to work on /usr/local/python/3.10.13/lib/python3.10/site-packages/airflow/example_dags/example_time_delta_sensor_async.py
[2024-05-16T12:22:24.465+0000] {processor.py:830} INFO - Processing file /usr/local/python/3.10.13/lib/python3.10/site-packages/airflow/example_dags/example_time_delta_sensor_async.py for tasks to queue
[2024-05-16T12:22:24.466+0000] {logging_mixin.py:188} INFO - [2024-05-16T12:22:24.466+0000] {dagbag.py:545} INFO - Filling up the DagBag from /usr/local/python/3.10.13/lib/python3.10/site-packages/airflow/example_dags/example_time_delta_sensor_async.py
[2024-05-16T12:22:24.470+0000] {processor.py:840} INFO - DAG(s) 'example_time_delta_sensor_async' retrieved from /usr/local/python/3.10.13/lib/python3.10/site-packages/airflow/example_dags/example_time_delta_sensor_async.py
[2024-05-16T12:22:24.481+0000] {logging_mixin.py:188} INFO - [2024-05-16T12:22:24.481+0000] {dag.py:3096} INFO - Sync 1 DAGs
[2024-05-16T12:22:24.490+0000] {logging_mixin.py:188} INFO - [2024-05-16T12:22:24.490+0000] {dag.py:3954} INFO - Setting next_dagrun for example_time_delta_sensor_async to None, run_after=None
[2024-05-16T12:22:24.536+0000] {processor.py:183} INFO - Processing /usr/local/python/3.10.13/lib/python3.10/site-packages/airflow/example_dags/example_time_delta_sensor_async.py took 0.077 seconds
[2024-05-16T12:23:09.324+0000] {processor.py:161} INFO - Started process (PID=14525) to work on /usr/local/python/3.10.13/lib/python3.10/site-packages/airflow/example_dags/example_time_delta_sensor_async.py
[2024-05-16T12:23:09.325+0000] {processor.py:830} INFO - Processing file /usr/local/python/3.10.13/lib/python3.10/site-packages/airflow/example_dags/example_time_delta_sensor_async.py for tasks to queue
[2024-05-16T12:23:09.326+0000] {logging_mixin.py:188} INFO - [2024-05-16T12:23:09.326+0000] {dagbag.py:545} INFO - Filling up the DagBag from /usr/local/python/3.10.13/lib/python3.10/site-packages/airflow/example_dags/example_time_delta_sensor_async.py
[2024-05-16T12:23:09.330+0000] {processor.py:840} INFO - DAG(s) 'example_time_delta_sensor_async' retrieved from /usr/local/python/3.10.13/lib/python3.10/site-packages/airflow/example_dags/example_time_delta_sensor_async.py
[2024-05-16T12:23:09.341+0000] {logging_mixin.py:188} INFO - [2024-05-16T12:23:09.341+0000] {dag.py:3096} INFO - Sync 1 DAGs
[2024-05-16T12:23:09.350+0000] {logging_mixin.py:188} INFO - [2024-05-16T12:23:09.350+0000] {dag.py:3954} INFO - Setting next_dagrun for example_time_delta_sensor_async to None, run_after=None
[2024-05-16T12:23:09.397+0000] {processor.py:183} INFO - Processing /usr/local/python/3.10.13/lib/python3.10/site-packages/airflow/example_dags/example_time_delta_sensor_async.py took 0.078 seconds
[2024-05-16T12:23:54.416+0000] {processor.py:161} INFO - Started process (PID=14865) to work on /usr/local/python/3.10.13/lib/python3.10/site-packages/airflow/example_dags/example_time_delta_sensor_async.py
[2024-05-16T12:23:54.416+0000] {processor.py:830} INFO - Processing file /usr/local/python/3.10.13/lib/python3.10/site-packages/airflow/example_dags/example_time_delta_sensor_async.py for tasks to queue
[2024-05-16T12:23:54.418+0000] {logging_mixin.py:188} INFO - [2024-05-16T12:23:54.417+0000] {dagbag.py:545} INFO - Filling up the DagBag from /usr/local/python/3.10.13/lib/python3.10/site-packages/airflow/example_dags/example_time_delta_sensor_async.py
[2024-05-16T12:23:54.421+0000] {processor.py:840} INFO - DAG(s) 'example_time_delta_sensor_async' retrieved from /usr/local/python/3.10.13/lib/python3.10/site-packages/airflow/example_dags/example_time_delta_sensor_async.py
[2024-05-16T12:23:54.432+0000] {logging_mixin.py:188} INFO - [2024-05-16T12:23:54.432+0000] {dag.py:3096} INFO - Sync 1 DAGs
[2024-05-16T12:23:54.441+0000] {logging_mixin.py:188} INFO - [2024-05-16T12:23:54.441+0000] {dag.py:3954} INFO - Setting next_dagrun for example_time_delta_sensor_async to None, run_after=None
[2024-05-16T12:23:54.485+0000] {processor.py:183} INFO - Processing /usr/local/python/3.10.13/lib/python3.10/site-packages/airflow/example_dags/example_time_delta_sensor_async.py took 0.074 seconds
[2024-05-16T12:24:37.847+0000] {processor.py:161} INFO - Started process (PID=15178) to work on /usr/local/python/3.10.13/lib/python3.10/site-packages/airflow/example_dags/example_time_delta_sensor_async.py
[2024-05-16T12:24:37.848+0000] {processor.py:830} INFO - Processing file /usr/local/python/3.10.13/lib/python3.10/site-packages/airflow/example_dags/example_time_delta_sensor_async.py for tasks to queue
[2024-05-16T12:24:37.849+0000] {logging_mixin.py:188} INFO - [2024-05-16T12:24:37.849+0000] {dagbag.py:545} INFO - Filling up the DagBag from /usr/local/python/3.10.13/lib/python3.10/site-packages/airflow/example_dags/example_time_delta_sensor_async.py
[2024-05-16T12:24:37.853+0000] {processor.py:840} INFO - DAG(s) 'example_time_delta_sensor_async' retrieved from /usr/local/python/3.10.13/lib/python3.10/site-packages/airflow/example_dags/example_time_delta_sensor_async.py
[2024-05-16T12:24:37.864+0000] {logging_mixin.py:188} INFO - [2024-05-16T12:24:37.864+0000] {dag.py:3096} INFO - Sync 1 DAGs
[2024-05-16T12:24:37.873+0000] {logging_mixin.py:188} INFO - [2024-05-16T12:24:37.873+0000] {dag.py:3954} INFO - Setting next_dagrun for example_time_delta_sensor_async to None, run_after=None
[2024-05-16T12:24:37.919+0000] {processor.py:183} INFO - Processing /usr/local/python/3.10.13/lib/python3.10/site-packages/airflow/example_dags/example_time_delta_sensor_async.py took 0.076 seconds
[2024-05-16T12:25:17.185+0000] {processor.py:161} INFO - Started process (PID=15481) to work on /usr/local/python/3.10.13/lib/python3.10/site-packages/airflow/example_dags/example_time_delta_sensor_async.py
[2024-05-16T12:25:17.185+0000] {processor.py:830} INFO - Processing file /usr/local/python/3.10.13/lib/python3.10/site-packages/airflow/example_dags/example_time_delta_sensor_async.py for tasks to queue
[2024-05-16T12:25:17.187+0000] {logging_mixin.py:188} INFO - [2024-05-16T12:25:17.186+0000] {dagbag.py:545} INFO - Filling up the DagBag from /usr/local/python/3.10.13/lib/python3.10/site-packages/airflow/example_dags/example_time_delta_sensor_async.py
[2024-05-16T12:25:17.190+0000] {processor.py:840} INFO - DAG(s) 'example_time_delta_sensor_async' retrieved from /usr/local/python/3.10.13/lib/python3.10/site-packages/airflow/example_dags/example_time_delta_sensor_async.py
[2024-05-16T12:25:17.201+0000] {logging_mixin.py:188} INFO - [2024-05-16T12:25:17.201+0000] {dag.py:3096} INFO - Sync 1 DAGs
[2024-05-16T12:25:17.211+0000] {logging_mixin.py:188} INFO - [2024-05-16T12:25:17.210+0000] {dag.py:3954} INFO - Setting next_dagrun for example_time_delta_sensor_async to None, run_after=None
[2024-05-16T12:25:17.253+0000] {processor.py:183} INFO - Processing /usr/local/python/3.10.13/lib/python3.10/site-packages/airflow/example_dags/example_time_delta_sensor_async.py took 0.073 seconds
[2024-05-16T12:25:56.472+0000] {processor.py:161} INFO - Started process (PID=15781) to work on /usr/local/python/3.10.13/lib/python3.10/site-packages/airflow/example_dags/example_time_delta_sensor_async.py
[2024-05-16T12:25:56.473+0000] {processor.py:830} INFO - Processing file /usr/local/python/3.10.13/lib/python3.10/site-packages/airflow/example_dags/example_time_delta_sensor_async.py for tasks to queue
[2024-05-16T12:25:56.474+0000] {logging_mixin.py:188} INFO - [2024-05-16T12:25:56.474+0000] {dagbag.py:545} INFO - Filling up the DagBag from /usr/local/python/3.10.13/lib/python3.10/site-packages/airflow/example_dags/example_time_delta_sensor_async.py
[2024-05-16T12:25:56.478+0000] {processor.py:840} INFO - DAG(s) 'example_time_delta_sensor_async' retrieved from /usr/local/python/3.10.13/lib/python3.10/site-packages/airflow/example_dags/example_time_delta_sensor_async.py
[2024-05-16T12:25:56.489+0000] {logging_mixin.py:188} INFO - [2024-05-16T12:25:56.489+0000] {dag.py:3096} INFO - Sync 1 DAGs
[2024-05-16T12:25:56.498+0000] {logging_mixin.py:188} INFO - [2024-05-16T12:25:56.498+0000] {dag.py:3954} INFO - Setting next_dagrun for example_time_delta_sensor_async to None, run_after=None
[2024-05-16T12:25:56.545+0000] {processor.py:183} INFO - Processing /usr/local/python/3.10.13/lib/python3.10/site-packages/airflow/example_dags/example_time_delta_sensor_async.py took 0.078 seconds
[2024-05-16T12:26:37.144+0000] {processor.py:161} INFO - Started process (PID=16082) to work on /usr/local/python/3.10.13/lib/python3.10/site-packages/airflow/example_dags/example_time_delta_sensor_async.py
[2024-05-16T12:26:37.145+0000] {processor.py:830} INFO - Processing file /usr/local/python/3.10.13/lib/python3.10/site-packages/airflow/example_dags/example_time_delta_sensor_async.py for tasks to queue
[2024-05-16T12:26:37.146+0000] {logging_mixin.py:188} INFO - [2024-05-16T12:26:37.146+0000] {dagbag.py:545} INFO - Filling up the DagBag from /usr/local/python/3.10.13/lib/python3.10/site-packages/airflow/example_dags/example_time_delta_sensor_async.py
[2024-05-16T12:26:37.150+0000] {processor.py:840} INFO - DAG(s) 'example_time_delta_sensor_async' retrieved from /usr/local/python/3.10.13/lib/python3.10/site-packages/airflow/example_dags/example_time_delta_sensor_async.py
[2024-05-16T12:26:37.162+0000] {logging_mixin.py:188} INFO - [2024-05-16T12:26:37.162+0000] {dag.py:3096} INFO - Sync 1 DAGs
[2024-05-16T12:26:37.171+0000] {logging_mixin.py:188} INFO - [2024-05-16T12:26:37.171+0000] {dag.py:3954} INFO - Setting next_dagrun for example_time_delta_sensor_async to None, run_after=None
[2024-05-16T12:26:37.217+0000] {processor.py:183} INFO - Processing /usr/local/python/3.10.13/lib/python3.10/site-packages/airflow/example_dags/example_time_delta_sensor_async.py took 0.077 seconds
[2024-05-16T12:27:21.258+0000] {processor.py:161} INFO - Started process (PID=16410) to work on /usr/local/python/3.10.13/lib/python3.10/site-packages/airflow/example_dags/example_time_delta_sensor_async.py
[2024-05-16T12:27:21.259+0000] {processor.py:830} INFO - Processing file /usr/local/python/3.10.13/lib/python3.10/site-packages/airflow/example_dags/example_time_delta_sensor_async.py for tasks to queue
[2024-05-16T12:27:21.260+0000] {logging_mixin.py:188} INFO - [2024-05-16T12:27:21.260+0000] {dagbag.py:545} INFO - Filling up the DagBag from /usr/local/python/3.10.13/lib/python3.10/site-packages/airflow/example_dags/example_time_delta_sensor_async.py
[2024-05-16T12:27:21.264+0000] {processor.py:840} INFO - DAG(s) 'example_time_delta_sensor_async' retrieved from /usr/local/python/3.10.13/lib/python3.10/site-packages/airflow/example_dags/example_time_delta_sensor_async.py
[2024-05-16T12:27:21.275+0000] {logging_mixin.py:188} INFO - [2024-05-16T12:27:21.275+0000] {dag.py:3096} INFO - Sync 1 DAGs
[2024-05-16T12:27:21.284+0000] {logging_mixin.py:188} INFO - [2024-05-16T12:27:21.284+0000] {dag.py:3954} INFO - Setting next_dagrun for example_time_delta_sensor_async to None, run_after=None
[2024-05-16T12:27:21.330+0000] {processor.py:183} INFO - Processing /usr/local/python/3.10.13/lib/python3.10/site-packages/airflow/example_dags/example_time_delta_sensor_async.py took 0.078 seconds
[2024-05-16T12:28:03.430+0000] {processor.py:161} INFO - Started process (PID=16725) to work on /usr/local/python/3.10.13/lib/python3.10/site-packages/airflow/example_dags/example_time_delta_sensor_async.py
[2024-05-16T12:28:03.430+0000] {processor.py:830} INFO - Processing file /usr/local/python/3.10.13/lib/python3.10/site-packages/airflow/example_dags/example_time_delta_sensor_async.py for tasks to queue
[2024-05-16T12:28:03.432+0000] {logging_mixin.py:188} INFO - [2024-05-16T12:28:03.432+0000] {dagbag.py:545} INFO - Filling up the DagBag from /usr/local/python/3.10.13/lib/python3.10/site-packages/airflow/example_dags/example_time_delta_sensor_async.py
[2024-05-16T12:28:03.435+0000] {processor.py:840} INFO - DAG(s) 'example_time_delta_sensor_async' retrieved from /usr/local/python/3.10.13/lib/python3.10/site-packages/airflow/example_dags/example_time_delta_sensor_async.py
[2024-05-16T12:28:03.447+0000] {logging_mixin.py:188} INFO - [2024-05-16T12:28:03.447+0000] {dag.py:3096} INFO - Sync 1 DAGs
[2024-05-16T12:28:03.456+0000] {logging_mixin.py:188} INFO - [2024-05-16T12:28:03.455+0000] {dag.py:3954} INFO - Setting next_dagrun for example_time_delta_sensor_async to None, run_after=None
[2024-05-16T12:28:03.509+0000] {processor.py:183} INFO - Processing /usr/local/python/3.10.13/lib/python3.10/site-packages/airflow/example_dags/example_time_delta_sensor_async.py took 0.084 seconds
[2024-05-16T12:28:44.908+0000] {processor.py:161} INFO - Started process (PID=17028) to work on /usr/local/python/3.10.13/lib/python3.10/site-packages/airflow/example_dags/example_time_delta_sensor_async.py
[2024-05-16T12:28:44.909+0000] {processor.py:830} INFO - Processing file /usr/local/python/3.10.13/lib/python3.10/site-packages/airflow/example_dags/example_time_delta_sensor_async.py for tasks to queue
[2024-05-16T12:28:44.910+0000] {logging_mixin.py:188} INFO - [2024-05-16T12:28:44.910+0000] {dagbag.py:545} INFO - Filling up the DagBag from /usr/local/python/3.10.13/lib/python3.10/site-packages/airflow/example_dags/example_time_delta_sensor_async.py
[2024-05-16T12:28:44.914+0000] {processor.py:840} INFO - DAG(s) 'example_time_delta_sensor_async' retrieved from /usr/local/python/3.10.13/lib/python3.10/site-packages/airflow/example_dags/example_time_delta_sensor_async.py
[2024-05-16T12:28:44.925+0000] {logging_mixin.py:188} INFO - [2024-05-16T12:28:44.925+0000] {dag.py:3096} INFO - Sync 1 DAGs
[2024-05-16T12:28:44.934+0000] {logging_mixin.py:188} INFO - [2024-05-16T12:28:44.934+0000] {dag.py:3954} INFO - Setting next_dagrun for example_time_delta_sensor_async to None, run_after=None
[2024-05-16T12:28:44.980+0000] {processor.py:183} INFO - Processing /usr/local/python/3.10.13/lib/python3.10/site-packages/airflow/example_dags/example_time_delta_sensor_async.py took 0.079 seconds
[2024-05-16T12:29:28.042+0000] {processor.py:161} INFO - Started process (PID=17329) to work on /usr/local/python/3.10.13/lib/python3.10/site-packages/airflow/example_dags/example_time_delta_sensor_async.py
[2024-05-16T12:29:28.043+0000] {processor.py:830} INFO - Processing file /usr/local/python/3.10.13/lib/python3.10/site-packages/airflow/example_dags/example_time_delta_sensor_async.py for tasks to queue
[2024-05-16T12:29:28.044+0000] {logging_mixin.py:188} INFO - [2024-05-16T12:29:28.044+0000] {dagbag.py:545} INFO - Filling up the DagBag from /usr/local/python/3.10.13/lib/python3.10/site-packages/airflow/example_dags/example_time_delta_sensor_async.py
[2024-05-16T12:29:28.048+0000] {processor.py:840} INFO - DAG(s) 'example_time_delta_sensor_async' retrieved from /usr/local/python/3.10.13/lib/python3.10/site-packages/airflow/example_dags/example_time_delta_sensor_async.py
[2024-05-16T12:29:28.059+0000] {logging_mixin.py:188} INFO - [2024-05-16T12:29:28.059+0000] {dag.py:3096} INFO - Sync 1 DAGs
[2024-05-16T12:29:28.068+0000] {logging_mixin.py:188} INFO - [2024-05-16T12:29:28.068+0000] {dag.py:3954} INFO - Setting next_dagrun for example_time_delta_sensor_async to None, run_after=None
[2024-05-16T12:29:28.114+0000] {processor.py:183} INFO - Processing /usr/local/python/3.10.13/lib/python3.10/site-packages/airflow/example_dags/example_time_delta_sensor_async.py took 0.077 seconds
[2024-05-16T12:30:10.300+0000] {processor.py:161} INFO - Started process (PID=17643) to work on /usr/local/python/3.10.13/lib/python3.10/site-packages/airflow/example_dags/example_time_delta_sensor_async.py
[2024-05-16T12:30:10.301+0000] {processor.py:830} INFO - Processing file /usr/local/python/3.10.13/lib/python3.10/site-packages/airflow/example_dags/example_time_delta_sensor_async.py for tasks to queue
[2024-05-16T12:30:10.304+0000] {logging_mixin.py:188} INFO - [2024-05-16T12:30:10.304+0000] {dagbag.py:545} INFO - Filling up the DagBag from /usr/local/python/3.10.13/lib/python3.10/site-packages/airflow/example_dags/example_time_delta_sensor_async.py
[2024-05-16T12:30:10.309+0000] {processor.py:840} INFO - DAG(s) 'example_time_delta_sensor_async' retrieved from /usr/local/python/3.10.13/lib/python3.10/site-packages/airflow/example_dags/example_time_delta_sensor_async.py
[2024-05-16T12:30:10.347+0000] {logging_mixin.py:188} INFO - [2024-05-16T12:30:10.347+0000] {dag.py:3096} INFO - Sync 1 DAGs
[2024-05-16T12:30:10.356+0000] {logging_mixin.py:188} INFO - [2024-05-16T12:30:10.356+0000] {dag.py:3954} INFO - Setting next_dagrun for example_time_delta_sensor_async to None, run_after=None
[2024-05-16T12:30:10.404+0000] {processor.py:183} INFO - Processing /usr/local/python/3.10.13/lib/python3.10/site-packages/airflow/example_dags/example_time_delta_sensor_async.py took 0.124 seconds
[2024-05-16T12:30:54.329+0000] {processor.py:161} INFO - Started process (PID=17939) to work on /usr/local/python/3.10.13/lib/python3.10/site-packages/airflow/example_dags/example_time_delta_sensor_async.py
[2024-05-16T12:30:54.330+0000] {processor.py:830} INFO - Processing file /usr/local/python/3.10.13/lib/python3.10/site-packages/airflow/example_dags/example_time_delta_sensor_async.py for tasks to queue
[2024-05-16T12:30:54.332+0000] {logging_mixin.py:188} INFO - [2024-05-16T12:30:54.331+0000] {dagbag.py:545} INFO - Filling up the DagBag from /usr/local/python/3.10.13/lib/python3.10/site-packages/airflow/example_dags/example_time_delta_sensor_async.py
[2024-05-16T12:30:54.335+0000] {processor.py:840} INFO - DAG(s) 'example_time_delta_sensor_async' retrieved from /usr/local/python/3.10.13/lib/python3.10/site-packages/airflow/example_dags/example_time_delta_sensor_async.py
[2024-05-16T12:30:54.346+0000] {logging_mixin.py:188} INFO - [2024-05-16T12:30:54.346+0000] {dag.py:3096} INFO - Sync 1 DAGs
[2024-05-16T12:30:54.355+0000] {logging_mixin.py:188} INFO - [2024-05-16T12:30:54.355+0000] {dag.py:3954} INFO - Setting next_dagrun for example_time_delta_sensor_async to None, run_after=None
[2024-05-16T12:30:54.401+0000] {processor.py:183} INFO - Processing /usr/local/python/3.10.13/lib/python3.10/site-packages/airflow/example_dags/example_time_delta_sensor_async.py took 0.076 seconds
[2024-05-16T12:31:38.399+0000] {processor.py:161} INFO - Started process (PID=18278) to work on /usr/local/python/3.10.13/lib/python3.10/site-packages/airflow/example_dags/example_time_delta_sensor_async.py
[2024-05-16T12:31:38.400+0000] {processor.py:830} INFO - Processing file /usr/local/python/3.10.13/lib/python3.10/site-packages/airflow/example_dags/example_time_delta_sensor_async.py for tasks to queue
[2024-05-16T12:31:38.401+0000] {logging_mixin.py:188} INFO - [2024-05-16T12:31:38.401+0000] {dagbag.py:545} INFO - Filling up the DagBag from /usr/local/python/3.10.13/lib/python3.10/site-packages/airflow/example_dags/example_time_delta_sensor_async.py
[2024-05-16T12:31:38.405+0000] {processor.py:840} INFO - DAG(s) 'example_time_delta_sensor_async' retrieved from /usr/local/python/3.10.13/lib/python3.10/site-packages/airflow/example_dags/example_time_delta_sensor_async.py
[2024-05-16T12:31:38.417+0000] {logging_mixin.py:188} INFO - [2024-05-16T12:31:38.417+0000] {dag.py:3096} INFO - Sync 1 DAGs
[2024-05-16T12:31:38.426+0000] {logging_mixin.py:188} INFO - [2024-05-16T12:31:38.426+0000] {dag.py:3954} INFO - Setting next_dagrun for example_time_delta_sensor_async to None, run_after=None
[2024-05-16T12:31:38.473+0000] {processor.py:183} INFO - Processing /usr/local/python/3.10.13/lib/python3.10/site-packages/airflow/example_dags/example_time_delta_sensor_async.py took 0.078 seconds
[2024-05-16T12:32:19.887+0000] {processor.py:161} INFO - Started process (PID=18576) to work on /usr/local/python/3.10.13/lib/python3.10/site-packages/airflow/example_dags/example_time_delta_sensor_async.py
[2024-05-16T12:32:19.888+0000] {processor.py:830} INFO - Processing file /usr/local/python/3.10.13/lib/python3.10/site-packages/airflow/example_dags/example_time_delta_sensor_async.py for tasks to queue
[2024-05-16T12:32:19.890+0000] {logging_mixin.py:188} INFO - [2024-05-16T12:32:19.890+0000] {dagbag.py:545} INFO - Filling up the DagBag from /usr/local/python/3.10.13/lib/python3.10/site-packages/airflow/example_dags/example_time_delta_sensor_async.py
[2024-05-16T12:32:19.896+0000] {processor.py:840} INFO - DAG(s) 'example_time_delta_sensor_async' retrieved from /usr/local/python/3.10.13/lib/python3.10/site-packages/airflow/example_dags/example_time_delta_sensor_async.py
[2024-05-16T12:32:19.908+0000] {logging_mixin.py:188} INFO - [2024-05-16T12:32:19.907+0000] {dag.py:3096} INFO - Sync 1 DAGs
[2024-05-16T12:32:19.916+0000] {logging_mixin.py:188} INFO - [2024-05-16T12:32:19.916+0000] {dag.py:3954} INFO - Setting next_dagrun for example_time_delta_sensor_async to None, run_after=None
[2024-05-16T12:32:19.963+0000] {processor.py:183} INFO - Processing /usr/local/python/3.10.13/lib/python3.10/site-packages/airflow/example_dags/example_time_delta_sensor_async.py took 0.083 seconds
[2024-05-16T12:33:01.064+0000] {processor.py:161} INFO - Started process (PID=18869) to work on /usr/local/python/3.10.13/lib/python3.10/site-packages/airflow/example_dags/example_time_delta_sensor_async.py
[2024-05-16T12:33:01.065+0000] {processor.py:830} INFO - Processing file /usr/local/python/3.10.13/lib/python3.10/site-packages/airflow/example_dags/example_time_delta_sensor_async.py for tasks to queue
[2024-05-16T12:33:01.066+0000] {logging_mixin.py:188} INFO - [2024-05-16T12:33:01.066+0000] {dagbag.py:545} INFO - Filling up the DagBag from /usr/local/python/3.10.13/lib/python3.10/site-packages/airflow/example_dags/example_time_delta_sensor_async.py
[2024-05-16T12:33:01.070+0000] {processor.py:840} INFO - DAG(s) 'example_time_delta_sensor_async' retrieved from /usr/local/python/3.10.13/lib/python3.10/site-packages/airflow/example_dags/example_time_delta_sensor_async.py
[2024-05-16T12:33:01.081+0000] {logging_mixin.py:188} INFO - [2024-05-16T12:33:01.081+0000] {dag.py:3096} INFO - Sync 1 DAGs
[2024-05-16T12:33:01.090+0000] {logging_mixin.py:188} INFO - [2024-05-16T12:33:01.090+0000] {dag.py:3954} INFO - Setting next_dagrun for example_time_delta_sensor_async to None, run_after=None
[2024-05-16T12:33:01.135+0000] {processor.py:183} INFO - Processing /usr/local/python/3.10.13/lib/python3.10/site-packages/airflow/example_dags/example_time_delta_sensor_async.py took 0.075 seconds
[2024-05-16T12:33:41.813+0000] {processor.py:161} INFO - Started process (PID=19175) to work on /usr/local/python/3.10.13/lib/python3.10/site-packages/airflow/example_dags/example_time_delta_sensor_async.py
[2024-05-16T12:33:41.814+0000] {processor.py:830} INFO - Processing file /usr/local/python/3.10.13/lib/python3.10/site-packages/airflow/example_dags/example_time_delta_sensor_async.py for tasks to queue
[2024-05-16T12:33:41.815+0000] {logging_mixin.py:188} INFO - [2024-05-16T12:33:41.815+0000] {dagbag.py:545} INFO - Filling up the DagBag from /usr/local/python/3.10.13/lib/python3.10/site-packages/airflow/example_dags/example_time_delta_sensor_async.py
[2024-05-16T12:33:41.819+0000] {processor.py:840} INFO - DAG(s) 'example_time_delta_sensor_async' retrieved from /usr/local/python/3.10.13/lib/python3.10/site-packages/airflow/example_dags/example_time_delta_sensor_async.py
[2024-05-16T12:33:41.830+0000] {logging_mixin.py:188} INFO - [2024-05-16T12:33:41.830+0000] {dag.py:3096} INFO - Sync 1 DAGs
[2024-05-16T12:33:41.839+0000] {logging_mixin.py:188} INFO - [2024-05-16T12:33:41.839+0000] {dag.py:3954} INFO - Setting next_dagrun for example_time_delta_sensor_async to None, run_after=None
[2024-05-16T12:33:41.884+0000] {processor.py:183} INFO - Processing /usr/local/python/3.10.13/lib/python3.10/site-packages/airflow/example_dags/example_time_delta_sensor_async.py took 0.075 seconds
[2024-05-16T12:34:25.277+0000] {processor.py:161} INFO - Started process (PID=19492) to work on /usr/local/python/3.10.13/lib/python3.10/site-packages/airflow/example_dags/example_time_delta_sensor_async.py
[2024-05-16T12:34:25.277+0000] {processor.py:830} INFO - Processing file /usr/local/python/3.10.13/lib/python3.10/site-packages/airflow/example_dags/example_time_delta_sensor_async.py for tasks to queue
[2024-05-16T12:34:25.279+0000] {logging_mixin.py:188} INFO - [2024-05-16T12:34:25.278+0000] {dagbag.py:545} INFO - Filling up the DagBag from /usr/local/python/3.10.13/lib/python3.10/site-packages/airflow/example_dags/example_time_delta_sensor_async.py
[2024-05-16T12:34:25.282+0000] {processor.py:840} INFO - DAG(s) 'example_time_delta_sensor_async' retrieved from /usr/local/python/3.10.13/lib/python3.10/site-packages/airflow/example_dags/example_time_delta_sensor_async.py
[2024-05-16T12:34:25.293+0000] {logging_mixin.py:188} INFO - [2024-05-16T12:34:25.293+0000] {dag.py:3096} INFO - Sync 1 DAGs
[2024-05-16T12:34:25.302+0000] {logging_mixin.py:188} INFO - [2024-05-16T12:34:25.302+0000] {dag.py:3954} INFO - Setting next_dagrun for example_time_delta_sensor_async to None, run_after=None
[2024-05-16T12:34:25.348+0000] {processor.py:183} INFO - Processing /usr/local/python/3.10.13/lib/python3.10/site-packages/airflow/example_dags/example_time_delta_sensor_async.py took 0.076 seconds
[2024-05-16T12:35:08.534+0000] {processor.py:161} INFO - Started process (PID=19805) to work on /usr/local/python/3.10.13/lib/python3.10/site-packages/airflow/example_dags/example_time_delta_sensor_async.py
[2024-05-16T12:35:08.534+0000] {processor.py:830} INFO - Processing file /usr/local/python/3.10.13/lib/python3.10/site-packages/airflow/example_dags/example_time_delta_sensor_async.py for tasks to queue
[2024-05-16T12:35:08.536+0000] {logging_mixin.py:188} INFO - [2024-05-16T12:35:08.535+0000] {dagbag.py:545} INFO - Filling up the DagBag from /usr/local/python/3.10.13/lib/python3.10/site-packages/airflow/example_dags/example_time_delta_sensor_async.py
[2024-05-16T12:35:08.540+0000] {processor.py:840} INFO - DAG(s) 'example_time_delta_sensor_async' retrieved from /usr/local/python/3.10.13/lib/python3.10/site-packages/airflow/example_dags/example_time_delta_sensor_async.py
[2024-05-16T12:35:08.552+0000] {logging_mixin.py:188} INFO - [2024-05-16T12:35:08.552+0000] {dag.py:3096} INFO - Sync 1 DAGs
[2024-05-16T12:35:08.561+0000] {logging_mixin.py:188} INFO - [2024-05-16T12:35:08.560+0000] {dag.py:3954} INFO - Setting next_dagrun for example_time_delta_sensor_async to None, run_after=None
[2024-05-16T12:35:08.605+0000] {processor.py:183} INFO - Processing /usr/local/python/3.10.13/lib/python3.10/site-packages/airflow/example_dags/example_time_delta_sensor_async.py took 0.076 seconds
[2024-05-16T12:35:50.945+0000] {processor.py:161} INFO - Started process (PID=20114) to work on /usr/local/python/3.10.13/lib/python3.10/site-packages/airflow/example_dags/example_time_delta_sensor_async.py
[2024-05-16T12:35:50.946+0000] {processor.py:830} INFO - Processing file /usr/local/python/3.10.13/lib/python3.10/site-packages/airflow/example_dags/example_time_delta_sensor_async.py for tasks to queue
[2024-05-16T12:35:50.948+0000] {logging_mixin.py:188} INFO - [2024-05-16T12:35:50.947+0000] {dagbag.py:545} INFO - Filling up the DagBag from /usr/local/python/3.10.13/lib/python3.10/site-packages/airflow/example_dags/example_time_delta_sensor_async.py
[2024-05-16T12:35:50.953+0000] {processor.py:840} INFO - DAG(s) 'example_time_delta_sensor_async' retrieved from /usr/local/python/3.10.13/lib/python3.10/site-packages/airflow/example_dags/example_time_delta_sensor_async.py
[2024-05-16T12:35:50.967+0000] {logging_mixin.py:188} INFO - [2024-05-16T12:35:50.967+0000] {dag.py:3096} INFO - Sync 1 DAGs
[2024-05-16T12:35:50.976+0000] {logging_mixin.py:188} INFO - [2024-05-16T12:35:50.976+0000] {dag.py:3954} INFO - Setting next_dagrun for example_time_delta_sensor_async to None, run_after=None
[2024-05-16T12:35:51.021+0000] {processor.py:183} INFO - Processing /usr/local/python/3.10.13/lib/python3.10/site-packages/airflow/example_dags/example_time_delta_sensor_async.py took 0.083 seconds
[2024-05-16T12:36:30.832+0000] {processor.py:161} INFO - Started process (PID=20410) to work on /usr/local/python/3.10.13/lib/python3.10/site-packages/airflow/example_dags/example_time_delta_sensor_async.py
[2024-05-16T12:36:30.833+0000] {processor.py:830} INFO - Processing file /usr/local/python/3.10.13/lib/python3.10/site-packages/airflow/example_dags/example_time_delta_sensor_async.py for tasks to queue
[2024-05-16T12:36:30.834+0000] {logging_mixin.py:188} INFO - [2024-05-16T12:36:30.834+0000] {dagbag.py:545} INFO - Filling up the DagBag from /usr/local/python/3.10.13/lib/python3.10/site-packages/airflow/example_dags/example_time_delta_sensor_async.py
[2024-05-16T12:36:30.838+0000] {processor.py:840} INFO - DAG(s) 'example_time_delta_sensor_async' retrieved from /usr/local/python/3.10.13/lib/python3.10/site-packages/airflow/example_dags/example_time_delta_sensor_async.py
[2024-05-16T12:36:30.850+0000] {logging_mixin.py:188} INFO - [2024-05-16T12:36:30.849+0000] {dag.py:3096} INFO - Sync 1 DAGs
[2024-05-16T12:36:30.859+0000] {logging_mixin.py:188} INFO - [2024-05-16T12:36:30.858+0000] {dag.py:3954} INFO - Setting next_dagrun for example_time_delta_sensor_async to None, run_after=None
[2024-05-16T12:36:30.908+0000] {processor.py:183} INFO - Processing /usr/local/python/3.10.13/lib/python3.10/site-packages/airflow/example_dags/example_time_delta_sensor_async.py took 0.081 seconds
[2024-05-16T12:37:13.264+0000] {processor.py:161} INFO - Started process (PID=20699) to work on /usr/local/python/3.10.13/lib/python3.10/site-packages/airflow/example_dags/example_time_delta_sensor_async.py
[2024-05-16T12:37:13.265+0000] {processor.py:830} INFO - Processing file /usr/local/python/3.10.13/lib/python3.10/site-packages/airflow/example_dags/example_time_delta_sensor_async.py for tasks to queue
[2024-05-16T12:37:13.267+0000] {logging_mixin.py:188} INFO - [2024-05-16T12:37:13.266+0000] {dagbag.py:545} INFO - Filling up the DagBag from /usr/local/python/3.10.13/lib/python3.10/site-packages/airflow/example_dags/example_time_delta_sensor_async.py
[2024-05-16T12:37:13.270+0000] {processor.py:840} INFO - DAG(s) 'example_time_delta_sensor_async' retrieved from /usr/local/python/3.10.13/lib/python3.10/site-packages/airflow/example_dags/example_time_delta_sensor_async.py
[2024-05-16T12:37:13.281+0000] {logging_mixin.py:188} INFO - [2024-05-16T12:37:13.281+0000] {dag.py:3096} INFO - Sync 1 DAGs
[2024-05-16T12:37:13.290+0000] {logging_mixin.py:188} INFO - [2024-05-16T12:37:13.290+0000] {dag.py:3954} INFO - Setting next_dagrun for example_time_delta_sensor_async to None, run_after=None
[2024-05-16T12:37:13.334+0000] {processor.py:183} INFO - Processing /usr/local/python/3.10.13/lib/python3.10/site-packages/airflow/example_dags/example_time_delta_sensor_async.py took 0.074 seconds
[2024-05-16T12:37:54.121+0000] {processor.py:161} INFO - Started process (PID=20985) to work on /usr/local/python/3.10.13/lib/python3.10/site-packages/airflow/example_dags/example_time_delta_sensor_async.py
[2024-05-16T12:37:54.122+0000] {processor.py:830} INFO - Processing file /usr/local/python/3.10.13/lib/python3.10/site-packages/airflow/example_dags/example_time_delta_sensor_async.py for tasks to queue
[2024-05-16T12:37:54.123+0000] {logging_mixin.py:188} INFO - [2024-05-16T12:37:54.123+0000] {dagbag.py:545} INFO - Filling up the DagBag from /usr/local/python/3.10.13/lib/python3.10/site-packages/airflow/example_dags/example_time_delta_sensor_async.py
[2024-05-16T12:37:54.127+0000] {processor.py:840} INFO - DAG(s) 'example_time_delta_sensor_async' retrieved from /usr/local/python/3.10.13/lib/python3.10/site-packages/airflow/example_dags/example_time_delta_sensor_async.py
[2024-05-16T12:37:54.138+0000] {logging_mixin.py:188} INFO - [2024-05-16T12:37:54.137+0000] {dag.py:3096} INFO - Sync 1 DAGs
[2024-05-16T12:37:54.148+0000] {logging_mixin.py:188} INFO - [2024-05-16T12:37:54.148+0000] {dag.py:3954} INFO - Setting next_dagrun for example_time_delta_sensor_async to None, run_after=None
[2024-05-16T12:37:54.199+0000] {processor.py:183} INFO - Processing /usr/local/python/3.10.13/lib/python3.10/site-packages/airflow/example_dags/example_time_delta_sensor_async.py took 0.083 seconds
[2024-05-16T12:38:32.470+0000] {processor.py:161} INFO - Started process (PID=21265) to work on /usr/local/python/3.10.13/lib/python3.10/site-packages/airflow/example_dags/example_time_delta_sensor_async.py
[2024-05-16T12:38:32.470+0000] {processor.py:830} INFO - Processing file /usr/local/python/3.10.13/lib/python3.10/site-packages/airflow/example_dags/example_time_delta_sensor_async.py for tasks to queue
[2024-05-16T12:38:32.471+0000] {logging_mixin.py:188} INFO - [2024-05-16T12:38:32.471+0000] {dagbag.py:545} INFO - Filling up the DagBag from /usr/local/python/3.10.13/lib/python3.10/site-packages/airflow/example_dags/example_time_delta_sensor_async.py
[2024-05-16T12:38:32.475+0000] {processor.py:840} INFO - DAG(s) 'example_time_delta_sensor_async' retrieved from /usr/local/python/3.10.13/lib/python3.10/site-packages/airflow/example_dags/example_time_delta_sensor_async.py
[2024-05-16T12:38:32.486+0000] {logging_mixin.py:188} INFO - [2024-05-16T12:38:32.486+0000] {dag.py:3096} INFO - Sync 1 DAGs
[2024-05-16T12:38:32.495+0000] {logging_mixin.py:188} INFO - [2024-05-16T12:38:32.494+0000] {dag.py:3954} INFO - Setting next_dagrun for example_time_delta_sensor_async to None, run_after=None
[2024-05-16T12:38:32.539+0000] {processor.py:183} INFO - Processing /usr/local/python/3.10.13/lib/python3.10/site-packages/airflow/example_dags/example_time_delta_sensor_async.py took 0.074 seconds
[2024-05-16T12:39:13.831+0000] {processor.py:161} INFO - Started process (PID=21561) to work on /usr/local/python/3.10.13/lib/python3.10/site-packages/airflow/example_dags/example_time_delta_sensor_async.py
[2024-05-16T12:39:13.832+0000] {processor.py:830} INFO - Processing file /usr/local/python/3.10.13/lib/python3.10/site-packages/airflow/example_dags/example_time_delta_sensor_async.py for tasks to queue
[2024-05-16T12:39:13.833+0000] {logging_mixin.py:188} INFO - [2024-05-16T12:39:13.833+0000] {dagbag.py:545} INFO - Filling up the DagBag from /usr/local/python/3.10.13/lib/python3.10/site-packages/airflow/example_dags/example_time_delta_sensor_async.py
[2024-05-16T12:39:13.837+0000] {processor.py:840} INFO - DAG(s) 'example_time_delta_sensor_async' retrieved from /usr/local/python/3.10.13/lib/python3.10/site-packages/airflow/example_dags/example_time_delta_sensor_async.py
[2024-05-16T12:39:13.851+0000] {logging_mixin.py:188} INFO - [2024-05-16T12:39:13.851+0000] {dag.py:3096} INFO - Sync 1 DAGs
[2024-05-16T12:39:13.860+0000] {logging_mixin.py:188} INFO - [2024-05-16T12:39:13.860+0000] {dag.py:3954} INFO - Setting next_dagrun for example_time_delta_sensor_async to None, run_after=None
[2024-05-16T12:39:13.903+0000] {processor.py:183} INFO - Processing /usr/local/python/3.10.13/lib/python3.10/site-packages/airflow/example_dags/example_time_delta_sensor_async.py took 0.077 seconds
[2024-05-16T12:39:58.229+0000] {processor.py:161} INFO - Started process (PID=21888) to work on /usr/local/python/3.10.13/lib/python3.10/site-packages/airflow/example_dags/example_time_delta_sensor_async.py
[2024-05-16T12:39:58.229+0000] {processor.py:830} INFO - Processing file /usr/local/python/3.10.13/lib/python3.10/site-packages/airflow/example_dags/example_time_delta_sensor_async.py for tasks to queue
[2024-05-16T12:39:58.231+0000] {logging_mixin.py:188} INFO - [2024-05-16T12:39:58.230+0000] {dagbag.py:545} INFO - Filling up the DagBag from /usr/local/python/3.10.13/lib/python3.10/site-packages/airflow/example_dags/example_time_delta_sensor_async.py
[2024-05-16T12:39:58.235+0000] {processor.py:840} INFO - DAG(s) 'example_time_delta_sensor_async' retrieved from /usr/local/python/3.10.13/lib/python3.10/site-packages/airflow/example_dags/example_time_delta_sensor_async.py
[2024-05-16T12:39:58.245+0000] {logging_mixin.py:188} INFO - [2024-05-16T12:39:58.245+0000] {dag.py:3096} INFO - Sync 1 DAGs
[2024-05-16T12:39:58.256+0000] {logging_mixin.py:188} INFO - [2024-05-16T12:39:58.256+0000] {dag.py:3954} INFO - Setting next_dagrun for example_time_delta_sensor_async to None, run_after=None
[2024-05-16T12:39:58.300+0000] {processor.py:183} INFO - Processing /usr/local/python/3.10.13/lib/python3.10/site-packages/airflow/example_dags/example_time_delta_sensor_async.py took 0.076 seconds
[2024-05-16T12:40:40.794+0000] {processor.py:161} INFO - Started process (PID=22202) to work on /usr/local/python/3.10.13/lib/python3.10/site-packages/airflow/example_dags/example_time_delta_sensor_async.py
[2024-05-16T12:40:40.795+0000] {processor.py:830} INFO - Processing file /usr/local/python/3.10.13/lib/python3.10/site-packages/airflow/example_dags/example_time_delta_sensor_async.py for tasks to queue
[2024-05-16T12:40:40.796+0000] {logging_mixin.py:188} INFO - [2024-05-16T12:40:40.796+0000] {dagbag.py:545} INFO - Filling up the DagBag from /usr/local/python/3.10.13/lib/python3.10/site-packages/airflow/example_dags/example_time_delta_sensor_async.py
[2024-05-16T12:40:40.800+0000] {processor.py:840} INFO - DAG(s) 'example_time_delta_sensor_async' retrieved from /usr/local/python/3.10.13/lib/python3.10/site-packages/airflow/example_dags/example_time_delta_sensor_async.py
[2024-05-16T12:40:40.811+0000] {logging_mixin.py:188} INFO - [2024-05-16T12:40:40.811+0000] {dag.py:3096} INFO - Sync 1 DAGs
[2024-05-16T12:40:40.820+0000] {logging_mixin.py:188} INFO - [2024-05-16T12:40:40.820+0000] {dag.py:3954} INFO - Setting next_dagrun for example_time_delta_sensor_async to None, run_after=None
[2024-05-16T12:40:40.864+0000] {processor.py:183} INFO - Processing /usr/local/python/3.10.13/lib/python3.10/site-packages/airflow/example_dags/example_time_delta_sensor_async.py took 0.075 seconds
[2024-05-16T12:41:21.901+0000] {processor.py:161} INFO - Started process (PID=22491) to work on /usr/local/python/3.10.13/lib/python3.10/site-packages/airflow/example_dags/example_time_delta_sensor_async.py
[2024-05-16T12:41:21.902+0000] {processor.py:830} INFO - Processing file /usr/local/python/3.10.13/lib/python3.10/site-packages/airflow/example_dags/example_time_delta_sensor_async.py for tasks to queue
[2024-05-16T12:41:21.904+0000] {logging_mixin.py:188} INFO - [2024-05-16T12:41:21.903+0000] {dagbag.py:545} INFO - Filling up the DagBag from /usr/local/python/3.10.13/lib/python3.10/site-packages/airflow/example_dags/example_time_delta_sensor_async.py
[2024-05-16T12:41:21.907+0000] {processor.py:840} INFO - DAG(s) 'example_time_delta_sensor_async' retrieved from /usr/local/python/3.10.13/lib/python3.10/site-packages/airflow/example_dags/example_time_delta_sensor_async.py
[2024-05-16T12:41:21.919+0000] {logging_mixin.py:188} INFO - [2024-05-16T12:41:21.919+0000] {dag.py:3096} INFO - Sync 1 DAGs
[2024-05-16T12:41:21.928+0000] {logging_mixin.py:188} INFO - [2024-05-16T12:41:21.927+0000] {dag.py:3954} INFO - Setting next_dagrun for example_time_delta_sensor_async to None, run_after=None
[2024-05-16T12:41:21.972+0000] {processor.py:183} INFO - Processing /usr/local/python/3.10.13/lib/python3.10/site-packages/airflow/example_dags/example_time_delta_sensor_async.py took 0.075 seconds
[2024-05-16T12:42:04.652+0000] {processor.py:161} INFO - Started process (PID=22790) to work on /usr/local/python/3.10.13/lib/python3.10/site-packages/airflow/example_dags/example_time_delta_sensor_async.py
[2024-05-16T12:42:04.653+0000] {processor.py:830} INFO - Processing file /usr/local/python/3.10.13/lib/python3.10/site-packages/airflow/example_dags/example_time_delta_sensor_async.py for tasks to queue
[2024-05-16T12:42:04.654+0000] {logging_mixin.py:188} INFO - [2024-05-16T12:42:04.654+0000] {dagbag.py:545} INFO - Filling up the DagBag from /usr/local/python/3.10.13/lib/python3.10/site-packages/airflow/example_dags/example_time_delta_sensor_async.py
[2024-05-16T12:42:04.657+0000] {processor.py:840} INFO - DAG(s) 'example_time_delta_sensor_async' retrieved from /usr/local/python/3.10.13/lib/python3.10/site-packages/airflow/example_dags/example_time_delta_sensor_async.py
[2024-05-16T12:42:04.668+0000] {logging_mixin.py:188} INFO - [2024-05-16T12:42:04.668+0000] {dag.py:3096} INFO - Sync 1 DAGs
[2024-05-16T12:42:04.678+0000] {logging_mixin.py:188} INFO - [2024-05-16T12:42:04.678+0000] {dag.py:3954} INFO - Setting next_dagrun for example_time_delta_sensor_async to None, run_after=None
[2024-05-16T12:42:04.724+0000] {processor.py:183} INFO - Processing /usr/local/python/3.10.13/lib/python3.10/site-packages/airflow/example_dags/example_time_delta_sensor_async.py took 0.076 seconds
[2024-05-16T12:42:47.396+0000] {processor.py:161} INFO - Started process (PID=23106) to work on /usr/local/python/3.10.13/lib/python3.10/site-packages/airflow/example_dags/example_time_delta_sensor_async.py
[2024-05-16T12:42:47.396+0000] {processor.py:830} INFO - Processing file /usr/local/python/3.10.13/lib/python3.10/site-packages/airflow/example_dags/example_time_delta_sensor_async.py for tasks to queue
[2024-05-16T12:42:47.398+0000] {logging_mixin.py:188} INFO - [2024-05-16T12:42:47.397+0000] {dagbag.py:545} INFO - Filling up the DagBag from /usr/local/python/3.10.13/lib/python3.10/site-packages/airflow/example_dags/example_time_delta_sensor_async.py
[2024-05-16T12:42:47.401+0000] {processor.py:840} INFO - DAG(s) 'example_time_delta_sensor_async' retrieved from /usr/local/python/3.10.13/lib/python3.10/site-packages/airflow/example_dags/example_time_delta_sensor_async.py
[2024-05-16T12:42:47.412+0000] {logging_mixin.py:188} INFO - [2024-05-16T12:42:47.412+0000] {dag.py:3096} INFO - Sync 1 DAGs
[2024-05-16T12:42:47.422+0000] {logging_mixin.py:188} INFO - [2024-05-16T12:42:47.422+0000] {dag.py:3954} INFO - Setting next_dagrun for example_time_delta_sensor_async to None, run_after=None
[2024-05-16T12:42:47.466+0000] {processor.py:183} INFO - Processing /usr/local/python/3.10.13/lib/python3.10/site-packages/airflow/example_dags/example_time_delta_sensor_async.py took 0.075 seconds
[2024-05-16T12:43:27.752+0000] {processor.py:161} INFO - Started process (PID=23413) to work on /usr/local/python/3.10.13/lib/python3.10/site-packages/airflow/example_dags/example_time_delta_sensor_async.py
[2024-05-16T12:43:27.752+0000] {processor.py:830} INFO - Processing file /usr/local/python/3.10.13/lib/python3.10/site-packages/airflow/example_dags/example_time_delta_sensor_async.py for tasks to queue
[2024-05-16T12:43:27.754+0000] {logging_mixin.py:188} INFO - [2024-05-16T12:43:27.753+0000] {dagbag.py:545} INFO - Filling up the DagBag from /usr/local/python/3.10.13/lib/python3.10/site-packages/airflow/example_dags/example_time_delta_sensor_async.py
[2024-05-16T12:43:27.757+0000] {processor.py:840} INFO - DAG(s) 'example_time_delta_sensor_async' retrieved from /usr/local/python/3.10.13/lib/python3.10/site-packages/airflow/example_dags/example_time_delta_sensor_async.py
[2024-05-16T12:43:27.768+0000] {logging_mixin.py:188} INFO - [2024-05-16T12:43:27.768+0000] {dag.py:3096} INFO - Sync 1 DAGs
[2024-05-16T12:43:27.777+0000] {logging_mixin.py:188} INFO - [2024-05-16T12:43:27.777+0000] {dag.py:3954} INFO - Setting next_dagrun for example_time_delta_sensor_async to None, run_after=None
[2024-05-16T12:43:27.822+0000] {processor.py:183} INFO - Processing /usr/local/python/3.10.13/lib/python3.10/site-packages/airflow/example_dags/example_time_delta_sensor_async.py took 0.076 seconds
[2024-05-16T12:44:11.873+0000] {processor.py:161} INFO - Started process (PID=23730) to work on /usr/local/python/3.10.13/lib/python3.10/site-packages/airflow/example_dags/example_time_delta_sensor_async.py
[2024-05-16T12:44:11.874+0000] {processor.py:830} INFO - Processing file /usr/local/python/3.10.13/lib/python3.10/site-packages/airflow/example_dags/example_time_delta_sensor_async.py for tasks to queue
[2024-05-16T12:44:11.877+0000] {logging_mixin.py:188} INFO - [2024-05-16T12:44:11.876+0000] {dagbag.py:545} INFO - Filling up the DagBag from /usr/local/python/3.10.13/lib/python3.10/site-packages/airflow/example_dags/example_time_delta_sensor_async.py
[2024-05-16T12:44:11.884+0000] {processor.py:840} INFO - DAG(s) 'example_time_delta_sensor_async' retrieved from /usr/local/python/3.10.13/lib/python3.10/site-packages/airflow/example_dags/example_time_delta_sensor_async.py
[2024-05-16T12:44:11.905+0000] {logging_mixin.py:188} INFO - [2024-05-16T12:44:11.905+0000] {dag.py:3096} INFO - Sync 1 DAGs
[2024-05-16T12:44:11.921+0000] {logging_mixin.py:188} INFO - [2024-05-16T12:44:11.921+0000] {dag.py:3954} INFO - Setting next_dagrun for example_time_delta_sensor_async to None, run_after=None
[2024-05-16T12:44:11.973+0000] {processor.py:183} INFO - Processing /usr/local/python/3.10.13/lib/python3.10/site-packages/airflow/example_dags/example_time_delta_sensor_async.py took 0.108 seconds
[2024-05-16T12:44:55.030+0000] {processor.py:161} INFO - Started process (PID=24048) to work on /usr/local/python/3.10.13/lib/python3.10/site-packages/airflow/example_dags/example_time_delta_sensor_async.py
[2024-05-16T12:44:55.031+0000] {processor.py:830} INFO - Processing file /usr/local/python/3.10.13/lib/python3.10/site-packages/airflow/example_dags/example_time_delta_sensor_async.py for tasks to queue
[2024-05-16T12:44:55.032+0000] {logging_mixin.py:188} INFO - [2024-05-16T12:44:55.032+0000] {dagbag.py:545} INFO - Filling up the DagBag from /usr/local/python/3.10.13/lib/python3.10/site-packages/airflow/example_dags/example_time_delta_sensor_async.py
[2024-05-16T12:44:55.036+0000] {processor.py:840} INFO - DAG(s) 'example_time_delta_sensor_async' retrieved from /usr/local/python/3.10.13/lib/python3.10/site-packages/airflow/example_dags/example_time_delta_sensor_async.py
[2024-05-16T12:44:55.047+0000] {logging_mixin.py:188} INFO - [2024-05-16T12:44:55.047+0000] {dag.py:3096} INFO - Sync 1 DAGs
[2024-05-16T12:44:55.056+0000] {logging_mixin.py:188} INFO - [2024-05-16T12:44:55.056+0000] {dag.py:3954} INFO - Setting next_dagrun for example_time_delta_sensor_async to None, run_after=None
[2024-05-16T12:44:55.121+0000] {processor.py:183} INFO - Processing /usr/local/python/3.10.13/lib/python3.10/site-packages/airflow/example_dags/example_time_delta_sensor_async.py took 0.096 seconds
