[2024-05-16T12:06:10.770+0000] {processor.py:161} INFO - Started process (PID=7319) to work on /usr/local/python/3.10.13/lib/python3.10/site-packages/airflow/example_dags/example_xcom.py
[2024-05-16T12:06:10.771+0000] {processor.py:830} INFO - Processing file /usr/local/python/3.10.13/lib/python3.10/site-packages/airflow/example_dags/example_xcom.py for tasks to queue
[2024-05-16T12:06:10.772+0000] {logging_mixin.py:188} INFO - [2024-05-16T12:06:10.772+0000] {dagbag.py:545} INFO - Filling up the DagBag from /usr/local/python/3.10.13/lib/python3.10/site-packages/airflow/example_dags/example_xcom.py
[2024-05-16T12:06:10.780+0000] {processor.py:840} INFO - DAG(s) 'example_xcom' retrieved from /usr/local/python/3.10.13/lib/python3.10/site-packages/airflow/example_dags/example_xcom.py
[2024-05-16T12:06:10.935+0000] {logging_mixin.py:188} INFO - [2024-05-16T12:06:10.935+0000] {dag.py:3096} INFO - Sync 1 DAGs
[2024-05-16T12:06:10.948+0000] {logging_mixin.py:188} INFO - [2024-05-16T12:06:10.948+0000] {dag.py:3954} INFO - Setting next_dagrun for example_xcom to 2021-01-01 00:00:00+00:00, run_after=2021-01-01 00:00:00+00:00
[2024-05-16T12:06:10.997+0000] {processor.py:183} INFO - Processing /usr/local/python/3.10.13/lib/python3.10/site-packages/airflow/example_dags/example_xcom.py took 0.232 seconds
[2024-05-16T12:07:10.875+0000] {processor.py:161} INFO - Started process (PID=7721) to work on /usr/local/python/3.10.13/lib/python3.10/site-packages/airflow/example_dags/example_xcom.py
[2024-05-16T12:07:10.876+0000] {processor.py:830} INFO - Processing file /usr/local/python/3.10.13/lib/python3.10/site-packages/airflow/example_dags/example_xcom.py for tasks to queue
[2024-05-16T12:07:10.877+0000] {logging_mixin.py:188} INFO - [2024-05-16T12:07:10.877+0000] {dagbag.py:545} INFO - Filling up the DagBag from /usr/local/python/3.10.13/lib/python3.10/site-packages/airflow/example_dags/example_xcom.py
[2024-05-16T12:07:10.883+0000] {processor.py:840} INFO - DAG(s) 'example_xcom' retrieved from /usr/local/python/3.10.13/lib/python3.10/site-packages/airflow/example_dags/example_xcom.py
[2024-05-16T12:07:10.895+0000] {logging_mixin.py:188} INFO - [2024-05-16T12:07:10.895+0000] {dag.py:3096} INFO - Sync 1 DAGs
[2024-05-16T12:07:10.910+0000] {logging_mixin.py:188} INFO - [2024-05-16T12:07:10.909+0000] {dag.py:3954} INFO - Setting next_dagrun for example_xcom to 2021-01-01 00:00:00+00:00, run_after=2021-01-01 00:00:00+00:00
[2024-05-16T12:07:10.956+0000] {processor.py:183} INFO - Processing /usr/local/python/3.10.13/lib/python3.10/site-packages/airflow/example_dags/example_xcom.py took 0.086 seconds
[2024-05-16T12:08:00.352+0000] {processor.py:161} INFO - Started process (PID=8041) to work on /usr/local/python/3.10.13/lib/python3.10/site-packages/airflow/example_dags/example_xcom.py
[2024-05-16T12:08:00.353+0000] {processor.py:830} INFO - Processing file /usr/local/python/3.10.13/lib/python3.10/site-packages/airflow/example_dags/example_xcom.py for tasks to queue
[2024-05-16T12:08:00.354+0000] {logging_mixin.py:188} INFO - [2024-05-16T12:08:00.354+0000] {dagbag.py:545} INFO - Filling up the DagBag from /usr/local/python/3.10.13/lib/python3.10/site-packages/airflow/example_dags/example_xcom.py
[2024-05-16T12:08:00.363+0000] {processor.py:840} INFO - DAG(s) 'example_xcom' retrieved from /usr/local/python/3.10.13/lib/python3.10/site-packages/airflow/example_dags/example_xcom.py
[2024-05-16T12:08:00.376+0000] {logging_mixin.py:188} INFO - [2024-05-16T12:08:00.376+0000] {dag.py:3096} INFO - Sync 1 DAGs
[2024-05-16T12:08:00.390+0000] {logging_mixin.py:188} INFO - [2024-05-16T12:08:00.390+0000] {dag.py:3954} INFO - Setting next_dagrun for example_xcom to 2021-01-01 00:00:00+00:00, run_after=2021-01-01 00:00:00+00:00
[2024-05-16T12:08:00.448+0000] {processor.py:183} INFO - Processing /usr/local/python/3.10.13/lib/python3.10/site-packages/airflow/example_dags/example_xcom.py took 0.100 seconds
[2024-05-16T12:08:43.526+0000] {processor.py:161} INFO - Started process (PID=8363) to work on /usr/local/python/3.10.13/lib/python3.10/site-packages/airflow/example_dags/example_xcom.py
[2024-05-16T12:08:43.527+0000] {processor.py:830} INFO - Processing file /usr/local/python/3.10.13/lib/python3.10/site-packages/airflow/example_dags/example_xcom.py for tasks to queue
[2024-05-16T12:08:43.528+0000] {logging_mixin.py:188} INFO - [2024-05-16T12:08:43.528+0000] {dagbag.py:545} INFO - Filling up the DagBag from /usr/local/python/3.10.13/lib/python3.10/site-packages/airflow/example_dags/example_xcom.py
[2024-05-16T12:08:43.534+0000] {processor.py:840} INFO - DAG(s) 'example_xcom' retrieved from /usr/local/python/3.10.13/lib/python3.10/site-packages/airflow/example_dags/example_xcom.py
[2024-05-16T12:08:43.546+0000] {logging_mixin.py:188} INFO - [2024-05-16T12:08:43.546+0000] {dag.py:3096} INFO - Sync 1 DAGs
[2024-05-16T12:08:43.560+0000] {logging_mixin.py:188} INFO - [2024-05-16T12:08:43.560+0000] {dag.py:3954} INFO - Setting next_dagrun for example_xcom to 2021-01-01 00:00:00+00:00, run_after=2021-01-01 00:00:00+00:00
[2024-05-16T12:08:43.610+0000] {processor.py:183} INFO - Processing /usr/local/python/3.10.13/lib/python3.10/site-packages/airflow/example_dags/example_xcom.py took 0.089 seconds
[2024-05-16T12:09:28.076+0000] {processor.py:161} INFO - Started process (PID=8689) to work on /usr/local/python/3.10.13/lib/python3.10/site-packages/airflow/example_dags/example_xcom.py
[2024-05-16T12:09:28.077+0000] {processor.py:830} INFO - Processing file /usr/local/python/3.10.13/lib/python3.10/site-packages/airflow/example_dags/example_xcom.py for tasks to queue
[2024-05-16T12:09:28.078+0000] {logging_mixin.py:188} INFO - [2024-05-16T12:09:28.078+0000] {dagbag.py:545} INFO - Filling up the DagBag from /usr/local/python/3.10.13/lib/python3.10/site-packages/airflow/example_dags/example_xcom.py
[2024-05-16T12:09:28.084+0000] {processor.py:840} INFO - DAG(s) 'example_xcom' retrieved from /usr/local/python/3.10.13/lib/python3.10/site-packages/airflow/example_dags/example_xcom.py
[2024-05-16T12:09:28.096+0000] {logging_mixin.py:188} INFO - [2024-05-16T12:09:28.096+0000] {dag.py:3096} INFO - Sync 1 DAGs
[2024-05-16T12:09:28.111+0000] {logging_mixin.py:188} INFO - [2024-05-16T12:09:28.110+0000] {dag.py:3954} INFO - Setting next_dagrun for example_xcom to 2021-01-01 00:00:00+00:00, run_after=2021-01-01 00:00:00+00:00
[2024-05-16T12:09:28.157+0000] {processor.py:183} INFO - Processing /usr/local/python/3.10.13/lib/python3.10/site-packages/airflow/example_dags/example_xcom.py took 0.086 seconds
[2024-05-16T12:10:12.552+0000] {processor.py:161} INFO - Started process (PID=8991) to work on /usr/local/python/3.10.13/lib/python3.10/site-packages/airflow/example_dags/example_xcom.py
[2024-05-16T12:10:12.552+0000] {processor.py:830} INFO - Processing file /usr/local/python/3.10.13/lib/python3.10/site-packages/airflow/example_dags/example_xcom.py for tasks to queue
[2024-05-16T12:10:12.554+0000] {logging_mixin.py:188} INFO - [2024-05-16T12:10:12.553+0000] {dagbag.py:545} INFO - Filling up the DagBag from /usr/local/python/3.10.13/lib/python3.10/site-packages/airflow/example_dags/example_xcom.py
[2024-05-16T12:10:12.559+0000] {processor.py:840} INFO - DAG(s) 'example_xcom' retrieved from /usr/local/python/3.10.13/lib/python3.10/site-packages/airflow/example_dags/example_xcom.py
[2024-05-16T12:10:12.572+0000] {logging_mixin.py:188} INFO - [2024-05-16T12:10:12.572+0000] {dag.py:3096} INFO - Sync 1 DAGs
[2024-05-16T12:10:12.592+0000] {logging_mixin.py:188} INFO - [2024-05-16T12:10:12.592+0000] {dag.py:3954} INFO - Setting next_dagrun for example_xcom to 2021-01-01 00:00:00+00:00, run_after=2021-01-01 00:00:00+00:00
[2024-05-16T12:10:12.640+0000] {processor.py:183} INFO - Processing /usr/local/python/3.10.13/lib/python3.10/site-packages/airflow/example_dags/example_xcom.py took 0.093 seconds
[2024-05-16T12:10:54.966+0000] {processor.py:161} INFO - Started process (PID=9297) to work on /usr/local/python/3.10.13/lib/python3.10/site-packages/airflow/example_dags/example_xcom.py
[2024-05-16T12:10:54.966+0000] {processor.py:830} INFO - Processing file /usr/local/python/3.10.13/lib/python3.10/site-packages/airflow/example_dags/example_xcom.py for tasks to queue
[2024-05-16T12:10:54.968+0000] {logging_mixin.py:188} INFO - [2024-05-16T12:10:54.967+0000] {dagbag.py:545} INFO - Filling up the DagBag from /usr/local/python/3.10.13/lib/python3.10/site-packages/airflow/example_dags/example_xcom.py
[2024-05-16T12:10:54.974+0000] {processor.py:840} INFO - DAG(s) 'example_xcom' retrieved from /usr/local/python/3.10.13/lib/python3.10/site-packages/airflow/example_dags/example_xcom.py
[2024-05-16T12:10:54.986+0000] {logging_mixin.py:188} INFO - [2024-05-16T12:10:54.986+0000] {dag.py:3096} INFO - Sync 1 DAGs
[2024-05-16T12:10:55.000+0000] {logging_mixin.py:188} INFO - [2024-05-16T12:10:55.000+0000] {dag.py:3954} INFO - Setting next_dagrun for example_xcom to 2021-01-01 00:00:00+00:00, run_after=2021-01-01 00:00:00+00:00
[2024-05-16T12:10:55.045+0000] {processor.py:183} INFO - Processing /usr/local/python/3.10.13/lib/python3.10/site-packages/airflow/example_dags/example_xcom.py took 0.084 seconds
[2024-05-16T12:11:34.235+0000] {processor.py:161} INFO - Started process (PID=9551) to work on /usr/local/python/3.10.13/lib/python3.10/site-packages/airflow/example_dags/example_xcom.py
[2024-05-16T12:11:34.235+0000] {processor.py:830} INFO - Processing file /usr/local/python/3.10.13/lib/python3.10/site-packages/airflow/example_dags/example_xcom.py for tasks to queue
[2024-05-16T12:11:34.237+0000] {logging_mixin.py:188} INFO - [2024-05-16T12:11:34.236+0000] {dagbag.py:545} INFO - Filling up the DagBag from /usr/local/python/3.10.13/lib/python3.10/site-packages/airflow/example_dags/example_xcom.py
[2024-05-16T12:11:34.243+0000] {processor.py:840} INFO - DAG(s) 'example_xcom' retrieved from /usr/local/python/3.10.13/lib/python3.10/site-packages/airflow/example_dags/example_xcom.py
[2024-05-16T12:11:34.256+0000] {logging_mixin.py:188} INFO - [2024-05-16T12:11:34.256+0000] {dag.py:3096} INFO - Sync 1 DAGs
[2024-05-16T12:11:34.270+0000] {logging_mixin.py:188} INFO - [2024-05-16T12:11:34.270+0000] {dag.py:3954} INFO - Setting next_dagrun for example_xcom to 2021-01-01 00:00:00+00:00, run_after=2021-01-01 00:00:00+00:00
[2024-05-16T12:11:34.317+0000] {processor.py:183} INFO - Processing /usr/local/python/3.10.13/lib/python3.10/site-packages/airflow/example_dags/example_xcom.py took 0.087 seconds
[2024-05-16T12:12:14.283+0000] {processor.py:161} INFO - Started process (PID=9839) to work on /usr/local/python/3.10.13/lib/python3.10/site-packages/airflow/example_dags/example_xcom.py
[2024-05-16T12:12:14.284+0000] {processor.py:830} INFO - Processing file /usr/local/python/3.10.13/lib/python3.10/site-packages/airflow/example_dags/example_xcom.py for tasks to queue
[2024-05-16T12:12:14.285+0000] {logging_mixin.py:188} INFO - [2024-05-16T12:12:14.285+0000] {dagbag.py:545} INFO - Filling up the DagBag from /usr/local/python/3.10.13/lib/python3.10/site-packages/airflow/example_dags/example_xcom.py
[2024-05-16T12:12:14.291+0000] {processor.py:840} INFO - DAG(s) 'example_xcom' retrieved from /usr/local/python/3.10.13/lib/python3.10/site-packages/airflow/example_dags/example_xcom.py
[2024-05-16T12:12:14.303+0000] {logging_mixin.py:188} INFO - [2024-05-16T12:12:14.303+0000] {dag.py:3096} INFO - Sync 1 DAGs
[2024-05-16T12:12:14.317+0000] {logging_mixin.py:188} INFO - [2024-05-16T12:12:14.317+0000] {dag.py:3954} INFO - Setting next_dagrun for example_xcom to 2021-01-01 00:00:00+00:00, run_after=2021-01-01 00:00:00+00:00
[2024-05-16T12:12:14.367+0000] {processor.py:183} INFO - Processing /usr/local/python/3.10.13/lib/python3.10/site-packages/airflow/example_dags/example_xcom.py took 0.089 seconds
[2024-05-16T12:12:57.585+0000] {processor.py:161} INFO - Started process (PID=10152) to work on /usr/local/python/3.10.13/lib/python3.10/site-packages/airflow/example_dags/example_xcom.py
[2024-05-16T12:12:57.586+0000] {processor.py:830} INFO - Processing file /usr/local/python/3.10.13/lib/python3.10/site-packages/airflow/example_dags/example_xcom.py for tasks to queue
[2024-05-16T12:12:57.587+0000] {logging_mixin.py:188} INFO - [2024-05-16T12:12:57.587+0000] {dagbag.py:545} INFO - Filling up the DagBag from /usr/local/python/3.10.13/lib/python3.10/site-packages/airflow/example_dags/example_xcom.py
[2024-05-16T12:12:57.595+0000] {processor.py:840} INFO - DAG(s) 'example_xcom' retrieved from /usr/local/python/3.10.13/lib/python3.10/site-packages/airflow/example_dags/example_xcom.py
[2024-05-16T12:12:57.608+0000] {logging_mixin.py:188} INFO - [2024-05-16T12:12:57.608+0000] {dag.py:3096} INFO - Sync 1 DAGs
[2024-05-16T12:12:57.623+0000] {logging_mixin.py:188} INFO - [2024-05-16T12:12:57.623+0000] {dag.py:3954} INFO - Setting next_dagrun for example_xcom to 2021-01-01 00:00:00+00:00, run_after=2021-01-01 00:00:00+00:00
[2024-05-16T12:12:57.667+0000] {processor.py:183} INFO - Processing /usr/local/python/3.10.13/lib/python3.10/site-packages/airflow/example_dags/example_xcom.py took 0.086 seconds
[2024-05-16T12:13:39.378+0000] {processor.py:161} INFO - Started process (PID=10431) to work on /usr/local/python/3.10.13/lib/python3.10/site-packages/airflow/example_dags/example_xcom.py
[2024-05-16T12:13:39.379+0000] {processor.py:830} INFO - Processing file /usr/local/python/3.10.13/lib/python3.10/site-packages/airflow/example_dags/example_xcom.py for tasks to queue
[2024-05-16T12:13:39.380+0000] {logging_mixin.py:188} INFO - [2024-05-16T12:13:39.380+0000] {dagbag.py:545} INFO - Filling up the DagBag from /usr/local/python/3.10.13/lib/python3.10/site-packages/airflow/example_dags/example_xcom.py
[2024-05-16T12:13:39.386+0000] {processor.py:840} INFO - DAG(s) 'example_xcom' retrieved from /usr/local/python/3.10.13/lib/python3.10/site-packages/airflow/example_dags/example_xcom.py
[2024-05-16T12:13:39.398+0000] {logging_mixin.py:188} INFO - [2024-05-16T12:13:39.398+0000] {dag.py:3096} INFO - Sync 1 DAGs
[2024-05-16T12:13:39.412+0000] {logging_mixin.py:188} INFO - [2024-05-16T12:13:39.412+0000] {dag.py:3954} INFO - Setting next_dagrun for example_xcom to 2021-01-01 00:00:00+00:00, run_after=2021-01-01 00:00:00+00:00
[2024-05-16T12:13:39.459+0000] {processor.py:183} INFO - Processing /usr/local/python/3.10.13/lib/python3.10/site-packages/airflow/example_dags/example_xcom.py took 0.085 seconds
[2024-05-16T12:14:20.749+0000] {processor.py:161} INFO - Started process (PID=10717) to work on /usr/local/python/3.10.13/lib/python3.10/site-packages/airflow/example_dags/example_xcom.py
[2024-05-16T12:14:20.749+0000] {processor.py:830} INFO - Processing file /usr/local/python/3.10.13/lib/python3.10/site-packages/airflow/example_dags/example_xcom.py for tasks to queue
[2024-05-16T12:14:20.751+0000] {logging_mixin.py:188} INFO - [2024-05-16T12:14:20.750+0000] {dagbag.py:545} INFO - Filling up the DagBag from /usr/local/python/3.10.13/lib/python3.10/site-packages/airflow/example_dags/example_xcom.py
[2024-05-16T12:14:20.757+0000] {processor.py:840} INFO - DAG(s) 'example_xcom' retrieved from /usr/local/python/3.10.13/lib/python3.10/site-packages/airflow/example_dags/example_xcom.py
[2024-05-16T12:14:20.768+0000] {logging_mixin.py:188} INFO - [2024-05-16T12:14:20.768+0000] {dag.py:3096} INFO - Sync 1 DAGs
[2024-05-16T12:14:20.782+0000] {logging_mixin.py:188} INFO - [2024-05-16T12:14:20.782+0000] {dag.py:3954} INFO - Setting next_dagrun for example_xcom to 2021-01-01 00:00:00+00:00, run_after=2021-01-01 00:00:00+00:00
[2024-05-16T12:14:20.827+0000] {processor.py:183} INFO - Processing /usr/local/python/3.10.13/lib/python3.10/site-packages/airflow/example_dags/example_xcom.py took 0.083 seconds
[2024-05-16T12:15:03.362+0000] {processor.py:161} INFO - Started process (PID=11012) to work on /usr/local/python/3.10.13/lib/python3.10/site-packages/airflow/example_dags/example_xcom.py
[2024-05-16T12:15:03.363+0000] {processor.py:830} INFO - Processing file /usr/local/python/3.10.13/lib/python3.10/site-packages/airflow/example_dags/example_xcom.py for tasks to queue
[2024-05-16T12:15:03.364+0000] {logging_mixin.py:188} INFO - [2024-05-16T12:15:03.364+0000] {dagbag.py:545} INFO - Filling up the DagBag from /usr/local/python/3.10.13/lib/python3.10/site-packages/airflow/example_dags/example_xcom.py
[2024-05-16T12:15:03.370+0000] {processor.py:840} INFO - DAG(s) 'example_xcom' retrieved from /usr/local/python/3.10.13/lib/python3.10/site-packages/airflow/example_dags/example_xcom.py
[2024-05-16T12:15:03.382+0000] {logging_mixin.py:188} INFO - [2024-05-16T12:15:03.382+0000] {dag.py:3096} INFO - Sync 1 DAGs
[2024-05-16T12:15:03.396+0000] {logging_mixin.py:188} INFO - [2024-05-16T12:15:03.396+0000] {dag.py:3954} INFO - Setting next_dagrun for example_xcom to 2021-01-01 00:00:00+00:00, run_after=2021-01-01 00:00:00+00:00
[2024-05-16T12:15:03.447+0000] {processor.py:183} INFO - Processing /usr/local/python/3.10.13/lib/python3.10/site-packages/airflow/example_dags/example_xcom.py took 0.091 seconds
[2024-05-16T12:15:45.986+0000] {processor.py:161} INFO - Started process (PID=11310) to work on /usr/local/python/3.10.13/lib/python3.10/site-packages/airflow/example_dags/example_xcom.py
[2024-05-16T12:15:45.987+0000] {processor.py:830} INFO - Processing file /usr/local/python/3.10.13/lib/python3.10/site-packages/airflow/example_dags/example_xcom.py for tasks to queue
[2024-05-16T12:15:45.988+0000] {logging_mixin.py:188} INFO - [2024-05-16T12:15:45.988+0000] {dagbag.py:545} INFO - Filling up the DagBag from /usr/local/python/3.10.13/lib/python3.10/site-packages/airflow/example_dags/example_xcom.py
[2024-05-16T12:15:45.994+0000] {processor.py:840} INFO - DAG(s) 'example_xcom' retrieved from /usr/local/python/3.10.13/lib/python3.10/site-packages/airflow/example_dags/example_xcom.py
[2024-05-16T12:15:46.008+0000] {logging_mixin.py:188} INFO - [2024-05-16T12:15:46.007+0000] {dag.py:3096} INFO - Sync 1 DAGs
[2024-05-16T12:15:46.022+0000] {logging_mixin.py:188} INFO - [2024-05-16T12:15:46.022+0000] {dag.py:3954} INFO - Setting next_dagrun for example_xcom to 2021-01-01 00:00:00+00:00, run_after=2021-01-01 00:00:00+00:00
[2024-05-16T12:15:46.068+0000] {processor.py:183} INFO - Processing /usr/local/python/3.10.13/lib/python3.10/site-packages/airflow/example_dags/example_xcom.py took 0.086 seconds
[2024-05-16T12:16:29.941+0000] {processor.py:161} INFO - Started process (PID=11640) to work on /usr/local/python/3.10.13/lib/python3.10/site-packages/airflow/example_dags/example_xcom.py
[2024-05-16T12:16:29.942+0000] {processor.py:830} INFO - Processing file /usr/local/python/3.10.13/lib/python3.10/site-packages/airflow/example_dags/example_xcom.py for tasks to queue
[2024-05-16T12:16:29.943+0000] {logging_mixin.py:188} INFO - [2024-05-16T12:16:29.943+0000] {dagbag.py:545} INFO - Filling up the DagBag from /usr/local/python/3.10.13/lib/python3.10/site-packages/airflow/example_dags/example_xcom.py
[2024-05-16T12:16:29.949+0000] {processor.py:840} INFO - DAG(s) 'example_xcom' retrieved from /usr/local/python/3.10.13/lib/python3.10/site-packages/airflow/example_dags/example_xcom.py
[2024-05-16T12:16:29.962+0000] {logging_mixin.py:188} INFO - [2024-05-16T12:16:29.962+0000] {dag.py:3096} INFO - Sync 1 DAGs
[2024-05-16T12:16:29.976+0000] {logging_mixin.py:188} INFO - [2024-05-16T12:16:29.976+0000] {dag.py:3954} INFO - Setting next_dagrun for example_xcom to 2021-01-01 00:00:00+00:00, run_after=2021-01-01 00:00:00+00:00
[2024-05-16T12:16:30.021+0000] {processor.py:183} INFO - Processing /usr/local/python/3.10.13/lib/python3.10/site-packages/airflow/example_dags/example_xcom.py took 0.085 seconds
[2024-05-16T12:17:13.005+0000] {processor.py:161} INFO - Started process (PID=11972) to work on /usr/local/python/3.10.13/lib/python3.10/site-packages/airflow/example_dags/example_xcom.py
[2024-05-16T12:17:13.006+0000] {processor.py:830} INFO - Processing file /usr/local/python/3.10.13/lib/python3.10/site-packages/airflow/example_dags/example_xcom.py for tasks to queue
[2024-05-16T12:17:13.007+0000] {logging_mixin.py:188} INFO - [2024-05-16T12:17:13.007+0000] {dagbag.py:545} INFO - Filling up the DagBag from /usr/local/python/3.10.13/lib/python3.10/site-packages/airflow/example_dags/example_xcom.py
[2024-05-16T12:17:13.014+0000] {processor.py:840} INFO - DAG(s) 'example_xcom' retrieved from /usr/local/python/3.10.13/lib/python3.10/site-packages/airflow/example_dags/example_xcom.py
[2024-05-16T12:17:13.026+0000] {logging_mixin.py:188} INFO - [2024-05-16T12:17:13.026+0000] {dag.py:3096} INFO - Sync 1 DAGs
[2024-05-16T12:17:13.041+0000] {logging_mixin.py:188} INFO - [2024-05-16T12:17:13.041+0000] {dag.py:3954} INFO - Setting next_dagrun for example_xcom to 2021-01-01 00:00:00+00:00, run_after=2021-01-01 00:00:00+00:00
[2024-05-16T12:17:13.087+0000] {processor.py:183} INFO - Processing /usr/local/python/3.10.13/lib/python3.10/site-packages/airflow/example_dags/example_xcom.py took 0.087 seconds
[2024-05-16T12:17:54.188+0000] {processor.py:161} INFO - Started process (PID=12248) to work on /usr/local/python/3.10.13/lib/python3.10/site-packages/airflow/example_dags/example_xcom.py
[2024-05-16T12:17:54.188+0000] {processor.py:830} INFO - Processing file /usr/local/python/3.10.13/lib/python3.10/site-packages/airflow/example_dags/example_xcom.py for tasks to queue
[2024-05-16T12:17:54.190+0000] {logging_mixin.py:188} INFO - [2024-05-16T12:17:54.189+0000] {dagbag.py:545} INFO - Filling up the DagBag from /usr/local/python/3.10.13/lib/python3.10/site-packages/airflow/example_dags/example_xcom.py
[2024-05-16T12:17:54.195+0000] {processor.py:840} INFO - DAG(s) 'example_xcom' retrieved from /usr/local/python/3.10.13/lib/python3.10/site-packages/airflow/example_dags/example_xcom.py
[2024-05-16T12:17:54.207+0000] {logging_mixin.py:188} INFO - [2024-05-16T12:17:54.207+0000] {dag.py:3096} INFO - Sync 1 DAGs
[2024-05-16T12:17:54.225+0000] {logging_mixin.py:188} INFO - [2024-05-16T12:17:54.225+0000] {dag.py:3954} INFO - Setting next_dagrun for example_xcom to 2021-01-01 00:00:00+00:00, run_after=2021-01-01 00:00:00+00:00
[2024-05-16T12:17:54.277+0000] {processor.py:183} INFO - Processing /usr/local/python/3.10.13/lib/python3.10/site-packages/airflow/example_dags/example_xcom.py took 0.094 seconds
[2024-05-16T12:18:35.547+0000] {processor.py:161} INFO - Started process (PID=12546) to work on /usr/local/python/3.10.13/lib/python3.10/site-packages/airflow/example_dags/example_xcom.py
[2024-05-16T12:18:35.548+0000] {processor.py:830} INFO - Processing file /usr/local/python/3.10.13/lib/python3.10/site-packages/airflow/example_dags/example_xcom.py for tasks to queue
[2024-05-16T12:18:35.549+0000] {logging_mixin.py:188} INFO - [2024-05-16T12:18:35.549+0000] {dagbag.py:545} INFO - Filling up the DagBag from /usr/local/python/3.10.13/lib/python3.10/site-packages/airflow/example_dags/example_xcom.py
[2024-05-16T12:18:35.555+0000] {processor.py:840} INFO - DAG(s) 'example_xcom' retrieved from /usr/local/python/3.10.13/lib/python3.10/site-packages/airflow/example_dags/example_xcom.py
[2024-05-16T12:18:35.567+0000] {logging_mixin.py:188} INFO - [2024-05-16T12:18:35.567+0000] {dag.py:3096} INFO - Sync 1 DAGs
[2024-05-16T12:18:35.581+0000] {logging_mixin.py:188} INFO - [2024-05-16T12:18:35.581+0000] {dag.py:3954} INFO - Setting next_dagrun for example_xcom to 2021-01-01 00:00:00+00:00, run_after=2021-01-01 00:00:00+00:00
[2024-05-16T12:18:35.627+0000] {processor.py:183} INFO - Processing /usr/local/python/3.10.13/lib/python3.10/site-packages/airflow/example_dags/example_xcom.py took 0.085 seconds
[2024-05-16T12:19:18.368+0000] {processor.py:161} INFO - Started process (PID=12848) to work on /usr/local/python/3.10.13/lib/python3.10/site-packages/airflow/example_dags/example_xcom.py
[2024-05-16T12:19:18.369+0000] {processor.py:830} INFO - Processing file /usr/local/python/3.10.13/lib/python3.10/site-packages/airflow/example_dags/example_xcom.py for tasks to queue
[2024-05-16T12:19:18.370+0000] {logging_mixin.py:188} INFO - [2024-05-16T12:19:18.370+0000] {dagbag.py:545} INFO - Filling up the DagBag from /usr/local/python/3.10.13/lib/python3.10/site-packages/airflow/example_dags/example_xcom.py
[2024-05-16T12:19:18.378+0000] {processor.py:840} INFO - DAG(s) 'example_xcom' retrieved from /usr/local/python/3.10.13/lib/python3.10/site-packages/airflow/example_dags/example_xcom.py
[2024-05-16T12:19:18.390+0000] {logging_mixin.py:188} INFO - [2024-05-16T12:19:18.390+0000] {dag.py:3096} INFO - Sync 1 DAGs
[2024-05-16T12:19:18.405+0000] {logging_mixin.py:188} INFO - [2024-05-16T12:19:18.404+0000] {dag.py:3954} INFO - Setting next_dagrun for example_xcom to 2021-01-01 00:00:00+00:00, run_after=2021-01-01 00:00:00+00:00
[2024-05-16T12:19:18.463+0000] {processor.py:183} INFO - Processing /usr/local/python/3.10.13/lib/python3.10/site-packages/airflow/example_dags/example_xcom.py took 0.100 seconds
[2024-05-16T12:19:59.816+0000] {processor.py:161} INFO - Started process (PID=13138) to work on /usr/local/python/3.10.13/lib/python3.10/site-packages/airflow/example_dags/example_xcom.py
[2024-05-16T12:19:59.816+0000] {processor.py:830} INFO - Processing file /usr/local/python/3.10.13/lib/python3.10/site-packages/airflow/example_dags/example_xcom.py for tasks to queue
[2024-05-16T12:19:59.818+0000] {logging_mixin.py:188} INFO - [2024-05-16T12:19:59.817+0000] {dagbag.py:545} INFO - Filling up the DagBag from /usr/local/python/3.10.13/lib/python3.10/site-packages/airflow/example_dags/example_xcom.py
[2024-05-16T12:19:59.824+0000] {processor.py:840} INFO - DAG(s) 'example_xcom' retrieved from /usr/local/python/3.10.13/lib/python3.10/site-packages/airflow/example_dags/example_xcom.py
[2024-05-16T12:19:59.835+0000] {logging_mixin.py:188} INFO - [2024-05-16T12:19:59.835+0000] {dag.py:3096} INFO - Sync 1 DAGs
[2024-05-16T12:19:59.849+0000] {logging_mixin.py:188} INFO - [2024-05-16T12:19:59.849+0000] {dag.py:3954} INFO - Setting next_dagrun for example_xcom to 2021-01-01 00:00:00+00:00, run_after=2021-01-01 00:00:00+00:00
[2024-05-16T12:19:59.896+0000] {processor.py:183} INFO - Processing /usr/local/python/3.10.13/lib/python3.10/site-packages/airflow/example_dags/example_xcom.py took 0.085 seconds
[2024-05-16T12:20:40.719+0000] {processor.py:161} INFO - Started process (PID=13441) to work on /usr/local/python/3.10.13/lib/python3.10/site-packages/airflow/example_dags/example_xcom.py
[2024-05-16T12:20:40.720+0000] {processor.py:830} INFO - Processing file /usr/local/python/3.10.13/lib/python3.10/site-packages/airflow/example_dags/example_xcom.py for tasks to queue
[2024-05-16T12:20:40.721+0000] {logging_mixin.py:188} INFO - [2024-05-16T12:20:40.721+0000] {dagbag.py:545} INFO - Filling up the DagBag from /usr/local/python/3.10.13/lib/python3.10/site-packages/airflow/example_dags/example_xcom.py
[2024-05-16T12:20:40.727+0000] {processor.py:840} INFO - DAG(s) 'example_xcom' retrieved from /usr/local/python/3.10.13/lib/python3.10/site-packages/airflow/example_dags/example_xcom.py
[2024-05-16T12:20:40.739+0000] {logging_mixin.py:188} INFO - [2024-05-16T12:20:40.739+0000] {dag.py:3096} INFO - Sync 1 DAGs
[2024-05-16T12:20:40.752+0000] {logging_mixin.py:188} INFO - [2024-05-16T12:20:40.752+0000] {dag.py:3954} INFO - Setting next_dagrun for example_xcom to 2021-01-01 00:00:00+00:00, run_after=2021-01-01 00:00:00+00:00
[2024-05-16T12:20:40.798+0000] {processor.py:183} INFO - Processing /usr/local/python/3.10.13/lib/python3.10/site-packages/airflow/example_dags/example_xcom.py took 0.083 seconds
[2024-05-16T12:21:24.414+0000] {processor.py:161} INFO - Started process (PID=13737) to work on /usr/local/python/3.10.13/lib/python3.10/site-packages/airflow/example_dags/example_xcom.py
[2024-05-16T12:21:24.415+0000] {processor.py:830} INFO - Processing file /usr/local/python/3.10.13/lib/python3.10/site-packages/airflow/example_dags/example_xcom.py for tasks to queue
[2024-05-16T12:21:24.416+0000] {logging_mixin.py:188} INFO - [2024-05-16T12:21:24.416+0000] {dagbag.py:545} INFO - Filling up the DagBag from /usr/local/python/3.10.13/lib/python3.10/site-packages/airflow/example_dags/example_xcom.py
[2024-05-16T12:21:24.422+0000] {processor.py:840} INFO - DAG(s) 'example_xcom' retrieved from /usr/local/python/3.10.13/lib/python3.10/site-packages/airflow/example_dags/example_xcom.py
[2024-05-16T12:21:24.434+0000] {logging_mixin.py:188} INFO - [2024-05-16T12:21:24.434+0000] {dag.py:3096} INFO - Sync 1 DAGs
[2024-05-16T12:21:24.448+0000] {logging_mixin.py:188} INFO - [2024-05-16T12:21:24.448+0000] {dag.py:3954} INFO - Setting next_dagrun for example_xcom to 2021-01-01 00:00:00+00:00, run_after=2021-01-01 00:00:00+00:00
[2024-05-16T12:21:24.495+0000] {processor.py:183} INFO - Processing /usr/local/python/3.10.13/lib/python3.10/site-packages/airflow/example_dags/example_xcom.py took 0.085 seconds
[2024-05-16T12:22:07.625+0000] {processor.py:161} INFO - Started process (PID=14065) to work on /usr/local/python/3.10.13/lib/python3.10/site-packages/airflow/example_dags/example_xcom.py
[2024-05-16T12:22:07.625+0000] {processor.py:830} INFO - Processing file /usr/local/python/3.10.13/lib/python3.10/site-packages/airflow/example_dags/example_xcom.py for tasks to queue
[2024-05-16T12:22:07.627+0000] {logging_mixin.py:188} INFO - [2024-05-16T12:22:07.626+0000] {dagbag.py:545} INFO - Filling up the DagBag from /usr/local/python/3.10.13/lib/python3.10/site-packages/airflow/example_dags/example_xcom.py
[2024-05-16T12:22:07.633+0000] {processor.py:840} INFO - DAG(s) 'example_xcom' retrieved from /usr/local/python/3.10.13/lib/python3.10/site-packages/airflow/example_dags/example_xcom.py
[2024-05-16T12:22:07.644+0000] {logging_mixin.py:188} INFO - [2024-05-16T12:22:07.644+0000] {dag.py:3096} INFO - Sync 1 DAGs
[2024-05-16T12:22:07.658+0000] {logging_mixin.py:188} INFO - [2024-05-16T12:22:07.658+0000] {dag.py:3954} INFO - Setting next_dagrun for example_xcom to 2021-01-01 00:00:00+00:00, run_after=2021-01-01 00:00:00+00:00
[2024-05-16T12:22:07.709+0000] {processor.py:183} INFO - Processing /usr/local/python/3.10.13/lib/python3.10/site-packages/airflow/example_dags/example_xcom.py took 0.089 seconds
[2024-05-16T12:22:50.509+0000] {processor.py:161} INFO - Started process (PID=14388) to work on /usr/local/python/3.10.13/lib/python3.10/site-packages/airflow/example_dags/example_xcom.py
[2024-05-16T12:22:50.510+0000] {processor.py:830} INFO - Processing file /usr/local/python/3.10.13/lib/python3.10/site-packages/airflow/example_dags/example_xcom.py for tasks to queue
[2024-05-16T12:22:50.511+0000] {logging_mixin.py:188} INFO - [2024-05-16T12:22:50.511+0000] {dagbag.py:545} INFO - Filling up the DagBag from /usr/local/python/3.10.13/lib/python3.10/site-packages/airflow/example_dags/example_xcom.py
[2024-05-16T12:22:50.517+0000] {processor.py:840} INFO - DAG(s) 'example_xcom' retrieved from /usr/local/python/3.10.13/lib/python3.10/site-packages/airflow/example_dags/example_xcom.py
[2024-05-16T12:22:50.530+0000] {logging_mixin.py:188} INFO - [2024-05-16T12:22:50.530+0000] {dag.py:3096} INFO - Sync 1 DAGs
[2024-05-16T12:22:50.544+0000] {logging_mixin.py:188} INFO - [2024-05-16T12:22:50.544+0000] {dag.py:3954} INFO - Setting next_dagrun for example_xcom to 2021-01-01 00:00:00+00:00, run_after=2021-01-01 00:00:00+00:00
[2024-05-16T12:22:50.594+0000] {processor.py:183} INFO - Processing /usr/local/python/3.10.13/lib/python3.10/site-packages/airflow/example_dags/example_xcom.py took 0.090 seconds
[2024-05-16T12:23:36.094+0000] {processor.py:161} INFO - Started process (PID=14715) to work on /usr/local/python/3.10.13/lib/python3.10/site-packages/airflow/example_dags/example_xcom.py
[2024-05-16T12:23:36.095+0000] {processor.py:830} INFO - Processing file /usr/local/python/3.10.13/lib/python3.10/site-packages/airflow/example_dags/example_xcom.py for tasks to queue
[2024-05-16T12:23:36.097+0000] {logging_mixin.py:188} INFO - [2024-05-16T12:23:36.096+0000] {dagbag.py:545} INFO - Filling up the DagBag from /usr/local/python/3.10.13/lib/python3.10/site-packages/airflow/example_dags/example_xcom.py
[2024-05-16T12:23:36.103+0000] {processor.py:840} INFO - DAG(s) 'example_xcom' retrieved from /usr/local/python/3.10.13/lib/python3.10/site-packages/airflow/example_dags/example_xcom.py
[2024-05-16T12:23:36.116+0000] {logging_mixin.py:188} INFO - [2024-05-16T12:23:36.115+0000] {dag.py:3096} INFO - Sync 1 DAGs
[2024-05-16T12:23:36.131+0000] {logging_mixin.py:188} INFO - [2024-05-16T12:23:36.131+0000] {dag.py:3954} INFO - Setting next_dagrun for example_xcom to 2021-01-01 00:00:00+00:00, run_after=2021-01-01 00:00:00+00:00
[2024-05-16T12:23:36.177+0000] {processor.py:183} INFO - Processing /usr/local/python/3.10.13/lib/python3.10/site-packages/airflow/example_dags/example_xcom.py took 0.089 seconds
[2024-05-16T12:24:19.536+0000] {processor.py:161} INFO - Started process (PID=15057) to work on /usr/local/python/3.10.13/lib/python3.10/site-packages/airflow/example_dags/example_xcom.py
[2024-05-16T12:24:19.536+0000] {processor.py:830} INFO - Processing file /usr/local/python/3.10.13/lib/python3.10/site-packages/airflow/example_dags/example_xcom.py for tasks to queue
[2024-05-16T12:24:19.538+0000] {logging_mixin.py:188} INFO - [2024-05-16T12:24:19.538+0000] {dagbag.py:545} INFO - Filling up the DagBag from /usr/local/python/3.10.13/lib/python3.10/site-packages/airflow/example_dags/example_xcom.py
[2024-05-16T12:24:19.544+0000] {processor.py:840} INFO - DAG(s) 'example_xcom' retrieved from /usr/local/python/3.10.13/lib/python3.10/site-packages/airflow/example_dags/example_xcom.py
[2024-05-16T12:24:19.558+0000] {logging_mixin.py:188} INFO - [2024-05-16T12:24:19.558+0000] {dag.py:3096} INFO - Sync 1 DAGs
[2024-05-16T12:24:19.573+0000] {logging_mixin.py:188} INFO - [2024-05-16T12:24:19.573+0000] {dag.py:3954} INFO - Setting next_dagrun for example_xcom to 2021-01-01 00:00:00+00:00, run_after=2021-01-01 00:00:00+00:00
[2024-05-16T12:24:19.622+0000] {processor.py:183} INFO - Processing /usr/local/python/3.10.13/lib/python3.10/site-packages/airflow/example_dags/example_xcom.py took 0.093 seconds
[2024-05-16T12:25:01.235+0000] {processor.py:161} INFO - Started process (PID=15368) to work on /usr/local/python/3.10.13/lib/python3.10/site-packages/airflow/example_dags/example_xcom.py
[2024-05-16T12:25:01.236+0000] {processor.py:830} INFO - Processing file /usr/local/python/3.10.13/lib/python3.10/site-packages/airflow/example_dags/example_xcom.py for tasks to queue
[2024-05-16T12:25:01.237+0000] {logging_mixin.py:188} INFO - [2024-05-16T12:25:01.237+0000] {dagbag.py:545} INFO - Filling up the DagBag from /usr/local/python/3.10.13/lib/python3.10/site-packages/airflow/example_dags/example_xcom.py
[2024-05-16T12:25:01.243+0000] {processor.py:840} INFO - DAG(s) 'example_xcom' retrieved from /usr/local/python/3.10.13/lib/python3.10/site-packages/airflow/example_dags/example_xcom.py
[2024-05-16T12:25:01.255+0000] {logging_mixin.py:188} INFO - [2024-05-16T12:25:01.255+0000] {dag.py:3096} INFO - Sync 1 DAGs
[2024-05-16T12:25:01.269+0000] {logging_mixin.py:188} INFO - [2024-05-16T12:25:01.269+0000] {dag.py:3954} INFO - Setting next_dagrun for example_xcom to 2021-01-01 00:00:00+00:00, run_after=2021-01-01 00:00:00+00:00
[2024-05-16T12:25:01.317+0000] {processor.py:183} INFO - Processing /usr/local/python/3.10.13/lib/python3.10/site-packages/airflow/example_dags/example_xcom.py took 0.086 seconds
[2024-05-16T12:25:40.668+0000] {processor.py:161} INFO - Started process (PID=15673) to work on /usr/local/python/3.10.13/lib/python3.10/site-packages/airflow/example_dags/example_xcom.py
[2024-05-16T12:25:40.669+0000] {processor.py:830} INFO - Processing file /usr/local/python/3.10.13/lib/python3.10/site-packages/airflow/example_dags/example_xcom.py for tasks to queue
[2024-05-16T12:25:40.671+0000] {logging_mixin.py:188} INFO - [2024-05-16T12:25:40.671+0000] {dagbag.py:545} INFO - Filling up the DagBag from /usr/local/python/3.10.13/lib/python3.10/site-packages/airflow/example_dags/example_xcom.py
[2024-05-16T12:25:40.680+0000] {processor.py:840} INFO - DAG(s) 'example_xcom' retrieved from /usr/local/python/3.10.13/lib/python3.10/site-packages/airflow/example_dags/example_xcom.py
[2024-05-16T12:25:40.699+0000] {logging_mixin.py:188} INFO - [2024-05-16T12:25:40.699+0000] {dag.py:3096} INFO - Sync 1 DAGs
[2024-05-16T12:25:40.720+0000] {logging_mixin.py:188} INFO - [2024-05-16T12:25:40.720+0000] {dag.py:3954} INFO - Setting next_dagrun for example_xcom to 2021-01-01 00:00:00+00:00, run_after=2021-01-01 00:00:00+00:00
[2024-05-16T12:25:40.765+0000] {processor.py:183} INFO - Processing /usr/local/python/3.10.13/lib/python3.10/site-packages/airflow/example_dags/example_xcom.py took 0.102 seconds
[2024-05-16T12:26:20.514+0000] {processor.py:161} INFO - Started process (PID=15954) to work on /usr/local/python/3.10.13/lib/python3.10/site-packages/airflow/example_dags/example_xcom.py
[2024-05-16T12:26:20.515+0000] {processor.py:830} INFO - Processing file /usr/local/python/3.10.13/lib/python3.10/site-packages/airflow/example_dags/example_xcom.py for tasks to queue
[2024-05-16T12:26:20.517+0000] {logging_mixin.py:188} INFO - [2024-05-16T12:26:20.517+0000] {dagbag.py:545} INFO - Filling up the DagBag from /usr/local/python/3.10.13/lib/python3.10/site-packages/airflow/example_dags/example_xcom.py
[2024-05-16T12:26:20.526+0000] {processor.py:840} INFO - DAG(s) 'example_xcom' retrieved from /usr/local/python/3.10.13/lib/python3.10/site-packages/airflow/example_dags/example_xcom.py
[2024-05-16T12:26:20.539+0000] {logging_mixin.py:188} INFO - [2024-05-16T12:26:20.538+0000] {dag.py:3096} INFO - Sync 1 DAGs
[2024-05-16T12:26:20.553+0000] {logging_mixin.py:188} INFO - [2024-05-16T12:26:20.553+0000] {dag.py:3954} INFO - Setting next_dagrun for example_xcom to 2021-01-01 00:00:00+00:00, run_after=2021-01-01 00:00:00+00:00
[2024-05-16T12:26:20.603+0000] {processor.py:183} INFO - Processing /usr/local/python/3.10.13/lib/python3.10/site-packages/airflow/example_dags/example_xcom.py took 0.095 seconds
[2024-05-16T12:27:02.192+0000] {processor.py:161} INFO - Started process (PID=16276) to work on /usr/local/python/3.10.13/lib/python3.10/site-packages/airflow/example_dags/example_xcom.py
[2024-05-16T12:27:02.193+0000] {processor.py:830} INFO - Processing file /usr/local/python/3.10.13/lib/python3.10/site-packages/airflow/example_dags/example_xcom.py for tasks to queue
[2024-05-16T12:27:02.194+0000] {logging_mixin.py:188} INFO - [2024-05-16T12:27:02.194+0000] {dagbag.py:545} INFO - Filling up the DagBag from /usr/local/python/3.10.13/lib/python3.10/site-packages/airflow/example_dags/example_xcom.py
[2024-05-16T12:27:02.200+0000] {processor.py:840} INFO - DAG(s) 'example_xcom' retrieved from /usr/local/python/3.10.13/lib/python3.10/site-packages/airflow/example_dags/example_xcom.py
[2024-05-16T12:27:02.213+0000] {logging_mixin.py:188} INFO - [2024-05-16T12:27:02.213+0000] {dag.py:3096} INFO - Sync 1 DAGs
[2024-05-16T12:27:02.227+0000] {logging_mixin.py:188} INFO - [2024-05-16T12:27:02.227+0000] {dag.py:3954} INFO - Setting next_dagrun for example_xcom to 2021-01-01 00:00:00+00:00, run_after=2021-01-01 00:00:00+00:00
[2024-05-16T12:27:02.275+0000] {processor.py:183} INFO - Processing /usr/local/python/3.10.13/lib/python3.10/site-packages/airflow/example_dags/example_xcom.py took 0.089 seconds
[2024-05-16T12:27:44.897+0000] {processor.py:161} INFO - Started process (PID=16590) to work on /usr/local/python/3.10.13/lib/python3.10/site-packages/airflow/example_dags/example_xcom.py
[2024-05-16T12:27:44.898+0000] {processor.py:830} INFO - Processing file /usr/local/python/3.10.13/lib/python3.10/site-packages/airflow/example_dags/example_xcom.py for tasks to queue
[2024-05-16T12:27:44.899+0000] {logging_mixin.py:188} INFO - [2024-05-16T12:27:44.899+0000] {dagbag.py:545} INFO - Filling up the DagBag from /usr/local/python/3.10.13/lib/python3.10/site-packages/airflow/example_dags/example_xcom.py
[2024-05-16T12:27:44.906+0000] {processor.py:840} INFO - DAG(s) 'example_xcom' retrieved from /usr/local/python/3.10.13/lib/python3.10/site-packages/airflow/example_dags/example_xcom.py
[2024-05-16T12:27:44.918+0000] {logging_mixin.py:188} INFO - [2024-05-16T12:27:44.918+0000] {dag.py:3096} INFO - Sync 1 DAGs
[2024-05-16T12:27:44.932+0000] {logging_mixin.py:188} INFO - [2024-05-16T12:27:44.932+0000] {dag.py:3954} INFO - Setting next_dagrun for example_xcom to 2021-01-01 00:00:00+00:00, run_after=2021-01-01 00:00:00+00:00
[2024-05-16T12:27:44.979+0000] {processor.py:183} INFO - Processing /usr/local/python/3.10.13/lib/python3.10/site-packages/airflow/example_dags/example_xcom.py took 0.087 seconds
[2024-05-16T12:28:28.563+0000] {processor.py:161} INFO - Started process (PID=16905) to work on /usr/local/python/3.10.13/lib/python3.10/site-packages/airflow/example_dags/example_xcom.py
[2024-05-16T12:28:28.564+0000] {processor.py:830} INFO - Processing file /usr/local/python/3.10.13/lib/python3.10/site-packages/airflow/example_dags/example_xcom.py for tasks to queue
[2024-05-16T12:28:28.565+0000] {logging_mixin.py:188} INFO - [2024-05-16T12:28:28.565+0000] {dagbag.py:545} INFO - Filling up the DagBag from /usr/local/python/3.10.13/lib/python3.10/site-packages/airflow/example_dags/example_xcom.py
[2024-05-16T12:28:28.571+0000] {processor.py:840} INFO - DAG(s) 'example_xcom' retrieved from /usr/local/python/3.10.13/lib/python3.10/site-packages/airflow/example_dags/example_xcom.py
[2024-05-16T12:28:28.583+0000] {logging_mixin.py:188} INFO - [2024-05-16T12:28:28.583+0000] {dag.py:3096} INFO - Sync 1 DAGs
[2024-05-16T12:28:28.597+0000] {logging_mixin.py:188} INFO - [2024-05-16T12:28:28.597+0000] {dag.py:3954} INFO - Setting next_dagrun for example_xcom to 2021-01-01 00:00:00+00:00, run_after=2021-01-01 00:00:00+00:00
[2024-05-16T12:28:28.646+0000] {processor.py:183} INFO - Processing /usr/local/python/3.10.13/lib/python3.10/site-packages/airflow/example_dags/example_xcom.py took 0.088 seconds
[2024-05-16T12:29:10.057+0000] {processor.py:161} INFO - Started process (PID=17193) to work on /usr/local/python/3.10.13/lib/python3.10/site-packages/airflow/example_dags/example_xcom.py
[2024-05-16T12:29:10.058+0000] {processor.py:830} INFO - Processing file /usr/local/python/3.10.13/lib/python3.10/site-packages/airflow/example_dags/example_xcom.py for tasks to queue
[2024-05-16T12:29:10.059+0000] {logging_mixin.py:188} INFO - [2024-05-16T12:29:10.059+0000] {dagbag.py:545} INFO - Filling up the DagBag from /usr/local/python/3.10.13/lib/python3.10/site-packages/airflow/example_dags/example_xcom.py
[2024-05-16T12:29:10.065+0000] {processor.py:840} INFO - DAG(s) 'example_xcom' retrieved from /usr/local/python/3.10.13/lib/python3.10/site-packages/airflow/example_dags/example_xcom.py
[2024-05-16T12:29:10.078+0000] {logging_mixin.py:188} INFO - [2024-05-16T12:29:10.078+0000] {dag.py:3096} INFO - Sync 1 DAGs
[2024-05-16T12:29:10.098+0000] {logging_mixin.py:188} INFO - [2024-05-16T12:29:10.098+0000] {dag.py:3954} INFO - Setting next_dagrun for example_xcom to 2021-01-01 00:00:00+00:00, run_after=2021-01-01 00:00:00+00:00
[2024-05-16T12:29:10.149+0000] {processor.py:183} INFO - Processing /usr/local/python/3.10.13/lib/python3.10/site-packages/airflow/example_dags/example_xcom.py took 0.096 seconds
[2024-05-16T12:29:52.807+0000] {processor.py:161} INFO - Started process (PID=17507) to work on /usr/local/python/3.10.13/lib/python3.10/site-packages/airflow/example_dags/example_xcom.py
[2024-05-16T12:29:52.807+0000] {processor.py:830} INFO - Processing file /usr/local/python/3.10.13/lib/python3.10/site-packages/airflow/example_dags/example_xcom.py for tasks to queue
[2024-05-16T12:29:52.809+0000] {logging_mixin.py:188} INFO - [2024-05-16T12:29:52.808+0000] {dagbag.py:545} INFO - Filling up the DagBag from /usr/local/python/3.10.13/lib/python3.10/site-packages/airflow/example_dags/example_xcom.py
[2024-05-16T12:29:52.815+0000] {processor.py:840} INFO - DAG(s) 'example_xcom' retrieved from /usr/local/python/3.10.13/lib/python3.10/site-packages/airflow/example_dags/example_xcom.py
[2024-05-16T12:29:52.827+0000] {logging_mixin.py:188} INFO - [2024-05-16T12:29:52.827+0000] {dag.py:3096} INFO - Sync 1 DAGs
[2024-05-16T12:29:52.842+0000] {logging_mixin.py:188} INFO - [2024-05-16T12:29:52.841+0000] {dag.py:3954} INFO - Setting next_dagrun for example_xcom to 2021-01-01 00:00:00+00:00, run_after=2021-01-01 00:00:00+00:00
[2024-05-16T12:29:52.885+0000] {processor.py:183} INFO - Processing /usr/local/python/3.10.13/lib/python3.10/site-packages/airflow/example_dags/example_xcom.py took 0.084 seconds
[2024-05-16T12:30:35.723+0000] {processor.py:161} INFO - Started process (PID=17811) to work on /usr/local/python/3.10.13/lib/python3.10/site-packages/airflow/example_dags/example_xcom.py
[2024-05-16T12:30:35.724+0000] {processor.py:830} INFO - Processing file /usr/local/python/3.10.13/lib/python3.10/site-packages/airflow/example_dags/example_xcom.py for tasks to queue
[2024-05-16T12:30:35.725+0000] {logging_mixin.py:188} INFO - [2024-05-16T12:30:35.725+0000] {dagbag.py:545} INFO - Filling up the DagBag from /usr/local/python/3.10.13/lib/python3.10/site-packages/airflow/example_dags/example_xcom.py
[2024-05-16T12:30:35.732+0000] {processor.py:840} INFO - DAG(s) 'example_xcom' retrieved from /usr/local/python/3.10.13/lib/python3.10/site-packages/airflow/example_dags/example_xcom.py
[2024-05-16T12:30:35.754+0000] {logging_mixin.py:188} INFO - [2024-05-16T12:30:35.754+0000] {dag.py:3096} INFO - Sync 1 DAGs
[2024-05-16T12:30:35.782+0000] {logging_mixin.py:188} INFO - [2024-05-16T12:30:35.782+0000] {dag.py:3954} INFO - Setting next_dagrun for example_xcom to 2021-01-01 00:00:00+00:00, run_after=2021-01-01 00:00:00+00:00
[2024-05-16T12:30:35.848+0000] {processor.py:183} INFO - Processing /usr/local/python/3.10.13/lib/python3.10/site-packages/airflow/example_dags/example_xcom.py took 0.129 seconds
[2024-05-16T12:31:20.231+0000] {processor.py:161} INFO - Started process (PID=18138) to work on /usr/local/python/3.10.13/lib/python3.10/site-packages/airflow/example_dags/example_xcom.py
[2024-05-16T12:31:20.232+0000] {processor.py:830} INFO - Processing file /usr/local/python/3.10.13/lib/python3.10/site-packages/airflow/example_dags/example_xcom.py for tasks to queue
[2024-05-16T12:31:20.233+0000] {logging_mixin.py:188} INFO - [2024-05-16T12:31:20.233+0000] {dagbag.py:545} INFO - Filling up the DagBag from /usr/local/python/3.10.13/lib/python3.10/site-packages/airflow/example_dags/example_xcom.py
[2024-05-16T12:31:20.239+0000] {processor.py:840} INFO - DAG(s) 'example_xcom' retrieved from /usr/local/python/3.10.13/lib/python3.10/site-packages/airflow/example_dags/example_xcom.py
[2024-05-16T12:31:20.251+0000] {logging_mixin.py:188} INFO - [2024-05-16T12:31:20.251+0000] {dag.py:3096} INFO - Sync 1 DAGs
[2024-05-16T12:31:20.265+0000] {logging_mixin.py:188} INFO - [2024-05-16T12:31:20.265+0000] {dag.py:3954} INFO - Setting next_dagrun for example_xcom to 2021-01-01 00:00:00+00:00, run_after=2021-01-01 00:00:00+00:00
[2024-05-16T12:31:20.310+0000] {processor.py:183} INFO - Processing /usr/local/python/3.10.13/lib/python3.10/site-packages/airflow/example_dags/example_xcom.py took 0.084 seconds
[2024-05-16T12:32:03.542+0000] {processor.py:161} INFO - Started process (PID=18455) to work on /usr/local/python/3.10.13/lib/python3.10/site-packages/airflow/example_dags/example_xcom.py
[2024-05-16T12:32:03.543+0000] {processor.py:830} INFO - Processing file /usr/local/python/3.10.13/lib/python3.10/site-packages/airflow/example_dags/example_xcom.py for tasks to queue
[2024-05-16T12:32:03.544+0000] {logging_mixin.py:188} INFO - [2024-05-16T12:32:03.544+0000] {dagbag.py:545} INFO - Filling up the DagBag from /usr/local/python/3.10.13/lib/python3.10/site-packages/airflow/example_dags/example_xcom.py
[2024-05-16T12:32:03.550+0000] {processor.py:840} INFO - DAG(s) 'example_xcom' retrieved from /usr/local/python/3.10.13/lib/python3.10/site-packages/airflow/example_dags/example_xcom.py
[2024-05-16T12:32:03.563+0000] {logging_mixin.py:188} INFO - [2024-05-16T12:32:03.563+0000] {dag.py:3096} INFO - Sync 1 DAGs
[2024-05-16T12:32:03.579+0000] {logging_mixin.py:188} INFO - [2024-05-16T12:32:03.578+0000] {dag.py:3954} INFO - Setting next_dagrun for example_xcom to 2021-01-01 00:00:00+00:00, run_after=2021-01-01 00:00:00+00:00
[2024-05-16T12:32:03.625+0000] {processor.py:183} INFO - Processing /usr/local/python/3.10.13/lib/python3.10/site-packages/airflow/example_dags/example_xcom.py took 0.087 seconds
[2024-05-16T12:32:42.883+0000] {processor.py:161} INFO - Started process (PID=18731) to work on /usr/local/python/3.10.13/lib/python3.10/site-packages/airflow/example_dags/example_xcom.py
[2024-05-16T12:32:42.884+0000] {processor.py:830} INFO - Processing file /usr/local/python/3.10.13/lib/python3.10/site-packages/airflow/example_dags/example_xcom.py for tasks to queue
[2024-05-16T12:32:42.885+0000] {logging_mixin.py:188} INFO - [2024-05-16T12:32:42.885+0000] {dagbag.py:545} INFO - Filling up the DagBag from /usr/local/python/3.10.13/lib/python3.10/site-packages/airflow/example_dags/example_xcom.py
[2024-05-16T12:32:42.891+0000] {processor.py:840} INFO - DAG(s) 'example_xcom' retrieved from /usr/local/python/3.10.13/lib/python3.10/site-packages/airflow/example_dags/example_xcom.py
[2024-05-16T12:32:42.904+0000] {logging_mixin.py:188} INFO - [2024-05-16T12:32:42.904+0000] {dag.py:3096} INFO - Sync 1 DAGs
[2024-05-16T12:32:42.919+0000] {logging_mixin.py:188} INFO - [2024-05-16T12:32:42.919+0000] {dag.py:3954} INFO - Setting next_dagrun for example_xcom to 2021-01-01 00:00:00+00:00, run_after=2021-01-01 00:00:00+00:00
[2024-05-16T12:32:42.965+0000] {processor.py:183} INFO - Processing /usr/local/python/3.10.13/lib/python3.10/site-packages/airflow/example_dags/example_xcom.py took 0.087 seconds
[2024-05-16T12:33:24.270+0000] {processor.py:161} INFO - Started process (PID=19040) to work on /usr/local/python/3.10.13/lib/python3.10/site-packages/airflow/example_dags/example_xcom.py
[2024-05-16T12:33:24.271+0000] {processor.py:830} INFO - Processing file /usr/local/python/3.10.13/lib/python3.10/site-packages/airflow/example_dags/example_xcom.py for tasks to queue
[2024-05-16T12:33:24.272+0000] {logging_mixin.py:188} INFO - [2024-05-16T12:33:24.272+0000] {dagbag.py:545} INFO - Filling up the DagBag from /usr/local/python/3.10.13/lib/python3.10/site-packages/airflow/example_dags/example_xcom.py
[2024-05-16T12:33:24.279+0000] {processor.py:840} INFO - DAG(s) 'example_xcom' retrieved from /usr/local/python/3.10.13/lib/python3.10/site-packages/airflow/example_dags/example_xcom.py
[2024-05-16T12:33:24.298+0000] {logging_mixin.py:188} INFO - [2024-05-16T12:33:24.298+0000] {dag.py:3096} INFO - Sync 1 DAGs
[2024-05-16T12:33:24.321+0000] {logging_mixin.py:188} INFO - [2024-05-16T12:33:24.321+0000] {dag.py:3954} INFO - Setting next_dagrun for example_xcom to 2021-01-01 00:00:00+00:00, run_after=2021-01-01 00:00:00+00:00
[2024-05-16T12:33:24.375+0000] {processor.py:183} INFO - Processing /usr/local/python/3.10.13/lib/python3.10/site-packages/airflow/example_dags/example_xcom.py took 0.110 seconds
[2024-05-16T12:34:07.162+0000] {processor.py:161} INFO - Started process (PID=19347) to work on /usr/local/python/3.10.13/lib/python3.10/site-packages/airflow/example_dags/example_xcom.py
[2024-05-16T12:34:07.163+0000] {processor.py:830} INFO - Processing file /usr/local/python/3.10.13/lib/python3.10/site-packages/airflow/example_dags/example_xcom.py for tasks to queue
[2024-05-16T12:34:07.164+0000] {logging_mixin.py:188} INFO - [2024-05-16T12:34:07.164+0000] {dagbag.py:545} INFO - Filling up the DagBag from /usr/local/python/3.10.13/lib/python3.10/site-packages/airflow/example_dags/example_xcom.py
[2024-05-16T12:34:07.171+0000] {processor.py:840} INFO - DAG(s) 'example_xcom' retrieved from /usr/local/python/3.10.13/lib/python3.10/site-packages/airflow/example_dags/example_xcom.py
[2024-05-16T12:34:07.183+0000] {logging_mixin.py:188} INFO - [2024-05-16T12:34:07.183+0000] {dag.py:3096} INFO - Sync 1 DAGs
[2024-05-16T12:34:07.197+0000] {logging_mixin.py:188} INFO - [2024-05-16T12:34:07.197+0000] {dag.py:3954} INFO - Setting next_dagrun for example_xcom to 2021-01-01 00:00:00+00:00, run_after=2021-01-01 00:00:00+00:00
[2024-05-16T12:34:07.242+0000] {processor.py:183} INFO - Processing /usr/local/python/3.10.13/lib/python3.10/site-packages/airflow/example_dags/example_xcom.py took 0.085 seconds
[2024-05-16T12:34:50.062+0000] {processor.py:161} INFO - Started process (PID=19659) to work on /usr/local/python/3.10.13/lib/python3.10/site-packages/airflow/example_dags/example_xcom.py
[2024-05-16T12:34:50.063+0000] {processor.py:830} INFO - Processing file /usr/local/python/3.10.13/lib/python3.10/site-packages/airflow/example_dags/example_xcom.py for tasks to queue
[2024-05-16T12:34:50.065+0000] {logging_mixin.py:188} INFO - [2024-05-16T12:34:50.064+0000] {dagbag.py:545} INFO - Filling up the DagBag from /usr/local/python/3.10.13/lib/python3.10/site-packages/airflow/example_dags/example_xcom.py
[2024-05-16T12:34:50.071+0000] {processor.py:840} INFO - DAG(s) 'example_xcom' retrieved from /usr/local/python/3.10.13/lib/python3.10/site-packages/airflow/example_dags/example_xcom.py
[2024-05-16T12:34:50.083+0000] {logging_mixin.py:188} INFO - [2024-05-16T12:34:50.083+0000] {dag.py:3096} INFO - Sync 1 DAGs
[2024-05-16T12:34:50.097+0000] {logging_mixin.py:188} INFO - [2024-05-16T12:34:50.097+0000] {dag.py:3954} INFO - Setting next_dagrun for example_xcom to 2021-01-01 00:00:00+00:00, run_after=2021-01-01 00:00:00+00:00
[2024-05-16T12:34:50.143+0000] {processor.py:183} INFO - Processing /usr/local/python/3.10.13/lib/python3.10/site-packages/airflow/example_dags/example_xcom.py took 0.086 seconds
[2024-05-16T12:35:32.847+0000] {processor.py:161} INFO - Started process (PID=19995) to work on /usr/local/python/3.10.13/lib/python3.10/site-packages/airflow/example_dags/example_xcom.py
[2024-05-16T12:35:32.847+0000] {processor.py:830} INFO - Processing file /usr/local/python/3.10.13/lib/python3.10/site-packages/airflow/example_dags/example_xcom.py for tasks to queue
[2024-05-16T12:35:32.849+0000] {logging_mixin.py:188} INFO - [2024-05-16T12:35:32.848+0000] {dagbag.py:545} INFO - Filling up the DagBag from /usr/local/python/3.10.13/lib/python3.10/site-packages/airflow/example_dags/example_xcom.py
[2024-05-16T12:35:32.855+0000] {processor.py:840} INFO - DAG(s) 'example_xcom' retrieved from /usr/local/python/3.10.13/lib/python3.10/site-packages/airflow/example_dags/example_xcom.py
[2024-05-16T12:35:32.867+0000] {logging_mixin.py:188} INFO - [2024-05-16T12:35:32.866+0000] {dag.py:3096} INFO - Sync 1 DAGs
[2024-05-16T12:35:32.882+0000] {logging_mixin.py:188} INFO - [2024-05-16T12:35:32.882+0000] {dag.py:3954} INFO - Setting next_dagrun for example_xcom to 2021-01-01 00:00:00+00:00, run_after=2021-01-01 00:00:00+00:00
[2024-05-16T12:35:32.945+0000] {processor.py:183} INFO - Processing /usr/local/python/3.10.13/lib/python3.10/site-packages/airflow/example_dags/example_xcom.py took 0.103 seconds
[2024-05-16T12:36:12.770+0000] {processor.py:161} INFO - Started process (PID=20292) to work on /usr/local/python/3.10.13/lib/python3.10/site-packages/airflow/example_dags/example_xcom.py
[2024-05-16T12:36:12.771+0000] {processor.py:830} INFO - Processing file /usr/local/python/3.10.13/lib/python3.10/site-packages/airflow/example_dags/example_xcom.py for tasks to queue
[2024-05-16T12:36:12.772+0000] {logging_mixin.py:188} INFO - [2024-05-16T12:36:12.772+0000] {dagbag.py:545} INFO - Filling up the DagBag from /usr/local/python/3.10.13/lib/python3.10/site-packages/airflow/example_dags/example_xcom.py
[2024-05-16T12:36:12.778+0000] {processor.py:840} INFO - DAG(s) 'example_xcom' retrieved from /usr/local/python/3.10.13/lib/python3.10/site-packages/airflow/example_dags/example_xcom.py
[2024-05-16T12:36:12.790+0000] {logging_mixin.py:188} INFO - [2024-05-16T12:36:12.790+0000] {dag.py:3096} INFO - Sync 1 DAGs
[2024-05-16T12:36:12.804+0000] {logging_mixin.py:188} INFO - [2024-05-16T12:36:12.804+0000] {dag.py:3954} INFO - Setting next_dagrun for example_xcom to 2021-01-01 00:00:00+00:00, run_after=2021-01-01 00:00:00+00:00
[2024-05-16T12:36:12.850+0000] {processor.py:183} INFO - Processing /usr/local/python/3.10.13/lib/python3.10/site-packages/airflow/example_dags/example_xcom.py took 0.085 seconds
[2024-05-16T12:36:53.251+0000] {processor.py:161} INFO - Started process (PID=20572) to work on /usr/local/python/3.10.13/lib/python3.10/site-packages/airflow/example_dags/example_xcom.py
[2024-05-16T12:36:53.252+0000] {processor.py:830} INFO - Processing file /usr/local/python/3.10.13/lib/python3.10/site-packages/airflow/example_dags/example_xcom.py for tasks to queue
[2024-05-16T12:36:53.254+0000] {logging_mixin.py:188} INFO - [2024-05-16T12:36:53.253+0000] {dagbag.py:545} INFO - Filling up the DagBag from /usr/local/python/3.10.13/lib/python3.10/site-packages/airflow/example_dags/example_xcom.py
[2024-05-16T12:36:53.262+0000] {processor.py:840} INFO - DAG(s) 'example_xcom' retrieved from /usr/local/python/3.10.13/lib/python3.10/site-packages/airflow/example_dags/example_xcom.py
[2024-05-16T12:36:53.307+0000] {logging_mixin.py:188} INFO - [2024-05-16T12:36:53.307+0000] {dag.py:3096} INFO - Sync 1 DAGs
[2024-05-16T12:36:53.327+0000] {logging_mixin.py:188} INFO - [2024-05-16T12:36:53.327+0000] {dag.py:3954} INFO - Setting next_dagrun for example_xcom to 2021-01-01 00:00:00+00:00, run_after=2021-01-01 00:00:00+00:00
[2024-05-16T12:36:53.380+0000] {processor.py:183} INFO - Processing /usr/local/python/3.10.13/lib/python3.10/site-packages/airflow/example_dags/example_xcom.py took 0.141 seconds
[2024-05-16T12:37:36.709+0000] {processor.py:161} INFO - Started process (PID=20883) to work on /usr/local/python/3.10.13/lib/python3.10/site-packages/airflow/example_dags/example_xcom.py
[2024-05-16T12:37:36.709+0000] {processor.py:830} INFO - Processing file /usr/local/python/3.10.13/lib/python3.10/site-packages/airflow/example_dags/example_xcom.py for tasks to queue
[2024-05-16T12:37:36.711+0000] {logging_mixin.py:188} INFO - [2024-05-16T12:37:36.710+0000] {dagbag.py:545} INFO - Filling up the DagBag from /usr/local/python/3.10.13/lib/python3.10/site-packages/airflow/example_dags/example_xcom.py
[2024-05-16T12:37:36.717+0000] {processor.py:840} INFO - DAG(s) 'example_xcom' retrieved from /usr/local/python/3.10.13/lib/python3.10/site-packages/airflow/example_dags/example_xcom.py
[2024-05-16T12:37:36.729+0000] {logging_mixin.py:188} INFO - [2024-05-16T12:37:36.729+0000] {dag.py:3096} INFO - Sync 1 DAGs
[2024-05-16T12:37:36.743+0000] {logging_mixin.py:188} INFO - [2024-05-16T12:37:36.743+0000] {dag.py:3954} INFO - Setting next_dagrun for example_xcom to 2021-01-01 00:00:00+00:00, run_after=2021-01-01 00:00:00+00:00
[2024-05-16T12:37:36.790+0000] {processor.py:183} INFO - Processing /usr/local/python/3.10.13/lib/python3.10/site-packages/airflow/example_dags/example_xcom.py took 0.086 seconds
[2024-05-16T12:38:16.242+0000] {processor.py:161} INFO - Started process (PID=21165) to work on /usr/local/python/3.10.13/lib/python3.10/site-packages/airflow/example_dags/example_xcom.py
[2024-05-16T12:38:16.242+0000] {processor.py:830} INFO - Processing file /usr/local/python/3.10.13/lib/python3.10/site-packages/airflow/example_dags/example_xcom.py for tasks to queue
[2024-05-16T12:38:16.244+0000] {logging_mixin.py:188} INFO - [2024-05-16T12:38:16.243+0000] {dagbag.py:545} INFO - Filling up the DagBag from /usr/local/python/3.10.13/lib/python3.10/site-packages/airflow/example_dags/example_xcom.py
[2024-05-16T12:38:16.250+0000] {processor.py:840} INFO - DAG(s) 'example_xcom' retrieved from /usr/local/python/3.10.13/lib/python3.10/site-packages/airflow/example_dags/example_xcom.py
[2024-05-16T12:38:16.262+0000] {logging_mixin.py:188} INFO - [2024-05-16T12:38:16.261+0000] {dag.py:3096} INFO - Sync 1 DAGs
[2024-05-16T12:38:16.276+0000] {logging_mixin.py:188} INFO - [2024-05-16T12:38:16.275+0000] {dag.py:3954} INFO - Setting next_dagrun for example_xcom to 2021-01-01 00:00:00+00:00, run_after=2021-01-01 00:00:00+00:00
[2024-05-16T12:38:16.323+0000] {processor.py:183} INFO - Processing /usr/local/python/3.10.13/lib/python3.10/site-packages/airflow/example_dags/example_xcom.py took 0.086 seconds
[2024-05-16T12:38:55.554+0000] {processor.py:161} INFO - Started process (PID=21426) to work on /usr/local/python/3.10.13/lib/python3.10/site-packages/airflow/example_dags/example_xcom.py
[2024-05-16T12:38:55.554+0000] {processor.py:830} INFO - Processing file /usr/local/python/3.10.13/lib/python3.10/site-packages/airflow/example_dags/example_xcom.py for tasks to queue
[2024-05-16T12:38:55.556+0000] {logging_mixin.py:188} INFO - [2024-05-16T12:38:55.555+0000] {dagbag.py:545} INFO - Filling up the DagBag from /usr/local/python/3.10.13/lib/python3.10/site-packages/airflow/example_dags/example_xcom.py
[2024-05-16T12:38:55.562+0000] {processor.py:840} INFO - DAG(s) 'example_xcom' retrieved from /usr/local/python/3.10.13/lib/python3.10/site-packages/airflow/example_dags/example_xcom.py
[2024-05-16T12:38:55.573+0000] {logging_mixin.py:188} INFO - [2024-05-16T12:38:55.573+0000] {dag.py:3096} INFO - Sync 1 DAGs
[2024-05-16T12:38:55.588+0000] {logging_mixin.py:188} INFO - [2024-05-16T12:38:55.588+0000] {dag.py:3954} INFO - Setting next_dagrun for example_xcom to 2021-01-01 00:00:00+00:00, run_after=2021-01-01 00:00:00+00:00
[2024-05-16T12:38:55.639+0000] {processor.py:183} INFO - Processing /usr/local/python/3.10.13/lib/python3.10/site-packages/airflow/example_dags/example_xcom.py took 0.092 seconds
[2024-05-16T12:39:39.303+0000] {processor.py:161} INFO - Started process (PID=21751) to work on /usr/local/python/3.10.13/lib/python3.10/site-packages/airflow/example_dags/example_xcom.py
[2024-05-16T12:39:39.304+0000] {processor.py:830} INFO - Processing file /usr/local/python/3.10.13/lib/python3.10/site-packages/airflow/example_dags/example_xcom.py for tasks to queue
[2024-05-16T12:39:39.306+0000] {logging_mixin.py:188} INFO - [2024-05-16T12:39:39.305+0000] {dagbag.py:545} INFO - Filling up the DagBag from /usr/local/python/3.10.13/lib/python3.10/site-packages/airflow/example_dags/example_xcom.py
[2024-05-16T12:39:39.312+0000] {processor.py:840} INFO - DAG(s) 'example_xcom' retrieved from /usr/local/python/3.10.13/lib/python3.10/site-packages/airflow/example_dags/example_xcom.py
[2024-05-16T12:39:39.324+0000] {logging_mixin.py:188} INFO - [2024-05-16T12:39:39.324+0000] {dag.py:3096} INFO - Sync 1 DAGs
[2024-05-16T12:39:39.338+0000] {logging_mixin.py:188} INFO - [2024-05-16T12:39:39.338+0000] {dag.py:3954} INFO - Setting next_dagrun for example_xcom to 2021-01-01 00:00:00+00:00, run_after=2021-01-01 00:00:00+00:00
[2024-05-16T12:39:39.382+0000] {processor.py:183} INFO - Processing /usr/local/python/3.10.13/lib/python3.10/site-packages/airflow/example_dags/example_xcom.py took 0.084 seconds
[2024-05-16T12:40:22.238+0000] {processor.py:161} INFO - Started process (PID=22062) to work on /usr/local/python/3.10.13/lib/python3.10/site-packages/airflow/example_dags/example_xcom.py
[2024-05-16T12:40:22.239+0000] {processor.py:830} INFO - Processing file /usr/local/python/3.10.13/lib/python3.10/site-packages/airflow/example_dags/example_xcom.py for tasks to queue
[2024-05-16T12:40:22.240+0000] {logging_mixin.py:188} INFO - [2024-05-16T12:40:22.240+0000] {dagbag.py:545} INFO - Filling up the DagBag from /usr/local/python/3.10.13/lib/python3.10/site-packages/airflow/example_dags/example_xcom.py
[2024-05-16T12:40:22.247+0000] {processor.py:840} INFO - DAG(s) 'example_xcom' retrieved from /usr/local/python/3.10.13/lib/python3.10/site-packages/airflow/example_dags/example_xcom.py
[2024-05-16T12:40:22.259+0000] {logging_mixin.py:188} INFO - [2024-05-16T12:40:22.259+0000] {dag.py:3096} INFO - Sync 1 DAGs
[2024-05-16T12:40:22.275+0000] {logging_mixin.py:188} INFO - [2024-05-16T12:40:22.275+0000] {dag.py:3954} INFO - Setting next_dagrun for example_xcom to 2021-01-01 00:00:00+00:00, run_after=2021-01-01 00:00:00+00:00
[2024-05-16T12:40:22.327+0000] {processor.py:183} INFO - Processing /usr/local/python/3.10.13/lib/python3.10/site-packages/airflow/example_dags/example_xcom.py took 0.093 seconds
[2024-05-16T12:41:03.739+0000] {processor.py:161} INFO - Started process (PID=22358) to work on /usr/local/python/3.10.13/lib/python3.10/site-packages/airflow/example_dags/example_xcom.py
[2024-05-16T12:41:03.740+0000] {processor.py:830} INFO - Processing file /usr/local/python/3.10.13/lib/python3.10/site-packages/airflow/example_dags/example_xcom.py for tasks to queue
[2024-05-16T12:41:03.741+0000] {logging_mixin.py:188} INFO - [2024-05-16T12:41:03.741+0000] {dagbag.py:545} INFO - Filling up the DagBag from /usr/local/python/3.10.13/lib/python3.10/site-packages/airflow/example_dags/example_xcom.py
[2024-05-16T12:41:03.747+0000] {processor.py:840} INFO - DAG(s) 'example_xcom' retrieved from /usr/local/python/3.10.13/lib/python3.10/site-packages/airflow/example_dags/example_xcom.py
[2024-05-16T12:41:03.759+0000] {logging_mixin.py:188} INFO - [2024-05-16T12:41:03.759+0000] {dag.py:3096} INFO - Sync 1 DAGs
[2024-05-16T12:41:03.773+0000] {logging_mixin.py:188} INFO - [2024-05-16T12:41:03.773+0000] {dag.py:3954} INFO - Setting next_dagrun for example_xcom to 2021-01-01 00:00:00+00:00, run_after=2021-01-01 00:00:00+00:00
[2024-05-16T12:41:03.821+0000] {processor.py:183} INFO - Processing /usr/local/python/3.10.13/lib/python3.10/site-packages/airflow/example_dags/example_xcom.py took 0.086 seconds
[2024-05-16T12:41:44.914+0000] {processor.py:161} INFO - Started process (PID=22650) to work on /usr/local/python/3.10.13/lib/python3.10/site-packages/airflow/example_dags/example_xcom.py
[2024-05-16T12:41:44.915+0000] {processor.py:830} INFO - Processing file /usr/local/python/3.10.13/lib/python3.10/site-packages/airflow/example_dags/example_xcom.py for tasks to queue
[2024-05-16T12:41:44.916+0000] {logging_mixin.py:188} INFO - [2024-05-16T12:41:44.916+0000] {dagbag.py:545} INFO - Filling up the DagBag from /usr/local/python/3.10.13/lib/python3.10/site-packages/airflow/example_dags/example_xcom.py
[2024-05-16T12:41:44.922+0000] {processor.py:840} INFO - DAG(s) 'example_xcom' retrieved from /usr/local/python/3.10.13/lib/python3.10/site-packages/airflow/example_dags/example_xcom.py
[2024-05-16T12:41:44.934+0000] {logging_mixin.py:188} INFO - [2024-05-16T12:41:44.934+0000] {dag.py:3096} INFO - Sync 1 DAGs
[2024-05-16T12:41:44.948+0000] {logging_mixin.py:188} INFO - [2024-05-16T12:41:44.948+0000] {dag.py:3954} INFO - Setting next_dagrun for example_xcom to 2021-01-01 00:00:00+00:00, run_after=2021-01-01 00:00:00+00:00
[2024-05-16T12:41:44.993+0000] {processor.py:183} INFO - Processing /usr/local/python/3.10.13/lib/python3.10/site-packages/airflow/example_dags/example_xcom.py took 0.085 seconds
[2024-05-16T12:42:29.631+0000] {processor.py:161} INFO - Started process (PID=22968) to work on /usr/local/python/3.10.13/lib/python3.10/site-packages/airflow/example_dags/example_xcom.py
[2024-05-16T12:42:29.632+0000] {processor.py:830} INFO - Processing file /usr/local/python/3.10.13/lib/python3.10/site-packages/airflow/example_dags/example_xcom.py for tasks to queue
[2024-05-16T12:42:29.633+0000] {logging_mixin.py:188} INFO - [2024-05-16T12:42:29.633+0000] {dagbag.py:545} INFO - Filling up the DagBag from /usr/local/python/3.10.13/lib/python3.10/site-packages/airflow/example_dags/example_xcom.py
[2024-05-16T12:42:29.639+0000] {processor.py:840} INFO - DAG(s) 'example_xcom' retrieved from /usr/local/python/3.10.13/lib/python3.10/site-packages/airflow/example_dags/example_xcom.py
[2024-05-16T12:42:29.657+0000] {logging_mixin.py:188} INFO - [2024-05-16T12:42:29.657+0000] {dag.py:3096} INFO - Sync 1 DAGs
[2024-05-16T12:42:29.679+0000] {logging_mixin.py:188} INFO - [2024-05-16T12:42:29.679+0000] {dag.py:3954} INFO - Setting next_dagrun for example_xcom to 2021-01-01 00:00:00+00:00, run_after=2021-01-01 00:00:00+00:00
[2024-05-16T12:42:29.741+0000] {processor.py:183} INFO - Processing /usr/local/python/3.10.13/lib/python3.10/site-packages/airflow/example_dags/example_xcom.py took 0.115 seconds
[2024-05-16T12:43:10.505+0000] {processor.py:161} INFO - Started process (PID=23269) to work on /usr/local/python/3.10.13/lib/python3.10/site-packages/airflow/example_dags/example_xcom.py
[2024-05-16T12:43:10.506+0000] {processor.py:830} INFO - Processing file /usr/local/python/3.10.13/lib/python3.10/site-packages/airflow/example_dags/example_xcom.py for tasks to queue
[2024-05-16T12:43:10.507+0000] {logging_mixin.py:188} INFO - [2024-05-16T12:43:10.507+0000] {dagbag.py:545} INFO - Filling up the DagBag from /usr/local/python/3.10.13/lib/python3.10/site-packages/airflow/example_dags/example_xcom.py
[2024-05-16T12:43:10.516+0000] {processor.py:840} INFO - DAG(s) 'example_xcom' retrieved from /usr/local/python/3.10.13/lib/python3.10/site-packages/airflow/example_dags/example_xcom.py
[2024-05-16T12:43:10.543+0000] {logging_mixin.py:188} INFO - [2024-05-16T12:43:10.542+0000] {dag.py:3096} INFO - Sync 1 DAGs
[2024-05-16T12:43:10.588+0000] {logging_mixin.py:188} INFO - [2024-05-16T12:43:10.588+0000] {dag.py:3954} INFO - Setting next_dagrun for example_xcom to 2021-01-01 00:00:00+00:00, run_after=2021-01-01 00:00:00+00:00
[2024-05-16T12:43:10.678+0000] {processor.py:183} INFO - Processing /usr/local/python/3.10.13/lib/python3.10/site-packages/airflow/example_dags/example_xcom.py took 0.177 seconds
[2024-05-16T12:43:52.724+0000] {processor.py:161} INFO - Started process (PID=23601) to work on /usr/local/python/3.10.13/lib/python3.10/site-packages/airflow/example_dags/example_xcom.py
[2024-05-16T12:43:52.725+0000] {processor.py:830} INFO - Processing file /usr/local/python/3.10.13/lib/python3.10/site-packages/airflow/example_dags/example_xcom.py for tasks to queue
[2024-05-16T12:43:52.727+0000] {logging_mixin.py:188} INFO - [2024-05-16T12:43:52.726+0000] {dagbag.py:545} INFO - Filling up the DagBag from /usr/local/python/3.10.13/lib/python3.10/site-packages/airflow/example_dags/example_xcom.py
[2024-05-16T12:43:52.735+0000] {processor.py:840} INFO - DAG(s) 'example_xcom' retrieved from /usr/local/python/3.10.13/lib/python3.10/site-packages/airflow/example_dags/example_xcom.py
[2024-05-16T12:43:52.754+0000] {logging_mixin.py:188} INFO - [2024-05-16T12:43:52.753+0000] {dag.py:3096} INFO - Sync 1 DAGs
[2024-05-16T12:43:52.776+0000] {logging_mixin.py:188} INFO - [2024-05-16T12:43:52.775+0000] {dag.py:3954} INFO - Setting next_dagrun for example_xcom to 2021-01-01 00:00:00+00:00, run_after=2021-01-01 00:00:00+00:00
[2024-05-16T12:43:52.836+0000] {processor.py:183} INFO - Processing /usr/local/python/3.10.13/lib/python3.10/site-packages/airflow/example_dags/example_xcom.py took 0.116 seconds
[2024-05-16T12:44:37.270+0000] {processor.py:161} INFO - Started process (PID=23906) to work on /usr/local/python/3.10.13/lib/python3.10/site-packages/airflow/example_dags/example_xcom.py
[2024-05-16T12:44:37.271+0000] {processor.py:830} INFO - Processing file /usr/local/python/3.10.13/lib/python3.10/site-packages/airflow/example_dags/example_xcom.py for tasks to queue
[2024-05-16T12:44:37.272+0000] {logging_mixin.py:188} INFO - [2024-05-16T12:44:37.272+0000] {dagbag.py:545} INFO - Filling up the DagBag from /usr/local/python/3.10.13/lib/python3.10/site-packages/airflow/example_dags/example_xcom.py
[2024-05-16T12:44:37.278+0000] {processor.py:840} INFO - DAG(s) 'example_xcom' retrieved from /usr/local/python/3.10.13/lib/python3.10/site-packages/airflow/example_dags/example_xcom.py
[2024-05-16T12:44:37.290+0000] {logging_mixin.py:188} INFO - [2024-05-16T12:44:37.290+0000] {dag.py:3096} INFO - Sync 1 DAGs
[2024-05-16T12:44:37.304+0000] {logging_mixin.py:188} INFO - [2024-05-16T12:44:37.304+0000] {dag.py:3954} INFO - Setting next_dagrun for example_xcom to 2021-01-01 00:00:00+00:00, run_after=2021-01-01 00:00:00+00:00
[2024-05-16T12:44:37.349+0000] {processor.py:183} INFO - Processing /usr/local/python/3.10.13/lib/python3.10/site-packages/airflow/example_dags/example_xcom.py took 0.083 seconds
[2024-05-16T12:45:20.123+0000] {processor.py:161} INFO - Started process (PID=24281) to work on /usr/local/python/3.10.13/lib/python3.10/site-packages/airflow/example_dags/example_xcom.py
[2024-05-16T12:45:20.124+0000] {processor.py:830} INFO - Processing file /usr/local/python/3.10.13/lib/python3.10/site-packages/airflow/example_dags/example_xcom.py for tasks to queue
[2024-05-16T12:45:20.125+0000] {logging_mixin.py:188} INFO - [2024-05-16T12:45:20.124+0000] {dagbag.py:545} INFO - Filling up the DagBag from /usr/local/python/3.10.13/lib/python3.10/site-packages/airflow/example_dags/example_xcom.py
[2024-05-16T12:45:20.133+0000] {processor.py:840} INFO - DAG(s) 'example_xcom' retrieved from /usr/local/python/3.10.13/lib/python3.10/site-packages/airflow/example_dags/example_xcom.py
[2024-05-16T12:45:20.145+0000] {logging_mixin.py:188} INFO - [2024-05-16T12:45:20.145+0000] {dag.py:3096} INFO - Sync 1 DAGs
[2024-05-16T12:45:20.162+0000] {logging_mixin.py:188} INFO - [2024-05-16T12:45:20.162+0000] {dag.py:3954} INFO - Setting next_dagrun for example_xcom to 2021-01-01 00:00:00+00:00, run_after=2021-01-01 00:00:00+00:00
[2024-05-16T12:45:20.208+0000] {processor.py:183} INFO - Processing /usr/local/python/3.10.13/lib/python3.10/site-packages/airflow/example_dags/example_xcom.py took 0.090 seconds
