[2024-05-16T12:06:30.287+0000] {processor.py:161} INFO - Started process (PID=7443) to work on /usr/local/python/3.10.13/lib/python3.10/site-packages/airflow/example_dags/example_sla_dag.py
[2024-05-16T12:06:30.287+0000] {processor.py:830} INFO - Processing file /usr/local/python/3.10.13/lib/python3.10/site-packages/airflow/example_dags/example_sla_dag.py for tasks to queue
[2024-05-16T12:06:30.289+0000] {logging_mixin.py:188} INFO - [2024-05-16T12:06:30.289+0000] {dagbag.py:545} INFO - Filling up the DagBag from /usr/local/python/3.10.13/lib/python3.10/site-packages/airflow/example_dags/example_sla_dag.py
[2024-05-16T12:06:30.297+0000] {processor.py:840} INFO - DAG(s) 'example_sla_dag' retrieved from /usr/local/python/3.10.13/lib/python3.10/site-packages/airflow/example_dags/example_sla_dag.py
[2024-05-16T12:06:30.449+0000] {logging_mixin.py:188} INFO - [2024-05-16T12:06:30.449+0000] {dag.py:3096} INFO - Sync 1 DAGs
[2024-05-16T12:06:30.472+0000] {logging_mixin.py:188} INFO - [2024-05-16T12:06:30.471+0000] {dag.py:3954} INFO - Setting next_dagrun for example_sla_dag to 2024-05-16 12:04:00+00:00, run_after=2024-05-16 12:06:00+00:00
[2024-05-16T12:06:30.519+0000] {processor.py:183} INFO - Processing /usr/local/python/3.10.13/lib/python3.10/site-packages/airflow/example_dags/example_sla_dag.py took 0.237 seconds
[2024-05-16T12:07:26.544+0000] {processor.py:161} INFO - Started process (PID=7814) to work on /usr/local/python/3.10.13/lib/python3.10/site-packages/airflow/example_dags/example_sla_dag.py
[2024-05-16T12:07:26.545+0000] {processor.py:830} INFO - Processing file /usr/local/python/3.10.13/lib/python3.10/site-packages/airflow/example_dags/example_sla_dag.py for tasks to queue
[2024-05-16T12:07:26.548+0000] {logging_mixin.py:188} INFO - [2024-05-16T12:07:26.547+0000] {dagbag.py:545} INFO - Filling up the DagBag from /usr/local/python/3.10.13/lib/python3.10/site-packages/airflow/example_dags/example_sla_dag.py
[2024-05-16T12:07:26.558+0000] {processor.py:840} INFO - DAG(s) 'example_sla_dag' retrieved from /usr/local/python/3.10.13/lib/python3.10/site-packages/airflow/example_dags/example_sla_dag.py
[2024-05-16T12:07:26.569+0000] {logging_mixin.py:188} INFO - [2024-05-16T12:07:26.569+0000] {dag.py:3096} INFO - Sync 1 DAGs
[2024-05-16T12:07:26.586+0000] {logging_mixin.py:188} INFO - [2024-05-16T12:07:26.586+0000] {dag.py:3954} INFO - Setting next_dagrun for example_sla_dag to 2024-05-16 12:04:00+00:00, run_after=2024-05-16 12:06:00+00:00
[2024-05-16T12:07:26.632+0000] {processor.py:183} INFO - Processing /usr/local/python/3.10.13/lib/python3.10/site-packages/airflow/example_dags/example_sla_dag.py took 0.093 seconds
[2024-05-16T12:08:17.175+0000] {processor.py:161} INFO - Started process (PID=8162) to work on /usr/local/python/3.10.13/lib/python3.10/site-packages/airflow/example_dags/example_sla_dag.py
[2024-05-16T12:08:17.176+0000] {processor.py:830} INFO - Processing file /usr/local/python/3.10.13/lib/python3.10/site-packages/airflow/example_dags/example_sla_dag.py for tasks to queue
[2024-05-16T12:08:17.178+0000] {logging_mixin.py:188} INFO - [2024-05-16T12:08:17.177+0000] {dagbag.py:545} INFO - Filling up the DagBag from /usr/local/python/3.10.13/lib/python3.10/site-packages/airflow/example_dags/example_sla_dag.py
[2024-05-16T12:08:17.185+0000] {processor.py:840} INFO - DAG(s) 'example_sla_dag' retrieved from /usr/local/python/3.10.13/lib/python3.10/site-packages/airflow/example_dags/example_sla_dag.py
[2024-05-16T12:08:17.196+0000] {logging_mixin.py:188} INFO - [2024-05-16T12:08:17.196+0000] {dag.py:3096} INFO - Sync 1 DAGs
[2024-05-16T12:08:17.213+0000] {logging_mixin.py:188} INFO - [2024-05-16T12:08:17.212+0000] {dag.py:3954} INFO - Setting next_dagrun for example_sla_dag to 2024-05-16 12:06:00+00:00, run_after=2024-05-16 12:08:00+00:00
[2024-05-16T12:08:17.260+0000] {processor.py:183} INFO - Processing /usr/local/python/3.10.13/lib/python3.10/site-packages/airflow/example_dags/example_sla_dag.py took 0.092 seconds
[2024-05-16T12:09:05.542+0000] {processor.py:161} INFO - Started process (PID=8524) to work on /usr/local/python/3.10.13/lib/python3.10/site-packages/airflow/example_dags/example_sla_dag.py
[2024-05-16T12:09:05.542+0000] {processor.py:830} INFO - Processing file /usr/local/python/3.10.13/lib/python3.10/site-packages/airflow/example_dags/example_sla_dag.py for tasks to queue
[2024-05-16T12:09:05.544+0000] {logging_mixin.py:188} INFO - [2024-05-16T12:09:05.543+0000] {dagbag.py:545} INFO - Filling up the DagBag from /usr/local/python/3.10.13/lib/python3.10/site-packages/airflow/example_dags/example_sla_dag.py
[2024-05-16T12:09:05.550+0000] {processor.py:840} INFO - DAG(s) 'example_sla_dag' retrieved from /usr/local/python/3.10.13/lib/python3.10/site-packages/airflow/example_dags/example_sla_dag.py
[2024-05-16T12:09:05.561+0000] {logging_mixin.py:188} INFO - [2024-05-16T12:09:05.561+0000] {dag.py:3096} INFO - Sync 1 DAGs
[2024-05-16T12:09:05.578+0000] {logging_mixin.py:188} INFO - [2024-05-16T12:09:05.578+0000] {dag.py:3954} INFO - Setting next_dagrun for example_sla_dag to 2024-05-16 12:06:00+00:00, run_after=2024-05-16 12:08:00+00:00
[2024-05-16T12:09:05.625+0000] {processor.py:183} INFO - Processing /usr/local/python/3.10.13/lib/python3.10/site-packages/airflow/example_dags/example_sla_dag.py took 0.088 seconds
[2024-05-16T12:09:50.800+0000] {processor.py:161} INFO - Started process (PID=8840) to work on /usr/local/python/3.10.13/lib/python3.10/site-packages/airflow/example_dags/example_sla_dag.py
[2024-05-16T12:09:50.801+0000] {processor.py:830} INFO - Processing file /usr/local/python/3.10.13/lib/python3.10/site-packages/airflow/example_dags/example_sla_dag.py for tasks to queue
[2024-05-16T12:09:50.803+0000] {logging_mixin.py:188} INFO - [2024-05-16T12:09:50.803+0000] {dagbag.py:545} INFO - Filling up the DagBag from /usr/local/python/3.10.13/lib/python3.10/site-packages/airflow/example_dags/example_sla_dag.py
[2024-05-16T12:09:50.810+0000] {processor.py:840} INFO - DAG(s) 'example_sla_dag' retrieved from /usr/local/python/3.10.13/lib/python3.10/site-packages/airflow/example_dags/example_sla_dag.py
[2024-05-16T12:09:50.821+0000] {logging_mixin.py:188} INFO - [2024-05-16T12:09:50.821+0000] {dag.py:3096} INFO - Sync 1 DAGs
[2024-05-16T12:09:50.838+0000] {logging_mixin.py:188} INFO - [2024-05-16T12:09:50.838+0000] {dag.py:3954} INFO - Setting next_dagrun for example_sla_dag to 2024-05-16 12:06:00+00:00, run_after=2024-05-16 12:08:00+00:00
[2024-05-16T12:09:50.882+0000] {processor.py:183} INFO - Processing /usr/local/python/3.10.13/lib/python3.10/site-packages/airflow/example_dags/example_sla_dag.py took 0.087 seconds
[2024-05-16T12:10:34.456+0000] {processor.py:161} INFO - Started process (PID=9153) to work on /usr/local/python/3.10.13/lib/python3.10/site-packages/airflow/example_dags/example_sla_dag.py
[2024-05-16T12:10:34.457+0000] {processor.py:830} INFO - Processing file /usr/local/python/3.10.13/lib/python3.10/site-packages/airflow/example_dags/example_sla_dag.py for tasks to queue
[2024-05-16T12:10:34.459+0000] {logging_mixin.py:188} INFO - [2024-05-16T12:10:34.458+0000] {dagbag.py:545} INFO - Filling up the DagBag from /usr/local/python/3.10.13/lib/python3.10/site-packages/airflow/example_dags/example_sla_dag.py
[2024-05-16T12:10:34.465+0000] {processor.py:840} INFO - DAG(s) 'example_sla_dag' retrieved from /usr/local/python/3.10.13/lib/python3.10/site-packages/airflow/example_dags/example_sla_dag.py
[2024-05-16T12:10:34.476+0000] {logging_mixin.py:188} INFO - [2024-05-16T12:10:34.476+0000] {dag.py:3096} INFO - Sync 1 DAGs
[2024-05-16T12:10:34.493+0000] {logging_mixin.py:188} INFO - [2024-05-16T12:10:34.493+0000] {dag.py:3954} INFO - Setting next_dagrun for example_sla_dag to 2024-05-16 12:08:00+00:00, run_after=2024-05-16 12:10:00+00:00
[2024-05-16T12:10:34.541+0000] {processor.py:183} INFO - Processing /usr/local/python/3.10.13/lib/python3.10/site-packages/airflow/example_dags/example_sla_dag.py took 0.090 seconds
[2024-05-16T12:11:17.086+0000] {processor.py:161} INFO - Started process (PID=9448) to work on /usr/local/python/3.10.13/lib/python3.10/site-packages/airflow/example_dags/example_sla_dag.py
[2024-05-16T12:11:17.087+0000] {processor.py:830} INFO - Processing file /usr/local/python/3.10.13/lib/python3.10/site-packages/airflow/example_dags/example_sla_dag.py for tasks to queue
[2024-05-16T12:11:17.088+0000] {logging_mixin.py:188} INFO - [2024-05-16T12:11:17.088+0000] {dagbag.py:545} INFO - Filling up the DagBag from /usr/local/python/3.10.13/lib/python3.10/site-packages/airflow/example_dags/example_sla_dag.py
[2024-05-16T12:11:17.095+0000] {processor.py:840} INFO - DAG(s) 'example_sla_dag' retrieved from /usr/local/python/3.10.13/lib/python3.10/site-packages/airflow/example_dags/example_sla_dag.py
[2024-05-16T12:11:17.106+0000] {logging_mixin.py:188} INFO - [2024-05-16T12:11:17.106+0000] {dag.py:3096} INFO - Sync 1 DAGs
[2024-05-16T12:11:17.123+0000] {logging_mixin.py:188} INFO - [2024-05-16T12:11:17.123+0000] {dag.py:3954} INFO - Setting next_dagrun for example_sla_dag to 2024-05-16 12:08:00+00:00, run_after=2024-05-16 12:10:00+00:00
[2024-05-16T12:11:17.170+0000] {processor.py:183} INFO - Processing /usr/local/python/3.10.13/lib/python3.10/site-packages/airflow/example_dags/example_sla_dag.py took 0.089 seconds
[2024-05-16T12:12:17.288+0000] {processor.py:161} INFO - Started process (PID=9866) to work on /usr/local/python/3.10.13/lib/python3.10/site-packages/airflow/example_dags/example_sla_dag.py
[2024-05-16T12:12:17.289+0000] {processor.py:830} INFO - Processing file /usr/local/python/3.10.13/lib/python3.10/site-packages/airflow/example_dags/example_sla_dag.py for tasks to queue
[2024-05-16T12:12:17.290+0000] {logging_mixin.py:188} INFO - [2024-05-16T12:12:17.290+0000] {dagbag.py:545} INFO - Filling up the DagBag from /usr/local/python/3.10.13/lib/python3.10/site-packages/airflow/example_dags/example_sla_dag.py
[2024-05-16T12:12:17.297+0000] {processor.py:840} INFO - DAG(s) 'example_sla_dag' retrieved from /usr/local/python/3.10.13/lib/python3.10/site-packages/airflow/example_dags/example_sla_dag.py
[2024-05-16T12:12:17.308+0000] {logging_mixin.py:188} INFO - [2024-05-16T12:12:17.308+0000] {dag.py:3096} INFO - Sync 1 DAGs
[2024-05-16T12:12:17.325+0000] {logging_mixin.py:188} INFO - [2024-05-16T12:12:17.325+0000] {dag.py:3954} INFO - Setting next_dagrun for example_sla_dag to 2024-05-16 12:10:00+00:00, run_after=2024-05-16 12:12:00+00:00
[2024-05-16T12:12:17.371+0000] {processor.py:183} INFO - Processing /usr/local/python/3.10.13/lib/python3.10/site-packages/airflow/example_dags/example_sla_dag.py took 0.087 seconds
[2024-05-16T12:13:00.299+0000] {processor.py:161} INFO - Started process (PID=10161) to work on /usr/local/python/3.10.13/lib/python3.10/site-packages/airflow/example_dags/example_sla_dag.py
[2024-05-16T12:13:00.300+0000] {processor.py:830} INFO - Processing file /usr/local/python/3.10.13/lib/python3.10/site-packages/airflow/example_dags/example_sla_dag.py for tasks to queue
[2024-05-16T12:13:00.301+0000] {logging_mixin.py:188} INFO - [2024-05-16T12:13:00.301+0000] {dagbag.py:545} INFO - Filling up the DagBag from /usr/local/python/3.10.13/lib/python3.10/site-packages/airflow/example_dags/example_sla_dag.py
[2024-05-16T12:13:00.308+0000] {processor.py:840} INFO - DAG(s) 'example_sla_dag' retrieved from /usr/local/python/3.10.13/lib/python3.10/site-packages/airflow/example_dags/example_sla_dag.py
[2024-05-16T12:13:00.320+0000] {logging_mixin.py:188} INFO - [2024-05-16T12:13:00.320+0000] {dag.py:3096} INFO - Sync 1 DAGs
[2024-05-16T12:13:00.337+0000] {logging_mixin.py:188} INFO - [2024-05-16T12:13:00.337+0000] {dag.py:3954} INFO - Setting next_dagrun for example_sla_dag to 2024-05-16 12:10:00+00:00, run_after=2024-05-16 12:12:00+00:00
[2024-05-16T12:13:00.385+0000] {processor.py:183} INFO - Processing /usr/local/python/3.10.13/lib/python3.10/site-packages/airflow/example_dags/example_sla_dag.py took 0.090 seconds
[2024-05-16T12:13:42.066+0000] {processor.py:161} INFO - Started process (PID=10447) to work on /usr/local/python/3.10.13/lib/python3.10/site-packages/airflow/example_dags/example_sla_dag.py
[2024-05-16T12:13:42.067+0000] {processor.py:830} INFO - Processing file /usr/local/python/3.10.13/lib/python3.10/site-packages/airflow/example_dags/example_sla_dag.py for tasks to queue
[2024-05-16T12:13:42.068+0000] {logging_mixin.py:188} INFO - [2024-05-16T12:13:42.068+0000] {dagbag.py:545} INFO - Filling up the DagBag from /usr/local/python/3.10.13/lib/python3.10/site-packages/airflow/example_dags/example_sla_dag.py
[2024-05-16T12:13:42.075+0000] {processor.py:840} INFO - DAG(s) 'example_sla_dag' retrieved from /usr/local/python/3.10.13/lib/python3.10/site-packages/airflow/example_dags/example_sla_dag.py
[2024-05-16T12:13:42.085+0000] {logging_mixin.py:188} INFO - [2024-05-16T12:13:42.085+0000] {dag.py:3096} INFO - Sync 1 DAGs
[2024-05-16T12:13:42.102+0000] {logging_mixin.py:188} INFO - [2024-05-16T12:13:42.101+0000] {dag.py:3954} INFO - Setting next_dagrun for example_sla_dag to 2024-05-16 12:10:00+00:00, run_after=2024-05-16 12:12:00+00:00
[2024-05-16T12:13:42.147+0000] {processor.py:183} INFO - Processing /usr/local/python/3.10.13/lib/python3.10/site-packages/airflow/example_dags/example_sla_dag.py took 0.086 seconds
[2024-05-16T12:14:24.529+0000] {processor.py:161} INFO - Started process (PID=10740) to work on /usr/local/python/3.10.13/lib/python3.10/site-packages/airflow/example_dags/example_sla_dag.py
[2024-05-16T12:14:24.530+0000] {processor.py:830} INFO - Processing file /usr/local/python/3.10.13/lib/python3.10/site-packages/airflow/example_dags/example_sla_dag.py for tasks to queue
[2024-05-16T12:14:24.531+0000] {logging_mixin.py:188} INFO - [2024-05-16T12:14:24.531+0000] {dagbag.py:545} INFO - Filling up the DagBag from /usr/local/python/3.10.13/lib/python3.10/site-packages/airflow/example_dags/example_sla_dag.py
[2024-05-16T12:14:24.538+0000] {processor.py:840} INFO - DAG(s) 'example_sla_dag' retrieved from /usr/local/python/3.10.13/lib/python3.10/site-packages/airflow/example_dags/example_sla_dag.py
[2024-05-16T12:14:24.548+0000] {logging_mixin.py:188} INFO - [2024-05-16T12:14:24.548+0000] {dag.py:3096} INFO - Sync 1 DAGs
[2024-05-16T12:14:24.566+0000] {logging_mixin.py:188} INFO - [2024-05-16T12:14:24.566+0000] {dag.py:3954} INFO - Setting next_dagrun for example_sla_dag to 2024-05-16 12:12:00+00:00, run_after=2024-05-16 12:14:00+00:00
[2024-05-16T12:14:24.612+0000] {processor.py:183} INFO - Processing /usr/local/python/3.10.13/lib/python3.10/site-packages/airflow/example_dags/example_sla_dag.py took 0.088 seconds
[2024-05-16T12:15:07.366+0000] {processor.py:161} INFO - Started process (PID=11034) to work on /usr/local/python/3.10.13/lib/python3.10/site-packages/airflow/example_dags/example_sla_dag.py
[2024-05-16T12:15:07.366+0000] {processor.py:830} INFO - Processing file /usr/local/python/3.10.13/lib/python3.10/site-packages/airflow/example_dags/example_sla_dag.py for tasks to queue
[2024-05-16T12:15:07.368+0000] {logging_mixin.py:188} INFO - [2024-05-16T12:15:07.367+0000] {dagbag.py:545} INFO - Filling up the DagBag from /usr/local/python/3.10.13/lib/python3.10/site-packages/airflow/example_dags/example_sla_dag.py
[2024-05-16T12:15:07.375+0000] {processor.py:840} INFO - DAG(s) 'example_sla_dag' retrieved from /usr/local/python/3.10.13/lib/python3.10/site-packages/airflow/example_dags/example_sla_dag.py
[2024-05-16T12:15:07.385+0000] {logging_mixin.py:188} INFO - [2024-05-16T12:15:07.385+0000] {dag.py:3096} INFO - Sync 1 DAGs
[2024-05-16T12:15:07.402+0000] {logging_mixin.py:188} INFO - [2024-05-16T12:15:07.402+0000] {dag.py:3954} INFO - Setting next_dagrun for example_sla_dag to 2024-05-16 12:12:00+00:00, run_after=2024-05-16 12:14:00+00:00
[2024-05-16T12:15:07.448+0000] {processor.py:183} INFO - Processing /usr/local/python/3.10.13/lib/python3.10/site-packages/airflow/example_dags/example_sla_dag.py took 0.088 seconds
[2024-05-16T12:15:50.019+0000] {processor.py:161} INFO - Started process (PID=11349) to work on /usr/local/python/3.10.13/lib/python3.10/site-packages/airflow/example_dags/example_sla_dag.py
[2024-05-16T12:15:50.020+0000] {processor.py:830} INFO - Processing file /usr/local/python/3.10.13/lib/python3.10/site-packages/airflow/example_dags/example_sla_dag.py for tasks to queue
[2024-05-16T12:15:50.022+0000] {logging_mixin.py:188} INFO - [2024-05-16T12:15:50.022+0000] {dagbag.py:545} INFO - Filling up the DagBag from /usr/local/python/3.10.13/lib/python3.10/site-packages/airflow/example_dags/example_sla_dag.py
[2024-05-16T12:15:50.033+0000] {processor.py:840} INFO - DAG(s) 'example_sla_dag' retrieved from /usr/local/python/3.10.13/lib/python3.10/site-packages/airflow/example_dags/example_sla_dag.py
[2024-05-16T12:15:50.050+0000] {logging_mixin.py:188} INFO - [2024-05-16T12:15:50.050+0000] {dag.py:3096} INFO - Sync 1 DAGs
[2024-05-16T12:15:50.078+0000] {logging_mixin.py:188} INFO - [2024-05-16T12:15:50.078+0000] {dag.py:3954} INFO - Setting next_dagrun for example_sla_dag to 2024-05-16 12:12:00+00:00, run_after=2024-05-16 12:14:00+00:00
[2024-05-16T12:15:50.125+0000] {processor.py:183} INFO - Processing /usr/local/python/3.10.13/lib/python3.10/site-packages/airflow/example_dags/example_sla_dag.py took 0.113 seconds
[2024-05-16T12:16:33.551+0000] {processor.py:161} INFO - Started process (PID=11668) to work on /usr/local/python/3.10.13/lib/python3.10/site-packages/airflow/example_dags/example_sla_dag.py
[2024-05-16T12:16:33.552+0000] {processor.py:830} INFO - Processing file /usr/local/python/3.10.13/lib/python3.10/site-packages/airflow/example_dags/example_sla_dag.py for tasks to queue
[2024-05-16T12:16:33.554+0000] {logging_mixin.py:188} INFO - [2024-05-16T12:16:33.553+0000] {dagbag.py:545} INFO - Filling up the DagBag from /usr/local/python/3.10.13/lib/python3.10/site-packages/airflow/example_dags/example_sla_dag.py
[2024-05-16T12:16:33.561+0000] {processor.py:840} INFO - DAG(s) 'example_sla_dag' retrieved from /usr/local/python/3.10.13/lib/python3.10/site-packages/airflow/example_dags/example_sla_dag.py
[2024-05-16T12:16:33.576+0000] {logging_mixin.py:188} INFO - [2024-05-16T12:16:33.575+0000] {dag.py:3096} INFO - Sync 1 DAGs
[2024-05-16T12:16:33.595+0000] {logging_mixin.py:188} INFO - [2024-05-16T12:16:33.595+0000] {dag.py:3954} INFO - Setting next_dagrun for example_sla_dag to 2024-05-16 12:14:00+00:00, run_after=2024-05-16 12:16:00+00:00
[2024-05-16T12:16:33.640+0000] {processor.py:183} INFO - Processing /usr/local/python/3.10.13/lib/python3.10/site-packages/airflow/example_dags/example_sla_dag.py took 0.099 seconds
[2024-05-16T12:17:16.999+0000] {processor.py:161} INFO - Started process (PID=11988) to work on /usr/local/python/3.10.13/lib/python3.10/site-packages/airflow/example_dags/example_sla_dag.py
[2024-05-16T12:17:17.000+0000] {processor.py:830} INFO - Processing file /usr/local/python/3.10.13/lib/python3.10/site-packages/airflow/example_dags/example_sla_dag.py for tasks to queue
[2024-05-16T12:17:17.002+0000] {logging_mixin.py:188} INFO - [2024-05-16T12:17:17.001+0000] {dagbag.py:545} INFO - Filling up the DagBag from /usr/local/python/3.10.13/lib/python3.10/site-packages/airflow/example_dags/example_sla_dag.py
[2024-05-16T12:17:17.009+0000] {processor.py:840} INFO - DAG(s) 'example_sla_dag' retrieved from /usr/local/python/3.10.13/lib/python3.10/site-packages/airflow/example_dags/example_sla_dag.py
[2024-05-16T12:17:17.019+0000] {logging_mixin.py:188} INFO - [2024-05-16T12:17:17.019+0000] {dag.py:3096} INFO - Sync 1 DAGs
[2024-05-16T12:17:17.036+0000] {logging_mixin.py:188} INFO - [2024-05-16T12:17:17.036+0000] {dag.py:3954} INFO - Setting next_dagrun for example_sla_dag to 2024-05-16 12:14:00+00:00, run_after=2024-05-16 12:16:00+00:00
[2024-05-16T12:17:17.098+0000] {processor.py:183} INFO - Processing /usr/local/python/3.10.13/lib/python3.10/site-packages/airflow/example_dags/example_sla_dag.py took 0.103 seconds
[2024-05-16T12:17:58.453+0000] {processor.py:161} INFO - Started process (PID=12276) to work on /usr/local/python/3.10.13/lib/python3.10/site-packages/airflow/example_dags/example_sla_dag.py
[2024-05-16T12:17:58.454+0000] {processor.py:830} INFO - Processing file /usr/local/python/3.10.13/lib/python3.10/site-packages/airflow/example_dags/example_sla_dag.py for tasks to queue
[2024-05-16T12:17:58.455+0000] {logging_mixin.py:188} INFO - [2024-05-16T12:17:58.455+0000] {dagbag.py:545} INFO - Filling up the DagBag from /usr/local/python/3.10.13/lib/python3.10/site-packages/airflow/example_dags/example_sla_dag.py
[2024-05-16T12:17:58.465+0000] {processor.py:840} INFO - DAG(s) 'example_sla_dag' retrieved from /usr/local/python/3.10.13/lib/python3.10/site-packages/airflow/example_dags/example_sla_dag.py
[2024-05-16T12:17:58.480+0000] {logging_mixin.py:188} INFO - [2024-05-16T12:17:58.480+0000] {dag.py:3096} INFO - Sync 1 DAGs
[2024-05-16T12:17:58.498+0000] {logging_mixin.py:188} INFO - [2024-05-16T12:17:58.498+0000] {dag.py:3954} INFO - Setting next_dagrun for example_sla_dag to 2024-05-16 12:14:00+00:00, run_after=2024-05-16 12:16:00+00:00
[2024-05-16T12:17:58.544+0000] {processor.py:183} INFO - Processing /usr/local/python/3.10.13/lib/python3.10/site-packages/airflow/example_dags/example_sla_dag.py took 0.095 seconds
[2024-05-16T12:18:59.728+0000] {processor.py:161} INFO - Started process (PID=12710) to work on /usr/local/python/3.10.13/lib/python3.10/site-packages/airflow/example_dags/example_sla_dag.py
[2024-05-16T12:18:59.729+0000] {processor.py:830} INFO - Processing file /usr/local/python/3.10.13/lib/python3.10/site-packages/airflow/example_dags/example_sla_dag.py for tasks to queue
[2024-05-16T12:18:59.730+0000] {logging_mixin.py:188} INFO - [2024-05-16T12:18:59.730+0000] {dagbag.py:545} INFO - Filling up the DagBag from /usr/local/python/3.10.13/lib/python3.10/site-packages/airflow/example_dags/example_sla_dag.py
[2024-05-16T12:18:59.737+0000] {processor.py:840} INFO - DAG(s) 'example_sla_dag' retrieved from /usr/local/python/3.10.13/lib/python3.10/site-packages/airflow/example_dags/example_sla_dag.py
[2024-05-16T12:18:59.748+0000] {logging_mixin.py:188} INFO - [2024-05-16T12:18:59.748+0000] {dag.py:3096} INFO - Sync 1 DAGs
[2024-05-16T12:18:59.765+0000] {logging_mixin.py:188} INFO - [2024-05-16T12:18:59.765+0000] {dag.py:3954} INFO - Setting next_dagrun for example_sla_dag to 2024-05-16 12:16:00+00:00, run_after=2024-05-16 12:18:00+00:00
[2024-05-16T12:18:59.815+0000] {processor.py:183} INFO - Processing /usr/local/python/3.10.13/lib/python3.10/site-packages/airflow/example_dags/example_sla_dag.py took 0.091 seconds
[2024-05-16T12:19:43.181+0000] {processor.py:161} INFO - Started process (PID=13016) to work on /usr/local/python/3.10.13/lib/python3.10/site-packages/airflow/example_dags/example_sla_dag.py
[2024-05-16T12:19:43.182+0000] {processor.py:830} INFO - Processing file /usr/local/python/3.10.13/lib/python3.10/site-packages/airflow/example_dags/example_sla_dag.py for tasks to queue
[2024-05-16T12:19:43.183+0000] {logging_mixin.py:188} INFO - [2024-05-16T12:19:43.183+0000] {dagbag.py:545} INFO - Filling up the DagBag from /usr/local/python/3.10.13/lib/python3.10/site-packages/airflow/example_dags/example_sla_dag.py
[2024-05-16T12:19:43.190+0000] {processor.py:840} INFO - DAG(s) 'example_sla_dag' retrieved from /usr/local/python/3.10.13/lib/python3.10/site-packages/airflow/example_dags/example_sla_dag.py
[2024-05-16T12:19:43.201+0000] {logging_mixin.py:188} INFO - [2024-05-16T12:19:43.200+0000] {dag.py:3096} INFO - Sync 1 DAGs
[2024-05-16T12:19:43.218+0000] {logging_mixin.py:188} INFO - [2024-05-16T12:19:43.218+0000] {dag.py:3954} INFO - Setting next_dagrun for example_sla_dag to 2024-05-16 12:16:00+00:00, run_after=2024-05-16 12:18:00+00:00
[2024-05-16T12:19:43.267+0000] {processor.py:183} INFO - Processing /usr/local/python/3.10.13/lib/python3.10/site-packages/airflow/example_dags/example_sla_dag.py took 0.090 seconds
[2024-05-16T12:20:45.220+0000] {processor.py:161} INFO - Started process (PID=13482) to work on /usr/local/python/3.10.13/lib/python3.10/site-packages/airflow/example_dags/example_sla_dag.py
[2024-05-16T12:20:45.221+0000] {processor.py:830} INFO - Processing file /usr/local/python/3.10.13/lib/python3.10/site-packages/airflow/example_dags/example_sla_dag.py for tasks to queue
[2024-05-16T12:20:45.223+0000] {logging_mixin.py:188} INFO - [2024-05-16T12:20:45.222+0000] {dagbag.py:545} INFO - Filling up the DagBag from /usr/local/python/3.10.13/lib/python3.10/site-packages/airflow/example_dags/example_sla_dag.py
[2024-05-16T12:20:45.230+0000] {processor.py:840} INFO - DAG(s) 'example_sla_dag' retrieved from /usr/local/python/3.10.13/lib/python3.10/site-packages/airflow/example_dags/example_sla_dag.py
[2024-05-16T12:20:45.240+0000] {logging_mixin.py:188} INFO - [2024-05-16T12:20:45.240+0000] {dag.py:3096} INFO - Sync 1 DAGs
[2024-05-16T12:20:45.257+0000] {logging_mixin.py:188} INFO - [2024-05-16T12:20:45.257+0000] {dag.py:3954} INFO - Setting next_dagrun for example_sla_dag to 2024-05-16 12:18:00+00:00, run_after=2024-05-16 12:20:00+00:00
[2024-05-16T12:20:45.304+0000] {processor.py:183} INFO - Processing /usr/local/python/3.10.13/lib/python3.10/site-packages/airflow/example_dags/example_sla_dag.py took 0.088 seconds
[2024-05-16T12:21:28.228+0000] {processor.py:161} INFO - Started process (PID=13777) to work on /usr/local/python/3.10.13/lib/python3.10/site-packages/airflow/example_dags/example_sla_dag.py
[2024-05-16T12:21:28.230+0000] {processor.py:830} INFO - Processing file /usr/local/python/3.10.13/lib/python3.10/site-packages/airflow/example_dags/example_sla_dag.py for tasks to queue
[2024-05-16T12:21:28.232+0000] {logging_mixin.py:188} INFO - [2024-05-16T12:21:28.232+0000] {dagbag.py:545} INFO - Filling up the DagBag from /usr/local/python/3.10.13/lib/python3.10/site-packages/airflow/example_dags/example_sla_dag.py
[2024-05-16T12:21:28.244+0000] {processor.py:840} INFO - DAG(s) 'example_sla_dag' retrieved from /usr/local/python/3.10.13/lib/python3.10/site-packages/airflow/example_dags/example_sla_dag.py
[2024-05-16T12:21:28.258+0000] {logging_mixin.py:188} INFO - [2024-05-16T12:21:28.258+0000] {dag.py:3096} INFO - Sync 1 DAGs
[2024-05-16T12:21:28.282+0000] {logging_mixin.py:188} INFO - [2024-05-16T12:21:28.282+0000] {dag.py:3954} INFO - Setting next_dagrun for example_sla_dag to 2024-05-16 12:18:00+00:00, run_after=2024-05-16 12:20:00+00:00
[2024-05-16T12:21:28.329+0000] {processor.py:183} INFO - Processing /usr/local/python/3.10.13/lib/python3.10/site-packages/airflow/example_dags/example_sla_dag.py took 0.107 seconds
[2024-05-16T12:22:11.329+0000] {processor.py:161} INFO - Started process (PID=14090) to work on /usr/local/python/3.10.13/lib/python3.10/site-packages/airflow/example_dags/example_sla_dag.py
[2024-05-16T12:22:11.330+0000] {processor.py:830} INFO - Processing file /usr/local/python/3.10.13/lib/python3.10/site-packages/airflow/example_dags/example_sla_dag.py for tasks to queue
[2024-05-16T12:22:11.331+0000] {logging_mixin.py:188} INFO - [2024-05-16T12:22:11.331+0000] {dagbag.py:545} INFO - Filling up the DagBag from /usr/local/python/3.10.13/lib/python3.10/site-packages/airflow/example_dags/example_sla_dag.py
[2024-05-16T12:22:11.338+0000] {processor.py:840} INFO - DAG(s) 'example_sla_dag' retrieved from /usr/local/python/3.10.13/lib/python3.10/site-packages/airflow/example_dags/example_sla_dag.py
[2024-05-16T12:22:11.349+0000] {logging_mixin.py:188} INFO - [2024-05-16T12:22:11.349+0000] {dag.py:3096} INFO - Sync 1 DAGs
[2024-05-16T12:22:11.367+0000] {logging_mixin.py:188} INFO - [2024-05-16T12:22:11.367+0000] {dag.py:3954} INFO - Setting next_dagrun for example_sla_dag to 2024-05-16 12:20:00+00:00, run_after=2024-05-16 12:22:00+00:00
[2024-05-16T12:22:11.427+0000] {processor.py:183} INFO - Processing /usr/local/python/3.10.13/lib/python3.10/site-packages/airflow/example_dags/example_sla_dag.py took 0.102 seconds
[2024-05-16T12:22:54.508+0000] {processor.py:161} INFO - Started process (PID=14410) to work on /usr/local/python/3.10.13/lib/python3.10/site-packages/airflow/example_dags/example_sla_dag.py
[2024-05-16T12:22:54.509+0000] {processor.py:830} INFO - Processing file /usr/local/python/3.10.13/lib/python3.10/site-packages/airflow/example_dags/example_sla_dag.py for tasks to queue
[2024-05-16T12:22:54.510+0000] {logging_mixin.py:188} INFO - [2024-05-16T12:22:54.510+0000] {dagbag.py:545} INFO - Filling up the DagBag from /usr/local/python/3.10.13/lib/python3.10/site-packages/airflow/example_dags/example_sla_dag.py
[2024-05-16T12:22:54.518+0000] {processor.py:840} INFO - DAG(s) 'example_sla_dag' retrieved from /usr/local/python/3.10.13/lib/python3.10/site-packages/airflow/example_dags/example_sla_dag.py
[2024-05-16T12:22:54.529+0000] {logging_mixin.py:188} INFO - [2024-05-16T12:22:54.528+0000] {dag.py:3096} INFO - Sync 1 DAGs
[2024-05-16T12:22:54.546+0000] {logging_mixin.py:188} INFO - [2024-05-16T12:22:54.545+0000] {dag.py:3954} INFO - Setting next_dagrun for example_sla_dag to 2024-05-16 12:20:00+00:00, run_after=2024-05-16 12:22:00+00:00
[2024-05-16T12:22:54.588+0000] {processor.py:183} INFO - Processing /usr/local/python/3.10.13/lib/python3.10/site-packages/airflow/example_dags/example_sla_dag.py took 0.085 seconds
[2024-05-16T12:23:39.928+0000] {processor.py:161} INFO - Started process (PID=14761) to work on /usr/local/python/3.10.13/lib/python3.10/site-packages/airflow/example_dags/example_sla_dag.py
[2024-05-16T12:23:39.928+0000] {processor.py:830} INFO - Processing file /usr/local/python/3.10.13/lib/python3.10/site-packages/airflow/example_dags/example_sla_dag.py for tasks to queue
[2024-05-16T12:23:39.930+0000] {logging_mixin.py:188} INFO - [2024-05-16T12:23:39.930+0000] {dagbag.py:545} INFO - Filling up the DagBag from /usr/local/python/3.10.13/lib/python3.10/site-packages/airflow/example_dags/example_sla_dag.py
[2024-05-16T12:23:39.937+0000] {processor.py:840} INFO - DAG(s) 'example_sla_dag' retrieved from /usr/local/python/3.10.13/lib/python3.10/site-packages/airflow/example_dags/example_sla_dag.py
[2024-05-16T12:23:39.949+0000] {logging_mixin.py:188} INFO - [2024-05-16T12:23:39.949+0000] {dag.py:3096} INFO - Sync 1 DAGs
[2024-05-16T12:23:39.969+0000] {logging_mixin.py:188} INFO - [2024-05-16T12:23:39.969+0000] {dag.py:3954} INFO - Setting next_dagrun for example_sla_dag to 2024-05-16 12:20:00+00:00, run_after=2024-05-16 12:22:00+00:00
[2024-05-16T12:23:40.016+0000] {processor.py:183} INFO - Processing /usr/local/python/3.10.13/lib/python3.10/site-packages/airflow/example_dags/example_sla_dag.py took 0.094 seconds
[2024-05-16T12:24:24.208+0000] {processor.py:161} INFO - Started process (PID=15079) to work on /usr/local/python/3.10.13/lib/python3.10/site-packages/airflow/example_dags/example_sla_dag.py
[2024-05-16T12:24:24.209+0000] {processor.py:830} INFO - Processing file /usr/local/python/3.10.13/lib/python3.10/site-packages/airflow/example_dags/example_sla_dag.py for tasks to queue
[2024-05-16T12:24:24.211+0000] {logging_mixin.py:188} INFO - [2024-05-16T12:24:24.210+0000] {dagbag.py:545} INFO - Filling up the DagBag from /usr/local/python/3.10.13/lib/python3.10/site-packages/airflow/example_dags/example_sla_dag.py
[2024-05-16T12:24:24.218+0000] {processor.py:840} INFO - DAG(s) 'example_sla_dag' retrieved from /usr/local/python/3.10.13/lib/python3.10/site-packages/airflow/example_dags/example_sla_dag.py
[2024-05-16T12:24:24.228+0000] {logging_mixin.py:188} INFO - [2024-05-16T12:24:24.228+0000] {dag.py:3096} INFO - Sync 1 DAGs
[2024-05-16T12:24:24.245+0000] {logging_mixin.py:188} INFO - [2024-05-16T12:24:24.245+0000] {dag.py:3954} INFO - Setting next_dagrun for example_sla_dag to 2024-05-16 12:22:00+00:00, run_after=2024-05-16 12:24:00+00:00
[2024-05-16T12:24:24.288+0000] {processor.py:183} INFO - Processing /usr/local/python/3.10.13/lib/python3.10/site-packages/airflow/example_dags/example_sla_dag.py took 0.085 seconds
[2024-05-16T12:25:04.879+0000] {processor.py:161} INFO - Started process (PID=15393) to work on /usr/local/python/3.10.13/lib/python3.10/site-packages/airflow/example_dags/example_sla_dag.py
[2024-05-16T12:25:04.879+0000] {processor.py:830} INFO - Processing file /usr/local/python/3.10.13/lib/python3.10/site-packages/airflow/example_dags/example_sla_dag.py for tasks to queue
[2024-05-16T12:25:04.881+0000] {logging_mixin.py:188} INFO - [2024-05-16T12:25:04.880+0000] {dagbag.py:545} INFO - Filling up the DagBag from /usr/local/python/3.10.13/lib/python3.10/site-packages/airflow/example_dags/example_sla_dag.py
[2024-05-16T12:25:04.888+0000] {processor.py:840} INFO - DAG(s) 'example_sla_dag' retrieved from /usr/local/python/3.10.13/lib/python3.10/site-packages/airflow/example_dags/example_sla_dag.py
[2024-05-16T12:25:04.899+0000] {logging_mixin.py:188} INFO - [2024-05-16T12:25:04.899+0000] {dag.py:3096} INFO - Sync 1 DAGs
[2024-05-16T12:25:04.917+0000] {logging_mixin.py:188} INFO - [2024-05-16T12:25:04.917+0000] {dag.py:3954} INFO - Setting next_dagrun for example_sla_dag to 2024-05-16 12:22:00+00:00, run_after=2024-05-16 12:24:00+00:00
[2024-05-16T12:25:04.962+0000] {processor.py:183} INFO - Processing /usr/local/python/3.10.13/lib/python3.10/site-packages/airflow/example_dags/example_sla_dag.py took 0.088 seconds
[2024-05-16T12:26:03.295+0000] {processor.py:161} INFO - Started process (PID=15834) to work on /usr/local/python/3.10.13/lib/python3.10/site-packages/airflow/example_dags/example_sla_dag.py
[2024-05-16T12:26:03.296+0000] {processor.py:830} INFO - Processing file /usr/local/python/3.10.13/lib/python3.10/site-packages/airflow/example_dags/example_sla_dag.py for tasks to queue
[2024-05-16T12:26:03.297+0000] {logging_mixin.py:188} INFO - [2024-05-16T12:26:03.297+0000] {dagbag.py:545} INFO - Filling up the DagBag from /usr/local/python/3.10.13/lib/python3.10/site-packages/airflow/example_dags/example_sla_dag.py
[2024-05-16T12:26:03.304+0000] {processor.py:840} INFO - DAG(s) 'example_sla_dag' retrieved from /usr/local/python/3.10.13/lib/python3.10/site-packages/airflow/example_dags/example_sla_dag.py
[2024-05-16T12:26:03.315+0000] {logging_mixin.py:188} INFO - [2024-05-16T12:26:03.314+0000] {dag.py:3096} INFO - Sync 1 DAGs
[2024-05-16T12:26:03.332+0000] {logging_mixin.py:188} INFO - [2024-05-16T12:26:03.332+0000] {dag.py:3954} INFO - Setting next_dagrun for example_sla_dag to 2024-05-16 12:24:00+00:00, run_after=2024-05-16 12:26:00+00:00
[2024-05-16T12:26:03.381+0000] {processor.py:183} INFO - Processing /usr/local/python/3.10.13/lib/python3.10/site-packages/airflow/example_dags/example_sla_dag.py took 0.091 seconds
[2024-05-16T12:27:04.703+0000] {processor.py:161} INFO - Started process (PID=16297) to work on /usr/local/python/3.10.13/lib/python3.10/site-packages/airflow/example_dags/example_sla_dag.py
[2024-05-16T12:27:04.704+0000] {processor.py:830} INFO - Processing file /usr/local/python/3.10.13/lib/python3.10/site-packages/airflow/example_dags/example_sla_dag.py for tasks to queue
[2024-05-16T12:27:04.705+0000] {logging_mixin.py:188} INFO - [2024-05-16T12:27:04.705+0000] {dagbag.py:545} INFO - Filling up the DagBag from /usr/local/python/3.10.13/lib/python3.10/site-packages/airflow/example_dags/example_sla_dag.py
[2024-05-16T12:27:04.712+0000] {processor.py:840} INFO - DAG(s) 'example_sla_dag' retrieved from /usr/local/python/3.10.13/lib/python3.10/site-packages/airflow/example_dags/example_sla_dag.py
[2024-05-16T12:27:04.724+0000] {logging_mixin.py:188} INFO - [2024-05-16T12:27:04.724+0000] {dag.py:3096} INFO - Sync 1 DAGs
[2024-05-16T12:27:04.743+0000] {logging_mixin.py:188} INFO - [2024-05-16T12:27:04.743+0000] {dag.py:3954} INFO - Setting next_dagrun for example_sla_dag to 2024-05-16 12:24:00+00:00, run_after=2024-05-16 12:26:00+00:00
[2024-05-16T12:27:04.790+0000] {processor.py:183} INFO - Processing /usr/local/python/3.10.13/lib/python3.10/site-packages/airflow/example_dags/example_sla_dag.py took 0.092 seconds
[2024-05-16T12:27:47.970+0000] {processor.py:161} INFO - Started process (PID=16611) to work on /usr/local/python/3.10.13/lib/python3.10/site-packages/airflow/example_dags/example_sla_dag.py
[2024-05-16T12:27:47.971+0000] {processor.py:830} INFO - Processing file /usr/local/python/3.10.13/lib/python3.10/site-packages/airflow/example_dags/example_sla_dag.py for tasks to queue
[2024-05-16T12:27:47.972+0000] {logging_mixin.py:188} INFO - [2024-05-16T12:27:47.972+0000] {dagbag.py:545} INFO - Filling up the DagBag from /usr/local/python/3.10.13/lib/python3.10/site-packages/airflow/example_dags/example_sla_dag.py
[2024-05-16T12:27:47.979+0000] {processor.py:840} INFO - DAG(s) 'example_sla_dag' retrieved from /usr/local/python/3.10.13/lib/python3.10/site-packages/airflow/example_dags/example_sla_dag.py
[2024-05-16T12:27:47.990+0000] {logging_mixin.py:188} INFO - [2024-05-16T12:27:47.990+0000] {dag.py:3096} INFO - Sync 1 DAGs
[2024-05-16T12:27:48.007+0000] {logging_mixin.py:188} INFO - [2024-05-16T12:27:48.007+0000] {dag.py:3954} INFO - Setting next_dagrun for example_sla_dag to 2024-05-16 12:24:00+00:00, run_after=2024-05-16 12:26:00+00:00
[2024-05-16T12:27:48.054+0000] {processor.py:183} INFO - Processing /usr/local/python/3.10.13/lib/python3.10/site-packages/airflow/example_dags/example_sla_dag.py took 0.088 seconds
[2024-05-16T12:28:31.097+0000] {processor.py:161} INFO - Started process (PID=16926) to work on /usr/local/python/3.10.13/lib/python3.10/site-packages/airflow/example_dags/example_sla_dag.py
[2024-05-16T12:28:31.098+0000] {processor.py:830} INFO - Processing file /usr/local/python/3.10.13/lib/python3.10/site-packages/airflow/example_dags/example_sla_dag.py for tasks to queue
[2024-05-16T12:28:31.099+0000] {logging_mixin.py:188} INFO - [2024-05-16T12:28:31.099+0000] {dagbag.py:545} INFO - Filling up the DagBag from /usr/local/python/3.10.13/lib/python3.10/site-packages/airflow/example_dags/example_sla_dag.py
[2024-05-16T12:28:31.109+0000] {processor.py:840} INFO - DAG(s) 'example_sla_dag' retrieved from /usr/local/python/3.10.13/lib/python3.10/site-packages/airflow/example_dags/example_sla_dag.py
[2024-05-16T12:28:31.128+0000] {logging_mixin.py:188} INFO - [2024-05-16T12:28:31.128+0000] {dag.py:3096} INFO - Sync 1 DAGs
[2024-05-16T12:28:31.156+0000] {logging_mixin.py:188} INFO - [2024-05-16T12:28:31.155+0000] {dag.py:3954} INFO - Setting next_dagrun for example_sla_dag to 2024-05-16 12:26:00+00:00, run_after=2024-05-16 12:28:00+00:00
[2024-05-16T12:28:31.208+0000] {processor.py:183} INFO - Processing /usr/local/python/3.10.13/lib/python3.10/site-packages/airflow/example_dags/example_sla_dag.py took 0.116 seconds
[2024-05-16T12:29:12.923+0000] {processor.py:161} INFO - Started process (PID=17208) to work on /usr/local/python/3.10.13/lib/python3.10/site-packages/airflow/example_dags/example_sla_dag.py
[2024-05-16T12:29:12.924+0000] {processor.py:830} INFO - Processing file /usr/local/python/3.10.13/lib/python3.10/site-packages/airflow/example_dags/example_sla_dag.py for tasks to queue
[2024-05-16T12:29:12.925+0000] {logging_mixin.py:188} INFO - [2024-05-16T12:29:12.925+0000] {dagbag.py:545} INFO - Filling up the DagBag from /usr/local/python/3.10.13/lib/python3.10/site-packages/airflow/example_dags/example_sla_dag.py
[2024-05-16T12:29:12.933+0000] {processor.py:840} INFO - DAG(s) 'example_sla_dag' retrieved from /usr/local/python/3.10.13/lib/python3.10/site-packages/airflow/example_dags/example_sla_dag.py
[2024-05-16T12:29:12.944+0000] {logging_mixin.py:188} INFO - [2024-05-16T12:29:12.944+0000] {dag.py:3096} INFO - Sync 1 DAGs
[2024-05-16T12:29:12.962+0000] {logging_mixin.py:188} INFO - [2024-05-16T12:29:12.962+0000] {dag.py:3954} INFO - Setting next_dagrun for example_sla_dag to 2024-05-16 12:26:00+00:00, run_after=2024-05-16 12:28:00+00:00
[2024-05-16T12:29:13.006+0000] {processor.py:183} INFO - Processing /usr/local/python/3.10.13/lib/python3.10/site-packages/airflow/example_dags/example_sla_dag.py took 0.087 seconds
[2024-05-16T12:29:55.056+0000] {processor.py:161} INFO - Started process (PID=17523) to work on /usr/local/python/3.10.13/lib/python3.10/site-packages/airflow/example_dags/example_sla_dag.py
[2024-05-16T12:29:55.057+0000] {processor.py:830} INFO - Processing file /usr/local/python/3.10.13/lib/python3.10/site-packages/airflow/example_dags/example_sla_dag.py for tasks to queue
[2024-05-16T12:29:55.059+0000] {logging_mixin.py:188} INFO - [2024-05-16T12:29:55.058+0000] {dagbag.py:545} INFO - Filling up the DagBag from /usr/local/python/3.10.13/lib/python3.10/site-packages/airflow/example_dags/example_sla_dag.py
[2024-05-16T12:29:55.069+0000] {processor.py:840} INFO - DAG(s) 'example_sla_dag' retrieved from /usr/local/python/3.10.13/lib/python3.10/site-packages/airflow/example_dags/example_sla_dag.py
[2024-05-16T12:29:55.081+0000] {logging_mixin.py:188} INFO - [2024-05-16T12:29:55.081+0000] {dag.py:3096} INFO - Sync 1 DAGs
[2024-05-16T12:29:55.110+0000] {logging_mixin.py:188} INFO - [2024-05-16T12:29:55.110+0000] {dag.py:3954} INFO - Setting next_dagrun for example_sla_dag to 2024-05-16 12:26:00+00:00, run_after=2024-05-16 12:28:00+00:00
[2024-05-16T12:29:55.169+0000] {processor.py:183} INFO - Processing /usr/local/python/3.10.13/lib/python3.10/site-packages/airflow/example_dags/example_sla_dag.py took 0.120 seconds
[2024-05-16T12:30:38.618+0000] {processor.py:161} INFO - Started process (PID=17838) to work on /usr/local/python/3.10.13/lib/python3.10/site-packages/airflow/example_dags/example_sla_dag.py
[2024-05-16T12:30:38.619+0000] {processor.py:830} INFO - Processing file /usr/local/python/3.10.13/lib/python3.10/site-packages/airflow/example_dags/example_sla_dag.py for tasks to queue
[2024-05-16T12:30:38.620+0000] {logging_mixin.py:188} INFO - [2024-05-16T12:30:38.620+0000] {dagbag.py:545} INFO - Filling up the DagBag from /usr/local/python/3.10.13/lib/python3.10/site-packages/airflow/example_dags/example_sla_dag.py
[2024-05-16T12:30:38.627+0000] {processor.py:840} INFO - DAG(s) 'example_sla_dag' retrieved from /usr/local/python/3.10.13/lib/python3.10/site-packages/airflow/example_dags/example_sla_dag.py
[2024-05-16T12:30:38.638+0000] {logging_mixin.py:188} INFO - [2024-05-16T12:30:38.637+0000] {dag.py:3096} INFO - Sync 1 DAGs
[2024-05-16T12:30:38.655+0000] {logging_mixin.py:188} INFO - [2024-05-16T12:30:38.655+0000] {dag.py:3954} INFO - Setting next_dagrun for example_sla_dag to 2024-05-16 12:28:00+00:00, run_after=2024-05-16 12:30:00+00:00
[2024-05-16T12:30:38.701+0000] {processor.py:183} INFO - Processing /usr/local/python/3.10.13/lib/python3.10/site-packages/airflow/example_dags/example_sla_dag.py took 0.087 seconds
[2024-05-16T12:31:22.998+0000] {processor.py:161} INFO - Started process (PID=18156) to work on /usr/local/python/3.10.13/lib/python3.10/site-packages/airflow/example_dags/example_sla_dag.py
[2024-05-16T12:31:22.999+0000] {processor.py:830} INFO - Processing file /usr/local/python/3.10.13/lib/python3.10/site-packages/airflow/example_dags/example_sla_dag.py for tasks to queue
[2024-05-16T12:31:23.001+0000] {logging_mixin.py:188} INFO - [2024-05-16T12:31:23.001+0000] {dagbag.py:545} INFO - Filling up the DagBag from /usr/local/python/3.10.13/lib/python3.10/site-packages/airflow/example_dags/example_sla_dag.py
[2024-05-16T12:31:23.009+0000] {processor.py:840} INFO - DAG(s) 'example_sla_dag' retrieved from /usr/local/python/3.10.13/lib/python3.10/site-packages/airflow/example_dags/example_sla_dag.py
[2024-05-16T12:31:23.019+0000] {logging_mixin.py:188} INFO - [2024-05-16T12:31:23.019+0000] {dag.py:3096} INFO - Sync 1 DAGs
[2024-05-16T12:31:23.040+0000] {logging_mixin.py:188} INFO - [2024-05-16T12:31:23.040+0000] {dag.py:3954} INFO - Setting next_dagrun for example_sla_dag to 2024-05-16 12:28:00+00:00, run_after=2024-05-16 12:30:00+00:00
[2024-05-16T12:31:23.092+0000] {processor.py:183} INFO - Processing /usr/local/python/3.10.13/lib/python3.10/site-packages/airflow/example_dags/example_sla_dag.py took 0.098 seconds
[2024-05-16T12:32:05.419+0000] {processor.py:161} INFO - Started process (PID=18464) to work on /usr/local/python/3.10.13/lib/python3.10/site-packages/airflow/example_dags/example_sla_dag.py
[2024-05-16T12:32:05.420+0000] {processor.py:830} INFO - Processing file /usr/local/python/3.10.13/lib/python3.10/site-packages/airflow/example_dags/example_sla_dag.py for tasks to queue
[2024-05-16T12:32:05.421+0000] {logging_mixin.py:188} INFO - [2024-05-16T12:32:05.421+0000] {dagbag.py:545} INFO - Filling up the DagBag from /usr/local/python/3.10.13/lib/python3.10/site-packages/airflow/example_dags/example_sla_dag.py
[2024-05-16T12:32:05.428+0000] {processor.py:840} INFO - DAG(s) 'example_sla_dag' retrieved from /usr/local/python/3.10.13/lib/python3.10/site-packages/airflow/example_dags/example_sla_dag.py
[2024-05-16T12:32:05.439+0000] {logging_mixin.py:188} INFO - [2024-05-16T12:32:05.439+0000] {dag.py:3096} INFO - Sync 1 DAGs
[2024-05-16T12:32:05.456+0000] {logging_mixin.py:188} INFO - [2024-05-16T12:32:05.456+0000] {dag.py:3954} INFO - Setting next_dagrun for example_sla_dag to 2024-05-16 12:30:00+00:00, run_after=2024-05-16 12:32:00+00:00
[2024-05-16T12:32:05.501+0000] {processor.py:183} INFO - Processing /usr/local/python/3.10.13/lib/python3.10/site-packages/airflow/example_dags/example_sla_dag.py took 0.087 seconds
[2024-05-16T12:33:05.791+0000] {processor.py:161} INFO - Started process (PID=18893) to work on /usr/local/python/3.10.13/lib/python3.10/site-packages/airflow/example_dags/example_sla_dag.py
[2024-05-16T12:33:05.792+0000] {processor.py:830} INFO - Processing file /usr/local/python/3.10.13/lib/python3.10/site-packages/airflow/example_dags/example_sla_dag.py for tasks to queue
[2024-05-16T12:33:05.793+0000] {logging_mixin.py:188} INFO - [2024-05-16T12:33:05.793+0000] {dagbag.py:545} INFO - Filling up the DagBag from /usr/local/python/3.10.13/lib/python3.10/site-packages/airflow/example_dags/example_sla_dag.py
[2024-05-16T12:33:05.800+0000] {processor.py:840} INFO - DAG(s) 'example_sla_dag' retrieved from /usr/local/python/3.10.13/lib/python3.10/site-packages/airflow/example_dags/example_sla_dag.py
[2024-05-16T12:33:05.812+0000] {logging_mixin.py:188} INFO - [2024-05-16T12:33:05.812+0000] {dag.py:3096} INFO - Sync 1 DAGs
[2024-05-16T12:33:05.833+0000] {logging_mixin.py:188} INFO - [2024-05-16T12:33:05.832+0000] {dag.py:3954} INFO - Setting next_dagrun for example_sla_dag to 2024-05-16 12:30:00+00:00, run_after=2024-05-16 12:32:00+00:00
[2024-05-16T12:33:05.903+0000] {processor.py:183} INFO - Processing /usr/local/python/3.10.13/lib/python3.10/site-packages/airflow/example_dags/example_sla_dag.py took 0.117 seconds
[2024-05-16T12:33:47.933+0000] {processor.py:161} INFO - Started process (PID=19211) to work on /usr/local/python/3.10.13/lib/python3.10/site-packages/airflow/example_dags/example_sla_dag.py
[2024-05-16T12:33:47.934+0000] {processor.py:830} INFO - Processing file /usr/local/python/3.10.13/lib/python3.10/site-packages/airflow/example_dags/example_sla_dag.py for tasks to queue
[2024-05-16T12:33:47.935+0000] {logging_mixin.py:188} INFO - [2024-05-16T12:33:47.935+0000] {dagbag.py:545} INFO - Filling up the DagBag from /usr/local/python/3.10.13/lib/python3.10/site-packages/airflow/example_dags/example_sla_dag.py
[2024-05-16T12:33:47.942+0000] {processor.py:840} INFO - DAG(s) 'example_sla_dag' retrieved from /usr/local/python/3.10.13/lib/python3.10/site-packages/airflow/example_dags/example_sla_dag.py
[2024-05-16T12:33:47.954+0000] {logging_mixin.py:188} INFO - [2024-05-16T12:33:47.954+0000] {dag.py:3096} INFO - Sync 1 DAGs
[2024-05-16T12:33:47.972+0000] {logging_mixin.py:188} INFO - [2024-05-16T12:33:47.972+0000] {dag.py:3954} INFO - Setting next_dagrun for example_sla_dag to 2024-05-16 12:30:00+00:00, run_after=2024-05-16 12:32:00+00:00
[2024-05-16T12:33:48.017+0000] {processor.py:183} INFO - Processing /usr/local/python/3.10.13/lib/python3.10/site-packages/airflow/example_dags/example_sla_dag.py took 0.089 seconds
[2024-05-16T12:34:31.601+0000] {processor.py:161} INFO - Started process (PID=19541) to work on /usr/local/python/3.10.13/lib/python3.10/site-packages/airflow/example_dags/example_sla_dag.py
[2024-05-16T12:34:31.602+0000] {processor.py:830} INFO - Processing file /usr/local/python/3.10.13/lib/python3.10/site-packages/airflow/example_dags/example_sla_dag.py for tasks to queue
[2024-05-16T12:34:31.603+0000] {logging_mixin.py:188} INFO - [2024-05-16T12:34:31.603+0000] {dagbag.py:545} INFO - Filling up the DagBag from /usr/local/python/3.10.13/lib/python3.10/site-packages/airflow/example_dags/example_sla_dag.py
[2024-05-16T12:34:31.613+0000] {processor.py:840} INFO - DAG(s) 'example_sla_dag' retrieved from /usr/local/python/3.10.13/lib/python3.10/site-packages/airflow/example_dags/example_sla_dag.py
[2024-05-16T12:34:31.627+0000] {logging_mixin.py:188} INFO - [2024-05-16T12:34:31.627+0000] {dag.py:3096} INFO - Sync 1 DAGs
[2024-05-16T12:34:31.644+0000] {logging_mixin.py:188} INFO - [2024-05-16T12:34:31.644+0000] {dag.py:3954} INFO - Setting next_dagrun for example_sla_dag to 2024-05-16 12:32:00+00:00, run_after=2024-05-16 12:34:00+00:00
[2024-05-16T12:34:31.692+0000] {processor.py:183} INFO - Processing /usr/local/python/3.10.13/lib/python3.10/site-packages/airflow/example_dags/example_sla_dag.py took 0.097 seconds
[2024-05-16T12:35:14.825+0000] {processor.py:161} INFO - Started process (PID=19857) to work on /usr/local/python/3.10.13/lib/python3.10/site-packages/airflow/example_dags/example_sla_dag.py
[2024-05-16T12:35:14.826+0000] {processor.py:830} INFO - Processing file /usr/local/python/3.10.13/lib/python3.10/site-packages/airflow/example_dags/example_sla_dag.py for tasks to queue
[2024-05-16T12:35:14.827+0000] {logging_mixin.py:188} INFO - [2024-05-16T12:35:14.827+0000] {dagbag.py:545} INFO - Filling up the DagBag from /usr/local/python/3.10.13/lib/python3.10/site-packages/airflow/example_dags/example_sla_dag.py
[2024-05-16T12:35:14.834+0000] {processor.py:840} INFO - DAG(s) 'example_sla_dag' retrieved from /usr/local/python/3.10.13/lib/python3.10/site-packages/airflow/example_dags/example_sla_dag.py
[2024-05-16T12:35:14.844+0000] {logging_mixin.py:188} INFO - [2024-05-16T12:35:14.844+0000] {dag.py:3096} INFO - Sync 1 DAGs
[2024-05-16T12:35:14.862+0000] {logging_mixin.py:188} INFO - [2024-05-16T12:35:14.862+0000] {dag.py:3954} INFO - Setting next_dagrun for example_sla_dag to 2024-05-16 12:32:00+00:00, run_after=2024-05-16 12:34:00+00:00
[2024-05-16T12:35:14.905+0000] {processor.py:183} INFO - Processing /usr/local/python/3.10.13/lib/python3.10/site-packages/airflow/example_dags/example_sla_dag.py took 0.085 seconds
[2024-05-16T12:35:57.166+0000] {processor.py:161} INFO - Started process (PID=20167) to work on /usr/local/python/3.10.13/lib/python3.10/site-packages/airflow/example_dags/example_sla_dag.py
[2024-05-16T12:35:57.167+0000] {processor.py:830} INFO - Processing file /usr/local/python/3.10.13/lib/python3.10/site-packages/airflow/example_dags/example_sla_dag.py for tasks to queue
[2024-05-16T12:35:57.168+0000] {logging_mixin.py:188} INFO - [2024-05-16T12:35:57.168+0000] {dagbag.py:545} INFO - Filling up the DagBag from /usr/local/python/3.10.13/lib/python3.10/site-packages/airflow/example_dags/example_sla_dag.py
[2024-05-16T12:35:57.175+0000] {processor.py:840} INFO - DAG(s) 'example_sla_dag' retrieved from /usr/local/python/3.10.13/lib/python3.10/site-packages/airflow/example_dags/example_sla_dag.py
[2024-05-16T12:35:57.186+0000] {logging_mixin.py:188} INFO - [2024-05-16T12:35:57.185+0000] {dag.py:3096} INFO - Sync 1 DAGs
[2024-05-16T12:35:57.202+0000] {logging_mixin.py:188} INFO - [2024-05-16T12:35:57.202+0000] {dag.py:3954} INFO - Setting next_dagrun for example_sla_dag to 2024-05-16 12:32:00+00:00, run_after=2024-05-16 12:34:00+00:00
[2024-05-16T12:35:57.260+0000] {processor.py:183} INFO - Processing /usr/local/python/3.10.13/lib/python3.10/site-packages/airflow/example_dags/example_sla_dag.py took 0.099 seconds
[2024-05-16T12:36:59.039+0000] {processor.py:161} INFO - Started process (PID=20605) to work on /usr/local/python/3.10.13/lib/python3.10/site-packages/airflow/example_dags/example_sla_dag.py
[2024-05-16T12:36:59.040+0000] {processor.py:830} INFO - Processing file /usr/local/python/3.10.13/lib/python3.10/site-packages/airflow/example_dags/example_sla_dag.py for tasks to queue
[2024-05-16T12:36:59.041+0000] {logging_mixin.py:188} INFO - [2024-05-16T12:36:59.041+0000] {dagbag.py:545} INFO - Filling up the DagBag from /usr/local/python/3.10.13/lib/python3.10/site-packages/airflow/example_dags/example_sla_dag.py
[2024-05-16T12:36:59.048+0000] {processor.py:840} INFO - DAG(s) 'example_sla_dag' retrieved from /usr/local/python/3.10.13/lib/python3.10/site-packages/airflow/example_dags/example_sla_dag.py
[2024-05-16T12:36:59.058+0000] {logging_mixin.py:188} INFO - [2024-05-16T12:36:59.058+0000] {dag.py:3096} INFO - Sync 1 DAGs
[2024-05-16T12:36:59.075+0000] {logging_mixin.py:188} INFO - [2024-05-16T12:36:59.075+0000] {dag.py:3954} INFO - Setting next_dagrun for example_sla_dag to 2024-05-16 12:34:00+00:00, run_after=2024-05-16 12:36:00+00:00
[2024-05-16T12:36:59.119+0000] {processor.py:183} INFO - Processing /usr/local/python/3.10.13/lib/python3.10/site-packages/airflow/example_dags/example_sla_dag.py took 0.085 seconds
[2024-05-16T12:37:42.023+0000] {processor.py:161} INFO - Started process (PID=20906) to work on /usr/local/python/3.10.13/lib/python3.10/site-packages/airflow/example_dags/example_sla_dag.py
[2024-05-16T12:37:42.024+0000] {processor.py:830} INFO - Processing file /usr/local/python/3.10.13/lib/python3.10/site-packages/airflow/example_dags/example_sla_dag.py for tasks to queue
[2024-05-16T12:37:42.025+0000] {logging_mixin.py:188} INFO - [2024-05-16T12:37:42.025+0000] {dagbag.py:545} INFO - Filling up the DagBag from /usr/local/python/3.10.13/lib/python3.10/site-packages/airflow/example_dags/example_sla_dag.py
[2024-05-16T12:37:42.032+0000] {processor.py:840} INFO - DAG(s) 'example_sla_dag' retrieved from /usr/local/python/3.10.13/lib/python3.10/site-packages/airflow/example_dags/example_sla_dag.py
[2024-05-16T12:37:42.042+0000] {logging_mixin.py:188} INFO - [2024-05-16T12:37:42.042+0000] {dag.py:3096} INFO - Sync 1 DAGs
[2024-05-16T12:37:42.060+0000] {logging_mixin.py:188} INFO - [2024-05-16T12:37:42.060+0000] {dag.py:3954} INFO - Setting next_dagrun for example_sla_dag to 2024-05-16 12:34:00+00:00, run_after=2024-05-16 12:36:00+00:00
[2024-05-16T12:37:42.104+0000] {processor.py:183} INFO - Processing /usr/local/python/3.10.13/lib/python3.10/site-packages/airflow/example_dags/example_sla_dag.py took 0.085 seconds
[2024-05-16T12:38:38.807+0000] {processor.py:161} INFO - Started process (PID=21314) to work on /usr/local/python/3.10.13/lib/python3.10/site-packages/airflow/example_dags/example_sla_dag.py
[2024-05-16T12:38:38.807+0000] {processor.py:830} INFO - Processing file /usr/local/python/3.10.13/lib/python3.10/site-packages/airflow/example_dags/example_sla_dag.py for tasks to queue
[2024-05-16T12:38:38.809+0000] {logging_mixin.py:188} INFO - [2024-05-16T12:38:38.808+0000] {dagbag.py:545} INFO - Filling up the DagBag from /usr/local/python/3.10.13/lib/python3.10/site-packages/airflow/example_dags/example_sla_dag.py
[2024-05-16T12:38:38.815+0000] {processor.py:840} INFO - DAG(s) 'example_sla_dag' retrieved from /usr/local/python/3.10.13/lib/python3.10/site-packages/airflow/example_dags/example_sla_dag.py
[2024-05-16T12:38:38.826+0000] {logging_mixin.py:188} INFO - [2024-05-16T12:38:38.826+0000] {dag.py:3096} INFO - Sync 1 DAGs
[2024-05-16T12:38:38.848+0000] {logging_mixin.py:188} INFO - [2024-05-16T12:38:38.848+0000] {dag.py:3954} INFO - Setting next_dagrun for example_sla_dag to 2024-05-16 12:36:00+00:00, run_after=2024-05-16 12:38:00+00:00
[2024-05-16T12:38:38.903+0000] {processor.py:183} INFO - Processing /usr/local/python/3.10.13/lib/python3.10/site-packages/airflow/example_dags/example_sla_dag.py took 0.101 seconds
[2024-05-16T12:39:22.542+0000] {processor.py:161} INFO - Started process (PID=21624) to work on /usr/local/python/3.10.13/lib/python3.10/site-packages/airflow/example_dags/example_sla_dag.py
[2024-05-16T12:39:22.543+0000] {processor.py:830} INFO - Processing file /usr/local/python/3.10.13/lib/python3.10/site-packages/airflow/example_dags/example_sla_dag.py for tasks to queue
[2024-05-16T12:39:22.544+0000] {logging_mixin.py:188} INFO - [2024-05-16T12:39:22.544+0000] {dagbag.py:545} INFO - Filling up the DagBag from /usr/local/python/3.10.13/lib/python3.10/site-packages/airflow/example_dags/example_sla_dag.py
[2024-05-16T12:39:22.551+0000] {processor.py:840} INFO - DAG(s) 'example_sla_dag' retrieved from /usr/local/python/3.10.13/lib/python3.10/site-packages/airflow/example_dags/example_sla_dag.py
[2024-05-16T12:39:22.561+0000] {logging_mixin.py:188} INFO - [2024-05-16T12:39:22.561+0000] {dag.py:3096} INFO - Sync 1 DAGs
[2024-05-16T12:39:22.578+0000] {logging_mixin.py:188} INFO - [2024-05-16T12:39:22.578+0000] {dag.py:3954} INFO - Setting next_dagrun for example_sla_dag to 2024-05-16 12:36:00+00:00, run_after=2024-05-16 12:38:00+00:00
[2024-05-16T12:39:22.622+0000] {processor.py:183} INFO - Processing /usr/local/python/3.10.13/lib/python3.10/site-packages/airflow/example_dags/example_sla_dag.py took 0.085 seconds
[2024-05-16T12:40:06.796+0000] {processor.py:161} INFO - Started process (PID=21939) to work on /usr/local/python/3.10.13/lib/python3.10/site-packages/airflow/example_dags/example_sla_dag.py
[2024-05-16T12:40:06.797+0000] {processor.py:830} INFO - Processing file /usr/local/python/3.10.13/lib/python3.10/site-packages/airflow/example_dags/example_sla_dag.py for tasks to queue
[2024-05-16T12:40:06.798+0000] {logging_mixin.py:188} INFO - [2024-05-16T12:40:06.798+0000] {dagbag.py:545} INFO - Filling up the DagBag from /usr/local/python/3.10.13/lib/python3.10/site-packages/airflow/example_dags/example_sla_dag.py
[2024-05-16T12:40:06.805+0000] {processor.py:840} INFO - DAG(s) 'example_sla_dag' retrieved from /usr/local/python/3.10.13/lib/python3.10/site-packages/airflow/example_dags/example_sla_dag.py
[2024-05-16T12:40:06.816+0000] {logging_mixin.py:188} INFO - [2024-05-16T12:40:06.816+0000] {dag.py:3096} INFO - Sync 1 DAGs
[2024-05-16T12:40:06.832+0000] {logging_mixin.py:188} INFO - [2024-05-16T12:40:06.832+0000] {dag.py:3954} INFO - Setting next_dagrun for example_sla_dag to 2024-05-16 12:38:00+00:00, run_after=2024-05-16 12:40:00+00:00
[2024-05-16T12:40:06.881+0000] {processor.py:183} INFO - Processing /usr/local/python/3.10.13/lib/python3.10/site-packages/airflow/example_dags/example_sla_dag.py took 0.090 seconds
[2024-05-16T12:41:07.214+0000] {processor.py:161} INFO - Started process (PID=22379) to work on /usr/local/python/3.10.13/lib/python3.10/site-packages/airflow/example_dags/example_sla_dag.py
[2024-05-16T12:41:07.214+0000] {processor.py:830} INFO - Processing file /usr/local/python/3.10.13/lib/python3.10/site-packages/airflow/example_dags/example_sla_dag.py for tasks to queue
[2024-05-16T12:41:07.216+0000] {logging_mixin.py:188} INFO - [2024-05-16T12:41:07.216+0000] {dagbag.py:545} INFO - Filling up the DagBag from /usr/local/python/3.10.13/lib/python3.10/site-packages/airflow/example_dags/example_sla_dag.py
[2024-05-16T12:41:07.223+0000] {processor.py:840} INFO - DAG(s) 'example_sla_dag' retrieved from /usr/local/python/3.10.13/lib/python3.10/site-packages/airflow/example_dags/example_sla_dag.py
[2024-05-16T12:41:07.234+0000] {logging_mixin.py:188} INFO - [2024-05-16T12:41:07.234+0000] {dag.py:3096} INFO - Sync 1 DAGs
[2024-05-16T12:41:07.252+0000] {logging_mixin.py:188} INFO - [2024-05-16T12:41:07.252+0000] {dag.py:3954} INFO - Setting next_dagrun for example_sla_dag to 2024-05-16 12:38:00+00:00, run_after=2024-05-16 12:40:00+00:00
[2024-05-16T12:41:07.301+0000] {processor.py:183} INFO - Processing /usr/local/python/3.10.13/lib/python3.10/site-packages/airflow/example_dags/example_sla_dag.py took 0.092 seconds
[2024-05-16T12:41:48.925+0000] {processor.py:161} INFO - Started process (PID=22669) to work on /usr/local/python/3.10.13/lib/python3.10/site-packages/airflow/example_dags/example_sla_dag.py
[2024-05-16T12:41:48.926+0000] {processor.py:830} INFO - Processing file /usr/local/python/3.10.13/lib/python3.10/site-packages/airflow/example_dags/example_sla_dag.py for tasks to queue
[2024-05-16T12:41:48.927+0000] {logging_mixin.py:188} INFO - [2024-05-16T12:41:48.927+0000] {dagbag.py:545} INFO - Filling up the DagBag from /usr/local/python/3.10.13/lib/python3.10/site-packages/airflow/example_dags/example_sla_dag.py
[2024-05-16T12:41:48.940+0000] {processor.py:840} INFO - DAG(s) 'example_sla_dag' retrieved from /usr/local/python/3.10.13/lib/python3.10/site-packages/airflow/example_dags/example_sla_dag.py
[2024-05-16T12:41:48.964+0000] {logging_mixin.py:188} INFO - [2024-05-16T12:41:48.963+0000] {dag.py:3096} INFO - Sync 1 DAGs
[2024-05-16T12:41:49.006+0000] {logging_mixin.py:188} INFO - [2024-05-16T12:41:49.005+0000] {dag.py:3954} INFO - Setting next_dagrun for example_sla_dag to 2024-05-16 12:38:00+00:00, run_after=2024-05-16 12:40:00+00:00
[2024-05-16T12:41:49.088+0000] {processor.py:183} INFO - Processing /usr/local/python/3.10.13/lib/python3.10/site-packages/airflow/example_dags/example_sla_dag.py took 0.173 seconds
[2024-05-16T12:42:34.248+0000] {processor.py:161} INFO - Started process (PID=23015) to work on /usr/local/python/3.10.13/lib/python3.10/site-packages/airflow/example_dags/example_sla_dag.py
[2024-05-16T12:42:34.249+0000] {processor.py:830} INFO - Processing file /usr/local/python/3.10.13/lib/python3.10/site-packages/airflow/example_dags/example_sla_dag.py for tasks to queue
[2024-05-16T12:42:34.250+0000] {logging_mixin.py:188} INFO - [2024-05-16T12:42:34.250+0000] {dagbag.py:545} INFO - Filling up the DagBag from /usr/local/python/3.10.13/lib/python3.10/site-packages/airflow/example_dags/example_sla_dag.py
[2024-05-16T12:42:34.257+0000] {processor.py:840} INFO - DAG(s) 'example_sla_dag' retrieved from /usr/local/python/3.10.13/lib/python3.10/site-packages/airflow/example_dags/example_sla_dag.py
[2024-05-16T12:42:34.267+0000] {logging_mixin.py:188} INFO - [2024-05-16T12:42:34.267+0000] {dag.py:3096} INFO - Sync 1 DAGs
[2024-05-16T12:42:34.284+0000] {logging_mixin.py:188} INFO - [2024-05-16T12:42:34.284+0000] {dag.py:3954} INFO - Setting next_dagrun for example_sla_dag to 2024-05-16 12:40:00+00:00, run_after=2024-05-16 12:42:00+00:00
[2024-05-16T12:42:34.331+0000] {processor.py:183} INFO - Processing /usr/local/python/3.10.13/lib/python3.10/site-packages/airflow/example_dags/example_sla_dag.py took 0.088 seconds
[2024-05-16T12:43:35.222+0000] {processor.py:161} INFO - Started process (PID=23464) to work on /usr/local/python/3.10.13/lib/python3.10/site-packages/airflow/example_dags/example_sla_dag.py
[2024-05-16T12:43:35.223+0000] {processor.py:830} INFO - Processing file /usr/local/python/3.10.13/lib/python3.10/site-packages/airflow/example_dags/example_sla_dag.py for tasks to queue
[2024-05-16T12:43:35.224+0000] {logging_mixin.py:188} INFO - [2024-05-16T12:43:35.224+0000] {dagbag.py:545} INFO - Filling up the DagBag from /usr/local/python/3.10.13/lib/python3.10/site-packages/airflow/example_dags/example_sla_dag.py
[2024-05-16T12:43:35.231+0000] {processor.py:840} INFO - DAG(s) 'example_sla_dag' retrieved from /usr/local/python/3.10.13/lib/python3.10/site-packages/airflow/example_dags/example_sla_dag.py
[2024-05-16T12:43:35.242+0000] {logging_mixin.py:188} INFO - [2024-05-16T12:43:35.241+0000] {dag.py:3096} INFO - Sync 1 DAGs
[2024-05-16T12:43:35.258+0000] {logging_mixin.py:188} INFO - [2024-05-16T12:43:35.258+0000] {dag.py:3954} INFO - Setting next_dagrun for example_sla_dag to 2024-05-16 12:40:00+00:00, run_after=2024-05-16 12:42:00+00:00
[2024-05-16T12:43:35.304+0000] {processor.py:183} INFO - Processing /usr/local/python/3.10.13/lib/python3.10/site-packages/airflow/example_dags/example_sla_dag.py took 0.086 seconds
[2024-05-16T12:44:19.002+0000] {processor.py:161} INFO - Started process (PID=23776) to work on /usr/local/python/3.10.13/lib/python3.10/site-packages/airflow/example_dags/example_sla_dag.py
[2024-05-16T12:44:19.003+0000] {processor.py:830} INFO - Processing file /usr/local/python/3.10.13/lib/python3.10/site-packages/airflow/example_dags/example_sla_dag.py for tasks to queue
[2024-05-16T12:44:19.005+0000] {logging_mixin.py:188} INFO - [2024-05-16T12:44:19.004+0000] {dagbag.py:545} INFO - Filling up the DagBag from /usr/local/python/3.10.13/lib/python3.10/site-packages/airflow/example_dags/example_sla_dag.py
[2024-05-16T12:44:19.012+0000] {processor.py:840} INFO - DAG(s) 'example_sla_dag' retrieved from /usr/local/python/3.10.13/lib/python3.10/site-packages/airflow/example_dags/example_sla_dag.py
[2024-05-16T12:44:19.023+0000] {logging_mixin.py:188} INFO - [2024-05-16T12:44:19.023+0000] {dag.py:3096} INFO - Sync 1 DAGs
[2024-05-16T12:44:19.041+0000] {logging_mixin.py:188} INFO - [2024-05-16T12:44:19.040+0000] {dag.py:3954} INFO - Setting next_dagrun for example_sla_dag to 2024-05-16 12:42:00+00:00, run_after=2024-05-16 12:44:00+00:00
[2024-05-16T12:44:19.086+0000] {processor.py:183} INFO - Processing /usr/local/python/3.10.13/lib/python3.10/site-packages/airflow/example_dags/example_sla_dag.py took 0.090 seconds
[2024-05-16T12:45:00.930+0000] {processor.py:161} INFO - Started process (PID=24082) to work on /usr/local/python/3.10.13/lib/python3.10/site-packages/airflow/example_dags/example_sla_dag.py
[2024-05-16T12:45:00.931+0000] {processor.py:830} INFO - Processing file /usr/local/python/3.10.13/lib/python3.10/site-packages/airflow/example_dags/example_sla_dag.py for tasks to queue
[2024-05-16T12:45:00.932+0000] {logging_mixin.py:188} INFO - [2024-05-16T12:45:00.931+0000] {dagbag.py:545} INFO - Filling up the DagBag from /usr/local/python/3.10.13/lib/python3.10/site-packages/airflow/example_dags/example_sla_dag.py
[2024-05-16T12:45:00.941+0000] {processor.py:840} INFO - DAG(s) 'example_sla_dag' retrieved from /usr/local/python/3.10.13/lib/python3.10/site-packages/airflow/example_dags/example_sla_dag.py
[2024-05-16T12:45:00.953+0000] {logging_mixin.py:188} INFO - [2024-05-16T12:45:00.953+0000] {dag.py:3096} INFO - Sync 1 DAGs
[2024-05-16T12:45:00.972+0000] {logging_mixin.py:188} INFO - [2024-05-16T12:45:00.972+0000] {dag.py:3954} INFO - Setting next_dagrun for example_sla_dag to 2024-05-16 12:42:00+00:00, run_after=2024-05-16 12:44:00+00:00
[2024-05-16T12:45:01.019+0000] {processor.py:183} INFO - Processing /usr/local/python/3.10.13/lib/python3.10/site-packages/airflow/example_dags/example_sla_dag.py took 0.094 seconds
