[2024-05-16T12:07:00.544+0000] {processor.py:161} INFO - Started process (PID=7650) to work on /usr/local/python/3.10.13/lib/python3.10/site-packages/airflow/example_dags/example_branch_operator_decorator.py
[2024-05-16T12:07:00.544+0000] {processor.py:830} INFO - Processing file /usr/local/python/3.10.13/lib/python3.10/site-packages/airflow/example_dags/example_branch_operator_decorator.py for tasks to queue
[2024-05-16T12:07:00.546+0000] {logging_mixin.py:188} INFO - [2024-05-16T12:07:00.545+0000] {dagbag.py:545} INFO - Filling up the DagBag from /usr/local/python/3.10.13/lib/python3.10/site-packages/airflow/example_dags/example_branch_operator_decorator.py
[2024-05-16T12:07:00.643+0000] {processor.py:840} INFO - DAG(s) 'example_branch_python_operator_decorator' retrieved from /usr/local/python/3.10.13/lib/python3.10/site-packages/airflow/example_dags/example_branch_operator_decorator.py
[2024-05-16T12:07:00.722+0000] {logging_mixin.py:188} INFO - [2024-05-16T12:07:00.721+0000] {dag.py:3096} INFO - Sync 1 DAGs
[2024-05-16T12:07:00.735+0000] {logging_mixin.py:188} INFO - [2024-05-16T12:07:00.735+0000] {dag.py:3954} INFO - Setting next_dagrun for example_branch_python_operator_decorator to 2024-05-15 00:00:00+00:00, run_after=2024-05-16 00:00:00+00:00
[2024-05-16T12:07:00.786+0000] {processor.py:183} INFO - Processing /usr/local/python/3.10.13/lib/python3.10/site-packages/airflow/example_dags/example_branch_operator_decorator.py took 0.247 seconds
[2024-05-16T12:08:11.624+0000] {processor.py:161} INFO - Started process (PID=8119) to work on /usr/local/python/3.10.13/lib/python3.10/site-packages/airflow/example_dags/example_branch_operator_decorator.py
[2024-05-16T12:08:11.625+0000] {processor.py:830} INFO - Processing file /usr/local/python/3.10.13/lib/python3.10/site-packages/airflow/example_dags/example_branch_operator_decorator.py for tasks to queue
[2024-05-16T12:08:11.627+0000] {logging_mixin.py:188} INFO - [2024-05-16T12:08:11.626+0000] {dagbag.py:545} INFO - Filling up the DagBag from /usr/local/python/3.10.13/lib/python3.10/site-packages/airflow/example_dags/example_branch_operator_decorator.py
[2024-05-16T12:08:11.656+0000] {processor.py:840} INFO - DAG(s) 'example_branch_python_operator_decorator' retrieved from /usr/local/python/3.10.13/lib/python3.10/site-packages/airflow/example_dags/example_branch_operator_decorator.py
[2024-05-16T12:08:11.740+0000] {logging_mixin.py:188} INFO - [2024-05-16T12:08:11.739+0000] {dag.py:3096} INFO - Sync 1 DAGs
[2024-05-16T12:08:11.766+0000] {logging_mixin.py:188} INFO - [2024-05-16T12:08:11.766+0000] {dag.py:3954} INFO - Setting next_dagrun for example_branch_python_operator_decorator to 2024-05-15 00:00:00+00:00, run_after=2024-05-16 00:00:00+00:00
[2024-05-16T12:08:11.819+0000] {processor.py:183} INFO - Processing /usr/local/python/3.10.13/lib/python3.10/site-packages/airflow/example_dags/example_branch_operator_decorator.py took 0.201 seconds
[2024-05-16T12:09:17.948+0000] {processor.py:161} INFO - Started process (PID=8612) to work on /usr/local/python/3.10.13/lib/python3.10/site-packages/airflow/example_dags/example_branch_operator_decorator.py
[2024-05-16T12:09:17.949+0000] {processor.py:830} INFO - Processing file /usr/local/python/3.10.13/lib/python3.10/site-packages/airflow/example_dags/example_branch_operator_decorator.py for tasks to queue
[2024-05-16T12:09:17.950+0000] {logging_mixin.py:188} INFO - [2024-05-16T12:09:17.950+0000] {dagbag.py:545} INFO - Filling up the DagBag from /usr/local/python/3.10.13/lib/python3.10/site-packages/airflow/example_dags/example_branch_operator_decorator.py
[2024-05-16T12:09:17.978+0000] {processor.py:840} INFO - DAG(s) 'example_branch_python_operator_decorator' retrieved from /usr/local/python/3.10.13/lib/python3.10/site-packages/airflow/example_dags/example_branch_operator_decorator.py
[2024-05-16T12:09:17.999+0000] {logging_mixin.py:188} INFO - [2024-05-16T12:09:17.998+0000] {dag.py:3096} INFO - Sync 1 DAGs
[2024-05-16T12:09:18.016+0000] {logging_mixin.py:188} INFO - [2024-05-16T12:09:18.016+0000] {dag.py:3954} INFO - Setting next_dagrun for example_branch_python_operator_decorator to 2024-05-15 00:00:00+00:00, run_after=2024-05-16 00:00:00+00:00
[2024-05-16T12:09:18.061+0000] {processor.py:183} INFO - Processing /usr/local/python/3.10.13/lib/python3.10/site-packages/airflow/example_dags/example_branch_operator_decorator.py took 0.120 seconds
[2024-05-16T12:10:24.028+0000] {processor.py:161} INFO - Started process (PID=9064) to work on /usr/local/python/3.10.13/lib/python3.10/site-packages/airflow/example_dags/example_branch_operator_decorator.py
[2024-05-16T12:10:24.029+0000] {processor.py:830} INFO - Processing file /usr/local/python/3.10.13/lib/python3.10/site-packages/airflow/example_dags/example_branch_operator_decorator.py for tasks to queue
[2024-05-16T12:10:24.032+0000] {logging_mixin.py:188} INFO - [2024-05-16T12:10:24.031+0000] {dagbag.py:545} INFO - Filling up the DagBag from /usr/local/python/3.10.13/lib/python3.10/site-packages/airflow/example_dags/example_branch_operator_decorator.py
[2024-05-16T12:10:24.062+0000] {processor.py:840} INFO - DAG(s) 'example_branch_python_operator_decorator' retrieved from /usr/local/python/3.10.13/lib/python3.10/site-packages/airflow/example_dags/example_branch_operator_decorator.py
[2024-05-16T12:10:24.098+0000] {logging_mixin.py:188} INFO - [2024-05-16T12:10:24.098+0000] {dag.py:3096} INFO - Sync 1 DAGs
[2024-05-16T12:10:24.122+0000] {logging_mixin.py:188} INFO - [2024-05-16T12:10:24.121+0000] {dag.py:3954} INFO - Setting next_dagrun for example_branch_python_operator_decorator to 2024-05-15 00:00:00+00:00, run_after=2024-05-16 00:00:00+00:00
[2024-05-16T12:10:24.177+0000] {processor.py:183} INFO - Processing /usr/local/python/3.10.13/lib/python3.10/site-packages/airflow/example_dags/example_branch_operator_decorator.py took 0.154 seconds
[2024-05-16T12:11:25.065+0000] {processor.py:161} INFO - Started process (PID=9498) to work on /usr/local/python/3.10.13/lib/python3.10/site-packages/airflow/example_dags/example_branch_operator_decorator.py
[2024-05-16T12:11:25.066+0000] {processor.py:830} INFO - Processing file /usr/local/python/3.10.13/lib/python3.10/site-packages/airflow/example_dags/example_branch_operator_decorator.py for tasks to queue
[2024-05-16T12:11:25.067+0000] {logging_mixin.py:188} INFO - [2024-05-16T12:11:25.067+0000] {dagbag.py:545} INFO - Filling up the DagBag from /usr/local/python/3.10.13/lib/python3.10/site-packages/airflow/example_dags/example_branch_operator_decorator.py
[2024-05-16T12:11:25.099+0000] {processor.py:840} INFO - DAG(s) 'example_branch_python_operator_decorator' retrieved from /usr/local/python/3.10.13/lib/python3.10/site-packages/airflow/example_dags/example_branch_operator_decorator.py
[2024-05-16T12:11:25.136+0000] {logging_mixin.py:188} INFO - [2024-05-16T12:11:25.136+0000] {dag.py:3096} INFO - Sync 1 DAGs
[2024-05-16T12:11:25.162+0000] {logging_mixin.py:188} INFO - [2024-05-16T12:11:25.162+0000] {dag.py:3954} INFO - Setting next_dagrun for example_branch_python_operator_decorator to 2024-05-15 00:00:00+00:00, run_after=2024-05-16 00:00:00+00:00
[2024-05-16T12:11:25.218+0000] {processor.py:183} INFO - Processing /usr/local/python/3.10.13/lib/python3.10/site-packages/airflow/example_dags/example_branch_operator_decorator.py took 0.158 seconds
[2024-05-16T12:12:25.852+0000] {processor.py:161} INFO - Started process (PID=9910) to work on /usr/local/python/3.10.13/lib/python3.10/site-packages/airflow/example_dags/example_branch_operator_decorator.py
[2024-05-16T12:12:25.853+0000] {processor.py:830} INFO - Processing file /usr/local/python/3.10.13/lib/python3.10/site-packages/airflow/example_dags/example_branch_operator_decorator.py for tasks to queue
[2024-05-16T12:12:25.855+0000] {logging_mixin.py:188} INFO - [2024-05-16T12:12:25.854+0000] {dagbag.py:545} INFO - Filling up the DagBag from /usr/local/python/3.10.13/lib/python3.10/site-packages/airflow/example_dags/example_branch_operator_decorator.py
[2024-05-16T12:12:25.872+0000] {processor.py:840} INFO - DAG(s) 'example_branch_python_operator_decorator' retrieved from /usr/local/python/3.10.13/lib/python3.10/site-packages/airflow/example_dags/example_branch_operator_decorator.py
[2024-05-16T12:12:25.890+0000] {logging_mixin.py:188} INFO - [2024-05-16T12:12:25.890+0000] {dag.py:3096} INFO - Sync 1 DAGs
[2024-05-16T12:12:25.906+0000] {logging_mixin.py:188} INFO - [2024-05-16T12:12:25.906+0000] {dag.py:3954} INFO - Setting next_dagrun for example_branch_python_operator_decorator to 2024-05-15 00:00:00+00:00, run_after=2024-05-16 00:00:00+00:00
[2024-05-16T12:12:25.952+0000] {processor.py:183} INFO - Processing /usr/local/python/3.10.13/lib/python3.10/site-packages/airflow/example_dags/example_branch_operator_decorator.py took 0.104 seconds
[2024-05-16T12:13:29.029+0000] {processor.py:161} INFO - Started process (PID=10366) to work on /usr/local/python/3.10.13/lib/python3.10/site-packages/airflow/example_dags/example_branch_operator_decorator.py
[2024-05-16T12:13:29.030+0000] {processor.py:830} INFO - Processing file /usr/local/python/3.10.13/lib/python3.10/site-packages/airflow/example_dags/example_branch_operator_decorator.py for tasks to queue
[2024-05-16T12:13:29.031+0000] {logging_mixin.py:188} INFO - [2024-05-16T12:13:29.031+0000] {dagbag.py:545} INFO - Filling up the DagBag from /usr/local/python/3.10.13/lib/python3.10/site-packages/airflow/example_dags/example_branch_operator_decorator.py
[2024-05-16T12:13:29.049+0000] {processor.py:840} INFO - DAG(s) 'example_branch_python_operator_decorator' retrieved from /usr/local/python/3.10.13/lib/python3.10/site-packages/airflow/example_dags/example_branch_operator_decorator.py
[2024-05-16T12:13:29.068+0000] {logging_mixin.py:188} INFO - [2024-05-16T12:13:29.068+0000] {dag.py:3096} INFO - Sync 1 DAGs
[2024-05-16T12:13:29.083+0000] {logging_mixin.py:188} INFO - [2024-05-16T12:13:29.083+0000] {dag.py:3954} INFO - Setting next_dagrun for example_branch_python_operator_decorator to 2024-05-15 00:00:00+00:00, run_after=2024-05-16 00:00:00+00:00
[2024-05-16T12:13:29.131+0000] {processor.py:183} INFO - Processing /usr/local/python/3.10.13/lib/python3.10/site-packages/airflow/example_dags/example_branch_operator_decorator.py took 0.108 seconds
[2024-05-16T12:14:31.085+0000] {processor.py:161} INFO - Started process (PID=10791) to work on /usr/local/python/3.10.13/lib/python3.10/site-packages/airflow/example_dags/example_branch_operator_decorator.py
[2024-05-16T12:14:31.086+0000] {processor.py:830} INFO - Processing file /usr/local/python/3.10.13/lib/python3.10/site-packages/airflow/example_dags/example_branch_operator_decorator.py for tasks to queue
[2024-05-16T12:14:31.087+0000] {logging_mixin.py:188} INFO - [2024-05-16T12:14:31.087+0000] {dagbag.py:545} INFO - Filling up the DagBag from /usr/local/python/3.10.13/lib/python3.10/site-packages/airflow/example_dags/example_branch_operator_decorator.py
[2024-05-16T12:14:31.106+0000] {processor.py:840} INFO - DAG(s) 'example_branch_python_operator_decorator' retrieved from /usr/local/python/3.10.13/lib/python3.10/site-packages/airflow/example_dags/example_branch_operator_decorator.py
[2024-05-16T12:14:31.126+0000] {logging_mixin.py:188} INFO - [2024-05-16T12:14:31.125+0000] {dag.py:3096} INFO - Sync 1 DAGs
[2024-05-16T12:14:31.141+0000] {logging_mixin.py:188} INFO - [2024-05-16T12:14:31.141+0000] {dag.py:3954} INFO - Setting next_dagrun for example_branch_python_operator_decorator to 2024-05-15 00:00:00+00:00, run_after=2024-05-16 00:00:00+00:00
[2024-05-16T12:14:31.191+0000] {processor.py:183} INFO - Processing /usr/local/python/3.10.13/lib/python3.10/site-packages/airflow/example_dags/example_branch_operator_decorator.py took 0.110 seconds
[2024-05-16T12:15:35.534+0000] {processor.py:161} INFO - Started process (PID=11234) to work on /usr/local/python/3.10.13/lib/python3.10/site-packages/airflow/example_dags/example_branch_operator_decorator.py
[2024-05-16T12:15:35.535+0000] {processor.py:830} INFO - Processing file /usr/local/python/3.10.13/lib/python3.10/site-packages/airflow/example_dags/example_branch_operator_decorator.py for tasks to queue
[2024-05-16T12:15:35.536+0000] {logging_mixin.py:188} INFO - [2024-05-16T12:15:35.536+0000] {dagbag.py:545} INFO - Filling up the DagBag from /usr/local/python/3.10.13/lib/python3.10/site-packages/airflow/example_dags/example_branch_operator_decorator.py
[2024-05-16T12:15:35.556+0000] {processor.py:840} INFO - DAG(s) 'example_branch_python_operator_decorator' retrieved from /usr/local/python/3.10.13/lib/python3.10/site-packages/airflow/example_dags/example_branch_operator_decorator.py
[2024-05-16T12:15:35.575+0000] {logging_mixin.py:188} INFO - [2024-05-16T12:15:35.574+0000] {dag.py:3096} INFO - Sync 1 DAGs
[2024-05-16T12:15:35.590+0000] {logging_mixin.py:188} INFO - [2024-05-16T12:15:35.590+0000] {dag.py:3954} INFO - Setting next_dagrun for example_branch_python_operator_decorator to 2024-05-15 00:00:00+00:00, run_after=2024-05-16 00:00:00+00:00
[2024-05-16T12:15:35.636+0000] {processor.py:183} INFO - Processing /usr/local/python/3.10.13/lib/python3.10/site-packages/airflow/example_dags/example_branch_operator_decorator.py took 0.107 seconds
[2024-05-16T12:16:41.860+0000] {processor.py:161} INFO - Started process (PID=11733) to work on /usr/local/python/3.10.13/lib/python3.10/site-packages/airflow/example_dags/example_branch_operator_decorator.py
[2024-05-16T12:16:41.861+0000] {processor.py:830} INFO - Processing file /usr/local/python/3.10.13/lib/python3.10/site-packages/airflow/example_dags/example_branch_operator_decorator.py for tasks to queue
[2024-05-16T12:16:41.862+0000] {logging_mixin.py:188} INFO - [2024-05-16T12:16:41.862+0000] {dagbag.py:545} INFO - Filling up the DagBag from /usr/local/python/3.10.13/lib/python3.10/site-packages/airflow/example_dags/example_branch_operator_decorator.py
[2024-05-16T12:16:41.879+0000] {processor.py:840} INFO - DAG(s) 'example_branch_python_operator_decorator' retrieved from /usr/local/python/3.10.13/lib/python3.10/site-packages/airflow/example_dags/example_branch_operator_decorator.py
[2024-05-16T12:16:41.898+0000] {logging_mixin.py:188} INFO - [2024-05-16T12:16:41.898+0000] {dag.py:3096} INFO - Sync 1 DAGs
[2024-05-16T12:16:41.913+0000] {logging_mixin.py:188} INFO - [2024-05-16T12:16:41.913+0000] {dag.py:3954} INFO - Setting next_dagrun for example_branch_python_operator_decorator to 2024-05-15 00:00:00+00:00, run_after=2024-05-16 00:00:00+00:00
[2024-05-16T12:16:41.961+0000] {processor.py:183} INFO - Processing /usr/local/python/3.10.13/lib/python3.10/site-packages/airflow/example_dags/example_branch_operator_decorator.py took 0.106 seconds
[2024-05-16T12:17:44.550+0000] {processor.py:161} INFO - Started process (PID=12188) to work on /usr/local/python/3.10.13/lib/python3.10/site-packages/airflow/example_dags/example_branch_operator_decorator.py
[2024-05-16T12:17:44.550+0000] {processor.py:830} INFO - Processing file /usr/local/python/3.10.13/lib/python3.10/site-packages/airflow/example_dags/example_branch_operator_decorator.py for tasks to queue
[2024-05-16T12:17:44.552+0000] {logging_mixin.py:188} INFO - [2024-05-16T12:17:44.551+0000] {dagbag.py:545} INFO - Filling up the DagBag from /usr/local/python/3.10.13/lib/python3.10/site-packages/airflow/example_dags/example_branch_operator_decorator.py
[2024-05-16T12:17:44.570+0000] {processor.py:840} INFO - DAG(s) 'example_branch_python_operator_decorator' retrieved from /usr/local/python/3.10.13/lib/python3.10/site-packages/airflow/example_dags/example_branch_operator_decorator.py
[2024-05-16T12:17:44.589+0000] {logging_mixin.py:188} INFO - [2024-05-16T12:17:44.589+0000] {dag.py:3096} INFO - Sync 1 DAGs
[2024-05-16T12:17:44.604+0000] {logging_mixin.py:188} INFO - [2024-05-16T12:17:44.604+0000] {dag.py:3954} INFO - Setting next_dagrun for example_branch_python_operator_decorator to 2024-05-15 00:00:00+00:00, run_after=2024-05-16 00:00:00+00:00
[2024-05-16T12:17:44.650+0000] {processor.py:183} INFO - Processing /usr/local/python/3.10.13/lib/python3.10/site-packages/airflow/example_dags/example_branch_operator_decorator.py took 0.105 seconds
[2024-05-16T12:18:45.992+0000] {processor.py:161} INFO - Started process (PID=12623) to work on /usr/local/python/3.10.13/lib/python3.10/site-packages/airflow/example_dags/example_branch_operator_decorator.py
[2024-05-16T12:18:45.993+0000] {processor.py:830} INFO - Processing file /usr/local/python/3.10.13/lib/python3.10/site-packages/airflow/example_dags/example_branch_operator_decorator.py for tasks to queue
[2024-05-16T12:18:45.994+0000] {logging_mixin.py:188} INFO - [2024-05-16T12:18:45.994+0000] {dagbag.py:545} INFO - Filling up the DagBag from /usr/local/python/3.10.13/lib/python3.10/site-packages/airflow/example_dags/example_branch_operator_decorator.py
[2024-05-16T12:18:46.012+0000] {processor.py:840} INFO - DAG(s) 'example_branch_python_operator_decorator' retrieved from /usr/local/python/3.10.13/lib/python3.10/site-packages/airflow/example_dags/example_branch_operator_decorator.py
[2024-05-16T12:18:46.032+0000] {logging_mixin.py:188} INFO - [2024-05-16T12:18:46.032+0000] {dag.py:3096} INFO - Sync 1 DAGs
[2024-05-16T12:18:46.048+0000] {logging_mixin.py:188} INFO - [2024-05-16T12:18:46.047+0000] {dag.py:3954} INFO - Setting next_dagrun for example_branch_python_operator_decorator to 2024-05-15 00:00:00+00:00, run_after=2024-05-16 00:00:00+00:00
[2024-05-16T12:18:46.095+0000] {processor.py:183} INFO - Processing /usr/local/python/3.10.13/lib/python3.10/site-packages/airflow/example_dags/example_branch_operator_decorator.py took 0.107 seconds
[2024-05-16T12:19:50.624+0000] {processor.py:161} INFO - Started process (PID=13079) to work on /usr/local/python/3.10.13/lib/python3.10/site-packages/airflow/example_dags/example_branch_operator_decorator.py
[2024-05-16T12:19:50.624+0000] {processor.py:830} INFO - Processing file /usr/local/python/3.10.13/lib/python3.10/site-packages/airflow/example_dags/example_branch_operator_decorator.py for tasks to queue
[2024-05-16T12:19:50.626+0000] {logging_mixin.py:188} INFO - [2024-05-16T12:19:50.626+0000] {dagbag.py:545} INFO - Filling up the DagBag from /usr/local/python/3.10.13/lib/python3.10/site-packages/airflow/example_dags/example_branch_operator_decorator.py
[2024-05-16T12:19:50.643+0000] {processor.py:840} INFO - DAG(s) 'example_branch_python_operator_decorator' retrieved from /usr/local/python/3.10.13/lib/python3.10/site-packages/airflow/example_dags/example_branch_operator_decorator.py
[2024-05-16T12:19:50.662+0000] {logging_mixin.py:188} INFO - [2024-05-16T12:19:50.661+0000] {dag.py:3096} INFO - Sync 1 DAGs
[2024-05-16T12:19:50.679+0000] {logging_mixin.py:188} INFO - [2024-05-16T12:19:50.679+0000] {dag.py:3954} INFO - Setting next_dagrun for example_branch_python_operator_decorator to 2024-05-15 00:00:00+00:00, run_after=2024-05-16 00:00:00+00:00
[2024-05-16T12:19:50.725+0000] {processor.py:183} INFO - Processing /usr/local/python/3.10.13/lib/python3.10/site-packages/airflow/example_dags/example_branch_operator_decorator.py took 0.106 seconds
[2024-05-16T12:20:52.648+0000] {processor.py:161} INFO - Started process (PID=13519) to work on /usr/local/python/3.10.13/lib/python3.10/site-packages/airflow/example_dags/example_branch_operator_decorator.py
[2024-05-16T12:20:52.649+0000] {processor.py:830} INFO - Processing file /usr/local/python/3.10.13/lib/python3.10/site-packages/airflow/example_dags/example_branch_operator_decorator.py for tasks to queue
[2024-05-16T12:20:52.650+0000] {logging_mixin.py:188} INFO - [2024-05-16T12:20:52.650+0000] {dagbag.py:545} INFO - Filling up the DagBag from /usr/local/python/3.10.13/lib/python3.10/site-packages/airflow/example_dags/example_branch_operator_decorator.py
[2024-05-16T12:20:52.668+0000] {processor.py:840} INFO - DAG(s) 'example_branch_python_operator_decorator' retrieved from /usr/local/python/3.10.13/lib/python3.10/site-packages/airflow/example_dags/example_branch_operator_decorator.py
[2024-05-16T12:20:52.686+0000] {logging_mixin.py:188} INFO - [2024-05-16T12:20:52.686+0000] {dag.py:3096} INFO - Sync 1 DAGs
[2024-05-16T12:20:52.701+0000] {logging_mixin.py:188} INFO - [2024-05-16T12:20:52.701+0000] {dag.py:3954} INFO - Setting next_dagrun for example_branch_python_operator_decorator to 2024-05-15 00:00:00+00:00, run_after=2024-05-16 00:00:00+00:00
[2024-05-16T12:20:52.752+0000] {processor.py:183} INFO - Processing /usr/local/python/3.10.13/lib/python3.10/site-packages/airflow/example_dags/example_branch_operator_decorator.py took 0.108 seconds
[2024-05-16T12:21:57.353+0000] {processor.py:161} INFO - Started process (PID=13986) to work on /usr/local/python/3.10.13/lib/python3.10/site-packages/airflow/example_dags/example_branch_operator_decorator.py
[2024-05-16T12:21:57.354+0000] {processor.py:830} INFO - Processing file /usr/local/python/3.10.13/lib/python3.10/site-packages/airflow/example_dags/example_branch_operator_decorator.py for tasks to queue
[2024-05-16T12:21:57.355+0000] {logging_mixin.py:188} INFO - [2024-05-16T12:21:57.355+0000] {dagbag.py:545} INFO - Filling up the DagBag from /usr/local/python/3.10.13/lib/python3.10/site-packages/airflow/example_dags/example_branch_operator_decorator.py
[2024-05-16T12:21:57.373+0000] {processor.py:840} INFO - DAG(s) 'example_branch_python_operator_decorator' retrieved from /usr/local/python/3.10.13/lib/python3.10/site-packages/airflow/example_dags/example_branch_operator_decorator.py
[2024-05-16T12:21:57.394+0000] {logging_mixin.py:188} INFO - [2024-05-16T12:21:57.394+0000] {dag.py:3096} INFO - Sync 1 DAGs
[2024-05-16T12:21:57.410+0000] {logging_mixin.py:188} INFO - [2024-05-16T12:21:57.410+0000] {dag.py:3954} INFO - Setting next_dagrun for example_branch_python_operator_decorator to 2024-05-15 00:00:00+00:00, run_after=2024-05-16 00:00:00+00:00
[2024-05-16T12:21:57.456+0000] {processor.py:183} INFO - Processing /usr/local/python/3.10.13/lib/python3.10/site-packages/airflow/example_dags/example_branch_operator_decorator.py took 0.107 seconds
[2024-05-16T12:23:03.315+0000] {processor.py:161} INFO - Started process (PID=14474) to work on /usr/local/python/3.10.13/lib/python3.10/site-packages/airflow/example_dags/example_branch_operator_decorator.py
[2024-05-16T12:23:03.316+0000] {processor.py:830} INFO - Processing file /usr/local/python/3.10.13/lib/python3.10/site-packages/airflow/example_dags/example_branch_operator_decorator.py for tasks to queue
[2024-05-16T12:23:03.317+0000] {logging_mixin.py:188} INFO - [2024-05-16T12:23:03.317+0000] {dagbag.py:545} INFO - Filling up the DagBag from /usr/local/python/3.10.13/lib/python3.10/site-packages/airflow/example_dags/example_branch_operator_decorator.py
[2024-05-16T12:23:03.335+0000] {processor.py:840} INFO - DAG(s) 'example_branch_python_operator_decorator' retrieved from /usr/local/python/3.10.13/lib/python3.10/site-packages/airflow/example_dags/example_branch_operator_decorator.py
[2024-05-16T12:23:03.355+0000] {logging_mixin.py:188} INFO - [2024-05-16T12:23:03.355+0000] {dag.py:3096} INFO - Sync 1 DAGs
[2024-05-16T12:23:03.371+0000] {logging_mixin.py:188} INFO - [2024-05-16T12:23:03.371+0000] {dag.py:3954} INFO - Setting next_dagrun for example_branch_python_operator_decorator to 2024-05-15 00:00:00+00:00, run_after=2024-05-16 00:00:00+00:00
[2024-05-16T12:23:03.418+0000] {processor.py:183} INFO - Processing /usr/local/python/3.10.13/lib/python3.10/site-packages/airflow/example_dags/example_branch_operator_decorator.py took 0.108 seconds
[2024-05-16T12:24:09.298+0000] {processor.py:161} INFO - Started process (PID=14979) to work on /usr/local/python/3.10.13/lib/python3.10/site-packages/airflow/example_dags/example_branch_operator_decorator.py
[2024-05-16T12:24:09.299+0000] {processor.py:830} INFO - Processing file /usr/local/python/3.10.13/lib/python3.10/site-packages/airflow/example_dags/example_branch_operator_decorator.py for tasks to queue
[2024-05-16T12:24:09.300+0000] {logging_mixin.py:188} INFO - [2024-05-16T12:24:09.300+0000] {dagbag.py:545} INFO - Filling up the DagBag from /usr/local/python/3.10.13/lib/python3.10/site-packages/airflow/example_dags/example_branch_operator_decorator.py
[2024-05-16T12:24:09.319+0000] {processor.py:840} INFO - DAG(s) 'example_branch_python_operator_decorator' retrieved from /usr/local/python/3.10.13/lib/python3.10/site-packages/airflow/example_dags/example_branch_operator_decorator.py
[2024-05-16T12:24:09.338+0000] {logging_mixin.py:188} INFO - [2024-05-16T12:24:09.338+0000] {dag.py:3096} INFO - Sync 1 DAGs
[2024-05-16T12:24:09.353+0000] {logging_mixin.py:188} INFO - [2024-05-16T12:24:09.353+0000] {dag.py:3954} INFO - Setting next_dagrun for example_branch_python_operator_decorator to 2024-05-15 00:00:00+00:00, run_after=2024-05-16 00:00:00+00:00
[2024-05-16T12:24:09.398+0000] {processor.py:183} INFO - Processing /usr/local/python/3.10.13/lib/python3.10/site-packages/airflow/example_dags/example_branch_operator_decorator.py took 0.104 seconds
[2024-05-16T12:25:11.470+0000] {processor.py:161} INFO - Started process (PID=15448) to work on /usr/local/python/3.10.13/lib/python3.10/site-packages/airflow/example_dags/example_branch_operator_decorator.py
[2024-05-16T12:25:11.471+0000] {processor.py:830} INFO - Processing file /usr/local/python/3.10.13/lib/python3.10/site-packages/airflow/example_dags/example_branch_operator_decorator.py for tasks to queue
[2024-05-16T12:25:11.472+0000] {logging_mixin.py:188} INFO - [2024-05-16T12:25:11.472+0000] {dagbag.py:545} INFO - Filling up the DagBag from /usr/local/python/3.10.13/lib/python3.10/site-packages/airflow/example_dags/example_branch_operator_decorator.py
[2024-05-16T12:25:11.490+0000] {processor.py:840} INFO - DAG(s) 'example_branch_python_operator_decorator' retrieved from /usr/local/python/3.10.13/lib/python3.10/site-packages/airflow/example_dags/example_branch_operator_decorator.py
[2024-05-16T12:25:11.510+0000] {logging_mixin.py:188} INFO - [2024-05-16T12:25:11.509+0000] {dag.py:3096} INFO - Sync 1 DAGs
[2024-05-16T12:25:11.526+0000] {logging_mixin.py:188} INFO - [2024-05-16T12:25:11.526+0000] {dag.py:3954} INFO - Setting next_dagrun for example_branch_python_operator_decorator to 2024-05-15 00:00:00+00:00, run_after=2024-05-16 00:00:00+00:00
[2024-05-16T12:25:11.574+0000] {processor.py:183} INFO - Processing /usr/local/python/3.10.13/lib/python3.10/site-packages/airflow/example_dags/example_branch_operator_decorator.py took 0.109 seconds
[2024-05-16T12:26:10.365+0000] {processor.py:161} INFO - Started process (PID=15877) to work on /usr/local/python/3.10.13/lib/python3.10/site-packages/airflow/example_dags/example_branch_operator_decorator.py
[2024-05-16T12:26:10.366+0000] {processor.py:830} INFO - Processing file /usr/local/python/3.10.13/lib/python3.10/site-packages/airflow/example_dags/example_branch_operator_decorator.py for tasks to queue
[2024-05-16T12:26:10.367+0000] {logging_mixin.py:188} INFO - [2024-05-16T12:26:10.367+0000] {dagbag.py:545} INFO - Filling up the DagBag from /usr/local/python/3.10.13/lib/python3.10/site-packages/airflow/example_dags/example_branch_operator_decorator.py
[2024-05-16T12:26:10.385+0000] {processor.py:840} INFO - DAG(s) 'example_branch_python_operator_decorator' retrieved from /usr/local/python/3.10.13/lib/python3.10/site-packages/airflow/example_dags/example_branch_operator_decorator.py
[2024-05-16T12:26:10.403+0000] {logging_mixin.py:188} INFO - [2024-05-16T12:26:10.403+0000] {dag.py:3096} INFO - Sync 1 DAGs
[2024-05-16T12:26:10.419+0000] {logging_mixin.py:188} INFO - [2024-05-16T12:26:10.419+0000] {dag.py:3954} INFO - Setting next_dagrun for example_branch_python_operator_decorator to 2024-05-15 00:00:00+00:00, run_after=2024-05-16 00:00:00+00:00
[2024-05-16T12:26:10.463+0000] {processor.py:183} INFO - Processing /usr/local/python/3.10.13/lib/python3.10/site-packages/airflow/example_dags/example_branch_operator_decorator.py took 0.103 seconds
[2024-05-16T12:27:13.571+0000] {processor.py:161} INFO - Started process (PID=16361) to work on /usr/local/python/3.10.13/lib/python3.10/site-packages/airflow/example_dags/example_branch_operator_decorator.py
[2024-05-16T12:27:13.571+0000] {processor.py:830} INFO - Processing file /usr/local/python/3.10.13/lib/python3.10/site-packages/airflow/example_dags/example_branch_operator_decorator.py for tasks to queue
[2024-05-16T12:27:13.573+0000] {logging_mixin.py:188} INFO - [2024-05-16T12:27:13.572+0000] {dagbag.py:545} INFO - Filling up the DagBag from /usr/local/python/3.10.13/lib/python3.10/site-packages/airflow/example_dags/example_branch_operator_decorator.py
[2024-05-16T12:27:13.590+0000] {processor.py:840} INFO - DAG(s) 'example_branch_python_operator_decorator' retrieved from /usr/local/python/3.10.13/lib/python3.10/site-packages/airflow/example_dags/example_branch_operator_decorator.py
[2024-05-16T12:27:13.609+0000] {logging_mixin.py:188} INFO - [2024-05-16T12:27:13.609+0000] {dag.py:3096} INFO - Sync 1 DAGs
[2024-05-16T12:27:13.628+0000] {logging_mixin.py:188} INFO - [2024-05-16T12:27:13.627+0000] {dag.py:3954} INFO - Setting next_dagrun for example_branch_python_operator_decorator to 2024-05-15 00:00:00+00:00, run_after=2024-05-16 00:00:00+00:00
[2024-05-16T12:27:13.687+0000] {processor.py:183} INFO - Processing /usr/local/python/3.10.13/lib/python3.10/site-packages/airflow/example_dags/example_branch_operator_decorator.py took 0.121 seconds
[2024-05-16T12:28:18.332+0000] {processor.py:161} INFO - Started process (PID=16828) to work on /usr/local/python/3.10.13/lib/python3.10/site-packages/airflow/example_dags/example_branch_operator_decorator.py
[2024-05-16T12:28:18.333+0000] {processor.py:830} INFO - Processing file /usr/local/python/3.10.13/lib/python3.10/site-packages/airflow/example_dags/example_branch_operator_decorator.py for tasks to queue
[2024-05-16T12:28:18.334+0000] {logging_mixin.py:188} INFO - [2024-05-16T12:28:18.334+0000] {dagbag.py:545} INFO - Filling up the DagBag from /usr/local/python/3.10.13/lib/python3.10/site-packages/airflow/example_dags/example_branch_operator_decorator.py
[2024-05-16T12:28:18.351+0000] {processor.py:840} INFO - DAG(s) 'example_branch_python_operator_decorator' retrieved from /usr/local/python/3.10.13/lib/python3.10/site-packages/airflow/example_dags/example_branch_operator_decorator.py
[2024-05-16T12:28:18.370+0000] {logging_mixin.py:188} INFO - [2024-05-16T12:28:18.370+0000] {dag.py:3096} INFO - Sync 1 DAGs
[2024-05-16T12:28:18.385+0000] {logging_mixin.py:188} INFO - [2024-05-16T12:28:18.385+0000] {dag.py:3954} INFO - Setting next_dagrun for example_branch_python_operator_decorator to 2024-05-15 00:00:00+00:00, run_after=2024-05-16 00:00:00+00:00
[2024-05-16T12:28:18.430+0000] {processor.py:183} INFO - Processing /usr/local/python/3.10.13/lib/python3.10/site-packages/airflow/example_dags/example_branch_operator_decorator.py took 0.103 seconds
[2024-05-16T12:29:20.498+0000] {processor.py:161} INFO - Started process (PID=17268) to work on /usr/local/python/3.10.13/lib/python3.10/site-packages/airflow/example_dags/example_branch_operator_decorator.py
[2024-05-16T12:29:20.499+0000] {processor.py:830} INFO - Processing file /usr/local/python/3.10.13/lib/python3.10/site-packages/airflow/example_dags/example_branch_operator_decorator.py for tasks to queue
[2024-05-16T12:29:20.500+0000] {logging_mixin.py:188} INFO - [2024-05-16T12:29:20.500+0000] {dagbag.py:545} INFO - Filling up the DagBag from /usr/local/python/3.10.13/lib/python3.10/site-packages/airflow/example_dags/example_branch_operator_decorator.py
[2024-05-16T12:29:20.538+0000] {processor.py:840} INFO - DAG(s) 'example_branch_python_operator_decorator' retrieved from /usr/local/python/3.10.13/lib/python3.10/site-packages/airflow/example_dags/example_branch_operator_decorator.py
[2024-05-16T12:29:20.557+0000] {logging_mixin.py:188} INFO - [2024-05-16T12:29:20.557+0000] {dag.py:3096} INFO - Sync 1 DAGs
[2024-05-16T12:29:20.572+0000] {logging_mixin.py:188} INFO - [2024-05-16T12:29:20.572+0000] {dag.py:3954} INFO - Setting next_dagrun for example_branch_python_operator_decorator to 2024-05-15 00:00:00+00:00, run_after=2024-05-16 00:00:00+00:00
[2024-05-16T12:29:20.616+0000] {processor.py:183} INFO - Processing /usr/local/python/3.10.13/lib/python3.10/site-packages/airflow/example_dags/example_branch_operator_decorator.py took 0.125 seconds
[2024-05-16T12:30:25.478+0000] {processor.py:161} INFO - Started process (PID=17739) to work on /usr/local/python/3.10.13/lib/python3.10/site-packages/airflow/example_dags/example_branch_operator_decorator.py
[2024-05-16T12:30:25.479+0000] {processor.py:830} INFO - Processing file /usr/local/python/3.10.13/lib/python3.10/site-packages/airflow/example_dags/example_branch_operator_decorator.py for tasks to queue
[2024-05-16T12:30:25.480+0000] {logging_mixin.py:188} INFO - [2024-05-16T12:30:25.480+0000] {dagbag.py:545} INFO - Filling up the DagBag from /usr/local/python/3.10.13/lib/python3.10/site-packages/airflow/example_dags/example_branch_operator_decorator.py
[2024-05-16T12:30:25.503+0000] {processor.py:840} INFO - DAG(s) 'example_branch_python_operator_decorator' retrieved from /usr/local/python/3.10.13/lib/python3.10/site-packages/airflow/example_dags/example_branch_operator_decorator.py
[2024-05-16T12:30:25.526+0000] {logging_mixin.py:188} INFO - [2024-05-16T12:30:25.526+0000] {dag.py:3096} INFO - Sync 1 DAGs
[2024-05-16T12:30:25.542+0000] {logging_mixin.py:188} INFO - [2024-05-16T12:30:25.541+0000] {dag.py:3954} INFO - Setting next_dagrun for example_branch_python_operator_decorator to 2024-05-15 00:00:00+00:00, run_after=2024-05-16 00:00:00+00:00
[2024-05-16T12:30:25.592+0000] {processor.py:183} INFO - Processing /usr/local/python/3.10.13/lib/python3.10/site-packages/airflow/example_dags/example_branch_operator_decorator.py took 0.119 seconds
[2024-05-16T12:31:31.727+0000] {processor.py:161} INFO - Started process (PID=18222) to work on /usr/local/python/3.10.13/lib/python3.10/site-packages/airflow/example_dags/example_branch_operator_decorator.py
[2024-05-16T12:31:31.727+0000] {processor.py:830} INFO - Processing file /usr/local/python/3.10.13/lib/python3.10/site-packages/airflow/example_dags/example_branch_operator_decorator.py for tasks to queue
[2024-05-16T12:31:31.729+0000] {logging_mixin.py:188} INFO - [2024-05-16T12:31:31.728+0000] {dagbag.py:545} INFO - Filling up the DagBag from /usr/local/python/3.10.13/lib/python3.10/site-packages/airflow/example_dags/example_branch_operator_decorator.py
[2024-05-16T12:31:31.755+0000] {processor.py:840} INFO - DAG(s) 'example_branch_python_operator_decorator' retrieved from /usr/local/python/3.10.13/lib/python3.10/site-packages/airflow/example_dags/example_branch_operator_decorator.py
[2024-05-16T12:31:31.785+0000] {logging_mixin.py:188} INFO - [2024-05-16T12:31:31.784+0000] {dag.py:3096} INFO - Sync 1 DAGs
[2024-05-16T12:31:31.812+0000] {logging_mixin.py:188} INFO - [2024-05-16T12:31:31.812+0000] {dag.py:3954} INFO - Setting next_dagrun for example_branch_python_operator_decorator to 2024-05-15 00:00:00+00:00, run_after=2024-05-16 00:00:00+00:00
[2024-05-16T12:31:31.876+0000] {processor.py:183} INFO - Processing /usr/local/python/3.10.13/lib/python3.10/site-packages/airflow/example_dags/example_branch_operator_decorator.py took 0.154 seconds
[2024-05-16T12:32:32.628+0000] {processor.py:161} INFO - Started process (PID=18656) to work on /usr/local/python/3.10.13/lib/python3.10/site-packages/airflow/example_dags/example_branch_operator_decorator.py
[2024-05-16T12:32:32.629+0000] {processor.py:830} INFO - Processing file /usr/local/python/3.10.13/lib/python3.10/site-packages/airflow/example_dags/example_branch_operator_decorator.py for tasks to queue
[2024-05-16T12:32:32.630+0000] {logging_mixin.py:188} INFO - [2024-05-16T12:32:32.630+0000] {dagbag.py:545} INFO - Filling up the DagBag from /usr/local/python/3.10.13/lib/python3.10/site-packages/airflow/example_dags/example_branch_operator_decorator.py
[2024-05-16T12:32:32.649+0000] {processor.py:840} INFO - DAG(s) 'example_branch_python_operator_decorator' retrieved from /usr/local/python/3.10.13/lib/python3.10/site-packages/airflow/example_dags/example_branch_operator_decorator.py
[2024-05-16T12:32:32.668+0000] {logging_mixin.py:188} INFO - [2024-05-16T12:32:32.668+0000] {dag.py:3096} INFO - Sync 1 DAGs
[2024-05-16T12:32:32.685+0000] {logging_mixin.py:188} INFO - [2024-05-16T12:32:32.685+0000] {dag.py:3954} INFO - Setting next_dagrun for example_branch_python_operator_decorator to 2024-05-15 00:00:00+00:00, run_after=2024-05-16 00:00:00+00:00
[2024-05-16T12:32:32.732+0000] {processor.py:183} INFO - Processing /usr/local/python/3.10.13/lib/python3.10/site-packages/airflow/example_dags/example_branch_operator_decorator.py took 0.109 seconds
[2024-05-16T12:33:34.528+0000] {processor.py:161} INFO - Started process (PID=19112) to work on /usr/local/python/3.10.13/lib/python3.10/site-packages/airflow/example_dags/example_branch_operator_decorator.py
[2024-05-16T12:33:34.529+0000] {processor.py:830} INFO - Processing file /usr/local/python/3.10.13/lib/python3.10/site-packages/airflow/example_dags/example_branch_operator_decorator.py for tasks to queue
[2024-05-16T12:33:34.530+0000] {logging_mixin.py:188} INFO - [2024-05-16T12:33:34.530+0000] {dagbag.py:545} INFO - Filling up the DagBag from /usr/local/python/3.10.13/lib/python3.10/site-packages/airflow/example_dags/example_branch_operator_decorator.py
[2024-05-16T12:33:34.548+0000] {processor.py:840} INFO - DAG(s) 'example_branch_python_operator_decorator' retrieved from /usr/local/python/3.10.13/lib/python3.10/site-packages/airflow/example_dags/example_branch_operator_decorator.py
[2024-05-16T12:33:34.567+0000] {logging_mixin.py:188} INFO - [2024-05-16T12:33:34.566+0000] {dag.py:3096} INFO - Sync 1 DAGs
[2024-05-16T12:33:34.588+0000] {logging_mixin.py:188} INFO - [2024-05-16T12:33:34.587+0000] {dag.py:3954} INFO - Setting next_dagrun for example_branch_python_operator_decorator to 2024-05-15 00:00:00+00:00, run_after=2024-05-16 00:00:00+00:00
[2024-05-16T12:33:34.649+0000] {processor.py:183} INFO - Processing /usr/local/python/3.10.13/lib/python3.10/site-packages/airflow/example_dags/example_branch_operator_decorator.py took 0.125 seconds
[2024-05-16T12:34:39.628+0000] {processor.py:161} INFO - Started process (PID=19582) to work on /usr/local/python/3.10.13/lib/python3.10/site-packages/airflow/example_dags/example_branch_operator_decorator.py
[2024-05-16T12:34:39.629+0000] {processor.py:830} INFO - Processing file /usr/local/python/3.10.13/lib/python3.10/site-packages/airflow/example_dags/example_branch_operator_decorator.py for tasks to queue
[2024-05-16T12:34:39.630+0000] {logging_mixin.py:188} INFO - [2024-05-16T12:34:39.630+0000] {dagbag.py:545} INFO - Filling up the DagBag from /usr/local/python/3.10.13/lib/python3.10/site-packages/airflow/example_dags/example_branch_operator_decorator.py
[2024-05-16T12:34:39.648+0000] {processor.py:840} INFO - DAG(s) 'example_branch_python_operator_decorator' retrieved from /usr/local/python/3.10.13/lib/python3.10/site-packages/airflow/example_dags/example_branch_operator_decorator.py
[2024-05-16T12:34:39.667+0000] {logging_mixin.py:188} INFO - [2024-05-16T12:34:39.667+0000] {dag.py:3096} INFO - Sync 1 DAGs
[2024-05-16T12:34:39.683+0000] {logging_mixin.py:188} INFO - [2024-05-16T12:34:39.683+0000] {dag.py:3954} INFO - Setting next_dagrun for example_branch_python_operator_decorator to 2024-05-15 00:00:00+00:00, run_after=2024-05-16 00:00:00+00:00
[2024-05-16T12:34:39.729+0000] {processor.py:183} INFO - Processing /usr/local/python/3.10.13/lib/python3.10/site-packages/airflow/example_dags/example_branch_operator_decorator.py took 0.106 seconds
[2024-05-16T12:35:44.222+0000] {processor.py:161} INFO - Started process (PID=20073) to work on /usr/local/python/3.10.13/lib/python3.10/site-packages/airflow/example_dags/example_branch_operator_decorator.py
[2024-05-16T12:35:44.223+0000] {processor.py:830} INFO - Processing file /usr/local/python/3.10.13/lib/python3.10/site-packages/airflow/example_dags/example_branch_operator_decorator.py for tasks to queue
[2024-05-16T12:35:44.224+0000] {logging_mixin.py:188} INFO - [2024-05-16T12:35:44.224+0000] {dagbag.py:545} INFO - Filling up the DagBag from /usr/local/python/3.10.13/lib/python3.10/site-packages/airflow/example_dags/example_branch_operator_decorator.py
[2024-05-16T12:35:44.243+0000] {processor.py:840} INFO - DAG(s) 'example_branch_python_operator_decorator' retrieved from /usr/local/python/3.10.13/lib/python3.10/site-packages/airflow/example_dags/example_branch_operator_decorator.py
[2024-05-16T12:35:44.263+0000] {logging_mixin.py:188} INFO - [2024-05-16T12:35:44.263+0000] {dag.py:3096} INFO - Sync 1 DAGs
[2024-05-16T12:35:44.278+0000] {logging_mixin.py:188} INFO - [2024-05-16T12:35:44.278+0000] {dag.py:3954} INFO - Setting next_dagrun for example_branch_python_operator_decorator to 2024-05-15 00:00:00+00:00, run_after=2024-05-16 00:00:00+00:00
[2024-05-16T12:35:44.322+0000] {processor.py:183} INFO - Processing /usr/local/python/3.10.13/lib/python3.10/site-packages/airflow/example_dags/example_branch_operator_decorator.py took 0.104 seconds
[2024-05-16T12:36:42.996+0000] {processor.py:161} INFO - Started process (PID=20504) to work on /usr/local/python/3.10.13/lib/python3.10/site-packages/airflow/example_dags/example_branch_operator_decorator.py
[2024-05-16T12:36:42.997+0000] {processor.py:830} INFO - Processing file /usr/local/python/3.10.13/lib/python3.10/site-packages/airflow/example_dags/example_branch_operator_decorator.py for tasks to queue
[2024-05-16T12:36:42.999+0000] {logging_mixin.py:188} INFO - [2024-05-16T12:36:42.999+0000] {dagbag.py:545} INFO - Filling up the DagBag from /usr/local/python/3.10.13/lib/python3.10/site-packages/airflow/example_dags/example_branch_operator_decorator.py
[2024-05-16T12:36:43.032+0000] {processor.py:840} INFO - DAG(s) 'example_branch_python_operator_decorator' retrieved from /usr/local/python/3.10.13/lib/python3.10/site-packages/airflow/example_dags/example_branch_operator_decorator.py
[2024-05-16T12:36:43.061+0000] {logging_mixin.py:188} INFO - [2024-05-16T12:36:43.061+0000] {dag.py:3096} INFO - Sync 1 DAGs
[2024-05-16T12:36:43.081+0000] {logging_mixin.py:188} INFO - [2024-05-16T12:36:43.081+0000] {dag.py:3954} INFO - Setting next_dagrun for example_branch_python_operator_decorator to 2024-05-15 00:00:00+00:00, run_after=2024-05-16 00:00:00+00:00
[2024-05-16T12:36:43.128+0000] {processor.py:183} INFO - Processing /usr/local/python/3.10.13/lib/python3.10/site-packages/airflow/example_dags/example_branch_operator_decorator.py took 0.140 seconds
[2024-05-16T12:37:47.305+0000] {processor.py:161} INFO - Started process (PID=20954) to work on /usr/local/python/3.10.13/lib/python3.10/site-packages/airflow/example_dags/example_branch_operator_decorator.py
[2024-05-16T12:37:47.306+0000] {processor.py:830} INFO - Processing file /usr/local/python/3.10.13/lib/python3.10/site-packages/airflow/example_dags/example_branch_operator_decorator.py for tasks to queue
[2024-05-16T12:37:47.307+0000] {logging_mixin.py:188} INFO - [2024-05-16T12:37:47.307+0000] {dagbag.py:545} INFO - Filling up the DagBag from /usr/local/python/3.10.13/lib/python3.10/site-packages/airflow/example_dags/example_branch_operator_decorator.py
[2024-05-16T12:37:47.325+0000] {processor.py:840} INFO - DAG(s) 'example_branch_python_operator_decorator' retrieved from /usr/local/python/3.10.13/lib/python3.10/site-packages/airflow/example_dags/example_branch_operator_decorator.py
[2024-05-16T12:37:47.344+0000] {logging_mixin.py:188} INFO - [2024-05-16T12:37:47.344+0000] {dag.py:3096} INFO - Sync 1 DAGs
[2024-05-16T12:37:47.360+0000] {logging_mixin.py:188} INFO - [2024-05-16T12:37:47.360+0000] {dag.py:3954} INFO - Setting next_dagrun for example_branch_python_operator_decorator to 2024-05-15 00:00:00+00:00, run_after=2024-05-16 00:00:00+00:00
[2024-05-16T12:37:47.403+0000] {processor.py:183} INFO - Processing /usr/local/python/3.10.13/lib/python3.10/site-packages/airflow/example_dags/example_branch_operator_decorator.py took 0.103 seconds
[2024-05-16T12:38:45.318+0000] {processor.py:161} INFO - Started process (PID=21352) to work on /usr/local/python/3.10.13/lib/python3.10/site-packages/airflow/example_dags/example_branch_operator_decorator.py
[2024-05-16T12:38:45.318+0000] {processor.py:830} INFO - Processing file /usr/local/python/3.10.13/lib/python3.10/site-packages/airflow/example_dags/example_branch_operator_decorator.py for tasks to queue
[2024-05-16T12:38:45.320+0000] {logging_mixin.py:188} INFO - [2024-05-16T12:38:45.319+0000] {dagbag.py:545} INFO - Filling up the DagBag from /usr/local/python/3.10.13/lib/python3.10/site-packages/airflow/example_dags/example_branch_operator_decorator.py
[2024-05-16T12:38:45.338+0000] {processor.py:840} INFO - DAG(s) 'example_branch_python_operator_decorator' retrieved from /usr/local/python/3.10.13/lib/python3.10/site-packages/airflow/example_dags/example_branch_operator_decorator.py
[2024-05-16T12:38:45.356+0000] {logging_mixin.py:188} INFO - [2024-05-16T12:38:45.356+0000] {dag.py:3096} INFO - Sync 1 DAGs
[2024-05-16T12:38:45.372+0000] {logging_mixin.py:188} INFO - [2024-05-16T12:38:45.372+0000] {dag.py:3954} INFO - Setting next_dagrun for example_branch_python_operator_decorator to 2024-05-15 00:00:00+00:00, run_after=2024-05-16 00:00:00+00:00
[2024-05-16T12:38:45.417+0000] {processor.py:183} INFO - Processing /usr/local/python/3.10.13/lib/python3.10/site-packages/airflow/example_dags/example_branch_operator_decorator.py took 0.105 seconds
[2024-05-16T12:39:51.288+0000] {processor.py:161} INFO - Started process (PID=21839) to work on /usr/local/python/3.10.13/lib/python3.10/site-packages/airflow/example_dags/example_branch_operator_decorator.py
[2024-05-16T12:39:51.289+0000] {processor.py:830} INFO - Processing file /usr/local/python/3.10.13/lib/python3.10/site-packages/airflow/example_dags/example_branch_operator_decorator.py for tasks to queue
[2024-05-16T12:39:51.290+0000] {logging_mixin.py:188} INFO - [2024-05-16T12:39:51.290+0000] {dagbag.py:545} INFO - Filling up the DagBag from /usr/local/python/3.10.13/lib/python3.10/site-packages/airflow/example_dags/example_branch_operator_decorator.py
[2024-05-16T12:39:51.312+0000] {processor.py:840} INFO - DAG(s) 'example_branch_python_operator_decorator' retrieved from /usr/local/python/3.10.13/lib/python3.10/site-packages/airflow/example_dags/example_branch_operator_decorator.py
[2024-05-16T12:39:51.330+0000] {logging_mixin.py:188} INFO - [2024-05-16T12:39:51.330+0000] {dag.py:3096} INFO - Sync 1 DAGs
[2024-05-16T12:39:51.346+0000] {logging_mixin.py:188} INFO - [2024-05-16T12:39:51.346+0000] {dag.py:3954} INFO - Setting next_dagrun for example_branch_python_operator_decorator to 2024-05-15 00:00:00+00:00, run_after=2024-05-16 00:00:00+00:00
[2024-05-16T12:39:51.389+0000] {processor.py:183} INFO - Processing /usr/local/python/3.10.13/lib/python3.10/site-packages/airflow/example_dags/example_branch_operator_decorator.py took 0.105 seconds
[2024-05-16T12:40:53.661+0000] {processor.py:161} INFO - Started process (PID=22288) to work on /usr/local/python/3.10.13/lib/python3.10/site-packages/airflow/example_dags/example_branch_operator_decorator.py
[2024-05-16T12:40:53.662+0000] {processor.py:830} INFO - Processing file /usr/local/python/3.10.13/lib/python3.10/site-packages/airflow/example_dags/example_branch_operator_decorator.py for tasks to queue
[2024-05-16T12:40:53.663+0000] {logging_mixin.py:188} INFO - [2024-05-16T12:40:53.663+0000] {dagbag.py:545} INFO - Filling up the DagBag from /usr/local/python/3.10.13/lib/python3.10/site-packages/airflow/example_dags/example_branch_operator_decorator.py
[2024-05-16T12:40:53.681+0000] {processor.py:840} INFO - DAG(s) 'example_branch_python_operator_decorator' retrieved from /usr/local/python/3.10.13/lib/python3.10/site-packages/airflow/example_dags/example_branch_operator_decorator.py
[2024-05-16T12:40:53.699+0000] {logging_mixin.py:188} INFO - [2024-05-16T12:40:53.699+0000] {dag.py:3096} INFO - Sync 1 DAGs
[2024-05-16T12:40:53.715+0000] {logging_mixin.py:188} INFO - [2024-05-16T12:40:53.715+0000] {dag.py:3954} INFO - Setting next_dagrun for example_branch_python_operator_decorator to 2024-05-15 00:00:00+00:00, run_after=2024-05-16 00:00:00+00:00
[2024-05-16T12:40:53.758+0000] {processor.py:183} INFO - Processing /usr/local/python/3.10.13/lib/python3.10/site-packages/airflow/example_dags/example_branch_operator_decorator.py took 0.102 seconds
[2024-05-16T12:41:57.760+0000] {processor.py:161} INFO - Started process (PID=22737) to work on /usr/local/python/3.10.13/lib/python3.10/site-packages/airflow/example_dags/example_branch_operator_decorator.py
[2024-05-16T12:41:57.761+0000] {processor.py:830} INFO - Processing file /usr/local/python/3.10.13/lib/python3.10/site-packages/airflow/example_dags/example_branch_operator_decorator.py for tasks to queue
[2024-05-16T12:41:57.762+0000] {logging_mixin.py:188} INFO - [2024-05-16T12:41:57.762+0000] {dagbag.py:545} INFO - Filling up the DagBag from /usr/local/python/3.10.13/lib/python3.10/site-packages/airflow/example_dags/example_branch_operator_decorator.py
[2024-05-16T12:41:57.780+0000] {processor.py:840} INFO - DAG(s) 'example_branch_python_operator_decorator' retrieved from /usr/local/python/3.10.13/lib/python3.10/site-packages/airflow/example_dags/example_branch_operator_decorator.py
[2024-05-16T12:41:57.799+0000] {logging_mixin.py:188} INFO - [2024-05-16T12:41:57.798+0000] {dag.py:3096} INFO - Sync 1 DAGs
[2024-05-16T12:41:57.814+0000] {logging_mixin.py:188} INFO - [2024-05-16T12:41:57.814+0000] {dag.py:3954} INFO - Setting next_dagrun for example_branch_python_operator_decorator to 2024-05-15 00:00:00+00:00, run_after=2024-05-16 00:00:00+00:00
[2024-05-16T12:41:57.857+0000] {processor.py:183} INFO - Processing /usr/local/python/3.10.13/lib/python3.10/site-packages/airflow/example_dags/example_branch_operator_decorator.py took 0.102 seconds
[2024-05-16T12:43:01.508+0000] {processor.py:161} INFO - Started process (PID=23224) to work on /usr/local/python/3.10.13/lib/python3.10/site-packages/airflow/example_dags/example_branch_operator_decorator.py
[2024-05-16T12:43:01.509+0000] {processor.py:830} INFO - Processing file /usr/local/python/3.10.13/lib/python3.10/site-packages/airflow/example_dags/example_branch_operator_decorator.py for tasks to queue
[2024-05-16T12:43:01.510+0000] {logging_mixin.py:188} INFO - [2024-05-16T12:43:01.510+0000] {dagbag.py:545} INFO - Filling up the DagBag from /usr/local/python/3.10.13/lib/python3.10/site-packages/airflow/example_dags/example_branch_operator_decorator.py
[2024-05-16T12:43:01.529+0000] {processor.py:840} INFO - DAG(s) 'example_branch_python_operator_decorator' retrieved from /usr/local/python/3.10.13/lib/python3.10/site-packages/airflow/example_dags/example_branch_operator_decorator.py
[2024-05-16T12:43:01.548+0000] {logging_mixin.py:188} INFO - [2024-05-16T12:43:01.548+0000] {dag.py:3096} INFO - Sync 1 DAGs
[2024-05-16T12:43:01.565+0000] {logging_mixin.py:188} INFO - [2024-05-16T12:43:01.565+0000] {dag.py:3954} INFO - Setting next_dagrun for example_branch_python_operator_decorator to 2024-05-15 00:00:00+00:00, run_after=2024-05-16 00:00:00+00:00
[2024-05-16T12:43:01.614+0000] {processor.py:183} INFO - Processing /usr/local/python/3.10.13/lib/python3.10/site-packages/airflow/example_dags/example_branch_operator_decorator.py took 0.111 seconds
[2024-05-16T12:44:04.821+0000] {processor.py:161} INFO - Started process (PID=23680) to work on /usr/local/python/3.10.13/lib/python3.10/site-packages/airflow/example_dags/example_branch_operator_decorator.py
[2024-05-16T12:44:04.821+0000] {processor.py:830} INFO - Processing file /usr/local/python/3.10.13/lib/python3.10/site-packages/airflow/example_dags/example_branch_operator_decorator.py for tasks to queue
[2024-05-16T12:44:04.823+0000] {logging_mixin.py:188} INFO - [2024-05-16T12:44:04.822+0000] {dagbag.py:545} INFO - Filling up the DagBag from /usr/local/python/3.10.13/lib/python3.10/site-packages/airflow/example_dags/example_branch_operator_decorator.py
[2024-05-16T12:44:04.842+0000] {processor.py:840} INFO - DAG(s) 'example_branch_python_operator_decorator' retrieved from /usr/local/python/3.10.13/lib/python3.10/site-packages/airflow/example_dags/example_branch_operator_decorator.py
[2024-05-16T12:44:04.860+0000] {logging_mixin.py:188} INFO - [2024-05-16T12:44:04.860+0000] {dag.py:3096} INFO - Sync 1 DAGs
[2024-05-16T12:44:04.878+0000] {logging_mixin.py:188} INFO - [2024-05-16T12:44:04.878+0000] {dag.py:3954} INFO - Setting next_dagrun for example_branch_python_operator_decorator to 2024-05-15 00:00:00+00:00, run_after=2024-05-16 00:00:00+00:00
[2024-05-16T12:44:04.926+0000] {processor.py:183} INFO - Processing /usr/local/python/3.10.13/lib/python3.10/site-packages/airflow/example_dags/example_branch_operator_decorator.py took 0.110 seconds
[2024-05-16T12:45:08.155+0000] {processor.py:161} INFO - Started process (PID=24144) to work on /usr/local/python/3.10.13/lib/python3.10/site-packages/airflow/example_dags/example_branch_operator_decorator.py
[2024-05-16T12:45:08.156+0000] {processor.py:830} INFO - Processing file /usr/local/python/3.10.13/lib/python3.10/site-packages/airflow/example_dags/example_branch_operator_decorator.py for tasks to queue
[2024-05-16T12:45:08.157+0000] {logging_mixin.py:188} INFO - [2024-05-16T12:45:08.157+0000] {dagbag.py:545} INFO - Filling up the DagBag from /usr/local/python/3.10.13/lib/python3.10/site-packages/airflow/example_dags/example_branch_operator_decorator.py
[2024-05-16T12:45:08.175+0000] {processor.py:840} INFO - DAG(s) 'example_branch_python_operator_decorator' retrieved from /usr/local/python/3.10.13/lib/python3.10/site-packages/airflow/example_dags/example_branch_operator_decorator.py
[2024-05-16T12:45:08.194+0000] {logging_mixin.py:188} INFO - [2024-05-16T12:45:08.194+0000] {dag.py:3096} INFO - Sync 1 DAGs
[2024-05-16T12:45:08.210+0000] {logging_mixin.py:188} INFO - [2024-05-16T12:45:08.210+0000] {dag.py:3954} INFO - Setting next_dagrun for example_branch_python_operator_decorator to 2024-05-15 00:00:00+00:00, run_after=2024-05-16 00:00:00+00:00
[2024-05-16T12:45:08.260+0000] {processor.py:183} INFO - Processing /usr/local/python/3.10.13/lib/python3.10/site-packages/airflow/example_dags/example_branch_operator_decorator.py took 0.110 seconds
