[2024-05-16T12:06:11.841+0000] {processor.py:161} INFO - Started process (PID=7320) to work on /usr/local/python/3.10.13/lib/python3.10/site-packages/airflow/example_dags/example_trigger_target_dag.py
[2024-05-16T12:06:11.842+0000] {processor.py:830} INFO - Processing file /usr/local/python/3.10.13/lib/python3.10/site-packages/airflow/example_dags/example_trigger_target_dag.py for tasks to queue
[2024-05-16T12:06:11.843+0000] {logging_mixin.py:188} INFO - [2024-05-16T12:06:11.843+0000] {dagbag.py:545} INFO - Filling up the DagBag from /usr/local/python/3.10.13/lib/python3.10/site-packages/airflow/example_dags/example_trigger_target_dag.py
[2024-05-16T12:06:11.849+0000] {processor.py:840} INFO - DAG(s) 'example_trigger_target_dag' retrieved from /usr/local/python/3.10.13/lib/python3.10/site-packages/airflow/example_dags/example_trigger_target_dag.py
[2024-05-16T12:06:12.007+0000] {logging_mixin.py:188} INFO - [2024-05-16T12:06:12.007+0000] {dag.py:3096} INFO - Sync 1 DAGs
[2024-05-16T12:06:12.014+0000] {logging_mixin.py:188} INFO - [2024-05-16T12:06:12.014+0000] {dag.py:3954} INFO - Setting next_dagrun for example_trigger_target_dag to None, run_after=None
[2024-05-16T12:06:12.062+0000] {processor.py:183} INFO - Processing /usr/local/python/3.10.13/lib/python3.10/site-packages/airflow/example_dags/example_trigger_target_dag.py took 0.226 seconds
[2024-05-16T12:07:12.009+0000] {processor.py:161} INFO - Started process (PID=7722) to work on /usr/local/python/3.10.13/lib/python3.10/site-packages/airflow/example_dags/example_trigger_target_dag.py
[2024-05-16T12:07:12.010+0000] {processor.py:830} INFO - Processing file /usr/local/python/3.10.13/lib/python3.10/site-packages/airflow/example_dags/example_trigger_target_dag.py for tasks to queue
[2024-05-16T12:07:12.011+0000] {logging_mixin.py:188} INFO - [2024-05-16T12:07:12.011+0000] {dagbag.py:545} INFO - Filling up the DagBag from /usr/local/python/3.10.13/lib/python3.10/site-packages/airflow/example_dags/example_trigger_target_dag.py
[2024-05-16T12:07:12.015+0000] {processor.py:840} INFO - DAG(s) 'example_trigger_target_dag' retrieved from /usr/local/python/3.10.13/lib/python3.10/site-packages/airflow/example_dags/example_trigger_target_dag.py
[2024-05-16T12:07:12.026+0000] {logging_mixin.py:188} INFO - [2024-05-16T12:07:12.026+0000] {dag.py:3096} INFO - Sync 1 DAGs
[2024-05-16T12:07:12.035+0000] {logging_mixin.py:188} INFO - [2024-05-16T12:07:12.034+0000] {dag.py:3954} INFO - Setting next_dagrun for example_trigger_target_dag to None, run_after=None
[2024-05-16T12:07:12.082+0000] {processor.py:183} INFO - Processing /usr/local/python/3.10.13/lib/python3.10/site-packages/airflow/example_dags/example_trigger_target_dag.py took 0.078 seconds
[2024-05-16T12:08:01.587+0000] {processor.py:161} INFO - Started process (PID=8060) to work on /usr/local/python/3.10.13/lib/python3.10/site-packages/airflow/example_dags/example_trigger_target_dag.py
[2024-05-16T12:08:01.588+0000] {processor.py:830} INFO - Processing file /usr/local/python/3.10.13/lib/python3.10/site-packages/airflow/example_dags/example_trigger_target_dag.py for tasks to queue
[2024-05-16T12:08:01.589+0000] {logging_mixin.py:188} INFO - [2024-05-16T12:08:01.589+0000] {dagbag.py:545} INFO - Filling up the DagBag from /usr/local/python/3.10.13/lib/python3.10/site-packages/airflow/example_dags/example_trigger_target_dag.py
[2024-05-16T12:08:01.594+0000] {processor.py:840} INFO - DAG(s) 'example_trigger_target_dag' retrieved from /usr/local/python/3.10.13/lib/python3.10/site-packages/airflow/example_dags/example_trigger_target_dag.py
[2024-05-16T12:08:01.604+0000] {logging_mixin.py:188} INFO - [2024-05-16T12:08:01.604+0000] {dag.py:3096} INFO - Sync 1 DAGs
[2024-05-16T12:08:01.613+0000] {logging_mixin.py:188} INFO - [2024-05-16T12:08:01.613+0000] {dag.py:3954} INFO - Setting next_dagrun for example_trigger_target_dag to None, run_after=None
[2024-05-16T12:08:01.668+0000] {processor.py:183} INFO - Processing /usr/local/python/3.10.13/lib/python3.10/site-packages/airflow/example_dags/example_trigger_target_dag.py took 0.085 seconds
[2024-05-16T12:08:44.702+0000] {processor.py:161} INFO - Started process (PID=8364) to work on /usr/local/python/3.10.13/lib/python3.10/site-packages/airflow/example_dags/example_trigger_target_dag.py
[2024-05-16T12:08:44.703+0000] {processor.py:830} INFO - Processing file /usr/local/python/3.10.13/lib/python3.10/site-packages/airflow/example_dags/example_trigger_target_dag.py for tasks to queue
[2024-05-16T12:08:44.704+0000] {logging_mixin.py:188} INFO - [2024-05-16T12:08:44.704+0000] {dagbag.py:545} INFO - Filling up the DagBag from /usr/local/python/3.10.13/lib/python3.10/site-packages/airflow/example_dags/example_trigger_target_dag.py
[2024-05-16T12:08:44.709+0000] {processor.py:840} INFO - DAG(s) 'example_trigger_target_dag' retrieved from /usr/local/python/3.10.13/lib/python3.10/site-packages/airflow/example_dags/example_trigger_target_dag.py
[2024-05-16T12:08:44.720+0000] {logging_mixin.py:188} INFO - [2024-05-16T12:08:44.720+0000] {dag.py:3096} INFO - Sync 1 DAGs
[2024-05-16T12:08:44.729+0000] {logging_mixin.py:188} INFO - [2024-05-16T12:08:44.728+0000] {dag.py:3954} INFO - Setting next_dagrun for example_trigger_target_dag to None, run_after=None
[2024-05-16T12:08:44.779+0000] {processor.py:183} INFO - Processing /usr/local/python/3.10.13/lib/python3.10/site-packages/airflow/example_dags/example_trigger_target_dag.py took 0.081 seconds
[2024-05-16T12:09:29.208+0000] {processor.py:161} INFO - Started process (PID=8696) to work on /usr/local/python/3.10.13/lib/python3.10/site-packages/airflow/example_dags/example_trigger_target_dag.py
[2024-05-16T12:09:29.209+0000] {processor.py:830} INFO - Processing file /usr/local/python/3.10.13/lib/python3.10/site-packages/airflow/example_dags/example_trigger_target_dag.py for tasks to queue
[2024-05-16T12:09:29.210+0000] {logging_mixin.py:188} INFO - [2024-05-16T12:09:29.210+0000] {dagbag.py:545} INFO - Filling up the DagBag from /usr/local/python/3.10.13/lib/python3.10/site-packages/airflow/example_dags/example_trigger_target_dag.py
[2024-05-16T12:09:29.215+0000] {processor.py:840} INFO - DAG(s) 'example_trigger_target_dag' retrieved from /usr/local/python/3.10.13/lib/python3.10/site-packages/airflow/example_dags/example_trigger_target_dag.py
[2024-05-16T12:09:29.225+0000] {logging_mixin.py:188} INFO - [2024-05-16T12:09:29.225+0000] {dag.py:3096} INFO - Sync 1 DAGs
[2024-05-16T12:09:29.233+0000] {logging_mixin.py:188} INFO - [2024-05-16T12:09:29.233+0000] {dag.py:3954} INFO - Setting next_dagrun for example_trigger_target_dag to None, run_after=None
[2024-05-16T12:09:29.277+0000] {processor.py:183} INFO - Processing /usr/local/python/3.10.13/lib/python3.10/site-packages/airflow/example_dags/example_trigger_target_dag.py took 0.074 seconds
[2024-05-16T12:10:13.684+0000] {processor.py:161} INFO - Started process (PID=8998) to work on /usr/local/python/3.10.13/lib/python3.10/site-packages/airflow/example_dags/example_trigger_target_dag.py
[2024-05-16T12:10:13.685+0000] {processor.py:830} INFO - Processing file /usr/local/python/3.10.13/lib/python3.10/site-packages/airflow/example_dags/example_trigger_target_dag.py for tasks to queue
[2024-05-16T12:10:13.686+0000] {logging_mixin.py:188} INFO - [2024-05-16T12:10:13.686+0000] {dagbag.py:545} INFO - Filling up the DagBag from /usr/local/python/3.10.13/lib/python3.10/site-packages/airflow/example_dags/example_trigger_target_dag.py
[2024-05-16T12:10:13.691+0000] {processor.py:840} INFO - DAG(s) 'example_trigger_target_dag' retrieved from /usr/local/python/3.10.13/lib/python3.10/site-packages/airflow/example_dags/example_trigger_target_dag.py
[2024-05-16T12:10:13.702+0000] {logging_mixin.py:188} INFO - [2024-05-16T12:10:13.701+0000] {dag.py:3096} INFO - Sync 1 DAGs
[2024-05-16T12:10:13.711+0000] {logging_mixin.py:188} INFO - [2024-05-16T12:10:13.711+0000] {dag.py:3954} INFO - Setting next_dagrun for example_trigger_target_dag to None, run_after=None
[2024-05-16T12:10:13.761+0000] {processor.py:183} INFO - Processing /usr/local/python/3.10.13/lib/python3.10/site-packages/airflow/example_dags/example_trigger_target_dag.py took 0.082 seconds
[2024-05-16T12:10:56.097+0000] {processor.py:161} INFO - Started process (PID=9304) to work on /usr/local/python/3.10.13/lib/python3.10/site-packages/airflow/example_dags/example_trigger_target_dag.py
[2024-05-16T12:10:56.098+0000] {processor.py:830} INFO - Processing file /usr/local/python/3.10.13/lib/python3.10/site-packages/airflow/example_dags/example_trigger_target_dag.py for tasks to queue
[2024-05-16T12:10:56.099+0000] {logging_mixin.py:188} INFO - [2024-05-16T12:10:56.099+0000] {dagbag.py:545} INFO - Filling up the DagBag from /usr/local/python/3.10.13/lib/python3.10/site-packages/airflow/example_dags/example_trigger_target_dag.py
[2024-05-16T12:10:56.104+0000] {processor.py:840} INFO - DAG(s) 'example_trigger_target_dag' retrieved from /usr/local/python/3.10.13/lib/python3.10/site-packages/airflow/example_dags/example_trigger_target_dag.py
[2024-05-16T12:10:56.115+0000] {logging_mixin.py:188} INFO - [2024-05-16T12:10:56.115+0000] {dag.py:3096} INFO - Sync 1 DAGs
[2024-05-16T12:10:56.124+0000] {logging_mixin.py:188} INFO - [2024-05-16T12:10:56.124+0000] {dag.py:3954} INFO - Setting next_dagrun for example_trigger_target_dag to None, run_after=None
[2024-05-16T12:10:56.175+0000] {processor.py:183} INFO - Processing /usr/local/python/3.10.13/lib/python3.10/site-packages/airflow/example_dags/example_trigger_target_dag.py took 0.083 seconds
[2024-05-16T12:11:35.411+0000] {processor.py:161} INFO - Started process (PID=9585) to work on /usr/local/python/3.10.13/lib/python3.10/site-packages/airflow/example_dags/example_trigger_target_dag.py
[2024-05-16T12:11:35.412+0000] {processor.py:830} INFO - Processing file /usr/local/python/3.10.13/lib/python3.10/site-packages/airflow/example_dags/example_trigger_target_dag.py for tasks to queue
[2024-05-16T12:11:35.413+0000] {logging_mixin.py:188} INFO - [2024-05-16T12:11:35.413+0000] {dagbag.py:545} INFO - Filling up the DagBag from /usr/local/python/3.10.13/lib/python3.10/site-packages/airflow/example_dags/example_trigger_target_dag.py
[2024-05-16T12:11:35.418+0000] {processor.py:840} INFO - DAG(s) 'example_trigger_target_dag' retrieved from /usr/local/python/3.10.13/lib/python3.10/site-packages/airflow/example_dags/example_trigger_target_dag.py
[2024-05-16T12:11:35.430+0000] {logging_mixin.py:188} INFO - [2024-05-16T12:11:35.430+0000] {dag.py:3096} INFO - Sync 1 DAGs
[2024-05-16T12:11:35.439+0000] {logging_mixin.py:188} INFO - [2024-05-16T12:11:35.439+0000] {dag.py:3954} INFO - Setting next_dagrun for example_trigger_target_dag to None, run_after=None
[2024-05-16T12:11:35.485+0000] {processor.py:183} INFO - Processing /usr/local/python/3.10.13/lib/python3.10/site-packages/airflow/example_dags/example_trigger_target_dag.py took 0.079 seconds
[2024-05-16T12:12:15.415+0000] {processor.py:161} INFO - Started process (PID=9840) to work on /usr/local/python/3.10.13/lib/python3.10/site-packages/airflow/example_dags/example_trigger_target_dag.py
[2024-05-16T12:12:15.415+0000] {processor.py:830} INFO - Processing file /usr/local/python/3.10.13/lib/python3.10/site-packages/airflow/example_dags/example_trigger_target_dag.py for tasks to queue
[2024-05-16T12:12:15.417+0000] {logging_mixin.py:188} INFO - [2024-05-16T12:12:15.416+0000] {dagbag.py:545} INFO - Filling up the DagBag from /usr/local/python/3.10.13/lib/python3.10/site-packages/airflow/example_dags/example_trigger_target_dag.py
[2024-05-16T12:12:15.421+0000] {processor.py:840} INFO - DAG(s) 'example_trigger_target_dag' retrieved from /usr/local/python/3.10.13/lib/python3.10/site-packages/airflow/example_dags/example_trigger_target_dag.py
[2024-05-16T12:12:15.431+0000] {logging_mixin.py:188} INFO - [2024-05-16T12:12:15.431+0000] {dag.py:3096} INFO - Sync 1 DAGs
[2024-05-16T12:12:15.440+0000] {logging_mixin.py:188} INFO - [2024-05-16T12:12:15.440+0000] {dag.py:3954} INFO - Setting next_dagrun for example_trigger_target_dag to None, run_after=None
[2024-05-16T12:12:15.489+0000] {processor.py:183} INFO - Processing /usr/local/python/3.10.13/lib/python3.10/site-packages/airflow/example_dags/example_trigger_target_dag.py took 0.078 seconds
[2024-05-16T12:12:58.753+0000] {processor.py:161} INFO - Started process (PID=10153) to work on /usr/local/python/3.10.13/lib/python3.10/site-packages/airflow/example_dags/example_trigger_target_dag.py
[2024-05-16T12:12:58.754+0000] {processor.py:830} INFO - Processing file /usr/local/python/3.10.13/lib/python3.10/site-packages/airflow/example_dags/example_trigger_target_dag.py for tasks to queue
[2024-05-16T12:12:58.755+0000] {logging_mixin.py:188} INFO - [2024-05-16T12:12:58.755+0000] {dagbag.py:545} INFO - Filling up the DagBag from /usr/local/python/3.10.13/lib/python3.10/site-packages/airflow/example_dags/example_trigger_target_dag.py
[2024-05-16T12:12:58.760+0000] {processor.py:840} INFO - DAG(s) 'example_trigger_target_dag' retrieved from /usr/local/python/3.10.13/lib/python3.10/site-packages/airflow/example_dags/example_trigger_target_dag.py
[2024-05-16T12:12:58.771+0000] {logging_mixin.py:188} INFO - [2024-05-16T12:12:58.770+0000] {dag.py:3096} INFO - Sync 1 DAGs
[2024-05-16T12:12:58.779+0000] {logging_mixin.py:188} INFO - [2024-05-16T12:12:58.779+0000] {dag.py:3954} INFO - Setting next_dagrun for example_trigger_target_dag to None, run_after=None
[2024-05-16T12:12:58.825+0000] {processor.py:183} INFO - Processing /usr/local/python/3.10.13/lib/python3.10/site-packages/airflow/example_dags/example_trigger_target_dag.py took 0.077 seconds
[2024-05-16T12:13:39.799+0000] {processor.py:161} INFO - Started process (PID=10432) to work on /usr/local/python/3.10.13/lib/python3.10/site-packages/airflow/example_dags/example_trigger_target_dag.py
[2024-05-16T12:13:39.800+0000] {processor.py:830} INFO - Processing file /usr/local/python/3.10.13/lib/python3.10/site-packages/airflow/example_dags/example_trigger_target_dag.py for tasks to queue
[2024-05-16T12:13:39.802+0000] {logging_mixin.py:188} INFO - [2024-05-16T12:13:39.801+0000] {dagbag.py:545} INFO - Filling up the DagBag from /usr/local/python/3.10.13/lib/python3.10/site-packages/airflow/example_dags/example_trigger_target_dag.py
[2024-05-16T12:13:39.808+0000] {processor.py:840} INFO - DAG(s) 'example_trigger_target_dag' retrieved from /usr/local/python/3.10.13/lib/python3.10/site-packages/airflow/example_dags/example_trigger_target_dag.py
[2024-05-16T12:13:39.825+0000] {logging_mixin.py:188} INFO - [2024-05-16T12:13:39.824+0000] {dag.py:3096} INFO - Sync 1 DAGs
[2024-05-16T12:13:39.838+0000] {logging_mixin.py:188} INFO - [2024-05-16T12:13:39.838+0000] {dag.py:3954} INFO - Setting next_dagrun for example_trigger_target_dag to None, run_after=None
[2024-05-16T12:13:39.886+0000] {processor.py:183} INFO - Processing /usr/local/python/3.10.13/lib/python3.10/site-packages/airflow/example_dags/example_trigger_target_dag.py took 0.092 seconds
[2024-05-16T12:14:21.918+0000] {processor.py:161} INFO - Started process (PID=10724) to work on /usr/local/python/3.10.13/lib/python3.10/site-packages/airflow/example_dags/example_trigger_target_dag.py
[2024-05-16T12:14:21.919+0000] {processor.py:830} INFO - Processing file /usr/local/python/3.10.13/lib/python3.10/site-packages/airflow/example_dags/example_trigger_target_dag.py for tasks to queue
[2024-05-16T12:14:21.920+0000] {logging_mixin.py:188} INFO - [2024-05-16T12:14:21.920+0000] {dagbag.py:545} INFO - Filling up the DagBag from /usr/local/python/3.10.13/lib/python3.10/site-packages/airflow/example_dags/example_trigger_target_dag.py
[2024-05-16T12:14:21.925+0000] {processor.py:840} INFO - DAG(s) 'example_trigger_target_dag' retrieved from /usr/local/python/3.10.13/lib/python3.10/site-packages/airflow/example_dags/example_trigger_target_dag.py
[2024-05-16T12:14:21.935+0000] {logging_mixin.py:188} INFO - [2024-05-16T12:14:21.935+0000] {dag.py:3096} INFO - Sync 1 DAGs
[2024-05-16T12:14:21.944+0000] {logging_mixin.py:188} INFO - [2024-05-16T12:14:21.943+0000] {dag.py:3954} INFO - Setting next_dagrun for example_trigger_target_dag to None, run_after=None
[2024-05-16T12:14:21.988+0000] {processor.py:183} INFO - Processing /usr/local/python/3.10.13/lib/python3.10/site-packages/airflow/example_dags/example_trigger_target_dag.py took 0.075 seconds
[2024-05-16T12:15:04.496+0000] {processor.py:161} INFO - Started process (PID=11013) to work on /usr/local/python/3.10.13/lib/python3.10/site-packages/airflow/example_dags/example_trigger_target_dag.py
[2024-05-16T12:15:04.497+0000] {processor.py:830} INFO - Processing file /usr/local/python/3.10.13/lib/python3.10/site-packages/airflow/example_dags/example_trigger_target_dag.py for tasks to queue
[2024-05-16T12:15:04.498+0000] {logging_mixin.py:188} INFO - [2024-05-16T12:15:04.498+0000] {dagbag.py:545} INFO - Filling up the DagBag from /usr/local/python/3.10.13/lib/python3.10/site-packages/airflow/example_dags/example_trigger_target_dag.py
[2024-05-16T12:15:04.503+0000] {processor.py:840} INFO - DAG(s) 'example_trigger_target_dag' retrieved from /usr/local/python/3.10.13/lib/python3.10/site-packages/airflow/example_dags/example_trigger_target_dag.py
[2024-05-16T12:15:04.514+0000] {logging_mixin.py:188} INFO - [2024-05-16T12:15:04.514+0000] {dag.py:3096} INFO - Sync 1 DAGs
[2024-05-16T12:15:04.523+0000] {logging_mixin.py:188} INFO - [2024-05-16T12:15:04.523+0000] {dag.py:3954} INFO - Setting next_dagrun for example_trigger_target_dag to None, run_after=None
[2024-05-16T12:15:04.569+0000] {processor.py:183} INFO - Processing /usr/local/python/3.10.13/lib/python3.10/site-packages/airflow/example_dags/example_trigger_target_dag.py took 0.078 seconds
[2024-05-16T12:15:47.120+0000] {processor.py:161} INFO - Started process (PID=11317) to work on /usr/local/python/3.10.13/lib/python3.10/site-packages/airflow/example_dags/example_trigger_target_dag.py
[2024-05-16T12:15:47.120+0000] {processor.py:830} INFO - Processing file /usr/local/python/3.10.13/lib/python3.10/site-packages/airflow/example_dags/example_trigger_target_dag.py for tasks to queue
[2024-05-16T12:15:47.122+0000] {logging_mixin.py:188} INFO - [2024-05-16T12:15:47.121+0000] {dagbag.py:545} INFO - Filling up the DagBag from /usr/local/python/3.10.13/lib/python3.10/site-packages/airflow/example_dags/example_trigger_target_dag.py
[2024-05-16T12:15:47.126+0000] {processor.py:840} INFO - DAG(s) 'example_trigger_target_dag' retrieved from /usr/local/python/3.10.13/lib/python3.10/site-packages/airflow/example_dags/example_trigger_target_dag.py
[2024-05-16T12:15:47.137+0000] {logging_mixin.py:188} INFO - [2024-05-16T12:15:47.137+0000] {dag.py:3096} INFO - Sync 1 DAGs
[2024-05-16T12:15:47.146+0000] {logging_mixin.py:188} INFO - [2024-05-16T12:15:47.146+0000] {dag.py:3954} INFO - Setting next_dagrun for example_trigger_target_dag to None, run_after=None
[2024-05-16T12:15:47.190+0000] {processor.py:183} INFO - Processing /usr/local/python/3.10.13/lib/python3.10/site-packages/airflow/example_dags/example_trigger_target_dag.py took 0.076 seconds
[2024-05-16T12:16:30.339+0000] {processor.py:161} INFO - Started process (PID=11641) to work on /usr/local/python/3.10.13/lib/python3.10/site-packages/airflow/example_dags/example_trigger_target_dag.py
[2024-05-16T12:16:30.340+0000] {processor.py:830} INFO - Processing file /usr/local/python/3.10.13/lib/python3.10/site-packages/airflow/example_dags/example_trigger_target_dag.py for tasks to queue
[2024-05-16T12:16:30.341+0000] {logging_mixin.py:188} INFO - [2024-05-16T12:16:30.341+0000] {dagbag.py:545} INFO - Filling up the DagBag from /usr/local/python/3.10.13/lib/python3.10/site-packages/airflow/example_dags/example_trigger_target_dag.py
[2024-05-16T12:16:30.348+0000] {processor.py:840} INFO - DAG(s) 'example_trigger_target_dag' retrieved from /usr/local/python/3.10.13/lib/python3.10/site-packages/airflow/example_dags/example_trigger_target_dag.py
[2024-05-16T12:16:30.365+0000] {logging_mixin.py:188} INFO - [2024-05-16T12:16:30.365+0000] {dag.py:3096} INFO - Sync 1 DAGs
[2024-05-16T12:16:30.379+0000] {logging_mixin.py:188} INFO - [2024-05-16T12:16:30.379+0000] {dag.py:3954} INFO - Setting next_dagrun for example_trigger_target_dag to None, run_after=None
[2024-05-16T12:16:30.434+0000] {processor.py:183} INFO - Processing /usr/local/python/3.10.13/lib/python3.10/site-packages/airflow/example_dags/example_trigger_target_dag.py took 0.099 seconds
[2024-05-16T12:17:14.140+0000] {processor.py:161} INFO - Started process (PID=11973) to work on /usr/local/python/3.10.13/lib/python3.10/site-packages/airflow/example_dags/example_trigger_target_dag.py
[2024-05-16T12:17:14.141+0000] {processor.py:830} INFO - Processing file /usr/local/python/3.10.13/lib/python3.10/site-packages/airflow/example_dags/example_trigger_target_dag.py for tasks to queue
[2024-05-16T12:17:14.142+0000] {logging_mixin.py:188} INFO - [2024-05-16T12:17:14.142+0000] {dagbag.py:545} INFO - Filling up the DagBag from /usr/local/python/3.10.13/lib/python3.10/site-packages/airflow/example_dags/example_trigger_target_dag.py
[2024-05-16T12:17:14.147+0000] {processor.py:840} INFO - DAG(s) 'example_trigger_target_dag' retrieved from /usr/local/python/3.10.13/lib/python3.10/site-packages/airflow/example_dags/example_trigger_target_dag.py
[2024-05-16T12:17:14.157+0000] {logging_mixin.py:188} INFO - [2024-05-16T12:17:14.157+0000] {dag.py:3096} INFO - Sync 1 DAGs
[2024-05-16T12:17:14.166+0000] {logging_mixin.py:188} INFO - [2024-05-16T12:17:14.166+0000] {dag.py:3954} INFO - Setting next_dagrun for example_trigger_target_dag to None, run_after=None
[2024-05-16T12:17:14.211+0000] {processor.py:183} INFO - Processing /usr/local/python/3.10.13/lib/python3.10/site-packages/airflow/example_dags/example_trigger_target_dag.py took 0.076 seconds
[2024-05-16T12:17:55.329+0000] {processor.py:161} INFO - Started process (PID=12261) to work on /usr/local/python/3.10.13/lib/python3.10/site-packages/airflow/example_dags/example_trigger_target_dag.py
[2024-05-16T12:17:55.330+0000] {processor.py:830} INFO - Processing file /usr/local/python/3.10.13/lib/python3.10/site-packages/airflow/example_dags/example_trigger_target_dag.py for tasks to queue
[2024-05-16T12:17:55.331+0000] {logging_mixin.py:188} INFO - [2024-05-16T12:17:55.331+0000] {dagbag.py:545} INFO - Filling up the DagBag from /usr/local/python/3.10.13/lib/python3.10/site-packages/airflow/example_dags/example_trigger_target_dag.py
[2024-05-16T12:17:55.336+0000] {processor.py:840} INFO - DAG(s) 'example_trigger_target_dag' retrieved from /usr/local/python/3.10.13/lib/python3.10/site-packages/airflow/example_dags/example_trigger_target_dag.py
[2024-05-16T12:17:55.347+0000] {logging_mixin.py:188} INFO - [2024-05-16T12:17:55.347+0000] {dag.py:3096} INFO - Sync 1 DAGs
[2024-05-16T12:17:55.356+0000] {logging_mixin.py:188} INFO - [2024-05-16T12:17:55.356+0000] {dag.py:3954} INFO - Setting next_dagrun for example_trigger_target_dag to None, run_after=None
[2024-05-16T12:17:55.400+0000] {processor.py:183} INFO - Processing /usr/local/python/3.10.13/lib/python3.10/site-packages/airflow/example_dags/example_trigger_target_dag.py took 0.076 seconds
[2024-05-16T12:18:36.680+0000] {processor.py:161} INFO - Started process (PID=12547) to work on /usr/local/python/3.10.13/lib/python3.10/site-packages/airflow/example_dags/example_trigger_target_dag.py
[2024-05-16T12:18:36.681+0000] {processor.py:830} INFO - Processing file /usr/local/python/3.10.13/lib/python3.10/site-packages/airflow/example_dags/example_trigger_target_dag.py for tasks to queue
[2024-05-16T12:18:36.682+0000] {logging_mixin.py:188} INFO - [2024-05-16T12:18:36.682+0000] {dagbag.py:545} INFO - Filling up the DagBag from /usr/local/python/3.10.13/lib/python3.10/site-packages/airflow/example_dags/example_trigger_target_dag.py
[2024-05-16T12:18:36.687+0000] {processor.py:840} INFO - DAG(s) 'example_trigger_target_dag' retrieved from /usr/local/python/3.10.13/lib/python3.10/site-packages/airflow/example_dags/example_trigger_target_dag.py
[2024-05-16T12:18:36.697+0000] {logging_mixin.py:188} INFO - [2024-05-16T12:18:36.697+0000] {dag.py:3096} INFO - Sync 1 DAGs
[2024-05-16T12:18:36.707+0000] {logging_mixin.py:188} INFO - [2024-05-16T12:18:36.706+0000] {dag.py:3954} INFO - Setting next_dagrun for example_trigger_target_dag to None, run_after=None
[2024-05-16T12:18:36.750+0000] {processor.py:183} INFO - Processing /usr/local/python/3.10.13/lib/python3.10/site-packages/airflow/example_dags/example_trigger_target_dag.py took 0.075 seconds
[2024-05-16T12:19:19.612+0000] {processor.py:161} INFO - Started process (PID=12855) to work on /usr/local/python/3.10.13/lib/python3.10/site-packages/airflow/example_dags/example_trigger_target_dag.py
[2024-05-16T12:19:19.613+0000] {processor.py:830} INFO - Processing file /usr/local/python/3.10.13/lib/python3.10/site-packages/airflow/example_dags/example_trigger_target_dag.py for tasks to queue
[2024-05-16T12:19:19.618+0000] {logging_mixin.py:188} INFO - [2024-05-16T12:19:19.618+0000] {dagbag.py:545} INFO - Filling up the DagBag from /usr/local/python/3.10.13/lib/python3.10/site-packages/airflow/example_dags/example_trigger_target_dag.py
[2024-05-16T12:19:19.625+0000] {processor.py:840} INFO - DAG(s) 'example_trigger_target_dag' retrieved from /usr/local/python/3.10.13/lib/python3.10/site-packages/airflow/example_dags/example_trigger_target_dag.py
[2024-05-16T12:19:19.641+0000] {logging_mixin.py:188} INFO - [2024-05-16T12:19:19.641+0000] {dag.py:3096} INFO - Sync 1 DAGs
[2024-05-16T12:19:19.653+0000] {logging_mixin.py:188} INFO - [2024-05-16T12:19:19.653+0000] {dag.py:3954} INFO - Setting next_dagrun for example_trigger_target_dag to None, run_after=None
[2024-05-16T12:19:19.702+0000] {processor.py:183} INFO - Processing /usr/local/python/3.10.13/lib/python3.10/site-packages/airflow/example_dags/example_trigger_target_dag.py took 0.098 seconds
[2024-05-16T12:20:00.948+0000] {processor.py:161} INFO - Started process (PID=13151) to work on /usr/local/python/3.10.13/lib/python3.10/site-packages/airflow/example_dags/example_trigger_target_dag.py
[2024-05-16T12:20:00.949+0000] {processor.py:830} INFO - Processing file /usr/local/python/3.10.13/lib/python3.10/site-packages/airflow/example_dags/example_trigger_target_dag.py for tasks to queue
[2024-05-16T12:20:00.950+0000] {logging_mixin.py:188} INFO - [2024-05-16T12:20:00.950+0000] {dagbag.py:545} INFO - Filling up the DagBag from /usr/local/python/3.10.13/lib/python3.10/site-packages/airflow/example_dags/example_trigger_target_dag.py
[2024-05-16T12:20:00.955+0000] {processor.py:840} INFO - DAG(s) 'example_trigger_target_dag' retrieved from /usr/local/python/3.10.13/lib/python3.10/site-packages/airflow/example_dags/example_trigger_target_dag.py
[2024-05-16T12:20:00.965+0000] {logging_mixin.py:188} INFO - [2024-05-16T12:20:00.965+0000] {dag.py:3096} INFO - Sync 1 DAGs
[2024-05-16T12:20:00.974+0000] {logging_mixin.py:188} INFO - [2024-05-16T12:20:00.974+0000] {dag.py:3954} INFO - Setting next_dagrun for example_trigger_target_dag to None, run_after=None
[2024-05-16T12:20:01.019+0000] {processor.py:183} INFO - Processing /usr/local/python/3.10.13/lib/python3.10/site-packages/airflow/example_dags/example_trigger_target_dag.py took 0.075 seconds
[2024-05-16T12:20:41.861+0000] {processor.py:161} INFO - Started process (PID=13448) to work on /usr/local/python/3.10.13/lib/python3.10/site-packages/airflow/example_dags/example_trigger_target_dag.py
[2024-05-16T12:20:41.861+0000] {processor.py:830} INFO - Processing file /usr/local/python/3.10.13/lib/python3.10/site-packages/airflow/example_dags/example_trigger_target_dag.py for tasks to queue
[2024-05-16T12:20:41.863+0000] {logging_mixin.py:188} INFO - [2024-05-16T12:20:41.862+0000] {dagbag.py:545} INFO - Filling up the DagBag from /usr/local/python/3.10.13/lib/python3.10/site-packages/airflow/example_dags/example_trigger_target_dag.py
[2024-05-16T12:20:41.867+0000] {processor.py:840} INFO - DAG(s) 'example_trigger_target_dag' retrieved from /usr/local/python/3.10.13/lib/python3.10/site-packages/airflow/example_dags/example_trigger_target_dag.py
[2024-05-16T12:20:41.878+0000] {logging_mixin.py:188} INFO - [2024-05-16T12:20:41.878+0000] {dag.py:3096} INFO - Sync 1 DAGs
[2024-05-16T12:20:41.886+0000] {logging_mixin.py:188} INFO - [2024-05-16T12:20:41.886+0000] {dag.py:3954} INFO - Setting next_dagrun for example_trigger_target_dag to None, run_after=None
[2024-05-16T12:20:41.935+0000] {processor.py:183} INFO - Processing /usr/local/python/3.10.13/lib/python3.10/site-packages/airflow/example_dags/example_trigger_target_dag.py took 0.079 seconds
[2024-05-16T12:21:25.546+0000] {processor.py:161} INFO - Started process (PID=13744) to work on /usr/local/python/3.10.13/lib/python3.10/site-packages/airflow/example_dags/example_trigger_target_dag.py
[2024-05-16T12:21:25.547+0000] {processor.py:830} INFO - Processing file /usr/local/python/3.10.13/lib/python3.10/site-packages/airflow/example_dags/example_trigger_target_dag.py for tasks to queue
[2024-05-16T12:21:25.548+0000] {logging_mixin.py:188} INFO - [2024-05-16T12:21:25.548+0000] {dagbag.py:545} INFO - Filling up the DagBag from /usr/local/python/3.10.13/lib/python3.10/site-packages/airflow/example_dags/example_trigger_target_dag.py
[2024-05-16T12:21:25.553+0000] {processor.py:840} INFO - DAG(s) 'example_trigger_target_dag' retrieved from /usr/local/python/3.10.13/lib/python3.10/site-packages/airflow/example_dags/example_trigger_target_dag.py
[2024-05-16T12:21:25.564+0000] {logging_mixin.py:188} INFO - [2024-05-16T12:21:25.564+0000] {dag.py:3096} INFO - Sync 1 DAGs
[2024-05-16T12:21:25.573+0000] {logging_mixin.py:188} INFO - [2024-05-16T12:21:25.572+0000] {dag.py:3954} INFO - Setting next_dagrun for example_trigger_target_dag to None, run_after=None
[2024-05-16T12:21:25.617+0000] {processor.py:183} INFO - Processing /usr/local/python/3.10.13/lib/python3.10/site-packages/airflow/example_dags/example_trigger_target_dag.py took 0.075 seconds
[2024-05-16T12:22:07.792+0000] {processor.py:161} INFO - Started process (PID=14066) to work on /usr/local/python/3.10.13/lib/python3.10/site-packages/airflow/example_dags/example_trigger_target_dag.py
[2024-05-16T12:22:07.793+0000] {processor.py:830} INFO - Processing file /usr/local/python/3.10.13/lib/python3.10/site-packages/airflow/example_dags/example_trigger_target_dag.py for tasks to queue
[2024-05-16T12:22:07.794+0000] {logging_mixin.py:188} INFO - [2024-05-16T12:22:07.794+0000] {dagbag.py:545} INFO - Filling up the DagBag from /usr/local/python/3.10.13/lib/python3.10/site-packages/airflow/example_dags/example_trigger_target_dag.py
[2024-05-16T12:22:07.799+0000] {processor.py:840} INFO - DAG(s) 'example_trigger_target_dag' retrieved from /usr/local/python/3.10.13/lib/python3.10/site-packages/airflow/example_dags/example_trigger_target_dag.py
[2024-05-16T12:22:07.810+0000] {logging_mixin.py:188} INFO - [2024-05-16T12:22:07.810+0000] {dag.py:3096} INFO - Sync 1 DAGs
[2024-05-16T12:22:07.818+0000] {logging_mixin.py:188} INFO - [2024-05-16T12:22:07.818+0000] {dag.py:3954} INFO - Setting next_dagrun for example_trigger_target_dag to None, run_after=None
[2024-05-16T12:22:07.861+0000] {processor.py:183} INFO - Processing /usr/local/python/3.10.13/lib/python3.10/site-packages/airflow/example_dags/example_trigger_target_dag.py took 0.074 seconds
[2024-05-16T12:22:51.654+0000] {processor.py:161} INFO - Started process (PID=14389) to work on /usr/local/python/3.10.13/lib/python3.10/site-packages/airflow/example_dags/example_trigger_target_dag.py
[2024-05-16T12:22:51.656+0000] {processor.py:830} INFO - Processing file /usr/local/python/3.10.13/lib/python3.10/site-packages/airflow/example_dags/example_trigger_target_dag.py for tasks to queue
[2024-05-16T12:22:51.658+0000] {logging_mixin.py:188} INFO - [2024-05-16T12:22:51.657+0000] {dagbag.py:545} INFO - Filling up the DagBag from /usr/local/python/3.10.13/lib/python3.10/site-packages/airflow/example_dags/example_trigger_target_dag.py
[2024-05-16T12:22:51.665+0000] {processor.py:840} INFO - DAG(s) 'example_trigger_target_dag' retrieved from /usr/local/python/3.10.13/lib/python3.10/site-packages/airflow/example_dags/example_trigger_target_dag.py
[2024-05-16T12:22:51.681+0000] {logging_mixin.py:188} INFO - [2024-05-16T12:22:51.681+0000] {dag.py:3096} INFO - Sync 1 DAGs
[2024-05-16T12:22:51.690+0000] {logging_mixin.py:188} INFO - [2024-05-16T12:22:51.690+0000] {dag.py:3954} INFO - Setting next_dagrun for example_trigger_target_dag to None, run_after=None
[2024-05-16T12:22:51.735+0000] {processor.py:183} INFO - Processing /usr/local/python/3.10.13/lib/python3.10/site-packages/airflow/example_dags/example_trigger_target_dag.py took 0.087 seconds
[2024-05-16T12:23:36.394+0000] {processor.py:161} INFO - Started process (PID=14716) to work on /usr/local/python/3.10.13/lib/python3.10/site-packages/airflow/example_dags/example_trigger_target_dag.py
[2024-05-16T12:23:36.395+0000] {processor.py:830} INFO - Processing file /usr/local/python/3.10.13/lib/python3.10/site-packages/airflow/example_dags/example_trigger_target_dag.py for tasks to queue
[2024-05-16T12:23:36.396+0000] {logging_mixin.py:188} INFO - [2024-05-16T12:23:36.396+0000] {dagbag.py:545} INFO - Filling up the DagBag from /usr/local/python/3.10.13/lib/python3.10/site-packages/airflow/example_dags/example_trigger_target_dag.py
[2024-05-16T12:23:36.401+0000] {processor.py:840} INFO - DAG(s) 'example_trigger_target_dag' retrieved from /usr/local/python/3.10.13/lib/python3.10/site-packages/airflow/example_dags/example_trigger_target_dag.py
[2024-05-16T12:23:36.412+0000] {logging_mixin.py:188} INFO - [2024-05-16T12:23:36.412+0000] {dag.py:3096} INFO - Sync 1 DAGs
[2024-05-16T12:23:36.420+0000] {logging_mixin.py:188} INFO - [2024-05-16T12:23:36.420+0000] {dag.py:3954} INFO - Setting next_dagrun for example_trigger_target_dag to None, run_after=None
[2024-05-16T12:23:36.467+0000] {processor.py:183} INFO - Processing /usr/local/python/3.10.13/lib/python3.10/site-packages/airflow/example_dags/example_trigger_target_dag.py took 0.077 seconds
[2024-05-16T12:24:20.673+0000] {processor.py:161} INFO - Started process (PID=15058) to work on /usr/local/python/3.10.13/lib/python3.10/site-packages/airflow/example_dags/example_trigger_target_dag.py
[2024-05-16T12:24:20.673+0000] {processor.py:830} INFO - Processing file /usr/local/python/3.10.13/lib/python3.10/site-packages/airflow/example_dags/example_trigger_target_dag.py for tasks to queue
[2024-05-16T12:24:20.675+0000] {logging_mixin.py:188} INFO - [2024-05-16T12:24:20.674+0000] {dagbag.py:545} INFO - Filling up the DagBag from /usr/local/python/3.10.13/lib/python3.10/site-packages/airflow/example_dags/example_trigger_target_dag.py
[2024-05-16T12:24:20.679+0000] {processor.py:840} INFO - DAG(s) 'example_trigger_target_dag' retrieved from /usr/local/python/3.10.13/lib/python3.10/site-packages/airflow/example_dags/example_trigger_target_dag.py
[2024-05-16T12:24:20.690+0000] {logging_mixin.py:188} INFO - [2024-05-16T12:24:20.690+0000] {dag.py:3096} INFO - Sync 1 DAGs
[2024-05-16T12:24:20.698+0000] {logging_mixin.py:188} INFO - [2024-05-16T12:24:20.698+0000] {dag.py:3954} INFO - Setting next_dagrun for example_trigger_target_dag to None, run_after=None
[2024-05-16T12:24:20.745+0000] {processor.py:183} INFO - Processing /usr/local/python/3.10.13/lib/python3.10/site-packages/airflow/example_dags/example_trigger_target_dag.py took 0.077 seconds
[2024-05-16T12:25:02.367+0000] {processor.py:161} INFO - Started process (PID=15375) to work on /usr/local/python/3.10.13/lib/python3.10/site-packages/airflow/example_dags/example_trigger_target_dag.py
[2024-05-16T12:25:02.368+0000] {processor.py:830} INFO - Processing file /usr/local/python/3.10.13/lib/python3.10/site-packages/airflow/example_dags/example_trigger_target_dag.py for tasks to queue
[2024-05-16T12:25:02.370+0000] {logging_mixin.py:188} INFO - [2024-05-16T12:25:02.369+0000] {dagbag.py:545} INFO - Filling up the DagBag from /usr/local/python/3.10.13/lib/python3.10/site-packages/airflow/example_dags/example_trigger_target_dag.py
[2024-05-16T12:25:02.374+0000] {processor.py:840} INFO - DAG(s) 'example_trigger_target_dag' retrieved from /usr/local/python/3.10.13/lib/python3.10/site-packages/airflow/example_dags/example_trigger_target_dag.py
[2024-05-16T12:25:02.386+0000] {logging_mixin.py:188} INFO - [2024-05-16T12:25:02.386+0000] {dag.py:3096} INFO - Sync 1 DAGs
[2024-05-16T12:25:02.395+0000] {logging_mixin.py:188} INFO - [2024-05-16T12:25:02.395+0000] {dag.py:3954} INFO - Setting next_dagrun for example_trigger_target_dag to None, run_after=None
[2024-05-16T12:25:02.439+0000] {processor.py:183} INFO - Processing /usr/local/python/3.10.13/lib/python3.10/site-packages/airflow/example_dags/example_trigger_target_dag.py took 0.076 seconds
[2024-05-16T12:25:41.939+0000] {processor.py:161} INFO - Started process (PID=15680) to work on /usr/local/python/3.10.13/lib/python3.10/site-packages/airflow/example_dags/example_trigger_target_dag.py
[2024-05-16T12:25:41.940+0000] {processor.py:830} INFO - Processing file /usr/local/python/3.10.13/lib/python3.10/site-packages/airflow/example_dags/example_trigger_target_dag.py for tasks to queue
[2024-05-16T12:25:41.942+0000] {logging_mixin.py:188} INFO - [2024-05-16T12:25:41.941+0000] {dagbag.py:545} INFO - Filling up the DagBag from /usr/local/python/3.10.13/lib/python3.10/site-packages/airflow/example_dags/example_trigger_target_dag.py
[2024-05-16T12:25:41.947+0000] {processor.py:840} INFO - DAG(s) 'example_trigger_target_dag' retrieved from /usr/local/python/3.10.13/lib/python3.10/site-packages/airflow/example_dags/example_trigger_target_dag.py
[2024-05-16T12:25:41.957+0000] {logging_mixin.py:188} INFO - [2024-05-16T12:25:41.957+0000] {dag.py:3096} INFO - Sync 1 DAGs
[2024-05-16T12:25:41.966+0000] {logging_mixin.py:188} INFO - [2024-05-16T12:25:41.966+0000] {dag.py:3954} INFO - Setting next_dagrun for example_trigger_target_dag to None, run_after=None
[2024-05-16T12:25:42.012+0000] {processor.py:183} INFO - Processing /usr/local/python/3.10.13/lib/python3.10/site-packages/airflow/example_dags/example_trigger_target_dag.py took 0.077 seconds
[2024-05-16T12:26:21.449+0000] {processor.py:161} INFO - Started process (PID=15980) to work on /usr/local/python/3.10.13/lib/python3.10/site-packages/airflow/example_dags/example_trigger_target_dag.py
[2024-05-16T12:26:21.449+0000] {processor.py:830} INFO - Processing file /usr/local/python/3.10.13/lib/python3.10/site-packages/airflow/example_dags/example_trigger_target_dag.py for tasks to queue
[2024-05-16T12:26:21.451+0000] {logging_mixin.py:188} INFO - [2024-05-16T12:26:21.451+0000] {dagbag.py:545} INFO - Filling up the DagBag from /usr/local/python/3.10.13/lib/python3.10/site-packages/airflow/example_dags/example_trigger_target_dag.py
[2024-05-16T12:26:21.458+0000] {processor.py:840} INFO - DAG(s) 'example_trigger_target_dag' retrieved from /usr/local/python/3.10.13/lib/python3.10/site-packages/airflow/example_dags/example_trigger_target_dag.py
[2024-05-16T12:26:21.474+0000] {logging_mixin.py:188} INFO - [2024-05-16T12:26:21.474+0000] {dag.py:3096} INFO - Sync 1 DAGs
[2024-05-16T12:26:21.484+0000] {logging_mixin.py:188} INFO - [2024-05-16T12:26:21.484+0000] {dag.py:3954} INFO - Setting next_dagrun for example_trigger_target_dag to None, run_after=None
[2024-05-16T12:26:21.529+0000] {processor.py:183} INFO - Processing /usr/local/python/3.10.13/lib/python3.10/site-packages/airflow/example_dags/example_trigger_target_dag.py took 0.085 seconds
[2024-05-16T12:27:03.332+0000] {processor.py:161} INFO - Started process (PID=16283) to work on /usr/local/python/3.10.13/lib/python3.10/site-packages/airflow/example_dags/example_trigger_target_dag.py
[2024-05-16T12:27:03.333+0000] {processor.py:830} INFO - Processing file /usr/local/python/3.10.13/lib/python3.10/site-packages/airflow/example_dags/example_trigger_target_dag.py for tasks to queue
[2024-05-16T12:27:03.334+0000] {logging_mixin.py:188} INFO - [2024-05-16T12:27:03.334+0000] {dagbag.py:545} INFO - Filling up the DagBag from /usr/local/python/3.10.13/lib/python3.10/site-packages/airflow/example_dags/example_trigger_target_dag.py
[2024-05-16T12:27:03.341+0000] {processor.py:840} INFO - DAG(s) 'example_trigger_target_dag' retrieved from /usr/local/python/3.10.13/lib/python3.10/site-packages/airflow/example_dags/example_trigger_target_dag.py
[2024-05-16T12:27:03.352+0000] {logging_mixin.py:188} INFO - [2024-05-16T12:27:03.352+0000] {dag.py:3096} INFO - Sync 1 DAGs
[2024-05-16T12:27:03.361+0000] {logging_mixin.py:188} INFO - [2024-05-16T12:27:03.361+0000] {dag.py:3954} INFO - Setting next_dagrun for example_trigger_target_dag to None, run_after=None
[2024-05-16T12:27:03.407+0000] {processor.py:183} INFO - Processing /usr/local/python/3.10.13/lib/python3.10/site-packages/airflow/example_dags/example_trigger_target_dag.py took 0.080 seconds
[2024-05-16T12:27:45.598+0000] {processor.py:161} INFO - Started process (PID=16594) to work on /usr/local/python/3.10.13/lib/python3.10/site-packages/airflow/example_dags/example_trigger_target_dag.py
[2024-05-16T12:27:45.599+0000] {processor.py:830} INFO - Processing file /usr/local/python/3.10.13/lib/python3.10/site-packages/airflow/example_dags/example_trigger_target_dag.py for tasks to queue
[2024-05-16T12:27:45.601+0000] {logging_mixin.py:188} INFO - [2024-05-16T12:27:45.601+0000] {dagbag.py:545} INFO - Filling up the DagBag from /usr/local/python/3.10.13/lib/python3.10/site-packages/airflow/example_dags/example_trigger_target_dag.py
[2024-05-16T12:27:45.608+0000] {processor.py:840} INFO - DAG(s) 'example_trigger_target_dag' retrieved from /usr/local/python/3.10.13/lib/python3.10/site-packages/airflow/example_dags/example_trigger_target_dag.py
[2024-05-16T12:27:45.622+0000] {logging_mixin.py:188} INFO - [2024-05-16T12:27:45.621+0000] {dag.py:3096} INFO - Sync 1 DAGs
[2024-05-16T12:27:45.631+0000] {logging_mixin.py:188} INFO - [2024-05-16T12:27:45.631+0000] {dag.py:3954} INFO - Setting next_dagrun for example_trigger_target_dag to None, run_after=None
[2024-05-16T12:27:45.692+0000] {processor.py:183} INFO - Processing /usr/local/python/3.10.13/lib/python3.10/site-packages/airflow/example_dags/example_trigger_target_dag.py took 0.100 seconds
[2024-05-16T12:28:29.696+0000] {processor.py:161} INFO - Started process (PID=16912) to work on /usr/local/python/3.10.13/lib/python3.10/site-packages/airflow/example_dags/example_trigger_target_dag.py
[2024-05-16T12:28:29.697+0000] {processor.py:830} INFO - Processing file /usr/local/python/3.10.13/lib/python3.10/site-packages/airflow/example_dags/example_trigger_target_dag.py for tasks to queue
[2024-05-16T12:28:29.698+0000] {logging_mixin.py:188} INFO - [2024-05-16T12:28:29.698+0000] {dagbag.py:545} INFO - Filling up the DagBag from /usr/local/python/3.10.13/lib/python3.10/site-packages/airflow/example_dags/example_trigger_target_dag.py
[2024-05-16T12:28:29.703+0000] {processor.py:840} INFO - DAG(s) 'example_trigger_target_dag' retrieved from /usr/local/python/3.10.13/lib/python3.10/site-packages/airflow/example_dags/example_trigger_target_dag.py
[2024-05-16T12:28:29.714+0000] {logging_mixin.py:188} INFO - [2024-05-16T12:28:29.714+0000] {dag.py:3096} INFO - Sync 1 DAGs
[2024-05-16T12:28:29.723+0000] {logging_mixin.py:188} INFO - [2024-05-16T12:28:29.723+0000] {dag.py:3954} INFO - Setting next_dagrun for example_trigger_target_dag to None, run_after=None
[2024-05-16T12:28:29.768+0000] {processor.py:183} INFO - Processing /usr/local/python/3.10.13/lib/python3.10/site-packages/airflow/example_dags/example_trigger_target_dag.py took 0.076 seconds
[2024-05-16T12:29:11.196+0000] {processor.py:161} INFO - Started process (PID=17200) to work on /usr/local/python/3.10.13/lib/python3.10/site-packages/airflow/example_dags/example_trigger_target_dag.py
[2024-05-16T12:29:11.197+0000] {processor.py:830} INFO - Processing file /usr/local/python/3.10.13/lib/python3.10/site-packages/airflow/example_dags/example_trigger_target_dag.py for tasks to queue
[2024-05-16T12:29:11.198+0000] {logging_mixin.py:188} INFO - [2024-05-16T12:29:11.198+0000] {dagbag.py:545} INFO - Filling up the DagBag from /usr/local/python/3.10.13/lib/python3.10/site-packages/airflow/example_dags/example_trigger_target_dag.py
[2024-05-16T12:29:11.203+0000] {processor.py:840} INFO - DAG(s) 'example_trigger_target_dag' retrieved from /usr/local/python/3.10.13/lib/python3.10/site-packages/airflow/example_dags/example_trigger_target_dag.py
[2024-05-16T12:29:11.214+0000] {logging_mixin.py:188} INFO - [2024-05-16T12:29:11.214+0000] {dag.py:3096} INFO - Sync 1 DAGs
[2024-05-16T12:29:11.223+0000] {logging_mixin.py:188} INFO - [2024-05-16T12:29:11.222+0000] {dag.py:3954} INFO - Setting next_dagrun for example_trigger_target_dag to None, run_after=None
[2024-05-16T12:29:11.268+0000] {processor.py:183} INFO - Processing /usr/local/python/3.10.13/lib/python3.10/site-packages/airflow/example_dags/example_trigger_target_dag.py took 0.076 seconds
[2024-05-16T12:29:53.938+0000] {processor.py:161} INFO - Started process (PID=17514) to work on /usr/local/python/3.10.13/lib/python3.10/site-packages/airflow/example_dags/example_trigger_target_dag.py
[2024-05-16T12:29:53.939+0000] {processor.py:830} INFO - Processing file /usr/local/python/3.10.13/lib/python3.10/site-packages/airflow/example_dags/example_trigger_target_dag.py for tasks to queue
[2024-05-16T12:29:53.940+0000] {logging_mixin.py:188} INFO - [2024-05-16T12:29:53.940+0000] {dagbag.py:545} INFO - Filling up the DagBag from /usr/local/python/3.10.13/lib/python3.10/site-packages/airflow/example_dags/example_trigger_target_dag.py
[2024-05-16T12:29:53.945+0000] {processor.py:840} INFO - DAG(s) 'example_trigger_target_dag' retrieved from /usr/local/python/3.10.13/lib/python3.10/site-packages/airflow/example_dags/example_trigger_target_dag.py
[2024-05-16T12:29:53.961+0000] {logging_mixin.py:188} INFO - [2024-05-16T12:29:53.961+0000] {dag.py:3096} INFO - Sync 1 DAGs
[2024-05-16T12:29:53.972+0000] {logging_mixin.py:188} INFO - [2024-05-16T12:29:53.972+0000] {dag.py:3954} INFO - Setting next_dagrun for example_trigger_target_dag to None, run_after=None
[2024-05-16T12:29:54.017+0000] {processor.py:183} INFO - Processing /usr/local/python/3.10.13/lib/python3.10/site-packages/airflow/example_dags/example_trigger_target_dag.py took 0.084 seconds
[2024-05-16T12:30:36.318+0000] {processor.py:161} INFO - Started process (PID=17830) to work on /usr/local/python/3.10.13/lib/python3.10/site-packages/airflow/example_dags/example_trigger_target_dag.py
[2024-05-16T12:30:36.319+0000] {processor.py:830} INFO - Processing file /usr/local/python/3.10.13/lib/python3.10/site-packages/airflow/example_dags/example_trigger_target_dag.py for tasks to queue
[2024-05-16T12:30:36.320+0000] {logging_mixin.py:188} INFO - [2024-05-16T12:30:36.320+0000] {dagbag.py:545} INFO - Filling up the DagBag from /usr/local/python/3.10.13/lib/python3.10/site-packages/airflow/example_dags/example_trigger_target_dag.py
[2024-05-16T12:30:36.325+0000] {processor.py:840} INFO - DAG(s) 'example_trigger_target_dag' retrieved from /usr/local/python/3.10.13/lib/python3.10/site-packages/airflow/example_dags/example_trigger_target_dag.py
[2024-05-16T12:30:36.336+0000] {logging_mixin.py:188} INFO - [2024-05-16T12:30:36.336+0000] {dag.py:3096} INFO - Sync 1 DAGs
[2024-05-16T12:30:36.345+0000] {logging_mixin.py:188} INFO - [2024-05-16T12:30:36.345+0000] {dag.py:3954} INFO - Setting next_dagrun for example_trigger_target_dag to None, run_after=None
[2024-05-16T12:30:36.389+0000] {processor.py:183} INFO - Processing /usr/local/python/3.10.13/lib/python3.10/site-packages/airflow/example_dags/example_trigger_target_dag.py took 0.076 seconds
[2024-05-16T12:31:21.363+0000] {processor.py:161} INFO - Started process (PID=18145) to work on /usr/local/python/3.10.13/lib/python3.10/site-packages/airflow/example_dags/example_trigger_target_dag.py
[2024-05-16T12:31:21.364+0000] {processor.py:830} INFO - Processing file /usr/local/python/3.10.13/lib/python3.10/site-packages/airflow/example_dags/example_trigger_target_dag.py for tasks to queue
[2024-05-16T12:31:21.365+0000] {logging_mixin.py:188} INFO - [2024-05-16T12:31:21.365+0000] {dagbag.py:545} INFO - Filling up the DagBag from /usr/local/python/3.10.13/lib/python3.10/site-packages/airflow/example_dags/example_trigger_target_dag.py
[2024-05-16T12:31:21.370+0000] {processor.py:840} INFO - DAG(s) 'example_trigger_target_dag' retrieved from /usr/local/python/3.10.13/lib/python3.10/site-packages/airflow/example_dags/example_trigger_target_dag.py
[2024-05-16T12:31:21.381+0000] {logging_mixin.py:188} INFO - [2024-05-16T12:31:21.381+0000] {dag.py:3096} INFO - Sync 1 DAGs
[2024-05-16T12:31:21.390+0000] {logging_mixin.py:188} INFO - [2024-05-16T12:31:21.390+0000] {dag.py:3954} INFO - Setting next_dagrun for example_trigger_target_dag to None, run_after=None
[2024-05-16T12:31:21.434+0000] {processor.py:183} INFO - Processing /usr/local/python/3.10.13/lib/python3.10/site-packages/airflow/example_dags/example_trigger_target_dag.py took 0.075 seconds
[2024-05-16T12:32:03.701+0000] {processor.py:161} INFO - Started process (PID=18456) to work on /usr/local/python/3.10.13/lib/python3.10/site-packages/airflow/example_dags/example_trigger_target_dag.py
[2024-05-16T12:32:03.702+0000] {processor.py:830} INFO - Processing file /usr/local/python/3.10.13/lib/python3.10/site-packages/airflow/example_dags/example_trigger_target_dag.py for tasks to queue
[2024-05-16T12:32:03.703+0000] {logging_mixin.py:188} INFO - [2024-05-16T12:32:03.703+0000] {dagbag.py:545} INFO - Filling up the DagBag from /usr/local/python/3.10.13/lib/python3.10/site-packages/airflow/example_dags/example_trigger_target_dag.py
[2024-05-16T12:32:03.708+0000] {processor.py:840} INFO - DAG(s) 'example_trigger_target_dag' retrieved from /usr/local/python/3.10.13/lib/python3.10/site-packages/airflow/example_dags/example_trigger_target_dag.py
[2024-05-16T12:32:03.720+0000] {logging_mixin.py:188} INFO - [2024-05-16T12:32:03.719+0000] {dag.py:3096} INFO - Sync 1 DAGs
[2024-05-16T12:32:03.729+0000] {logging_mixin.py:188} INFO - [2024-05-16T12:32:03.729+0000] {dag.py:3954} INFO - Setting next_dagrun for example_trigger_target_dag to None, run_after=None
[2024-05-16T12:32:03.774+0000] {processor.py:183} INFO - Processing /usr/local/python/3.10.13/lib/python3.10/site-packages/airflow/example_dags/example_trigger_target_dag.py took 0.079 seconds
[2024-05-16T12:32:44.016+0000] {processor.py:161} INFO - Started process (PID=18738) to work on /usr/local/python/3.10.13/lib/python3.10/site-packages/airflow/example_dags/example_trigger_target_dag.py
[2024-05-16T12:32:44.016+0000] {processor.py:830} INFO - Processing file /usr/local/python/3.10.13/lib/python3.10/site-packages/airflow/example_dags/example_trigger_target_dag.py for tasks to queue
[2024-05-16T12:32:44.018+0000] {logging_mixin.py:188} INFO - [2024-05-16T12:32:44.017+0000] {dagbag.py:545} INFO - Filling up the DagBag from /usr/local/python/3.10.13/lib/python3.10/site-packages/airflow/example_dags/example_trigger_target_dag.py
[2024-05-16T12:32:44.022+0000] {processor.py:840} INFO - DAG(s) 'example_trigger_target_dag' retrieved from /usr/local/python/3.10.13/lib/python3.10/site-packages/airflow/example_dags/example_trigger_target_dag.py
[2024-05-16T12:32:44.035+0000] {logging_mixin.py:188} INFO - [2024-05-16T12:32:44.035+0000] {dag.py:3096} INFO - Sync 1 DAGs
[2024-05-16T12:32:44.045+0000] {logging_mixin.py:188} INFO - [2024-05-16T12:32:44.045+0000] {dag.py:3954} INFO - Setting next_dagrun for example_trigger_target_dag to None, run_after=None
[2024-05-16T12:32:44.090+0000] {processor.py:183} INFO - Processing /usr/local/python/3.10.13/lib/python3.10/site-packages/airflow/example_dags/example_trigger_target_dag.py took 0.079 seconds
[2024-05-16T12:33:25.503+0000] {processor.py:161} INFO - Started process (PID=19047) to work on /usr/local/python/3.10.13/lib/python3.10/site-packages/airflow/example_dags/example_trigger_target_dag.py
[2024-05-16T12:33:25.504+0000] {processor.py:830} INFO - Processing file /usr/local/python/3.10.13/lib/python3.10/site-packages/airflow/example_dags/example_trigger_target_dag.py for tasks to queue
[2024-05-16T12:33:25.505+0000] {logging_mixin.py:188} INFO - [2024-05-16T12:33:25.505+0000] {dagbag.py:545} INFO - Filling up the DagBag from /usr/local/python/3.10.13/lib/python3.10/site-packages/airflow/example_dags/example_trigger_target_dag.py
[2024-05-16T12:33:25.510+0000] {processor.py:840} INFO - DAG(s) 'example_trigger_target_dag' retrieved from /usr/local/python/3.10.13/lib/python3.10/site-packages/airflow/example_dags/example_trigger_target_dag.py
[2024-05-16T12:33:25.521+0000] {logging_mixin.py:188} INFO - [2024-05-16T12:33:25.521+0000] {dag.py:3096} INFO - Sync 1 DAGs
[2024-05-16T12:33:25.530+0000] {logging_mixin.py:188} INFO - [2024-05-16T12:33:25.530+0000] {dag.py:3954} INFO - Setting next_dagrun for example_trigger_target_dag to None, run_after=None
[2024-05-16T12:33:25.574+0000] {processor.py:183} INFO - Processing /usr/local/python/3.10.13/lib/python3.10/site-packages/airflow/example_dags/example_trigger_target_dag.py took 0.076 seconds
[2024-05-16T12:34:08.294+0000] {processor.py:161} INFO - Started process (PID=19363) to work on /usr/local/python/3.10.13/lib/python3.10/site-packages/airflow/example_dags/example_trigger_target_dag.py
[2024-05-16T12:34:08.295+0000] {processor.py:830} INFO - Processing file /usr/local/python/3.10.13/lib/python3.10/site-packages/airflow/example_dags/example_trigger_target_dag.py for tasks to queue
[2024-05-16T12:34:08.296+0000] {logging_mixin.py:188} INFO - [2024-05-16T12:34:08.296+0000] {dagbag.py:545} INFO - Filling up the DagBag from /usr/local/python/3.10.13/lib/python3.10/site-packages/airflow/example_dags/example_trigger_target_dag.py
[2024-05-16T12:34:08.301+0000] {processor.py:840} INFO - DAG(s) 'example_trigger_target_dag' retrieved from /usr/local/python/3.10.13/lib/python3.10/site-packages/airflow/example_dags/example_trigger_target_dag.py
[2024-05-16T12:34:08.312+0000] {logging_mixin.py:188} INFO - [2024-05-16T12:34:08.312+0000] {dag.py:3096} INFO - Sync 1 DAGs
[2024-05-16T12:34:08.322+0000] {logging_mixin.py:188} INFO - [2024-05-16T12:34:08.321+0000] {dag.py:3954} INFO - Setting next_dagrun for example_trigger_target_dag to None, run_after=None
[2024-05-16T12:34:08.372+0000] {processor.py:183} INFO - Processing /usr/local/python/3.10.13/lib/python3.10/site-packages/airflow/example_dags/example_trigger_target_dag.py took 0.082 seconds
[2024-05-16T12:34:50.358+0000] {processor.py:161} INFO - Started process (PID=19660) to work on /usr/local/python/3.10.13/lib/python3.10/site-packages/airflow/example_dags/example_trigger_target_dag.py
[2024-05-16T12:34:50.359+0000] {processor.py:830} INFO - Processing file /usr/local/python/3.10.13/lib/python3.10/site-packages/airflow/example_dags/example_trigger_target_dag.py for tasks to queue
[2024-05-16T12:34:50.361+0000] {logging_mixin.py:188} INFO - [2024-05-16T12:34:50.360+0000] {dagbag.py:545} INFO - Filling up the DagBag from /usr/local/python/3.10.13/lib/python3.10/site-packages/airflow/example_dags/example_trigger_target_dag.py
[2024-05-16T12:34:50.367+0000] {processor.py:840} INFO - DAG(s) 'example_trigger_target_dag' retrieved from /usr/local/python/3.10.13/lib/python3.10/site-packages/airflow/example_dags/example_trigger_target_dag.py
[2024-05-16T12:34:50.378+0000] {logging_mixin.py:188} INFO - [2024-05-16T12:34:50.377+0000] {dag.py:3096} INFO - Sync 1 DAGs
[2024-05-16T12:34:50.386+0000] {logging_mixin.py:188} INFO - [2024-05-16T12:34:50.386+0000] {dag.py:3954} INFO - Setting next_dagrun for example_trigger_target_dag to None, run_after=None
[2024-05-16T12:34:50.430+0000] {processor.py:183} INFO - Processing /usr/local/python/3.10.13/lib/python3.10/site-packages/airflow/example_dags/example_trigger_target_dag.py took 0.076 seconds
[2024-05-16T12:35:34.078+0000] {processor.py:161} INFO - Started process (PID=19996) to work on /usr/local/python/3.10.13/lib/python3.10/site-packages/airflow/example_dags/example_trigger_target_dag.py
[2024-05-16T12:35:34.079+0000] {processor.py:830} INFO - Processing file /usr/local/python/3.10.13/lib/python3.10/site-packages/airflow/example_dags/example_trigger_target_dag.py for tasks to queue
[2024-05-16T12:35:34.081+0000] {logging_mixin.py:188} INFO - [2024-05-16T12:35:34.080+0000] {dagbag.py:545} INFO - Filling up the DagBag from /usr/local/python/3.10.13/lib/python3.10/site-packages/airflow/example_dags/example_trigger_target_dag.py
[2024-05-16T12:35:34.085+0000] {processor.py:840} INFO - DAG(s) 'example_trigger_target_dag' retrieved from /usr/local/python/3.10.13/lib/python3.10/site-packages/airflow/example_dags/example_trigger_target_dag.py
[2024-05-16T12:35:34.096+0000] {logging_mixin.py:188} INFO - [2024-05-16T12:35:34.096+0000] {dag.py:3096} INFO - Sync 1 DAGs
[2024-05-16T12:35:34.105+0000] {logging_mixin.py:188} INFO - [2024-05-16T12:35:34.105+0000] {dag.py:3954} INFO - Setting next_dagrun for example_trigger_target_dag to None, run_after=None
[2024-05-16T12:35:34.149+0000] {processor.py:183} INFO - Processing /usr/local/python/3.10.13/lib/python3.10/site-packages/airflow/example_dags/example_trigger_target_dag.py took 0.075 seconds
[2024-05-16T12:36:13.952+0000] {processor.py:161} INFO - Started process (PID=20293) to work on /usr/local/python/3.10.13/lib/python3.10/site-packages/airflow/example_dags/example_trigger_target_dag.py
[2024-05-16T12:36:13.953+0000] {processor.py:830} INFO - Processing file /usr/local/python/3.10.13/lib/python3.10/site-packages/airflow/example_dags/example_trigger_target_dag.py for tasks to queue
[2024-05-16T12:36:13.954+0000] {logging_mixin.py:188} INFO - [2024-05-16T12:36:13.954+0000] {dagbag.py:545} INFO - Filling up the DagBag from /usr/local/python/3.10.13/lib/python3.10/site-packages/airflow/example_dags/example_trigger_target_dag.py
[2024-05-16T12:36:13.959+0000] {processor.py:840} INFO - DAG(s) 'example_trigger_target_dag' retrieved from /usr/local/python/3.10.13/lib/python3.10/site-packages/airflow/example_dags/example_trigger_target_dag.py
[2024-05-16T12:36:13.973+0000] {logging_mixin.py:188} INFO - [2024-05-16T12:36:13.973+0000] {dag.py:3096} INFO - Sync 1 DAGs
[2024-05-16T12:36:13.984+0000] {logging_mixin.py:188} INFO - [2024-05-16T12:36:13.984+0000] {dag.py:3954} INFO - Setting next_dagrun for example_trigger_target_dag to None, run_after=None
[2024-05-16T12:36:14.035+0000] {processor.py:183} INFO - Processing /usr/local/python/3.10.13/lib/python3.10/site-packages/airflow/example_dags/example_trigger_target_dag.py took 0.088 seconds
[2024-05-16T12:36:54.471+0000] {processor.py:161} INFO - Started process (PID=20582) to work on /usr/local/python/3.10.13/lib/python3.10/site-packages/airflow/example_dags/example_trigger_target_dag.py
[2024-05-16T12:36:54.471+0000] {processor.py:830} INFO - Processing file /usr/local/python/3.10.13/lib/python3.10/site-packages/airflow/example_dags/example_trigger_target_dag.py for tasks to queue
[2024-05-16T12:36:54.473+0000] {logging_mixin.py:188} INFO - [2024-05-16T12:36:54.472+0000] {dagbag.py:545} INFO - Filling up the DagBag from /usr/local/python/3.10.13/lib/python3.10/site-packages/airflow/example_dags/example_trigger_target_dag.py
[2024-05-16T12:36:54.477+0000] {processor.py:840} INFO - DAG(s) 'example_trigger_target_dag' retrieved from /usr/local/python/3.10.13/lib/python3.10/site-packages/airflow/example_dags/example_trigger_target_dag.py
[2024-05-16T12:36:54.488+0000] {logging_mixin.py:188} INFO - [2024-05-16T12:36:54.488+0000] {dag.py:3096} INFO - Sync 1 DAGs
[2024-05-16T12:36:54.496+0000] {logging_mixin.py:188} INFO - [2024-05-16T12:36:54.496+0000] {dag.py:3954} INFO - Setting next_dagrun for example_trigger_target_dag to None, run_after=None
[2024-05-16T12:36:54.540+0000] {processor.py:183} INFO - Processing /usr/local/python/3.10.13/lib/python3.10/site-packages/airflow/example_dags/example_trigger_target_dag.py took 0.074 seconds
[2024-05-16T12:37:37.842+0000] {processor.py:161} INFO - Started process (PID=20884) to work on /usr/local/python/3.10.13/lib/python3.10/site-packages/airflow/example_dags/example_trigger_target_dag.py
[2024-05-16T12:37:37.843+0000] {processor.py:830} INFO - Processing file /usr/local/python/3.10.13/lib/python3.10/site-packages/airflow/example_dags/example_trigger_target_dag.py for tasks to queue
[2024-05-16T12:37:37.844+0000] {logging_mixin.py:188} INFO - [2024-05-16T12:37:37.844+0000] {dagbag.py:545} INFO - Filling up the DagBag from /usr/local/python/3.10.13/lib/python3.10/site-packages/airflow/example_dags/example_trigger_target_dag.py
[2024-05-16T12:37:37.849+0000] {processor.py:840} INFO - DAG(s) 'example_trigger_target_dag' retrieved from /usr/local/python/3.10.13/lib/python3.10/site-packages/airflow/example_dags/example_trigger_target_dag.py
[2024-05-16T12:37:37.859+0000] {logging_mixin.py:188} INFO - [2024-05-16T12:37:37.859+0000] {dag.py:3096} INFO - Sync 1 DAGs
[2024-05-16T12:37:37.867+0000] {logging_mixin.py:188} INFO - [2024-05-16T12:37:37.867+0000] {dag.py:3954} INFO - Setting next_dagrun for example_trigger_target_dag to None, run_after=None
[2024-05-16T12:37:37.923+0000] {processor.py:183} INFO - Processing /usr/local/python/3.10.13/lib/python3.10/site-packages/airflow/example_dags/example_trigger_target_dag.py took 0.086 seconds
[2024-05-16T12:38:17.008+0000] {processor.py:161} INFO - Started process (PID=21166) to work on /usr/local/python/3.10.13/lib/python3.10/site-packages/airflow/example_dags/example_trigger_target_dag.py
[2024-05-16T12:38:17.009+0000] {processor.py:830} INFO - Processing file /usr/local/python/3.10.13/lib/python3.10/site-packages/airflow/example_dags/example_trigger_target_dag.py for tasks to queue
[2024-05-16T12:38:17.010+0000] {logging_mixin.py:188} INFO - [2024-05-16T12:38:17.010+0000] {dagbag.py:545} INFO - Filling up the DagBag from /usr/local/python/3.10.13/lib/python3.10/site-packages/airflow/example_dags/example_trigger_target_dag.py
[2024-05-16T12:38:17.015+0000] {processor.py:840} INFO - DAG(s) 'example_trigger_target_dag' retrieved from /usr/local/python/3.10.13/lib/python3.10/site-packages/airflow/example_dags/example_trigger_target_dag.py
[2024-05-16T12:38:17.025+0000] {logging_mixin.py:188} INFO - [2024-05-16T12:38:17.025+0000] {dag.py:3096} INFO - Sync 1 DAGs
[2024-05-16T12:38:17.034+0000] {logging_mixin.py:188} INFO - [2024-05-16T12:38:17.034+0000] {dag.py:3954} INFO - Setting next_dagrun for example_trigger_target_dag to None, run_after=None
[2024-05-16T12:38:17.078+0000] {processor.py:183} INFO - Processing /usr/local/python/3.10.13/lib/python3.10/site-packages/airflow/example_dags/example_trigger_target_dag.py took 0.074 seconds
[2024-05-16T12:38:55.961+0000] {processor.py:161} INFO - Started process (PID=21445) to work on /usr/local/python/3.10.13/lib/python3.10/site-packages/airflow/example_dags/example_trigger_target_dag.py
[2024-05-16T12:38:55.964+0000] {processor.py:830} INFO - Processing file /usr/local/python/3.10.13/lib/python3.10/site-packages/airflow/example_dags/example_trigger_target_dag.py for tasks to queue
[2024-05-16T12:38:55.966+0000] {logging_mixin.py:188} INFO - [2024-05-16T12:38:55.966+0000] {dagbag.py:545} INFO - Filling up the DagBag from /usr/local/python/3.10.13/lib/python3.10/site-packages/airflow/example_dags/example_trigger_target_dag.py
[2024-05-16T12:38:55.977+0000] {processor.py:840} INFO - DAG(s) 'example_trigger_target_dag' retrieved from /usr/local/python/3.10.13/lib/python3.10/site-packages/airflow/example_dags/example_trigger_target_dag.py
[2024-05-16T12:38:55.990+0000] {logging_mixin.py:188} INFO - [2024-05-16T12:38:55.990+0000] {dag.py:3096} INFO - Sync 1 DAGs
[2024-05-16T12:38:55.999+0000] {logging_mixin.py:188} INFO - [2024-05-16T12:38:55.999+0000] {dag.py:3954} INFO - Setting next_dagrun for example_trigger_target_dag to None, run_after=None
[2024-05-16T12:38:56.042+0000] {processor.py:183} INFO - Processing /usr/local/python/3.10.13/lib/python3.10/site-packages/airflow/example_dags/example_trigger_target_dag.py took 0.088 seconds
[2024-05-16T12:39:39.681+0000] {processor.py:161} INFO - Started process (PID=21755) to work on /usr/local/python/3.10.13/lib/python3.10/site-packages/airflow/example_dags/example_trigger_target_dag.py
[2024-05-16T12:39:39.682+0000] {processor.py:830} INFO - Processing file /usr/local/python/3.10.13/lib/python3.10/site-packages/airflow/example_dags/example_trigger_target_dag.py for tasks to queue
[2024-05-16T12:39:39.683+0000] {logging_mixin.py:188} INFO - [2024-05-16T12:39:39.683+0000] {dagbag.py:545} INFO - Filling up the DagBag from /usr/local/python/3.10.13/lib/python3.10/site-packages/airflow/example_dags/example_trigger_target_dag.py
[2024-05-16T12:39:39.688+0000] {processor.py:840} INFO - DAG(s) 'example_trigger_target_dag' retrieved from /usr/local/python/3.10.13/lib/python3.10/site-packages/airflow/example_dags/example_trigger_target_dag.py
[2024-05-16T12:39:39.699+0000] {logging_mixin.py:188} INFO - [2024-05-16T12:39:39.698+0000] {dag.py:3096} INFO - Sync 1 DAGs
[2024-05-16T12:39:39.708+0000] {logging_mixin.py:188} INFO - [2024-05-16T12:39:39.708+0000] {dag.py:3954} INFO - Setting next_dagrun for example_trigger_target_dag to None, run_after=None
[2024-05-16T12:39:39.750+0000] {processor.py:183} INFO - Processing /usr/local/python/3.10.13/lib/python3.10/site-packages/airflow/example_dags/example_trigger_target_dag.py took 0.073 seconds
[2024-05-16T12:40:23.384+0000] {processor.py:161} INFO - Started process (PID=22063) to work on /usr/local/python/3.10.13/lib/python3.10/site-packages/airflow/example_dags/example_trigger_target_dag.py
[2024-05-16T12:40:23.385+0000] {processor.py:830} INFO - Processing file /usr/local/python/3.10.13/lib/python3.10/site-packages/airflow/example_dags/example_trigger_target_dag.py for tasks to queue
[2024-05-16T12:40:23.386+0000] {logging_mixin.py:188} INFO - [2024-05-16T12:40:23.386+0000] {dagbag.py:545} INFO - Filling up the DagBag from /usr/local/python/3.10.13/lib/python3.10/site-packages/airflow/example_dags/example_trigger_target_dag.py
[2024-05-16T12:40:23.391+0000] {processor.py:840} INFO - DAG(s) 'example_trigger_target_dag' retrieved from /usr/local/python/3.10.13/lib/python3.10/site-packages/airflow/example_dags/example_trigger_target_dag.py
[2024-05-16T12:40:23.401+0000] {logging_mixin.py:188} INFO - [2024-05-16T12:40:23.401+0000] {dag.py:3096} INFO - Sync 1 DAGs
[2024-05-16T12:40:23.410+0000] {logging_mixin.py:188} INFO - [2024-05-16T12:40:23.410+0000] {dag.py:3954} INFO - Setting next_dagrun for example_trigger_target_dag to None, run_after=None
[2024-05-16T12:40:23.456+0000] {processor.py:183} INFO - Processing /usr/local/python/3.10.13/lib/python3.10/site-packages/airflow/example_dags/example_trigger_target_dag.py took 0.077 seconds
[2024-05-16T12:41:04.871+0000] {processor.py:161} INFO - Started process (PID=22359) to work on /usr/local/python/3.10.13/lib/python3.10/site-packages/airflow/example_dags/example_trigger_target_dag.py
[2024-05-16T12:41:04.872+0000] {processor.py:830} INFO - Processing file /usr/local/python/3.10.13/lib/python3.10/site-packages/airflow/example_dags/example_trigger_target_dag.py for tasks to queue
[2024-05-16T12:41:04.873+0000] {logging_mixin.py:188} INFO - [2024-05-16T12:41:04.873+0000] {dagbag.py:545} INFO - Filling up the DagBag from /usr/local/python/3.10.13/lib/python3.10/site-packages/airflow/example_dags/example_trigger_target_dag.py
[2024-05-16T12:41:04.878+0000] {processor.py:840} INFO - DAG(s) 'example_trigger_target_dag' retrieved from /usr/local/python/3.10.13/lib/python3.10/site-packages/airflow/example_dags/example_trigger_target_dag.py
[2024-05-16T12:41:04.889+0000] {logging_mixin.py:188} INFO - [2024-05-16T12:41:04.888+0000] {dag.py:3096} INFO - Sync 1 DAGs
[2024-05-16T12:41:04.897+0000] {logging_mixin.py:188} INFO - [2024-05-16T12:41:04.897+0000] {dag.py:3954} INFO - Setting next_dagrun for example_trigger_target_dag to None, run_after=None
[2024-05-16T12:41:04.942+0000] {processor.py:183} INFO - Processing /usr/local/python/3.10.13/lib/python3.10/site-packages/airflow/example_dags/example_trigger_target_dag.py took 0.076 seconds
[2024-05-16T12:41:46.045+0000] {processor.py:161} INFO - Started process (PID=22654) to work on /usr/local/python/3.10.13/lib/python3.10/site-packages/airflow/example_dags/example_trigger_target_dag.py
[2024-05-16T12:41:46.046+0000] {processor.py:830} INFO - Processing file /usr/local/python/3.10.13/lib/python3.10/site-packages/airflow/example_dags/example_trigger_target_dag.py for tasks to queue
[2024-05-16T12:41:46.047+0000] {logging_mixin.py:188} INFO - [2024-05-16T12:41:46.047+0000] {dagbag.py:545} INFO - Filling up the DagBag from /usr/local/python/3.10.13/lib/python3.10/site-packages/airflow/example_dags/example_trigger_target_dag.py
[2024-05-16T12:41:46.051+0000] {processor.py:840} INFO - DAG(s) 'example_trigger_target_dag' retrieved from /usr/local/python/3.10.13/lib/python3.10/site-packages/airflow/example_dags/example_trigger_target_dag.py
[2024-05-16T12:41:46.062+0000] {logging_mixin.py:188} INFO - [2024-05-16T12:41:46.062+0000] {dag.py:3096} INFO - Sync 1 DAGs
[2024-05-16T12:41:46.071+0000] {logging_mixin.py:188} INFO - [2024-05-16T12:41:46.071+0000] {dag.py:3954} INFO - Setting next_dagrun for example_trigger_target_dag to None, run_after=None
[2024-05-16T12:41:46.115+0000] {processor.py:183} INFO - Processing /usr/local/python/3.10.13/lib/python3.10/site-packages/airflow/example_dags/example_trigger_target_dag.py took 0.074 seconds
[2024-05-16T12:42:30.707+0000] {processor.py:161} INFO - Started process (PID=22993) to work on /usr/local/python/3.10.13/lib/python3.10/site-packages/airflow/example_dags/example_trigger_target_dag.py
[2024-05-16T12:42:30.708+0000] {processor.py:830} INFO - Processing file /usr/local/python/3.10.13/lib/python3.10/site-packages/airflow/example_dags/example_trigger_target_dag.py for tasks to queue
[2024-05-16T12:42:30.709+0000] {logging_mixin.py:188} INFO - [2024-05-16T12:42:30.709+0000] {dagbag.py:545} INFO - Filling up the DagBag from /usr/local/python/3.10.13/lib/python3.10/site-packages/airflow/example_dags/example_trigger_target_dag.py
[2024-05-16T12:42:30.714+0000] {processor.py:840} INFO - DAG(s) 'example_trigger_target_dag' retrieved from /usr/local/python/3.10.13/lib/python3.10/site-packages/airflow/example_dags/example_trigger_target_dag.py
[2024-05-16T12:42:30.725+0000] {logging_mixin.py:188} INFO - [2024-05-16T12:42:30.725+0000] {dag.py:3096} INFO - Sync 1 DAGs
[2024-05-16T12:42:30.734+0000] {logging_mixin.py:188} INFO - [2024-05-16T12:42:30.734+0000] {dag.py:3954} INFO - Setting next_dagrun for example_trigger_target_dag to None, run_after=None
[2024-05-16T12:42:30.781+0000] {processor.py:183} INFO - Processing /usr/local/python/3.10.13/lib/python3.10/site-packages/airflow/example_dags/example_trigger_target_dag.py took 0.079 seconds
[2024-05-16T12:43:11.752+0000] {processor.py:161} INFO - Started process (PID=23304) to work on /usr/local/python/3.10.13/lib/python3.10/site-packages/airflow/example_dags/example_trigger_target_dag.py
[2024-05-16T12:43:11.753+0000] {processor.py:830} INFO - Processing file /usr/local/python/3.10.13/lib/python3.10/site-packages/airflow/example_dags/example_trigger_target_dag.py for tasks to queue
[2024-05-16T12:43:11.754+0000] {logging_mixin.py:188} INFO - [2024-05-16T12:43:11.754+0000] {dagbag.py:545} INFO - Filling up the DagBag from /usr/local/python/3.10.13/lib/python3.10/site-packages/airflow/example_dags/example_trigger_target_dag.py
[2024-05-16T12:43:11.759+0000] {processor.py:840} INFO - DAG(s) 'example_trigger_target_dag' retrieved from /usr/local/python/3.10.13/lib/python3.10/site-packages/airflow/example_dags/example_trigger_target_dag.py
[2024-05-16T12:43:11.769+0000] {logging_mixin.py:188} INFO - [2024-05-16T12:43:11.769+0000] {dag.py:3096} INFO - Sync 1 DAGs
[2024-05-16T12:43:11.778+0000] {logging_mixin.py:188} INFO - [2024-05-16T12:43:11.778+0000] {dag.py:3954} INFO - Setting next_dagrun for example_trigger_target_dag to None, run_after=None
[2024-05-16T12:43:11.822+0000] {processor.py:183} INFO - Processing /usr/local/python/3.10.13/lib/python3.10/site-packages/airflow/example_dags/example_trigger_target_dag.py took 0.075 seconds
[2024-05-16T12:43:53.709+0000] {processor.py:161} INFO - Started process (PID=23602) to work on /usr/local/python/3.10.13/lib/python3.10/site-packages/airflow/example_dags/example_trigger_target_dag.py
[2024-05-16T12:43:53.710+0000] {processor.py:830} INFO - Processing file /usr/local/python/3.10.13/lib/python3.10/site-packages/airflow/example_dags/example_trigger_target_dag.py for tasks to queue
[2024-05-16T12:43:53.711+0000] {logging_mixin.py:188} INFO - [2024-05-16T12:43:53.711+0000] {dagbag.py:545} INFO - Filling up the DagBag from /usr/local/python/3.10.13/lib/python3.10/site-packages/airflow/example_dags/example_trigger_target_dag.py
[2024-05-16T12:43:53.716+0000] {processor.py:840} INFO - DAG(s) 'example_trigger_target_dag' retrieved from /usr/local/python/3.10.13/lib/python3.10/site-packages/airflow/example_dags/example_trigger_target_dag.py
[2024-05-16T12:43:53.727+0000] {logging_mixin.py:188} INFO - [2024-05-16T12:43:53.727+0000] {dag.py:3096} INFO - Sync 1 DAGs
[2024-05-16T12:43:53.736+0000] {logging_mixin.py:188} INFO - [2024-05-16T12:43:53.736+0000] {dag.py:3954} INFO - Setting next_dagrun for example_trigger_target_dag to None, run_after=None
[2024-05-16T12:43:53.781+0000] {processor.py:183} INFO - Processing /usr/local/python/3.10.13/lib/python3.10/site-packages/airflow/example_dags/example_trigger_target_dag.py took 0.076 seconds
[2024-05-16T12:44:38.405+0000] {processor.py:161} INFO - Started process (PID=23919) to work on /usr/local/python/3.10.13/lib/python3.10/site-packages/airflow/example_dags/example_trigger_target_dag.py
[2024-05-16T12:44:38.406+0000] {processor.py:830} INFO - Processing file /usr/local/python/3.10.13/lib/python3.10/site-packages/airflow/example_dags/example_trigger_target_dag.py for tasks to queue
[2024-05-16T12:44:38.407+0000] {logging_mixin.py:188} INFO - [2024-05-16T12:44:38.407+0000] {dagbag.py:545} INFO - Filling up the DagBag from /usr/local/python/3.10.13/lib/python3.10/site-packages/airflow/example_dags/example_trigger_target_dag.py
[2024-05-16T12:44:38.412+0000] {processor.py:840} INFO - DAG(s) 'example_trigger_target_dag' retrieved from /usr/local/python/3.10.13/lib/python3.10/site-packages/airflow/example_dags/example_trigger_target_dag.py
[2024-05-16T12:44:38.423+0000] {logging_mixin.py:188} INFO - [2024-05-16T12:44:38.423+0000] {dag.py:3096} INFO - Sync 1 DAGs
[2024-05-16T12:44:38.432+0000] {logging_mixin.py:188} INFO - [2024-05-16T12:44:38.432+0000] {dag.py:3954} INFO - Setting next_dagrun for example_trigger_target_dag to None, run_after=None
[2024-05-16T12:44:38.479+0000] {processor.py:183} INFO - Processing /usr/local/python/3.10.13/lib/python3.10/site-packages/airflow/example_dags/example_trigger_target_dag.py took 0.078 seconds
[2024-05-16T12:45:21.262+0000] {processor.py:161} INFO - Started process (PID=24289) to work on /usr/local/python/3.10.13/lib/python3.10/site-packages/airflow/example_dags/example_trigger_target_dag.py
[2024-05-16T12:45:21.263+0000] {processor.py:830} INFO - Processing file /usr/local/python/3.10.13/lib/python3.10/site-packages/airflow/example_dags/example_trigger_target_dag.py for tasks to queue
[2024-05-16T12:45:21.265+0000] {logging_mixin.py:188} INFO - [2024-05-16T12:45:21.264+0000] {dagbag.py:545} INFO - Filling up the DagBag from /usr/local/python/3.10.13/lib/python3.10/site-packages/airflow/example_dags/example_trigger_target_dag.py
[2024-05-16T12:45:21.271+0000] {processor.py:840} INFO - DAG(s) 'example_trigger_target_dag' retrieved from /usr/local/python/3.10.13/lib/python3.10/site-packages/airflow/example_dags/example_trigger_target_dag.py
[2024-05-16T12:45:21.289+0000] {logging_mixin.py:188} INFO - [2024-05-16T12:45:21.288+0000] {dag.py:3096} INFO - Sync 1 DAGs
[2024-05-16T12:45:21.302+0000] {logging_mixin.py:188} INFO - [2024-05-16T12:45:21.302+0000] {dag.py:3954} INFO - Setting next_dagrun for example_trigger_target_dag to None, run_after=None
[2024-05-16T12:45:21.363+0000] {processor.py:183} INFO - Processing /usr/local/python/3.10.13/lib/python3.10/site-packages/airflow/example_dags/example_trigger_target_dag.py took 0.107 seconds
