[2024-05-16T12:06:27.580+0000] {processor.py:161} INFO - Started process (PID=7416) to work on /usr/local/python/3.10.13/lib/python3.10/site-packages/airflow/example_dags/tutorial_dag.py
[2024-05-16T12:06:27.580+0000] {processor.py:830} INFO - Processing file /usr/local/python/3.10.13/lib/python3.10/site-packages/airflow/example_dags/tutorial_dag.py for tasks to queue
[2024-05-16T12:06:27.582+0000] {logging_mixin.py:188} INFO - [2024-05-16T12:06:27.581+0000] {dagbag.py:545} INFO - Filling up the DagBag from /usr/local/python/3.10.13/lib/python3.10/site-packages/airflow/example_dags/tutorial_dag.py
[2024-05-16T12:06:27.587+0000] {processor.py:840} INFO - DAG(s) 'tutorial_dag' retrieved from /usr/local/python/3.10.13/lib/python3.10/site-packages/airflow/example_dags/tutorial_dag.py
[2024-05-16T12:06:27.747+0000] {logging_mixin.py:188} INFO - [2024-05-16T12:06:27.746+0000] {dag.py:3096} INFO - Sync 1 DAGs
[2024-05-16T12:06:27.754+0000] {logging_mixin.py:188} INFO - [2024-05-16T12:06:27.754+0000] {dag.py:3954} INFO - Setting next_dagrun for tutorial_dag to None, run_after=None
[2024-05-16T12:06:27.802+0000] {processor.py:183} INFO - Processing /usr/local/python/3.10.13/lib/python3.10/site-packages/airflow/example_dags/tutorial_dag.py took 0.227 seconds
[2024-05-16T12:07:24.134+0000] {processor.py:161} INFO - Started process (PID=7800) to work on /usr/local/python/3.10.13/lib/python3.10/site-packages/airflow/example_dags/tutorial_dag.py
[2024-05-16T12:07:24.135+0000] {processor.py:830} INFO - Processing file /usr/local/python/3.10.13/lib/python3.10/site-packages/airflow/example_dags/tutorial_dag.py for tasks to queue
[2024-05-16T12:07:24.136+0000] {logging_mixin.py:188} INFO - [2024-05-16T12:07:24.136+0000] {dagbag.py:545} INFO - Filling up the DagBag from /usr/local/python/3.10.13/lib/python3.10/site-packages/airflow/example_dags/tutorial_dag.py
[2024-05-16T12:07:24.140+0000] {processor.py:840} INFO - DAG(s) 'tutorial_dag' retrieved from /usr/local/python/3.10.13/lib/python3.10/site-packages/airflow/example_dags/tutorial_dag.py
[2024-05-16T12:07:24.151+0000] {logging_mixin.py:188} INFO - [2024-05-16T12:07:24.151+0000] {dag.py:3096} INFO - Sync 1 DAGs
[2024-05-16T12:07:24.160+0000] {logging_mixin.py:188} INFO - [2024-05-16T12:07:24.160+0000] {dag.py:3954} INFO - Setting next_dagrun for tutorial_dag to None, run_after=None
[2024-05-16T12:07:24.204+0000] {processor.py:183} INFO - Processing /usr/local/python/3.10.13/lib/python3.10/site-packages/airflow/example_dags/tutorial_dag.py took 0.075 seconds
[2024-05-16T12:08:14.801+0000] {processor.py:161} INFO - Started process (PID=8154) to work on /usr/local/python/3.10.13/lib/python3.10/site-packages/airflow/example_dags/tutorial_dag.py
[2024-05-16T12:08:14.802+0000] {processor.py:830} INFO - Processing file /usr/local/python/3.10.13/lib/python3.10/site-packages/airflow/example_dags/tutorial_dag.py for tasks to queue
[2024-05-16T12:08:14.803+0000] {logging_mixin.py:188} INFO - [2024-05-16T12:08:14.803+0000] {dagbag.py:545} INFO - Filling up the DagBag from /usr/local/python/3.10.13/lib/python3.10/site-packages/airflow/example_dags/tutorial_dag.py
[2024-05-16T12:08:14.809+0000] {processor.py:840} INFO - DAG(s) 'tutorial_dag' retrieved from /usr/local/python/3.10.13/lib/python3.10/site-packages/airflow/example_dags/tutorial_dag.py
[2024-05-16T12:08:14.820+0000] {logging_mixin.py:188} INFO - [2024-05-16T12:08:14.819+0000] {dag.py:3096} INFO - Sync 1 DAGs
[2024-05-16T12:08:14.829+0000] {logging_mixin.py:188} INFO - [2024-05-16T12:08:14.828+0000] {dag.py:3954} INFO - Setting next_dagrun for tutorial_dag to None, run_after=None
[2024-05-16T12:08:14.876+0000] {processor.py:183} INFO - Processing /usr/local/python/3.10.13/lib/python3.10/site-packages/airflow/example_dags/tutorial_dag.py took 0.079 seconds
[2024-05-16T12:09:04.112+0000] {processor.py:161} INFO - Started process (PID=8522) to work on /usr/local/python/3.10.13/lib/python3.10/site-packages/airflow/example_dags/tutorial_dag.py
[2024-05-16T12:09:04.113+0000] {processor.py:830} INFO - Processing file /usr/local/python/3.10.13/lib/python3.10/site-packages/airflow/example_dags/tutorial_dag.py for tasks to queue
[2024-05-16T12:09:04.114+0000] {logging_mixin.py:188} INFO - [2024-05-16T12:09:04.114+0000] {dagbag.py:545} INFO - Filling up the DagBag from /usr/local/python/3.10.13/lib/python3.10/site-packages/airflow/example_dags/tutorial_dag.py
[2024-05-16T12:09:04.119+0000] {processor.py:840} INFO - DAG(s) 'tutorial_dag' retrieved from /usr/local/python/3.10.13/lib/python3.10/site-packages/airflow/example_dags/tutorial_dag.py
[2024-05-16T12:09:04.130+0000] {logging_mixin.py:188} INFO - [2024-05-16T12:09:04.129+0000] {dag.py:3096} INFO - Sync 1 DAGs
[2024-05-16T12:09:04.138+0000] {logging_mixin.py:188} INFO - [2024-05-16T12:09:04.138+0000] {dag.py:3954} INFO - Setting next_dagrun for tutorial_dag to None, run_after=None
[2024-05-16T12:09:04.188+0000] {processor.py:183} INFO - Processing /usr/local/python/3.10.13/lib/python3.10/site-packages/airflow/example_dags/tutorial_dag.py took 0.080 seconds
[2024-05-16T12:09:48.453+0000] {processor.py:161} INFO - Started process (PID=8832) to work on /usr/local/python/3.10.13/lib/python3.10/site-packages/airflow/example_dags/tutorial_dag.py
[2024-05-16T12:09:48.453+0000] {processor.py:830} INFO - Processing file /usr/local/python/3.10.13/lib/python3.10/site-packages/airflow/example_dags/tutorial_dag.py for tasks to queue
[2024-05-16T12:09:48.455+0000] {logging_mixin.py:188} INFO - [2024-05-16T12:09:48.454+0000] {dagbag.py:545} INFO - Filling up the DagBag from /usr/local/python/3.10.13/lib/python3.10/site-packages/airflow/example_dags/tutorial_dag.py
[2024-05-16T12:09:48.459+0000] {processor.py:840} INFO - DAG(s) 'tutorial_dag' retrieved from /usr/local/python/3.10.13/lib/python3.10/site-packages/airflow/example_dags/tutorial_dag.py
[2024-05-16T12:09:48.470+0000] {logging_mixin.py:188} INFO - [2024-05-16T12:09:48.470+0000] {dag.py:3096} INFO - Sync 1 DAGs
[2024-05-16T12:09:48.479+0000] {logging_mixin.py:188} INFO - [2024-05-16T12:09:48.479+0000] {dag.py:3954} INFO - Setting next_dagrun for tutorial_dag to None, run_after=None
[2024-05-16T12:09:48.523+0000] {processor.py:183} INFO - Processing /usr/local/python/3.10.13/lib/python3.10/site-packages/airflow/example_dags/tutorial_dag.py took 0.075 seconds
[2024-05-16T12:10:32.056+0000] {processor.py:161} INFO - Started process (PID=9126) to work on /usr/local/python/3.10.13/lib/python3.10/site-packages/airflow/example_dags/tutorial_dag.py
[2024-05-16T12:10:32.056+0000] {processor.py:830} INFO - Processing file /usr/local/python/3.10.13/lib/python3.10/site-packages/airflow/example_dags/tutorial_dag.py for tasks to queue
[2024-05-16T12:10:32.058+0000] {logging_mixin.py:188} INFO - [2024-05-16T12:10:32.057+0000] {dagbag.py:545} INFO - Filling up the DagBag from /usr/local/python/3.10.13/lib/python3.10/site-packages/airflow/example_dags/tutorial_dag.py
[2024-05-16T12:10:32.062+0000] {processor.py:840} INFO - DAG(s) 'tutorial_dag' retrieved from /usr/local/python/3.10.13/lib/python3.10/site-packages/airflow/example_dags/tutorial_dag.py
[2024-05-16T12:10:32.073+0000] {logging_mixin.py:188} INFO - [2024-05-16T12:10:32.073+0000] {dag.py:3096} INFO - Sync 1 DAGs
[2024-05-16T12:10:32.082+0000] {logging_mixin.py:188} INFO - [2024-05-16T12:10:32.082+0000] {dag.py:3954} INFO - Setting next_dagrun for tutorial_dag to None, run_after=None
[2024-05-16T12:10:32.128+0000] {processor.py:183} INFO - Processing /usr/local/python/3.10.13/lib/python3.10/site-packages/airflow/example_dags/tutorial_dag.py took 0.077 seconds
[2024-05-16T12:11:14.721+0000] {processor.py:161} INFO - Started process (PID=9421) to work on /usr/local/python/3.10.13/lib/python3.10/site-packages/airflow/example_dags/tutorial_dag.py
[2024-05-16T12:11:14.722+0000] {processor.py:830} INFO - Processing file /usr/local/python/3.10.13/lib/python3.10/site-packages/airflow/example_dags/tutorial_dag.py for tasks to queue
[2024-05-16T12:11:14.723+0000] {logging_mixin.py:188} INFO - [2024-05-16T12:11:14.723+0000] {dagbag.py:545} INFO - Filling up the DagBag from /usr/local/python/3.10.13/lib/python3.10/site-packages/airflow/example_dags/tutorial_dag.py
[2024-05-16T12:11:14.727+0000] {processor.py:840} INFO - DAG(s) 'tutorial_dag' retrieved from /usr/local/python/3.10.13/lib/python3.10/site-packages/airflow/example_dags/tutorial_dag.py
[2024-05-16T12:11:14.738+0000] {logging_mixin.py:188} INFO - [2024-05-16T12:11:14.738+0000] {dag.py:3096} INFO - Sync 1 DAGs
[2024-05-16T12:11:14.746+0000] {logging_mixin.py:188} INFO - [2024-05-16T12:11:14.746+0000] {dag.py:3954} INFO - Setting next_dagrun for tutorial_dag to None, run_after=None
[2024-05-16T12:11:14.795+0000] {processor.py:183} INFO - Processing /usr/local/python/3.10.13/lib/python3.10/site-packages/airflow/example_dags/tutorial_dag.py took 0.079 seconds
[2024-05-16T12:11:57.532+0000] {processor.py:161} INFO - Started process (PID=9735) to work on /usr/local/python/3.10.13/lib/python3.10/site-packages/airflow/example_dags/tutorial_dag.py
[2024-05-16T12:11:57.533+0000] {processor.py:830} INFO - Processing file /usr/local/python/3.10.13/lib/python3.10/site-packages/airflow/example_dags/tutorial_dag.py for tasks to queue
[2024-05-16T12:11:57.535+0000] {logging_mixin.py:188} INFO - [2024-05-16T12:11:57.535+0000] {dagbag.py:545} INFO - Filling up the DagBag from /usr/local/python/3.10.13/lib/python3.10/site-packages/airflow/example_dags/tutorial_dag.py
[2024-05-16T12:11:57.539+0000] {processor.py:840} INFO - DAG(s) 'tutorial_dag' retrieved from /usr/local/python/3.10.13/lib/python3.10/site-packages/airflow/example_dags/tutorial_dag.py
[2024-05-16T12:11:57.552+0000] {logging_mixin.py:188} INFO - [2024-05-16T12:11:57.552+0000] {dag.py:3096} INFO - Sync 1 DAGs
[2024-05-16T12:11:57.561+0000] {logging_mixin.py:188} INFO - [2024-05-16T12:11:57.561+0000] {dag.py:3954} INFO - Setting next_dagrun for tutorial_dag to None, run_after=None
[2024-05-16T12:11:57.608+0000] {processor.py:183} INFO - Processing /usr/local/python/3.10.13/lib/python3.10/site-packages/airflow/example_dags/tutorial_dag.py took 0.080 seconds
[2024-05-16T12:12:38.794+0000] {processor.py:161} INFO - Started process (PID=10016) to work on /usr/local/python/3.10.13/lib/python3.10/site-packages/airflow/example_dags/tutorial_dag.py
[2024-05-16T12:12:38.795+0000] {processor.py:830} INFO - Processing file /usr/local/python/3.10.13/lib/python3.10/site-packages/airflow/example_dags/tutorial_dag.py for tasks to queue
[2024-05-16T12:12:38.796+0000] {logging_mixin.py:188} INFO - [2024-05-16T12:12:38.795+0000] {dagbag.py:545} INFO - Filling up the DagBag from /usr/local/python/3.10.13/lib/python3.10/site-packages/airflow/example_dags/tutorial_dag.py
[2024-05-16T12:12:38.800+0000] {processor.py:840} INFO - DAG(s) 'tutorial_dag' retrieved from /usr/local/python/3.10.13/lib/python3.10/site-packages/airflow/example_dags/tutorial_dag.py
[2024-05-16T12:12:38.811+0000] {logging_mixin.py:188} INFO - [2024-05-16T12:12:38.811+0000] {dag.py:3096} INFO - Sync 1 DAGs
[2024-05-16T12:12:38.820+0000] {logging_mixin.py:188} INFO - [2024-05-16T12:12:38.820+0000] {dag.py:3954} INFO - Setting next_dagrun for tutorial_dag to None, run_after=None
[2024-05-16T12:12:38.870+0000] {processor.py:183} INFO - Processing /usr/local/python/3.10.13/lib/python3.10/site-packages/airflow/example_dags/tutorial_dag.py took 0.081 seconds
[2024-05-16T12:13:21.699+0000] {processor.py:161} INFO - Started process (PID=10305) to work on /usr/local/python/3.10.13/lib/python3.10/site-packages/airflow/example_dags/tutorial_dag.py
[2024-05-16T12:13:21.700+0000] {processor.py:830} INFO - Processing file /usr/local/python/3.10.13/lib/python3.10/site-packages/airflow/example_dags/tutorial_dag.py for tasks to queue
[2024-05-16T12:13:21.701+0000] {logging_mixin.py:188} INFO - [2024-05-16T12:13:21.701+0000] {dagbag.py:545} INFO - Filling up the DagBag from /usr/local/python/3.10.13/lib/python3.10/site-packages/airflow/example_dags/tutorial_dag.py
[2024-05-16T12:13:21.706+0000] {processor.py:840} INFO - DAG(s) 'tutorial_dag' retrieved from /usr/local/python/3.10.13/lib/python3.10/site-packages/airflow/example_dags/tutorial_dag.py
[2024-05-16T12:13:21.716+0000] {logging_mixin.py:188} INFO - [2024-05-16T12:13:21.716+0000] {dag.py:3096} INFO - Sync 1 DAGs
[2024-05-16T12:13:21.725+0000] {logging_mixin.py:188} INFO - [2024-05-16T12:13:21.725+0000] {dag.py:3954} INFO - Setting next_dagrun for tutorial_dag to None, run_after=None
[2024-05-16T12:13:21.774+0000] {processor.py:183} INFO - Processing /usr/local/python/3.10.13/lib/python3.10/site-packages/airflow/example_dags/tutorial_dag.py took 0.080 seconds
[2024-05-16T12:14:03.318+0000] {processor.py:161} INFO - Started process (PID=10594) to work on /usr/local/python/3.10.13/lib/python3.10/site-packages/airflow/example_dags/tutorial_dag.py
[2024-05-16T12:14:03.319+0000] {processor.py:830} INFO - Processing file /usr/local/python/3.10.13/lib/python3.10/site-packages/airflow/example_dags/tutorial_dag.py for tasks to queue
[2024-05-16T12:14:03.321+0000] {logging_mixin.py:188} INFO - [2024-05-16T12:14:03.320+0000] {dagbag.py:545} INFO - Filling up the DagBag from /usr/local/python/3.10.13/lib/python3.10/site-packages/airflow/example_dags/tutorial_dag.py
[2024-05-16T12:14:03.325+0000] {processor.py:840} INFO - DAG(s) 'tutorial_dag' retrieved from /usr/local/python/3.10.13/lib/python3.10/site-packages/airflow/example_dags/tutorial_dag.py
[2024-05-16T12:14:03.336+0000] {logging_mixin.py:188} INFO - [2024-05-16T12:14:03.335+0000] {dag.py:3096} INFO - Sync 1 DAGs
[2024-05-16T12:14:03.344+0000] {logging_mixin.py:188} INFO - [2024-05-16T12:14:03.344+0000] {dag.py:3954} INFO - Setting next_dagrun for tutorial_dag to None, run_after=None
[2024-05-16T12:14:03.393+0000] {processor.py:183} INFO - Processing /usr/local/python/3.10.13/lib/python3.10/site-packages/airflow/example_dags/tutorial_dag.py took 0.080 seconds
[2024-05-16T12:14:44.953+0000] {processor.py:161} INFO - Started process (PID=10877) to work on /usr/local/python/3.10.13/lib/python3.10/site-packages/airflow/example_dags/tutorial_dag.py
[2024-05-16T12:14:44.954+0000] {processor.py:830} INFO - Processing file /usr/local/python/3.10.13/lib/python3.10/site-packages/airflow/example_dags/tutorial_dag.py for tasks to queue
[2024-05-16T12:14:44.955+0000] {logging_mixin.py:188} INFO - [2024-05-16T12:14:44.955+0000] {dagbag.py:545} INFO - Filling up the DagBag from /usr/local/python/3.10.13/lib/python3.10/site-packages/airflow/example_dags/tutorial_dag.py
[2024-05-16T12:14:44.960+0000] {processor.py:840} INFO - DAG(s) 'tutorial_dag' retrieved from /usr/local/python/3.10.13/lib/python3.10/site-packages/airflow/example_dags/tutorial_dag.py
[2024-05-16T12:14:44.971+0000] {logging_mixin.py:188} INFO - [2024-05-16T12:14:44.970+0000] {dag.py:3096} INFO - Sync 1 DAGs
[2024-05-16T12:14:44.979+0000] {logging_mixin.py:188} INFO - [2024-05-16T12:14:44.979+0000] {dag.py:3954} INFO - Setting next_dagrun for tutorial_dag to None, run_after=None
[2024-05-16T12:14:45.024+0000] {processor.py:183} INFO - Processing /usr/local/python/3.10.13/lib/python3.10/site-packages/airflow/example_dags/tutorial_dag.py took 0.075 seconds
[2024-05-16T12:15:27.463+0000] {processor.py:161} INFO - Started process (PID=11166) to work on /usr/local/python/3.10.13/lib/python3.10/site-packages/airflow/example_dags/tutorial_dag.py
[2024-05-16T12:15:27.463+0000] {processor.py:830} INFO - Processing file /usr/local/python/3.10.13/lib/python3.10/site-packages/airflow/example_dags/tutorial_dag.py for tasks to queue
[2024-05-16T12:15:27.465+0000] {logging_mixin.py:188} INFO - [2024-05-16T12:15:27.464+0000] {dagbag.py:545} INFO - Filling up the DagBag from /usr/local/python/3.10.13/lib/python3.10/site-packages/airflow/example_dags/tutorial_dag.py
[2024-05-16T12:15:27.469+0000] {processor.py:840} INFO - DAG(s) 'tutorial_dag' retrieved from /usr/local/python/3.10.13/lib/python3.10/site-packages/airflow/example_dags/tutorial_dag.py
[2024-05-16T12:15:27.480+0000] {logging_mixin.py:188} INFO - [2024-05-16T12:15:27.480+0000] {dag.py:3096} INFO - Sync 1 DAGs
[2024-05-16T12:15:27.489+0000] {logging_mixin.py:188} INFO - [2024-05-16T12:15:27.489+0000] {dag.py:3954} INFO - Setting next_dagrun for tutorial_dag to None, run_after=None
[2024-05-16T12:15:27.541+0000] {processor.py:183} INFO - Processing /usr/local/python/3.10.13/lib/python3.10/site-packages/airflow/example_dags/tutorial_dag.py took 0.083 seconds
[2024-05-16T12:16:09.636+0000] {processor.py:161} INFO - Started process (PID=11491) to work on /usr/local/python/3.10.13/lib/python3.10/site-packages/airflow/example_dags/tutorial_dag.py
[2024-05-16T12:16:09.637+0000] {processor.py:830} INFO - Processing file /usr/local/python/3.10.13/lib/python3.10/site-packages/airflow/example_dags/tutorial_dag.py for tasks to queue
[2024-05-16T12:16:09.638+0000] {logging_mixin.py:188} INFO - [2024-05-16T12:16:09.638+0000] {dagbag.py:545} INFO - Filling up the DagBag from /usr/local/python/3.10.13/lib/python3.10/site-packages/airflow/example_dags/tutorial_dag.py
[2024-05-16T12:16:09.643+0000] {processor.py:840} INFO - DAG(s) 'tutorial_dag' retrieved from /usr/local/python/3.10.13/lib/python3.10/site-packages/airflow/example_dags/tutorial_dag.py
[2024-05-16T12:16:09.654+0000] {logging_mixin.py:188} INFO - [2024-05-16T12:16:09.654+0000] {dag.py:3096} INFO - Sync 1 DAGs
[2024-05-16T12:16:09.663+0000] {logging_mixin.py:188} INFO - [2024-05-16T12:16:09.662+0000] {dag.py:3954} INFO - Setting next_dagrun for tutorial_dag to None, run_after=None
[2024-05-16T12:16:09.707+0000] {processor.py:183} INFO - Processing /usr/local/python/3.10.13/lib/python3.10/site-packages/airflow/example_dags/tutorial_dag.py took 0.076 seconds
[2024-05-16T12:16:54.596+0000] {processor.py:161} INFO - Started process (PID=11828) to work on /usr/local/python/3.10.13/lib/python3.10/site-packages/airflow/example_dags/tutorial_dag.py
[2024-05-16T12:16:54.597+0000] {processor.py:830} INFO - Processing file /usr/local/python/3.10.13/lib/python3.10/site-packages/airflow/example_dags/tutorial_dag.py for tasks to queue
[2024-05-16T12:16:54.598+0000] {logging_mixin.py:188} INFO - [2024-05-16T12:16:54.598+0000] {dagbag.py:545} INFO - Filling up the DagBag from /usr/local/python/3.10.13/lib/python3.10/site-packages/airflow/example_dags/tutorial_dag.py
[2024-05-16T12:16:54.603+0000] {processor.py:840} INFO - DAG(s) 'tutorial_dag' retrieved from /usr/local/python/3.10.13/lib/python3.10/site-packages/airflow/example_dags/tutorial_dag.py
[2024-05-16T12:16:54.614+0000] {logging_mixin.py:188} INFO - [2024-05-16T12:16:54.614+0000] {dag.py:3096} INFO - Sync 1 DAGs
[2024-05-16T12:16:54.623+0000] {logging_mixin.py:188} INFO - [2024-05-16T12:16:54.623+0000] {dag.py:3954} INFO - Setting next_dagrun for tutorial_dag to None, run_after=None
[2024-05-16T12:16:54.669+0000] {processor.py:183} INFO - Processing /usr/local/python/3.10.13/lib/python3.10/site-packages/airflow/example_dags/tutorial_dag.py took 0.077 seconds
[2024-05-16T12:17:36.696+0000] {processor.py:161} INFO - Started process (PID=12126) to work on /usr/local/python/3.10.13/lib/python3.10/site-packages/airflow/example_dags/tutorial_dag.py
[2024-05-16T12:17:36.697+0000] {processor.py:830} INFO - Processing file /usr/local/python/3.10.13/lib/python3.10/site-packages/airflow/example_dags/tutorial_dag.py for tasks to queue
[2024-05-16T12:17:36.699+0000] {logging_mixin.py:188} INFO - [2024-05-16T12:17:36.699+0000] {dagbag.py:545} INFO - Filling up the DagBag from /usr/local/python/3.10.13/lib/python3.10/site-packages/airflow/example_dags/tutorial_dag.py
[2024-05-16T12:17:36.707+0000] {processor.py:840} INFO - DAG(s) 'tutorial_dag' retrieved from /usr/local/python/3.10.13/lib/python3.10/site-packages/airflow/example_dags/tutorial_dag.py
[2024-05-16T12:17:36.724+0000] {logging_mixin.py:188} INFO - [2024-05-16T12:17:36.724+0000] {dag.py:3096} INFO - Sync 1 DAGs
[2024-05-16T12:17:36.738+0000] {logging_mixin.py:188} INFO - [2024-05-16T12:17:36.738+0000] {dag.py:3954} INFO - Setting next_dagrun for tutorial_dag to None, run_after=None
[2024-05-16T12:17:36.789+0000] {processor.py:183} INFO - Processing /usr/local/python/3.10.13/lib/python3.10/site-packages/airflow/example_dags/tutorial_dag.py took 0.099 seconds
[2024-05-16T12:18:18.463+0000] {processor.py:161} INFO - Started process (PID=12412) to work on /usr/local/python/3.10.13/lib/python3.10/site-packages/airflow/example_dags/tutorial_dag.py
[2024-05-16T12:18:18.463+0000] {processor.py:830} INFO - Processing file /usr/local/python/3.10.13/lib/python3.10/site-packages/airflow/example_dags/tutorial_dag.py for tasks to queue
[2024-05-16T12:18:18.465+0000] {logging_mixin.py:188} INFO - [2024-05-16T12:18:18.465+0000] {dagbag.py:545} INFO - Filling up the DagBag from /usr/local/python/3.10.13/lib/python3.10/site-packages/airflow/example_dags/tutorial_dag.py
[2024-05-16T12:18:18.469+0000] {processor.py:840} INFO - DAG(s) 'tutorial_dag' retrieved from /usr/local/python/3.10.13/lib/python3.10/site-packages/airflow/example_dags/tutorial_dag.py
[2024-05-16T12:18:18.480+0000] {logging_mixin.py:188} INFO - [2024-05-16T12:18:18.480+0000] {dag.py:3096} INFO - Sync 1 DAGs
[2024-05-16T12:18:18.489+0000] {logging_mixin.py:188} INFO - [2024-05-16T12:18:18.489+0000] {dag.py:3954} INFO - Setting next_dagrun for tutorial_dag to None, run_after=None
[2024-05-16T12:18:18.535+0000] {processor.py:183} INFO - Processing /usr/local/python/3.10.13/lib/python3.10/site-packages/airflow/example_dags/tutorial_dag.py took 0.077 seconds
[2024-05-16T12:18:58.596+0000] {processor.py:161} INFO - Started process (PID=12709) to work on /usr/local/python/3.10.13/lib/python3.10/site-packages/airflow/example_dags/tutorial_dag.py
[2024-05-16T12:18:58.597+0000] {processor.py:830} INFO - Processing file /usr/local/python/3.10.13/lib/python3.10/site-packages/airflow/example_dags/tutorial_dag.py for tasks to queue
[2024-05-16T12:18:58.598+0000] {logging_mixin.py:188} INFO - [2024-05-16T12:18:58.598+0000] {dagbag.py:545} INFO - Filling up the DagBag from /usr/local/python/3.10.13/lib/python3.10/site-packages/airflow/example_dags/tutorial_dag.py
[2024-05-16T12:18:58.603+0000] {processor.py:840} INFO - DAG(s) 'tutorial_dag' retrieved from /usr/local/python/3.10.13/lib/python3.10/site-packages/airflow/example_dags/tutorial_dag.py
[2024-05-16T12:18:58.613+0000] {logging_mixin.py:188} INFO - [2024-05-16T12:18:58.613+0000] {dag.py:3096} INFO - Sync 1 DAGs
[2024-05-16T12:18:58.622+0000] {logging_mixin.py:188} INFO - [2024-05-16T12:18:58.622+0000] {dag.py:3954} INFO - Setting next_dagrun for tutorial_dag to None, run_after=None
[2024-05-16T12:18:58.668+0000] {processor.py:183} INFO - Processing /usr/local/python/3.10.13/lib/python3.10/site-packages/airflow/example_dags/tutorial_dag.py took 0.077 seconds
[2024-05-16T12:19:42.008+0000] {processor.py:161} INFO - Started process (PID=13015) to work on /usr/local/python/3.10.13/lib/python3.10/site-packages/airflow/example_dags/tutorial_dag.py
[2024-05-16T12:19:42.008+0000] {processor.py:830} INFO - Processing file /usr/local/python/3.10.13/lib/python3.10/site-packages/airflow/example_dags/tutorial_dag.py for tasks to queue
[2024-05-16T12:19:42.010+0000] {logging_mixin.py:188} INFO - [2024-05-16T12:19:42.009+0000] {dagbag.py:545} INFO - Filling up the DagBag from /usr/local/python/3.10.13/lib/python3.10/site-packages/airflow/example_dags/tutorial_dag.py
[2024-05-16T12:19:42.014+0000] {processor.py:840} INFO - DAG(s) 'tutorial_dag' retrieved from /usr/local/python/3.10.13/lib/python3.10/site-packages/airflow/example_dags/tutorial_dag.py
[2024-05-16T12:19:42.025+0000] {logging_mixin.py:188} INFO - [2024-05-16T12:19:42.025+0000] {dag.py:3096} INFO - Sync 1 DAGs
[2024-05-16T12:19:42.033+0000] {logging_mixin.py:188} INFO - [2024-05-16T12:19:42.033+0000] {dag.py:3954} INFO - Setting next_dagrun for tutorial_dag to None, run_after=None
[2024-05-16T12:19:42.082+0000] {processor.py:183} INFO - Processing /usr/local/python/3.10.13/lib/python3.10/site-packages/airflow/example_dags/tutorial_dag.py took 0.079 seconds
[2024-05-16T12:20:23.445+0000] {processor.py:161} INFO - Started process (PID=13311) to work on /usr/local/python/3.10.13/lib/python3.10/site-packages/airflow/example_dags/tutorial_dag.py
[2024-05-16T12:20:23.446+0000] {processor.py:830} INFO - Processing file /usr/local/python/3.10.13/lib/python3.10/site-packages/airflow/example_dags/tutorial_dag.py for tasks to queue
[2024-05-16T12:20:23.448+0000] {logging_mixin.py:188} INFO - [2024-05-16T12:20:23.448+0000] {dagbag.py:545} INFO - Filling up the DagBag from /usr/local/python/3.10.13/lib/python3.10/site-packages/airflow/example_dags/tutorial_dag.py
[2024-05-16T12:20:23.454+0000] {processor.py:840} INFO - DAG(s) 'tutorial_dag' retrieved from /usr/local/python/3.10.13/lib/python3.10/site-packages/airflow/example_dags/tutorial_dag.py
[2024-05-16T12:20:23.467+0000] {logging_mixin.py:188} INFO - [2024-05-16T12:20:23.467+0000] {dag.py:3096} INFO - Sync 1 DAGs
[2024-05-16T12:20:23.476+0000] {logging_mixin.py:188} INFO - [2024-05-16T12:20:23.476+0000] {dag.py:3954} INFO - Setting next_dagrun for tutorial_dag to None, run_after=None
[2024-05-16T12:20:23.518+0000] {processor.py:183} INFO - Processing /usr/local/python/3.10.13/lib/python3.10/site-packages/airflow/example_dags/tutorial_dag.py took 0.079 seconds
[2024-05-16T12:21:04.965+0000] {processor.py:161} INFO - Started process (PID=13599) to work on /usr/local/python/3.10.13/lib/python3.10/site-packages/airflow/example_dags/tutorial_dag.py
[2024-05-16T12:21:04.966+0000] {processor.py:830} INFO - Processing file /usr/local/python/3.10.13/lib/python3.10/site-packages/airflow/example_dags/tutorial_dag.py for tasks to queue
[2024-05-16T12:21:04.968+0000] {logging_mixin.py:188} INFO - [2024-05-16T12:21:04.968+0000] {dagbag.py:545} INFO - Filling up the DagBag from /usr/local/python/3.10.13/lib/python3.10/site-packages/airflow/example_dags/tutorial_dag.py
[2024-05-16T12:21:04.974+0000] {processor.py:840} INFO - DAG(s) 'tutorial_dag' retrieved from /usr/local/python/3.10.13/lib/python3.10/site-packages/airflow/example_dags/tutorial_dag.py
[2024-05-16T12:21:04.991+0000] {logging_mixin.py:188} INFO - [2024-05-16T12:21:04.991+0000] {dag.py:3096} INFO - Sync 1 DAGs
[2024-05-16T12:21:05.011+0000] {logging_mixin.py:188} INFO - [2024-05-16T12:21:05.011+0000] {dag.py:3954} INFO - Setting next_dagrun for tutorial_dag to None, run_after=None
[2024-05-16T12:21:05.064+0000] {processor.py:183} INFO - Processing /usr/local/python/3.10.13/lib/python3.10/site-packages/airflow/example_dags/tutorial_dag.py took 0.106 seconds
[2024-05-16T12:21:47.460+0000] {processor.py:161} INFO - Started process (PID=13909) to work on /usr/local/python/3.10.13/lib/python3.10/site-packages/airflow/example_dags/tutorial_dag.py
[2024-05-16T12:21:47.461+0000] {processor.py:830} INFO - Processing file /usr/local/python/3.10.13/lib/python3.10/site-packages/airflow/example_dags/tutorial_dag.py for tasks to queue
[2024-05-16T12:21:47.462+0000] {logging_mixin.py:188} INFO - [2024-05-16T12:21:47.462+0000] {dagbag.py:545} INFO - Filling up the DagBag from /usr/local/python/3.10.13/lib/python3.10/site-packages/airflow/example_dags/tutorial_dag.py
[2024-05-16T12:21:47.467+0000] {processor.py:840} INFO - DAG(s) 'tutorial_dag' retrieved from /usr/local/python/3.10.13/lib/python3.10/site-packages/airflow/example_dags/tutorial_dag.py
[2024-05-16T12:21:47.478+0000] {logging_mixin.py:188} INFO - [2024-05-16T12:21:47.477+0000] {dag.py:3096} INFO - Sync 1 DAGs
[2024-05-16T12:21:47.487+0000] {logging_mixin.py:188} INFO - [2024-05-16T12:21:47.486+0000] {dag.py:3954} INFO - Setting next_dagrun for tutorial_dag to None, run_after=None
[2024-05-16T12:21:47.530+0000] {processor.py:183} INFO - Processing /usr/local/python/3.10.13/lib/python3.10/site-packages/airflow/example_dags/tutorial_dag.py took 0.075 seconds
[2024-05-16T12:22:31.997+0000] {processor.py:161} INFO - Started process (PID=14240) to work on /usr/local/python/3.10.13/lib/python3.10/site-packages/airflow/example_dags/tutorial_dag.py
[2024-05-16T12:22:31.998+0000] {processor.py:830} INFO - Processing file /usr/local/python/3.10.13/lib/python3.10/site-packages/airflow/example_dags/tutorial_dag.py for tasks to queue
[2024-05-16T12:22:31.999+0000] {logging_mixin.py:188} INFO - [2024-05-16T12:22:31.999+0000] {dagbag.py:545} INFO - Filling up the DagBag from /usr/local/python/3.10.13/lib/python3.10/site-packages/airflow/example_dags/tutorial_dag.py
[2024-05-16T12:22:32.003+0000] {processor.py:840} INFO - DAG(s) 'tutorial_dag' retrieved from /usr/local/python/3.10.13/lib/python3.10/site-packages/airflow/example_dags/tutorial_dag.py
[2024-05-16T12:22:32.015+0000] {logging_mixin.py:188} INFO - [2024-05-16T12:22:32.015+0000] {dag.py:3096} INFO - Sync 1 DAGs
[2024-05-16T12:22:32.024+0000] {logging_mixin.py:188} INFO - [2024-05-16T12:22:32.024+0000] {dag.py:3954} INFO - Setting next_dagrun for tutorial_dag to None, run_after=None
[2024-05-16T12:22:32.069+0000] {processor.py:183} INFO - Processing /usr/local/python/3.10.13/lib/python3.10/site-packages/airflow/example_dags/tutorial_dag.py took 0.077 seconds
[2024-05-16T12:23:16.681+0000] {processor.py:161} INFO - Started process (PID=14565) to work on /usr/local/python/3.10.13/lib/python3.10/site-packages/airflow/example_dags/tutorial_dag.py
[2024-05-16T12:23:16.682+0000] {processor.py:830} INFO - Processing file /usr/local/python/3.10.13/lib/python3.10/site-packages/airflow/example_dags/tutorial_dag.py for tasks to queue
[2024-05-16T12:23:16.684+0000] {logging_mixin.py:188} INFO - [2024-05-16T12:23:16.683+0000] {dagbag.py:545} INFO - Filling up the DagBag from /usr/local/python/3.10.13/lib/python3.10/site-packages/airflow/example_dags/tutorial_dag.py
[2024-05-16T12:23:16.688+0000] {processor.py:840} INFO - DAG(s) 'tutorial_dag' retrieved from /usr/local/python/3.10.13/lib/python3.10/site-packages/airflow/example_dags/tutorial_dag.py
[2024-05-16T12:23:16.700+0000] {logging_mixin.py:188} INFO - [2024-05-16T12:23:16.700+0000] {dag.py:3096} INFO - Sync 1 DAGs
[2024-05-16T12:23:16.710+0000] {logging_mixin.py:188} INFO - [2024-05-16T12:23:16.710+0000] {dag.py:3954} INFO - Setting next_dagrun for tutorial_dag to None, run_after=None
[2024-05-16T12:23:16.762+0000] {processor.py:183} INFO - Processing /usr/local/python/3.10.13/lib/python3.10/site-packages/airflow/example_dags/tutorial_dag.py took 0.086 seconds
[2024-05-16T12:24:01.434+0000] {processor.py:161} INFO - Started process (PID=14916) to work on /usr/local/python/3.10.13/lib/python3.10/site-packages/airflow/example_dags/tutorial_dag.py
[2024-05-16T12:24:01.435+0000] {processor.py:830} INFO - Processing file /usr/local/python/3.10.13/lib/python3.10/site-packages/airflow/example_dags/tutorial_dag.py for tasks to queue
[2024-05-16T12:24:01.436+0000] {logging_mixin.py:188} INFO - [2024-05-16T12:24:01.436+0000] {dagbag.py:545} INFO - Filling up the DagBag from /usr/local/python/3.10.13/lib/python3.10/site-packages/airflow/example_dags/tutorial_dag.py
[2024-05-16T12:24:01.440+0000] {processor.py:840} INFO - DAG(s) 'tutorial_dag' retrieved from /usr/local/python/3.10.13/lib/python3.10/site-packages/airflow/example_dags/tutorial_dag.py
[2024-05-16T12:24:01.451+0000] {logging_mixin.py:188} INFO - [2024-05-16T12:24:01.451+0000] {dag.py:3096} INFO - Sync 1 DAGs
[2024-05-16T12:24:01.461+0000] {logging_mixin.py:188} INFO - [2024-05-16T12:24:01.461+0000] {dag.py:3954} INFO - Setting next_dagrun for tutorial_dag to None, run_after=None
[2024-05-16T12:24:01.508+0000] {processor.py:183} INFO - Processing /usr/local/python/3.10.13/lib/python3.10/site-packages/airflow/example_dags/tutorial_dag.py took 0.078 seconds
[2024-05-16T12:24:43.614+0000] {processor.py:161} INFO - Started process (PID=15225) to work on /usr/local/python/3.10.13/lib/python3.10/site-packages/airflow/example_dags/tutorial_dag.py
[2024-05-16T12:24:43.615+0000] {processor.py:830} INFO - Processing file /usr/local/python/3.10.13/lib/python3.10/site-packages/airflow/example_dags/tutorial_dag.py for tasks to queue
[2024-05-16T12:24:43.616+0000] {logging_mixin.py:188} INFO - [2024-05-16T12:24:43.616+0000] {dagbag.py:545} INFO - Filling up the DagBag from /usr/local/python/3.10.13/lib/python3.10/site-packages/airflow/example_dags/tutorial_dag.py
[2024-05-16T12:24:43.620+0000] {processor.py:840} INFO - DAG(s) 'tutorial_dag' retrieved from /usr/local/python/3.10.13/lib/python3.10/site-packages/airflow/example_dags/tutorial_dag.py
[2024-05-16T12:24:43.632+0000] {logging_mixin.py:188} INFO - [2024-05-16T12:24:43.631+0000] {dag.py:3096} INFO - Sync 1 DAGs
[2024-05-16T12:24:43.640+0000] {logging_mixin.py:188} INFO - [2024-05-16T12:24:43.640+0000] {dag.py:3954} INFO - Setting next_dagrun for tutorial_dag to None, run_after=None
[2024-05-16T12:24:43.689+0000] {processor.py:183} INFO - Processing /usr/local/python/3.10.13/lib/python3.10/site-packages/airflow/example_dags/tutorial_dag.py took 0.079 seconds
[2024-05-16T12:25:23.876+0000] {processor.py:161} INFO - Started process (PID=15537) to work on /usr/local/python/3.10.13/lib/python3.10/site-packages/airflow/example_dags/tutorial_dag.py
[2024-05-16T12:25:23.877+0000] {processor.py:830} INFO - Processing file /usr/local/python/3.10.13/lib/python3.10/site-packages/airflow/example_dags/tutorial_dag.py for tasks to queue
[2024-05-16T12:25:23.878+0000] {logging_mixin.py:188} INFO - [2024-05-16T12:25:23.878+0000] {dagbag.py:545} INFO - Filling up the DagBag from /usr/local/python/3.10.13/lib/python3.10/site-packages/airflow/example_dags/tutorial_dag.py
[2024-05-16T12:25:23.883+0000] {processor.py:840} INFO - DAG(s) 'tutorial_dag' retrieved from /usr/local/python/3.10.13/lib/python3.10/site-packages/airflow/example_dags/tutorial_dag.py
[2024-05-16T12:25:23.894+0000] {logging_mixin.py:188} INFO - [2024-05-16T12:25:23.894+0000] {dag.py:3096} INFO - Sync 1 DAGs
[2024-05-16T12:25:23.903+0000] {logging_mixin.py:188} INFO - [2024-05-16T12:25:23.903+0000] {dag.py:3954} INFO - Setting next_dagrun for tutorial_dag to None, run_after=None
[2024-05-16T12:25:23.948+0000] {processor.py:183} INFO - Processing /usr/local/python/3.10.13/lib/python3.10/site-packages/airflow/example_dags/tutorial_dag.py took 0.077 seconds
[2024-05-16T12:26:22.239+0000] {processor.py:161} INFO - Started process (PID=15981) to work on /usr/local/python/3.10.13/lib/python3.10/site-packages/airflow/example_dags/tutorial_dag.py
[2024-05-16T12:26:22.239+0000] {processor.py:830} INFO - Processing file /usr/local/python/3.10.13/lib/python3.10/site-packages/airflow/example_dags/tutorial_dag.py for tasks to queue
[2024-05-16T12:26:22.241+0000] {logging_mixin.py:188} INFO - [2024-05-16T12:26:22.240+0000] {dagbag.py:545} INFO - Filling up the DagBag from /usr/local/python/3.10.13/lib/python3.10/site-packages/airflow/example_dags/tutorial_dag.py
[2024-05-16T12:26:22.245+0000] {processor.py:840} INFO - DAG(s) 'tutorial_dag' retrieved from /usr/local/python/3.10.13/lib/python3.10/site-packages/airflow/example_dags/tutorial_dag.py
[2024-05-16T12:26:22.256+0000] {logging_mixin.py:188} INFO - [2024-05-16T12:26:22.256+0000] {dag.py:3096} INFO - Sync 1 DAGs
[2024-05-16T12:26:22.265+0000] {logging_mixin.py:188} INFO - [2024-05-16T12:26:22.265+0000] {dag.py:3954} INFO - Setting next_dagrun for tutorial_dag to None, run_after=None
[2024-05-16T12:26:22.309+0000] {processor.py:183} INFO - Processing /usr/local/python/3.10.13/lib/python3.10/site-packages/airflow/example_dags/tutorial_dag.py took 0.075 seconds
[2024-05-16T12:27:03.532+0000] {processor.py:161} INFO - Started process (PID=16284) to work on /usr/local/python/3.10.13/lib/python3.10/site-packages/airflow/example_dags/tutorial_dag.py
[2024-05-16T12:27:03.533+0000] {processor.py:830} INFO - Processing file /usr/local/python/3.10.13/lib/python3.10/site-packages/airflow/example_dags/tutorial_dag.py for tasks to queue
[2024-05-16T12:27:03.534+0000] {logging_mixin.py:188} INFO - [2024-05-16T12:27:03.534+0000] {dagbag.py:545} INFO - Filling up the DagBag from /usr/local/python/3.10.13/lib/python3.10/site-packages/airflow/example_dags/tutorial_dag.py
[2024-05-16T12:27:03.539+0000] {processor.py:840} INFO - DAG(s) 'tutorial_dag' retrieved from /usr/local/python/3.10.13/lib/python3.10/site-packages/airflow/example_dags/tutorial_dag.py
[2024-05-16T12:27:03.551+0000] {logging_mixin.py:188} INFO - [2024-05-16T12:27:03.551+0000] {dag.py:3096} INFO - Sync 1 DAGs
[2024-05-16T12:27:03.564+0000] {logging_mixin.py:188} INFO - [2024-05-16T12:27:03.564+0000] {dag.py:3954} INFO - Setting next_dagrun for tutorial_dag to None, run_after=None
[2024-05-16T12:27:03.608+0000] {processor.py:183} INFO - Processing /usr/local/python/3.10.13/lib/python3.10/site-packages/airflow/example_dags/tutorial_dag.py took 0.081 seconds
[2024-05-16T12:27:46.837+0000] {processor.py:161} INFO - Started process (PID=16598) to work on /usr/local/python/3.10.13/lib/python3.10/site-packages/airflow/example_dags/tutorial_dag.py
[2024-05-16T12:27:46.838+0000] {processor.py:830} INFO - Processing file /usr/local/python/3.10.13/lib/python3.10/site-packages/airflow/example_dags/tutorial_dag.py for tasks to queue
[2024-05-16T12:27:46.839+0000] {logging_mixin.py:188} INFO - [2024-05-16T12:27:46.839+0000] {dagbag.py:545} INFO - Filling up the DagBag from /usr/local/python/3.10.13/lib/python3.10/site-packages/airflow/example_dags/tutorial_dag.py
[2024-05-16T12:27:46.844+0000] {processor.py:840} INFO - DAG(s) 'tutorial_dag' retrieved from /usr/local/python/3.10.13/lib/python3.10/site-packages/airflow/example_dags/tutorial_dag.py
[2024-05-16T12:27:46.854+0000] {logging_mixin.py:188} INFO - [2024-05-16T12:27:46.854+0000] {dag.py:3096} INFO - Sync 1 DAGs
[2024-05-16T12:27:46.864+0000] {logging_mixin.py:188} INFO - [2024-05-16T12:27:46.864+0000] {dag.py:3954} INFO - Setting next_dagrun for tutorial_dag to None, run_after=None
[2024-05-16T12:27:46.909+0000] {processor.py:183} INFO - Processing /usr/local/python/3.10.13/lib/python3.10/site-packages/airflow/example_dags/tutorial_dag.py took 0.076 seconds
[2024-05-16T12:28:30.829+0000] {processor.py:161} INFO - Started process (PID=16919) to work on /usr/local/python/3.10.13/lib/python3.10/site-packages/airflow/example_dags/tutorial_dag.py
[2024-05-16T12:28:30.829+0000] {processor.py:830} INFO - Processing file /usr/local/python/3.10.13/lib/python3.10/site-packages/airflow/example_dags/tutorial_dag.py for tasks to queue
[2024-05-16T12:28:30.831+0000] {logging_mixin.py:188} INFO - [2024-05-16T12:28:30.830+0000] {dagbag.py:545} INFO - Filling up the DagBag from /usr/local/python/3.10.13/lib/python3.10/site-packages/airflow/example_dags/tutorial_dag.py
[2024-05-16T12:28:30.835+0000] {processor.py:840} INFO - DAG(s) 'tutorial_dag' retrieved from /usr/local/python/3.10.13/lib/python3.10/site-packages/airflow/example_dags/tutorial_dag.py
[2024-05-16T12:28:30.847+0000] {logging_mixin.py:188} INFO - [2024-05-16T12:28:30.846+0000] {dag.py:3096} INFO - Sync 1 DAGs
[2024-05-16T12:28:30.857+0000] {logging_mixin.py:188} INFO - [2024-05-16T12:28:30.857+0000] {dag.py:3954} INFO - Setting next_dagrun for tutorial_dag to None, run_after=None
[2024-05-16T12:28:30.906+0000] {processor.py:183} INFO - Processing /usr/local/python/3.10.13/lib/python3.10/site-packages/airflow/example_dags/tutorial_dag.py took 0.083 seconds
[2024-05-16T12:29:12.335+0000] {processor.py:161} INFO - Started process (PID=17207) to work on /usr/local/python/3.10.13/lib/python3.10/site-packages/airflow/example_dags/tutorial_dag.py
[2024-05-16T12:29:12.335+0000] {processor.py:830} INFO - Processing file /usr/local/python/3.10.13/lib/python3.10/site-packages/airflow/example_dags/tutorial_dag.py for tasks to queue
[2024-05-16T12:29:12.337+0000] {logging_mixin.py:188} INFO - [2024-05-16T12:29:12.336+0000] {dagbag.py:545} INFO - Filling up the DagBag from /usr/local/python/3.10.13/lib/python3.10/site-packages/airflow/example_dags/tutorial_dag.py
[2024-05-16T12:29:12.341+0000] {processor.py:840} INFO - DAG(s) 'tutorial_dag' retrieved from /usr/local/python/3.10.13/lib/python3.10/site-packages/airflow/example_dags/tutorial_dag.py
[2024-05-16T12:29:12.352+0000] {logging_mixin.py:188} INFO - [2024-05-16T12:29:12.352+0000] {dag.py:3096} INFO - Sync 1 DAGs
[2024-05-16T12:29:12.361+0000] {logging_mixin.py:188} INFO - [2024-05-16T12:29:12.361+0000] {dag.py:3954} INFO - Setting next_dagrun for tutorial_dag to None, run_after=None
[2024-05-16T12:29:12.407+0000] {processor.py:183} INFO - Processing /usr/local/python/3.10.13/lib/python3.10/site-packages/airflow/example_dags/tutorial_dag.py took 0.077 seconds
[2024-05-16T12:29:54.540+0000] {processor.py:161} INFO - Started process (PID=17515) to work on /usr/local/python/3.10.13/lib/python3.10/site-packages/airflow/example_dags/tutorial_dag.py
[2024-05-16T12:29:54.541+0000] {processor.py:830} INFO - Processing file /usr/local/python/3.10.13/lib/python3.10/site-packages/airflow/example_dags/tutorial_dag.py for tasks to queue
[2024-05-16T12:29:54.542+0000] {logging_mixin.py:188} INFO - [2024-05-16T12:29:54.542+0000] {dagbag.py:545} INFO - Filling up the DagBag from /usr/local/python/3.10.13/lib/python3.10/site-packages/airflow/example_dags/tutorial_dag.py
[2024-05-16T12:29:54.547+0000] {processor.py:840} INFO - DAG(s) 'tutorial_dag' retrieved from /usr/local/python/3.10.13/lib/python3.10/site-packages/airflow/example_dags/tutorial_dag.py
[2024-05-16T12:29:54.558+0000] {logging_mixin.py:188} INFO - [2024-05-16T12:29:54.558+0000] {dag.py:3096} INFO - Sync 1 DAGs
[2024-05-16T12:29:54.567+0000] {logging_mixin.py:188} INFO - [2024-05-16T12:29:54.566+0000] {dag.py:3954} INFO - Setting next_dagrun for tutorial_dag to None, run_after=None
[2024-05-16T12:29:54.610+0000] {processor.py:183} INFO - Processing /usr/local/python/3.10.13/lib/python3.10/site-packages/airflow/example_dags/tutorial_dag.py took 0.075 seconds
[2024-05-16T12:30:37.486+0000] {processor.py:161} INFO - Started process (PID=17837) to work on /usr/local/python/3.10.13/lib/python3.10/site-packages/airflow/example_dags/tutorial_dag.py
[2024-05-16T12:30:37.486+0000] {processor.py:830} INFO - Processing file /usr/local/python/3.10.13/lib/python3.10/site-packages/airflow/example_dags/tutorial_dag.py for tasks to queue
[2024-05-16T12:30:37.488+0000] {logging_mixin.py:188} INFO - [2024-05-16T12:30:37.487+0000] {dagbag.py:545} INFO - Filling up the DagBag from /usr/local/python/3.10.13/lib/python3.10/site-packages/airflow/example_dags/tutorial_dag.py
[2024-05-16T12:30:37.492+0000] {processor.py:840} INFO - DAG(s) 'tutorial_dag' retrieved from /usr/local/python/3.10.13/lib/python3.10/site-packages/airflow/example_dags/tutorial_dag.py
[2024-05-16T12:30:37.503+0000] {logging_mixin.py:188} INFO - [2024-05-16T12:30:37.503+0000] {dag.py:3096} INFO - Sync 1 DAGs
[2024-05-16T12:30:37.516+0000] {logging_mixin.py:188} INFO - [2024-05-16T12:30:37.516+0000] {dag.py:3954} INFO - Setting next_dagrun for tutorial_dag to None, run_after=None
[2024-05-16T12:30:37.564+0000] {processor.py:183} INFO - Processing /usr/local/python/3.10.13/lib/python3.10/site-packages/airflow/example_dags/tutorial_dag.py took 0.083 seconds
[2024-05-16T12:31:22.506+0000] {processor.py:161} INFO - Started process (PID=18152) to work on /usr/local/python/3.10.13/lib/python3.10/site-packages/airflow/example_dags/tutorial_dag.py
[2024-05-16T12:31:22.507+0000] {processor.py:830} INFO - Processing file /usr/local/python/3.10.13/lib/python3.10/site-packages/airflow/example_dags/tutorial_dag.py for tasks to queue
[2024-05-16T12:31:22.508+0000] {logging_mixin.py:188} INFO - [2024-05-16T12:31:22.508+0000] {dagbag.py:545} INFO - Filling up the DagBag from /usr/local/python/3.10.13/lib/python3.10/site-packages/airflow/example_dags/tutorial_dag.py
[2024-05-16T12:31:22.516+0000] {processor.py:840} INFO - DAG(s) 'tutorial_dag' retrieved from /usr/local/python/3.10.13/lib/python3.10/site-packages/airflow/example_dags/tutorial_dag.py
[2024-05-16T12:31:22.530+0000] {logging_mixin.py:188} INFO - [2024-05-16T12:31:22.530+0000] {dag.py:3096} INFO - Sync 1 DAGs
[2024-05-16T12:31:22.540+0000] {logging_mixin.py:188} INFO - [2024-05-16T12:31:22.539+0000] {dag.py:3954} INFO - Setting next_dagrun for tutorial_dag to None, run_after=None
[2024-05-16T12:31:22.588+0000] {processor.py:183} INFO - Processing /usr/local/python/3.10.13/lib/python3.10/site-packages/airflow/example_dags/tutorial_dag.py took 0.090 seconds
[2024-05-16T12:32:04.249+0000] {processor.py:161} INFO - Started process (PID=18463) to work on /usr/local/python/3.10.13/lib/python3.10/site-packages/airflow/example_dags/tutorial_dag.py
[2024-05-16T12:32:04.250+0000] {processor.py:830} INFO - Processing file /usr/local/python/3.10.13/lib/python3.10/site-packages/airflow/example_dags/tutorial_dag.py for tasks to queue
[2024-05-16T12:32:04.251+0000] {logging_mixin.py:188} INFO - [2024-05-16T12:32:04.251+0000] {dagbag.py:545} INFO - Filling up the DagBag from /usr/local/python/3.10.13/lib/python3.10/site-packages/airflow/example_dags/tutorial_dag.py
[2024-05-16T12:32:04.255+0000] {processor.py:840} INFO - DAG(s) 'tutorial_dag' retrieved from /usr/local/python/3.10.13/lib/python3.10/site-packages/airflow/example_dags/tutorial_dag.py
[2024-05-16T12:32:04.266+0000] {logging_mixin.py:188} INFO - [2024-05-16T12:32:04.266+0000] {dag.py:3096} INFO - Sync 1 DAGs
[2024-05-16T12:32:04.276+0000] {logging_mixin.py:188} INFO - [2024-05-16T12:32:04.276+0000] {dag.py:3954} INFO - Setting next_dagrun for tutorial_dag to None, run_after=None
[2024-05-16T12:32:04.321+0000] {processor.py:183} INFO - Processing /usr/local/python/3.10.13/lib/python3.10/site-packages/airflow/example_dags/tutorial_dag.py took 0.076 seconds
[2024-05-16T12:32:45.149+0000] {processor.py:161} INFO - Started process (PID=18742) to work on /usr/local/python/3.10.13/lib/python3.10/site-packages/airflow/example_dags/tutorial_dag.py
[2024-05-16T12:32:45.150+0000] {processor.py:830} INFO - Processing file /usr/local/python/3.10.13/lib/python3.10/site-packages/airflow/example_dags/tutorial_dag.py for tasks to queue
[2024-05-16T12:32:45.151+0000] {logging_mixin.py:188} INFO - [2024-05-16T12:32:45.151+0000] {dagbag.py:545} INFO - Filling up the DagBag from /usr/local/python/3.10.13/lib/python3.10/site-packages/airflow/example_dags/tutorial_dag.py
[2024-05-16T12:32:45.156+0000] {processor.py:840} INFO - DAG(s) 'tutorial_dag' retrieved from /usr/local/python/3.10.13/lib/python3.10/site-packages/airflow/example_dags/tutorial_dag.py
[2024-05-16T12:32:45.171+0000] {logging_mixin.py:188} INFO - [2024-05-16T12:32:45.170+0000] {dag.py:3096} INFO - Sync 1 DAGs
[2024-05-16T12:32:45.183+0000] {logging_mixin.py:188} INFO - [2024-05-16T12:32:45.182+0000] {dag.py:3954} INFO - Setting next_dagrun for tutorial_dag to None, run_after=None
[2024-05-16T12:32:45.250+0000] {processor.py:183} INFO - Processing /usr/local/python/3.10.13/lib/python3.10/site-packages/airflow/example_dags/tutorial_dag.py took 0.105 seconds
[2024-05-16T12:33:27.137+0000] {processor.py:161} INFO - Started process (PID=19055) to work on /usr/local/python/3.10.13/lib/python3.10/site-packages/airflow/example_dags/tutorial_dag.py
[2024-05-16T12:33:27.138+0000] {processor.py:830} INFO - Processing file /usr/local/python/3.10.13/lib/python3.10/site-packages/airflow/example_dags/tutorial_dag.py for tasks to queue
[2024-05-16T12:33:27.139+0000] {logging_mixin.py:188} INFO - [2024-05-16T12:33:27.139+0000] {dagbag.py:545} INFO - Filling up the DagBag from /usr/local/python/3.10.13/lib/python3.10/site-packages/airflow/example_dags/tutorial_dag.py
[2024-05-16T12:33:27.144+0000] {processor.py:840} INFO - DAG(s) 'tutorial_dag' retrieved from /usr/local/python/3.10.13/lib/python3.10/site-packages/airflow/example_dags/tutorial_dag.py
[2024-05-16T12:33:27.155+0000] {logging_mixin.py:188} INFO - [2024-05-16T12:33:27.155+0000] {dag.py:3096} INFO - Sync 1 DAGs
[2024-05-16T12:33:27.164+0000] {logging_mixin.py:188} INFO - [2024-05-16T12:33:27.163+0000] {dag.py:3954} INFO - Setting next_dagrun for tutorial_dag to None, run_after=None
[2024-05-16T12:33:27.207+0000] {processor.py:183} INFO - Processing /usr/local/python/3.10.13/lib/python3.10/site-packages/airflow/example_dags/tutorial_dag.py took 0.074 seconds
[2024-05-16T12:34:09.670+0000] {processor.py:161} INFO - Started process (PID=19365) to work on /usr/local/python/3.10.13/lib/python3.10/site-packages/airflow/example_dags/tutorial_dag.py
[2024-05-16T12:34:09.671+0000] {processor.py:830} INFO - Processing file /usr/local/python/3.10.13/lib/python3.10/site-packages/airflow/example_dags/tutorial_dag.py for tasks to queue
[2024-05-16T12:34:09.672+0000] {logging_mixin.py:188} INFO - [2024-05-16T12:34:09.672+0000] {dagbag.py:545} INFO - Filling up the DagBag from /usr/local/python/3.10.13/lib/python3.10/site-packages/airflow/example_dags/tutorial_dag.py
[2024-05-16T12:34:09.676+0000] {processor.py:840} INFO - DAG(s) 'tutorial_dag' retrieved from /usr/local/python/3.10.13/lib/python3.10/site-packages/airflow/example_dags/tutorial_dag.py
[2024-05-16T12:34:09.687+0000] {logging_mixin.py:188} INFO - [2024-05-16T12:34:09.687+0000] {dag.py:3096} INFO - Sync 1 DAGs
[2024-05-16T12:34:09.696+0000] {logging_mixin.py:188} INFO - [2024-05-16T12:34:09.696+0000] {dag.py:3954} INFO - Setting next_dagrun for tutorial_dag to None, run_after=None
[2024-05-16T12:34:09.741+0000] {processor.py:183} INFO - Processing /usr/local/python/3.10.13/lib/python3.10/site-packages/airflow/example_dags/tutorial_dag.py took 0.075 seconds
[2024-05-16T12:34:52.086+0000] {processor.py:161} INFO - Started process (PID=19696) to work on /usr/local/python/3.10.13/lib/python3.10/site-packages/airflow/example_dags/tutorial_dag.py
[2024-05-16T12:34:52.088+0000] {processor.py:830} INFO - Processing file /usr/local/python/3.10.13/lib/python3.10/site-packages/airflow/example_dags/tutorial_dag.py for tasks to queue
[2024-05-16T12:34:52.090+0000] {logging_mixin.py:188} INFO - [2024-05-16T12:34:52.090+0000] {dagbag.py:545} INFO - Filling up the DagBag from /usr/local/python/3.10.13/lib/python3.10/site-packages/airflow/example_dags/tutorial_dag.py
[2024-05-16T12:34:52.098+0000] {processor.py:840} INFO - DAG(s) 'tutorial_dag' retrieved from /usr/local/python/3.10.13/lib/python3.10/site-packages/airflow/example_dags/tutorial_dag.py
[2024-05-16T12:34:52.123+0000] {logging_mixin.py:188} INFO - [2024-05-16T12:34:52.123+0000] {dag.py:3096} INFO - Sync 1 DAGs
[2024-05-16T12:34:52.138+0000] {logging_mixin.py:188} INFO - [2024-05-16T12:34:52.138+0000] {dag.py:3954} INFO - Setting next_dagrun for tutorial_dag to None, run_after=None
[2024-05-16T12:34:52.188+0000] {processor.py:183} INFO - Processing /usr/local/python/3.10.13/lib/python3.10/site-packages/airflow/example_dags/tutorial_dag.py took 0.109 seconds
[2024-05-16T12:35:35.804+0000] {processor.py:161} INFO - Started process (PID=20010) to work on /usr/local/python/3.10.13/lib/python3.10/site-packages/airflow/example_dags/tutorial_dag.py
[2024-05-16T12:35:35.805+0000] {processor.py:830} INFO - Processing file /usr/local/python/3.10.13/lib/python3.10/site-packages/airflow/example_dags/tutorial_dag.py for tasks to queue
[2024-05-16T12:35:35.806+0000] {logging_mixin.py:188} INFO - [2024-05-16T12:35:35.806+0000] {dagbag.py:545} INFO - Filling up the DagBag from /usr/local/python/3.10.13/lib/python3.10/site-packages/airflow/example_dags/tutorial_dag.py
[2024-05-16T12:35:35.810+0000] {processor.py:840} INFO - DAG(s) 'tutorial_dag' retrieved from /usr/local/python/3.10.13/lib/python3.10/site-packages/airflow/example_dags/tutorial_dag.py
[2024-05-16T12:35:35.821+0000] {logging_mixin.py:188} INFO - [2024-05-16T12:35:35.821+0000] {dag.py:3096} INFO - Sync 1 DAGs
[2024-05-16T12:35:35.830+0000] {logging_mixin.py:188} INFO - [2024-05-16T12:35:35.830+0000] {dag.py:3954} INFO - Setting next_dagrun for tutorial_dag to None, run_after=None
[2024-05-16T12:35:35.888+0000] {processor.py:183} INFO - Processing /usr/local/python/3.10.13/lib/python3.10/site-packages/airflow/example_dags/tutorial_dag.py took 0.089 seconds
[2024-05-16T12:36:16.217+0000] {processor.py:161} INFO - Started process (PID=20307) to work on /usr/local/python/3.10.13/lib/python3.10/site-packages/airflow/example_dags/tutorial_dag.py
[2024-05-16T12:36:16.218+0000] {processor.py:830} INFO - Processing file /usr/local/python/3.10.13/lib/python3.10/site-packages/airflow/example_dags/tutorial_dag.py for tasks to queue
[2024-05-16T12:36:16.219+0000] {logging_mixin.py:188} INFO - [2024-05-16T12:36:16.219+0000] {dagbag.py:545} INFO - Filling up the DagBag from /usr/local/python/3.10.13/lib/python3.10/site-packages/airflow/example_dags/tutorial_dag.py
[2024-05-16T12:36:16.224+0000] {processor.py:840} INFO - DAG(s) 'tutorial_dag' retrieved from /usr/local/python/3.10.13/lib/python3.10/site-packages/airflow/example_dags/tutorial_dag.py
[2024-05-16T12:36:16.235+0000] {logging_mixin.py:188} INFO - [2024-05-16T12:36:16.235+0000] {dag.py:3096} INFO - Sync 1 DAGs
[2024-05-16T12:36:16.244+0000] {logging_mixin.py:188} INFO - [2024-05-16T12:36:16.244+0000] {dag.py:3954} INFO - Setting next_dagrun for tutorial_dag to None, run_after=None
[2024-05-16T12:36:16.287+0000] {processor.py:183} INFO - Processing /usr/local/python/3.10.13/lib/python3.10/site-packages/airflow/example_dags/tutorial_dag.py took 0.075 seconds
[2024-05-16T12:36:57.907+0000] {processor.py:161} INFO - Started process (PID=20604) to work on /usr/local/python/3.10.13/lib/python3.10/site-packages/airflow/example_dags/tutorial_dag.py
[2024-05-16T12:36:57.908+0000] {processor.py:830} INFO - Processing file /usr/local/python/3.10.13/lib/python3.10/site-packages/airflow/example_dags/tutorial_dag.py for tasks to queue
[2024-05-16T12:36:57.909+0000] {logging_mixin.py:188} INFO - [2024-05-16T12:36:57.909+0000] {dagbag.py:545} INFO - Filling up the DagBag from /usr/local/python/3.10.13/lib/python3.10/site-packages/airflow/example_dags/tutorial_dag.py
[2024-05-16T12:36:57.913+0000] {processor.py:840} INFO - DAG(s) 'tutorial_dag' retrieved from /usr/local/python/3.10.13/lib/python3.10/site-packages/airflow/example_dags/tutorial_dag.py
[2024-05-16T12:36:57.925+0000] {logging_mixin.py:188} INFO - [2024-05-16T12:36:57.925+0000] {dag.py:3096} INFO - Sync 1 DAGs
[2024-05-16T12:36:57.933+0000] {logging_mixin.py:188} INFO - [2024-05-16T12:36:57.933+0000] {dag.py:3954} INFO - Setting next_dagrun for tutorial_dag to None, run_after=None
[2024-05-16T12:36:57.993+0000] {processor.py:183} INFO - Processing /usr/local/python/3.10.13/lib/python3.10/site-packages/airflow/example_dags/tutorial_dag.py took 0.091 seconds
[2024-05-16T12:37:40.842+0000] {processor.py:161} INFO - Started process (PID=20905) to work on /usr/local/python/3.10.13/lib/python3.10/site-packages/airflow/example_dags/tutorial_dag.py
[2024-05-16T12:37:40.843+0000] {processor.py:830} INFO - Processing file /usr/local/python/3.10.13/lib/python3.10/site-packages/airflow/example_dags/tutorial_dag.py for tasks to queue
[2024-05-16T12:37:40.844+0000] {logging_mixin.py:188} INFO - [2024-05-16T12:37:40.844+0000] {dagbag.py:545} INFO - Filling up the DagBag from /usr/local/python/3.10.13/lib/python3.10/site-packages/airflow/example_dags/tutorial_dag.py
[2024-05-16T12:37:40.849+0000] {processor.py:840} INFO - DAG(s) 'tutorial_dag' retrieved from /usr/local/python/3.10.13/lib/python3.10/site-packages/airflow/example_dags/tutorial_dag.py
[2024-05-16T12:37:40.860+0000] {logging_mixin.py:188} INFO - [2024-05-16T12:37:40.860+0000] {dag.py:3096} INFO - Sync 1 DAGs
[2024-05-16T12:37:40.869+0000] {logging_mixin.py:188} INFO - [2024-05-16T12:37:40.869+0000] {dag.py:3954} INFO - Setting next_dagrun for tutorial_dag to None, run_after=None
[2024-05-16T12:37:40.916+0000] {processor.py:183} INFO - Processing /usr/local/python/3.10.13/lib/python3.10/site-packages/airflow/example_dags/tutorial_dag.py took 0.078 seconds
[2024-05-16T12:38:37.637+0000] {processor.py:161} INFO - Started process (PID=21307) to work on /usr/local/python/3.10.13/lib/python3.10/site-packages/airflow/example_dags/tutorial_dag.py
[2024-05-16T12:38:37.638+0000] {processor.py:830} INFO - Processing file /usr/local/python/3.10.13/lib/python3.10/site-packages/airflow/example_dags/tutorial_dag.py for tasks to queue
[2024-05-16T12:38:37.639+0000] {logging_mixin.py:188} INFO - [2024-05-16T12:38:37.639+0000] {dagbag.py:545} INFO - Filling up the DagBag from /usr/local/python/3.10.13/lib/python3.10/site-packages/airflow/example_dags/tutorial_dag.py
[2024-05-16T12:38:37.643+0000] {processor.py:840} INFO - DAG(s) 'tutorial_dag' retrieved from /usr/local/python/3.10.13/lib/python3.10/site-packages/airflow/example_dags/tutorial_dag.py
[2024-05-16T12:38:37.654+0000] {logging_mixin.py:188} INFO - [2024-05-16T12:38:37.654+0000] {dag.py:3096} INFO - Sync 1 DAGs
[2024-05-16T12:38:37.665+0000] {logging_mixin.py:188} INFO - [2024-05-16T12:38:37.664+0000] {dag.py:3954} INFO - Setting next_dagrun for tutorial_dag to None, run_after=None
[2024-05-16T12:38:37.709+0000] {processor.py:183} INFO - Processing /usr/local/python/3.10.13/lib/python3.10/site-packages/airflow/example_dags/tutorial_dag.py took 0.077 seconds
[2024-05-16T12:39:21.313+0000] {processor.py:161} INFO - Started process (PID=21611) to work on /usr/local/python/3.10.13/lib/python3.10/site-packages/airflow/example_dags/tutorial_dag.py
[2024-05-16T12:39:21.314+0000] {processor.py:830} INFO - Processing file /usr/local/python/3.10.13/lib/python3.10/site-packages/airflow/example_dags/tutorial_dag.py for tasks to queue
[2024-05-16T12:39:21.316+0000] {logging_mixin.py:188} INFO - [2024-05-16T12:39:21.316+0000] {dagbag.py:545} INFO - Filling up the DagBag from /usr/local/python/3.10.13/lib/python3.10/site-packages/airflow/example_dags/tutorial_dag.py
[2024-05-16T12:39:21.323+0000] {processor.py:840} INFO - DAG(s) 'tutorial_dag' retrieved from /usr/local/python/3.10.13/lib/python3.10/site-packages/airflow/example_dags/tutorial_dag.py
[2024-05-16T12:39:21.341+0000] {logging_mixin.py:188} INFO - [2024-05-16T12:39:21.340+0000] {dag.py:3096} INFO - Sync 1 DAGs
[2024-05-16T12:39:21.354+0000] {logging_mixin.py:188} INFO - [2024-05-16T12:39:21.354+0000] {dag.py:3954} INFO - Setting next_dagrun for tutorial_dag to None, run_after=None
[2024-05-16T12:39:21.407+0000] {processor.py:183} INFO - Processing /usr/local/python/3.10.13/lib/python3.10/site-packages/airflow/example_dags/tutorial_dag.py took 0.100 seconds
[2024-05-16T12:40:05.628+0000] {processor.py:161} INFO - Started process (PID=21932) to work on /usr/local/python/3.10.13/lib/python3.10/site-packages/airflow/example_dags/tutorial_dag.py
[2024-05-16T12:40:05.629+0000] {processor.py:830} INFO - Processing file /usr/local/python/3.10.13/lib/python3.10/site-packages/airflow/example_dags/tutorial_dag.py for tasks to queue
[2024-05-16T12:40:05.630+0000] {logging_mixin.py:188} INFO - [2024-05-16T12:40:05.630+0000] {dagbag.py:545} INFO - Filling up the DagBag from /usr/local/python/3.10.13/lib/python3.10/site-packages/airflow/example_dags/tutorial_dag.py
[2024-05-16T12:40:05.635+0000] {processor.py:840} INFO - DAG(s) 'tutorial_dag' retrieved from /usr/local/python/3.10.13/lib/python3.10/site-packages/airflow/example_dags/tutorial_dag.py
[2024-05-16T12:40:05.645+0000] {logging_mixin.py:188} INFO - [2024-05-16T12:40:05.645+0000] {dag.py:3096} INFO - Sync 1 DAGs
[2024-05-16T12:40:05.654+0000] {logging_mixin.py:188} INFO - [2024-05-16T12:40:05.654+0000] {dag.py:3954} INFO - Setting next_dagrun for tutorial_dag to None, run_after=None
[2024-05-16T12:40:05.707+0000] {processor.py:183} INFO - Processing /usr/local/python/3.10.13/lib/python3.10/site-packages/airflow/example_dags/tutorial_dag.py took 0.083 seconds
[2024-05-16T12:40:47.879+0000] {processor.py:161} INFO - Started process (PID=22255) to work on /usr/local/python/3.10.13/lib/python3.10/site-packages/airflow/example_dags/tutorial_dag.py
[2024-05-16T12:40:47.880+0000] {processor.py:830} INFO - Processing file /usr/local/python/3.10.13/lib/python3.10/site-packages/airflow/example_dags/tutorial_dag.py for tasks to queue
[2024-05-16T12:40:47.881+0000] {logging_mixin.py:188} INFO - [2024-05-16T12:40:47.881+0000] {dagbag.py:545} INFO - Filling up the DagBag from /usr/local/python/3.10.13/lib/python3.10/site-packages/airflow/example_dags/tutorial_dag.py
[2024-05-16T12:40:47.886+0000] {processor.py:840} INFO - DAG(s) 'tutorial_dag' retrieved from /usr/local/python/3.10.13/lib/python3.10/site-packages/airflow/example_dags/tutorial_dag.py
[2024-05-16T12:40:47.897+0000] {logging_mixin.py:188} INFO - [2024-05-16T12:40:47.897+0000] {dag.py:3096} INFO - Sync 1 DAGs
[2024-05-16T12:40:47.906+0000] {logging_mixin.py:188} INFO - [2024-05-16T12:40:47.905+0000] {dag.py:3954} INFO - Setting next_dagrun for tutorial_dag to None, run_after=None
[2024-05-16T12:40:47.952+0000] {processor.py:183} INFO - Processing /usr/local/python/3.10.13/lib/python3.10/site-packages/airflow/example_dags/tutorial_dag.py took 0.078 seconds
[2024-05-16T12:41:47.178+0000] {processor.py:161} INFO - Started process (PID=22661) to work on /usr/local/python/3.10.13/lib/python3.10/site-packages/airflow/example_dags/tutorial_dag.py
[2024-05-16T12:41:47.179+0000] {processor.py:830} INFO - Processing file /usr/local/python/3.10.13/lib/python3.10/site-packages/airflow/example_dags/tutorial_dag.py for tasks to queue
[2024-05-16T12:41:47.180+0000] {logging_mixin.py:188} INFO - [2024-05-16T12:41:47.180+0000] {dagbag.py:545} INFO - Filling up the DagBag from /usr/local/python/3.10.13/lib/python3.10/site-packages/airflow/example_dags/tutorial_dag.py
[2024-05-16T12:41:47.184+0000] {processor.py:840} INFO - DAG(s) 'tutorial_dag' retrieved from /usr/local/python/3.10.13/lib/python3.10/site-packages/airflow/example_dags/tutorial_dag.py
[2024-05-16T12:41:47.195+0000] {logging_mixin.py:188} INFO - [2024-05-16T12:41:47.195+0000] {dag.py:3096} INFO - Sync 1 DAGs
[2024-05-16T12:41:47.205+0000] {logging_mixin.py:188} INFO - [2024-05-16T12:41:47.205+0000] {dag.py:3954} INFO - Setting next_dagrun for tutorial_dag to None, run_after=None
[2024-05-16T12:41:47.255+0000] {processor.py:183} INFO - Processing /usr/local/python/3.10.13/lib/python3.10/site-packages/airflow/example_dags/tutorial_dag.py took 0.082 seconds
[2024-05-16T12:42:31.886+0000] {processor.py:161} INFO - Started process (PID=23000) to work on /usr/local/python/3.10.13/lib/python3.10/site-packages/airflow/example_dags/tutorial_dag.py
[2024-05-16T12:42:31.887+0000] {processor.py:830} INFO - Processing file /usr/local/python/3.10.13/lib/python3.10/site-packages/airflow/example_dags/tutorial_dag.py for tasks to queue
[2024-05-16T12:42:31.888+0000] {logging_mixin.py:188} INFO - [2024-05-16T12:42:31.888+0000] {dagbag.py:545} INFO - Filling up the DagBag from /usr/local/python/3.10.13/lib/python3.10/site-packages/airflow/example_dags/tutorial_dag.py
[2024-05-16T12:42:31.893+0000] {processor.py:840} INFO - DAG(s) 'tutorial_dag' retrieved from /usr/local/python/3.10.13/lib/python3.10/site-packages/airflow/example_dags/tutorial_dag.py
[2024-05-16T12:42:31.910+0000] {logging_mixin.py:188} INFO - [2024-05-16T12:42:31.910+0000] {dag.py:3096} INFO - Sync 1 DAGs
[2024-05-16T12:42:31.924+0000] {logging_mixin.py:188} INFO - [2024-05-16T12:42:31.924+0000] {dag.py:3954} INFO - Setting next_dagrun for tutorial_dag to None, run_after=None
[2024-05-16T12:42:31.969+0000] {processor.py:183} INFO - Processing /usr/local/python/3.10.13/lib/python3.10/site-packages/airflow/example_dags/tutorial_dag.py took 0.090 seconds
[2024-05-16T12:43:12.234+0000] {processor.py:161} INFO - Started process (PID=23305) to work on /usr/local/python/3.10.13/lib/python3.10/site-packages/airflow/example_dags/tutorial_dag.py
[2024-05-16T12:43:12.234+0000] {processor.py:830} INFO - Processing file /usr/local/python/3.10.13/lib/python3.10/site-packages/airflow/example_dags/tutorial_dag.py for tasks to queue
[2024-05-16T12:43:12.236+0000] {logging_mixin.py:188} INFO - [2024-05-16T12:43:12.235+0000] {dagbag.py:545} INFO - Filling up the DagBag from /usr/local/python/3.10.13/lib/python3.10/site-packages/airflow/example_dags/tutorial_dag.py
[2024-05-16T12:43:12.240+0000] {processor.py:840} INFO - DAG(s) 'tutorial_dag' retrieved from /usr/local/python/3.10.13/lib/python3.10/site-packages/airflow/example_dags/tutorial_dag.py
[2024-05-16T12:43:12.251+0000] {logging_mixin.py:188} INFO - [2024-05-16T12:43:12.251+0000] {dag.py:3096} INFO - Sync 1 DAGs
[2024-05-16T12:43:12.259+0000] {logging_mixin.py:188} INFO - [2024-05-16T12:43:12.259+0000] {dag.py:3954} INFO - Setting next_dagrun for tutorial_dag to None, run_after=None
[2024-05-16T12:43:12.307+0000] {processor.py:183} INFO - Processing /usr/local/python/3.10.13/lib/python3.10/site-packages/airflow/example_dags/tutorial_dag.py took 0.078 seconds
[2024-05-16T12:43:54.879+0000] {processor.py:161} INFO - Started process (PID=23615) to work on /usr/local/python/3.10.13/lib/python3.10/site-packages/airflow/example_dags/tutorial_dag.py
[2024-05-16T12:43:54.880+0000] {processor.py:830} INFO - Processing file /usr/local/python/3.10.13/lib/python3.10/site-packages/airflow/example_dags/tutorial_dag.py for tasks to queue
[2024-05-16T12:43:54.881+0000] {logging_mixin.py:188} INFO - [2024-05-16T12:43:54.881+0000] {dagbag.py:545} INFO - Filling up the DagBag from /usr/local/python/3.10.13/lib/python3.10/site-packages/airflow/example_dags/tutorial_dag.py
[2024-05-16T12:43:54.886+0000] {processor.py:840} INFO - DAG(s) 'tutorial_dag' retrieved from /usr/local/python/3.10.13/lib/python3.10/site-packages/airflow/example_dags/tutorial_dag.py
[2024-05-16T12:43:54.899+0000] {logging_mixin.py:188} INFO - [2024-05-16T12:43:54.898+0000] {dag.py:3096} INFO - Sync 1 DAGs
[2024-05-16T12:43:54.908+0000] {logging_mixin.py:188} INFO - [2024-05-16T12:43:54.908+0000] {dag.py:3954} INFO - Setting next_dagrun for tutorial_dag to None, run_after=None
[2024-05-16T12:43:54.958+0000] {processor.py:183} INFO - Processing /usr/local/python/3.10.13/lib/python3.10/site-packages/airflow/example_dags/tutorial_dag.py took 0.085 seconds
[2024-05-16T12:44:39.538+0000] {processor.py:161} INFO - Started process (PID=23920) to work on /usr/local/python/3.10.13/lib/python3.10/site-packages/airflow/example_dags/tutorial_dag.py
[2024-05-16T12:44:39.539+0000] {processor.py:830} INFO - Processing file /usr/local/python/3.10.13/lib/python3.10/site-packages/airflow/example_dags/tutorial_dag.py for tasks to queue
[2024-05-16T12:44:39.540+0000] {logging_mixin.py:188} INFO - [2024-05-16T12:44:39.540+0000] {dagbag.py:545} INFO - Filling up the DagBag from /usr/local/python/3.10.13/lib/python3.10/site-packages/airflow/example_dags/tutorial_dag.py
[2024-05-16T12:44:39.544+0000] {processor.py:840} INFO - DAG(s) 'tutorial_dag' retrieved from /usr/local/python/3.10.13/lib/python3.10/site-packages/airflow/example_dags/tutorial_dag.py
[2024-05-16T12:44:39.555+0000] {logging_mixin.py:188} INFO - [2024-05-16T12:44:39.555+0000] {dag.py:3096} INFO - Sync 1 DAGs
[2024-05-16T12:44:39.564+0000] {logging_mixin.py:188} INFO - [2024-05-16T12:44:39.564+0000] {dag.py:3954} INFO - Setting next_dagrun for tutorial_dag to None, run_after=None
[2024-05-16T12:44:39.615+0000] {processor.py:183} INFO - Processing /usr/local/python/3.10.13/lib/python3.10/site-packages/airflow/example_dags/tutorial_dag.py took 0.082 seconds
[2024-05-16T12:45:21.849+0000] {processor.py:161} INFO - Started process (PID=24296) to work on /usr/local/python/3.10.13/lib/python3.10/site-packages/airflow/example_dags/tutorial_dag.py
[2024-05-16T12:45:21.850+0000] {processor.py:830} INFO - Processing file /usr/local/python/3.10.13/lib/python3.10/site-packages/airflow/example_dags/tutorial_dag.py for tasks to queue
[2024-05-16T12:45:21.851+0000] {logging_mixin.py:188} INFO - [2024-05-16T12:45:21.851+0000] {dagbag.py:545} INFO - Filling up the DagBag from /usr/local/python/3.10.13/lib/python3.10/site-packages/airflow/example_dags/tutorial_dag.py
[2024-05-16T12:45:21.856+0000] {processor.py:840} INFO - DAG(s) 'tutorial_dag' retrieved from /usr/local/python/3.10.13/lib/python3.10/site-packages/airflow/example_dags/tutorial_dag.py
[2024-05-16T12:45:21.867+0000] {logging_mixin.py:188} INFO - [2024-05-16T12:45:21.867+0000] {dag.py:3096} INFO - Sync 1 DAGs
[2024-05-16T12:45:21.876+0000] {logging_mixin.py:188} INFO - [2024-05-16T12:45:21.875+0000] {dag.py:3954} INFO - Setting next_dagrun for tutorial_dag to None, run_after=None
[2024-05-16T12:45:21.943+0000] {processor.py:183} INFO - Processing /usr/local/python/3.10.13/lib/python3.10/site-packages/airflow/example_dags/tutorial_dag.py took 0.099 seconds
