[2024-05-16T12:06:16.207+0000] {processor.py:161} INFO - Started process (PID=7341) to work on /usr/local/python/3.10.13/lib/python3.10/site-packages/airflow/example_dags/tutorial.py
[2024-05-16T12:06:16.208+0000] {processor.py:830} INFO - Processing file /usr/local/python/3.10.13/lib/python3.10/site-packages/airflow/example_dags/tutorial.py for tasks to queue
[2024-05-16T12:06:16.209+0000] {logging_mixin.py:188} INFO - [2024-05-16T12:06:16.209+0000] {dagbag.py:545} INFO - Filling up the DagBag from /usr/local/python/3.10.13/lib/python3.10/site-packages/airflow/example_dags/tutorial.py
[2024-05-16T12:06:16.215+0000] {processor.py:840} INFO - DAG(s) 'tutorial' retrieved from /usr/local/python/3.10.13/lib/python3.10/site-packages/airflow/example_dags/tutorial.py
[2024-05-16T12:06:16.371+0000] {logging_mixin.py:188} INFO - [2024-05-16T12:06:16.371+0000] {dag.py:3096} INFO - Sync 1 DAGs
[2024-05-16T12:06:16.384+0000] {logging_mixin.py:188} INFO - [2024-05-16T12:06:16.384+0000] {dag.py:3954} INFO - Setting next_dagrun for tutorial to 2024-05-15 00:00:00+00:00, run_after=2024-05-16 00:00:00+00:00
[2024-05-16T12:06:16.431+0000] {processor.py:183} INFO - Processing /usr/local/python/3.10.13/lib/python3.10/site-packages/airflow/example_dags/tutorial.py took 0.229 seconds
[2024-05-16T12:07:14.875+0000] {processor.py:161} INFO - Started process (PID=7743) to work on /usr/local/python/3.10.13/lib/python3.10/site-packages/airflow/example_dags/tutorial.py
[2024-05-16T12:07:14.875+0000] {processor.py:830} INFO - Processing file /usr/local/python/3.10.13/lib/python3.10/site-packages/airflow/example_dags/tutorial.py for tasks to queue
[2024-05-16T12:07:14.877+0000] {logging_mixin.py:188} INFO - [2024-05-16T12:07:14.877+0000] {dagbag.py:545} INFO - Filling up the DagBag from /usr/local/python/3.10.13/lib/python3.10/site-packages/airflow/example_dags/tutorial.py
[2024-05-16T12:07:14.881+0000] {processor.py:840} INFO - DAG(s) 'tutorial' retrieved from /usr/local/python/3.10.13/lib/python3.10/site-packages/airflow/example_dags/tutorial.py
[2024-05-16T12:07:14.892+0000] {logging_mixin.py:188} INFO - [2024-05-16T12:07:14.892+0000] {dag.py:3096} INFO - Sync 1 DAGs
[2024-05-16T12:07:14.907+0000] {logging_mixin.py:188} INFO - [2024-05-16T12:07:14.907+0000] {dag.py:3954} INFO - Setting next_dagrun for tutorial to 2024-05-15 00:00:00+00:00, run_after=2024-05-16 00:00:00+00:00
[2024-05-16T12:07:14.952+0000] {processor.py:183} INFO - Processing /usr/local/python/3.10.13/lib/python3.10/site-packages/airflow/example_dags/tutorial.py took 0.082 seconds
[2024-05-16T12:08:03.342+0000] {processor.py:161} INFO - Started process (PID=8075) to work on /usr/local/python/3.10.13/lib/python3.10/site-packages/airflow/example_dags/tutorial.py
[2024-05-16T12:08:03.343+0000] {processor.py:830} INFO - Processing file /usr/local/python/3.10.13/lib/python3.10/site-packages/airflow/example_dags/tutorial.py for tasks to queue
[2024-05-16T12:08:03.345+0000] {logging_mixin.py:188} INFO - [2024-05-16T12:08:03.344+0000] {dagbag.py:545} INFO - Filling up the DagBag from /usr/local/python/3.10.13/lib/python3.10/site-packages/airflow/example_dags/tutorial.py
[2024-05-16T12:08:03.350+0000] {processor.py:840} INFO - DAG(s) 'tutorial' retrieved from /usr/local/python/3.10.13/lib/python3.10/site-packages/airflow/example_dags/tutorial.py
[2024-05-16T12:08:03.363+0000] {logging_mixin.py:188} INFO - [2024-05-16T12:08:03.363+0000] {dag.py:3096} INFO - Sync 1 DAGs
[2024-05-16T12:08:03.379+0000] {logging_mixin.py:188} INFO - [2024-05-16T12:08:03.379+0000] {dag.py:3954} INFO - Setting next_dagrun for tutorial to 2024-05-15 00:00:00+00:00, run_after=2024-05-16 00:00:00+00:00
[2024-05-16T12:08:03.434+0000] {processor.py:183} INFO - Processing /usr/local/python/3.10.13/lib/python3.10/site-packages/airflow/example_dags/tutorial.py took 0.098 seconds
[2024-05-16T12:08:47.441+0000] {processor.py:161} INFO - Started process (PID=8392) to work on /usr/local/python/3.10.13/lib/python3.10/site-packages/airflow/example_dags/tutorial.py
[2024-05-16T12:08:47.442+0000] {processor.py:830} INFO - Processing file /usr/local/python/3.10.13/lib/python3.10/site-packages/airflow/example_dags/tutorial.py for tasks to queue
[2024-05-16T12:08:47.444+0000] {logging_mixin.py:188} INFO - [2024-05-16T12:08:47.443+0000] {dagbag.py:545} INFO - Filling up the DagBag from /usr/local/python/3.10.13/lib/python3.10/site-packages/airflow/example_dags/tutorial.py
[2024-05-16T12:08:47.448+0000] {processor.py:840} INFO - DAG(s) 'tutorial' retrieved from /usr/local/python/3.10.13/lib/python3.10/site-packages/airflow/example_dags/tutorial.py
[2024-05-16T12:08:47.459+0000] {logging_mixin.py:188} INFO - [2024-05-16T12:08:47.459+0000] {dag.py:3096} INFO - Sync 1 DAGs
[2024-05-16T12:08:47.474+0000] {logging_mixin.py:188} INFO - [2024-05-16T12:08:47.473+0000] {dag.py:3954} INFO - Setting next_dagrun for tutorial to 2024-05-15 00:00:00+00:00, run_after=2024-05-16 00:00:00+00:00
[2024-05-16T12:08:47.521+0000] {processor.py:183} INFO - Processing /usr/local/python/3.10.13/lib/python3.10/site-packages/airflow/example_dags/tutorial.py took 0.085 seconds
[2024-05-16T12:09:32.535+0000] {processor.py:161} INFO - Started process (PID=8711) to work on /usr/local/python/3.10.13/lib/python3.10/site-packages/airflow/example_dags/tutorial.py
[2024-05-16T12:09:32.536+0000] {processor.py:830} INFO - Processing file /usr/local/python/3.10.13/lib/python3.10/site-packages/airflow/example_dags/tutorial.py for tasks to queue
[2024-05-16T12:09:32.537+0000] {logging_mixin.py:188} INFO - [2024-05-16T12:09:32.537+0000] {dagbag.py:545} INFO - Filling up the DagBag from /usr/local/python/3.10.13/lib/python3.10/site-packages/airflow/example_dags/tutorial.py
[2024-05-16T12:09:32.541+0000] {processor.py:840} INFO - DAG(s) 'tutorial' retrieved from /usr/local/python/3.10.13/lib/python3.10/site-packages/airflow/example_dags/tutorial.py
[2024-05-16T12:09:32.552+0000] {logging_mixin.py:188} INFO - [2024-05-16T12:09:32.552+0000] {dag.py:3096} INFO - Sync 1 DAGs
[2024-05-16T12:09:32.567+0000] {logging_mixin.py:188} INFO - [2024-05-16T12:09:32.566+0000] {dag.py:3954} INFO - Setting next_dagrun for tutorial to 2024-05-15 00:00:00+00:00, run_after=2024-05-16 00:00:00+00:00
[2024-05-16T12:09:32.612+0000] {processor.py:183} INFO - Processing /usr/local/python/3.10.13/lib/python3.10/site-packages/airflow/example_dags/tutorial.py took 0.082 seconds
[2024-05-16T12:10:16.551+0000] {processor.py:161} INFO - Started process (PID=9032) to work on /usr/local/python/3.10.13/lib/python3.10/site-packages/airflow/example_dags/tutorial.py
[2024-05-16T12:10:16.552+0000] {processor.py:830} INFO - Processing file /usr/local/python/3.10.13/lib/python3.10/site-packages/airflow/example_dags/tutorial.py for tasks to queue
[2024-05-16T12:10:16.553+0000] {logging_mixin.py:188} INFO - [2024-05-16T12:10:16.553+0000] {dagbag.py:545} INFO - Filling up the DagBag from /usr/local/python/3.10.13/lib/python3.10/site-packages/airflow/example_dags/tutorial.py
[2024-05-16T12:10:16.557+0000] {processor.py:840} INFO - DAG(s) 'tutorial' retrieved from /usr/local/python/3.10.13/lib/python3.10/site-packages/airflow/example_dags/tutorial.py
[2024-05-16T12:10:16.568+0000] {logging_mixin.py:188} INFO - [2024-05-16T12:10:16.568+0000] {dag.py:3096} INFO - Sync 1 DAGs
[2024-05-16T12:10:16.582+0000] {logging_mixin.py:188} INFO - [2024-05-16T12:10:16.582+0000] {dag.py:3954} INFO - Setting next_dagrun for tutorial to 2024-05-15 00:00:00+00:00, run_after=2024-05-16 00:00:00+00:00
[2024-05-16T12:10:16.628+0000] {processor.py:183} INFO - Processing /usr/local/python/3.10.13/lib/python3.10/site-packages/airflow/example_dags/tutorial.py took 0.082 seconds
[2024-05-16T12:10:58.999+0000] {processor.py:161} INFO - Started process (PID=9319) to work on /usr/local/python/3.10.13/lib/python3.10/site-packages/airflow/example_dags/tutorial.py
[2024-05-16T12:10:59.000+0000] {processor.py:830} INFO - Processing file /usr/local/python/3.10.13/lib/python3.10/site-packages/airflow/example_dags/tutorial.py for tasks to queue
[2024-05-16T12:10:59.001+0000] {logging_mixin.py:188} INFO - [2024-05-16T12:10:59.001+0000] {dagbag.py:545} INFO - Filling up the DagBag from /usr/local/python/3.10.13/lib/python3.10/site-packages/airflow/example_dags/tutorial.py
[2024-05-16T12:10:59.006+0000] {processor.py:840} INFO - DAG(s) 'tutorial' retrieved from /usr/local/python/3.10.13/lib/python3.10/site-packages/airflow/example_dags/tutorial.py
[2024-05-16T12:10:59.017+0000] {logging_mixin.py:188} INFO - [2024-05-16T12:10:59.017+0000] {dag.py:3096} INFO - Sync 1 DAGs
[2024-05-16T12:10:59.036+0000] {logging_mixin.py:188} INFO - [2024-05-16T12:10:59.036+0000] {dag.py:3954} INFO - Setting next_dagrun for tutorial to 2024-05-15 00:00:00+00:00, run_after=2024-05-16 00:00:00+00:00
[2024-05-16T12:10:59.096+0000] {processor.py:183} INFO - Processing /usr/local/python/3.10.13/lib/python3.10/site-packages/airflow/example_dags/tutorial.py took 0.101 seconds
[2024-05-16T12:11:48.002+0000] {processor.py:161} INFO - Started process (PID=9665) to work on /usr/local/python/3.10.13/lib/python3.10/site-packages/airflow/example_dags/tutorial.py
[2024-05-16T12:11:48.003+0000] {processor.py:830} INFO - Processing file /usr/local/python/3.10.13/lib/python3.10/site-packages/airflow/example_dags/tutorial.py for tasks to queue
[2024-05-16T12:11:48.004+0000] {logging_mixin.py:188} INFO - [2024-05-16T12:11:48.004+0000] {dagbag.py:545} INFO - Filling up the DagBag from /usr/local/python/3.10.13/lib/python3.10/site-packages/airflow/example_dags/tutorial.py
[2024-05-16T12:11:48.008+0000] {processor.py:840} INFO - DAG(s) 'tutorial' retrieved from /usr/local/python/3.10.13/lib/python3.10/site-packages/airflow/example_dags/tutorial.py
[2024-05-16T12:11:48.019+0000] {logging_mixin.py:188} INFO - [2024-05-16T12:11:48.019+0000] {dag.py:3096} INFO - Sync 1 DAGs
[2024-05-16T12:11:48.033+0000] {logging_mixin.py:188} INFO - [2024-05-16T12:11:48.033+0000] {dag.py:3954} INFO - Setting next_dagrun for tutorial to 2024-05-15 00:00:00+00:00, run_after=2024-05-16 00:00:00+00:00
[2024-05-16T12:11:48.081+0000] {processor.py:183} INFO - Processing /usr/local/python/3.10.13/lib/python3.10/site-packages/airflow/example_dags/tutorial.py took 0.084 seconds
[2024-05-16T12:12:29.794+0000] {processor.py:161} INFO - Started process (PID=9952) to work on /usr/local/python/3.10.13/lib/python3.10/site-packages/airflow/example_dags/tutorial.py
[2024-05-16T12:12:29.795+0000] {processor.py:830} INFO - Processing file /usr/local/python/3.10.13/lib/python3.10/site-packages/airflow/example_dags/tutorial.py for tasks to queue
[2024-05-16T12:12:29.796+0000] {logging_mixin.py:188} INFO - [2024-05-16T12:12:29.796+0000] {dagbag.py:545} INFO - Filling up the DagBag from /usr/local/python/3.10.13/lib/python3.10/site-packages/airflow/example_dags/tutorial.py
[2024-05-16T12:12:29.801+0000] {processor.py:840} INFO - DAG(s) 'tutorial' retrieved from /usr/local/python/3.10.13/lib/python3.10/site-packages/airflow/example_dags/tutorial.py
[2024-05-16T12:12:29.812+0000] {logging_mixin.py:188} INFO - [2024-05-16T12:12:29.811+0000] {dag.py:3096} INFO - Sync 1 DAGs
[2024-05-16T12:12:29.827+0000] {logging_mixin.py:188} INFO - [2024-05-16T12:12:29.826+0000] {dag.py:3954} INFO - Setting next_dagrun for tutorial to 2024-05-15 00:00:00+00:00, run_after=2024-05-16 00:00:00+00:00
[2024-05-16T12:12:29.874+0000] {processor.py:183} INFO - Processing /usr/local/python/3.10.13/lib/python3.10/site-packages/airflow/example_dags/tutorial.py took 0.084 seconds
[2024-05-16T12:13:12.798+0000] {processor.py:161} INFO - Started process (PID=10248) to work on /usr/local/python/3.10.13/lib/python3.10/site-packages/airflow/example_dags/tutorial.py
[2024-05-16T12:13:12.799+0000] {processor.py:830} INFO - Processing file /usr/local/python/3.10.13/lib/python3.10/site-packages/airflow/example_dags/tutorial.py for tasks to queue
[2024-05-16T12:13:12.800+0000] {logging_mixin.py:188} INFO - [2024-05-16T12:13:12.800+0000] {dagbag.py:545} INFO - Filling up the DagBag from /usr/local/python/3.10.13/lib/python3.10/site-packages/airflow/example_dags/tutorial.py
[2024-05-16T12:13:12.805+0000] {processor.py:840} INFO - DAG(s) 'tutorial' retrieved from /usr/local/python/3.10.13/lib/python3.10/site-packages/airflow/example_dags/tutorial.py
[2024-05-16T12:13:12.816+0000] {logging_mixin.py:188} INFO - [2024-05-16T12:13:12.816+0000] {dag.py:3096} INFO - Sync 1 DAGs
[2024-05-16T12:13:12.843+0000] {logging_mixin.py:188} INFO - [2024-05-16T12:13:12.843+0000] {dag.py:3954} INFO - Setting next_dagrun for tutorial to 2024-05-15 00:00:00+00:00, run_after=2024-05-16 00:00:00+00:00
[2024-05-16T12:13:12.888+0000] {processor.py:183} INFO - Processing /usr/local/python/3.10.13/lib/python3.10/site-packages/airflow/example_dags/tutorial.py took 0.094 seconds
[2024-05-16T12:13:54.120+0000] {processor.py:161} INFO - Started process (PID=10525) to work on /usr/local/python/3.10.13/lib/python3.10/site-packages/airflow/example_dags/tutorial.py
[2024-05-16T12:13:54.121+0000] {processor.py:830} INFO - Processing file /usr/local/python/3.10.13/lib/python3.10/site-packages/airflow/example_dags/tutorial.py for tasks to queue
[2024-05-16T12:13:54.122+0000] {logging_mixin.py:188} INFO - [2024-05-16T12:13:54.122+0000] {dagbag.py:545} INFO - Filling up the DagBag from /usr/local/python/3.10.13/lib/python3.10/site-packages/airflow/example_dags/tutorial.py
[2024-05-16T12:13:54.127+0000] {processor.py:840} INFO - DAG(s) 'tutorial' retrieved from /usr/local/python/3.10.13/lib/python3.10/site-packages/airflow/example_dags/tutorial.py
[2024-05-16T12:13:54.138+0000] {logging_mixin.py:188} INFO - [2024-05-16T12:13:54.138+0000] {dag.py:3096} INFO - Sync 1 DAGs
[2024-05-16T12:13:54.152+0000] {logging_mixin.py:188} INFO - [2024-05-16T12:13:54.152+0000] {dag.py:3954} INFO - Setting next_dagrun for tutorial to 2024-05-15 00:00:00+00:00, run_after=2024-05-16 00:00:00+00:00
[2024-05-16T12:13:54.200+0000] {processor.py:183} INFO - Processing /usr/local/python/3.10.13/lib/python3.10/site-packages/airflow/example_dags/tutorial.py took 0.084 seconds
[2024-05-16T12:14:35.853+0000] {processor.py:161} INFO - Started process (PID=10814) to work on /usr/local/python/3.10.13/lib/python3.10/site-packages/airflow/example_dags/tutorial.py
[2024-05-16T12:14:35.854+0000] {processor.py:830} INFO - Processing file /usr/local/python/3.10.13/lib/python3.10/site-packages/airflow/example_dags/tutorial.py for tasks to queue
[2024-05-16T12:14:35.855+0000] {logging_mixin.py:188} INFO - [2024-05-16T12:14:35.855+0000] {dagbag.py:545} INFO - Filling up the DagBag from /usr/local/python/3.10.13/lib/python3.10/site-packages/airflow/example_dags/tutorial.py
[2024-05-16T12:14:35.860+0000] {processor.py:840} INFO - DAG(s) 'tutorial' retrieved from /usr/local/python/3.10.13/lib/python3.10/site-packages/airflow/example_dags/tutorial.py
[2024-05-16T12:14:35.873+0000] {logging_mixin.py:188} INFO - [2024-05-16T12:14:35.873+0000] {dag.py:3096} INFO - Sync 1 DAGs
[2024-05-16T12:14:35.895+0000] {logging_mixin.py:188} INFO - [2024-05-16T12:14:35.895+0000] {dag.py:3954} INFO - Setting next_dagrun for tutorial to 2024-05-15 00:00:00+00:00, run_after=2024-05-16 00:00:00+00:00
[2024-05-16T12:14:35.948+0000] {processor.py:183} INFO - Processing /usr/local/python/3.10.13/lib/python3.10/site-packages/airflow/example_dags/tutorial.py took 0.099 seconds
[2024-05-16T12:15:18.888+0000] {processor.py:161} INFO - Started process (PID=11106) to work on /usr/local/python/3.10.13/lib/python3.10/site-packages/airflow/example_dags/tutorial.py
[2024-05-16T12:15:18.889+0000] {processor.py:830} INFO - Processing file /usr/local/python/3.10.13/lib/python3.10/site-packages/airflow/example_dags/tutorial.py for tasks to queue
[2024-05-16T12:15:18.890+0000] {logging_mixin.py:188} INFO - [2024-05-16T12:15:18.890+0000] {dagbag.py:545} INFO - Filling up the DagBag from /usr/local/python/3.10.13/lib/python3.10/site-packages/airflow/example_dags/tutorial.py
[2024-05-16T12:15:18.895+0000] {processor.py:840} INFO - DAG(s) 'tutorial' retrieved from /usr/local/python/3.10.13/lib/python3.10/site-packages/airflow/example_dags/tutorial.py
[2024-05-16T12:15:18.906+0000] {logging_mixin.py:188} INFO - [2024-05-16T12:15:18.906+0000] {dag.py:3096} INFO - Sync 1 DAGs
[2024-05-16T12:15:18.921+0000] {logging_mixin.py:188} INFO - [2024-05-16T12:15:18.921+0000] {dag.py:3954} INFO - Setting next_dagrun for tutorial to 2024-05-15 00:00:00+00:00, run_after=2024-05-16 00:00:00+00:00
[2024-05-16T12:15:18.971+0000] {processor.py:183} INFO - Processing /usr/local/python/3.10.13/lib/python3.10/site-packages/airflow/example_dags/tutorial.py took 0.088 seconds
[2024-05-16T12:16:01.611+0000] {processor.py:161} INFO - Started process (PID=11443) to work on /usr/local/python/3.10.13/lib/python3.10/site-packages/airflow/example_dags/tutorial.py
[2024-05-16T12:16:01.612+0000] {processor.py:830} INFO - Processing file /usr/local/python/3.10.13/lib/python3.10/site-packages/airflow/example_dags/tutorial.py for tasks to queue
[2024-05-16T12:16:01.614+0000] {logging_mixin.py:188} INFO - [2024-05-16T12:16:01.613+0000] {dagbag.py:545} INFO - Filling up the DagBag from /usr/local/python/3.10.13/lib/python3.10/site-packages/airflow/example_dags/tutorial.py
[2024-05-16T12:16:01.618+0000] {processor.py:840} INFO - DAG(s) 'tutorial' retrieved from /usr/local/python/3.10.13/lib/python3.10/site-packages/airflow/example_dags/tutorial.py
[2024-05-16T12:16:01.629+0000] {logging_mixin.py:188} INFO - [2024-05-16T12:16:01.629+0000] {dag.py:3096} INFO - Sync 1 DAGs
[2024-05-16T12:16:01.643+0000] {logging_mixin.py:188} INFO - [2024-05-16T12:16:01.643+0000] {dag.py:3954} INFO - Setting next_dagrun for tutorial to 2024-05-15 00:00:00+00:00, run_after=2024-05-16 00:00:00+00:00
[2024-05-16T12:16:01.691+0000] {processor.py:183} INFO - Processing /usr/local/python/3.10.13/lib/python3.10/site-packages/airflow/example_dags/tutorial.py took 0.084 seconds
[2024-05-16T12:16:45.867+0000] {processor.py:161} INFO - Started process (PID=11758) to work on /usr/local/python/3.10.13/lib/python3.10/site-packages/airflow/example_dags/tutorial.py
[2024-05-16T12:16:45.868+0000] {processor.py:830} INFO - Processing file /usr/local/python/3.10.13/lib/python3.10/site-packages/airflow/example_dags/tutorial.py for tasks to queue
[2024-05-16T12:16:45.870+0000] {logging_mixin.py:188} INFO - [2024-05-16T12:16:45.869+0000] {dagbag.py:545} INFO - Filling up the DagBag from /usr/local/python/3.10.13/lib/python3.10/site-packages/airflow/example_dags/tutorial.py
[2024-05-16T12:16:45.875+0000] {processor.py:840} INFO - DAG(s) 'tutorial' retrieved from /usr/local/python/3.10.13/lib/python3.10/site-packages/airflow/example_dags/tutorial.py
[2024-05-16T12:16:45.886+0000] {logging_mixin.py:188} INFO - [2024-05-16T12:16:45.886+0000] {dag.py:3096} INFO - Sync 1 DAGs
[2024-05-16T12:16:45.900+0000] {logging_mixin.py:188} INFO - [2024-05-16T12:16:45.900+0000] {dag.py:3954} INFO - Setting next_dagrun for tutorial to 2024-05-15 00:00:00+00:00, run_after=2024-05-16 00:00:00+00:00
[2024-05-16T12:16:45.947+0000] {processor.py:183} INFO - Processing /usr/local/python/3.10.13/lib/python3.10/site-packages/airflow/example_dags/tutorial.py took 0.087 seconds
[2024-05-16T12:17:27.444+0000] {processor.py:161} INFO - Started process (PID=12060) to work on /usr/local/python/3.10.13/lib/python3.10/site-packages/airflow/example_dags/tutorial.py
[2024-05-16T12:17:27.445+0000] {processor.py:830} INFO - Processing file /usr/local/python/3.10.13/lib/python3.10/site-packages/airflow/example_dags/tutorial.py for tasks to queue
[2024-05-16T12:17:27.446+0000] {logging_mixin.py:188} INFO - [2024-05-16T12:17:27.446+0000] {dagbag.py:545} INFO - Filling up the DagBag from /usr/local/python/3.10.13/lib/python3.10/site-packages/airflow/example_dags/tutorial.py
[2024-05-16T12:17:27.450+0000] {processor.py:840} INFO - DAG(s) 'tutorial' retrieved from /usr/local/python/3.10.13/lib/python3.10/site-packages/airflow/example_dags/tutorial.py
[2024-05-16T12:17:27.462+0000] {logging_mixin.py:188} INFO - [2024-05-16T12:17:27.462+0000] {dag.py:3096} INFO - Sync 1 DAGs
[2024-05-16T12:17:27.477+0000] {logging_mixin.py:188} INFO - [2024-05-16T12:17:27.476+0000] {dag.py:3954} INFO - Setting next_dagrun for tutorial to 2024-05-15 00:00:00+00:00, run_after=2024-05-16 00:00:00+00:00
[2024-05-16T12:17:27.524+0000] {processor.py:183} INFO - Processing /usr/local/python/3.10.13/lib/python3.10/site-packages/airflow/example_dags/tutorial.py took 0.085 seconds
[2024-05-16T12:18:08.790+0000] {processor.py:161} INFO - Started process (PID=12348) to work on /usr/local/python/3.10.13/lib/python3.10/site-packages/airflow/example_dags/tutorial.py
[2024-05-16T12:18:08.790+0000] {processor.py:830} INFO - Processing file /usr/local/python/3.10.13/lib/python3.10/site-packages/airflow/example_dags/tutorial.py for tasks to queue
[2024-05-16T12:18:08.792+0000] {logging_mixin.py:188} INFO - [2024-05-16T12:18:08.791+0000] {dagbag.py:545} INFO - Filling up the DagBag from /usr/local/python/3.10.13/lib/python3.10/site-packages/airflow/example_dags/tutorial.py
[2024-05-16T12:18:08.796+0000] {processor.py:840} INFO - DAG(s) 'tutorial' retrieved from /usr/local/python/3.10.13/lib/python3.10/site-packages/airflow/example_dags/tutorial.py
[2024-05-16T12:18:08.807+0000] {logging_mixin.py:188} INFO - [2024-05-16T12:18:08.807+0000] {dag.py:3096} INFO - Sync 1 DAGs
[2024-05-16T12:18:08.824+0000] {logging_mixin.py:188} INFO - [2024-05-16T12:18:08.824+0000] {dag.py:3954} INFO - Setting next_dagrun for tutorial to 2024-05-15 00:00:00+00:00, run_after=2024-05-16 00:00:00+00:00
[2024-05-16T12:18:08.868+0000] {processor.py:183} INFO - Processing /usr/local/python/3.10.13/lib/python3.10/site-packages/airflow/example_dags/tutorial.py took 0.083 seconds
[2024-05-16T12:18:49.992+0000] {processor.py:161} INFO - Started process (PID=12648) to work on /usr/local/python/3.10.13/lib/python3.10/site-packages/airflow/example_dags/tutorial.py
[2024-05-16T12:18:49.992+0000] {processor.py:830} INFO - Processing file /usr/local/python/3.10.13/lib/python3.10/site-packages/airflow/example_dags/tutorial.py for tasks to queue
[2024-05-16T12:18:49.994+0000] {logging_mixin.py:188} INFO - [2024-05-16T12:18:49.993+0000] {dagbag.py:545} INFO - Filling up the DagBag from /usr/local/python/3.10.13/lib/python3.10/site-packages/airflow/example_dags/tutorial.py
[2024-05-16T12:18:49.999+0000] {processor.py:840} INFO - DAG(s) 'tutorial' retrieved from /usr/local/python/3.10.13/lib/python3.10/site-packages/airflow/example_dags/tutorial.py
[2024-05-16T12:18:50.010+0000] {logging_mixin.py:188} INFO - [2024-05-16T12:18:50.010+0000] {dag.py:3096} INFO - Sync 1 DAGs
[2024-05-16T12:18:50.025+0000] {logging_mixin.py:188} INFO - [2024-05-16T12:18:50.025+0000] {dag.py:3954} INFO - Setting next_dagrun for tutorial to 2024-05-15 00:00:00+00:00, run_after=2024-05-16 00:00:00+00:00
[2024-05-16T12:18:50.069+0000] {processor.py:183} INFO - Processing /usr/local/python/3.10.13/lib/python3.10/site-packages/airflow/example_dags/tutorial.py took 0.082 seconds
[2024-05-16T12:19:32.854+0000] {processor.py:161} INFO - Started process (PID=12950) to work on /usr/local/python/3.10.13/lib/python3.10/site-packages/airflow/example_dags/tutorial.py
[2024-05-16T12:19:32.855+0000] {processor.py:830} INFO - Processing file /usr/local/python/3.10.13/lib/python3.10/site-packages/airflow/example_dags/tutorial.py for tasks to queue
[2024-05-16T12:19:32.857+0000] {logging_mixin.py:188} INFO - [2024-05-16T12:19:32.856+0000] {dagbag.py:545} INFO - Filling up the DagBag from /usr/local/python/3.10.13/lib/python3.10/site-packages/airflow/example_dags/tutorial.py
[2024-05-16T12:19:32.863+0000] {processor.py:840} INFO - DAG(s) 'tutorial' retrieved from /usr/local/python/3.10.13/lib/python3.10/site-packages/airflow/example_dags/tutorial.py
[2024-05-16T12:19:32.879+0000] {logging_mixin.py:188} INFO - [2024-05-16T12:19:32.879+0000] {dag.py:3096} INFO - Sync 1 DAGs
[2024-05-16T12:19:32.900+0000] {logging_mixin.py:188} INFO - [2024-05-16T12:19:32.900+0000] {dag.py:3954} INFO - Setting next_dagrun for tutorial to 2024-05-15 00:00:00+00:00, run_after=2024-05-16 00:00:00+00:00
[2024-05-16T12:19:32.965+0000] {processor.py:183} INFO - Processing /usr/local/python/3.10.13/lib/python3.10/site-packages/airflow/example_dags/tutorial.py took 0.117 seconds
[2024-05-16T12:20:14.277+0000] {processor.py:161} INFO - Started process (PID=13238) to work on /usr/local/python/3.10.13/lib/python3.10/site-packages/airflow/example_dags/tutorial.py
[2024-05-16T12:20:14.278+0000] {processor.py:830} INFO - Processing file /usr/local/python/3.10.13/lib/python3.10/site-packages/airflow/example_dags/tutorial.py for tasks to queue
[2024-05-16T12:20:14.280+0000] {logging_mixin.py:188} INFO - [2024-05-16T12:20:14.279+0000] {dagbag.py:545} INFO - Filling up the DagBag from /usr/local/python/3.10.13/lib/python3.10/site-packages/airflow/example_dags/tutorial.py
[2024-05-16T12:20:14.286+0000] {processor.py:840} INFO - DAG(s) 'tutorial' retrieved from /usr/local/python/3.10.13/lib/python3.10/site-packages/airflow/example_dags/tutorial.py
[2024-05-16T12:20:14.299+0000] {logging_mixin.py:188} INFO - [2024-05-16T12:20:14.298+0000] {dag.py:3096} INFO - Sync 1 DAGs
[2024-05-16T12:20:14.314+0000] {logging_mixin.py:188} INFO - [2024-05-16T12:20:14.314+0000] {dag.py:3954} INFO - Setting next_dagrun for tutorial to 2024-05-15 00:00:00+00:00, run_after=2024-05-16 00:00:00+00:00
[2024-05-16T12:20:14.361+0000] {processor.py:183} INFO - Processing /usr/local/python/3.10.13/lib/python3.10/site-packages/airflow/example_dags/tutorial.py took 0.091 seconds
[2024-05-16T12:20:55.862+0000] {processor.py:161} INFO - Started process (PID=13554) to work on /usr/local/python/3.10.13/lib/python3.10/site-packages/airflow/example_dags/tutorial.py
[2024-05-16T12:20:55.863+0000] {processor.py:830} INFO - Processing file /usr/local/python/3.10.13/lib/python3.10/site-packages/airflow/example_dags/tutorial.py for tasks to queue
[2024-05-16T12:20:55.865+0000] {logging_mixin.py:188} INFO - [2024-05-16T12:20:55.864+0000] {dagbag.py:545} INFO - Filling up the DagBag from /usr/local/python/3.10.13/lib/python3.10/site-packages/airflow/example_dags/tutorial.py
[2024-05-16T12:20:55.871+0000] {processor.py:840} INFO - DAG(s) 'tutorial' retrieved from /usr/local/python/3.10.13/lib/python3.10/site-packages/airflow/example_dags/tutorial.py
[2024-05-16T12:20:55.882+0000] {logging_mixin.py:188} INFO - [2024-05-16T12:20:55.882+0000] {dag.py:3096} INFO - Sync 1 DAGs
[2024-05-16T12:20:55.899+0000] {logging_mixin.py:188} INFO - [2024-05-16T12:20:55.898+0000] {dag.py:3954} INFO - Setting next_dagrun for tutorial to 2024-05-15 00:00:00+00:00, run_after=2024-05-16 00:00:00+00:00
[2024-05-16T12:20:55.943+0000] {processor.py:183} INFO - Processing /usr/local/python/3.10.13/lib/python3.10/site-packages/airflow/example_dags/tutorial.py took 0.088 seconds
[2024-05-16T12:21:39.595+0000] {processor.py:161} INFO - Started process (PID=13856) to work on /usr/local/python/3.10.13/lib/python3.10/site-packages/airflow/example_dags/tutorial.py
[2024-05-16T12:21:39.596+0000] {processor.py:830} INFO - Processing file /usr/local/python/3.10.13/lib/python3.10/site-packages/airflow/example_dags/tutorial.py for tasks to queue
[2024-05-16T12:21:39.597+0000] {logging_mixin.py:188} INFO - [2024-05-16T12:21:39.597+0000] {dagbag.py:545} INFO - Filling up the DagBag from /usr/local/python/3.10.13/lib/python3.10/site-packages/airflow/example_dags/tutorial.py
[2024-05-16T12:21:39.602+0000] {processor.py:840} INFO - DAG(s) 'tutorial' retrieved from /usr/local/python/3.10.13/lib/python3.10/site-packages/airflow/example_dags/tutorial.py
[2024-05-16T12:21:39.613+0000] {logging_mixin.py:188} INFO - [2024-05-16T12:21:39.613+0000] {dag.py:3096} INFO - Sync 1 DAGs
[2024-05-16T12:21:39.628+0000] {logging_mixin.py:188} INFO - [2024-05-16T12:21:39.627+0000] {dag.py:3954} INFO - Setting next_dagrun for tutorial to 2024-05-15 00:00:00+00:00, run_after=2024-05-16 00:00:00+00:00
[2024-05-16T12:21:39.678+0000] {processor.py:183} INFO - Processing /usr/local/python/3.10.13/lib/python3.10/site-packages/airflow/example_dags/tutorial.py took 0.087 seconds
[2024-05-16T12:22:22.812+0000] {processor.py:161} INFO - Started process (PID=14176) to work on /usr/local/python/3.10.13/lib/python3.10/site-packages/airflow/example_dags/tutorial.py
[2024-05-16T12:22:22.813+0000] {processor.py:830} INFO - Processing file /usr/local/python/3.10.13/lib/python3.10/site-packages/airflow/example_dags/tutorial.py for tasks to queue
[2024-05-16T12:22:22.815+0000] {logging_mixin.py:188} INFO - [2024-05-16T12:22:22.814+0000] {dagbag.py:545} INFO - Filling up the DagBag from /usr/local/python/3.10.13/lib/python3.10/site-packages/airflow/example_dags/tutorial.py
[2024-05-16T12:22:22.819+0000] {processor.py:840} INFO - DAG(s) 'tutorial' retrieved from /usr/local/python/3.10.13/lib/python3.10/site-packages/airflow/example_dags/tutorial.py
[2024-05-16T12:22:22.830+0000] {logging_mixin.py:188} INFO - [2024-05-16T12:22:22.830+0000] {dag.py:3096} INFO - Sync 1 DAGs
[2024-05-16T12:22:22.849+0000] {logging_mixin.py:188} INFO - [2024-05-16T12:22:22.848+0000] {dag.py:3954} INFO - Setting next_dagrun for tutorial to 2024-05-15 00:00:00+00:00, run_after=2024-05-16 00:00:00+00:00
[2024-05-16T12:22:22.894+0000] {processor.py:183} INFO - Processing /usr/local/python/3.10.13/lib/python3.10/site-packages/airflow/example_dags/tutorial.py took 0.086 seconds
[2024-05-16T12:23:07.363+0000] {processor.py:161} INFO - Started process (PID=14499) to work on /usr/local/python/3.10.13/lib/python3.10/site-packages/airflow/example_dags/tutorial.py
[2024-05-16T12:23:07.363+0000] {processor.py:830} INFO - Processing file /usr/local/python/3.10.13/lib/python3.10/site-packages/airflow/example_dags/tutorial.py for tasks to queue
[2024-05-16T12:23:07.365+0000] {logging_mixin.py:188} INFO - [2024-05-16T12:23:07.364+0000] {dagbag.py:545} INFO - Filling up the DagBag from /usr/local/python/3.10.13/lib/python3.10/site-packages/airflow/example_dags/tutorial.py
[2024-05-16T12:23:07.370+0000] {processor.py:840} INFO - DAG(s) 'tutorial' retrieved from /usr/local/python/3.10.13/lib/python3.10/site-packages/airflow/example_dags/tutorial.py
[2024-05-16T12:23:07.381+0000] {logging_mixin.py:188} INFO - [2024-05-16T12:23:07.381+0000] {dag.py:3096} INFO - Sync 1 DAGs
[2024-05-16T12:23:07.397+0000] {logging_mixin.py:188} INFO - [2024-05-16T12:23:07.396+0000] {dag.py:3954} INFO - Setting next_dagrun for tutorial to 2024-05-15 00:00:00+00:00, run_after=2024-05-16 00:00:00+00:00
[2024-05-16T12:23:07.454+0000] {processor.py:183} INFO - Processing /usr/local/python/3.10.13/lib/python3.10/site-packages/airflow/example_dags/tutorial.py took 0.097 seconds
[2024-05-16T12:23:51.913+0000] {processor.py:161} INFO - Started process (PID=14843) to work on /usr/local/python/3.10.13/lib/python3.10/site-packages/airflow/example_dags/tutorial.py
[2024-05-16T12:23:51.914+0000] {processor.py:830} INFO - Processing file /usr/local/python/3.10.13/lib/python3.10/site-packages/airflow/example_dags/tutorial.py for tasks to queue
[2024-05-16T12:23:51.916+0000] {logging_mixin.py:188} INFO - [2024-05-16T12:23:51.916+0000] {dagbag.py:545} INFO - Filling up the DagBag from /usr/local/python/3.10.13/lib/python3.10/site-packages/airflow/example_dags/tutorial.py
[2024-05-16T12:23:51.923+0000] {processor.py:840} INFO - DAG(s) 'tutorial' retrieved from /usr/local/python/3.10.13/lib/python3.10/site-packages/airflow/example_dags/tutorial.py
[2024-05-16T12:23:51.940+0000] {logging_mixin.py:188} INFO - [2024-05-16T12:23:51.940+0000] {dag.py:3096} INFO - Sync 1 DAGs
[2024-05-16T12:23:51.960+0000] {logging_mixin.py:188} INFO - [2024-05-16T12:23:51.960+0000] {dag.py:3954} INFO - Setting next_dagrun for tutorial to 2024-05-15 00:00:00+00:00, run_after=2024-05-16 00:00:00+00:00
[2024-05-16T12:23:52.008+0000] {processor.py:183} INFO - Processing /usr/local/python/3.10.13/lib/python3.10/site-packages/airflow/example_dags/tutorial.py took 0.102 seconds
[2024-05-16T12:24:35.581+0000] {processor.py:161} INFO - Started process (PID=15164) to work on /usr/local/python/3.10.13/lib/python3.10/site-packages/airflow/example_dags/tutorial.py
[2024-05-16T12:24:35.582+0000] {processor.py:830} INFO - Processing file /usr/local/python/3.10.13/lib/python3.10/site-packages/airflow/example_dags/tutorial.py for tasks to queue
[2024-05-16T12:24:35.583+0000] {logging_mixin.py:188} INFO - [2024-05-16T12:24:35.583+0000] {dagbag.py:545} INFO - Filling up the DagBag from /usr/local/python/3.10.13/lib/python3.10/site-packages/airflow/example_dags/tutorial.py
[2024-05-16T12:24:35.588+0000] {processor.py:840} INFO - DAG(s) 'tutorial' retrieved from /usr/local/python/3.10.13/lib/python3.10/site-packages/airflow/example_dags/tutorial.py
[2024-05-16T12:24:35.599+0000] {logging_mixin.py:188} INFO - [2024-05-16T12:24:35.599+0000] {dag.py:3096} INFO - Sync 1 DAGs
[2024-05-16T12:24:35.614+0000] {logging_mixin.py:188} INFO - [2024-05-16T12:24:35.613+0000] {dag.py:3954} INFO - Setting next_dagrun for tutorial to 2024-05-15 00:00:00+00:00, run_after=2024-05-16 00:00:00+00:00
[2024-05-16T12:24:35.660+0000] {processor.py:183} INFO - Processing /usr/local/python/3.10.13/lib/python3.10/site-packages/airflow/example_dags/tutorial.py took 0.083 seconds
[2024-05-16T12:25:14.883+0000] {processor.py:161} INFO - Started process (PID=15467) to work on /usr/local/python/3.10.13/lib/python3.10/site-packages/airflow/example_dags/tutorial.py
[2024-05-16T12:25:14.884+0000] {processor.py:830} INFO - Processing file /usr/local/python/3.10.13/lib/python3.10/site-packages/airflow/example_dags/tutorial.py for tasks to queue
[2024-05-16T12:25:14.885+0000] {logging_mixin.py:188} INFO - [2024-05-16T12:25:14.885+0000] {dagbag.py:545} INFO - Filling up the DagBag from /usr/local/python/3.10.13/lib/python3.10/site-packages/airflow/example_dags/tutorial.py
[2024-05-16T12:25:14.890+0000] {processor.py:840} INFO - DAG(s) 'tutorial' retrieved from /usr/local/python/3.10.13/lib/python3.10/site-packages/airflow/example_dags/tutorial.py
[2024-05-16T12:25:14.902+0000] {logging_mixin.py:188} INFO - [2024-05-16T12:25:14.901+0000] {dag.py:3096} INFO - Sync 1 DAGs
[2024-05-16T12:25:14.917+0000] {logging_mixin.py:188} INFO - [2024-05-16T12:25:14.917+0000] {dag.py:3954} INFO - Setting next_dagrun for tutorial to 2024-05-15 00:00:00+00:00, run_after=2024-05-16 00:00:00+00:00
[2024-05-16T12:25:14.965+0000] {processor.py:183} INFO - Processing /usr/local/python/3.10.13/lib/python3.10/site-packages/airflow/example_dags/tutorial.py took 0.086 seconds
[2024-05-16T12:25:54.941+0000] {processor.py:161} INFO - Started process (PID=15773) to work on /usr/local/python/3.10.13/lib/python3.10/site-packages/airflow/example_dags/tutorial.py
[2024-05-16T12:25:54.942+0000] {processor.py:830} INFO - Processing file /usr/local/python/3.10.13/lib/python3.10/site-packages/airflow/example_dags/tutorial.py for tasks to queue
[2024-05-16T12:25:54.943+0000] {logging_mixin.py:188} INFO - [2024-05-16T12:25:54.943+0000] {dagbag.py:545} INFO - Filling up the DagBag from /usr/local/python/3.10.13/lib/python3.10/site-packages/airflow/example_dags/tutorial.py
[2024-05-16T12:25:54.948+0000] {processor.py:840} INFO - DAG(s) 'tutorial' retrieved from /usr/local/python/3.10.13/lib/python3.10/site-packages/airflow/example_dags/tutorial.py
[2024-05-16T12:25:54.959+0000] {logging_mixin.py:188} INFO - [2024-05-16T12:25:54.959+0000] {dag.py:3096} INFO - Sync 1 DAGs
[2024-05-16T12:25:54.974+0000] {logging_mixin.py:188} INFO - [2024-05-16T12:25:54.974+0000] {dag.py:3954} INFO - Setting next_dagrun for tutorial to 2024-05-15 00:00:00+00:00, run_after=2024-05-16 00:00:00+00:00
[2024-05-16T12:25:55.021+0000] {processor.py:183} INFO - Processing /usr/local/python/3.10.13/lib/python3.10/site-packages/airflow/example_dags/tutorial.py took 0.086 seconds
[2024-05-16T12:26:34.880+0000] {processor.py:161} INFO - Started process (PID=16065) to work on /usr/local/python/3.10.13/lib/python3.10/site-packages/airflow/example_dags/tutorial.py
[2024-05-16T12:26:34.880+0000] {processor.py:830} INFO - Processing file /usr/local/python/3.10.13/lib/python3.10/site-packages/airflow/example_dags/tutorial.py for tasks to queue
[2024-05-16T12:26:34.882+0000] {logging_mixin.py:188} INFO - [2024-05-16T12:26:34.881+0000] {dagbag.py:545} INFO - Filling up the DagBag from /usr/local/python/3.10.13/lib/python3.10/site-packages/airflow/example_dags/tutorial.py
[2024-05-16T12:26:34.886+0000] {processor.py:840} INFO - DAG(s) 'tutorial' retrieved from /usr/local/python/3.10.13/lib/python3.10/site-packages/airflow/example_dags/tutorial.py
[2024-05-16T12:26:34.897+0000] {logging_mixin.py:188} INFO - [2024-05-16T12:26:34.897+0000] {dag.py:3096} INFO - Sync 1 DAGs
[2024-05-16T12:26:34.912+0000] {logging_mixin.py:188} INFO - [2024-05-16T12:26:34.911+0000] {dag.py:3954} INFO - Setting next_dagrun for tutorial to 2024-05-15 00:00:00+00:00, run_after=2024-05-16 00:00:00+00:00
[2024-05-16T12:26:34.959+0000] {processor.py:183} INFO - Processing /usr/local/python/3.10.13/lib/python3.10/site-packages/airflow/example_dags/tutorial.py took 0.084 seconds
[2024-05-16T12:27:18.841+0000] {processor.py:161} INFO - Started process (PID=16393) to work on /usr/local/python/3.10.13/lib/python3.10/site-packages/airflow/example_dags/tutorial.py
[2024-05-16T12:27:18.842+0000] {processor.py:830} INFO - Processing file /usr/local/python/3.10.13/lib/python3.10/site-packages/airflow/example_dags/tutorial.py for tasks to queue
[2024-05-16T12:27:18.843+0000] {logging_mixin.py:188} INFO - [2024-05-16T12:27:18.843+0000] {dagbag.py:545} INFO - Filling up the DagBag from /usr/local/python/3.10.13/lib/python3.10/site-packages/airflow/example_dags/tutorial.py
[2024-05-16T12:27:18.848+0000] {processor.py:840} INFO - DAG(s) 'tutorial' retrieved from /usr/local/python/3.10.13/lib/python3.10/site-packages/airflow/example_dags/tutorial.py
[2024-05-16T12:27:18.860+0000] {logging_mixin.py:188} INFO - [2024-05-16T12:27:18.860+0000] {dag.py:3096} INFO - Sync 1 DAGs
[2024-05-16T12:27:18.877+0000] {logging_mixin.py:188} INFO - [2024-05-16T12:27:18.877+0000] {dag.py:3954} INFO - Setting next_dagrun for tutorial to 2024-05-15 00:00:00+00:00, run_after=2024-05-16 00:00:00+00:00
[2024-05-16T12:27:18.923+0000] {processor.py:183} INFO - Processing /usr/local/python/3.10.13/lib/python3.10/site-packages/airflow/example_dags/tutorial.py took 0.087 seconds
[2024-05-16T12:28:01.970+0000] {processor.py:161} INFO - Started process (PID=16699) to work on /usr/local/python/3.10.13/lib/python3.10/site-packages/airflow/example_dags/tutorial.py
[2024-05-16T12:28:01.971+0000] {processor.py:830} INFO - Processing file /usr/local/python/3.10.13/lib/python3.10/site-packages/airflow/example_dags/tutorial.py for tasks to queue
[2024-05-16T12:28:01.972+0000] {logging_mixin.py:188} INFO - [2024-05-16T12:28:01.972+0000] {dagbag.py:545} INFO - Filling up the DagBag from /usr/local/python/3.10.13/lib/python3.10/site-packages/airflow/example_dags/tutorial.py
[2024-05-16T12:28:01.977+0000] {processor.py:840} INFO - DAG(s) 'tutorial' retrieved from /usr/local/python/3.10.13/lib/python3.10/site-packages/airflow/example_dags/tutorial.py
[2024-05-16T12:28:01.989+0000] {logging_mixin.py:188} INFO - [2024-05-16T12:28:01.988+0000] {dag.py:3096} INFO - Sync 1 DAGs
[2024-05-16T12:28:02.003+0000] {logging_mixin.py:188} INFO - [2024-05-16T12:28:02.003+0000] {dag.py:3954} INFO - Setting next_dagrun for tutorial to 2024-05-15 00:00:00+00:00, run_after=2024-05-16 00:00:00+00:00
[2024-05-16T12:28:02.050+0000] {processor.py:183} INFO - Processing /usr/local/python/3.10.13/lib/python3.10/site-packages/airflow/example_dags/tutorial.py took 0.084 seconds
[2024-05-16T12:28:43.069+0000] {processor.py:161} INFO - Started process (PID=17002) to work on /usr/local/python/3.10.13/lib/python3.10/site-packages/airflow/example_dags/tutorial.py
[2024-05-16T12:28:43.069+0000] {processor.py:830} INFO - Processing file /usr/local/python/3.10.13/lib/python3.10/site-packages/airflow/example_dags/tutorial.py for tasks to queue
[2024-05-16T12:28:43.071+0000] {logging_mixin.py:188} INFO - [2024-05-16T12:28:43.070+0000] {dagbag.py:545} INFO - Filling up the DagBag from /usr/local/python/3.10.13/lib/python3.10/site-packages/airflow/example_dags/tutorial.py
[2024-05-16T12:28:43.077+0000] {processor.py:840} INFO - DAG(s) 'tutorial' retrieved from /usr/local/python/3.10.13/lib/python3.10/site-packages/airflow/example_dags/tutorial.py
[2024-05-16T12:28:43.094+0000] {logging_mixin.py:188} INFO - [2024-05-16T12:28:43.094+0000] {dag.py:3096} INFO - Sync 1 DAGs
[2024-05-16T12:28:43.110+0000] {logging_mixin.py:188} INFO - [2024-05-16T12:28:43.110+0000] {dag.py:3954} INFO - Setting next_dagrun for tutorial to 2024-05-15 00:00:00+00:00, run_after=2024-05-16 00:00:00+00:00
[2024-05-16T12:28:43.155+0000] {processor.py:183} INFO - Processing /usr/local/python/3.10.13/lib/python3.10/site-packages/airflow/example_dags/tutorial.py took 0.091 seconds
[2024-05-16T12:29:25.669+0000] {processor.py:161} INFO - Started process (PID=17317) to work on /usr/local/python/3.10.13/lib/python3.10/site-packages/airflow/example_dags/tutorial.py
[2024-05-16T12:29:25.670+0000] {processor.py:830} INFO - Processing file /usr/local/python/3.10.13/lib/python3.10/site-packages/airflow/example_dags/tutorial.py for tasks to queue
[2024-05-16T12:29:25.671+0000] {logging_mixin.py:188} INFO - [2024-05-16T12:29:25.671+0000] {dagbag.py:545} INFO - Filling up the DagBag from /usr/local/python/3.10.13/lib/python3.10/site-packages/airflow/example_dags/tutorial.py
[2024-05-16T12:29:25.676+0000] {processor.py:840} INFO - DAG(s) 'tutorial' retrieved from /usr/local/python/3.10.13/lib/python3.10/site-packages/airflow/example_dags/tutorial.py
[2024-05-16T12:29:25.687+0000] {logging_mixin.py:188} INFO - [2024-05-16T12:29:25.687+0000] {dag.py:3096} INFO - Sync 1 DAGs
[2024-05-16T12:29:25.703+0000] {logging_mixin.py:188} INFO - [2024-05-16T12:29:25.702+0000] {dag.py:3954} INFO - Setting next_dagrun for tutorial to 2024-05-15 00:00:00+00:00, run_after=2024-05-16 00:00:00+00:00
[2024-05-16T12:29:25.759+0000] {processor.py:183} INFO - Processing /usr/local/python/3.10.13/lib/python3.10/site-packages/airflow/example_dags/tutorial.py took 0.095 seconds
[2024-05-16T12:30:08.800+0000] {processor.py:161} INFO - Started process (PID=17637) to work on /usr/local/python/3.10.13/lib/python3.10/site-packages/airflow/example_dags/tutorial.py
[2024-05-16T12:30:08.801+0000] {processor.py:830} INFO - Processing file /usr/local/python/3.10.13/lib/python3.10/site-packages/airflow/example_dags/tutorial.py for tasks to queue
[2024-05-16T12:30:08.803+0000] {logging_mixin.py:188} INFO - [2024-05-16T12:30:08.803+0000] {dagbag.py:545} INFO - Filling up the DagBag from /usr/local/python/3.10.13/lib/python3.10/site-packages/airflow/example_dags/tutorial.py
[2024-05-16T12:30:08.809+0000] {processor.py:840} INFO - DAG(s) 'tutorial' retrieved from /usr/local/python/3.10.13/lib/python3.10/site-packages/airflow/example_dags/tutorial.py
[2024-05-16T12:30:08.826+0000] {logging_mixin.py:188} INFO - [2024-05-16T12:30:08.825+0000] {dag.py:3096} INFO - Sync 1 DAGs
[2024-05-16T12:30:08.847+0000] {logging_mixin.py:188} INFO - [2024-05-16T12:30:08.847+0000] {dag.py:3954} INFO - Setting next_dagrun for tutorial to 2024-05-15 00:00:00+00:00, run_after=2024-05-16 00:00:00+00:00
[2024-05-16T12:30:08.893+0000] {processor.py:183} INFO - Processing /usr/local/python/3.10.13/lib/python3.10/site-packages/airflow/example_dags/tutorial.py took 0.103 seconds
[2024-05-16T12:30:52.023+0000] {processor.py:161} INFO - Started process (PID=17931) to work on /usr/local/python/3.10.13/lib/python3.10/site-packages/airflow/example_dags/tutorial.py
[2024-05-16T12:30:52.024+0000] {processor.py:830} INFO - Processing file /usr/local/python/3.10.13/lib/python3.10/site-packages/airflow/example_dags/tutorial.py for tasks to queue
[2024-05-16T12:30:52.025+0000] {logging_mixin.py:188} INFO - [2024-05-16T12:30:52.025+0000] {dagbag.py:545} INFO - Filling up the DagBag from /usr/local/python/3.10.13/lib/python3.10/site-packages/airflow/example_dags/tutorial.py
[2024-05-16T12:30:52.030+0000] {processor.py:840} INFO - DAG(s) 'tutorial' retrieved from /usr/local/python/3.10.13/lib/python3.10/site-packages/airflow/example_dags/tutorial.py
[2024-05-16T12:30:52.042+0000] {logging_mixin.py:188} INFO - [2024-05-16T12:30:52.042+0000] {dag.py:3096} INFO - Sync 1 DAGs
[2024-05-16T12:30:52.057+0000] {logging_mixin.py:188} INFO - [2024-05-16T12:30:52.057+0000] {dag.py:3954} INFO - Setting next_dagrun for tutorial to 2024-05-15 00:00:00+00:00, run_after=2024-05-16 00:00:00+00:00
[2024-05-16T12:30:52.106+0000] {processor.py:183} INFO - Processing /usr/local/python/3.10.13/lib/python3.10/site-packages/airflow/example_dags/tutorial.py took 0.088 seconds
[2024-05-16T12:31:36.905+0000] {processor.py:161} INFO - Started process (PID=18251) to work on /usr/local/python/3.10.13/lib/python3.10/site-packages/airflow/example_dags/tutorial.py
[2024-05-16T12:31:36.905+0000] {processor.py:830} INFO - Processing file /usr/local/python/3.10.13/lib/python3.10/site-packages/airflow/example_dags/tutorial.py for tasks to queue
[2024-05-16T12:31:36.907+0000] {logging_mixin.py:188} INFO - [2024-05-16T12:31:36.906+0000] {dagbag.py:545} INFO - Filling up the DagBag from /usr/local/python/3.10.13/lib/python3.10/site-packages/airflow/example_dags/tutorial.py
[2024-05-16T12:31:36.911+0000] {processor.py:840} INFO - DAG(s) 'tutorial' retrieved from /usr/local/python/3.10.13/lib/python3.10/site-packages/airflow/example_dags/tutorial.py
[2024-05-16T12:31:36.924+0000] {logging_mixin.py:188} INFO - [2024-05-16T12:31:36.924+0000] {dag.py:3096} INFO - Sync 1 DAGs
[2024-05-16T12:31:36.941+0000] {logging_mixin.py:188} INFO - [2024-05-16T12:31:36.940+0000] {dag.py:3954} INFO - Setting next_dagrun for tutorial to 2024-05-15 00:00:00+00:00, run_after=2024-05-16 00:00:00+00:00
[2024-05-16T12:31:36.992+0000] {processor.py:183} INFO - Processing /usr/local/python/3.10.13/lib/python3.10/site-packages/airflow/example_dags/tutorial.py took 0.093 seconds
[2024-05-16T12:32:17.841+0000] {processor.py:161} INFO - Started process (PID=18549) to work on /usr/local/python/3.10.13/lib/python3.10/site-packages/airflow/example_dags/tutorial.py
[2024-05-16T12:32:17.842+0000] {processor.py:830} INFO - Processing file /usr/local/python/3.10.13/lib/python3.10/site-packages/airflow/example_dags/tutorial.py for tasks to queue
[2024-05-16T12:32:17.844+0000] {logging_mixin.py:188} INFO - [2024-05-16T12:32:17.844+0000] {dagbag.py:545} INFO - Filling up the DagBag from /usr/local/python/3.10.13/lib/python3.10/site-packages/airflow/example_dags/tutorial.py
[2024-05-16T12:32:17.851+0000] {processor.py:840} INFO - DAG(s) 'tutorial' retrieved from /usr/local/python/3.10.13/lib/python3.10/site-packages/airflow/example_dags/tutorial.py
[2024-05-16T12:32:17.868+0000] {logging_mixin.py:188} INFO - [2024-05-16T12:32:17.868+0000] {dag.py:3096} INFO - Sync 1 DAGs
[2024-05-16T12:32:17.892+0000] {logging_mixin.py:188} INFO - [2024-05-16T12:32:17.892+0000] {dag.py:3954} INFO - Setting next_dagrun for tutorial to 2024-05-15 00:00:00+00:00, run_after=2024-05-16 00:00:00+00:00
[2024-05-16T12:32:17.948+0000] {processor.py:183} INFO - Processing /usr/local/python/3.10.13/lib/python3.10/site-packages/airflow/example_dags/tutorial.py took 0.115 seconds
[2024-05-16T12:32:58.592+0000] {processor.py:161} INFO - Started process (PID=18840) to work on /usr/local/python/3.10.13/lib/python3.10/site-packages/airflow/example_dags/tutorial.py
[2024-05-16T12:32:58.593+0000] {processor.py:830} INFO - Processing file /usr/local/python/3.10.13/lib/python3.10/site-packages/airflow/example_dags/tutorial.py for tasks to queue
[2024-05-16T12:32:58.594+0000] {logging_mixin.py:188} INFO - [2024-05-16T12:32:58.594+0000] {dagbag.py:545} INFO - Filling up the DagBag from /usr/local/python/3.10.13/lib/python3.10/site-packages/airflow/example_dags/tutorial.py
[2024-05-16T12:32:58.598+0000] {processor.py:840} INFO - DAG(s) 'tutorial' retrieved from /usr/local/python/3.10.13/lib/python3.10/site-packages/airflow/example_dags/tutorial.py
[2024-05-16T12:32:58.611+0000] {logging_mixin.py:188} INFO - [2024-05-16T12:32:58.611+0000] {dag.py:3096} INFO - Sync 1 DAGs
[2024-05-16T12:32:58.633+0000] {logging_mixin.py:188} INFO - [2024-05-16T12:32:58.633+0000] {dag.py:3954} INFO - Setting next_dagrun for tutorial to 2024-05-15 00:00:00+00:00, run_after=2024-05-16 00:00:00+00:00
[2024-05-16T12:32:58.687+0000] {processor.py:183} INFO - Processing /usr/local/python/3.10.13/lib/python3.10/site-packages/airflow/example_dags/tutorial.py took 0.099 seconds
[2024-05-16T12:33:39.448+0000] {processor.py:161} INFO - Started process (PID=19147) to work on /usr/local/python/3.10.13/lib/python3.10/site-packages/airflow/example_dags/tutorial.py
[2024-05-16T12:33:39.449+0000] {processor.py:830} INFO - Processing file /usr/local/python/3.10.13/lib/python3.10/site-packages/airflow/example_dags/tutorial.py for tasks to queue
[2024-05-16T12:33:39.451+0000] {logging_mixin.py:188} INFO - [2024-05-16T12:33:39.451+0000] {dagbag.py:545} INFO - Filling up the DagBag from /usr/local/python/3.10.13/lib/python3.10/site-packages/airflow/example_dags/tutorial.py
[2024-05-16T12:33:39.458+0000] {processor.py:840} INFO - DAG(s) 'tutorial' retrieved from /usr/local/python/3.10.13/lib/python3.10/site-packages/airflow/example_dags/tutorial.py
[2024-05-16T12:33:39.479+0000] {logging_mixin.py:188} INFO - [2024-05-16T12:33:39.478+0000] {dag.py:3096} INFO - Sync 1 DAGs
[2024-05-16T12:33:39.504+0000] {logging_mixin.py:188} INFO - [2024-05-16T12:33:39.503+0000] {dag.py:3954} INFO - Setting next_dagrun for tutorial to 2024-05-15 00:00:00+00:00, run_after=2024-05-16 00:00:00+00:00
[2024-05-16T12:33:39.558+0000] {processor.py:183} INFO - Processing /usr/local/python/3.10.13/lib/python3.10/site-packages/airflow/example_dags/tutorial.py took 0.116 seconds
[2024-05-16T12:34:23.913+0000] {processor.py:161} INFO - Started process (PID=19484) to work on /usr/local/python/3.10.13/lib/python3.10/site-packages/airflow/example_dags/tutorial.py
[2024-05-16T12:34:23.914+0000] {processor.py:830} INFO - Processing file /usr/local/python/3.10.13/lib/python3.10/site-packages/airflow/example_dags/tutorial.py for tasks to queue
[2024-05-16T12:34:23.915+0000] {logging_mixin.py:188} INFO - [2024-05-16T12:34:23.915+0000] {dagbag.py:545} INFO - Filling up the DagBag from /usr/local/python/3.10.13/lib/python3.10/site-packages/airflow/example_dags/tutorial.py
[2024-05-16T12:34:23.920+0000] {processor.py:840} INFO - DAG(s) 'tutorial' retrieved from /usr/local/python/3.10.13/lib/python3.10/site-packages/airflow/example_dags/tutorial.py
[2024-05-16T12:34:23.931+0000] {logging_mixin.py:188} INFO - [2024-05-16T12:34:23.931+0000] {dag.py:3096} INFO - Sync 1 DAGs
[2024-05-16T12:34:23.946+0000] {logging_mixin.py:188} INFO - [2024-05-16T12:34:23.946+0000] {dag.py:3954} INFO - Setting next_dagrun for tutorial to 2024-05-15 00:00:00+00:00, run_after=2024-05-16 00:00:00+00:00
[2024-05-16T12:34:23.995+0000] {processor.py:183} INFO - Processing /usr/local/python/3.10.13/lib/python3.10/site-packages/airflow/example_dags/tutorial.py took 0.087 seconds
[2024-05-16T12:35:06.160+0000] {processor.py:161} INFO - Started process (PID=19788) to work on /usr/local/python/3.10.13/lib/python3.10/site-packages/airflow/example_dags/tutorial.py
[2024-05-16T12:35:06.161+0000] {processor.py:830} INFO - Processing file /usr/local/python/3.10.13/lib/python3.10/site-packages/airflow/example_dags/tutorial.py for tasks to queue
[2024-05-16T12:35:06.162+0000] {logging_mixin.py:188} INFO - [2024-05-16T12:35:06.162+0000] {dagbag.py:545} INFO - Filling up the DagBag from /usr/local/python/3.10.13/lib/python3.10/site-packages/airflow/example_dags/tutorial.py
[2024-05-16T12:35:06.167+0000] {processor.py:840} INFO - DAG(s) 'tutorial' retrieved from /usr/local/python/3.10.13/lib/python3.10/site-packages/airflow/example_dags/tutorial.py
[2024-05-16T12:35:06.178+0000] {logging_mixin.py:188} INFO - [2024-05-16T12:35:06.178+0000] {dag.py:3096} INFO - Sync 1 DAGs
[2024-05-16T12:35:06.193+0000] {logging_mixin.py:188} INFO - [2024-05-16T12:35:06.192+0000] {dag.py:3954} INFO - Setting next_dagrun for tutorial to 2024-05-15 00:00:00+00:00, run_after=2024-05-16 00:00:00+00:00
[2024-05-16T12:35:06.236+0000] {processor.py:183} INFO - Processing /usr/local/python/3.10.13/lib/python3.10/site-packages/airflow/example_dags/tutorial.py took 0.081 seconds
[2024-05-16T12:35:49.289+0000] {processor.py:161} INFO - Started process (PID=20105) to work on /usr/local/python/3.10.13/lib/python3.10/site-packages/airflow/example_dags/tutorial.py
[2024-05-16T12:35:49.290+0000] {processor.py:830} INFO - Processing file /usr/local/python/3.10.13/lib/python3.10/site-packages/airflow/example_dags/tutorial.py for tasks to queue
[2024-05-16T12:35:49.291+0000] {logging_mixin.py:188} INFO - [2024-05-16T12:35:49.291+0000] {dagbag.py:545} INFO - Filling up the DagBag from /usr/local/python/3.10.13/lib/python3.10/site-packages/airflow/example_dags/tutorial.py
[2024-05-16T12:35:49.296+0000] {processor.py:840} INFO - DAG(s) 'tutorial' retrieved from /usr/local/python/3.10.13/lib/python3.10/site-packages/airflow/example_dags/tutorial.py
[2024-05-16T12:35:49.308+0000] {logging_mixin.py:188} INFO - [2024-05-16T12:35:49.307+0000] {dag.py:3096} INFO - Sync 1 DAGs
[2024-05-16T12:35:49.322+0000] {logging_mixin.py:188} INFO - [2024-05-16T12:35:49.322+0000] {dag.py:3954} INFO - Setting next_dagrun for tutorial to 2024-05-15 00:00:00+00:00, run_after=2024-05-16 00:00:00+00:00
[2024-05-16T12:35:49.368+0000] {processor.py:183} INFO - Processing /usr/local/python/3.10.13/lib/python3.10/site-packages/airflow/example_dags/tutorial.py took 0.083 seconds
[2024-05-16T12:36:28.413+0000] {processor.py:161} INFO - Started process (PID=20390) to work on /usr/local/python/3.10.13/lib/python3.10/site-packages/airflow/example_dags/tutorial.py
[2024-05-16T12:36:28.414+0000] {processor.py:830} INFO - Processing file /usr/local/python/3.10.13/lib/python3.10/site-packages/airflow/example_dags/tutorial.py for tasks to queue
[2024-05-16T12:36:28.416+0000] {logging_mixin.py:188} INFO - [2024-05-16T12:36:28.415+0000] {dagbag.py:545} INFO - Filling up the DagBag from /usr/local/python/3.10.13/lib/python3.10/site-packages/airflow/example_dags/tutorial.py
[2024-05-16T12:36:28.420+0000] {processor.py:840} INFO - DAG(s) 'tutorial' retrieved from /usr/local/python/3.10.13/lib/python3.10/site-packages/airflow/example_dags/tutorial.py
[2024-05-16T12:36:28.436+0000] {logging_mixin.py:188} INFO - [2024-05-16T12:36:28.436+0000] {dag.py:3096} INFO - Sync 1 DAGs
[2024-05-16T12:36:28.457+0000] {logging_mixin.py:188} INFO - [2024-05-16T12:36:28.457+0000] {dag.py:3954} INFO - Setting next_dagrun for tutorial to 2024-05-15 00:00:00+00:00, run_after=2024-05-16 00:00:00+00:00
[2024-05-16T12:36:28.510+0000] {processor.py:183} INFO - Processing /usr/local/python/3.10.13/lib/python3.10/site-packages/airflow/example_dags/tutorial.py took 0.101 seconds
[2024-05-16T12:37:10.999+0000] {processor.py:161} INFO - Started process (PID=20685) to work on /usr/local/python/3.10.13/lib/python3.10/site-packages/airflow/example_dags/tutorial.py
[2024-05-16T12:37:11.000+0000] {processor.py:830} INFO - Processing file /usr/local/python/3.10.13/lib/python3.10/site-packages/airflow/example_dags/tutorial.py for tasks to queue
[2024-05-16T12:37:11.001+0000] {logging_mixin.py:188} INFO - [2024-05-16T12:37:11.001+0000] {dagbag.py:545} INFO - Filling up the DagBag from /usr/local/python/3.10.13/lib/python3.10/site-packages/airflow/example_dags/tutorial.py
[2024-05-16T12:37:11.006+0000] {processor.py:840} INFO - DAG(s) 'tutorial' retrieved from /usr/local/python/3.10.13/lib/python3.10/site-packages/airflow/example_dags/tutorial.py
[2024-05-16T12:37:11.017+0000] {logging_mixin.py:188} INFO - [2024-05-16T12:37:11.017+0000] {dag.py:3096} INFO - Sync 1 DAGs
[2024-05-16T12:37:11.031+0000] {logging_mixin.py:188} INFO - [2024-05-16T12:37:11.031+0000] {dag.py:3954} INFO - Setting next_dagrun for tutorial to 2024-05-15 00:00:00+00:00, run_after=2024-05-16 00:00:00+00:00
[2024-05-16T12:37:11.074+0000] {processor.py:183} INFO - Processing /usr/local/python/3.10.13/lib/python3.10/site-packages/airflow/example_dags/tutorial.py took 0.080 seconds
[2024-05-16T12:37:51.842+0000] {processor.py:161} INFO - Started process (PID=20977) to work on /usr/local/python/3.10.13/lib/python3.10/site-packages/airflow/example_dags/tutorial.py
[2024-05-16T12:37:51.842+0000] {processor.py:830} INFO - Processing file /usr/local/python/3.10.13/lib/python3.10/site-packages/airflow/example_dags/tutorial.py for tasks to queue
[2024-05-16T12:37:51.844+0000] {logging_mixin.py:188} INFO - [2024-05-16T12:37:51.843+0000] {dagbag.py:545} INFO - Filling up the DagBag from /usr/local/python/3.10.13/lib/python3.10/site-packages/airflow/example_dags/tutorial.py
[2024-05-16T12:37:51.848+0000] {processor.py:840} INFO - DAG(s) 'tutorial' retrieved from /usr/local/python/3.10.13/lib/python3.10/site-packages/airflow/example_dags/tutorial.py
[2024-05-16T12:37:51.859+0000] {logging_mixin.py:188} INFO - [2024-05-16T12:37:51.859+0000] {dag.py:3096} INFO - Sync 1 DAGs
[2024-05-16T12:37:51.874+0000] {logging_mixin.py:188} INFO - [2024-05-16T12:37:51.874+0000] {dag.py:3954} INFO - Setting next_dagrun for tutorial to 2024-05-15 00:00:00+00:00, run_after=2024-05-16 00:00:00+00:00
[2024-05-16T12:37:51.918+0000] {processor.py:183} INFO - Processing /usr/local/python/3.10.13/lib/python3.10/site-packages/airflow/example_dags/tutorial.py took 0.081 seconds
[2024-05-16T12:38:30.836+0000] {processor.py:161} INFO - Started process (PID=21257) to work on /usr/local/python/3.10.13/lib/python3.10/site-packages/airflow/example_dags/tutorial.py
[2024-05-16T12:38:30.837+0000] {processor.py:830} INFO - Processing file /usr/local/python/3.10.13/lib/python3.10/site-packages/airflow/example_dags/tutorial.py for tasks to queue
[2024-05-16T12:38:30.838+0000] {logging_mixin.py:188} INFO - [2024-05-16T12:38:30.838+0000] {dagbag.py:545} INFO - Filling up the DagBag from /usr/local/python/3.10.13/lib/python3.10/site-packages/airflow/example_dags/tutorial.py
[2024-05-16T12:38:30.843+0000] {processor.py:840} INFO - DAG(s) 'tutorial' retrieved from /usr/local/python/3.10.13/lib/python3.10/site-packages/airflow/example_dags/tutorial.py
[2024-05-16T12:38:30.854+0000] {logging_mixin.py:188} INFO - [2024-05-16T12:38:30.854+0000] {dag.py:3096} INFO - Sync 1 DAGs
[2024-05-16T12:38:30.869+0000] {logging_mixin.py:188} INFO - [2024-05-16T12:38:30.868+0000] {dag.py:3954} INFO - Setting next_dagrun for tutorial to 2024-05-15 00:00:00+00:00, run_after=2024-05-16 00:00:00+00:00
[2024-05-16T12:38:30.912+0000] {processor.py:183} INFO - Processing /usr/local/python/3.10.13/lib/python3.10/site-packages/airflow/example_dags/tutorial.py took 0.081 seconds
[2024-05-16T12:39:12.100+0000] {processor.py:161} INFO - Started process (PID=21553) to work on /usr/local/python/3.10.13/lib/python3.10/site-packages/airflow/example_dags/tutorial.py
[2024-05-16T12:39:12.101+0000] {processor.py:830} INFO - Processing file /usr/local/python/3.10.13/lib/python3.10/site-packages/airflow/example_dags/tutorial.py for tasks to queue
[2024-05-16T12:39:12.103+0000] {logging_mixin.py:188} INFO - [2024-05-16T12:39:12.102+0000] {dagbag.py:545} INFO - Filling up the DagBag from /usr/local/python/3.10.13/lib/python3.10/site-packages/airflow/example_dags/tutorial.py
[2024-05-16T12:39:12.107+0000] {processor.py:840} INFO - DAG(s) 'tutorial' retrieved from /usr/local/python/3.10.13/lib/python3.10/site-packages/airflow/example_dags/tutorial.py
[2024-05-16T12:39:12.119+0000] {logging_mixin.py:188} INFO - [2024-05-16T12:39:12.119+0000] {dag.py:3096} INFO - Sync 1 DAGs
[2024-05-16T12:39:12.133+0000] {logging_mixin.py:188} INFO - [2024-05-16T12:39:12.133+0000] {dag.py:3954} INFO - Setting next_dagrun for tutorial to 2024-05-15 00:00:00+00:00, run_after=2024-05-16 00:00:00+00:00
[2024-05-16T12:39:12.179+0000] {processor.py:183} INFO - Processing /usr/local/python/3.10.13/lib/python3.10/site-packages/airflow/example_dags/tutorial.py took 0.083 seconds
[2024-05-16T12:39:56.455+0000] {processor.py:161} INFO - Started process (PID=21862) to work on /usr/local/python/3.10.13/lib/python3.10/site-packages/airflow/example_dags/tutorial.py
[2024-05-16T12:39:56.455+0000] {processor.py:830} INFO - Processing file /usr/local/python/3.10.13/lib/python3.10/site-packages/airflow/example_dags/tutorial.py for tasks to queue
[2024-05-16T12:39:56.457+0000] {logging_mixin.py:188} INFO - [2024-05-16T12:39:56.456+0000] {dagbag.py:545} INFO - Filling up the DagBag from /usr/local/python/3.10.13/lib/python3.10/site-packages/airflow/example_dags/tutorial.py
[2024-05-16T12:39:56.461+0000] {processor.py:840} INFO - DAG(s) 'tutorial' retrieved from /usr/local/python/3.10.13/lib/python3.10/site-packages/airflow/example_dags/tutorial.py
[2024-05-16T12:39:56.472+0000] {logging_mixin.py:188} INFO - [2024-05-16T12:39:56.472+0000] {dag.py:3096} INFO - Sync 1 DAGs
[2024-05-16T12:39:56.486+0000] {logging_mixin.py:188} INFO - [2024-05-16T12:39:56.486+0000] {dag.py:3954} INFO - Setting next_dagrun for tutorial to 2024-05-15 00:00:00+00:00, run_after=2024-05-16 00:00:00+00:00
[2024-05-16T12:39:56.529+0000] {processor.py:183} INFO - Processing /usr/local/python/3.10.13/lib/python3.10/site-packages/airflow/example_dags/tutorial.py took 0.079 seconds
[2024-05-16T12:40:38.527+0000] {processor.py:161} INFO - Started process (PID=22191) to work on /usr/local/python/3.10.13/lib/python3.10/site-packages/airflow/example_dags/tutorial.py
[2024-05-16T12:40:38.528+0000] {processor.py:830} INFO - Processing file /usr/local/python/3.10.13/lib/python3.10/site-packages/airflow/example_dags/tutorial.py for tasks to queue
[2024-05-16T12:40:38.529+0000] {logging_mixin.py:188} INFO - [2024-05-16T12:40:38.529+0000] {dagbag.py:545} INFO - Filling up the DagBag from /usr/local/python/3.10.13/lib/python3.10/site-packages/airflow/example_dags/tutorial.py
[2024-05-16T12:40:38.534+0000] {processor.py:840} INFO - DAG(s) 'tutorial' retrieved from /usr/local/python/3.10.13/lib/python3.10/site-packages/airflow/example_dags/tutorial.py
[2024-05-16T12:40:38.547+0000] {logging_mixin.py:188} INFO - [2024-05-16T12:40:38.547+0000] {dag.py:3096} INFO - Sync 1 DAGs
[2024-05-16T12:40:38.562+0000] {logging_mixin.py:188} INFO - [2024-05-16T12:40:38.562+0000] {dag.py:3954} INFO - Setting next_dagrun for tutorial to 2024-05-15 00:00:00+00:00, run_after=2024-05-16 00:00:00+00:00
[2024-05-16T12:40:38.609+0000] {processor.py:183} INFO - Processing /usr/local/python/3.10.13/lib/python3.10/site-packages/airflow/example_dags/tutorial.py took 0.087 seconds
[2024-05-16T12:41:19.639+0000] {processor.py:161} INFO - Started process (PID=22477) to work on /usr/local/python/3.10.13/lib/python3.10/site-packages/airflow/example_dags/tutorial.py
[2024-05-16T12:41:19.640+0000] {processor.py:830} INFO - Processing file /usr/local/python/3.10.13/lib/python3.10/site-packages/airflow/example_dags/tutorial.py for tasks to queue
[2024-05-16T12:41:19.642+0000] {logging_mixin.py:188} INFO - [2024-05-16T12:41:19.641+0000] {dagbag.py:545} INFO - Filling up the DagBag from /usr/local/python/3.10.13/lib/python3.10/site-packages/airflow/example_dags/tutorial.py
[2024-05-16T12:41:19.648+0000] {processor.py:840} INFO - DAG(s) 'tutorial' retrieved from /usr/local/python/3.10.13/lib/python3.10/site-packages/airflow/example_dags/tutorial.py
[2024-05-16T12:41:19.661+0000] {logging_mixin.py:188} INFO - [2024-05-16T12:41:19.661+0000] {dag.py:3096} INFO - Sync 1 DAGs
[2024-05-16T12:41:19.676+0000] {logging_mixin.py:188} INFO - [2024-05-16T12:41:19.676+0000] {dag.py:3954} INFO - Setting next_dagrun for tutorial to 2024-05-15 00:00:00+00:00, run_after=2024-05-16 00:00:00+00:00
[2024-05-16T12:41:19.722+0000] {processor.py:183} INFO - Processing /usr/local/python/3.10.13/lib/python3.10/site-packages/airflow/example_dags/tutorial.py took 0.089 seconds
[2024-05-16T12:42:02.925+0000] {processor.py:161} INFO - Started process (PID=22786) to work on /usr/local/python/3.10.13/lib/python3.10/site-packages/airflow/example_dags/tutorial.py
[2024-05-16T12:42:02.927+0000] {processor.py:830} INFO - Processing file /usr/local/python/3.10.13/lib/python3.10/site-packages/airflow/example_dags/tutorial.py for tasks to queue
[2024-05-16T12:42:02.928+0000] {logging_mixin.py:188} INFO - [2024-05-16T12:42:02.928+0000] {dagbag.py:545} INFO - Filling up the DagBag from /usr/local/python/3.10.13/lib/python3.10/site-packages/airflow/example_dags/tutorial.py
[2024-05-16T12:42:02.933+0000] {processor.py:840} INFO - DAG(s) 'tutorial' retrieved from /usr/local/python/3.10.13/lib/python3.10/site-packages/airflow/example_dags/tutorial.py
[2024-05-16T12:42:02.945+0000] {logging_mixin.py:188} INFO - [2024-05-16T12:42:02.945+0000] {dag.py:3096} INFO - Sync 1 DAGs
[2024-05-16T12:42:02.963+0000] {logging_mixin.py:188} INFO - [2024-05-16T12:42:02.963+0000] {dag.py:3954} INFO - Setting next_dagrun for tutorial to 2024-05-15 00:00:00+00:00, run_after=2024-05-16 00:00:00+00:00
[2024-05-16T12:42:03.009+0000] {processor.py:183} INFO - Processing /usr/local/python/3.10.13/lib/python3.10/site-packages/airflow/example_dags/tutorial.py took 0.090 seconds
[2024-05-16T12:42:45.825+0000] {processor.py:161} INFO - Started process (PID=23098) to work on /usr/local/python/3.10.13/lib/python3.10/site-packages/airflow/example_dags/tutorial.py
[2024-05-16T12:42:45.825+0000] {processor.py:830} INFO - Processing file /usr/local/python/3.10.13/lib/python3.10/site-packages/airflow/example_dags/tutorial.py for tasks to queue
[2024-05-16T12:42:45.827+0000] {logging_mixin.py:188} INFO - [2024-05-16T12:42:45.827+0000] {dagbag.py:545} INFO - Filling up the DagBag from /usr/local/python/3.10.13/lib/python3.10/site-packages/airflow/example_dags/tutorial.py
[2024-05-16T12:42:45.832+0000] {processor.py:840} INFO - DAG(s) 'tutorial' retrieved from /usr/local/python/3.10.13/lib/python3.10/site-packages/airflow/example_dags/tutorial.py
[2024-05-16T12:42:45.843+0000] {logging_mixin.py:188} INFO - [2024-05-16T12:42:45.842+0000] {dag.py:3096} INFO - Sync 1 DAGs
[2024-05-16T12:42:45.857+0000] {logging_mixin.py:188} INFO - [2024-05-16T12:42:45.857+0000] {dag.py:3954} INFO - Setting next_dagrun for tutorial to 2024-05-15 00:00:00+00:00, run_after=2024-05-16 00:00:00+00:00
[2024-05-16T12:42:45.907+0000] {processor.py:183} INFO - Processing /usr/local/python/3.10.13/lib/python3.10/site-packages/airflow/example_dags/tutorial.py took 0.087 seconds
[2024-05-16T12:43:26.129+0000] {processor.py:161} INFO - Started process (PID=23399) to work on /usr/local/python/3.10.13/lib/python3.10/site-packages/airflow/example_dags/tutorial.py
[2024-05-16T12:43:26.129+0000] {processor.py:830} INFO - Processing file /usr/local/python/3.10.13/lib/python3.10/site-packages/airflow/example_dags/tutorial.py for tasks to queue
[2024-05-16T12:43:26.131+0000] {logging_mixin.py:188} INFO - [2024-05-16T12:43:26.130+0000] {dagbag.py:545} INFO - Filling up the DagBag from /usr/local/python/3.10.13/lib/python3.10/site-packages/airflow/example_dags/tutorial.py
[2024-05-16T12:43:26.135+0000] {processor.py:840} INFO - DAG(s) 'tutorial' retrieved from /usr/local/python/3.10.13/lib/python3.10/site-packages/airflow/example_dags/tutorial.py
[2024-05-16T12:43:26.147+0000] {logging_mixin.py:188} INFO - [2024-05-16T12:43:26.146+0000] {dag.py:3096} INFO - Sync 1 DAGs
[2024-05-16T12:43:26.161+0000] {logging_mixin.py:188} INFO - [2024-05-16T12:43:26.161+0000] {dag.py:3954} INFO - Setting next_dagrun for tutorial to 2024-05-15 00:00:00+00:00, run_after=2024-05-16 00:00:00+00:00
[2024-05-16T12:43:26.206+0000] {processor.py:183} INFO - Processing /usr/local/python/3.10.13/lib/python3.10/site-packages/airflow/example_dags/tutorial.py took 0.082 seconds
[2024-05-16T12:44:10.430+0000] {processor.py:161} INFO - Started process (PID=23713) to work on /usr/local/python/3.10.13/lib/python3.10/site-packages/airflow/example_dags/tutorial.py
[2024-05-16T12:44:10.430+0000] {processor.py:830} INFO - Processing file /usr/local/python/3.10.13/lib/python3.10/site-packages/airflow/example_dags/tutorial.py for tasks to queue
[2024-05-16T12:44:10.432+0000] {logging_mixin.py:188} INFO - [2024-05-16T12:44:10.431+0000] {dagbag.py:545} INFO - Filling up the DagBag from /usr/local/python/3.10.13/lib/python3.10/site-packages/airflow/example_dags/tutorial.py
[2024-05-16T12:44:10.436+0000] {processor.py:840} INFO - DAG(s) 'tutorial' retrieved from /usr/local/python/3.10.13/lib/python3.10/site-packages/airflow/example_dags/tutorial.py
[2024-05-16T12:44:10.449+0000] {logging_mixin.py:188} INFO - [2024-05-16T12:44:10.449+0000] {dag.py:3096} INFO - Sync 1 DAGs
[2024-05-16T12:44:10.464+0000] {logging_mixin.py:188} INFO - [2024-05-16T12:44:10.464+0000] {dag.py:3954} INFO - Setting next_dagrun for tutorial to 2024-05-15 00:00:00+00:00, run_after=2024-05-16 00:00:00+00:00
[2024-05-16T12:44:10.514+0000] {processor.py:183} INFO - Processing /usr/local/python/3.10.13/lib/python3.10/site-packages/airflow/example_dags/tutorial.py took 0.090 seconds
[2024-05-16T12:44:52.554+0000] {processor.py:161} INFO - Started process (PID=24011) to work on /usr/local/python/3.10.13/lib/python3.10/site-packages/airflow/example_dags/tutorial.py
[2024-05-16T12:44:52.555+0000] {processor.py:830} INFO - Processing file /usr/local/python/3.10.13/lib/python3.10/site-packages/airflow/example_dags/tutorial.py for tasks to queue
[2024-05-16T12:44:52.557+0000] {logging_mixin.py:188} INFO - [2024-05-16T12:44:52.556+0000] {dagbag.py:545} INFO - Filling up the DagBag from /usr/local/python/3.10.13/lib/python3.10/site-packages/airflow/example_dags/tutorial.py
[2024-05-16T12:44:52.562+0000] {processor.py:840} INFO - DAG(s) 'tutorial' retrieved from /usr/local/python/3.10.13/lib/python3.10/site-packages/airflow/example_dags/tutorial.py
[2024-05-16T12:44:52.574+0000] {logging_mixin.py:188} INFO - [2024-05-16T12:44:52.574+0000] {dag.py:3096} INFO - Sync 1 DAGs
[2024-05-16T12:44:52.595+0000] {logging_mixin.py:188} INFO - [2024-05-16T12:44:52.595+0000] {dag.py:3954} INFO - Setting next_dagrun for tutorial to 2024-05-15 00:00:00+00:00, run_after=2024-05-16 00:00:00+00:00
[2024-05-16T12:44:52.650+0000] {processor.py:183} INFO - Processing /usr/local/python/3.10.13/lib/python3.10/site-packages/airflow/example_dags/tutorial.py took 0.100 seconds
