[2024-05-16T12:06:09.336+0000] {processor.py:161} INFO - Started process (PID=7294) to work on /usr/local/python/3.10.13/lib/python3.10/site-packages/airflow/example_dags/tutorial_taskflow_api.py
[2024-05-16T12:06:09.337+0000] {processor.py:830} INFO - Processing file /usr/local/python/3.10.13/lib/python3.10/site-packages/airflow/example_dags/tutorial_taskflow_api.py for tasks to queue
[2024-05-16T12:06:09.338+0000] {logging_mixin.py:188} INFO - [2024-05-16T12:06:09.338+0000] {dagbag.py:545} INFO - Filling up the DagBag from /usr/local/python/3.10.13/lib/python3.10/site-packages/airflow/example_dags/tutorial_taskflow_api.py
[2024-05-16T12:06:09.345+0000] {processor.py:840} INFO - DAG(s) 'tutorial_taskflow_api' retrieved from /usr/local/python/3.10.13/lib/python3.10/site-packages/airflow/example_dags/tutorial_taskflow_api.py
[2024-05-16T12:06:09.575+0000] {logging_mixin.py:188} INFO - [2024-05-16T12:06:09.575+0000] {dag.py:3096} INFO - Sync 1 DAGs
[2024-05-16T12:06:09.586+0000] {logging_mixin.py:188} INFO - [2024-05-16T12:06:09.586+0000] {dag.py:3954} INFO - Setting next_dagrun for tutorial_taskflow_api to None, run_after=None
[2024-05-16T12:06:09.640+0000] {processor.py:183} INFO - Processing /usr/local/python/3.10.13/lib/python3.10/site-packages/airflow/example_dags/tutorial_taskflow_api.py took 0.309 seconds
[2024-05-16T12:07:09.707+0000] {processor.py:161} INFO - Started process (PID=7696) to work on /usr/local/python/3.10.13/lib/python3.10/site-packages/airflow/example_dags/tutorial_taskflow_api.py
[2024-05-16T12:07:09.708+0000] {processor.py:830} INFO - Processing file /usr/local/python/3.10.13/lib/python3.10/site-packages/airflow/example_dags/tutorial_taskflow_api.py for tasks to queue
[2024-05-16T12:07:09.709+0000] {logging_mixin.py:188} INFO - [2024-05-16T12:07:09.709+0000] {dagbag.py:545} INFO - Filling up the DagBag from /usr/local/python/3.10.13/lib/python3.10/site-packages/airflow/example_dags/tutorial_taskflow_api.py
[2024-05-16T12:07:09.714+0000] {processor.py:840} INFO - DAG(s) 'tutorial_taskflow_api' retrieved from /usr/local/python/3.10.13/lib/python3.10/site-packages/airflow/example_dags/tutorial_taskflow_api.py
[2024-05-16T12:07:09.726+0000] {logging_mixin.py:188} INFO - [2024-05-16T12:07:09.726+0000] {dag.py:3096} INFO - Sync 1 DAGs
[2024-05-16T12:07:09.735+0000] {logging_mixin.py:188} INFO - [2024-05-16T12:07:09.735+0000] {dag.py:3954} INFO - Setting next_dagrun for tutorial_taskflow_api to None, run_after=None
[2024-05-16T12:07:09.778+0000] {processor.py:183} INFO - Processing /usr/local/python/3.10.13/lib/python3.10/site-packages/airflow/example_dags/tutorial_taskflow_api.py took 0.076 seconds
[2024-05-16T12:07:59.219+0000] {processor.py:161} INFO - Started process (PID=8034) to work on /usr/local/python/3.10.13/lib/python3.10/site-packages/airflow/example_dags/tutorial_taskflow_api.py
[2024-05-16T12:07:59.220+0000] {processor.py:830} INFO - Processing file /usr/local/python/3.10.13/lib/python3.10/site-packages/airflow/example_dags/tutorial_taskflow_api.py for tasks to queue
[2024-05-16T12:07:59.221+0000] {logging_mixin.py:188} INFO - [2024-05-16T12:07:59.221+0000] {dagbag.py:545} INFO - Filling up the DagBag from /usr/local/python/3.10.13/lib/python3.10/site-packages/airflow/example_dags/tutorial_taskflow_api.py
[2024-05-16T12:07:59.226+0000] {processor.py:840} INFO - DAG(s) 'tutorial_taskflow_api' retrieved from /usr/local/python/3.10.13/lib/python3.10/site-packages/airflow/example_dags/tutorial_taskflow_api.py
[2024-05-16T12:07:59.237+0000] {logging_mixin.py:188} INFO - [2024-05-16T12:07:59.236+0000] {dag.py:3096} INFO - Sync 1 DAGs
[2024-05-16T12:07:59.245+0000] {logging_mixin.py:188} INFO - [2024-05-16T12:07:59.245+0000] {dag.py:3954} INFO - Setting next_dagrun for tutorial_taskflow_api to None, run_after=None
[2024-05-16T12:07:59.292+0000] {processor.py:183} INFO - Processing /usr/local/python/3.10.13/lib/python3.10/site-packages/airflow/example_dags/tutorial_taskflow_api.py took 0.078 seconds
[2024-05-16T12:08:43.229+0000] {processor.py:161} INFO - Started process (PID=8362) to work on /usr/local/python/3.10.13/lib/python3.10/site-packages/airflow/example_dags/tutorial_taskflow_api.py
[2024-05-16T12:08:43.229+0000] {processor.py:830} INFO - Processing file /usr/local/python/3.10.13/lib/python3.10/site-packages/airflow/example_dags/tutorial_taskflow_api.py for tasks to queue
[2024-05-16T12:08:43.231+0000] {logging_mixin.py:188} INFO - [2024-05-16T12:08:43.231+0000] {dagbag.py:545} INFO - Filling up the DagBag from /usr/local/python/3.10.13/lib/python3.10/site-packages/airflow/example_dags/tutorial_taskflow_api.py
[2024-05-16T12:08:43.236+0000] {processor.py:840} INFO - DAG(s) 'tutorial_taskflow_api' retrieved from /usr/local/python/3.10.13/lib/python3.10/site-packages/airflow/example_dags/tutorial_taskflow_api.py
[2024-05-16T12:08:43.247+0000] {logging_mixin.py:188} INFO - [2024-05-16T12:08:43.247+0000] {dag.py:3096} INFO - Sync 1 DAGs
[2024-05-16T12:08:43.256+0000] {logging_mixin.py:188} INFO - [2024-05-16T12:08:43.256+0000] {dag.py:3954} INFO - Setting next_dagrun for tutorial_taskflow_api to None, run_after=None
[2024-05-16T12:08:43.301+0000] {processor.py:183} INFO - Processing /usr/local/python/3.10.13/lib/python3.10/site-packages/airflow/example_dags/tutorial_taskflow_api.py took 0.077 seconds
[2024-05-16T12:09:26.944+0000] {processor.py:161} INFO - Started process (PID=8687) to work on /usr/local/python/3.10.13/lib/python3.10/site-packages/airflow/example_dags/tutorial_taskflow_api.py
[2024-05-16T12:09:26.944+0000] {processor.py:830} INFO - Processing file /usr/local/python/3.10.13/lib/python3.10/site-packages/airflow/example_dags/tutorial_taskflow_api.py for tasks to queue
[2024-05-16T12:09:26.946+0000] {logging_mixin.py:188} INFO - [2024-05-16T12:09:26.945+0000] {dagbag.py:545} INFO - Filling up the DagBag from /usr/local/python/3.10.13/lib/python3.10/site-packages/airflow/example_dags/tutorial_taskflow_api.py
[2024-05-16T12:09:26.951+0000] {processor.py:840} INFO - DAG(s) 'tutorial_taskflow_api' retrieved from /usr/local/python/3.10.13/lib/python3.10/site-packages/airflow/example_dags/tutorial_taskflow_api.py
[2024-05-16T12:09:26.962+0000] {logging_mixin.py:188} INFO - [2024-05-16T12:09:26.961+0000] {dag.py:3096} INFO - Sync 1 DAGs
[2024-05-16T12:09:26.970+0000] {logging_mixin.py:188} INFO - [2024-05-16T12:09:26.970+0000] {dag.py:3954} INFO - Setting next_dagrun for tutorial_taskflow_api to None, run_after=None
[2024-05-16T12:09:27.017+0000] {processor.py:183} INFO - Processing /usr/local/python/3.10.13/lib/python3.10/site-packages/airflow/example_dags/tutorial_taskflow_api.py took 0.078 seconds
[2024-05-16T12:10:11.384+0000] {processor.py:161} INFO - Started process (PID=8984) to work on /usr/local/python/3.10.13/lib/python3.10/site-packages/airflow/example_dags/tutorial_taskflow_api.py
[2024-05-16T12:10:11.385+0000] {processor.py:830} INFO - Processing file /usr/local/python/3.10.13/lib/python3.10/site-packages/airflow/example_dags/tutorial_taskflow_api.py for tasks to queue
[2024-05-16T12:10:11.386+0000] {logging_mixin.py:188} INFO - [2024-05-16T12:10:11.386+0000] {dagbag.py:545} INFO - Filling up the DagBag from /usr/local/python/3.10.13/lib/python3.10/site-packages/airflow/example_dags/tutorial_taskflow_api.py
[2024-05-16T12:10:11.391+0000] {processor.py:840} INFO - DAG(s) 'tutorial_taskflow_api' retrieved from /usr/local/python/3.10.13/lib/python3.10/site-packages/airflow/example_dags/tutorial_taskflow_api.py
[2024-05-16T12:10:11.402+0000] {logging_mixin.py:188} INFO - [2024-05-16T12:10:11.402+0000] {dag.py:3096} INFO - Sync 1 DAGs
[2024-05-16T12:10:11.411+0000] {logging_mixin.py:188} INFO - [2024-05-16T12:10:11.411+0000] {dag.py:3954} INFO - Setting next_dagrun for tutorial_taskflow_api to None, run_after=None
[2024-05-16T12:10:11.456+0000] {processor.py:183} INFO - Processing /usr/local/python/3.10.13/lib/python3.10/site-packages/airflow/example_dags/tutorial_taskflow_api.py took 0.077 seconds
[2024-05-16T12:10:53.833+0000] {processor.py:161} INFO - Started process (PID=9278) to work on /usr/local/python/3.10.13/lib/python3.10/site-packages/airflow/example_dags/tutorial_taskflow_api.py
[2024-05-16T12:10:53.834+0000] {processor.py:830} INFO - Processing file /usr/local/python/3.10.13/lib/python3.10/site-packages/airflow/example_dags/tutorial_taskflow_api.py for tasks to queue
[2024-05-16T12:10:53.835+0000] {logging_mixin.py:188} INFO - [2024-05-16T12:10:53.835+0000] {dagbag.py:545} INFO - Filling up the DagBag from /usr/local/python/3.10.13/lib/python3.10/site-packages/airflow/example_dags/tutorial_taskflow_api.py
[2024-05-16T12:10:53.841+0000] {processor.py:840} INFO - DAG(s) 'tutorial_taskflow_api' retrieved from /usr/local/python/3.10.13/lib/python3.10/site-packages/airflow/example_dags/tutorial_taskflow_api.py
[2024-05-16T12:10:53.852+0000] {logging_mixin.py:188} INFO - [2024-05-16T12:10:53.852+0000] {dag.py:3096} INFO - Sync 1 DAGs
[2024-05-16T12:10:53.860+0000] {logging_mixin.py:188} INFO - [2024-05-16T12:10:53.860+0000] {dag.py:3954} INFO - Setting next_dagrun for tutorial_taskflow_api to None, run_after=None
[2024-05-16T12:10:53.906+0000] {processor.py:183} INFO - Processing /usr/local/python/3.10.13/lib/python3.10/site-packages/airflow/example_dags/tutorial_taskflow_api.py took 0.078 seconds
[2024-05-16T12:11:33.832+0000] {processor.py:161} INFO - Started process (PID=9550) to work on /usr/local/python/3.10.13/lib/python3.10/site-packages/airflow/example_dags/tutorial_taskflow_api.py
[2024-05-16T12:11:33.833+0000] {processor.py:830} INFO - Processing file /usr/local/python/3.10.13/lib/python3.10/site-packages/airflow/example_dags/tutorial_taskflow_api.py for tasks to queue
[2024-05-16T12:11:33.834+0000] {logging_mixin.py:188} INFO - [2024-05-16T12:11:33.834+0000] {dagbag.py:545} INFO - Filling up the DagBag from /usr/local/python/3.10.13/lib/python3.10/site-packages/airflow/example_dags/tutorial_taskflow_api.py
[2024-05-16T12:11:33.839+0000] {processor.py:840} INFO - DAG(s) 'tutorial_taskflow_api' retrieved from /usr/local/python/3.10.13/lib/python3.10/site-packages/airflow/example_dags/tutorial_taskflow_api.py
[2024-05-16T12:11:33.850+0000] {logging_mixin.py:188} INFO - [2024-05-16T12:11:33.849+0000] {dag.py:3096} INFO - Sync 1 DAGs
[2024-05-16T12:11:33.859+0000] {logging_mixin.py:188} INFO - [2024-05-16T12:11:33.859+0000] {dag.py:3954} INFO - Setting next_dagrun for tutorial_taskflow_api to None, run_after=None
[2024-05-16T12:11:33.906+0000] {processor.py:183} INFO - Processing /usr/local/python/3.10.13/lib/python3.10/site-packages/airflow/example_dags/tutorial_taskflow_api.py took 0.079 seconds
[2024-05-16T12:12:13.150+0000] {processor.py:161} INFO - Started process (PID=9832) to work on /usr/local/python/3.10.13/lib/python3.10/site-packages/airflow/example_dags/tutorial_taskflow_api.py
[2024-05-16T12:12:13.150+0000] {processor.py:830} INFO - Processing file /usr/local/python/3.10.13/lib/python3.10/site-packages/airflow/example_dags/tutorial_taskflow_api.py for tasks to queue
[2024-05-16T12:12:13.152+0000] {logging_mixin.py:188} INFO - [2024-05-16T12:12:13.151+0000] {dagbag.py:545} INFO - Filling up the DagBag from /usr/local/python/3.10.13/lib/python3.10/site-packages/airflow/example_dags/tutorial_taskflow_api.py
[2024-05-16T12:12:13.166+0000] {processor.py:840} INFO - DAG(s) 'tutorial_taskflow_api' retrieved from /usr/local/python/3.10.13/lib/python3.10/site-packages/airflow/example_dags/tutorial_taskflow_api.py
[2024-05-16T12:12:13.183+0000] {logging_mixin.py:188} INFO - [2024-05-16T12:12:13.183+0000] {dag.py:3096} INFO - Sync 1 DAGs
[2024-05-16T12:12:13.193+0000] {logging_mixin.py:188} INFO - [2024-05-16T12:12:13.193+0000] {dag.py:3954} INFO - Setting next_dagrun for tutorial_taskflow_api to None, run_after=None
[2024-05-16T12:12:13.238+0000] {processor.py:183} INFO - Processing /usr/local/python/3.10.13/lib/python3.10/site-packages/airflow/example_dags/tutorial_taskflow_api.py took 0.093 seconds
[2024-05-16T12:12:57.190+0000] {processor.py:161} INFO - Started process (PID=10151) to work on /usr/local/python/3.10.13/lib/python3.10/site-packages/airflow/example_dags/tutorial_taskflow_api.py
[2024-05-16T12:12:57.191+0000] {processor.py:830} INFO - Processing file /usr/local/python/3.10.13/lib/python3.10/site-packages/airflow/example_dags/tutorial_taskflow_api.py for tasks to queue
[2024-05-16T12:12:57.192+0000] {logging_mixin.py:188} INFO - [2024-05-16T12:12:57.192+0000] {dagbag.py:545} INFO - Filling up the DagBag from /usr/local/python/3.10.13/lib/python3.10/site-packages/airflow/example_dags/tutorial_taskflow_api.py
[2024-05-16T12:12:57.197+0000] {processor.py:840} INFO - DAG(s) 'tutorial_taskflow_api' retrieved from /usr/local/python/3.10.13/lib/python3.10/site-packages/airflow/example_dags/tutorial_taskflow_api.py
[2024-05-16T12:12:57.210+0000] {logging_mixin.py:188} INFO - [2024-05-16T12:12:57.209+0000] {dag.py:3096} INFO - Sync 1 DAGs
[2024-05-16T12:12:57.218+0000] {logging_mixin.py:188} INFO - [2024-05-16T12:12:57.218+0000] {dag.py:3954} INFO - Setting next_dagrun for tutorial_taskflow_api to None, run_after=None
[2024-05-16T12:12:57.267+0000] {processor.py:183} INFO - Processing /usr/local/python/3.10.13/lib/python3.10/site-packages/airflow/example_dags/tutorial_taskflow_api.py took 0.082 seconds
[2024-05-16T12:13:38.987+0000] {processor.py:161} INFO - Started process (PID=10430) to work on /usr/local/python/3.10.13/lib/python3.10/site-packages/airflow/example_dags/tutorial_taskflow_api.py
[2024-05-16T12:13:38.987+0000] {processor.py:830} INFO - Processing file /usr/local/python/3.10.13/lib/python3.10/site-packages/airflow/example_dags/tutorial_taskflow_api.py for tasks to queue
[2024-05-16T12:13:38.989+0000] {logging_mixin.py:188} INFO - [2024-05-16T12:13:38.988+0000] {dagbag.py:545} INFO - Filling up the DagBag from /usr/local/python/3.10.13/lib/python3.10/site-packages/airflow/example_dags/tutorial_taskflow_api.py
[2024-05-16T12:13:38.994+0000] {processor.py:840} INFO - DAG(s) 'tutorial_taskflow_api' retrieved from /usr/local/python/3.10.13/lib/python3.10/site-packages/airflow/example_dags/tutorial_taskflow_api.py
[2024-05-16T12:13:39.004+0000] {logging_mixin.py:188} INFO - [2024-05-16T12:13:39.004+0000] {dag.py:3096} INFO - Sync 1 DAGs
[2024-05-16T12:13:39.013+0000] {logging_mixin.py:188} INFO - [2024-05-16T12:13:39.013+0000] {dag.py:3954} INFO - Setting next_dagrun for tutorial_taskflow_api to None, run_after=None
[2024-05-16T12:13:39.060+0000] {processor.py:183} INFO - Processing /usr/local/python/3.10.13/lib/python3.10/site-packages/airflow/example_dags/tutorial_taskflow_api.py took 0.078 seconds
[2024-05-16T12:14:20.356+0000] {processor.py:161} INFO - Started process (PID=10716) to work on /usr/local/python/3.10.13/lib/python3.10/site-packages/airflow/example_dags/tutorial_taskflow_api.py
[2024-05-16T12:14:20.357+0000] {processor.py:830} INFO - Processing file /usr/local/python/3.10.13/lib/python3.10/site-packages/airflow/example_dags/tutorial_taskflow_api.py for tasks to queue
[2024-05-16T12:14:20.358+0000] {logging_mixin.py:188} INFO - [2024-05-16T12:14:20.358+0000] {dagbag.py:545} INFO - Filling up the DagBag from /usr/local/python/3.10.13/lib/python3.10/site-packages/airflow/example_dags/tutorial_taskflow_api.py
[2024-05-16T12:14:20.363+0000] {processor.py:840} INFO - DAG(s) 'tutorial_taskflow_api' retrieved from /usr/local/python/3.10.13/lib/python3.10/site-packages/airflow/example_dags/tutorial_taskflow_api.py
[2024-05-16T12:14:20.374+0000] {logging_mixin.py:188} INFO - [2024-05-16T12:14:20.374+0000] {dag.py:3096} INFO - Sync 1 DAGs
[2024-05-16T12:14:20.383+0000] {logging_mixin.py:188} INFO - [2024-05-16T12:14:20.382+0000] {dag.py:3954} INFO - Setting next_dagrun for tutorial_taskflow_api to None, run_after=None
[2024-05-16T12:14:20.427+0000] {processor.py:183} INFO - Processing /usr/local/python/3.10.13/lib/python3.10/site-packages/airflow/example_dags/tutorial_taskflow_api.py took 0.076 seconds
[2024-05-16T12:15:02.195+0000] {processor.py:161} INFO - Started process (PID=11005) to work on /usr/local/python/3.10.13/lib/python3.10/site-packages/airflow/example_dags/tutorial_taskflow_api.py
[2024-05-16T12:15:02.196+0000] {processor.py:830} INFO - Processing file /usr/local/python/3.10.13/lib/python3.10/site-packages/airflow/example_dags/tutorial_taskflow_api.py for tasks to queue
[2024-05-16T12:15:02.198+0000] {logging_mixin.py:188} INFO - [2024-05-16T12:15:02.198+0000] {dagbag.py:545} INFO - Filling up the DagBag from /usr/local/python/3.10.13/lib/python3.10/site-packages/airflow/example_dags/tutorial_taskflow_api.py
[2024-05-16T12:15:02.206+0000] {processor.py:840} INFO - DAG(s) 'tutorial_taskflow_api' retrieved from /usr/local/python/3.10.13/lib/python3.10/site-packages/airflow/example_dags/tutorial_taskflow_api.py
[2024-05-16T12:15:02.222+0000] {logging_mixin.py:188} INFO - [2024-05-16T12:15:02.222+0000] {dag.py:3096} INFO - Sync 1 DAGs
[2024-05-16T12:15:02.231+0000] {logging_mixin.py:188} INFO - [2024-05-16T12:15:02.231+0000] {dag.py:3954} INFO - Setting next_dagrun for tutorial_taskflow_api to None, run_after=None
[2024-05-16T12:15:02.276+0000] {processor.py:183} INFO - Processing /usr/local/python/3.10.13/lib/python3.10/site-packages/airflow/example_dags/tutorial_taskflow_api.py took 0.087 seconds
[2024-05-16T12:15:44.749+0000] {processor.py:161} INFO - Started process (PID=11304) to work on /usr/local/python/3.10.13/lib/python3.10/site-packages/airflow/example_dags/tutorial_taskflow_api.py
[2024-05-16T12:15:44.750+0000] {processor.py:830} INFO - Processing file /usr/local/python/3.10.13/lib/python3.10/site-packages/airflow/example_dags/tutorial_taskflow_api.py for tasks to queue
[2024-05-16T12:15:44.752+0000] {logging_mixin.py:188} INFO - [2024-05-16T12:15:44.751+0000] {dagbag.py:545} INFO - Filling up the DagBag from /usr/local/python/3.10.13/lib/python3.10/site-packages/airflow/example_dags/tutorial_taskflow_api.py
[2024-05-16T12:15:44.760+0000] {processor.py:840} INFO - DAG(s) 'tutorial_taskflow_api' retrieved from /usr/local/python/3.10.13/lib/python3.10/site-packages/airflow/example_dags/tutorial_taskflow_api.py
[2024-05-16T12:15:44.781+0000] {logging_mixin.py:188} INFO - [2024-05-16T12:15:44.780+0000] {dag.py:3096} INFO - Sync 1 DAGs
[2024-05-16T12:15:44.795+0000] {logging_mixin.py:188} INFO - [2024-05-16T12:15:44.795+0000] {dag.py:3954} INFO - Setting next_dagrun for tutorial_taskflow_api to None, run_after=None
[2024-05-16T12:15:44.840+0000] {processor.py:183} INFO - Processing /usr/local/python/3.10.13/lib/python3.10/site-packages/airflow/example_dags/tutorial_taskflow_api.py took 0.098 seconds
[2024-05-16T12:16:28.807+0000] {processor.py:161} INFO - Started process (PID=11633) to work on /usr/local/python/3.10.13/lib/python3.10/site-packages/airflow/example_dags/tutorial_taskflow_api.py
[2024-05-16T12:16:28.808+0000] {processor.py:830} INFO - Processing file /usr/local/python/3.10.13/lib/python3.10/site-packages/airflow/example_dags/tutorial_taskflow_api.py for tasks to queue
[2024-05-16T12:16:28.809+0000] {logging_mixin.py:188} INFO - [2024-05-16T12:16:28.809+0000] {dagbag.py:545} INFO - Filling up the DagBag from /usr/local/python/3.10.13/lib/python3.10/site-packages/airflow/example_dags/tutorial_taskflow_api.py
[2024-05-16T12:16:28.815+0000] {processor.py:840} INFO - DAG(s) 'tutorial_taskflow_api' retrieved from /usr/local/python/3.10.13/lib/python3.10/site-packages/airflow/example_dags/tutorial_taskflow_api.py
[2024-05-16T12:16:28.826+0000] {logging_mixin.py:188} INFO - [2024-05-16T12:16:28.825+0000] {dag.py:3096} INFO - Sync 1 DAGs
[2024-05-16T12:16:28.835+0000] {logging_mixin.py:188} INFO - [2024-05-16T12:16:28.835+0000] {dag.py:3954} INFO - Setting next_dagrun for tutorial_taskflow_api to None, run_after=None
[2024-05-16T12:16:28.879+0000] {processor.py:183} INFO - Processing /usr/local/python/3.10.13/lib/python3.10/site-packages/airflow/example_dags/tutorial_taskflow_api.py took 0.077 seconds
[2024-05-16T12:17:11.832+0000] {processor.py:161} INFO - Started process (PID=11962) to work on /usr/local/python/3.10.13/lib/python3.10/site-packages/airflow/example_dags/tutorial_taskflow_api.py
[2024-05-16T12:17:11.832+0000] {processor.py:830} INFO - Processing file /usr/local/python/3.10.13/lib/python3.10/site-packages/airflow/example_dags/tutorial_taskflow_api.py for tasks to queue
[2024-05-16T12:17:11.834+0000] {logging_mixin.py:188} INFO - [2024-05-16T12:17:11.833+0000] {dagbag.py:545} INFO - Filling up the DagBag from /usr/local/python/3.10.13/lib/python3.10/site-packages/airflow/example_dags/tutorial_taskflow_api.py
[2024-05-16T12:17:11.839+0000] {processor.py:840} INFO - DAG(s) 'tutorial_taskflow_api' retrieved from /usr/local/python/3.10.13/lib/python3.10/site-packages/airflow/example_dags/tutorial_taskflow_api.py
[2024-05-16T12:17:11.851+0000] {logging_mixin.py:188} INFO - [2024-05-16T12:17:11.851+0000] {dag.py:3096} INFO - Sync 1 DAGs
[2024-05-16T12:17:11.860+0000] {logging_mixin.py:188} INFO - [2024-05-16T12:17:11.859+0000] {dag.py:3954} INFO - Setting next_dagrun for tutorial_taskflow_api to None, run_after=None
[2024-05-16T12:17:11.915+0000] {processor.py:183} INFO - Processing /usr/local/python/3.10.13/lib/python3.10/site-packages/airflow/example_dags/tutorial_taskflow_api.py took 0.088 seconds
[2024-05-16T12:17:53.548+0000] {processor.py:161} INFO - Started process (PID=12247) to work on /usr/local/python/3.10.13/lib/python3.10/site-packages/airflow/example_dags/tutorial_taskflow_api.py
[2024-05-16T12:17:53.549+0000] {processor.py:830} INFO - Processing file /usr/local/python/3.10.13/lib/python3.10/site-packages/airflow/example_dags/tutorial_taskflow_api.py for tasks to queue
[2024-05-16T12:17:53.550+0000] {logging_mixin.py:188} INFO - [2024-05-16T12:17:53.550+0000] {dagbag.py:545} INFO - Filling up the DagBag from /usr/local/python/3.10.13/lib/python3.10/site-packages/airflow/example_dags/tutorial_taskflow_api.py
[2024-05-16T12:17:53.555+0000] {processor.py:840} INFO - DAG(s) 'tutorial_taskflow_api' retrieved from /usr/local/python/3.10.13/lib/python3.10/site-packages/airflow/example_dags/tutorial_taskflow_api.py
[2024-05-16T12:17:53.567+0000] {logging_mixin.py:188} INFO - [2024-05-16T12:17:53.567+0000] {dag.py:3096} INFO - Sync 1 DAGs
[2024-05-16T12:17:53.576+0000] {logging_mixin.py:188} INFO - [2024-05-16T12:17:53.576+0000] {dag.py:3954} INFO - Setting next_dagrun for tutorial_taskflow_api to None, run_after=None
[2024-05-16T12:17:53.622+0000] {processor.py:183} INFO - Processing /usr/local/python/3.10.13/lib/python3.10/site-packages/airflow/example_dags/tutorial_taskflow_api.py took 0.078 seconds
[2024-05-16T12:18:34.377+0000] {processor.py:161} INFO - Started process (PID=12539) to work on /usr/local/python/3.10.13/lib/python3.10/site-packages/airflow/example_dags/tutorial_taskflow_api.py
[2024-05-16T12:18:34.378+0000] {processor.py:830} INFO - Processing file /usr/local/python/3.10.13/lib/python3.10/site-packages/airflow/example_dags/tutorial_taskflow_api.py for tasks to queue
[2024-05-16T12:18:34.379+0000] {logging_mixin.py:188} INFO - [2024-05-16T12:18:34.379+0000] {dagbag.py:545} INFO - Filling up the DagBag from /usr/local/python/3.10.13/lib/python3.10/site-packages/airflow/example_dags/tutorial_taskflow_api.py
[2024-05-16T12:18:34.384+0000] {processor.py:840} INFO - DAG(s) 'tutorial_taskflow_api' retrieved from /usr/local/python/3.10.13/lib/python3.10/site-packages/airflow/example_dags/tutorial_taskflow_api.py
[2024-05-16T12:18:34.395+0000] {logging_mixin.py:188} INFO - [2024-05-16T12:18:34.395+0000] {dag.py:3096} INFO - Sync 1 DAGs
[2024-05-16T12:18:34.405+0000] {logging_mixin.py:188} INFO - [2024-05-16T12:18:34.405+0000] {dag.py:3954} INFO - Setting next_dagrun for tutorial_taskflow_api to None, run_after=None
[2024-05-16T12:18:34.450+0000] {processor.py:183} INFO - Processing /usr/local/python/3.10.13/lib/python3.10/site-packages/airflow/example_dags/tutorial_taskflow_api.py took 0.078 seconds
[2024-05-16T12:19:17.232+0000] {processor.py:161} INFO - Started process (PID=12844) to work on /usr/local/python/3.10.13/lib/python3.10/site-packages/airflow/example_dags/tutorial_taskflow_api.py
[2024-05-16T12:19:17.233+0000] {processor.py:830} INFO - Processing file /usr/local/python/3.10.13/lib/python3.10/site-packages/airflow/example_dags/tutorial_taskflow_api.py for tasks to queue
[2024-05-16T12:19:17.234+0000] {logging_mixin.py:188} INFO - [2024-05-16T12:19:17.234+0000] {dagbag.py:545} INFO - Filling up the DagBag from /usr/local/python/3.10.13/lib/python3.10/site-packages/airflow/example_dags/tutorial_taskflow_api.py
[2024-05-16T12:19:17.239+0000] {processor.py:840} INFO - DAG(s) 'tutorial_taskflow_api' retrieved from /usr/local/python/3.10.13/lib/python3.10/site-packages/airflow/example_dags/tutorial_taskflow_api.py
[2024-05-16T12:19:17.250+0000] {logging_mixin.py:188} INFO - [2024-05-16T12:19:17.250+0000] {dag.py:3096} INFO - Sync 1 DAGs
[2024-05-16T12:19:17.258+0000] {logging_mixin.py:188} INFO - [2024-05-16T12:19:17.258+0000] {dag.py:3954} INFO - Setting next_dagrun for tutorial_taskflow_api to None, run_after=None
[2024-05-16T12:19:17.303+0000] {processor.py:183} INFO - Processing /usr/local/python/3.10.13/lib/python3.10/site-packages/airflow/example_dags/tutorial_taskflow_api.py took 0.076 seconds
[2024-05-16T12:19:58.684+0000] {processor.py:161} INFO - Started process (PID=13137) to work on /usr/local/python/3.10.13/lib/python3.10/site-packages/airflow/example_dags/tutorial_taskflow_api.py
[2024-05-16T12:19:58.684+0000] {processor.py:830} INFO - Processing file /usr/local/python/3.10.13/lib/python3.10/site-packages/airflow/example_dags/tutorial_taskflow_api.py for tasks to queue
[2024-05-16T12:19:58.686+0000] {logging_mixin.py:188} INFO - [2024-05-16T12:19:58.685+0000] {dagbag.py:545} INFO - Filling up the DagBag from /usr/local/python/3.10.13/lib/python3.10/site-packages/airflow/example_dags/tutorial_taskflow_api.py
[2024-05-16T12:19:58.693+0000] {processor.py:840} INFO - DAG(s) 'tutorial_taskflow_api' retrieved from /usr/local/python/3.10.13/lib/python3.10/site-packages/airflow/example_dags/tutorial_taskflow_api.py
[2024-05-16T12:19:58.705+0000] {logging_mixin.py:188} INFO - [2024-05-16T12:19:58.705+0000] {dag.py:3096} INFO - Sync 1 DAGs
[2024-05-16T12:19:58.714+0000] {logging_mixin.py:188} INFO - [2024-05-16T12:19:58.714+0000] {dag.py:3954} INFO - Setting next_dagrun for tutorial_taskflow_api to None, run_after=None
[2024-05-16T12:19:58.759+0000] {processor.py:183} INFO - Processing /usr/local/python/3.10.13/lib/python3.10/site-packages/airflow/example_dags/tutorial_taskflow_api.py took 0.080 seconds
[2024-05-16T12:20:39.950+0000] {processor.py:161} INFO - Started process (PID=13440) to work on /usr/local/python/3.10.13/lib/python3.10/site-packages/airflow/example_dags/tutorial_taskflow_api.py
[2024-05-16T12:20:39.950+0000] {processor.py:830} INFO - Processing file /usr/local/python/3.10.13/lib/python3.10/site-packages/airflow/example_dags/tutorial_taskflow_api.py for tasks to queue
[2024-05-16T12:20:39.952+0000] {logging_mixin.py:188} INFO - [2024-05-16T12:20:39.951+0000] {dagbag.py:545} INFO - Filling up the DagBag from /usr/local/python/3.10.13/lib/python3.10/site-packages/airflow/example_dags/tutorial_taskflow_api.py
[2024-05-16T12:20:39.957+0000] {processor.py:840} INFO - DAG(s) 'tutorial_taskflow_api' retrieved from /usr/local/python/3.10.13/lib/python3.10/site-packages/airflow/example_dags/tutorial_taskflow_api.py
[2024-05-16T12:20:39.970+0000] {logging_mixin.py:188} INFO - [2024-05-16T12:20:39.969+0000] {dag.py:3096} INFO - Sync 1 DAGs
[2024-05-16T12:20:39.978+0000] {logging_mixin.py:188} INFO - [2024-05-16T12:20:39.978+0000] {dag.py:3954} INFO - Setting next_dagrun for tutorial_taskflow_api to None, run_after=None
[2024-05-16T12:20:40.024+0000] {processor.py:183} INFO - Processing /usr/local/python/3.10.13/lib/python3.10/site-packages/airflow/example_dags/tutorial_taskflow_api.py took 0.079 seconds
[2024-05-16T12:21:23.280+0000] {processor.py:161} INFO - Started process (PID=13736) to work on /usr/local/python/3.10.13/lib/python3.10/site-packages/airflow/example_dags/tutorial_taskflow_api.py
[2024-05-16T12:21:23.281+0000] {processor.py:830} INFO - Processing file /usr/local/python/3.10.13/lib/python3.10/site-packages/airflow/example_dags/tutorial_taskflow_api.py for tasks to queue
[2024-05-16T12:21:23.282+0000] {logging_mixin.py:188} INFO - [2024-05-16T12:21:23.282+0000] {dagbag.py:545} INFO - Filling up the DagBag from /usr/local/python/3.10.13/lib/python3.10/site-packages/airflow/example_dags/tutorial_taskflow_api.py
[2024-05-16T12:21:23.287+0000] {processor.py:840} INFO - DAG(s) 'tutorial_taskflow_api' retrieved from /usr/local/python/3.10.13/lib/python3.10/site-packages/airflow/example_dags/tutorial_taskflow_api.py
[2024-05-16T12:21:23.298+0000] {logging_mixin.py:188} INFO - [2024-05-16T12:21:23.298+0000] {dag.py:3096} INFO - Sync 1 DAGs
[2024-05-16T12:21:23.308+0000] {logging_mixin.py:188} INFO - [2024-05-16T12:21:23.307+0000] {dag.py:3954} INFO - Setting next_dagrun for tutorial_taskflow_api to None, run_after=None
[2024-05-16T12:21:23.354+0000] {processor.py:183} INFO - Processing /usr/local/python/3.10.13/lib/python3.10/site-packages/airflow/example_dags/tutorial_taskflow_api.py took 0.078 seconds
[2024-05-16T12:22:06.640+0000] {processor.py:161} INFO - Started process (PID=14064) to work on /usr/local/python/3.10.13/lib/python3.10/site-packages/airflow/example_dags/tutorial_taskflow_api.py
[2024-05-16T12:22:06.640+0000] {processor.py:830} INFO - Processing file /usr/local/python/3.10.13/lib/python3.10/site-packages/airflow/example_dags/tutorial_taskflow_api.py for tasks to queue
[2024-05-16T12:22:06.642+0000] {logging_mixin.py:188} INFO - [2024-05-16T12:22:06.641+0000] {dagbag.py:545} INFO - Filling up the DagBag from /usr/local/python/3.10.13/lib/python3.10/site-packages/airflow/example_dags/tutorial_taskflow_api.py
[2024-05-16T12:22:06.647+0000] {processor.py:840} INFO - DAG(s) 'tutorial_taskflow_api' retrieved from /usr/local/python/3.10.13/lib/python3.10/site-packages/airflow/example_dags/tutorial_taskflow_api.py
[2024-05-16T12:22:06.658+0000] {logging_mixin.py:188} INFO - [2024-05-16T12:22:06.658+0000] {dag.py:3096} INFO - Sync 1 DAGs
[2024-05-16T12:22:06.667+0000] {logging_mixin.py:188} INFO - [2024-05-16T12:22:06.667+0000] {dag.py:3954} INFO - Setting next_dagrun for tutorial_taskflow_api to None, run_after=None
[2024-05-16T12:22:06.712+0000] {processor.py:183} INFO - Processing /usr/local/python/3.10.13/lib/python3.10/site-packages/airflow/example_dags/tutorial_taskflow_api.py took 0.077 seconds
[2024-05-16T12:22:49.341+0000] {processor.py:161} INFO - Started process (PID=14378) to work on /usr/local/python/3.10.13/lib/python3.10/site-packages/airflow/example_dags/tutorial_taskflow_api.py
[2024-05-16T12:22:49.342+0000] {processor.py:830} INFO - Processing file /usr/local/python/3.10.13/lib/python3.10/site-packages/airflow/example_dags/tutorial_taskflow_api.py for tasks to queue
[2024-05-16T12:22:49.343+0000] {logging_mixin.py:188} INFO - [2024-05-16T12:22:49.343+0000] {dagbag.py:545} INFO - Filling up the DagBag from /usr/local/python/3.10.13/lib/python3.10/site-packages/airflow/example_dags/tutorial_taskflow_api.py
[2024-05-16T12:22:49.349+0000] {processor.py:840} INFO - DAG(s) 'tutorial_taskflow_api' retrieved from /usr/local/python/3.10.13/lib/python3.10/site-packages/airflow/example_dags/tutorial_taskflow_api.py
[2024-05-16T12:22:49.362+0000] {logging_mixin.py:188} INFO - [2024-05-16T12:22:49.362+0000] {dag.py:3096} INFO - Sync 1 DAGs
[2024-05-16T12:22:49.372+0000] {logging_mixin.py:188} INFO - [2024-05-16T12:22:49.372+0000] {dag.py:3954} INFO - Setting next_dagrun for tutorial_taskflow_api to None, run_after=None
[2024-05-16T12:22:49.422+0000] {processor.py:183} INFO - Processing /usr/local/python/3.10.13/lib/python3.10/site-packages/airflow/example_dags/tutorial_taskflow_api.py took 0.086 seconds
[2024-05-16T12:23:34.965+0000] {processor.py:161} INFO - Started process (PID=14705) to work on /usr/local/python/3.10.13/lib/python3.10/site-packages/airflow/example_dags/tutorial_taskflow_api.py
[2024-05-16T12:23:34.966+0000] {processor.py:830} INFO - Processing file /usr/local/python/3.10.13/lib/python3.10/site-packages/airflow/example_dags/tutorial_taskflow_api.py for tasks to queue
[2024-05-16T12:23:34.968+0000] {logging_mixin.py:188} INFO - [2024-05-16T12:23:34.968+0000] {dagbag.py:545} INFO - Filling up the DagBag from /usr/local/python/3.10.13/lib/python3.10/site-packages/airflow/example_dags/tutorial_taskflow_api.py
[2024-05-16T12:23:34.975+0000] {processor.py:840} INFO - DAG(s) 'tutorial_taskflow_api' retrieved from /usr/local/python/3.10.13/lib/python3.10/site-packages/airflow/example_dags/tutorial_taskflow_api.py
[2024-05-16T12:23:34.987+0000] {logging_mixin.py:188} INFO - [2024-05-16T12:23:34.987+0000] {dag.py:3096} INFO - Sync 1 DAGs
[2024-05-16T12:23:34.996+0000] {logging_mixin.py:188} INFO - [2024-05-16T12:23:34.996+0000] {dag.py:3954} INFO - Setting next_dagrun for tutorial_taskflow_api to None, run_after=None
[2024-05-16T12:23:35.045+0000] {processor.py:183} INFO - Processing /usr/local/python/3.10.13/lib/python3.10/site-packages/airflow/example_dags/tutorial_taskflow_api.py took 0.088 seconds
[2024-05-16T12:24:19.042+0000] {processor.py:161} INFO - Started process (PID=15056) to work on /usr/local/python/3.10.13/lib/python3.10/site-packages/airflow/example_dags/tutorial_taskflow_api.py
[2024-05-16T12:24:19.043+0000] {processor.py:830} INFO - Processing file /usr/local/python/3.10.13/lib/python3.10/site-packages/airflow/example_dags/tutorial_taskflow_api.py for tasks to queue
[2024-05-16T12:24:19.044+0000] {logging_mixin.py:188} INFO - [2024-05-16T12:24:19.044+0000] {dagbag.py:545} INFO - Filling up the DagBag from /usr/local/python/3.10.13/lib/python3.10/site-packages/airflow/example_dags/tutorial_taskflow_api.py
[2024-05-16T12:24:19.049+0000] {processor.py:840} INFO - DAG(s) 'tutorial_taskflow_api' retrieved from /usr/local/python/3.10.13/lib/python3.10/site-packages/airflow/example_dags/tutorial_taskflow_api.py
[2024-05-16T12:24:19.060+0000] {logging_mixin.py:188} INFO - [2024-05-16T12:24:19.060+0000] {dag.py:3096} INFO - Sync 1 DAGs
[2024-05-16T12:24:19.069+0000] {logging_mixin.py:188} INFO - [2024-05-16T12:24:19.069+0000] {dag.py:3954} INFO - Setting next_dagrun for tutorial_taskflow_api to None, run_after=None
[2024-05-16T12:24:19.116+0000] {processor.py:183} INFO - Processing /usr/local/python/3.10.13/lib/python3.10/site-packages/airflow/example_dags/tutorial_taskflow_api.py took 0.079 seconds
[2024-05-16T12:25:00.094+0000] {processor.py:161} INFO - Started process (PID=15361) to work on /usr/local/python/3.10.13/lib/python3.10/site-packages/airflow/example_dags/tutorial_taskflow_api.py
[2024-05-16T12:25:00.095+0000] {processor.py:830} INFO - Processing file /usr/local/python/3.10.13/lib/python3.10/site-packages/airflow/example_dags/tutorial_taskflow_api.py for tasks to queue
[2024-05-16T12:25:00.097+0000] {logging_mixin.py:188} INFO - [2024-05-16T12:25:00.096+0000] {dagbag.py:545} INFO - Filling up the DagBag from /usr/local/python/3.10.13/lib/python3.10/site-packages/airflow/example_dags/tutorial_taskflow_api.py
[2024-05-16T12:25:00.103+0000] {processor.py:840} INFO - DAG(s) 'tutorial_taskflow_api' retrieved from /usr/local/python/3.10.13/lib/python3.10/site-packages/airflow/example_dags/tutorial_taskflow_api.py
[2024-05-16T12:25:00.116+0000] {logging_mixin.py:188} INFO - [2024-05-16T12:25:00.116+0000] {dag.py:3096} INFO - Sync 1 DAGs
[2024-05-16T12:25:00.130+0000] {logging_mixin.py:188} INFO - [2024-05-16T12:25:00.129+0000] {dag.py:3954} INFO - Setting next_dagrun for tutorial_taskflow_api to None, run_after=None
[2024-05-16T12:25:00.175+0000] {processor.py:183} INFO - Processing /usr/local/python/3.10.13/lib/python3.10/site-packages/airflow/example_dags/tutorial_taskflow_api.py took 0.086 seconds
[2024-05-16T12:25:40.440+0000] {processor.py:161} INFO - Started process (PID=15672) to work on /usr/local/python/3.10.13/lib/python3.10/site-packages/airflow/example_dags/tutorial_taskflow_api.py
[2024-05-16T12:25:40.441+0000] {processor.py:830} INFO - Processing file /usr/local/python/3.10.13/lib/python3.10/site-packages/airflow/example_dags/tutorial_taskflow_api.py for tasks to queue
[2024-05-16T12:25:40.442+0000] {logging_mixin.py:188} INFO - [2024-05-16T12:25:40.442+0000] {dagbag.py:545} INFO - Filling up the DagBag from /usr/local/python/3.10.13/lib/python3.10/site-packages/airflow/example_dags/tutorial_taskflow_api.py
[2024-05-16T12:25:40.448+0000] {processor.py:840} INFO - DAG(s) 'tutorial_taskflow_api' retrieved from /usr/local/python/3.10.13/lib/python3.10/site-packages/airflow/example_dags/tutorial_taskflow_api.py
[2024-05-16T12:25:40.460+0000] {logging_mixin.py:188} INFO - [2024-05-16T12:25:40.460+0000] {dag.py:3096} INFO - Sync 1 DAGs
[2024-05-16T12:25:40.470+0000] {logging_mixin.py:188} INFO - [2024-05-16T12:25:40.470+0000] {dag.py:3954} INFO - Setting next_dagrun for tutorial_taskflow_api to None, run_after=None
[2024-05-16T12:25:40.518+0000] {processor.py:183} INFO - Processing /usr/local/python/3.10.13/lib/python3.10/site-packages/airflow/example_dags/tutorial_taskflow_api.py took 0.083 seconds
[2024-05-16T12:26:19.370+0000] {processor.py:161} INFO - Started process (PID=15947) to work on /usr/local/python/3.10.13/lib/python3.10/site-packages/airflow/example_dags/tutorial_taskflow_api.py
[2024-05-16T12:26:19.371+0000] {processor.py:830} INFO - Processing file /usr/local/python/3.10.13/lib/python3.10/site-packages/airflow/example_dags/tutorial_taskflow_api.py for tasks to queue
[2024-05-16T12:26:19.372+0000] {logging_mixin.py:188} INFO - [2024-05-16T12:26:19.372+0000] {dagbag.py:545} INFO - Filling up the DagBag from /usr/local/python/3.10.13/lib/python3.10/site-packages/airflow/example_dags/tutorial_taskflow_api.py
[2024-05-16T12:26:19.377+0000] {processor.py:840} INFO - DAG(s) 'tutorial_taskflow_api' retrieved from /usr/local/python/3.10.13/lib/python3.10/site-packages/airflow/example_dags/tutorial_taskflow_api.py
[2024-05-16T12:26:19.388+0000] {logging_mixin.py:188} INFO - [2024-05-16T12:26:19.388+0000] {dag.py:3096} INFO - Sync 1 DAGs
[2024-05-16T12:26:19.397+0000] {logging_mixin.py:188} INFO - [2024-05-16T12:26:19.397+0000] {dag.py:3954} INFO - Setting next_dagrun for tutorial_taskflow_api to None, run_after=None
[2024-05-16T12:26:19.442+0000] {processor.py:183} INFO - Processing /usr/local/python/3.10.13/lib/python3.10/site-packages/airflow/example_dags/tutorial_taskflow_api.py took 0.077 seconds
[2024-05-16T12:27:01.330+0000] {processor.py:161} INFO - Started process (PID=16257) to work on /usr/local/python/3.10.13/lib/python3.10/site-packages/airflow/example_dags/tutorial_taskflow_api.py
[2024-05-16T12:27:01.331+0000] {processor.py:830} INFO - Processing file /usr/local/python/3.10.13/lib/python3.10/site-packages/airflow/example_dags/tutorial_taskflow_api.py for tasks to queue
[2024-05-16T12:27:01.333+0000] {logging_mixin.py:188} INFO - [2024-05-16T12:27:01.332+0000] {dagbag.py:545} INFO - Filling up the DagBag from /usr/local/python/3.10.13/lib/python3.10/site-packages/airflow/example_dags/tutorial_taskflow_api.py
[2024-05-16T12:27:01.338+0000] {processor.py:840} INFO - DAG(s) 'tutorial_taskflow_api' retrieved from /usr/local/python/3.10.13/lib/python3.10/site-packages/airflow/example_dags/tutorial_taskflow_api.py
[2024-05-16T12:27:01.349+0000] {logging_mixin.py:188} INFO - [2024-05-16T12:27:01.349+0000] {dag.py:3096} INFO - Sync 1 DAGs
[2024-05-16T12:27:01.359+0000] {logging_mixin.py:188} INFO - [2024-05-16T12:27:01.359+0000] {dag.py:3954} INFO - Setting next_dagrun for tutorial_taskflow_api to None, run_after=None
[2024-05-16T12:27:01.408+0000] {processor.py:183} INFO - Processing /usr/local/python/3.10.13/lib/python3.10/site-packages/airflow/example_dags/tutorial_taskflow_api.py took 0.082 seconds
[2024-05-16T12:27:43.970+0000] {processor.py:161} INFO - Started process (PID=16589) to work on /usr/local/python/3.10.13/lib/python3.10/site-packages/airflow/example_dags/tutorial_taskflow_api.py
[2024-05-16T12:27:43.971+0000] {processor.py:830} INFO - Processing file /usr/local/python/3.10.13/lib/python3.10/site-packages/airflow/example_dags/tutorial_taskflow_api.py for tasks to queue
[2024-05-16T12:27:43.972+0000] {logging_mixin.py:188} INFO - [2024-05-16T12:27:43.972+0000] {dagbag.py:545} INFO - Filling up the DagBag from /usr/local/python/3.10.13/lib/python3.10/site-packages/airflow/example_dags/tutorial_taskflow_api.py
[2024-05-16T12:27:43.977+0000] {processor.py:840} INFO - DAG(s) 'tutorial_taskflow_api' retrieved from /usr/local/python/3.10.13/lib/python3.10/site-packages/airflow/example_dags/tutorial_taskflow_api.py
[2024-05-16T12:27:43.987+0000] {logging_mixin.py:188} INFO - [2024-05-16T12:27:43.987+0000] {dag.py:3096} INFO - Sync 1 DAGs
[2024-05-16T12:27:43.996+0000] {logging_mixin.py:188} INFO - [2024-05-16T12:27:43.996+0000] {dag.py:3954} INFO - Setting next_dagrun for tutorial_taskflow_api to None, run_after=None
[2024-05-16T12:27:44.047+0000] {processor.py:183} INFO - Processing /usr/local/python/3.10.13/lib/python3.10/site-packages/airflow/example_dags/tutorial_taskflow_api.py took 0.081 seconds
[2024-05-16T12:28:27.430+0000] {processor.py:161} INFO - Started process (PID=16904) to work on /usr/local/python/3.10.13/lib/python3.10/site-packages/airflow/example_dags/tutorial_taskflow_api.py
[2024-05-16T12:28:27.431+0000] {processor.py:830} INFO - Processing file /usr/local/python/3.10.13/lib/python3.10/site-packages/airflow/example_dags/tutorial_taskflow_api.py for tasks to queue
[2024-05-16T12:28:27.433+0000] {logging_mixin.py:188} INFO - [2024-05-16T12:28:27.432+0000] {dagbag.py:545} INFO - Filling up the DagBag from /usr/local/python/3.10.13/lib/python3.10/site-packages/airflow/example_dags/tutorial_taskflow_api.py
[2024-05-16T12:28:27.438+0000] {processor.py:840} INFO - DAG(s) 'tutorial_taskflow_api' retrieved from /usr/local/python/3.10.13/lib/python3.10/site-packages/airflow/example_dags/tutorial_taskflow_api.py
[2024-05-16T12:28:27.449+0000] {logging_mixin.py:188} INFO - [2024-05-16T12:28:27.449+0000] {dag.py:3096} INFO - Sync 1 DAGs
[2024-05-16T12:28:27.458+0000] {logging_mixin.py:188} INFO - [2024-05-16T12:28:27.457+0000] {dag.py:3954} INFO - Setting next_dagrun for tutorial_taskflow_api to None, run_after=None
[2024-05-16T12:28:27.503+0000] {processor.py:183} INFO - Processing /usr/local/python/3.10.13/lib/python3.10/site-packages/airflow/example_dags/tutorial_taskflow_api.py took 0.077 seconds
[2024-05-16T12:29:08.925+0000] {processor.py:161} INFO - Started process (PID=17192) to work on /usr/local/python/3.10.13/lib/python3.10/site-packages/airflow/example_dags/tutorial_taskflow_api.py
[2024-05-16T12:29:08.926+0000] {processor.py:830} INFO - Processing file /usr/local/python/3.10.13/lib/python3.10/site-packages/airflow/example_dags/tutorial_taskflow_api.py for tasks to queue
[2024-05-16T12:29:08.927+0000] {logging_mixin.py:188} INFO - [2024-05-16T12:29:08.927+0000] {dagbag.py:545} INFO - Filling up the DagBag from /usr/local/python/3.10.13/lib/python3.10/site-packages/airflow/example_dags/tutorial_taskflow_api.py
[2024-05-16T12:29:08.933+0000] {processor.py:840} INFO - DAG(s) 'tutorial_taskflow_api' retrieved from /usr/local/python/3.10.13/lib/python3.10/site-packages/airflow/example_dags/tutorial_taskflow_api.py
[2024-05-16T12:29:08.944+0000] {logging_mixin.py:188} INFO - [2024-05-16T12:29:08.944+0000] {dag.py:3096} INFO - Sync 1 DAGs
[2024-05-16T12:29:08.953+0000] {logging_mixin.py:188} INFO - [2024-05-16T12:29:08.953+0000] {dag.py:3954} INFO - Setting next_dagrun for tutorial_taskflow_api to None, run_after=None
[2024-05-16T12:29:08.997+0000] {processor.py:183} INFO - Processing /usr/local/python/3.10.13/lib/python3.10/site-packages/airflow/example_dags/tutorial_taskflow_api.py took 0.078 seconds
[2024-05-16T12:29:51.674+0000] {processor.py:161} INFO - Started process (PID=17497) to work on /usr/local/python/3.10.13/lib/python3.10/site-packages/airflow/example_dags/tutorial_taskflow_api.py
[2024-05-16T12:29:51.674+0000] {processor.py:830} INFO - Processing file /usr/local/python/3.10.13/lib/python3.10/site-packages/airflow/example_dags/tutorial_taskflow_api.py for tasks to queue
[2024-05-16T12:29:51.676+0000] {logging_mixin.py:188} INFO - [2024-05-16T12:29:51.675+0000] {dagbag.py:545} INFO - Filling up the DagBag from /usr/local/python/3.10.13/lib/python3.10/site-packages/airflow/example_dags/tutorial_taskflow_api.py
[2024-05-16T12:29:51.682+0000] {processor.py:840} INFO - DAG(s) 'tutorial_taskflow_api' retrieved from /usr/local/python/3.10.13/lib/python3.10/site-packages/airflow/example_dags/tutorial_taskflow_api.py
[2024-05-16T12:29:51.693+0000] {logging_mixin.py:188} INFO - [2024-05-16T12:29:51.693+0000] {dag.py:3096} INFO - Sync 1 DAGs
[2024-05-16T12:29:51.702+0000] {logging_mixin.py:188} INFO - [2024-05-16T12:29:51.702+0000] {dag.py:3954} INFO - Setting next_dagrun for tutorial_taskflow_api to None, run_after=None
[2024-05-16T12:29:51.747+0000] {processor.py:183} INFO - Processing /usr/local/python/3.10.13/lib/python3.10/site-packages/airflow/example_dags/tutorial_taskflow_api.py took 0.078 seconds
[2024-05-16T12:30:34.785+0000] {processor.py:161} INFO - Started process (PID=17798) to work on /usr/local/python/3.10.13/lib/python3.10/site-packages/airflow/example_dags/tutorial_taskflow_api.py
[2024-05-16T12:30:34.786+0000] {processor.py:830} INFO - Processing file /usr/local/python/3.10.13/lib/python3.10/site-packages/airflow/example_dags/tutorial_taskflow_api.py for tasks to queue
[2024-05-16T12:30:34.787+0000] {logging_mixin.py:188} INFO - [2024-05-16T12:30:34.787+0000] {dagbag.py:545} INFO - Filling up the DagBag from /usr/local/python/3.10.13/lib/python3.10/site-packages/airflow/example_dags/tutorial_taskflow_api.py
[2024-05-16T12:30:34.792+0000] {processor.py:840} INFO - DAG(s) 'tutorial_taskflow_api' retrieved from /usr/local/python/3.10.13/lib/python3.10/site-packages/airflow/example_dags/tutorial_taskflow_api.py
[2024-05-16T12:30:34.804+0000] {logging_mixin.py:188} INFO - [2024-05-16T12:30:34.804+0000] {dag.py:3096} INFO - Sync 1 DAGs
[2024-05-16T12:30:34.813+0000] {logging_mixin.py:188} INFO - [2024-05-16T12:30:34.813+0000] {dag.py:3954} INFO - Setting next_dagrun for tutorial_taskflow_api to None, run_after=None
[2024-05-16T12:30:34.860+0000] {processor.py:183} INFO - Processing /usr/local/python/3.10.13/lib/python3.10/site-packages/airflow/example_dags/tutorial_taskflow_api.py took 0.079 seconds
[2024-05-16T12:31:18.999+0000] {processor.py:161} INFO - Started process (PID=18131) to work on /usr/local/python/3.10.13/lib/python3.10/site-packages/airflow/example_dags/tutorial_taskflow_api.py
[2024-05-16T12:31:19.000+0000] {processor.py:830} INFO - Processing file /usr/local/python/3.10.13/lib/python3.10/site-packages/airflow/example_dags/tutorial_taskflow_api.py for tasks to queue
[2024-05-16T12:31:19.002+0000] {logging_mixin.py:188} INFO - [2024-05-16T12:31:19.001+0000] {dagbag.py:545} INFO - Filling up the DagBag from /usr/local/python/3.10.13/lib/python3.10/site-packages/airflow/example_dags/tutorial_taskflow_api.py
[2024-05-16T12:31:19.007+0000] {processor.py:840} INFO - DAG(s) 'tutorial_taskflow_api' retrieved from /usr/local/python/3.10.13/lib/python3.10/site-packages/airflow/example_dags/tutorial_taskflow_api.py
[2024-05-16T12:31:19.018+0000] {logging_mixin.py:188} INFO - [2024-05-16T12:31:19.018+0000] {dag.py:3096} INFO - Sync 1 DAGs
[2024-05-16T12:31:19.032+0000] {logging_mixin.py:188} INFO - [2024-05-16T12:31:19.032+0000] {dag.py:3954} INFO - Setting next_dagrun for tutorial_taskflow_api to None, run_after=None
[2024-05-16T12:31:19.103+0000] {processor.py:183} INFO - Processing /usr/local/python/3.10.13/lib/python3.10/site-packages/airflow/example_dags/tutorial_taskflow_api.py took 0.109 seconds
[2024-05-16T12:32:02.718+0000] {processor.py:161} INFO - Started process (PID=18454) to work on /usr/local/python/3.10.13/lib/python3.10/site-packages/airflow/example_dags/tutorial_taskflow_api.py
[2024-05-16T12:32:02.719+0000] {processor.py:830} INFO - Processing file /usr/local/python/3.10.13/lib/python3.10/site-packages/airflow/example_dags/tutorial_taskflow_api.py for tasks to queue
[2024-05-16T12:32:02.721+0000] {logging_mixin.py:188} INFO - [2024-05-16T12:32:02.720+0000] {dagbag.py:545} INFO - Filling up the DagBag from /usr/local/python/3.10.13/lib/python3.10/site-packages/airflow/example_dags/tutorial_taskflow_api.py
[2024-05-16T12:32:02.726+0000] {processor.py:840} INFO - DAG(s) 'tutorial_taskflow_api' retrieved from /usr/local/python/3.10.13/lib/python3.10/site-packages/airflow/example_dags/tutorial_taskflow_api.py
[2024-05-16T12:32:02.737+0000] {logging_mixin.py:188} INFO - [2024-05-16T12:32:02.737+0000] {dag.py:3096} INFO - Sync 1 DAGs
[2024-05-16T12:32:02.746+0000] {logging_mixin.py:188} INFO - [2024-05-16T12:32:02.746+0000] {dag.py:3954} INFO - Setting next_dagrun for tutorial_taskflow_api to None, run_after=None
[2024-05-16T12:32:02.790+0000] {processor.py:183} INFO - Processing /usr/local/python/3.10.13/lib/python3.10/site-packages/airflow/example_dags/tutorial_taskflow_api.py took 0.077 seconds
[2024-05-16T12:32:41.751+0000] {processor.py:161} INFO - Started process (PID=18730) to work on /usr/local/python/3.10.13/lib/python3.10/site-packages/airflow/example_dags/tutorial_taskflow_api.py
[2024-05-16T12:32:41.751+0000] {processor.py:830} INFO - Processing file /usr/local/python/3.10.13/lib/python3.10/site-packages/airflow/example_dags/tutorial_taskflow_api.py for tasks to queue
[2024-05-16T12:32:41.753+0000] {logging_mixin.py:188} INFO - [2024-05-16T12:32:41.752+0000] {dagbag.py:545} INFO - Filling up the DagBag from /usr/local/python/3.10.13/lib/python3.10/site-packages/airflow/example_dags/tutorial_taskflow_api.py
[2024-05-16T12:32:41.758+0000] {processor.py:840} INFO - DAG(s) 'tutorial_taskflow_api' retrieved from /usr/local/python/3.10.13/lib/python3.10/site-packages/airflow/example_dags/tutorial_taskflow_api.py
[2024-05-16T12:32:41.769+0000] {logging_mixin.py:188} INFO - [2024-05-16T12:32:41.768+0000] {dag.py:3096} INFO - Sync 1 DAGs
[2024-05-16T12:32:41.777+0000] {logging_mixin.py:188} INFO - [2024-05-16T12:32:41.777+0000] {dag.py:3954} INFO - Setting next_dagrun for tutorial_taskflow_api to None, run_after=None
[2024-05-16T12:32:41.822+0000] {processor.py:183} INFO - Processing /usr/local/python/3.10.13/lib/python3.10/site-packages/airflow/example_dags/tutorial_taskflow_api.py took 0.076 seconds
[2024-05-16T12:33:23.138+0000] {processor.py:161} INFO - Started process (PID=19030) to work on /usr/local/python/3.10.13/lib/python3.10/site-packages/airflow/example_dags/tutorial_taskflow_api.py
[2024-05-16T12:33:23.138+0000] {processor.py:830} INFO - Processing file /usr/local/python/3.10.13/lib/python3.10/site-packages/airflow/example_dags/tutorial_taskflow_api.py for tasks to queue
[2024-05-16T12:33:23.140+0000] {logging_mixin.py:188} INFO - [2024-05-16T12:33:23.139+0000] {dagbag.py:545} INFO - Filling up the DagBag from /usr/local/python/3.10.13/lib/python3.10/site-packages/airflow/example_dags/tutorial_taskflow_api.py
[2024-05-16T12:33:23.145+0000] {processor.py:840} INFO - DAG(s) 'tutorial_taskflow_api' retrieved from /usr/local/python/3.10.13/lib/python3.10/site-packages/airflow/example_dags/tutorial_taskflow_api.py
[2024-05-16T12:33:23.155+0000] {logging_mixin.py:188} INFO - [2024-05-16T12:33:23.155+0000] {dag.py:3096} INFO - Sync 1 DAGs
[2024-05-16T12:33:23.164+0000] {logging_mixin.py:188} INFO - [2024-05-16T12:33:23.164+0000] {dag.py:3954} INFO - Setting next_dagrun for tutorial_taskflow_api to None, run_after=None
[2024-05-16T12:33:23.209+0000] {processor.py:183} INFO - Processing /usr/local/python/3.10.13/lib/python3.10/site-packages/airflow/example_dags/tutorial_taskflow_api.py took 0.075 seconds
[2024-05-16T12:34:06.027+0000] {processor.py:161} INFO - Started process (PID=19346) to work on /usr/local/python/3.10.13/lib/python3.10/site-packages/airflow/example_dags/tutorial_taskflow_api.py
[2024-05-16T12:34:06.028+0000] {processor.py:830} INFO - Processing file /usr/local/python/3.10.13/lib/python3.10/site-packages/airflow/example_dags/tutorial_taskflow_api.py for tasks to queue
[2024-05-16T12:34:06.029+0000] {logging_mixin.py:188} INFO - [2024-05-16T12:34:06.029+0000] {dagbag.py:545} INFO - Filling up the DagBag from /usr/local/python/3.10.13/lib/python3.10/site-packages/airflow/example_dags/tutorial_taskflow_api.py
[2024-05-16T12:34:06.034+0000] {processor.py:840} INFO - DAG(s) 'tutorial_taskflow_api' retrieved from /usr/local/python/3.10.13/lib/python3.10/site-packages/airflow/example_dags/tutorial_taskflow_api.py
[2024-05-16T12:34:06.044+0000] {logging_mixin.py:188} INFO - [2024-05-16T12:34:06.044+0000] {dag.py:3096} INFO - Sync 1 DAGs
[2024-05-16T12:34:06.053+0000] {logging_mixin.py:188} INFO - [2024-05-16T12:34:06.053+0000] {dag.py:3954} INFO - Setting next_dagrun for tutorial_taskflow_api to None, run_after=None
[2024-05-16T12:34:06.104+0000] {processor.py:183} INFO - Processing /usr/local/python/3.10.13/lib/python3.10/site-packages/airflow/example_dags/tutorial_taskflow_api.py took 0.082 seconds
[2024-05-16T12:34:49.766+0000] {processor.py:161} INFO - Started process (PID=19658) to work on /usr/local/python/3.10.13/lib/python3.10/site-packages/airflow/example_dags/tutorial_taskflow_api.py
[2024-05-16T12:34:49.767+0000] {processor.py:830} INFO - Processing file /usr/local/python/3.10.13/lib/python3.10/site-packages/airflow/example_dags/tutorial_taskflow_api.py for tasks to queue
[2024-05-16T12:34:49.768+0000] {logging_mixin.py:188} INFO - [2024-05-16T12:34:49.768+0000] {dagbag.py:545} INFO - Filling up the DagBag from /usr/local/python/3.10.13/lib/python3.10/site-packages/airflow/example_dags/tutorial_taskflow_api.py
[2024-05-16T12:34:49.773+0000] {processor.py:840} INFO - DAG(s) 'tutorial_taskflow_api' retrieved from /usr/local/python/3.10.13/lib/python3.10/site-packages/airflow/example_dags/tutorial_taskflow_api.py
[2024-05-16T12:34:49.784+0000] {logging_mixin.py:188} INFO - [2024-05-16T12:34:49.784+0000] {dag.py:3096} INFO - Sync 1 DAGs
[2024-05-16T12:34:49.793+0000] {logging_mixin.py:188} INFO - [2024-05-16T12:34:49.792+0000] {dag.py:3954} INFO - Setting next_dagrun for tutorial_taskflow_api to None, run_after=None
[2024-05-16T12:34:49.836+0000] {processor.py:183} INFO - Processing /usr/local/python/3.10.13/lib/python3.10/site-packages/airflow/example_dags/tutorial_taskflow_api.py took 0.075 seconds
[2024-05-16T12:35:31.617+0000] {processor.py:161} INFO - Started process (PID=19979) to work on /usr/local/python/3.10.13/lib/python3.10/site-packages/airflow/example_dags/tutorial_taskflow_api.py
[2024-05-16T12:35:31.618+0000] {processor.py:830} INFO - Processing file /usr/local/python/3.10.13/lib/python3.10/site-packages/airflow/example_dags/tutorial_taskflow_api.py for tasks to queue
[2024-05-16T12:35:31.620+0000] {logging_mixin.py:188} INFO - [2024-05-16T12:35:31.620+0000] {dagbag.py:545} INFO - Filling up the DagBag from /usr/local/python/3.10.13/lib/python3.10/site-packages/airflow/example_dags/tutorial_taskflow_api.py
[2024-05-16T12:35:31.628+0000] {processor.py:840} INFO - DAG(s) 'tutorial_taskflow_api' retrieved from /usr/local/python/3.10.13/lib/python3.10/site-packages/airflow/example_dags/tutorial_taskflow_api.py
[2024-05-16T12:35:31.647+0000] {logging_mixin.py:188} INFO - [2024-05-16T12:35:31.647+0000] {dag.py:3096} INFO - Sync 1 DAGs
[2024-05-16T12:35:31.662+0000] {logging_mixin.py:188} INFO - [2024-05-16T12:35:31.662+0000] {dag.py:3954} INFO - Setting next_dagrun for tutorial_taskflow_api to None, run_after=None
[2024-05-16T12:35:31.710+0000] {processor.py:183} INFO - Processing /usr/local/python/3.10.13/lib/python3.10/site-packages/airflow/example_dags/tutorial_taskflow_api.py took 0.101 seconds
[2024-05-16T12:36:12.385+0000] {processor.py:161} INFO - Started process (PID=20279) to work on /usr/local/python/3.10.13/lib/python3.10/site-packages/airflow/example_dags/tutorial_taskflow_api.py
[2024-05-16T12:36:12.386+0000] {processor.py:830} INFO - Processing file /usr/local/python/3.10.13/lib/python3.10/site-packages/airflow/example_dags/tutorial_taskflow_api.py for tasks to queue
[2024-05-16T12:36:12.388+0000] {logging_mixin.py:188} INFO - [2024-05-16T12:36:12.388+0000] {dagbag.py:545} INFO - Filling up the DagBag from /usr/local/python/3.10.13/lib/python3.10/site-packages/airflow/example_dags/tutorial_taskflow_api.py
[2024-05-16T12:36:12.396+0000] {processor.py:840} INFO - DAG(s) 'tutorial_taskflow_api' retrieved from /usr/local/python/3.10.13/lib/python3.10/site-packages/airflow/example_dags/tutorial_taskflow_api.py
[2024-05-16T12:36:12.408+0000] {logging_mixin.py:188} INFO - [2024-05-16T12:36:12.408+0000] {dag.py:3096} INFO - Sync 1 DAGs
[2024-05-16T12:36:12.432+0000] {logging_mixin.py:188} INFO - [2024-05-16T12:36:12.432+0000] {dag.py:3954} INFO - Setting next_dagrun for tutorial_taskflow_api to None, run_after=None
[2024-05-16T12:36:12.492+0000] {processor.py:183} INFO - Processing /usr/local/python/3.10.13/lib/python3.10/site-packages/airflow/example_dags/tutorial_taskflow_api.py took 0.114 seconds
[2024-05-16T12:36:52.495+0000] {processor.py:161} INFO - Started process (PID=20556) to work on /usr/local/python/3.10.13/lib/python3.10/site-packages/airflow/example_dags/tutorial_taskflow_api.py
[2024-05-16T12:36:52.495+0000] {processor.py:830} INFO - Processing file /usr/local/python/3.10.13/lib/python3.10/site-packages/airflow/example_dags/tutorial_taskflow_api.py for tasks to queue
[2024-05-16T12:36:52.497+0000] {logging_mixin.py:188} INFO - [2024-05-16T12:36:52.496+0000] {dagbag.py:545} INFO - Filling up the DagBag from /usr/local/python/3.10.13/lib/python3.10/site-packages/airflow/example_dags/tutorial_taskflow_api.py
[2024-05-16T12:36:52.502+0000] {processor.py:840} INFO - DAG(s) 'tutorial_taskflow_api' retrieved from /usr/local/python/3.10.13/lib/python3.10/site-packages/airflow/example_dags/tutorial_taskflow_api.py
[2024-05-16T12:36:52.513+0000] {logging_mixin.py:188} INFO - [2024-05-16T12:36:52.513+0000] {dag.py:3096} INFO - Sync 1 DAGs
[2024-05-16T12:36:52.522+0000] {logging_mixin.py:188} INFO - [2024-05-16T12:36:52.521+0000] {dag.py:3954} INFO - Setting next_dagrun for tutorial_taskflow_api to None, run_after=None
[2024-05-16T12:36:52.568+0000] {processor.py:183} INFO - Processing /usr/local/python/3.10.13/lib/python3.10/site-packages/airflow/example_dags/tutorial_taskflow_api.py took 0.078 seconds
[2024-05-16T12:37:35.671+0000] {processor.py:161} INFO - Started process (PID=20876) to work on /usr/local/python/3.10.13/lib/python3.10/site-packages/airflow/example_dags/tutorial_taskflow_api.py
[2024-05-16T12:37:35.672+0000] {processor.py:830} INFO - Processing file /usr/local/python/3.10.13/lib/python3.10/site-packages/airflow/example_dags/tutorial_taskflow_api.py for tasks to queue
[2024-05-16T12:37:35.673+0000] {logging_mixin.py:188} INFO - [2024-05-16T12:37:35.673+0000] {dagbag.py:545} INFO - Filling up the DagBag from /usr/local/python/3.10.13/lib/python3.10/site-packages/airflow/example_dags/tutorial_taskflow_api.py
[2024-05-16T12:37:35.679+0000] {processor.py:840} INFO - DAG(s) 'tutorial_taskflow_api' retrieved from /usr/local/python/3.10.13/lib/python3.10/site-packages/airflow/example_dags/tutorial_taskflow_api.py
[2024-05-16T12:37:35.689+0000] {logging_mixin.py:188} INFO - [2024-05-16T12:37:35.689+0000] {dag.py:3096} INFO - Sync 1 DAGs
[2024-05-16T12:37:35.699+0000] {logging_mixin.py:188} INFO - [2024-05-16T12:37:35.699+0000] {dag.py:3954} INFO - Setting next_dagrun for tutorial_taskflow_api to None, run_after=None
[2024-05-16T12:37:35.743+0000] {processor.py:183} INFO - Processing /usr/local/python/3.10.13/lib/python3.10/site-packages/airflow/example_dags/tutorial_taskflow_api.py took 0.076 seconds
[2024-05-16T12:38:15.109+0000] {processor.py:161} INFO - Started process (PID=21158) to work on /usr/local/python/3.10.13/lib/python3.10/site-packages/airflow/example_dags/tutorial_taskflow_api.py
[2024-05-16T12:38:15.109+0000] {processor.py:830} INFO - Processing file /usr/local/python/3.10.13/lib/python3.10/site-packages/airflow/example_dags/tutorial_taskflow_api.py for tasks to queue
[2024-05-16T12:38:15.111+0000] {logging_mixin.py:188} INFO - [2024-05-16T12:38:15.110+0000] {dagbag.py:545} INFO - Filling up the DagBag from /usr/local/python/3.10.13/lib/python3.10/site-packages/airflow/example_dags/tutorial_taskflow_api.py
[2024-05-16T12:38:15.116+0000] {processor.py:840} INFO - DAG(s) 'tutorial_taskflow_api' retrieved from /usr/local/python/3.10.13/lib/python3.10/site-packages/airflow/example_dags/tutorial_taskflow_api.py
[2024-05-16T12:38:15.128+0000] {logging_mixin.py:188} INFO - [2024-05-16T12:38:15.128+0000] {dag.py:3096} INFO - Sync 1 DAGs
[2024-05-16T12:38:15.137+0000] {logging_mixin.py:188} INFO - [2024-05-16T12:38:15.136+0000] {dag.py:3954} INFO - Setting next_dagrun for tutorial_taskflow_api to None, run_after=None
[2024-05-16T12:38:15.183+0000] {processor.py:183} INFO - Processing /usr/local/python/3.10.13/lib/python3.10/site-packages/airflow/example_dags/tutorial_taskflow_api.py took 0.079 seconds
[2024-05-16T12:38:54.415+0000] {processor.py:161} INFO - Started process (PID=21413) to work on /usr/local/python/3.10.13/lib/python3.10/site-packages/airflow/example_dags/tutorial_taskflow_api.py
[2024-05-16T12:38:54.416+0000] {processor.py:830} INFO - Processing file /usr/local/python/3.10.13/lib/python3.10/site-packages/airflow/example_dags/tutorial_taskflow_api.py for tasks to queue
[2024-05-16T12:38:54.417+0000] {logging_mixin.py:188} INFO - [2024-05-16T12:38:54.417+0000] {dagbag.py:545} INFO - Filling up the DagBag from /usr/local/python/3.10.13/lib/python3.10/site-packages/airflow/example_dags/tutorial_taskflow_api.py
[2024-05-16T12:38:54.422+0000] {processor.py:840} INFO - DAG(s) 'tutorial_taskflow_api' retrieved from /usr/local/python/3.10.13/lib/python3.10/site-packages/airflow/example_dags/tutorial_taskflow_api.py
[2024-05-16T12:38:54.433+0000] {logging_mixin.py:188} INFO - [2024-05-16T12:38:54.433+0000] {dag.py:3096} INFO - Sync 1 DAGs
[2024-05-16T12:38:54.442+0000] {logging_mixin.py:188} INFO - [2024-05-16T12:38:54.441+0000] {dag.py:3954} INFO - Setting next_dagrun for tutorial_taskflow_api to None, run_after=None
[2024-05-16T12:38:54.485+0000] {processor.py:183} INFO - Processing /usr/local/python/3.10.13/lib/python3.10/site-packages/airflow/example_dags/tutorial_taskflow_api.py took 0.075 seconds
[2024-05-16T12:39:38.167+0000] {processor.py:161} INFO - Started process (PID=21738) to work on /usr/local/python/3.10.13/lib/python3.10/site-packages/airflow/example_dags/tutorial_taskflow_api.py
[2024-05-16T12:39:38.167+0000] {processor.py:830} INFO - Processing file /usr/local/python/3.10.13/lib/python3.10/site-packages/airflow/example_dags/tutorial_taskflow_api.py for tasks to queue
[2024-05-16T12:39:38.169+0000] {logging_mixin.py:188} INFO - [2024-05-16T12:39:38.168+0000] {dagbag.py:545} INFO - Filling up the DagBag from /usr/local/python/3.10.13/lib/python3.10/site-packages/airflow/example_dags/tutorial_taskflow_api.py
[2024-05-16T12:39:38.174+0000] {processor.py:840} INFO - DAG(s) 'tutorial_taskflow_api' retrieved from /usr/local/python/3.10.13/lib/python3.10/site-packages/airflow/example_dags/tutorial_taskflow_api.py
[2024-05-16T12:39:38.184+0000] {logging_mixin.py:188} INFO - [2024-05-16T12:39:38.184+0000] {dag.py:3096} INFO - Sync 1 DAGs
[2024-05-16T12:39:38.199+0000] {logging_mixin.py:188} INFO - [2024-05-16T12:39:38.199+0000] {dag.py:3954} INFO - Setting next_dagrun for tutorial_taskflow_api to None, run_after=None
[2024-05-16T12:39:38.252+0000] {processor.py:183} INFO - Processing /usr/local/python/3.10.13/lib/python3.10/site-packages/airflow/example_dags/tutorial_taskflow_api.py took 0.090 seconds
[2024-05-16T12:40:21.070+0000] {processor.py:161} INFO - Started process (PID=22049) to work on /usr/local/python/3.10.13/lib/python3.10/site-packages/airflow/example_dags/tutorial_taskflow_api.py
[2024-05-16T12:40:21.071+0000] {processor.py:830} INFO - Processing file /usr/local/python/3.10.13/lib/python3.10/site-packages/airflow/example_dags/tutorial_taskflow_api.py for tasks to queue
[2024-05-16T12:40:21.072+0000] {logging_mixin.py:188} INFO - [2024-05-16T12:40:21.072+0000] {dagbag.py:545} INFO - Filling up the DagBag from /usr/local/python/3.10.13/lib/python3.10/site-packages/airflow/example_dags/tutorial_taskflow_api.py
[2024-05-16T12:40:21.077+0000] {processor.py:840} INFO - DAG(s) 'tutorial_taskflow_api' retrieved from /usr/local/python/3.10.13/lib/python3.10/site-packages/airflow/example_dags/tutorial_taskflow_api.py
[2024-05-16T12:40:21.088+0000] {logging_mixin.py:188} INFO - [2024-05-16T12:40:21.088+0000] {dag.py:3096} INFO - Sync 1 DAGs
[2024-05-16T12:40:21.097+0000] {logging_mixin.py:188} INFO - [2024-05-16T12:40:21.097+0000] {dag.py:3954} INFO - Setting next_dagrun for tutorial_taskflow_api to None, run_after=None
[2024-05-16T12:40:21.142+0000] {processor.py:183} INFO - Processing /usr/local/python/3.10.13/lib/python3.10/site-packages/airflow/example_dags/tutorial_taskflow_api.py took 0.077 seconds
[2024-05-16T12:41:02.603+0000] {processor.py:161} INFO - Started process (PID=22351) to work on /usr/local/python/3.10.13/lib/python3.10/site-packages/airflow/example_dags/tutorial_taskflow_api.py
[2024-05-16T12:41:02.603+0000] {processor.py:830} INFO - Processing file /usr/local/python/3.10.13/lib/python3.10/site-packages/airflow/example_dags/tutorial_taskflow_api.py for tasks to queue
[2024-05-16T12:41:02.605+0000] {logging_mixin.py:188} INFO - [2024-05-16T12:41:02.604+0000] {dagbag.py:545} INFO - Filling up the DagBag from /usr/local/python/3.10.13/lib/python3.10/site-packages/airflow/example_dags/tutorial_taskflow_api.py
[2024-05-16T12:41:02.610+0000] {processor.py:840} INFO - DAG(s) 'tutorial_taskflow_api' retrieved from /usr/local/python/3.10.13/lib/python3.10/site-packages/airflow/example_dags/tutorial_taskflow_api.py
[2024-05-16T12:41:02.626+0000] {logging_mixin.py:188} INFO - [2024-05-16T12:41:02.625+0000] {dag.py:3096} INFO - Sync 1 DAGs
[2024-05-16T12:41:02.636+0000] {logging_mixin.py:188} INFO - [2024-05-16T12:41:02.636+0000] {dag.py:3954} INFO - Setting next_dagrun for tutorial_taskflow_api to None, run_after=None
[2024-05-16T12:41:02.681+0000] {processor.py:183} INFO - Processing /usr/local/python/3.10.13/lib/python3.10/site-packages/airflow/example_dags/tutorial_taskflow_api.py took 0.083 seconds
[2024-05-16T12:41:43.728+0000] {processor.py:161} INFO - Started process (PID=22643) to work on /usr/local/python/3.10.13/lib/python3.10/site-packages/airflow/example_dags/tutorial_taskflow_api.py
[2024-05-16T12:41:43.729+0000] {processor.py:830} INFO - Processing file /usr/local/python/3.10.13/lib/python3.10/site-packages/airflow/example_dags/tutorial_taskflow_api.py for tasks to queue
[2024-05-16T12:41:43.730+0000] {logging_mixin.py:188} INFO - [2024-05-16T12:41:43.730+0000] {dagbag.py:545} INFO - Filling up the DagBag from /usr/local/python/3.10.13/lib/python3.10/site-packages/airflow/example_dags/tutorial_taskflow_api.py
[2024-05-16T12:41:43.735+0000] {processor.py:840} INFO - DAG(s) 'tutorial_taskflow_api' retrieved from /usr/local/python/3.10.13/lib/python3.10/site-packages/airflow/example_dags/tutorial_taskflow_api.py
[2024-05-16T12:41:43.746+0000] {logging_mixin.py:188} INFO - [2024-05-16T12:41:43.746+0000] {dag.py:3096} INFO - Sync 1 DAGs
[2024-05-16T12:41:43.755+0000] {logging_mixin.py:188} INFO - [2024-05-16T12:41:43.755+0000] {dag.py:3954} INFO - Setting next_dagrun for tutorial_taskflow_api to None, run_after=None
[2024-05-16T12:41:43.799+0000] {processor.py:183} INFO - Processing /usr/local/python/3.10.13/lib/python3.10/site-packages/airflow/example_dags/tutorial_taskflow_api.py took 0.076 seconds
[2024-05-16T12:42:29.375+0000] {processor.py:161} INFO - Started process (PID=22967) to work on /usr/local/python/3.10.13/lib/python3.10/site-packages/airflow/example_dags/tutorial_taskflow_api.py
[2024-05-16T12:42:29.376+0000] {processor.py:830} INFO - Processing file /usr/local/python/3.10.13/lib/python3.10/site-packages/airflow/example_dags/tutorial_taskflow_api.py for tasks to queue
[2024-05-16T12:42:29.377+0000] {logging_mixin.py:188} INFO - [2024-05-16T12:42:29.377+0000] {dagbag.py:545} INFO - Filling up the DagBag from /usr/local/python/3.10.13/lib/python3.10/site-packages/airflow/example_dags/tutorial_taskflow_api.py
[2024-05-16T12:42:29.382+0000] {processor.py:840} INFO - DAG(s) 'tutorial_taskflow_api' retrieved from /usr/local/python/3.10.13/lib/python3.10/site-packages/airflow/example_dags/tutorial_taskflow_api.py
[2024-05-16T12:42:29.393+0000] {logging_mixin.py:188} INFO - [2024-05-16T12:42:29.393+0000] {dag.py:3096} INFO - Sync 1 DAGs
[2024-05-16T12:42:29.402+0000] {logging_mixin.py:188} INFO - [2024-05-16T12:42:29.402+0000] {dag.py:3954} INFO - Setting next_dagrun for tutorial_taskflow_api to None, run_after=None
[2024-05-16T12:42:29.447+0000] {processor.py:183} INFO - Processing /usr/local/python/3.10.13/lib/python3.10/site-packages/airflow/example_dags/tutorial_taskflow_api.py took 0.077 seconds
[2024-05-16T12:43:09.911+0000] {processor.py:161} INFO - Started process (PID=23268) to work on /usr/local/python/3.10.13/lib/python3.10/site-packages/airflow/example_dags/tutorial_taskflow_api.py
[2024-05-16T12:43:09.911+0000] {processor.py:830} INFO - Processing file /usr/local/python/3.10.13/lib/python3.10/site-packages/airflow/example_dags/tutorial_taskflow_api.py for tasks to queue
[2024-05-16T12:43:09.913+0000] {logging_mixin.py:188} INFO - [2024-05-16T12:43:09.912+0000] {dagbag.py:545} INFO - Filling up the DagBag from /usr/local/python/3.10.13/lib/python3.10/site-packages/airflow/example_dags/tutorial_taskflow_api.py
[2024-05-16T12:43:09.918+0000] {processor.py:840} INFO - DAG(s) 'tutorial_taskflow_api' retrieved from /usr/local/python/3.10.13/lib/python3.10/site-packages/airflow/example_dags/tutorial_taskflow_api.py
[2024-05-16T12:43:09.929+0000] {logging_mixin.py:188} INFO - [2024-05-16T12:43:09.929+0000] {dag.py:3096} INFO - Sync 1 DAGs
[2024-05-16T12:43:09.940+0000] {logging_mixin.py:188} INFO - [2024-05-16T12:43:09.940+0000] {dag.py:3954} INFO - Setting next_dagrun for tutorial_taskflow_api to None, run_after=None
[2024-05-16T12:43:09.986+0000] {processor.py:183} INFO - Processing /usr/local/python/3.10.13/lib/python3.10/site-packages/airflow/example_dags/tutorial_taskflow_api.py took 0.080 seconds
[2024-05-16T12:43:51.493+0000] {processor.py:161} INFO - Started process (PID=23582) to work on /usr/local/python/3.10.13/lib/python3.10/site-packages/airflow/example_dags/tutorial_taskflow_api.py
[2024-05-16T12:43:51.496+0000] {processor.py:830} INFO - Processing file /usr/local/python/3.10.13/lib/python3.10/site-packages/airflow/example_dags/tutorial_taskflow_api.py for tasks to queue
[2024-05-16T12:43:51.498+0000] {logging_mixin.py:188} INFO - [2024-05-16T12:43:51.497+0000] {dagbag.py:545} INFO - Filling up the DagBag from /usr/local/python/3.10.13/lib/python3.10/site-packages/airflow/example_dags/tutorial_taskflow_api.py
[2024-05-16T12:43:51.506+0000] {processor.py:840} INFO - DAG(s) 'tutorial_taskflow_api' retrieved from /usr/local/python/3.10.13/lib/python3.10/site-packages/airflow/example_dags/tutorial_taskflow_api.py
[2024-05-16T12:43:51.525+0000] {logging_mixin.py:188} INFO - [2024-05-16T12:43:51.525+0000] {dag.py:3096} INFO - Sync 1 DAGs
[2024-05-16T12:43:51.537+0000] {logging_mixin.py:188} INFO - [2024-05-16T12:43:51.537+0000] {dag.py:3954} INFO - Setting next_dagrun for tutorial_taskflow_api to None, run_after=None
[2024-05-16T12:43:51.591+0000] {processor.py:183} INFO - Processing /usr/local/python/3.10.13/lib/python3.10/site-packages/airflow/example_dags/tutorial_taskflow_api.py took 0.107 seconds
[2024-05-16T12:44:36.137+0000] {processor.py:161} INFO - Started process (PID=23905) to work on /usr/local/python/3.10.13/lib/python3.10/site-packages/airflow/example_dags/tutorial_taskflow_api.py
[2024-05-16T12:44:36.138+0000] {processor.py:830} INFO - Processing file /usr/local/python/3.10.13/lib/python3.10/site-packages/airflow/example_dags/tutorial_taskflow_api.py for tasks to queue
[2024-05-16T12:44:36.139+0000] {logging_mixin.py:188} INFO - [2024-05-16T12:44:36.139+0000] {dagbag.py:545} INFO - Filling up the DagBag from /usr/local/python/3.10.13/lib/python3.10/site-packages/airflow/example_dags/tutorial_taskflow_api.py
[2024-05-16T12:44:36.144+0000] {processor.py:840} INFO - DAG(s) 'tutorial_taskflow_api' retrieved from /usr/local/python/3.10.13/lib/python3.10/site-packages/airflow/example_dags/tutorial_taskflow_api.py
[2024-05-16T12:44:36.155+0000] {logging_mixin.py:188} INFO - [2024-05-16T12:44:36.154+0000] {dag.py:3096} INFO - Sync 1 DAGs
[2024-05-16T12:44:36.163+0000] {logging_mixin.py:188} INFO - [2024-05-16T12:44:36.163+0000] {dag.py:3954} INFO - Setting next_dagrun for tutorial_taskflow_api to None, run_after=None
[2024-05-16T12:44:36.208+0000] {processor.py:183} INFO - Processing /usr/local/python/3.10.13/lib/python3.10/site-packages/airflow/example_dags/tutorial_taskflow_api.py took 0.076 seconds
[2024-05-16T12:45:18.984+0000] {processor.py:161} INFO - Started process (PID=24274) to work on /usr/local/python/3.10.13/lib/python3.10/site-packages/airflow/example_dags/tutorial_taskflow_api.py
[2024-05-16T12:45:18.985+0000] {processor.py:830} INFO - Processing file /usr/local/python/3.10.13/lib/python3.10/site-packages/airflow/example_dags/tutorial_taskflow_api.py for tasks to queue
[2024-05-16T12:45:18.987+0000] {logging_mixin.py:188} INFO - [2024-05-16T12:45:18.986+0000] {dagbag.py:545} INFO - Filling up the DagBag from /usr/local/python/3.10.13/lib/python3.10/site-packages/airflow/example_dags/tutorial_taskflow_api.py
[2024-05-16T12:45:18.992+0000] {processor.py:840} INFO - DAG(s) 'tutorial_taskflow_api' retrieved from /usr/local/python/3.10.13/lib/python3.10/site-packages/airflow/example_dags/tutorial_taskflow_api.py
[2024-05-16T12:45:19.005+0000] {logging_mixin.py:188} INFO - [2024-05-16T12:45:19.005+0000] {dag.py:3096} INFO - Sync 1 DAGs
[2024-05-16T12:45:19.015+0000] {logging_mixin.py:188} INFO - [2024-05-16T12:45:19.015+0000] {dag.py:3954} INFO - Setting next_dagrun for tutorial_taskflow_api to None, run_after=None
[2024-05-16T12:45:19.064+0000] {processor.py:183} INFO - Processing /usr/local/python/3.10.13/lib/python3.10/site-packages/airflow/example_dags/tutorial_taskflow_api.py took 0.085 seconds
