[2024-05-16T12:06:08.001+0000] {processor.py:161} INFO - Started process (PID=7281) to work on /usr/local/python/3.10.13/lib/python3.10/site-packages/airflow/example_dags/tutorial_objectstorage.py
[2024-05-16T12:06:08.002+0000] {processor.py:830} INFO - Processing file /usr/local/python/3.10.13/lib/python3.10/site-packages/airflow/example_dags/tutorial_objectstorage.py for tasks to queue
[2024-05-16T12:06:08.003+0000] {logging_mixin.py:188} INFO - [2024-05-16T12:06:08.003+0000] {dagbag.py:545} INFO - Filling up the DagBag from /usr/local/python/3.10.13/lib/python3.10/site-packages/airflow/example_dags/tutorial_objectstorage.py
[2024-05-16T12:06:08.011+0000] {processor.py:840} INFO - DAG(s) 'tutorial_objectstorage' retrieved from /usr/local/python/3.10.13/lib/python3.10/site-packages/airflow/example_dags/tutorial_objectstorage.py
[2024-05-16T12:06:08.173+0000] {logging_mixin.py:188} INFO - [2024-05-16T12:06:08.173+0000] {dag.py:3096} INFO - Sync 1 DAGs
[2024-05-16T12:06:08.182+0000] {logging_mixin.py:188} INFO - [2024-05-16T12:06:08.182+0000] {dag.py:3954} INFO - Setting next_dagrun for tutorial_objectstorage to None, run_after=None
[2024-05-16T12:06:08.237+0000] {processor.py:183} INFO - Processing /usr/local/python/3.10.13/lib/python3.10/site-packages/airflow/example_dags/tutorial_objectstorage.py took 0.241 seconds
[2024-05-16T12:07:09.482+0000] {processor.py:161} INFO - Started process (PID=7695) to work on /usr/local/python/3.10.13/lib/python3.10/site-packages/airflow/example_dags/tutorial_objectstorage.py
[2024-05-16T12:07:09.482+0000] {processor.py:830} INFO - Processing file /usr/local/python/3.10.13/lib/python3.10/site-packages/airflow/example_dags/tutorial_objectstorage.py for tasks to queue
[2024-05-16T12:07:09.484+0000] {logging_mixin.py:188} INFO - [2024-05-16T12:07:09.483+0000] {dagbag.py:545} INFO - Filling up the DagBag from /usr/local/python/3.10.13/lib/python3.10/site-packages/airflow/example_dags/tutorial_objectstorage.py
[2024-05-16T12:07:09.489+0000] {processor.py:840} INFO - DAG(s) 'tutorial_objectstorage' retrieved from /usr/local/python/3.10.13/lib/python3.10/site-packages/airflow/example_dags/tutorial_objectstorage.py
[2024-05-16T12:07:09.499+0000] {logging_mixin.py:188} INFO - [2024-05-16T12:07:09.499+0000] {dag.py:3096} INFO - Sync 1 DAGs
[2024-05-16T12:07:09.508+0000] {logging_mixin.py:188} INFO - [2024-05-16T12:07:09.508+0000] {dag.py:3954} INFO - Setting next_dagrun for tutorial_objectstorage to None, run_after=None
[2024-05-16T12:07:09.555+0000] {processor.py:183} INFO - Processing /usr/local/python/3.10.13/lib/python3.10/site-packages/airflow/example_dags/tutorial_objectstorage.py took 0.078 seconds
[2024-05-16T12:07:58.091+0000] {processor.py:161} INFO - Started process (PID=8033) to work on /usr/local/python/3.10.13/lib/python3.10/site-packages/airflow/example_dags/tutorial_objectstorage.py
[2024-05-16T12:07:58.092+0000] {processor.py:830} INFO - Processing file /usr/local/python/3.10.13/lib/python3.10/site-packages/airflow/example_dags/tutorial_objectstorage.py for tasks to queue
[2024-05-16T12:07:58.094+0000] {logging_mixin.py:188} INFO - [2024-05-16T12:07:58.094+0000] {dagbag.py:545} INFO - Filling up the DagBag from /usr/local/python/3.10.13/lib/python3.10/site-packages/airflow/example_dags/tutorial_objectstorage.py
[2024-05-16T12:07:58.102+0000] {processor.py:840} INFO - DAG(s) 'tutorial_objectstorage' retrieved from /usr/local/python/3.10.13/lib/python3.10/site-packages/airflow/example_dags/tutorial_objectstorage.py
[2024-05-16T12:07:58.116+0000] {logging_mixin.py:188} INFO - [2024-05-16T12:07:58.116+0000] {dag.py:3096} INFO - Sync 1 DAGs
[2024-05-16T12:07:58.126+0000] {logging_mixin.py:188} INFO - [2024-05-16T12:07:58.125+0000] {dag.py:3954} INFO - Setting next_dagrun for tutorial_objectstorage to None, run_after=None
[2024-05-16T12:07:58.171+0000] {processor.py:183} INFO - Processing /usr/local/python/3.10.13/lib/python3.10/site-packages/airflow/example_dags/tutorial_objectstorage.py took 0.087 seconds
[2024-05-16T12:08:42.093+0000] {processor.py:161} INFO - Started process (PID=8336) to work on /usr/local/python/3.10.13/lib/python3.10/site-packages/airflow/example_dags/tutorial_objectstorage.py
[2024-05-16T12:08:42.093+0000] {processor.py:830} INFO - Processing file /usr/local/python/3.10.13/lib/python3.10/site-packages/airflow/example_dags/tutorial_objectstorage.py for tasks to queue
[2024-05-16T12:08:42.095+0000] {logging_mixin.py:188} INFO - [2024-05-16T12:08:42.094+0000] {dagbag.py:545} INFO - Filling up the DagBag from /usr/local/python/3.10.13/lib/python3.10/site-packages/airflow/example_dags/tutorial_objectstorage.py
[2024-05-16T12:08:42.100+0000] {processor.py:840} INFO - DAG(s) 'tutorial_objectstorage' retrieved from /usr/local/python/3.10.13/lib/python3.10/site-packages/airflow/example_dags/tutorial_objectstorage.py
[2024-05-16T12:08:42.111+0000] {logging_mixin.py:188} INFO - [2024-05-16T12:08:42.111+0000] {dag.py:3096} INFO - Sync 1 DAGs
[2024-05-16T12:08:42.120+0000] {logging_mixin.py:188} INFO - [2024-05-16T12:08:42.120+0000] {dag.py:3954} INFO - Setting next_dagrun for tutorial_objectstorage to None, run_after=None
[2024-05-16T12:08:42.167+0000] {processor.py:183} INFO - Processing /usr/local/python/3.10.13/lib/python3.10/site-packages/airflow/example_dags/tutorial_objectstorage.py took 0.079 seconds
[2024-05-16T12:09:25.809+0000] {processor.py:161} INFO - Started process (PID=8680) to work on /usr/local/python/3.10.13/lib/python3.10/site-packages/airflow/example_dags/tutorial_objectstorage.py
[2024-05-16T12:09:25.810+0000] {processor.py:830} INFO - Processing file /usr/local/python/3.10.13/lib/python3.10/site-packages/airflow/example_dags/tutorial_objectstorage.py for tasks to queue
[2024-05-16T12:09:25.811+0000] {logging_mixin.py:188} INFO - [2024-05-16T12:09:25.811+0000] {dagbag.py:545} INFO - Filling up the DagBag from /usr/local/python/3.10.13/lib/python3.10/site-packages/airflow/example_dags/tutorial_objectstorage.py
[2024-05-16T12:09:25.817+0000] {processor.py:840} INFO - DAG(s) 'tutorial_objectstorage' retrieved from /usr/local/python/3.10.13/lib/python3.10/site-packages/airflow/example_dags/tutorial_objectstorage.py
[2024-05-16T12:09:25.827+0000] {logging_mixin.py:188} INFO - [2024-05-16T12:09:25.827+0000] {dag.py:3096} INFO - Sync 1 DAGs
[2024-05-16T12:09:25.836+0000] {logging_mixin.py:188} INFO - [2024-05-16T12:09:25.836+0000] {dag.py:3954} INFO - Setting next_dagrun for tutorial_objectstorage to None, run_after=None
[2024-05-16T12:09:25.880+0000] {processor.py:183} INFO - Processing /usr/local/python/3.10.13/lib/python3.10/site-packages/airflow/example_dags/tutorial_objectstorage.py took 0.075 seconds
[2024-05-16T12:10:10.252+0000] {processor.py:161} INFO - Started process (PID=8983) to work on /usr/local/python/3.10.13/lib/python3.10/site-packages/airflow/example_dags/tutorial_objectstorage.py
[2024-05-16T12:10:10.253+0000] {processor.py:830} INFO - Processing file /usr/local/python/3.10.13/lib/python3.10/site-packages/airflow/example_dags/tutorial_objectstorage.py for tasks to queue
[2024-05-16T12:10:10.254+0000] {logging_mixin.py:188} INFO - [2024-05-16T12:10:10.254+0000] {dagbag.py:545} INFO - Filling up the DagBag from /usr/local/python/3.10.13/lib/python3.10/site-packages/airflow/example_dags/tutorial_objectstorage.py
[2024-05-16T12:10:10.260+0000] {processor.py:840} INFO - DAG(s) 'tutorial_objectstorage' retrieved from /usr/local/python/3.10.13/lib/python3.10/site-packages/airflow/example_dags/tutorial_objectstorage.py
[2024-05-16T12:10:10.270+0000] {logging_mixin.py:188} INFO - [2024-05-16T12:10:10.270+0000] {dag.py:3096} INFO - Sync 1 DAGs
[2024-05-16T12:10:10.279+0000] {logging_mixin.py:188} INFO - [2024-05-16T12:10:10.279+0000] {dag.py:3954} INFO - Setting next_dagrun for tutorial_objectstorage to None, run_after=None
[2024-05-16T12:10:10.326+0000] {processor.py:183} INFO - Processing /usr/local/python/3.10.13/lib/python3.10/site-packages/airflow/example_dags/tutorial_objectstorage.py took 0.079 seconds
[2024-05-16T12:10:52.663+0000] {processor.py:161} INFO - Started process (PID=9271) to work on /usr/local/python/3.10.13/lib/python3.10/site-packages/airflow/example_dags/tutorial_objectstorage.py
[2024-05-16T12:10:52.664+0000] {processor.py:830} INFO - Processing file /usr/local/python/3.10.13/lib/python3.10/site-packages/airflow/example_dags/tutorial_objectstorage.py for tasks to queue
[2024-05-16T12:10:52.665+0000] {logging_mixin.py:188} INFO - [2024-05-16T12:10:52.665+0000] {dagbag.py:545} INFO - Filling up the DagBag from /usr/local/python/3.10.13/lib/python3.10/site-packages/airflow/example_dags/tutorial_objectstorage.py
[2024-05-16T12:10:52.671+0000] {processor.py:840} INFO - DAG(s) 'tutorial_objectstorage' retrieved from /usr/local/python/3.10.13/lib/python3.10/site-packages/airflow/example_dags/tutorial_objectstorage.py
[2024-05-16T12:10:52.682+0000] {logging_mixin.py:188} INFO - [2024-05-16T12:10:52.682+0000] {dag.py:3096} INFO - Sync 1 DAGs
[2024-05-16T12:10:52.691+0000] {logging_mixin.py:188} INFO - [2024-05-16T12:10:52.691+0000] {dag.py:3954} INFO - Setting next_dagrun for tutorial_objectstorage to None, run_after=None
[2024-05-16T12:10:52.739+0000] {processor.py:183} INFO - Processing /usr/local/python/3.10.13/lib/python3.10/site-packages/airflow/example_dags/tutorial_objectstorage.py took 0.080 seconds
[2024-05-16T12:11:32.700+0000] {processor.py:161} INFO - Started process (PID=9549) to work on /usr/local/python/3.10.13/lib/python3.10/site-packages/airflow/example_dags/tutorial_objectstorage.py
[2024-05-16T12:11:32.701+0000] {processor.py:830} INFO - Processing file /usr/local/python/3.10.13/lib/python3.10/site-packages/airflow/example_dags/tutorial_objectstorage.py for tasks to queue
[2024-05-16T12:11:32.703+0000] {logging_mixin.py:188} INFO - [2024-05-16T12:11:32.702+0000] {dagbag.py:545} INFO - Filling up the DagBag from /usr/local/python/3.10.13/lib/python3.10/site-packages/airflow/example_dags/tutorial_objectstorage.py
[2024-05-16T12:11:32.708+0000] {processor.py:840} INFO - DAG(s) 'tutorial_objectstorage' retrieved from /usr/local/python/3.10.13/lib/python3.10/site-packages/airflow/example_dags/tutorial_objectstorage.py
[2024-05-16T12:11:32.719+0000] {logging_mixin.py:188} INFO - [2024-05-16T12:11:32.719+0000] {dag.py:3096} INFO - Sync 1 DAGs
[2024-05-16T12:11:32.728+0000] {logging_mixin.py:188} INFO - [2024-05-16T12:11:32.728+0000] {dag.py:3954} INFO - Setting next_dagrun for tutorial_objectstorage to None, run_after=None
[2024-05-16T12:11:32.774+0000] {processor.py:183} INFO - Processing /usr/local/python/3.10.13/lib/python3.10/site-packages/airflow/example_dags/tutorial_objectstorage.py took 0.079 seconds
[2024-05-16T12:12:12.017+0000] {processor.py:161} INFO - Started process (PID=9825) to work on /usr/local/python/3.10.13/lib/python3.10/site-packages/airflow/example_dags/tutorial_objectstorage.py
[2024-05-16T12:12:12.018+0000] {processor.py:830} INFO - Processing file /usr/local/python/3.10.13/lib/python3.10/site-packages/airflow/example_dags/tutorial_objectstorage.py for tasks to queue
[2024-05-16T12:12:12.019+0000] {logging_mixin.py:188} INFO - [2024-05-16T12:12:12.019+0000] {dagbag.py:545} INFO - Filling up the DagBag from /usr/local/python/3.10.13/lib/python3.10/site-packages/airflow/example_dags/tutorial_objectstorage.py
[2024-05-16T12:12:12.025+0000] {processor.py:840} INFO - DAG(s) 'tutorial_objectstorage' retrieved from /usr/local/python/3.10.13/lib/python3.10/site-packages/airflow/example_dags/tutorial_objectstorage.py
[2024-05-16T12:12:12.036+0000] {logging_mixin.py:188} INFO - [2024-05-16T12:12:12.035+0000] {dag.py:3096} INFO - Sync 1 DAGs
[2024-05-16T12:12:12.046+0000] {logging_mixin.py:188} INFO - [2024-05-16T12:12:12.046+0000] {dag.py:3954} INFO - Setting next_dagrun for tutorial_objectstorage to None, run_after=None
[2024-05-16T12:12:12.091+0000] {processor.py:183} INFO - Processing /usr/local/python/3.10.13/lib/python3.10/site-packages/airflow/example_dags/tutorial_objectstorage.py took 0.078 seconds
[2024-05-16T12:12:56.058+0000] {processor.py:161} INFO - Started process (PID=10119) to work on /usr/local/python/3.10.13/lib/python3.10/site-packages/airflow/example_dags/tutorial_objectstorage.py
[2024-05-16T12:12:56.059+0000] {processor.py:830} INFO - Processing file /usr/local/python/3.10.13/lib/python3.10/site-packages/airflow/example_dags/tutorial_objectstorage.py for tasks to queue
[2024-05-16T12:12:56.060+0000] {logging_mixin.py:188} INFO - [2024-05-16T12:12:56.060+0000] {dagbag.py:545} INFO - Filling up the DagBag from /usr/local/python/3.10.13/lib/python3.10/site-packages/airflow/example_dags/tutorial_objectstorage.py
[2024-05-16T12:12:56.066+0000] {processor.py:840} INFO - DAG(s) 'tutorial_objectstorage' retrieved from /usr/local/python/3.10.13/lib/python3.10/site-packages/airflow/example_dags/tutorial_objectstorage.py
[2024-05-16T12:12:56.076+0000] {logging_mixin.py:188} INFO - [2024-05-16T12:12:56.076+0000] {dag.py:3096} INFO - Sync 1 DAGs
[2024-05-16T12:12:56.085+0000] {logging_mixin.py:188} INFO - [2024-05-16T12:12:56.084+0000] {dag.py:3954} INFO - Setting next_dagrun for tutorial_objectstorage to None, run_after=None
[2024-05-16T12:12:56.131+0000] {processor.py:183} INFO - Processing /usr/local/python/3.10.13/lib/python3.10/site-packages/airflow/example_dags/tutorial_objectstorage.py took 0.077 seconds
[2024-05-16T12:13:37.855+0000] {processor.py:161} INFO - Started process (PID=10423) to work on /usr/local/python/3.10.13/lib/python3.10/site-packages/airflow/example_dags/tutorial_objectstorage.py
[2024-05-16T12:13:37.856+0000] {processor.py:830} INFO - Processing file /usr/local/python/3.10.13/lib/python3.10/site-packages/airflow/example_dags/tutorial_objectstorage.py for tasks to queue
[2024-05-16T12:13:37.857+0000] {logging_mixin.py:188} INFO - [2024-05-16T12:13:37.857+0000] {dagbag.py:545} INFO - Filling up the DagBag from /usr/local/python/3.10.13/lib/python3.10/site-packages/airflow/example_dags/tutorial_objectstorage.py
[2024-05-16T12:13:37.863+0000] {processor.py:840} INFO - DAG(s) 'tutorial_objectstorage' retrieved from /usr/local/python/3.10.13/lib/python3.10/site-packages/airflow/example_dags/tutorial_objectstorage.py
[2024-05-16T12:13:37.873+0000] {logging_mixin.py:188} INFO - [2024-05-16T12:13:37.873+0000] {dag.py:3096} INFO - Sync 1 DAGs
[2024-05-16T12:13:37.881+0000] {logging_mixin.py:188} INFO - [2024-05-16T12:13:37.881+0000] {dag.py:3954} INFO - Setting next_dagrun for tutorial_objectstorage to None, run_after=None
[2024-05-16T12:13:37.926+0000] {processor.py:183} INFO - Processing /usr/local/python/3.10.13/lib/python3.10/site-packages/airflow/example_dags/tutorial_objectstorage.py took 0.076 seconds
[2024-05-16T12:14:19.329+0000] {processor.py:161} INFO - Started process (PID=10709) to work on /usr/local/python/3.10.13/lib/python3.10/site-packages/airflow/example_dags/tutorial_objectstorage.py
[2024-05-16T12:14:19.330+0000] {processor.py:830} INFO - Processing file /usr/local/python/3.10.13/lib/python3.10/site-packages/airflow/example_dags/tutorial_objectstorage.py for tasks to queue
[2024-05-16T12:14:19.331+0000] {logging_mixin.py:188} INFO - [2024-05-16T12:14:19.331+0000] {dagbag.py:545} INFO - Filling up the DagBag from /usr/local/python/3.10.13/lib/python3.10/site-packages/airflow/example_dags/tutorial_objectstorage.py
[2024-05-16T12:14:19.337+0000] {processor.py:840} INFO - DAG(s) 'tutorial_objectstorage' retrieved from /usr/local/python/3.10.13/lib/python3.10/site-packages/airflow/example_dags/tutorial_objectstorage.py
[2024-05-16T12:14:19.347+0000] {logging_mixin.py:188} INFO - [2024-05-16T12:14:19.347+0000] {dag.py:3096} INFO - Sync 1 DAGs
[2024-05-16T12:14:19.356+0000] {logging_mixin.py:188} INFO - [2024-05-16T12:14:19.356+0000] {dag.py:3954} INFO - Setting next_dagrun for tutorial_objectstorage to None, run_after=None
[2024-05-16T12:14:19.405+0000] {processor.py:183} INFO - Processing /usr/local/python/3.10.13/lib/python3.10/site-packages/airflow/example_dags/tutorial_objectstorage.py took 0.081 seconds
[2024-05-16T12:15:01.900+0000] {processor.py:161} INFO - Started process (PID=11004) to work on /usr/local/python/3.10.13/lib/python3.10/site-packages/airflow/example_dags/tutorial_objectstorage.py
[2024-05-16T12:15:01.900+0000] {processor.py:830} INFO - Processing file /usr/local/python/3.10.13/lib/python3.10/site-packages/airflow/example_dags/tutorial_objectstorage.py for tasks to queue
[2024-05-16T12:15:01.902+0000] {logging_mixin.py:188} INFO - [2024-05-16T12:15:01.901+0000] {dagbag.py:545} INFO - Filling up the DagBag from /usr/local/python/3.10.13/lib/python3.10/site-packages/airflow/example_dags/tutorial_objectstorage.py
[2024-05-16T12:15:01.908+0000] {processor.py:840} INFO - DAG(s) 'tutorial_objectstorage' retrieved from /usr/local/python/3.10.13/lib/python3.10/site-packages/airflow/example_dags/tutorial_objectstorage.py
[2024-05-16T12:15:01.919+0000] {logging_mixin.py:188} INFO - [2024-05-16T12:15:01.918+0000] {dag.py:3096} INFO - Sync 1 DAGs
[2024-05-16T12:15:01.927+0000] {logging_mixin.py:188} INFO - [2024-05-16T12:15:01.927+0000] {dag.py:3954} INFO - Setting next_dagrun for tutorial_objectstorage to None, run_after=None
[2024-05-16T12:15:01.973+0000] {processor.py:183} INFO - Processing /usr/local/python/3.10.13/lib/python3.10/site-packages/airflow/example_dags/tutorial_objectstorage.py took 0.078 seconds
[2024-05-16T12:15:43.571+0000] {processor.py:161} INFO - Started process (PID=11294) to work on /usr/local/python/3.10.13/lib/python3.10/site-packages/airflow/example_dags/tutorial_objectstorage.py
[2024-05-16T12:15:43.572+0000] {processor.py:830} INFO - Processing file /usr/local/python/3.10.13/lib/python3.10/site-packages/airflow/example_dags/tutorial_objectstorage.py for tasks to queue
[2024-05-16T12:15:43.573+0000] {logging_mixin.py:188} INFO - [2024-05-16T12:15:43.573+0000] {dagbag.py:545} INFO - Filling up the DagBag from /usr/local/python/3.10.13/lib/python3.10/site-packages/airflow/example_dags/tutorial_objectstorage.py
[2024-05-16T12:15:43.580+0000] {processor.py:840} INFO - DAG(s) 'tutorial_objectstorage' retrieved from /usr/local/python/3.10.13/lib/python3.10/site-packages/airflow/example_dags/tutorial_objectstorage.py
[2024-05-16T12:15:43.592+0000] {logging_mixin.py:188} INFO - [2024-05-16T12:15:43.592+0000] {dag.py:3096} INFO - Sync 1 DAGs
[2024-05-16T12:15:43.602+0000] {logging_mixin.py:188} INFO - [2024-05-16T12:15:43.602+0000] {dag.py:3954} INFO - Setting next_dagrun for tutorial_objectstorage to None, run_after=None
[2024-05-16T12:15:43.649+0000] {processor.py:183} INFO - Processing /usr/local/python/3.10.13/lib/python3.10/site-packages/airflow/example_dags/tutorial_objectstorage.py took 0.083 seconds
[2024-05-16T12:16:27.673+0000] {processor.py:161} INFO - Started process (PID=11625) to work on /usr/local/python/3.10.13/lib/python3.10/site-packages/airflow/example_dags/tutorial_objectstorage.py
[2024-05-16T12:16:27.674+0000] {processor.py:830} INFO - Processing file /usr/local/python/3.10.13/lib/python3.10/site-packages/airflow/example_dags/tutorial_objectstorage.py for tasks to queue
[2024-05-16T12:16:27.676+0000] {logging_mixin.py:188} INFO - [2024-05-16T12:16:27.675+0000] {dagbag.py:545} INFO - Filling up the DagBag from /usr/local/python/3.10.13/lib/python3.10/site-packages/airflow/example_dags/tutorial_objectstorage.py
[2024-05-16T12:16:27.681+0000] {processor.py:840} INFO - DAG(s) 'tutorial_objectstorage' retrieved from /usr/local/python/3.10.13/lib/python3.10/site-packages/airflow/example_dags/tutorial_objectstorage.py
[2024-05-16T12:16:27.691+0000] {logging_mixin.py:188} INFO - [2024-05-16T12:16:27.691+0000] {dag.py:3096} INFO - Sync 1 DAGs
[2024-05-16T12:16:27.700+0000] {logging_mixin.py:188} INFO - [2024-05-16T12:16:27.700+0000] {dag.py:3954} INFO - Setting next_dagrun for tutorial_objectstorage to None, run_after=None
[2024-05-16T12:16:27.745+0000] {processor.py:183} INFO - Processing /usr/local/python/3.10.13/lib/python3.10/site-packages/airflow/example_dags/tutorial_objectstorage.py took 0.076 seconds
[2024-05-16T12:17:11.068+0000] {processor.py:161} INFO - Started process (PID=11937) to work on /usr/local/python/3.10.13/lib/python3.10/site-packages/airflow/example_dags/tutorial_objectstorage.py
[2024-05-16T12:17:11.069+0000] {processor.py:830} INFO - Processing file /usr/local/python/3.10.13/lib/python3.10/site-packages/airflow/example_dags/tutorial_objectstorage.py for tasks to queue
[2024-05-16T12:17:11.071+0000] {logging_mixin.py:188} INFO - [2024-05-16T12:17:11.070+0000] {dagbag.py:545} INFO - Filling up the DagBag from /usr/local/python/3.10.13/lib/python3.10/site-packages/airflow/example_dags/tutorial_objectstorage.py
[2024-05-16T12:17:11.076+0000] {processor.py:840} INFO - DAG(s) 'tutorial_objectstorage' retrieved from /usr/local/python/3.10.13/lib/python3.10/site-packages/airflow/example_dags/tutorial_objectstorage.py
[2024-05-16T12:17:11.087+0000] {logging_mixin.py:188} INFO - [2024-05-16T12:17:11.087+0000] {dag.py:3096} INFO - Sync 1 DAGs
[2024-05-16T12:17:11.096+0000] {logging_mixin.py:188} INFO - [2024-05-16T12:17:11.096+0000] {dag.py:3954} INFO - Setting next_dagrun for tutorial_objectstorage to None, run_after=None
[2024-05-16T12:17:11.143+0000] {processor.py:183} INFO - Processing /usr/local/python/3.10.13/lib/python3.10/site-packages/airflow/example_dags/tutorial_objectstorage.py took 0.079 seconds
[2024-05-16T12:17:53.283+0000] {processor.py:161} INFO - Started process (PID=12246) to work on /usr/local/python/3.10.13/lib/python3.10/site-packages/airflow/example_dags/tutorial_objectstorage.py
[2024-05-16T12:17:53.284+0000] {processor.py:830} INFO - Processing file /usr/local/python/3.10.13/lib/python3.10/site-packages/airflow/example_dags/tutorial_objectstorage.py for tasks to queue
[2024-05-16T12:17:53.285+0000] {logging_mixin.py:188} INFO - [2024-05-16T12:17:53.285+0000] {dagbag.py:545} INFO - Filling up the DagBag from /usr/local/python/3.10.13/lib/python3.10/site-packages/airflow/example_dags/tutorial_objectstorage.py
[2024-05-16T12:17:53.291+0000] {processor.py:840} INFO - DAG(s) 'tutorial_objectstorage' retrieved from /usr/local/python/3.10.13/lib/python3.10/site-packages/airflow/example_dags/tutorial_objectstorage.py
[2024-05-16T12:17:53.302+0000] {logging_mixin.py:188} INFO - [2024-05-16T12:17:53.302+0000] {dag.py:3096} INFO - Sync 1 DAGs
[2024-05-16T12:17:53.312+0000] {logging_mixin.py:188} INFO - [2024-05-16T12:17:53.312+0000] {dag.py:3954} INFO - Setting next_dagrun for tutorial_objectstorage to None, run_after=None
[2024-05-16T12:17:53.358+0000] {processor.py:183} INFO - Processing /usr/local/python/3.10.13/lib/python3.10/site-packages/airflow/example_dags/tutorial_objectstorage.py took 0.080 seconds
[2024-05-16T12:18:34.083+0000] {processor.py:161} INFO - Started process (PID=12538) to work on /usr/local/python/3.10.13/lib/python3.10/site-packages/airflow/example_dags/tutorial_objectstorage.py
[2024-05-16T12:18:34.083+0000] {processor.py:830} INFO - Processing file /usr/local/python/3.10.13/lib/python3.10/site-packages/airflow/example_dags/tutorial_objectstorage.py for tasks to queue
[2024-05-16T12:18:34.085+0000] {logging_mixin.py:188} INFO - [2024-05-16T12:18:34.084+0000] {dagbag.py:545} INFO - Filling up the DagBag from /usr/local/python/3.10.13/lib/python3.10/site-packages/airflow/example_dags/tutorial_objectstorage.py
[2024-05-16T12:18:34.090+0000] {processor.py:840} INFO - DAG(s) 'tutorial_objectstorage' retrieved from /usr/local/python/3.10.13/lib/python3.10/site-packages/airflow/example_dags/tutorial_objectstorage.py
[2024-05-16T12:18:34.101+0000] {logging_mixin.py:188} INFO - [2024-05-16T12:18:34.101+0000] {dag.py:3096} INFO - Sync 1 DAGs
[2024-05-16T12:18:34.110+0000] {logging_mixin.py:188} INFO - [2024-05-16T12:18:34.110+0000] {dag.py:3954} INFO - Setting next_dagrun for tutorial_objectstorage to None, run_after=None
[2024-05-16T12:18:34.156+0000] {processor.py:183} INFO - Processing /usr/local/python/3.10.13/lib/python3.10/site-packages/airflow/example_dags/tutorial_objectstorage.py took 0.078 seconds
[2024-05-16T12:19:16.054+0000] {processor.py:161} INFO - Started process (PID=12831) to work on /usr/local/python/3.10.13/lib/python3.10/site-packages/airflow/example_dags/tutorial_objectstorage.py
[2024-05-16T12:19:16.055+0000] {processor.py:830} INFO - Processing file /usr/local/python/3.10.13/lib/python3.10/site-packages/airflow/example_dags/tutorial_objectstorage.py for tasks to queue
[2024-05-16T12:19:16.056+0000] {logging_mixin.py:188} INFO - [2024-05-16T12:19:16.056+0000] {dagbag.py:545} INFO - Filling up the DagBag from /usr/local/python/3.10.13/lib/python3.10/site-packages/airflow/example_dags/tutorial_objectstorage.py
[2024-05-16T12:19:16.062+0000] {processor.py:840} INFO - DAG(s) 'tutorial_objectstorage' retrieved from /usr/local/python/3.10.13/lib/python3.10/site-packages/airflow/example_dags/tutorial_objectstorage.py
[2024-05-16T12:19:16.072+0000] {logging_mixin.py:188} INFO - [2024-05-16T12:19:16.072+0000] {dag.py:3096} INFO - Sync 1 DAGs
[2024-05-16T12:19:16.081+0000] {logging_mixin.py:188} INFO - [2024-05-16T12:19:16.080+0000] {dag.py:3954} INFO - Setting next_dagrun for tutorial_objectstorage to None, run_after=None
[2024-05-16T12:19:16.124+0000] {processor.py:183} INFO - Processing /usr/local/python/3.10.13/lib/python3.10/site-packages/airflow/example_dags/tutorial_objectstorage.py took 0.075 seconds
[2024-05-16T12:19:57.515+0000] {processor.py:161} INFO - Started process (PID=13130) to work on /usr/local/python/3.10.13/lib/python3.10/site-packages/airflow/example_dags/tutorial_objectstorage.py
[2024-05-16T12:19:57.516+0000] {processor.py:830} INFO - Processing file /usr/local/python/3.10.13/lib/python3.10/site-packages/airflow/example_dags/tutorial_objectstorage.py for tasks to queue
[2024-05-16T12:19:57.517+0000] {logging_mixin.py:188} INFO - [2024-05-16T12:19:57.517+0000] {dagbag.py:545} INFO - Filling up the DagBag from /usr/local/python/3.10.13/lib/python3.10/site-packages/airflow/example_dags/tutorial_objectstorage.py
[2024-05-16T12:19:57.523+0000] {processor.py:840} INFO - DAG(s) 'tutorial_objectstorage' retrieved from /usr/local/python/3.10.13/lib/python3.10/site-packages/airflow/example_dags/tutorial_objectstorage.py
[2024-05-16T12:19:57.534+0000] {logging_mixin.py:188} INFO - [2024-05-16T12:19:57.534+0000] {dag.py:3096} INFO - Sync 1 DAGs
[2024-05-16T12:19:57.543+0000] {logging_mixin.py:188} INFO - [2024-05-16T12:19:57.543+0000] {dag.py:3954} INFO - Setting next_dagrun for tutorial_objectstorage to None, run_after=None
[2024-05-16T12:19:57.585+0000] {processor.py:183} INFO - Processing /usr/local/python/3.10.13/lib/python3.10/site-packages/airflow/example_dags/tutorial_objectstorage.py took 0.075 seconds
[2024-05-16T12:20:38.780+0000] {processor.py:161} INFO - Started process (PID=13433) to work on /usr/local/python/3.10.13/lib/python3.10/site-packages/airflow/example_dags/tutorial_objectstorage.py
[2024-05-16T12:20:38.780+0000] {processor.py:830} INFO - Processing file /usr/local/python/3.10.13/lib/python3.10/site-packages/airflow/example_dags/tutorial_objectstorage.py for tasks to queue
[2024-05-16T12:20:38.782+0000] {logging_mixin.py:188} INFO - [2024-05-16T12:20:38.781+0000] {dagbag.py:545} INFO - Filling up the DagBag from /usr/local/python/3.10.13/lib/python3.10/site-packages/airflow/example_dags/tutorial_objectstorage.py
[2024-05-16T12:20:38.787+0000] {processor.py:840} INFO - DAG(s) 'tutorial_objectstorage' retrieved from /usr/local/python/3.10.13/lib/python3.10/site-packages/airflow/example_dags/tutorial_objectstorage.py
[2024-05-16T12:20:38.798+0000] {logging_mixin.py:188} INFO - [2024-05-16T12:20:38.798+0000] {dag.py:3096} INFO - Sync 1 DAGs
[2024-05-16T12:20:38.807+0000] {logging_mixin.py:188} INFO - [2024-05-16T12:20:38.807+0000] {dag.py:3954} INFO - Setting next_dagrun for tutorial_objectstorage to None, run_after=None
[2024-05-16T12:20:38.851+0000] {processor.py:183} INFO - Processing /usr/local/python/3.10.13/lib/python3.10/site-packages/airflow/example_dags/tutorial_objectstorage.py took 0.076 seconds
[2024-05-16T12:21:22.143+0000] {processor.py:161} INFO - Started process (PID=13729) to work on /usr/local/python/3.10.13/lib/python3.10/site-packages/airflow/example_dags/tutorial_objectstorage.py
[2024-05-16T12:21:22.144+0000] {processor.py:830} INFO - Processing file /usr/local/python/3.10.13/lib/python3.10/site-packages/airflow/example_dags/tutorial_objectstorage.py for tasks to queue
[2024-05-16T12:21:22.145+0000] {logging_mixin.py:188} INFO - [2024-05-16T12:21:22.145+0000] {dagbag.py:545} INFO - Filling up the DagBag from /usr/local/python/3.10.13/lib/python3.10/site-packages/airflow/example_dags/tutorial_objectstorage.py
[2024-05-16T12:21:22.151+0000] {processor.py:840} INFO - DAG(s) 'tutorial_objectstorage' retrieved from /usr/local/python/3.10.13/lib/python3.10/site-packages/airflow/example_dags/tutorial_objectstorage.py
[2024-05-16T12:21:22.162+0000] {logging_mixin.py:188} INFO - [2024-05-16T12:21:22.162+0000] {dag.py:3096} INFO - Sync 1 DAGs
[2024-05-16T12:21:22.171+0000] {logging_mixin.py:188} INFO - [2024-05-16T12:21:22.170+0000] {dag.py:3954} INFO - Setting next_dagrun for tutorial_objectstorage to None, run_after=None
[2024-05-16T12:21:22.219+0000] {processor.py:183} INFO - Processing /usr/local/python/3.10.13/lib/python3.10/site-packages/airflow/example_dags/tutorial_objectstorage.py took 0.080 seconds
[2024-05-16T12:22:05.508+0000] {processor.py:161} INFO - Started process (PID=14037) to work on /usr/local/python/3.10.13/lib/python3.10/site-packages/airflow/example_dags/tutorial_objectstorage.py
[2024-05-16T12:22:05.509+0000] {processor.py:830} INFO - Processing file /usr/local/python/3.10.13/lib/python3.10/site-packages/airflow/example_dags/tutorial_objectstorage.py for tasks to queue
[2024-05-16T12:22:05.510+0000] {logging_mixin.py:188} INFO - [2024-05-16T12:22:05.510+0000] {dagbag.py:545} INFO - Filling up the DagBag from /usr/local/python/3.10.13/lib/python3.10/site-packages/airflow/example_dags/tutorial_objectstorage.py
[2024-05-16T12:22:05.516+0000] {processor.py:840} INFO - DAG(s) 'tutorial_objectstorage' retrieved from /usr/local/python/3.10.13/lib/python3.10/site-packages/airflow/example_dags/tutorial_objectstorage.py
[2024-05-16T12:22:05.527+0000] {logging_mixin.py:188} INFO - [2024-05-16T12:22:05.527+0000] {dag.py:3096} INFO - Sync 1 DAGs
[2024-05-16T12:22:05.535+0000] {logging_mixin.py:188} INFO - [2024-05-16T12:22:05.535+0000] {dag.py:3954} INFO - Setting next_dagrun for tutorial_objectstorage to None, run_after=None
[2024-05-16T12:22:05.580+0000] {processor.py:183} INFO - Processing /usr/local/python/3.10.13/lib/python3.10/site-packages/airflow/example_dags/tutorial_objectstorage.py took 0.077 seconds
[2024-05-16T12:22:49.058+0000] {processor.py:161} INFO - Started process (PID=14377) to work on /usr/local/python/3.10.13/lib/python3.10/site-packages/airflow/example_dags/tutorial_objectstorage.py
[2024-05-16T12:22:49.059+0000] {processor.py:830} INFO - Processing file /usr/local/python/3.10.13/lib/python3.10/site-packages/airflow/example_dags/tutorial_objectstorage.py for tasks to queue
[2024-05-16T12:22:49.061+0000] {logging_mixin.py:188} INFO - [2024-05-16T12:22:49.060+0000] {dagbag.py:545} INFO - Filling up the DagBag from /usr/local/python/3.10.13/lib/python3.10/site-packages/airflow/example_dags/tutorial_objectstorage.py
[2024-05-16T12:22:49.070+0000] {processor.py:840} INFO - DAG(s) 'tutorial_objectstorage' retrieved from /usr/local/python/3.10.13/lib/python3.10/site-packages/airflow/example_dags/tutorial_objectstorage.py
[2024-05-16T12:22:49.089+0000] {logging_mixin.py:188} INFO - [2024-05-16T12:22:49.088+0000] {dag.py:3096} INFO - Sync 1 DAGs
[2024-05-16T12:22:49.100+0000] {logging_mixin.py:188} INFO - [2024-05-16T12:22:49.100+0000] {dag.py:3954} INFO - Setting next_dagrun for tutorial_objectstorage to None, run_after=None
[2024-05-16T12:22:49.146+0000] {processor.py:183} INFO - Processing /usr/local/python/3.10.13/lib/python3.10/site-packages/airflow/example_dags/tutorial_objectstorage.py took 0.093 seconds
[2024-05-16T12:23:33.829+0000] {processor.py:161} INFO - Started process (PID=14704) to work on /usr/local/python/3.10.13/lib/python3.10/site-packages/airflow/example_dags/tutorial_objectstorage.py
[2024-05-16T12:23:33.830+0000] {processor.py:830} INFO - Processing file /usr/local/python/3.10.13/lib/python3.10/site-packages/airflow/example_dags/tutorial_objectstorage.py for tasks to queue
[2024-05-16T12:23:33.831+0000] {logging_mixin.py:188} INFO - [2024-05-16T12:23:33.831+0000] {dagbag.py:545} INFO - Filling up the DagBag from /usr/local/python/3.10.13/lib/python3.10/site-packages/airflow/example_dags/tutorial_objectstorage.py
[2024-05-16T12:23:33.837+0000] {processor.py:840} INFO - DAG(s) 'tutorial_objectstorage' retrieved from /usr/local/python/3.10.13/lib/python3.10/site-packages/airflow/example_dags/tutorial_objectstorage.py
[2024-05-16T12:23:33.847+0000] {logging_mixin.py:188} INFO - [2024-05-16T12:23:33.847+0000] {dag.py:3096} INFO - Sync 1 DAGs
[2024-05-16T12:23:33.856+0000] {logging_mixin.py:188} INFO - [2024-05-16T12:23:33.856+0000] {dag.py:3954} INFO - Setting next_dagrun for tutorial_objectstorage to None, run_after=None
[2024-05-16T12:23:33.907+0000] {processor.py:183} INFO - Processing /usr/local/python/3.10.13/lib/python3.10/site-packages/airflow/example_dags/tutorial_objectstorage.py took 0.083 seconds
[2024-05-16T12:24:17.875+0000] {processor.py:161} INFO - Started process (PID=15027) to work on /usr/local/python/3.10.13/lib/python3.10/site-packages/airflow/example_dags/tutorial_objectstorage.py
[2024-05-16T12:24:17.876+0000] {processor.py:830} INFO - Processing file /usr/local/python/3.10.13/lib/python3.10/site-packages/airflow/example_dags/tutorial_objectstorage.py for tasks to queue
[2024-05-16T12:24:17.877+0000] {logging_mixin.py:188} INFO - [2024-05-16T12:24:17.877+0000] {dagbag.py:545} INFO - Filling up the DagBag from /usr/local/python/3.10.13/lib/python3.10/site-packages/airflow/example_dags/tutorial_objectstorage.py
[2024-05-16T12:24:17.883+0000] {processor.py:840} INFO - DAG(s) 'tutorial_objectstorage' retrieved from /usr/local/python/3.10.13/lib/python3.10/site-packages/airflow/example_dags/tutorial_objectstorage.py
[2024-05-16T12:24:17.895+0000] {logging_mixin.py:188} INFO - [2024-05-16T12:24:17.895+0000] {dag.py:3096} INFO - Sync 1 DAGs
[2024-05-16T12:24:17.904+0000] {logging_mixin.py:188} INFO - [2024-05-16T12:24:17.903+0000] {dag.py:3954} INFO - Setting next_dagrun for tutorial_objectstorage to None, run_after=None
[2024-05-16T12:24:17.952+0000] {processor.py:183} INFO - Processing /usr/local/python/3.10.13/lib/python3.10/site-packages/airflow/example_dags/tutorial_objectstorage.py took 0.082 seconds
[2024-05-16T12:24:59.228+0000] {processor.py:161} INFO - Started process (PID=15338) to work on /usr/local/python/3.10.13/lib/python3.10/site-packages/airflow/example_dags/tutorial_objectstorage.py
[2024-05-16T12:24:59.228+0000] {processor.py:830} INFO - Processing file /usr/local/python/3.10.13/lib/python3.10/site-packages/airflow/example_dags/tutorial_objectstorage.py for tasks to queue
[2024-05-16T12:24:59.230+0000] {logging_mixin.py:188} INFO - [2024-05-16T12:24:59.229+0000] {dagbag.py:545} INFO - Filling up the DagBag from /usr/local/python/3.10.13/lib/python3.10/site-packages/airflow/example_dags/tutorial_objectstorage.py
[2024-05-16T12:24:59.235+0000] {processor.py:840} INFO - DAG(s) 'tutorial_objectstorage' retrieved from /usr/local/python/3.10.13/lib/python3.10/site-packages/airflow/example_dags/tutorial_objectstorage.py
[2024-05-16T12:24:59.246+0000] {logging_mixin.py:188} INFO - [2024-05-16T12:24:59.246+0000] {dag.py:3096} INFO - Sync 1 DAGs
[2024-05-16T12:24:59.255+0000] {logging_mixin.py:188} INFO - [2024-05-16T12:24:59.255+0000] {dag.py:3954} INFO - Setting next_dagrun for tutorial_objectstorage to None, run_after=None
[2024-05-16T12:24:59.304+0000] {processor.py:183} INFO - Processing /usr/local/python/3.10.13/lib/python3.10/site-packages/airflow/example_dags/tutorial_objectstorage.py took 0.081 seconds
[2024-05-16T12:25:39.308+0000] {processor.py:161} INFO - Started process (PID=15643) to work on /usr/local/python/3.10.13/lib/python3.10/site-packages/airflow/example_dags/tutorial_objectstorage.py
[2024-05-16T12:25:39.308+0000] {processor.py:830} INFO - Processing file /usr/local/python/3.10.13/lib/python3.10/site-packages/airflow/example_dags/tutorial_objectstorage.py for tasks to queue
[2024-05-16T12:25:39.310+0000] {logging_mixin.py:188} INFO - [2024-05-16T12:25:39.309+0000] {dagbag.py:545} INFO - Filling up the DagBag from /usr/local/python/3.10.13/lib/python3.10/site-packages/airflow/example_dags/tutorial_objectstorage.py
[2024-05-16T12:25:39.316+0000] {processor.py:840} INFO - DAG(s) 'tutorial_objectstorage' retrieved from /usr/local/python/3.10.13/lib/python3.10/site-packages/airflow/example_dags/tutorial_objectstorage.py
[2024-05-16T12:25:39.326+0000] {logging_mixin.py:188} INFO - [2024-05-16T12:25:39.326+0000] {dag.py:3096} INFO - Sync 1 DAGs
[2024-05-16T12:25:39.336+0000] {logging_mixin.py:188} INFO - [2024-05-16T12:25:39.336+0000] {dag.py:3954} INFO - Setting next_dagrun for tutorial_objectstorage to None, run_after=None
[2024-05-16T12:25:39.385+0000] {processor.py:183} INFO - Processing /usr/local/python/3.10.13/lib/python3.10/site-packages/airflow/example_dags/tutorial_objectstorage.py took 0.082 seconds
[2024-05-16T12:26:18.238+0000] {processor.py:161} INFO - Started process (PID=15937) to work on /usr/local/python/3.10.13/lib/python3.10/site-packages/airflow/example_dags/tutorial_objectstorage.py
[2024-05-16T12:26:18.239+0000] {processor.py:830} INFO - Processing file /usr/local/python/3.10.13/lib/python3.10/site-packages/airflow/example_dags/tutorial_objectstorage.py for tasks to queue
[2024-05-16T12:26:18.240+0000] {logging_mixin.py:188} INFO - [2024-05-16T12:26:18.240+0000] {dagbag.py:545} INFO - Filling up the DagBag from /usr/local/python/3.10.13/lib/python3.10/site-packages/airflow/example_dags/tutorial_objectstorage.py
[2024-05-16T12:26:18.246+0000] {processor.py:840} INFO - DAG(s) 'tutorial_objectstorage' retrieved from /usr/local/python/3.10.13/lib/python3.10/site-packages/airflow/example_dags/tutorial_objectstorage.py
[2024-05-16T12:26:18.256+0000] {logging_mixin.py:188} INFO - [2024-05-16T12:26:18.256+0000] {dag.py:3096} INFO - Sync 1 DAGs
[2024-05-16T12:26:18.265+0000] {logging_mixin.py:188} INFO - [2024-05-16T12:26:18.265+0000] {dag.py:3954} INFO - Setting next_dagrun for tutorial_objectstorage to None, run_after=None
[2024-05-16T12:26:18.310+0000] {processor.py:183} INFO - Processing /usr/local/python/3.10.13/lib/python3.10/site-packages/airflow/example_dags/tutorial_objectstorage.py took 0.077 seconds
[2024-05-16T12:27:00.098+0000] {processor.py:161} INFO - Started process (PID=16247) to work on /usr/local/python/3.10.13/lib/python3.10/site-packages/airflow/example_dags/tutorial_objectstorage.py
[2024-05-16T12:27:00.105+0000] {processor.py:830} INFO - Processing file /usr/local/python/3.10.13/lib/python3.10/site-packages/airflow/example_dags/tutorial_objectstorage.py for tasks to queue
[2024-05-16T12:27:00.107+0000] {logging_mixin.py:188} INFO - [2024-05-16T12:27:00.107+0000] {dagbag.py:545} INFO - Filling up the DagBag from /usr/local/python/3.10.13/lib/python3.10/site-packages/airflow/example_dags/tutorial_objectstorage.py
[2024-05-16T12:27:00.119+0000] {processor.py:840} INFO - DAG(s) 'tutorial_objectstorage' retrieved from /usr/local/python/3.10.13/lib/python3.10/site-packages/airflow/example_dags/tutorial_objectstorage.py
[2024-05-16T12:27:00.154+0000] {logging_mixin.py:188} INFO - [2024-05-16T12:27:00.149+0000] {dag.py:3096} INFO - Sync 1 DAGs
[2024-05-16T12:27:00.174+0000] {logging_mixin.py:188} INFO - [2024-05-16T12:27:00.174+0000] {dag.py:3954} INFO - Setting next_dagrun for tutorial_objectstorage to None, run_after=None
[2024-05-16T12:27:00.231+0000] {processor.py:183} INFO - Processing /usr/local/python/3.10.13/lib/python3.10/site-packages/airflow/example_dags/tutorial_objectstorage.py took 0.140 seconds
[2024-05-16T12:27:42.835+0000] {processor.py:161} INFO - Started process (PID=16582) to work on /usr/local/python/3.10.13/lib/python3.10/site-packages/airflow/example_dags/tutorial_objectstorage.py
[2024-05-16T12:27:42.836+0000] {processor.py:830} INFO - Processing file /usr/local/python/3.10.13/lib/python3.10/site-packages/airflow/example_dags/tutorial_objectstorage.py for tasks to queue
[2024-05-16T12:27:42.837+0000] {logging_mixin.py:188} INFO - [2024-05-16T12:27:42.837+0000] {dagbag.py:545} INFO - Filling up the DagBag from /usr/local/python/3.10.13/lib/python3.10/site-packages/airflow/example_dags/tutorial_objectstorage.py
[2024-05-16T12:27:42.843+0000] {processor.py:840} INFO - DAG(s) 'tutorial_objectstorage' retrieved from /usr/local/python/3.10.13/lib/python3.10/site-packages/airflow/example_dags/tutorial_objectstorage.py
[2024-05-16T12:27:42.854+0000] {logging_mixin.py:188} INFO - [2024-05-16T12:27:42.853+0000] {dag.py:3096} INFO - Sync 1 DAGs
[2024-05-16T12:27:42.862+0000] {logging_mixin.py:188} INFO - [2024-05-16T12:27:42.862+0000] {dag.py:3954} INFO - Setting next_dagrun for tutorial_objectstorage to None, run_after=None
[2024-05-16T12:27:42.907+0000] {processor.py:183} INFO - Processing /usr/local/python/3.10.13/lib/python3.10/site-packages/airflow/example_dags/tutorial_objectstorage.py took 0.077 seconds
[2024-05-16T12:28:26.263+0000] {processor.py:161} INFO - Started process (PID=16897) to work on /usr/local/python/3.10.13/lib/python3.10/site-packages/airflow/example_dags/tutorial_objectstorage.py
[2024-05-16T12:28:26.264+0000] {processor.py:830} INFO - Processing file /usr/local/python/3.10.13/lib/python3.10/site-packages/airflow/example_dags/tutorial_objectstorage.py for tasks to queue
[2024-05-16T12:28:26.265+0000] {logging_mixin.py:188} INFO - [2024-05-16T12:28:26.264+0000] {dagbag.py:545} INFO - Filling up the DagBag from /usr/local/python/3.10.13/lib/python3.10/site-packages/airflow/example_dags/tutorial_objectstorage.py
[2024-05-16T12:28:26.271+0000] {processor.py:840} INFO - DAG(s) 'tutorial_objectstorage' retrieved from /usr/local/python/3.10.13/lib/python3.10/site-packages/airflow/example_dags/tutorial_objectstorage.py
[2024-05-16T12:28:26.281+0000] {logging_mixin.py:188} INFO - [2024-05-16T12:28:26.281+0000] {dag.py:3096} INFO - Sync 1 DAGs
[2024-05-16T12:28:26.290+0000] {logging_mixin.py:188} INFO - [2024-05-16T12:28:26.290+0000] {dag.py:3954} INFO - Setting next_dagrun for tutorial_objectstorage to None, run_after=None
[2024-05-16T12:28:26.339+0000] {processor.py:183} INFO - Processing /usr/local/python/3.10.13/lib/python3.10/site-packages/airflow/example_dags/tutorial_objectstorage.py took 0.081 seconds
[2024-05-16T12:29:07.757+0000] {processor.py:161} INFO - Started process (PID=17179) to work on /usr/local/python/3.10.13/lib/python3.10/site-packages/airflow/example_dags/tutorial_objectstorage.py
[2024-05-16T12:29:07.758+0000] {processor.py:830} INFO - Processing file /usr/local/python/3.10.13/lib/python3.10/site-packages/airflow/example_dags/tutorial_objectstorage.py for tasks to queue
[2024-05-16T12:29:07.759+0000] {logging_mixin.py:188} INFO - [2024-05-16T12:29:07.759+0000] {dagbag.py:545} INFO - Filling up the DagBag from /usr/local/python/3.10.13/lib/python3.10/site-packages/airflow/example_dags/tutorial_objectstorage.py
[2024-05-16T12:29:07.765+0000] {processor.py:840} INFO - DAG(s) 'tutorial_objectstorage' retrieved from /usr/local/python/3.10.13/lib/python3.10/site-packages/airflow/example_dags/tutorial_objectstorage.py
[2024-05-16T12:29:07.776+0000] {logging_mixin.py:188} INFO - [2024-05-16T12:29:07.776+0000] {dag.py:3096} INFO - Sync 1 DAGs
[2024-05-16T12:29:07.785+0000] {logging_mixin.py:188} INFO - [2024-05-16T12:29:07.785+0000] {dag.py:3954} INFO - Setting next_dagrun for tutorial_objectstorage to None, run_after=None
[2024-05-16T12:29:07.828+0000] {processor.py:183} INFO - Processing /usr/local/python/3.10.13/lib/python3.10/site-packages/airflow/example_dags/tutorial_objectstorage.py took 0.075 seconds
[2024-05-16T12:29:50.540+0000] {processor.py:161} INFO - Started process (PID=17490) to work on /usr/local/python/3.10.13/lib/python3.10/site-packages/airflow/example_dags/tutorial_objectstorage.py
[2024-05-16T12:29:50.541+0000] {processor.py:830} INFO - Processing file /usr/local/python/3.10.13/lib/python3.10/site-packages/airflow/example_dags/tutorial_objectstorage.py for tasks to queue
[2024-05-16T12:29:50.543+0000] {logging_mixin.py:188} INFO - [2024-05-16T12:29:50.542+0000] {dagbag.py:545} INFO - Filling up the DagBag from /usr/local/python/3.10.13/lib/python3.10/site-packages/airflow/example_dags/tutorial_objectstorage.py
[2024-05-16T12:29:50.548+0000] {processor.py:840} INFO - DAG(s) 'tutorial_objectstorage' retrieved from /usr/local/python/3.10.13/lib/python3.10/site-packages/airflow/example_dags/tutorial_objectstorage.py
[2024-05-16T12:29:50.559+0000] {logging_mixin.py:188} INFO - [2024-05-16T12:29:50.559+0000] {dag.py:3096} INFO - Sync 1 DAGs
[2024-05-16T12:29:50.568+0000] {logging_mixin.py:188} INFO - [2024-05-16T12:29:50.567+0000] {dag.py:3954} INFO - Setting next_dagrun for tutorial_objectstorage to None, run_after=None
[2024-05-16T12:29:50.611+0000] {processor.py:183} INFO - Processing /usr/local/python/3.10.13/lib/python3.10/site-packages/airflow/example_dags/tutorial_objectstorage.py took 0.075 seconds
[2024-05-16T12:30:33.654+0000] {processor.py:161} INFO - Started process (PID=17797) to work on /usr/local/python/3.10.13/lib/python3.10/site-packages/airflow/example_dags/tutorial_objectstorage.py
[2024-05-16T12:30:33.655+0000] {processor.py:830} INFO - Processing file /usr/local/python/3.10.13/lib/python3.10/site-packages/airflow/example_dags/tutorial_objectstorage.py for tasks to queue
[2024-05-16T12:30:33.656+0000] {logging_mixin.py:188} INFO - [2024-05-16T12:30:33.656+0000] {dagbag.py:545} INFO - Filling up the DagBag from /usr/local/python/3.10.13/lib/python3.10/site-packages/airflow/example_dags/tutorial_objectstorage.py
[2024-05-16T12:30:33.661+0000] {processor.py:840} INFO - DAG(s) 'tutorial_objectstorage' retrieved from /usr/local/python/3.10.13/lib/python3.10/site-packages/airflow/example_dags/tutorial_objectstorage.py
[2024-05-16T12:30:33.672+0000] {logging_mixin.py:188} INFO - [2024-05-16T12:30:33.672+0000] {dag.py:3096} INFO - Sync 1 DAGs
[2024-05-16T12:30:33.681+0000] {logging_mixin.py:188} INFO - [2024-05-16T12:30:33.681+0000] {dag.py:3954} INFO - Setting next_dagrun for tutorial_objectstorage to None, run_after=None
[2024-05-16T12:30:33.726+0000] {processor.py:183} INFO - Processing /usr/local/python/3.10.13/lib/python3.10/site-packages/airflow/example_dags/tutorial_objectstorage.py took 0.077 seconds
[2024-05-16T12:31:17.820+0000] {processor.py:161} INFO - Started process (PID=18124) to work on /usr/local/python/3.10.13/lib/python3.10/site-packages/airflow/example_dags/tutorial_objectstorage.py
[2024-05-16T12:31:17.820+0000] {processor.py:830} INFO - Processing file /usr/local/python/3.10.13/lib/python3.10/site-packages/airflow/example_dags/tutorial_objectstorage.py for tasks to queue
[2024-05-16T12:31:17.822+0000] {logging_mixin.py:188} INFO - [2024-05-16T12:31:17.822+0000] {dagbag.py:545} INFO - Filling up the DagBag from /usr/local/python/3.10.13/lib/python3.10/site-packages/airflow/example_dags/tutorial_objectstorage.py
[2024-05-16T12:31:17.828+0000] {processor.py:840} INFO - DAG(s) 'tutorial_objectstorage' retrieved from /usr/local/python/3.10.13/lib/python3.10/site-packages/airflow/example_dags/tutorial_objectstorage.py
[2024-05-16T12:31:17.839+0000] {logging_mixin.py:188} INFO - [2024-05-16T12:31:17.839+0000] {dag.py:3096} INFO - Sync 1 DAGs
[2024-05-16T12:31:17.848+0000] {logging_mixin.py:188} INFO - [2024-05-16T12:31:17.847+0000] {dag.py:3954} INFO - Setting next_dagrun for tutorial_objectstorage to None, run_after=None
[2024-05-16T12:31:17.893+0000] {processor.py:183} INFO - Processing /usr/local/python/3.10.13/lib/python3.10/site-packages/airflow/example_dags/tutorial_objectstorage.py took 0.078 seconds
[2024-05-16T12:32:01.584+0000] {processor.py:161} INFO - Started process (PID=18441) to work on /usr/local/python/3.10.13/lib/python3.10/site-packages/airflow/example_dags/tutorial_objectstorage.py
[2024-05-16T12:32:01.585+0000] {processor.py:830} INFO - Processing file /usr/local/python/3.10.13/lib/python3.10/site-packages/airflow/example_dags/tutorial_objectstorage.py for tasks to queue
[2024-05-16T12:32:01.586+0000] {logging_mixin.py:188} INFO - [2024-05-16T12:32:01.586+0000] {dagbag.py:545} INFO - Filling up the DagBag from /usr/local/python/3.10.13/lib/python3.10/site-packages/airflow/example_dags/tutorial_objectstorage.py
[2024-05-16T12:32:01.592+0000] {processor.py:840} INFO - DAG(s) 'tutorial_objectstorage' retrieved from /usr/local/python/3.10.13/lib/python3.10/site-packages/airflow/example_dags/tutorial_objectstorage.py
[2024-05-16T12:32:01.606+0000] {logging_mixin.py:188} INFO - [2024-05-16T12:32:01.606+0000] {dag.py:3096} INFO - Sync 1 DAGs
[2024-05-16T12:32:01.620+0000] {logging_mixin.py:188} INFO - [2024-05-16T12:32:01.620+0000] {dag.py:3954} INFO - Setting next_dagrun for tutorial_objectstorage to None, run_after=None
[2024-05-16T12:32:01.665+0000] {processor.py:183} INFO - Processing /usr/local/python/3.10.13/lib/python3.10/site-packages/airflow/example_dags/tutorial_objectstorage.py took 0.086 seconds
[2024-05-16T12:32:40.582+0000] {processor.py:161} INFO - Started process (PID=18723) to work on /usr/local/python/3.10.13/lib/python3.10/site-packages/airflow/example_dags/tutorial_objectstorage.py
[2024-05-16T12:32:40.583+0000] {processor.py:830} INFO - Processing file /usr/local/python/3.10.13/lib/python3.10/site-packages/airflow/example_dags/tutorial_objectstorage.py for tasks to queue
[2024-05-16T12:32:40.585+0000] {logging_mixin.py:188} INFO - [2024-05-16T12:32:40.584+0000] {dagbag.py:545} INFO - Filling up the DagBag from /usr/local/python/3.10.13/lib/python3.10/site-packages/airflow/example_dags/tutorial_objectstorage.py
[2024-05-16T12:32:40.592+0000] {processor.py:840} INFO - DAG(s) 'tutorial_objectstorage' retrieved from /usr/local/python/3.10.13/lib/python3.10/site-packages/airflow/example_dags/tutorial_objectstorage.py
[2024-05-16T12:32:40.611+0000] {logging_mixin.py:188} INFO - [2024-05-16T12:32:40.610+0000] {dag.py:3096} INFO - Sync 1 DAGs
[2024-05-16T12:32:40.621+0000] {logging_mixin.py:188} INFO - [2024-05-16T12:32:40.621+0000] {dag.py:3954} INFO - Setting next_dagrun for tutorial_objectstorage to None, run_after=None
[2024-05-16T12:32:40.667+0000] {processor.py:183} INFO - Processing /usr/local/python/3.10.13/lib/python3.10/site-packages/airflow/example_dags/tutorial_objectstorage.py took 0.091 seconds
[2024-05-16T12:33:21.973+0000] {processor.py:161} INFO - Started process (PID=19023) to work on /usr/local/python/3.10.13/lib/python3.10/site-packages/airflow/example_dags/tutorial_objectstorage.py
[2024-05-16T12:33:21.974+0000] {processor.py:830} INFO - Processing file /usr/local/python/3.10.13/lib/python3.10/site-packages/airflow/example_dags/tutorial_objectstorage.py for tasks to queue
[2024-05-16T12:33:21.976+0000] {logging_mixin.py:188} INFO - [2024-05-16T12:33:21.976+0000] {dagbag.py:545} INFO - Filling up the DagBag from /usr/local/python/3.10.13/lib/python3.10/site-packages/airflow/example_dags/tutorial_objectstorage.py
[2024-05-16T12:33:21.984+0000] {processor.py:840} INFO - DAG(s) 'tutorial_objectstorage' retrieved from /usr/local/python/3.10.13/lib/python3.10/site-packages/airflow/example_dags/tutorial_objectstorage.py
[2024-05-16T12:33:21.999+0000] {logging_mixin.py:188} INFO - [2024-05-16T12:33:21.999+0000] {dag.py:3096} INFO - Sync 1 DAGs
[2024-05-16T12:33:22.008+0000] {logging_mixin.py:188} INFO - [2024-05-16T12:33:22.008+0000] {dag.py:3954} INFO - Setting next_dagrun for tutorial_objectstorage to None, run_after=None
[2024-05-16T12:33:22.058+0000] {processor.py:183} INFO - Processing /usr/local/python/3.10.13/lib/python3.10/site-packages/airflow/example_dags/tutorial_objectstorage.py took 0.092 seconds
[2024-05-16T12:34:04.931+0000] {processor.py:161} INFO - Started process (PID=19339) to work on /usr/local/python/3.10.13/lib/python3.10/site-packages/airflow/example_dags/tutorial_objectstorage.py
[2024-05-16T12:34:04.932+0000] {processor.py:830} INFO - Processing file /usr/local/python/3.10.13/lib/python3.10/site-packages/airflow/example_dags/tutorial_objectstorage.py for tasks to queue
[2024-05-16T12:34:04.933+0000] {logging_mixin.py:188} INFO - [2024-05-16T12:34:04.933+0000] {dagbag.py:545} INFO - Filling up the DagBag from /usr/local/python/3.10.13/lib/python3.10/site-packages/airflow/example_dags/tutorial_objectstorage.py
[2024-05-16T12:34:04.939+0000] {processor.py:840} INFO - DAG(s) 'tutorial_objectstorage' retrieved from /usr/local/python/3.10.13/lib/python3.10/site-packages/airflow/example_dags/tutorial_objectstorage.py
[2024-05-16T12:34:04.949+0000] {logging_mixin.py:188} INFO - [2024-05-16T12:34:04.949+0000] {dag.py:3096} INFO - Sync 1 DAGs
[2024-05-16T12:34:04.958+0000] {logging_mixin.py:188} INFO - [2024-05-16T12:34:04.958+0000] {dag.py:3954} INFO - Setting next_dagrun for tutorial_objectstorage to None, run_after=None
[2024-05-16T12:34:05.006+0000] {processor.py:183} INFO - Processing /usr/local/python/3.10.13/lib/python3.10/site-packages/airflow/example_dags/tutorial_objectstorage.py took 0.080 seconds
[2024-05-16T12:34:48.636+0000] {processor.py:161} INFO - Started process (PID=19651) to work on /usr/local/python/3.10.13/lib/python3.10/site-packages/airflow/example_dags/tutorial_objectstorage.py
[2024-05-16T12:34:48.636+0000] {processor.py:830} INFO - Processing file /usr/local/python/3.10.13/lib/python3.10/site-packages/airflow/example_dags/tutorial_objectstorage.py for tasks to queue
[2024-05-16T12:34:48.638+0000] {logging_mixin.py:188} INFO - [2024-05-16T12:34:48.637+0000] {dagbag.py:545} INFO - Filling up the DagBag from /usr/local/python/3.10.13/lib/python3.10/site-packages/airflow/example_dags/tutorial_objectstorage.py
[2024-05-16T12:34:48.643+0000] {processor.py:840} INFO - DAG(s) 'tutorial_objectstorage' retrieved from /usr/local/python/3.10.13/lib/python3.10/site-packages/airflow/example_dags/tutorial_objectstorage.py
[2024-05-16T12:34:48.654+0000] {logging_mixin.py:188} INFO - [2024-05-16T12:34:48.654+0000] {dag.py:3096} INFO - Sync 1 DAGs
[2024-05-16T12:34:48.662+0000] {logging_mixin.py:188} INFO - [2024-05-16T12:34:48.662+0000] {dag.py:3954} INFO - Setting next_dagrun for tutorial_objectstorage to None, run_after=None
[2024-05-16T12:34:48.709+0000] {processor.py:183} INFO - Processing /usr/local/python/3.10.13/lib/python3.10/site-packages/airflow/example_dags/tutorial_objectstorage.py took 0.080 seconds
[2024-05-16T12:35:31.271+0000] {processor.py:161} INFO - Started process (PID=19965) to work on /usr/local/python/3.10.13/lib/python3.10/site-packages/airflow/example_dags/tutorial_objectstorage.py
[2024-05-16T12:35:31.272+0000] {processor.py:830} INFO - Processing file /usr/local/python/3.10.13/lib/python3.10/site-packages/airflow/example_dags/tutorial_objectstorage.py for tasks to queue
[2024-05-16T12:35:31.273+0000] {logging_mixin.py:188} INFO - [2024-05-16T12:35:31.273+0000] {dagbag.py:545} INFO - Filling up the DagBag from /usr/local/python/3.10.13/lib/python3.10/site-packages/airflow/example_dags/tutorial_objectstorage.py
[2024-05-16T12:35:31.279+0000] {processor.py:840} INFO - DAG(s) 'tutorial_objectstorage' retrieved from /usr/local/python/3.10.13/lib/python3.10/site-packages/airflow/example_dags/tutorial_objectstorage.py
[2024-05-16T12:35:31.290+0000] {logging_mixin.py:188} INFO - [2024-05-16T12:35:31.290+0000] {dag.py:3096} INFO - Sync 1 DAGs
[2024-05-16T12:35:31.299+0000] {logging_mixin.py:188} INFO - [2024-05-16T12:35:31.299+0000] {dag.py:3954} INFO - Setting next_dagrun for tutorial_objectstorage to None, run_after=None
[2024-05-16T12:35:31.344+0000] {processor.py:183} INFO - Processing /usr/local/python/3.10.13/lib/python3.10/site-packages/airflow/example_dags/tutorial_objectstorage.py took 0.078 seconds
[2024-05-16T12:36:11.241+0000] {processor.py:161} INFO - Started process (PID=20259) to work on /usr/local/python/3.10.13/lib/python3.10/site-packages/airflow/example_dags/tutorial_objectstorage.py
[2024-05-16T12:36:11.241+0000] {processor.py:830} INFO - Processing file /usr/local/python/3.10.13/lib/python3.10/site-packages/airflow/example_dags/tutorial_objectstorage.py for tasks to queue
[2024-05-16T12:36:11.243+0000] {logging_mixin.py:188} INFO - [2024-05-16T12:36:11.242+0000] {dagbag.py:545} INFO - Filling up the DagBag from /usr/local/python/3.10.13/lib/python3.10/site-packages/airflow/example_dags/tutorial_objectstorage.py
[2024-05-16T12:36:11.248+0000] {processor.py:840} INFO - DAG(s) 'tutorial_objectstorage' retrieved from /usr/local/python/3.10.13/lib/python3.10/site-packages/airflow/example_dags/tutorial_objectstorage.py
[2024-05-16T12:36:11.259+0000] {logging_mixin.py:188} INFO - [2024-05-16T12:36:11.259+0000] {dag.py:3096} INFO - Sync 1 DAGs
[2024-05-16T12:36:11.267+0000] {logging_mixin.py:188} INFO - [2024-05-16T12:36:11.267+0000] {dag.py:3954} INFO - Setting next_dagrun for tutorial_objectstorage to None, run_after=None
[2024-05-16T12:36:11.314+0000] {processor.py:183} INFO - Processing /usr/local/python/3.10.13/lib/python3.10/site-packages/airflow/example_dags/tutorial_objectstorage.py took 0.079 seconds
[2024-05-16T12:36:51.354+0000] {processor.py:161} INFO - Started process (PID=20555) to work on /usr/local/python/3.10.13/lib/python3.10/site-packages/airflow/example_dags/tutorial_objectstorage.py
[2024-05-16T12:36:51.355+0000] {processor.py:830} INFO - Processing file /usr/local/python/3.10.13/lib/python3.10/site-packages/airflow/example_dags/tutorial_objectstorage.py for tasks to queue
[2024-05-16T12:36:51.356+0000] {logging_mixin.py:188} INFO - [2024-05-16T12:36:51.356+0000] {dagbag.py:545} INFO - Filling up the DagBag from /usr/local/python/3.10.13/lib/python3.10/site-packages/airflow/example_dags/tutorial_objectstorage.py
[2024-05-16T12:36:51.362+0000] {processor.py:840} INFO - DAG(s) 'tutorial_objectstorage' retrieved from /usr/local/python/3.10.13/lib/python3.10/site-packages/airflow/example_dags/tutorial_objectstorage.py
[2024-05-16T12:36:51.378+0000] {logging_mixin.py:188} INFO - [2024-05-16T12:36:51.378+0000] {dag.py:3096} INFO - Sync 1 DAGs
[2024-05-16T12:36:51.387+0000] {logging_mixin.py:188} INFO - [2024-05-16T12:36:51.387+0000] {dag.py:3954} INFO - Setting next_dagrun for tutorial_objectstorage to None, run_after=None
[2024-05-16T12:36:51.433+0000] {processor.py:183} INFO - Processing /usr/local/python/3.10.13/lib/python3.10/site-packages/airflow/example_dags/tutorial_objectstorage.py took 0.083 seconds
[2024-05-16T12:37:35.485+0000] {processor.py:161} INFO - Started process (PID=20874) to work on /usr/local/python/3.10.13/lib/python3.10/site-packages/airflow/example_dags/tutorial_objectstorage.py
[2024-05-16T12:37:35.485+0000] {processor.py:830} INFO - Processing file /usr/local/python/3.10.13/lib/python3.10/site-packages/airflow/example_dags/tutorial_objectstorage.py for tasks to queue
[2024-05-16T12:37:35.487+0000] {logging_mixin.py:188} INFO - [2024-05-16T12:37:35.487+0000] {dagbag.py:545} INFO - Filling up the DagBag from /usr/local/python/3.10.13/lib/python3.10/site-packages/airflow/example_dags/tutorial_objectstorage.py
[2024-05-16T12:37:35.494+0000] {processor.py:840} INFO - DAG(s) 'tutorial_objectstorage' retrieved from /usr/local/python/3.10.13/lib/python3.10/site-packages/airflow/example_dags/tutorial_objectstorage.py
[2024-05-16T12:37:35.510+0000] {logging_mixin.py:188} INFO - [2024-05-16T12:37:35.510+0000] {dag.py:3096} INFO - Sync 1 DAGs
[2024-05-16T12:37:35.520+0000] {logging_mixin.py:188} INFO - [2024-05-16T12:37:35.519+0000] {dag.py:3954} INFO - Setting next_dagrun for tutorial_objectstorage to None, run_after=None
[2024-05-16T12:37:35.567+0000] {processor.py:183} INFO - Processing /usr/local/python/3.10.13/lib/python3.10/site-packages/airflow/example_dags/tutorial_objectstorage.py took 0.089 seconds
[2024-05-16T12:38:14.451+0000] {processor.py:161} INFO - Started process (PID=21138) to work on /usr/local/python/3.10.13/lib/python3.10/site-packages/airflow/example_dags/tutorial_objectstorage.py
[2024-05-16T12:38:14.452+0000] {processor.py:830} INFO - Processing file /usr/local/python/3.10.13/lib/python3.10/site-packages/airflow/example_dags/tutorial_objectstorage.py for tasks to queue
[2024-05-16T12:38:14.453+0000] {logging_mixin.py:188} INFO - [2024-05-16T12:38:14.453+0000] {dagbag.py:545} INFO - Filling up the DagBag from /usr/local/python/3.10.13/lib/python3.10/site-packages/airflow/example_dags/tutorial_objectstorage.py
[2024-05-16T12:38:14.459+0000] {processor.py:840} INFO - DAG(s) 'tutorial_objectstorage' retrieved from /usr/local/python/3.10.13/lib/python3.10/site-packages/airflow/example_dags/tutorial_objectstorage.py
[2024-05-16T12:38:14.470+0000] {logging_mixin.py:188} INFO - [2024-05-16T12:38:14.469+0000] {dag.py:3096} INFO - Sync 1 DAGs
[2024-05-16T12:38:14.478+0000] {logging_mixin.py:188} INFO - [2024-05-16T12:38:14.478+0000] {dag.py:3954} INFO - Setting next_dagrun for tutorial_objectstorage to None, run_after=None
[2024-05-16T12:38:14.527+0000] {processor.py:183} INFO - Processing /usr/local/python/3.10.13/lib/python3.10/site-packages/airflow/example_dags/tutorial_objectstorage.py took 0.081 seconds
[2024-05-16T12:38:53.247+0000] {processor.py:161} INFO - Started process (PID=21412) to work on /usr/local/python/3.10.13/lib/python3.10/site-packages/airflow/example_dags/tutorial_objectstorage.py
[2024-05-16T12:38:53.248+0000] {processor.py:830} INFO - Processing file /usr/local/python/3.10.13/lib/python3.10/site-packages/airflow/example_dags/tutorial_objectstorage.py for tasks to queue
[2024-05-16T12:38:53.250+0000] {logging_mixin.py:188} INFO - [2024-05-16T12:38:53.249+0000] {dagbag.py:545} INFO - Filling up the DagBag from /usr/local/python/3.10.13/lib/python3.10/site-packages/airflow/example_dags/tutorial_objectstorage.py
[2024-05-16T12:38:53.256+0000] {processor.py:840} INFO - DAG(s) 'tutorial_objectstorage' retrieved from /usr/local/python/3.10.13/lib/python3.10/site-packages/airflow/example_dags/tutorial_objectstorage.py
[2024-05-16T12:38:53.266+0000] {logging_mixin.py:188} INFO - [2024-05-16T12:38:53.266+0000] {dag.py:3096} INFO - Sync 1 DAGs
[2024-05-16T12:38:53.275+0000] {logging_mixin.py:188} INFO - [2024-05-16T12:38:53.275+0000] {dag.py:3954} INFO - Setting next_dagrun for tutorial_objectstorage to None, run_after=None
[2024-05-16T12:38:53.318+0000] {processor.py:183} INFO - Processing /usr/local/python/3.10.13/lib/python3.10/site-packages/airflow/example_dags/tutorial_objectstorage.py took 0.076 seconds
[2024-05-16T12:39:37.963+0000] {processor.py:161} INFO - Started process (PID=21737) to work on /usr/local/python/3.10.13/lib/python3.10/site-packages/airflow/example_dags/tutorial_objectstorage.py
[2024-05-16T12:39:37.964+0000] {processor.py:830} INFO - Processing file /usr/local/python/3.10.13/lib/python3.10/site-packages/airflow/example_dags/tutorial_objectstorage.py for tasks to queue
[2024-05-16T12:39:37.966+0000] {logging_mixin.py:188} INFO - [2024-05-16T12:39:37.965+0000] {dagbag.py:545} INFO - Filling up the DagBag from /usr/local/python/3.10.13/lib/python3.10/site-packages/airflow/example_dags/tutorial_objectstorage.py
[2024-05-16T12:39:37.972+0000] {processor.py:840} INFO - DAG(s) 'tutorial_objectstorage' retrieved from /usr/local/python/3.10.13/lib/python3.10/site-packages/airflow/example_dags/tutorial_objectstorage.py
[2024-05-16T12:39:37.982+0000] {logging_mixin.py:188} INFO - [2024-05-16T12:39:37.982+0000] {dag.py:3096} INFO - Sync 1 DAGs
[2024-05-16T12:39:37.991+0000] {logging_mixin.py:188} INFO - [2024-05-16T12:39:37.991+0000] {dag.py:3954} INFO - Setting next_dagrun for tutorial_objectstorage to None, run_after=None
[2024-05-16T12:39:38.036+0000] {processor.py:183} INFO - Processing /usr/local/python/3.10.13/lib/python3.10/site-packages/airflow/example_dags/tutorial_objectstorage.py took 0.079 seconds
[2024-05-16T12:40:19.937+0000] {processor.py:161} INFO - Started process (PID=22048) to work on /usr/local/python/3.10.13/lib/python3.10/site-packages/airflow/example_dags/tutorial_objectstorage.py
[2024-05-16T12:40:19.937+0000] {processor.py:830} INFO - Processing file /usr/local/python/3.10.13/lib/python3.10/site-packages/airflow/example_dags/tutorial_objectstorage.py for tasks to queue
[2024-05-16T12:40:19.939+0000] {logging_mixin.py:188} INFO - [2024-05-16T12:40:19.938+0000] {dagbag.py:545} INFO - Filling up the DagBag from /usr/local/python/3.10.13/lib/python3.10/site-packages/airflow/example_dags/tutorial_objectstorage.py
[2024-05-16T12:40:19.944+0000] {processor.py:840} INFO - DAG(s) 'tutorial_objectstorage' retrieved from /usr/local/python/3.10.13/lib/python3.10/site-packages/airflow/example_dags/tutorial_objectstorage.py
[2024-05-16T12:40:19.955+0000] {logging_mixin.py:188} INFO - [2024-05-16T12:40:19.955+0000] {dag.py:3096} INFO - Sync 1 DAGs
[2024-05-16T12:40:19.964+0000] {logging_mixin.py:188} INFO - [2024-05-16T12:40:19.964+0000] {dag.py:3954} INFO - Setting next_dagrun for tutorial_objectstorage to None, run_after=None
[2024-05-16T12:40:20.008+0000] {processor.py:183} INFO - Processing /usr/local/python/3.10.13/lib/python3.10/site-packages/airflow/example_dags/tutorial_objectstorage.py took 0.076 seconds
[2024-05-16T12:41:02.420+0000] {processor.py:161} INFO - Started process (PID=22350) to work on /usr/local/python/3.10.13/lib/python3.10/site-packages/airflow/example_dags/tutorial_objectstorage.py
[2024-05-16T12:41:02.421+0000] {processor.py:830} INFO - Processing file /usr/local/python/3.10.13/lib/python3.10/site-packages/airflow/example_dags/tutorial_objectstorage.py for tasks to queue
[2024-05-16T12:41:02.422+0000] {logging_mixin.py:188} INFO - [2024-05-16T12:41:02.422+0000] {dagbag.py:545} INFO - Filling up the DagBag from /usr/local/python/3.10.13/lib/python3.10/site-packages/airflow/example_dags/tutorial_objectstorage.py
[2024-05-16T12:41:02.428+0000] {processor.py:840} INFO - DAG(s) 'tutorial_objectstorage' retrieved from /usr/local/python/3.10.13/lib/python3.10/site-packages/airflow/example_dags/tutorial_objectstorage.py
[2024-05-16T12:41:02.439+0000] {logging_mixin.py:188} INFO - [2024-05-16T12:41:02.439+0000] {dag.py:3096} INFO - Sync 1 DAGs
[2024-05-16T12:41:02.447+0000] {logging_mixin.py:188} INFO - [2024-05-16T12:41:02.447+0000] {dag.py:3954} INFO - Setting next_dagrun for tutorial_objectstorage to None, run_after=None
[2024-05-16T12:41:02.491+0000] {processor.py:183} INFO - Processing /usr/local/python/3.10.13/lib/python3.10/site-packages/airflow/example_dags/tutorial_objectstorage.py took 0.076 seconds
[2024-05-16T12:41:42.882+0000] {processor.py:161} INFO - Started process (PID=22636) to work on /usr/local/python/3.10.13/lib/python3.10/site-packages/airflow/example_dags/tutorial_objectstorage.py
[2024-05-16T12:41:42.883+0000] {processor.py:830} INFO - Processing file /usr/local/python/3.10.13/lib/python3.10/site-packages/airflow/example_dags/tutorial_objectstorage.py for tasks to queue
[2024-05-16T12:41:42.884+0000] {logging_mixin.py:188} INFO - [2024-05-16T12:41:42.884+0000] {dagbag.py:545} INFO - Filling up the DagBag from /usr/local/python/3.10.13/lib/python3.10/site-packages/airflow/example_dags/tutorial_objectstorage.py
[2024-05-16T12:41:42.890+0000] {processor.py:840} INFO - DAG(s) 'tutorial_objectstorage' retrieved from /usr/local/python/3.10.13/lib/python3.10/site-packages/airflow/example_dags/tutorial_objectstorage.py
[2024-05-16T12:41:42.900+0000] {logging_mixin.py:188} INFO - [2024-05-16T12:41:42.900+0000] {dag.py:3096} INFO - Sync 1 DAGs
[2024-05-16T12:41:42.909+0000] {logging_mixin.py:188} INFO - [2024-05-16T12:41:42.909+0000] {dag.py:3954} INFO - Setting next_dagrun for tutorial_objectstorage to None, run_after=None
[2024-05-16T12:41:42.955+0000] {processor.py:183} INFO - Processing /usr/local/python/3.10.13/lib/python3.10/site-packages/airflow/example_dags/tutorial_objectstorage.py took 0.078 seconds
[2024-05-16T12:42:28.243+0000] {processor.py:161} INFO - Started process (PID=22966) to work on /usr/local/python/3.10.13/lib/python3.10/site-packages/airflow/example_dags/tutorial_objectstorage.py
[2024-05-16T12:42:28.243+0000] {processor.py:830} INFO - Processing file /usr/local/python/3.10.13/lib/python3.10/site-packages/airflow/example_dags/tutorial_objectstorage.py for tasks to queue
[2024-05-16T12:42:28.245+0000] {logging_mixin.py:188} INFO - [2024-05-16T12:42:28.245+0000] {dagbag.py:545} INFO - Filling up the DagBag from /usr/local/python/3.10.13/lib/python3.10/site-packages/airflow/example_dags/tutorial_objectstorage.py
[2024-05-16T12:42:28.251+0000] {processor.py:840} INFO - DAG(s) 'tutorial_objectstorage' retrieved from /usr/local/python/3.10.13/lib/python3.10/site-packages/airflow/example_dags/tutorial_objectstorage.py
[2024-05-16T12:42:28.261+0000] {logging_mixin.py:188} INFO - [2024-05-16T12:42:28.261+0000] {dag.py:3096} INFO - Sync 1 DAGs
[2024-05-16T12:42:28.270+0000] {logging_mixin.py:188} INFO - [2024-05-16T12:42:28.269+0000] {dag.py:3954} INFO - Setting next_dagrun for tutorial_objectstorage to None, run_after=None
[2024-05-16T12:42:28.316+0000] {processor.py:183} INFO - Processing /usr/local/python/3.10.13/lib/python3.10/site-packages/airflow/example_dags/tutorial_objectstorage.py took 0.078 seconds
[2024-05-16T12:43:08.921+0000] {processor.py:161} INFO - Started process (PID=23261) to work on /usr/local/python/3.10.13/lib/python3.10/site-packages/airflow/example_dags/tutorial_objectstorage.py
[2024-05-16T12:43:08.921+0000] {processor.py:830} INFO - Processing file /usr/local/python/3.10.13/lib/python3.10/site-packages/airflow/example_dags/tutorial_objectstorage.py for tasks to queue
[2024-05-16T12:43:08.923+0000] {logging_mixin.py:188} INFO - [2024-05-16T12:43:08.922+0000] {dagbag.py:545} INFO - Filling up the DagBag from /usr/local/python/3.10.13/lib/python3.10/site-packages/airflow/example_dags/tutorial_objectstorage.py
[2024-05-16T12:43:08.928+0000] {processor.py:840} INFO - DAG(s) 'tutorial_objectstorage' retrieved from /usr/local/python/3.10.13/lib/python3.10/site-packages/airflow/example_dags/tutorial_objectstorage.py
[2024-05-16T12:43:08.939+0000] {logging_mixin.py:188} INFO - [2024-05-16T12:43:08.939+0000] {dag.py:3096} INFO - Sync 1 DAGs
[2024-05-16T12:43:08.948+0000] {logging_mixin.py:188} INFO - [2024-05-16T12:43:08.948+0000] {dag.py:3954} INFO - Setting next_dagrun for tutorial_objectstorage to None, run_after=None
[2024-05-16T12:43:08.992+0000] {processor.py:183} INFO - Processing /usr/local/python/3.10.13/lib/python3.10/site-packages/airflow/example_dags/tutorial_objectstorage.py took 0.077 seconds
[2024-05-16T12:43:51.144+0000] {processor.py:161} INFO - Started process (PID=23575) to work on /usr/local/python/3.10.13/lib/python3.10/site-packages/airflow/example_dags/tutorial_objectstorage.py
[2024-05-16T12:43:51.144+0000] {processor.py:830} INFO - Processing file /usr/local/python/3.10.13/lib/python3.10/site-packages/airflow/example_dags/tutorial_objectstorage.py for tasks to queue
[2024-05-16T12:43:51.146+0000] {logging_mixin.py:188} INFO - [2024-05-16T12:43:51.145+0000] {dagbag.py:545} INFO - Filling up the DagBag from /usr/local/python/3.10.13/lib/python3.10/site-packages/airflow/example_dags/tutorial_objectstorage.py
[2024-05-16T12:43:51.151+0000] {processor.py:840} INFO - DAG(s) 'tutorial_objectstorage' retrieved from /usr/local/python/3.10.13/lib/python3.10/site-packages/airflow/example_dags/tutorial_objectstorage.py
[2024-05-16T12:43:51.163+0000] {logging_mixin.py:188} INFO - [2024-05-16T12:43:51.162+0000] {dag.py:3096} INFO - Sync 1 DAGs
[2024-05-16T12:43:51.172+0000] {logging_mixin.py:188} INFO - [2024-05-16T12:43:51.171+0000] {dag.py:3954} INFO - Setting next_dagrun for tutorial_objectstorage to None, run_after=None
[2024-05-16T12:43:51.217+0000] {processor.py:183} INFO - Processing /usr/local/python/3.10.13/lib/python3.10/site-packages/airflow/example_dags/tutorial_objectstorage.py took 0.078 seconds
[2024-05-16T12:44:34.953+0000] {processor.py:161} INFO - Started process (PID=23898) to work on /usr/local/python/3.10.13/lib/python3.10/site-packages/airflow/example_dags/tutorial_objectstorage.py
[2024-05-16T12:44:34.954+0000] {processor.py:830} INFO - Processing file /usr/local/python/3.10.13/lib/python3.10/site-packages/airflow/example_dags/tutorial_objectstorage.py for tasks to queue
[2024-05-16T12:44:34.956+0000] {logging_mixin.py:188} INFO - [2024-05-16T12:44:34.955+0000] {dagbag.py:545} INFO - Filling up the DagBag from /usr/local/python/3.10.13/lib/python3.10/site-packages/airflow/example_dags/tutorial_objectstorage.py
[2024-05-16T12:44:34.962+0000] {processor.py:840} INFO - DAG(s) 'tutorial_objectstorage' retrieved from /usr/local/python/3.10.13/lib/python3.10/site-packages/airflow/example_dags/tutorial_objectstorage.py
[2024-05-16T12:44:34.974+0000] {logging_mixin.py:188} INFO - [2024-05-16T12:44:34.974+0000] {dag.py:3096} INFO - Sync 1 DAGs
[2024-05-16T12:44:34.983+0000] {logging_mixin.py:188} INFO - [2024-05-16T12:44:34.983+0000] {dag.py:3954} INFO - Setting next_dagrun for tutorial_objectstorage to None, run_after=None
[2024-05-16T12:44:35.033+0000] {processor.py:183} INFO - Processing /usr/local/python/3.10.13/lib/python3.10/site-packages/airflow/example_dags/tutorial_objectstorage.py took 0.084 seconds
[2024-05-16T12:45:17.850+0000] {processor.py:161} INFO - Started process (PID=24270) to work on /usr/local/python/3.10.13/lib/python3.10/site-packages/airflow/example_dags/tutorial_objectstorage.py
[2024-05-16T12:45:17.851+0000] {processor.py:830} INFO - Processing file /usr/local/python/3.10.13/lib/python3.10/site-packages/airflow/example_dags/tutorial_objectstorage.py for tasks to queue
[2024-05-16T12:45:17.852+0000] {logging_mixin.py:188} INFO - [2024-05-16T12:45:17.852+0000] {dagbag.py:545} INFO - Filling up the DagBag from /usr/local/python/3.10.13/lib/python3.10/site-packages/airflow/example_dags/tutorial_objectstorage.py
[2024-05-16T12:45:17.858+0000] {processor.py:840} INFO - DAG(s) 'tutorial_objectstorage' retrieved from /usr/local/python/3.10.13/lib/python3.10/site-packages/airflow/example_dags/tutorial_objectstorage.py
[2024-05-16T12:45:17.869+0000] {logging_mixin.py:188} INFO - [2024-05-16T12:45:17.869+0000] {dag.py:3096} INFO - Sync 1 DAGs
[2024-05-16T12:45:17.878+0000] {logging_mixin.py:188} INFO - [2024-05-16T12:45:17.878+0000] {dag.py:3954} INFO - Setting next_dagrun for tutorial_objectstorage to None, run_after=None
[2024-05-16T12:45:17.927+0000] {processor.py:183} INFO - Processing /usr/local/python/3.10.13/lib/python3.10/site-packages/airflow/example_dags/tutorial_objectstorage.py took 0.082 seconds
