[2024-05-16T12:06:31.619+0000] {processor.py:161} INFO - Started process (PID=7456) to work on /usr/local/python/3.10.13/lib/python3.10/site-packages/airflow/example_dags/tutorial_taskflow_api_virtualenv.py
[2024-05-16T12:06:31.620+0000] {processor.py:830} INFO - Processing file /usr/local/python/3.10.13/lib/python3.10/site-packages/airflow/example_dags/tutorial_taskflow_api_virtualenv.py for tasks to queue
[2024-05-16T12:06:31.622+0000] {logging_mixin.py:188} INFO - [2024-05-16T12:06:31.621+0000] {dagbag.py:545} INFO - Filling up the DagBag from /usr/local/python/3.10.13/lib/python3.10/site-packages/airflow/example_dags/tutorial_taskflow_api_virtualenv.py
[2024-05-16T12:06:31.629+0000] {processor.py:840} INFO - DAG(s) 'tutorial_taskflow_api_virtualenv' retrieved from /usr/local/python/3.10.13/lib/python3.10/site-packages/airflow/example_dags/tutorial_taskflow_api_virtualenv.py
[2024-05-16T12:06:31.835+0000] {logging_mixin.py:188} INFO - [2024-05-16T12:06:31.835+0000] {dag.py:3096} INFO - Sync 1 DAGs
[2024-05-16T12:06:31.851+0000] {logging_mixin.py:188} INFO - [2024-05-16T12:06:31.851+0000] {dag.py:3954} INFO - Setting next_dagrun for tutorial_taskflow_api_virtualenv to None, run_after=None
[2024-05-16T12:06:31.899+0000] {processor.py:183} INFO - Processing /usr/local/python/3.10.13/lib/python3.10/site-packages/airflow/example_dags/tutorial_taskflow_api_virtualenv.py took 0.284 seconds
[2024-05-16T12:07:27.684+0000] {processor.py:161} INFO - Started process (PID=7821) to work on /usr/local/python/3.10.13/lib/python3.10/site-packages/airflow/example_dags/tutorial_taskflow_api_virtualenv.py
[2024-05-16T12:07:27.685+0000] {processor.py:830} INFO - Processing file /usr/local/python/3.10.13/lib/python3.10/site-packages/airflow/example_dags/tutorial_taskflow_api_virtualenv.py for tasks to queue
[2024-05-16T12:07:27.686+0000] {logging_mixin.py:188} INFO - [2024-05-16T12:07:27.686+0000] {dagbag.py:545} INFO - Filling up the DagBag from /usr/local/python/3.10.13/lib/python3.10/site-packages/airflow/example_dags/tutorial_taskflow_api_virtualenv.py
[2024-05-16T12:07:27.696+0000] {processor.py:840} INFO - DAG(s) 'tutorial_taskflow_api_virtualenv' retrieved from /usr/local/python/3.10.13/lib/python3.10/site-packages/airflow/example_dags/tutorial_taskflow_api_virtualenv.py
[2024-05-16T12:07:27.708+0000] {logging_mixin.py:188} INFO - [2024-05-16T12:07:27.708+0000] {dag.py:3096} INFO - Sync 1 DAGs
[2024-05-16T12:07:27.717+0000] {logging_mixin.py:188} INFO - [2024-05-16T12:07:27.717+0000] {dag.py:3954} INFO - Setting next_dagrun for tutorial_taskflow_api_virtualenv to None, run_after=None
[2024-05-16T12:07:27.763+0000] {processor.py:183} INFO - Processing /usr/local/python/3.10.13/lib/python3.10/site-packages/airflow/example_dags/tutorial_taskflow_api_virtualenv.py took 0.086 seconds
[2024-05-16T12:08:17.482+0000] {processor.py:161} INFO - Started process (PID=8163) to work on /usr/local/python/3.10.13/lib/python3.10/site-packages/airflow/example_dags/tutorial_taskflow_api_virtualenv.py
[2024-05-16T12:08:17.483+0000] {processor.py:830} INFO - Processing file /usr/local/python/3.10.13/lib/python3.10/site-packages/airflow/example_dags/tutorial_taskflow_api_virtualenv.py for tasks to queue
[2024-05-16T12:08:17.484+0000] {logging_mixin.py:188} INFO - [2024-05-16T12:08:17.484+0000] {dagbag.py:545} INFO - Filling up the DagBag from /usr/local/python/3.10.13/lib/python3.10/site-packages/airflow/example_dags/tutorial_taskflow_api_virtualenv.py
[2024-05-16T12:08:17.492+0000] {processor.py:840} INFO - DAG(s) 'tutorial_taskflow_api_virtualenv' retrieved from /usr/local/python/3.10.13/lib/python3.10/site-packages/airflow/example_dags/tutorial_taskflow_api_virtualenv.py
[2024-05-16T12:08:17.504+0000] {logging_mixin.py:188} INFO - [2024-05-16T12:08:17.504+0000] {dag.py:3096} INFO - Sync 1 DAGs
[2024-05-16T12:08:17.512+0000] {logging_mixin.py:188} INFO - [2024-05-16T12:08:17.512+0000] {dag.py:3954} INFO - Setting next_dagrun for tutorial_taskflow_api_virtualenv to None, run_after=None
[2024-05-16T12:08:17.556+0000] {processor.py:183} INFO - Processing /usr/local/python/3.10.13/lib/python3.10/site-packages/airflow/example_dags/tutorial_taskflow_api_virtualenv.py took 0.079 seconds
[2024-05-16T12:09:06.677+0000] {processor.py:161} INFO - Started process (PID=8531) to work on /usr/local/python/3.10.13/lib/python3.10/site-packages/airflow/example_dags/tutorial_taskflow_api_virtualenv.py
[2024-05-16T12:09:06.678+0000] {processor.py:830} INFO - Processing file /usr/local/python/3.10.13/lib/python3.10/site-packages/airflow/example_dags/tutorial_taskflow_api_virtualenv.py for tasks to queue
[2024-05-16T12:09:06.679+0000] {logging_mixin.py:188} INFO - [2024-05-16T12:09:06.679+0000] {dagbag.py:545} INFO - Filling up the DagBag from /usr/local/python/3.10.13/lib/python3.10/site-packages/airflow/example_dags/tutorial_taskflow_api_virtualenv.py
[2024-05-16T12:09:06.687+0000] {processor.py:840} INFO - DAG(s) 'tutorial_taskflow_api_virtualenv' retrieved from /usr/local/python/3.10.13/lib/python3.10/site-packages/airflow/example_dags/tutorial_taskflow_api_virtualenv.py
[2024-05-16T12:09:06.698+0000] {logging_mixin.py:188} INFO - [2024-05-16T12:09:06.698+0000] {dag.py:3096} INFO - Sync 1 DAGs
[2024-05-16T12:09:06.708+0000] {logging_mixin.py:188} INFO - [2024-05-16T12:09:06.708+0000] {dag.py:3954} INFO - Setting next_dagrun for tutorial_taskflow_api_virtualenv to None, run_after=None
[2024-05-16T12:09:06.754+0000] {processor.py:183} INFO - Processing /usr/local/python/3.10.13/lib/python3.10/site-packages/airflow/example_dags/tutorial_taskflow_api_virtualenv.py took 0.082 seconds
[2024-05-16T12:09:51.974+0000] {processor.py:161} INFO - Started process (PID=8854) to work on /usr/local/python/3.10.13/lib/python3.10/site-packages/airflow/example_dags/tutorial_taskflow_api_virtualenv.py
[2024-05-16T12:09:51.975+0000] {processor.py:830} INFO - Processing file /usr/local/python/3.10.13/lib/python3.10/site-packages/airflow/example_dags/tutorial_taskflow_api_virtualenv.py for tasks to queue
[2024-05-16T12:09:51.977+0000] {logging_mixin.py:188} INFO - [2024-05-16T12:09:51.976+0000] {dagbag.py:545} INFO - Filling up the DagBag from /usr/local/python/3.10.13/lib/python3.10/site-packages/airflow/example_dags/tutorial_taskflow_api_virtualenv.py
[2024-05-16T12:09:51.985+0000] {processor.py:840} INFO - DAG(s) 'tutorial_taskflow_api_virtualenv' retrieved from /usr/local/python/3.10.13/lib/python3.10/site-packages/airflow/example_dags/tutorial_taskflow_api_virtualenv.py
[2024-05-16T12:09:51.996+0000] {logging_mixin.py:188} INFO - [2024-05-16T12:09:51.996+0000] {dag.py:3096} INFO - Sync 1 DAGs
[2024-05-16T12:09:52.004+0000] {logging_mixin.py:188} INFO - [2024-05-16T12:09:52.004+0000] {dag.py:3954} INFO - Setting next_dagrun for tutorial_taskflow_api_virtualenv to None, run_after=None
[2024-05-16T12:09:52.067+0000] {processor.py:183} INFO - Processing /usr/local/python/3.10.13/lib/python3.10/site-packages/airflow/example_dags/tutorial_taskflow_api_virtualenv.py took 0.097 seconds
[2024-05-16T12:10:35.276+0000] {processor.py:161} INFO - Started process (PID=9166) to work on /usr/local/python/3.10.13/lib/python3.10/site-packages/airflow/example_dags/tutorial_taskflow_api_virtualenv.py
[2024-05-16T12:10:35.276+0000] {processor.py:830} INFO - Processing file /usr/local/python/3.10.13/lib/python3.10/site-packages/airflow/example_dags/tutorial_taskflow_api_virtualenv.py for tasks to queue
[2024-05-16T12:10:35.278+0000] {logging_mixin.py:188} INFO - [2024-05-16T12:10:35.278+0000] {dagbag.py:545} INFO - Filling up the DagBag from /usr/local/python/3.10.13/lib/python3.10/site-packages/airflow/example_dags/tutorial_taskflow_api_virtualenv.py
[2024-05-16T12:10:35.286+0000] {processor.py:840} INFO - DAG(s) 'tutorial_taskflow_api_virtualenv' retrieved from /usr/local/python/3.10.13/lib/python3.10/site-packages/airflow/example_dags/tutorial_taskflow_api_virtualenv.py
[2024-05-16T12:10:35.305+0000] {logging_mixin.py:188} INFO - [2024-05-16T12:10:35.305+0000] {dag.py:3096} INFO - Sync 1 DAGs
[2024-05-16T12:10:35.319+0000] {logging_mixin.py:188} INFO - [2024-05-16T12:10:35.319+0000] {dag.py:3954} INFO - Setting next_dagrun for tutorial_taskflow_api_virtualenv to None, run_after=None
[2024-05-16T12:10:35.369+0000] {processor.py:183} INFO - Processing /usr/local/python/3.10.13/lib/python3.10/site-packages/airflow/example_dags/tutorial_taskflow_api_virtualenv.py took 0.098 seconds
[2024-05-16T12:11:17.596+0000] {processor.py:161} INFO - Started process (PID=9449) to work on /usr/local/python/3.10.13/lib/python3.10/site-packages/airflow/example_dags/tutorial_taskflow_api_virtualenv.py
[2024-05-16T12:11:17.597+0000] {processor.py:830} INFO - Processing file /usr/local/python/3.10.13/lib/python3.10/site-packages/airflow/example_dags/tutorial_taskflow_api_virtualenv.py for tasks to queue
[2024-05-16T12:11:17.598+0000] {logging_mixin.py:188} INFO - [2024-05-16T12:11:17.598+0000] {dagbag.py:545} INFO - Filling up the DagBag from /usr/local/python/3.10.13/lib/python3.10/site-packages/airflow/example_dags/tutorial_taskflow_api_virtualenv.py
[2024-05-16T12:11:17.607+0000] {processor.py:840} INFO - DAG(s) 'tutorial_taskflow_api_virtualenv' retrieved from /usr/local/python/3.10.13/lib/python3.10/site-packages/airflow/example_dags/tutorial_taskflow_api_virtualenv.py
[2024-05-16T12:11:17.617+0000] {logging_mixin.py:188} INFO - [2024-05-16T12:11:17.617+0000] {dag.py:3096} INFO - Sync 1 DAGs
[2024-05-16T12:11:17.626+0000] {logging_mixin.py:188} INFO - [2024-05-16T12:11:17.626+0000] {dag.py:3954} INFO - Setting next_dagrun for tutorial_taskflow_api_virtualenv to None, run_after=None
[2024-05-16T12:11:17.673+0000] {processor.py:183} INFO - Processing /usr/local/python/3.10.13/lib/python3.10/site-packages/airflow/example_dags/tutorial_taskflow_api_virtualenv.py took 0.081 seconds
[2024-05-16T12:12:18.428+0000] {processor.py:161} INFO - Started process (PID=9874) to work on /usr/local/python/3.10.13/lib/python3.10/site-packages/airflow/example_dags/tutorial_taskflow_api_virtualenv.py
[2024-05-16T12:12:18.429+0000] {processor.py:830} INFO - Processing file /usr/local/python/3.10.13/lib/python3.10/site-packages/airflow/example_dags/tutorial_taskflow_api_virtualenv.py for tasks to queue
[2024-05-16T12:12:18.430+0000] {logging_mixin.py:188} INFO - [2024-05-16T12:12:18.430+0000] {dagbag.py:545} INFO - Filling up the DagBag from /usr/local/python/3.10.13/lib/python3.10/site-packages/airflow/example_dags/tutorial_taskflow_api_virtualenv.py
[2024-05-16T12:12:18.444+0000] {processor.py:840} INFO - DAG(s) 'tutorial_taskflow_api_virtualenv' retrieved from /usr/local/python/3.10.13/lib/python3.10/site-packages/airflow/example_dags/tutorial_taskflow_api_virtualenv.py
[2024-05-16T12:12:18.460+0000] {logging_mixin.py:188} INFO - [2024-05-16T12:12:18.460+0000] {dag.py:3096} INFO - Sync 1 DAGs
[2024-05-16T12:12:18.474+0000] {logging_mixin.py:188} INFO - [2024-05-16T12:12:18.473+0000] {dag.py:3954} INFO - Setting next_dagrun for tutorial_taskflow_api_virtualenv to None, run_after=None
[2024-05-16T12:12:18.522+0000] {processor.py:183} INFO - Processing /usr/local/python/3.10.13/lib/python3.10/site-packages/airflow/example_dags/tutorial_taskflow_api_virtualenv.py took 0.103 seconds
[2024-05-16T12:13:01.431+0000] {processor.py:161} INFO - Started process (PID=10168) to work on /usr/local/python/3.10.13/lib/python3.10/site-packages/airflow/example_dags/tutorial_taskflow_api_virtualenv.py
[2024-05-16T12:13:01.431+0000] {processor.py:830} INFO - Processing file /usr/local/python/3.10.13/lib/python3.10/site-packages/airflow/example_dags/tutorial_taskflow_api_virtualenv.py for tasks to queue
[2024-05-16T12:13:01.433+0000] {logging_mixin.py:188} INFO - [2024-05-16T12:13:01.432+0000] {dagbag.py:545} INFO - Filling up the DagBag from /usr/local/python/3.10.13/lib/python3.10/site-packages/airflow/example_dags/tutorial_taskflow_api_virtualenv.py
[2024-05-16T12:13:01.441+0000] {processor.py:840} INFO - DAG(s) 'tutorial_taskflow_api_virtualenv' retrieved from /usr/local/python/3.10.13/lib/python3.10/site-packages/airflow/example_dags/tutorial_taskflow_api_virtualenv.py
[2024-05-16T12:13:01.452+0000] {logging_mixin.py:188} INFO - [2024-05-16T12:13:01.452+0000] {dag.py:3096} INFO - Sync 1 DAGs
[2024-05-16T12:13:01.461+0000] {logging_mixin.py:188} INFO - [2024-05-16T12:13:01.461+0000] {dag.py:3954} INFO - Setting next_dagrun for tutorial_taskflow_api_virtualenv to None, run_after=None
[2024-05-16T12:13:01.507+0000] {processor.py:183} INFO - Processing /usr/local/python/3.10.13/lib/python3.10/site-packages/airflow/example_dags/tutorial_taskflow_api_virtualenv.py took 0.081 seconds
[2024-05-16T12:13:43.206+0000] {processor.py:161} INFO - Started process (PID=10454) to work on /usr/local/python/3.10.13/lib/python3.10/site-packages/airflow/example_dags/tutorial_taskflow_api_virtualenv.py
[2024-05-16T12:13:43.207+0000] {processor.py:830} INFO - Processing file /usr/local/python/3.10.13/lib/python3.10/site-packages/airflow/example_dags/tutorial_taskflow_api_virtualenv.py for tasks to queue
[2024-05-16T12:13:43.208+0000] {logging_mixin.py:188} INFO - [2024-05-16T12:13:43.208+0000] {dagbag.py:545} INFO - Filling up the DagBag from /usr/local/python/3.10.13/lib/python3.10/site-packages/airflow/example_dags/tutorial_taskflow_api_virtualenv.py
[2024-05-16T12:13:43.221+0000] {processor.py:840} INFO - DAG(s) 'tutorial_taskflow_api_virtualenv' retrieved from /usr/local/python/3.10.13/lib/python3.10/site-packages/airflow/example_dags/tutorial_taskflow_api_virtualenv.py
[2024-05-16T12:13:43.237+0000] {logging_mixin.py:188} INFO - [2024-05-16T12:13:43.237+0000] {dag.py:3096} INFO - Sync 1 DAGs
[2024-05-16T12:13:43.251+0000] {logging_mixin.py:188} INFO - [2024-05-16T12:13:43.251+0000] {dag.py:3954} INFO - Setting next_dagrun for tutorial_taskflow_api_virtualenv to None, run_after=None
[2024-05-16T12:13:43.302+0000] {processor.py:183} INFO - Processing /usr/local/python/3.10.13/lib/python3.10/site-packages/airflow/example_dags/tutorial_taskflow_api_virtualenv.py took 0.103 seconds
[2024-05-16T12:14:25.661+0000] {processor.py:161} INFO - Started process (PID=10747) to work on /usr/local/python/3.10.13/lib/python3.10/site-packages/airflow/example_dags/tutorial_taskflow_api_virtualenv.py
[2024-05-16T12:14:25.662+0000] {processor.py:830} INFO - Processing file /usr/local/python/3.10.13/lib/python3.10/site-packages/airflow/example_dags/tutorial_taskflow_api_virtualenv.py for tasks to queue
[2024-05-16T12:14:25.663+0000] {logging_mixin.py:188} INFO - [2024-05-16T12:14:25.663+0000] {dagbag.py:545} INFO - Filling up the DagBag from /usr/local/python/3.10.13/lib/python3.10/site-packages/airflow/example_dags/tutorial_taskflow_api_virtualenv.py
[2024-05-16T12:14:25.672+0000] {processor.py:840} INFO - DAG(s) 'tutorial_taskflow_api_virtualenv' retrieved from /usr/local/python/3.10.13/lib/python3.10/site-packages/airflow/example_dags/tutorial_taskflow_api_virtualenv.py
[2024-05-16T12:14:25.684+0000] {logging_mixin.py:188} INFO - [2024-05-16T12:14:25.683+0000] {dag.py:3096} INFO - Sync 1 DAGs
[2024-05-16T12:14:25.692+0000] {logging_mixin.py:188} INFO - [2024-05-16T12:14:25.692+0000] {dag.py:3954} INFO - Setting next_dagrun for tutorial_taskflow_api_virtualenv to None, run_after=None
[2024-05-16T12:14:25.740+0000] {processor.py:183} INFO - Processing /usr/local/python/3.10.13/lib/python3.10/site-packages/airflow/example_dags/tutorial_taskflow_api_virtualenv.py took 0.083 seconds
[2024-05-16T12:15:07.572+0000] {processor.py:161} INFO - Started process (PID=11035) to work on /usr/local/python/3.10.13/lib/python3.10/site-packages/airflow/example_dags/tutorial_taskflow_api_virtualenv.py
[2024-05-16T12:15:07.573+0000] {processor.py:830} INFO - Processing file /usr/local/python/3.10.13/lib/python3.10/site-packages/airflow/example_dags/tutorial_taskflow_api_virtualenv.py for tasks to queue
[2024-05-16T12:15:07.574+0000] {logging_mixin.py:188} INFO - [2024-05-16T12:15:07.574+0000] {dagbag.py:545} INFO - Filling up the DagBag from /usr/local/python/3.10.13/lib/python3.10/site-packages/airflow/example_dags/tutorial_taskflow_api_virtualenv.py
[2024-05-16T12:15:07.582+0000] {processor.py:840} INFO - DAG(s) 'tutorial_taskflow_api_virtualenv' retrieved from /usr/local/python/3.10.13/lib/python3.10/site-packages/airflow/example_dags/tutorial_taskflow_api_virtualenv.py
[2024-05-16T12:15:07.593+0000] {logging_mixin.py:188} INFO - [2024-05-16T12:15:07.593+0000] {dag.py:3096} INFO - Sync 1 DAGs
[2024-05-16T12:15:07.602+0000] {logging_mixin.py:188} INFO - [2024-05-16T12:15:07.602+0000] {dag.py:3954} INFO - Setting next_dagrun for tutorial_taskflow_api_virtualenv to None, run_after=None
[2024-05-16T12:15:07.647+0000] {processor.py:183} INFO - Processing /usr/local/python/3.10.13/lib/python3.10/site-packages/airflow/example_dags/tutorial_taskflow_api_virtualenv.py took 0.079 seconds
[2024-05-16T12:15:51.248+0000] {processor.py:161} INFO - Started process (PID=11362) to work on /usr/local/python/3.10.13/lib/python3.10/site-packages/airflow/example_dags/tutorial_taskflow_api_virtualenv.py
[2024-05-16T12:15:51.249+0000] {processor.py:830} INFO - Processing file /usr/local/python/3.10.13/lib/python3.10/site-packages/airflow/example_dags/tutorial_taskflow_api_virtualenv.py for tasks to queue
[2024-05-16T12:15:51.250+0000] {logging_mixin.py:188} INFO - [2024-05-16T12:15:51.250+0000] {dagbag.py:545} INFO - Filling up the DagBag from /usr/local/python/3.10.13/lib/python3.10/site-packages/airflow/example_dags/tutorial_taskflow_api_virtualenv.py
[2024-05-16T12:15:51.259+0000] {processor.py:840} INFO - DAG(s) 'tutorial_taskflow_api_virtualenv' retrieved from /usr/local/python/3.10.13/lib/python3.10/site-packages/airflow/example_dags/tutorial_taskflow_api_virtualenv.py
[2024-05-16T12:15:51.269+0000] {logging_mixin.py:188} INFO - [2024-05-16T12:15:51.269+0000] {dag.py:3096} INFO - Sync 1 DAGs
[2024-05-16T12:15:51.278+0000] {logging_mixin.py:188} INFO - [2024-05-16T12:15:51.278+0000] {dag.py:3954} INFO - Setting next_dagrun for tutorial_taskflow_api_virtualenv to None, run_after=None
[2024-05-16T12:15:51.324+0000] {processor.py:183} INFO - Processing /usr/local/python/3.10.13/lib/python3.10/site-packages/airflow/example_dags/tutorial_taskflow_api_virtualenv.py took 0.080 seconds
[2024-05-16T12:16:34.786+0000] {processor.py:161} INFO - Started process (PID=11682) to work on /usr/local/python/3.10.13/lib/python3.10/site-packages/airflow/example_dags/tutorial_taskflow_api_virtualenv.py
[2024-05-16T12:16:34.787+0000] {processor.py:830} INFO - Processing file /usr/local/python/3.10.13/lib/python3.10/site-packages/airflow/example_dags/tutorial_taskflow_api_virtualenv.py for tasks to queue
[2024-05-16T12:16:34.789+0000] {logging_mixin.py:188} INFO - [2024-05-16T12:16:34.788+0000] {dagbag.py:545} INFO - Filling up the DagBag from /usr/local/python/3.10.13/lib/python3.10/site-packages/airflow/example_dags/tutorial_taskflow_api_virtualenv.py
[2024-05-16T12:16:34.797+0000] {processor.py:840} INFO - DAG(s) 'tutorial_taskflow_api_virtualenv' retrieved from /usr/local/python/3.10.13/lib/python3.10/site-packages/airflow/example_dags/tutorial_taskflow_api_virtualenv.py
[2024-05-16T12:16:34.808+0000] {logging_mixin.py:188} INFO - [2024-05-16T12:16:34.808+0000] {dag.py:3096} INFO - Sync 1 DAGs
[2024-05-16T12:16:34.816+0000] {logging_mixin.py:188} INFO - [2024-05-16T12:16:34.816+0000] {dag.py:3954} INFO - Setting next_dagrun for tutorial_taskflow_api_virtualenv to None, run_after=None
[2024-05-16T12:16:34.869+0000] {processor.py:183} INFO - Processing /usr/local/python/3.10.13/lib/python3.10/site-packages/airflow/example_dags/tutorial_taskflow_api_virtualenv.py took 0.087 seconds
[2024-05-16T12:17:18.270+0000] {processor.py:161} INFO - Started process (PID=11995) to work on /usr/local/python/3.10.13/lib/python3.10/site-packages/airflow/example_dags/tutorial_taskflow_api_virtualenv.py
[2024-05-16T12:17:18.271+0000] {processor.py:830} INFO - Processing file /usr/local/python/3.10.13/lib/python3.10/site-packages/airflow/example_dags/tutorial_taskflow_api_virtualenv.py for tasks to queue
[2024-05-16T12:17:18.272+0000] {logging_mixin.py:188} INFO - [2024-05-16T12:17:18.272+0000] {dagbag.py:545} INFO - Filling up the DagBag from /usr/local/python/3.10.13/lib/python3.10/site-packages/airflow/example_dags/tutorial_taskflow_api_virtualenv.py
[2024-05-16T12:17:18.280+0000] {processor.py:840} INFO - DAG(s) 'tutorial_taskflow_api_virtualenv' retrieved from /usr/local/python/3.10.13/lib/python3.10/site-packages/airflow/example_dags/tutorial_taskflow_api_virtualenv.py
[2024-05-16T12:17:18.294+0000] {logging_mixin.py:188} INFO - [2024-05-16T12:17:18.294+0000] {dag.py:3096} INFO - Sync 1 DAGs
[2024-05-16T12:17:18.303+0000] {logging_mixin.py:188} INFO - [2024-05-16T12:17:18.302+0000] {dag.py:3954} INFO - Setting next_dagrun for tutorial_taskflow_api_virtualenv to None, run_after=None
[2024-05-16T12:17:18.348+0000] {processor.py:183} INFO - Processing /usr/local/python/3.10.13/lib/python3.10/site-packages/airflow/example_dags/tutorial_taskflow_api_virtualenv.py took 0.083 seconds
[2024-05-16T12:18:18.960+0000] {processor.py:161} INFO - Started process (PID=12413) to work on /usr/local/python/3.10.13/lib/python3.10/site-packages/airflow/example_dags/tutorial_taskflow_api_virtualenv.py
[2024-05-16T12:18:18.961+0000] {processor.py:830} INFO - Processing file /usr/local/python/3.10.13/lib/python3.10/site-packages/airflow/example_dags/tutorial_taskflow_api_virtualenv.py for tasks to queue
[2024-05-16T12:18:18.963+0000] {logging_mixin.py:188} INFO - [2024-05-16T12:18:18.962+0000] {dagbag.py:545} INFO - Filling up the DagBag from /usr/local/python/3.10.13/lib/python3.10/site-packages/airflow/example_dags/tutorial_taskflow_api_virtualenv.py
[2024-05-16T12:18:18.971+0000] {processor.py:840} INFO - DAG(s) 'tutorial_taskflow_api_virtualenv' retrieved from /usr/local/python/3.10.13/lib/python3.10/site-packages/airflow/example_dags/tutorial_taskflow_api_virtualenv.py
[2024-05-16T12:18:18.982+0000] {logging_mixin.py:188} INFO - [2024-05-16T12:18:18.981+0000] {dag.py:3096} INFO - Sync 1 DAGs
[2024-05-16T12:18:18.993+0000] {logging_mixin.py:188} INFO - [2024-05-16T12:18:18.993+0000] {dag.py:3954} INFO - Setting next_dagrun for tutorial_taskflow_api_virtualenv to None, run_after=None
[2024-05-16T12:18:19.045+0000] {processor.py:183} INFO - Processing /usr/local/python/3.10.13/lib/python3.10/site-packages/airflow/example_dags/tutorial_taskflow_api_virtualenv.py took 0.089 seconds
[2024-05-16T12:19:00.333+0000] {processor.py:161} INFO - Started process (PID=12723) to work on /usr/local/python/3.10.13/lib/python3.10/site-packages/airflow/example_dags/tutorial_taskflow_api_virtualenv.py
[2024-05-16T12:19:00.334+0000] {processor.py:830} INFO - Processing file /usr/local/python/3.10.13/lib/python3.10/site-packages/airflow/example_dags/tutorial_taskflow_api_virtualenv.py for tasks to queue
[2024-05-16T12:19:00.335+0000] {logging_mixin.py:188} INFO - [2024-05-16T12:19:00.335+0000] {dagbag.py:545} INFO - Filling up the DagBag from /usr/local/python/3.10.13/lib/python3.10/site-packages/airflow/example_dags/tutorial_taskflow_api_virtualenv.py
[2024-05-16T12:19:00.354+0000] {processor.py:840} INFO - DAG(s) 'tutorial_taskflow_api_virtualenv' retrieved from /usr/local/python/3.10.13/lib/python3.10/site-packages/airflow/example_dags/tutorial_taskflow_api_virtualenv.py
[2024-05-16T12:19:00.371+0000] {logging_mixin.py:188} INFO - [2024-05-16T12:19:00.371+0000] {dag.py:3096} INFO - Sync 1 DAGs
[2024-05-16T12:19:00.382+0000] {logging_mixin.py:188} INFO - [2024-05-16T12:19:00.382+0000] {dag.py:3954} INFO - Setting next_dagrun for tutorial_taskflow_api_virtualenv to None, run_after=None
[2024-05-16T12:19:00.428+0000] {processor.py:183} INFO - Processing /usr/local/python/3.10.13/lib/python3.10/site-packages/airflow/example_dags/tutorial_taskflow_api_virtualenv.py took 0.102 seconds
[2024-05-16T12:19:44.314+0000] {processor.py:161} INFO - Started process (PID=13048) to work on /usr/local/python/3.10.13/lib/python3.10/site-packages/airflow/example_dags/tutorial_taskflow_api_virtualenv.py
[2024-05-16T12:19:44.315+0000] {processor.py:830} INFO - Processing file /usr/local/python/3.10.13/lib/python3.10/site-packages/airflow/example_dags/tutorial_taskflow_api_virtualenv.py for tasks to queue
[2024-05-16T12:19:44.316+0000] {logging_mixin.py:188} INFO - [2024-05-16T12:19:44.316+0000] {dagbag.py:545} INFO - Filling up the DagBag from /usr/local/python/3.10.13/lib/python3.10/site-packages/airflow/example_dags/tutorial_taskflow_api_virtualenv.py
[2024-05-16T12:19:44.324+0000] {processor.py:840} INFO - DAG(s) 'tutorial_taskflow_api_virtualenv' retrieved from /usr/local/python/3.10.13/lib/python3.10/site-packages/airflow/example_dags/tutorial_taskflow_api_virtualenv.py
[2024-05-16T12:19:44.335+0000] {logging_mixin.py:188} INFO - [2024-05-16T12:19:44.335+0000] {dag.py:3096} INFO - Sync 1 DAGs
[2024-05-16T12:19:44.347+0000] {logging_mixin.py:188} INFO - [2024-05-16T12:19:44.347+0000] {dag.py:3954} INFO - Setting next_dagrun for tutorial_taskflow_api_virtualenv to None, run_after=None
[2024-05-16T12:19:44.393+0000] {processor.py:183} INFO - Processing /usr/local/python/3.10.13/lib/python3.10/site-packages/airflow/example_dags/tutorial_taskflow_api_virtualenv.py took 0.084 seconds
[2024-05-16T12:20:46.354+0000] {processor.py:161} INFO - Started process (PID=13489) to work on /usr/local/python/3.10.13/lib/python3.10/site-packages/airflow/example_dags/tutorial_taskflow_api_virtualenv.py
[2024-05-16T12:20:46.355+0000] {processor.py:830} INFO - Processing file /usr/local/python/3.10.13/lib/python3.10/site-packages/airflow/example_dags/tutorial_taskflow_api_virtualenv.py for tasks to queue
[2024-05-16T12:20:46.357+0000] {logging_mixin.py:188} INFO - [2024-05-16T12:20:46.356+0000] {dagbag.py:545} INFO - Filling up the DagBag from /usr/local/python/3.10.13/lib/python3.10/site-packages/airflow/example_dags/tutorial_taskflow_api_virtualenv.py
[2024-05-16T12:20:46.365+0000] {processor.py:840} INFO - DAG(s) 'tutorial_taskflow_api_virtualenv' retrieved from /usr/local/python/3.10.13/lib/python3.10/site-packages/airflow/example_dags/tutorial_taskflow_api_virtualenv.py
[2024-05-16T12:20:46.375+0000] {logging_mixin.py:188} INFO - [2024-05-16T12:20:46.375+0000] {dag.py:3096} INFO - Sync 1 DAGs
[2024-05-16T12:20:46.384+0000] {logging_mixin.py:188} INFO - [2024-05-16T12:20:46.384+0000] {dag.py:3954} INFO - Setting next_dagrun for tutorial_taskflow_api_virtualenv to None, run_after=None
[2024-05-16T12:20:46.429+0000] {processor.py:183} INFO - Processing /usr/local/python/3.10.13/lib/python3.10/site-packages/airflow/example_dags/tutorial_taskflow_api_virtualenv.py took 0.081 seconds
[2024-05-16T12:21:29.460+0000] {processor.py:161} INFO - Started process (PID=13784) to work on /usr/local/python/3.10.13/lib/python3.10/site-packages/airflow/example_dags/tutorial_taskflow_api_virtualenv.py
[2024-05-16T12:21:29.460+0000] {processor.py:830} INFO - Processing file /usr/local/python/3.10.13/lib/python3.10/site-packages/airflow/example_dags/tutorial_taskflow_api_virtualenv.py for tasks to queue
[2024-05-16T12:21:29.462+0000] {logging_mixin.py:188} INFO - [2024-05-16T12:21:29.462+0000] {dagbag.py:545} INFO - Filling up the DagBag from /usr/local/python/3.10.13/lib/python3.10/site-packages/airflow/example_dags/tutorial_taskflow_api_virtualenv.py
[2024-05-16T12:21:29.470+0000] {processor.py:840} INFO - DAG(s) 'tutorial_taskflow_api_virtualenv' retrieved from /usr/local/python/3.10.13/lib/python3.10/site-packages/airflow/example_dags/tutorial_taskflow_api_virtualenv.py
[2024-05-16T12:21:29.482+0000] {logging_mixin.py:188} INFO - [2024-05-16T12:21:29.482+0000] {dag.py:3096} INFO - Sync 1 DAGs
[2024-05-16T12:21:29.491+0000] {logging_mixin.py:188} INFO - [2024-05-16T12:21:29.491+0000] {dag.py:3954} INFO - Setting next_dagrun for tutorial_taskflow_api_virtualenv to None, run_after=None
[2024-05-16T12:21:29.539+0000] {processor.py:183} INFO - Processing /usr/local/python/3.10.13/lib/python3.10/site-packages/airflow/example_dags/tutorial_taskflow_api_virtualenv.py took 0.084 seconds
[2024-05-16T12:22:11.602+0000] {processor.py:161} INFO - Started process (PID=14091) to work on /usr/local/python/3.10.13/lib/python3.10/site-packages/airflow/example_dags/tutorial_taskflow_api_virtualenv.py
[2024-05-16T12:22:11.603+0000] {processor.py:830} INFO - Processing file /usr/local/python/3.10.13/lib/python3.10/site-packages/airflow/example_dags/tutorial_taskflow_api_virtualenv.py for tasks to queue
[2024-05-16T12:22:11.604+0000] {logging_mixin.py:188} INFO - [2024-05-16T12:22:11.604+0000] {dagbag.py:545} INFO - Filling up the DagBag from /usr/local/python/3.10.13/lib/python3.10/site-packages/airflow/example_dags/tutorial_taskflow_api_virtualenv.py
[2024-05-16T12:22:11.613+0000] {processor.py:840} INFO - DAG(s) 'tutorial_taskflow_api_virtualenv' retrieved from /usr/local/python/3.10.13/lib/python3.10/site-packages/airflow/example_dags/tutorial_taskflow_api_virtualenv.py
[2024-05-16T12:22:11.626+0000] {logging_mixin.py:188} INFO - [2024-05-16T12:22:11.626+0000] {dag.py:3096} INFO - Sync 1 DAGs
[2024-05-16T12:22:11.635+0000] {logging_mixin.py:188} INFO - [2024-05-16T12:22:11.635+0000] {dag.py:3954} INFO - Setting next_dagrun for tutorial_taskflow_api_virtualenv to None, run_after=None
[2024-05-16T12:22:11.678+0000] {processor.py:183} INFO - Processing /usr/local/python/3.10.13/lib/python3.10/site-packages/airflow/example_dags/tutorial_taskflow_api_virtualenv.py took 0.081 seconds
[2024-05-16T12:22:55.676+0000] {processor.py:161} INFO - Started process (PID=14414) to work on /usr/local/python/3.10.13/lib/python3.10/site-packages/airflow/example_dags/tutorial_taskflow_api_virtualenv.py
[2024-05-16T12:22:55.676+0000] {processor.py:830} INFO - Processing file /usr/local/python/3.10.13/lib/python3.10/site-packages/airflow/example_dags/tutorial_taskflow_api_virtualenv.py for tasks to queue
[2024-05-16T12:22:55.678+0000] {logging_mixin.py:188} INFO - [2024-05-16T12:22:55.678+0000] {dagbag.py:545} INFO - Filling up the DagBag from /usr/local/python/3.10.13/lib/python3.10/site-packages/airflow/example_dags/tutorial_taskflow_api_virtualenv.py
[2024-05-16T12:22:55.687+0000] {processor.py:840} INFO - DAG(s) 'tutorial_taskflow_api_virtualenv' retrieved from /usr/local/python/3.10.13/lib/python3.10/site-packages/airflow/example_dags/tutorial_taskflow_api_virtualenv.py
[2024-05-16T12:22:55.699+0000] {logging_mixin.py:188} INFO - [2024-05-16T12:22:55.698+0000] {dag.py:3096} INFO - Sync 1 DAGs
[2024-05-16T12:22:55.708+0000] {logging_mixin.py:188} INFO - [2024-05-16T12:22:55.707+0000] {dag.py:3954} INFO - Setting next_dagrun for tutorial_taskflow_api_virtualenv to None, run_after=None
[2024-05-16T12:22:55.756+0000] {processor.py:183} INFO - Processing /usr/local/python/3.10.13/lib/python3.10/site-packages/airflow/example_dags/tutorial_taskflow_api_virtualenv.py took 0.085 seconds
[2024-05-16T12:23:41.067+0000] {processor.py:161} INFO - Started process (PID=14762) to work on /usr/local/python/3.10.13/lib/python3.10/site-packages/airflow/example_dags/tutorial_taskflow_api_virtualenv.py
[2024-05-16T12:23:41.068+0000] {processor.py:830} INFO - Processing file /usr/local/python/3.10.13/lib/python3.10/site-packages/airflow/example_dags/tutorial_taskflow_api_virtualenv.py for tasks to queue
[2024-05-16T12:23:41.069+0000] {logging_mixin.py:188} INFO - [2024-05-16T12:23:41.069+0000] {dagbag.py:545} INFO - Filling up the DagBag from /usr/local/python/3.10.13/lib/python3.10/site-packages/airflow/example_dags/tutorial_taskflow_api_virtualenv.py
[2024-05-16T12:23:41.077+0000] {processor.py:840} INFO - DAG(s) 'tutorial_taskflow_api_virtualenv' retrieved from /usr/local/python/3.10.13/lib/python3.10/site-packages/airflow/example_dags/tutorial_taskflow_api_virtualenv.py
[2024-05-16T12:23:41.088+0000] {logging_mixin.py:188} INFO - [2024-05-16T12:23:41.088+0000] {dag.py:3096} INFO - Sync 1 DAGs
[2024-05-16T12:23:41.096+0000] {logging_mixin.py:188} INFO - [2024-05-16T12:23:41.096+0000] {dag.py:3954} INFO - Setting next_dagrun for tutorial_taskflow_api_virtualenv to None, run_after=None
[2024-05-16T12:23:41.142+0000] {processor.py:183} INFO - Processing /usr/local/python/3.10.13/lib/python3.10/site-packages/airflow/example_dags/tutorial_taskflow_api_virtualenv.py took 0.080 seconds
[2024-05-16T12:24:25.345+0000] {processor.py:161} INFO - Started process (PID=15086) to work on /usr/local/python/3.10.13/lib/python3.10/site-packages/airflow/example_dags/tutorial_taskflow_api_virtualenv.py
[2024-05-16T12:24:25.346+0000] {processor.py:830} INFO - Processing file /usr/local/python/3.10.13/lib/python3.10/site-packages/airflow/example_dags/tutorial_taskflow_api_virtualenv.py for tasks to queue
[2024-05-16T12:24:25.348+0000] {logging_mixin.py:188} INFO - [2024-05-16T12:24:25.347+0000] {dagbag.py:545} INFO - Filling up the DagBag from /usr/local/python/3.10.13/lib/python3.10/site-packages/airflow/example_dags/tutorial_taskflow_api_virtualenv.py
[2024-05-16T12:24:25.357+0000] {processor.py:840} INFO - DAG(s) 'tutorial_taskflow_api_virtualenv' retrieved from /usr/local/python/3.10.13/lib/python3.10/site-packages/airflow/example_dags/tutorial_taskflow_api_virtualenv.py
[2024-05-16T12:24:25.368+0000] {logging_mixin.py:188} INFO - [2024-05-16T12:24:25.368+0000] {dag.py:3096} INFO - Sync 1 DAGs
[2024-05-16T12:24:25.377+0000] {logging_mixin.py:188} INFO - [2024-05-16T12:24:25.377+0000] {dag.py:3954} INFO - Setting next_dagrun for tutorial_taskflow_api_virtualenv to None, run_after=None
[2024-05-16T12:24:25.420+0000] {processor.py:183} INFO - Processing /usr/local/python/3.10.13/lib/python3.10/site-packages/airflow/example_dags/tutorial_taskflow_api_virtualenv.py took 0.080 seconds
[2024-05-16T12:25:25.017+0000] {processor.py:161} INFO - Started process (PID=15544) to work on /usr/local/python/3.10.13/lib/python3.10/site-packages/airflow/example_dags/tutorial_taskflow_api_virtualenv.py
[2024-05-16T12:25:25.017+0000] {processor.py:830} INFO - Processing file /usr/local/python/3.10.13/lib/python3.10/site-packages/airflow/example_dags/tutorial_taskflow_api_virtualenv.py for tasks to queue
[2024-05-16T12:25:25.020+0000] {logging_mixin.py:188} INFO - [2024-05-16T12:25:25.019+0000] {dagbag.py:545} INFO - Filling up the DagBag from /usr/local/python/3.10.13/lib/python3.10/site-packages/airflow/example_dags/tutorial_taskflow_api_virtualenv.py
[2024-05-16T12:25:25.030+0000] {processor.py:840} INFO - DAG(s) 'tutorial_taskflow_api_virtualenv' retrieved from /usr/local/python/3.10.13/lib/python3.10/site-packages/airflow/example_dags/tutorial_taskflow_api_virtualenv.py
[2024-05-16T12:25:25.046+0000] {logging_mixin.py:188} INFO - [2024-05-16T12:25:25.046+0000] {dag.py:3096} INFO - Sync 1 DAGs
[2024-05-16T12:25:25.056+0000] {logging_mixin.py:188} INFO - [2024-05-16T12:25:25.056+0000] {dag.py:3954} INFO - Setting next_dagrun for tutorial_taskflow_api_virtualenv to None, run_after=None
[2024-05-16T12:25:25.101+0000] {processor.py:183} INFO - Processing /usr/local/python/3.10.13/lib/python3.10/site-packages/airflow/example_dags/tutorial_taskflow_api_virtualenv.py took 0.092 seconds
[2024-05-16T12:26:23.405+0000] {processor.py:161} INFO - Started process (PID=15988) to work on /usr/local/python/3.10.13/lib/python3.10/site-packages/airflow/example_dags/tutorial_taskflow_api_virtualenv.py
[2024-05-16T12:26:23.406+0000] {processor.py:830} INFO - Processing file /usr/local/python/3.10.13/lib/python3.10/site-packages/airflow/example_dags/tutorial_taskflow_api_virtualenv.py for tasks to queue
[2024-05-16T12:26:23.408+0000] {logging_mixin.py:188} INFO - [2024-05-16T12:26:23.408+0000] {dagbag.py:545} INFO - Filling up the DagBag from /usr/local/python/3.10.13/lib/python3.10/site-packages/airflow/example_dags/tutorial_taskflow_api_virtualenv.py
[2024-05-16T12:26:23.417+0000] {processor.py:840} INFO - DAG(s) 'tutorial_taskflow_api_virtualenv' retrieved from /usr/local/python/3.10.13/lib/python3.10/site-packages/airflow/example_dags/tutorial_taskflow_api_virtualenv.py
[2024-05-16T12:26:23.428+0000] {logging_mixin.py:188} INFO - [2024-05-16T12:26:23.428+0000] {dag.py:3096} INFO - Sync 1 DAGs
[2024-05-16T12:26:23.437+0000] {logging_mixin.py:188} INFO - [2024-05-16T12:26:23.437+0000] {dag.py:3954} INFO - Setting next_dagrun for tutorial_taskflow_api_virtualenv to None, run_after=None
[2024-05-16T12:26:23.484+0000] {processor.py:183} INFO - Processing /usr/local/python/3.10.13/lib/python3.10/site-packages/airflow/example_dags/tutorial_taskflow_api_virtualenv.py took 0.084 seconds
[2024-05-16T12:27:05.147+0000] {processor.py:161} INFO - Started process (PID=16298) to work on /usr/local/python/3.10.13/lib/python3.10/site-packages/airflow/example_dags/tutorial_taskflow_api_virtualenv.py
[2024-05-16T12:27:05.148+0000] {processor.py:830} INFO - Processing file /usr/local/python/3.10.13/lib/python3.10/site-packages/airflow/example_dags/tutorial_taskflow_api_virtualenv.py for tasks to queue
[2024-05-16T12:27:05.149+0000] {logging_mixin.py:188} INFO - [2024-05-16T12:27:05.149+0000] {dagbag.py:545} INFO - Filling up the DagBag from /usr/local/python/3.10.13/lib/python3.10/site-packages/airflow/example_dags/tutorial_taskflow_api_virtualenv.py
[2024-05-16T12:27:05.157+0000] {processor.py:840} INFO - DAG(s) 'tutorial_taskflow_api_virtualenv' retrieved from /usr/local/python/3.10.13/lib/python3.10/site-packages/airflow/example_dags/tutorial_taskflow_api_virtualenv.py
[2024-05-16T12:27:05.168+0000] {logging_mixin.py:188} INFO - [2024-05-16T12:27:05.168+0000] {dag.py:3096} INFO - Sync 1 DAGs
[2024-05-16T12:27:05.177+0000] {logging_mixin.py:188} INFO - [2024-05-16T12:27:05.177+0000] {dag.py:3954} INFO - Setting next_dagrun for tutorial_taskflow_api_virtualenv to None, run_after=None
[2024-05-16T12:27:05.227+0000] {processor.py:183} INFO - Processing /usr/local/python/3.10.13/lib/python3.10/site-packages/airflow/example_dags/tutorial_taskflow_api_virtualenv.py took 0.085 seconds
[2024-05-16T12:27:49.103+0000] {processor.py:161} INFO - Started process (PID=16615) to work on /usr/local/python/3.10.13/lib/python3.10/site-packages/airflow/example_dags/tutorial_taskflow_api_virtualenv.py
[2024-05-16T12:27:49.103+0000] {processor.py:830} INFO - Processing file /usr/local/python/3.10.13/lib/python3.10/site-packages/airflow/example_dags/tutorial_taskflow_api_virtualenv.py for tasks to queue
[2024-05-16T12:27:49.105+0000] {logging_mixin.py:188} INFO - [2024-05-16T12:27:49.104+0000] {dagbag.py:545} INFO - Filling up the DagBag from /usr/local/python/3.10.13/lib/python3.10/site-packages/airflow/example_dags/tutorial_taskflow_api_virtualenv.py
[2024-05-16T12:27:49.113+0000] {processor.py:840} INFO - DAG(s) 'tutorial_taskflow_api_virtualenv' retrieved from /usr/local/python/3.10.13/lib/python3.10/site-packages/airflow/example_dags/tutorial_taskflow_api_virtualenv.py
[2024-05-16T12:27:49.125+0000] {logging_mixin.py:188} INFO - [2024-05-16T12:27:49.125+0000] {dag.py:3096} INFO - Sync 1 DAGs
[2024-05-16T12:27:49.134+0000] {logging_mixin.py:188} INFO - [2024-05-16T12:27:49.134+0000] {dag.py:3954} INFO - Setting next_dagrun for tutorial_taskflow_api_virtualenv to None, run_after=None
[2024-05-16T12:27:49.180+0000] {processor.py:183} INFO - Processing /usr/local/python/3.10.13/lib/python3.10/site-packages/airflow/example_dags/tutorial_taskflow_api_virtualenv.py took 0.082 seconds
[2024-05-16T12:28:31.429+0000] {processor.py:161} INFO - Started process (PID=16927) to work on /usr/local/python/3.10.13/lib/python3.10/site-packages/airflow/example_dags/tutorial_taskflow_api_virtualenv.py
[2024-05-16T12:28:31.430+0000] {processor.py:830} INFO - Processing file /usr/local/python/3.10.13/lib/python3.10/site-packages/airflow/example_dags/tutorial_taskflow_api_virtualenv.py for tasks to queue
[2024-05-16T12:28:31.431+0000] {logging_mixin.py:188} INFO - [2024-05-16T12:28:31.431+0000] {dagbag.py:545} INFO - Filling up the DagBag from /usr/local/python/3.10.13/lib/python3.10/site-packages/airflow/example_dags/tutorial_taskflow_api_virtualenv.py
[2024-05-16T12:28:31.439+0000] {processor.py:840} INFO - DAG(s) 'tutorial_taskflow_api_virtualenv' retrieved from /usr/local/python/3.10.13/lib/python3.10/site-packages/airflow/example_dags/tutorial_taskflow_api_virtualenv.py
[2024-05-16T12:28:31.451+0000] {logging_mixin.py:188} INFO - [2024-05-16T12:28:31.451+0000] {dag.py:3096} INFO - Sync 1 DAGs
[2024-05-16T12:28:31.460+0000] {logging_mixin.py:188} INFO - [2024-05-16T12:28:31.459+0000] {dag.py:3954} INFO - Setting next_dagrun for tutorial_taskflow_api_virtualenv to None, run_after=None
[2024-05-16T12:28:31.518+0000] {processor.py:183} INFO - Processing /usr/local/python/3.10.13/lib/python3.10/site-packages/airflow/example_dags/tutorial_taskflow_api_virtualenv.py took 0.093 seconds
[2024-05-16T12:29:14.093+0000] {processor.py:161} INFO - Started process (PID=17209) to work on /usr/local/python/3.10.13/lib/python3.10/site-packages/airflow/example_dags/tutorial_taskflow_api_virtualenv.py
[2024-05-16T12:29:14.094+0000] {processor.py:830} INFO - Processing file /usr/local/python/3.10.13/lib/python3.10/site-packages/airflow/example_dags/tutorial_taskflow_api_virtualenv.py for tasks to queue
[2024-05-16T12:29:14.096+0000] {logging_mixin.py:188} INFO - [2024-05-16T12:29:14.095+0000] {dagbag.py:545} INFO - Filling up the DagBag from /usr/local/python/3.10.13/lib/python3.10/site-packages/airflow/example_dags/tutorial_taskflow_api_virtualenv.py
[2024-05-16T12:29:14.111+0000] {processor.py:840} INFO - DAG(s) 'tutorial_taskflow_api_virtualenv' retrieved from /usr/local/python/3.10.13/lib/python3.10/site-packages/airflow/example_dags/tutorial_taskflow_api_virtualenv.py
[2024-05-16T12:29:14.135+0000] {logging_mixin.py:188} INFO - [2024-05-16T12:29:14.135+0000] {dag.py:3096} INFO - Sync 1 DAGs
[2024-05-16T12:29:14.148+0000] {logging_mixin.py:188} INFO - [2024-05-16T12:29:14.148+0000] {dag.py:3954} INFO - Setting next_dagrun for tutorial_taskflow_api_virtualenv to None, run_after=None
[2024-05-16T12:29:14.210+0000] {processor.py:183} INFO - Processing /usr/local/python/3.10.13/lib/python3.10/site-packages/airflow/example_dags/tutorial_taskflow_api_virtualenv.py took 0.124 seconds
[2024-05-16T12:29:56.287+0000] {processor.py:161} INFO - Started process (PID=17542) to work on /usr/local/python/3.10.13/lib/python3.10/site-packages/airflow/example_dags/tutorial_taskflow_api_virtualenv.py
[2024-05-16T12:29:56.287+0000] {processor.py:830} INFO - Processing file /usr/local/python/3.10.13/lib/python3.10/site-packages/airflow/example_dags/tutorial_taskflow_api_virtualenv.py for tasks to queue
[2024-05-16T12:29:56.288+0000] {logging_mixin.py:188} INFO - [2024-05-16T12:29:56.288+0000] {dagbag.py:545} INFO - Filling up the DagBag from /usr/local/python/3.10.13/lib/python3.10/site-packages/airflow/example_dags/tutorial_taskflow_api_virtualenv.py
[2024-05-16T12:29:56.297+0000] {processor.py:840} INFO - DAG(s) 'tutorial_taskflow_api_virtualenv' retrieved from /usr/local/python/3.10.13/lib/python3.10/site-packages/airflow/example_dags/tutorial_taskflow_api_virtualenv.py
[2024-05-16T12:29:56.308+0000] {logging_mixin.py:188} INFO - [2024-05-16T12:29:56.308+0000] {dag.py:3096} INFO - Sync 1 DAGs
[2024-05-16T12:29:56.317+0000] {logging_mixin.py:188} INFO - [2024-05-16T12:29:56.317+0000] {dag.py:3954} INFO - Setting next_dagrun for tutorial_taskflow_api_virtualenv to None, run_after=None
[2024-05-16T12:29:56.362+0000] {processor.py:183} INFO - Processing /usr/local/python/3.10.13/lib/python3.10/site-packages/airflow/example_dags/tutorial_taskflow_api_virtualenv.py took 0.081 seconds
[2024-05-16T12:30:39.754+0000] {processor.py:161} INFO - Started process (PID=17845) to work on /usr/local/python/3.10.13/lib/python3.10/site-packages/airflow/example_dags/tutorial_taskflow_api_virtualenv.py
[2024-05-16T12:30:39.754+0000] {processor.py:830} INFO - Processing file /usr/local/python/3.10.13/lib/python3.10/site-packages/airflow/example_dags/tutorial_taskflow_api_virtualenv.py for tasks to queue
[2024-05-16T12:30:39.756+0000] {logging_mixin.py:188} INFO - [2024-05-16T12:30:39.755+0000] {dagbag.py:545} INFO - Filling up the DagBag from /usr/local/python/3.10.13/lib/python3.10/site-packages/airflow/example_dags/tutorial_taskflow_api_virtualenv.py
[2024-05-16T12:30:39.767+0000] {processor.py:840} INFO - DAG(s) 'tutorial_taskflow_api_virtualenv' retrieved from /usr/local/python/3.10.13/lib/python3.10/site-packages/airflow/example_dags/tutorial_taskflow_api_virtualenv.py
[2024-05-16T12:30:39.780+0000] {logging_mixin.py:188} INFO - [2024-05-16T12:30:39.779+0000] {dag.py:3096} INFO - Sync 1 DAGs
[2024-05-16T12:30:39.788+0000] {logging_mixin.py:188} INFO - [2024-05-16T12:30:39.788+0000] {dag.py:3954} INFO - Setting next_dagrun for tutorial_taskflow_api_virtualenv to None, run_after=None
[2024-05-16T12:30:39.835+0000] {processor.py:183} INFO - Processing /usr/local/python/3.10.13/lib/python3.10/site-packages/airflow/example_dags/tutorial_taskflow_api_virtualenv.py took 0.089 seconds
[2024-05-16T12:31:24.173+0000] {processor.py:161} INFO - Started process (PID=18157) to work on /usr/local/python/3.10.13/lib/python3.10/site-packages/airflow/example_dags/tutorial_taskflow_api_virtualenv.py
[2024-05-16T12:31:24.174+0000] {processor.py:830} INFO - Processing file /usr/local/python/3.10.13/lib/python3.10/site-packages/airflow/example_dags/tutorial_taskflow_api_virtualenv.py for tasks to queue
[2024-05-16T12:31:24.175+0000] {logging_mixin.py:188} INFO - [2024-05-16T12:31:24.175+0000] {dagbag.py:545} INFO - Filling up the DagBag from /usr/local/python/3.10.13/lib/python3.10/site-packages/airflow/example_dags/tutorial_taskflow_api_virtualenv.py
[2024-05-16T12:31:24.184+0000] {processor.py:840} INFO - DAG(s) 'tutorial_taskflow_api_virtualenv' retrieved from /usr/local/python/3.10.13/lib/python3.10/site-packages/airflow/example_dags/tutorial_taskflow_api_virtualenv.py
[2024-05-16T12:31:24.195+0000] {logging_mixin.py:188} INFO - [2024-05-16T12:31:24.195+0000] {dag.py:3096} INFO - Sync 1 DAGs
[2024-05-16T12:31:24.204+0000] {logging_mixin.py:188} INFO - [2024-05-16T12:31:24.204+0000] {dag.py:3954} INFO - Setting next_dagrun for tutorial_taskflow_api_virtualenv to None, run_after=None
[2024-05-16T12:31:24.250+0000] {processor.py:183} INFO - Processing /usr/local/python/3.10.13/lib/python3.10/site-packages/airflow/example_dags/tutorial_taskflow_api_virtualenv.py took 0.081 seconds
[2024-05-16T12:32:05.660+0000] {processor.py:161} INFO - Started process (PID=18465) to work on /usr/local/python/3.10.13/lib/python3.10/site-packages/airflow/example_dags/tutorial_taskflow_api_virtualenv.py
[2024-05-16T12:32:05.661+0000] {processor.py:830} INFO - Processing file /usr/local/python/3.10.13/lib/python3.10/site-packages/airflow/example_dags/tutorial_taskflow_api_virtualenv.py for tasks to queue
[2024-05-16T12:32:05.663+0000] {logging_mixin.py:188} INFO - [2024-05-16T12:32:05.663+0000] {dagbag.py:545} INFO - Filling up the DagBag from /usr/local/python/3.10.13/lib/python3.10/site-packages/airflow/example_dags/tutorial_taskflow_api_virtualenv.py
[2024-05-16T12:32:05.674+0000] {processor.py:840} INFO - DAG(s) 'tutorial_taskflow_api_virtualenv' retrieved from /usr/local/python/3.10.13/lib/python3.10/site-packages/airflow/example_dags/tutorial_taskflow_api_virtualenv.py
[2024-05-16T12:32:05.686+0000] {logging_mixin.py:188} INFO - [2024-05-16T12:32:05.686+0000] {dag.py:3096} INFO - Sync 1 DAGs
[2024-05-16T12:32:05.695+0000] {logging_mixin.py:188} INFO - [2024-05-16T12:32:05.695+0000] {dag.py:3954} INFO - Setting next_dagrun for tutorial_taskflow_api_virtualenv to None, run_after=None
[2024-05-16T12:32:05.740+0000] {processor.py:183} INFO - Processing /usr/local/python/3.10.13/lib/python3.10/site-packages/airflow/example_dags/tutorial_taskflow_api_virtualenv.py took 0.088 seconds
[2024-05-16T12:33:06.624+0000] {processor.py:161} INFO - Started process (PID=18900) to work on /usr/local/python/3.10.13/lib/python3.10/site-packages/airflow/example_dags/tutorial_taskflow_api_virtualenv.py
[2024-05-16T12:33:06.624+0000] {processor.py:830} INFO - Processing file /usr/local/python/3.10.13/lib/python3.10/site-packages/airflow/example_dags/tutorial_taskflow_api_virtualenv.py for tasks to queue
[2024-05-16T12:33:06.626+0000] {logging_mixin.py:188} INFO - [2024-05-16T12:33:06.626+0000] {dagbag.py:545} INFO - Filling up the DagBag from /usr/local/python/3.10.13/lib/python3.10/site-packages/airflow/example_dags/tutorial_taskflow_api_virtualenv.py
[2024-05-16T12:33:06.634+0000] {processor.py:840} INFO - DAG(s) 'tutorial_taskflow_api_virtualenv' retrieved from /usr/local/python/3.10.13/lib/python3.10/site-packages/airflow/example_dags/tutorial_taskflow_api_virtualenv.py
[2024-05-16T12:33:06.647+0000] {logging_mixin.py:188} INFO - [2024-05-16T12:33:06.646+0000] {dag.py:3096} INFO - Sync 1 DAGs
[2024-05-16T12:33:06.656+0000] {logging_mixin.py:188} INFO - [2024-05-16T12:33:06.655+0000] {dag.py:3954} INFO - Setting next_dagrun for tutorial_taskflow_api_virtualenv to None, run_after=None
[2024-05-16T12:33:06.704+0000] {processor.py:183} INFO - Processing /usr/local/python/3.10.13/lib/python3.10/site-packages/airflow/example_dags/tutorial_taskflow_api_virtualenv.py took 0.085 seconds
[2024-05-16T12:33:49.115+0000] {processor.py:161} INFO - Started process (PID=19212) to work on /usr/local/python/3.10.13/lib/python3.10/site-packages/airflow/example_dags/tutorial_taskflow_api_virtualenv.py
[2024-05-16T12:33:49.116+0000] {processor.py:830} INFO - Processing file /usr/local/python/3.10.13/lib/python3.10/site-packages/airflow/example_dags/tutorial_taskflow_api_virtualenv.py for tasks to queue
[2024-05-16T12:33:49.117+0000] {logging_mixin.py:188} INFO - [2024-05-16T12:33:49.117+0000] {dagbag.py:545} INFO - Filling up the DagBag from /usr/local/python/3.10.13/lib/python3.10/site-packages/airflow/example_dags/tutorial_taskflow_api_virtualenv.py
[2024-05-16T12:33:49.126+0000] {processor.py:840} INFO - DAG(s) 'tutorial_taskflow_api_virtualenv' retrieved from /usr/local/python/3.10.13/lib/python3.10/site-packages/airflow/example_dags/tutorial_taskflow_api_virtualenv.py
[2024-05-16T12:33:49.137+0000] {logging_mixin.py:188} INFO - [2024-05-16T12:33:49.137+0000] {dag.py:3096} INFO - Sync 1 DAGs
[2024-05-16T12:33:49.147+0000] {logging_mixin.py:188} INFO - [2024-05-16T12:33:49.147+0000] {dag.py:3954} INFO - Setting next_dagrun for tutorial_taskflow_api_virtualenv to None, run_after=None
[2024-05-16T12:33:49.194+0000] {processor.py:183} INFO - Processing /usr/local/python/3.10.13/lib/python3.10/site-packages/airflow/example_dags/tutorial_taskflow_api_virtualenv.py took 0.084 seconds
[2024-05-16T12:34:32.776+0000] {processor.py:161} INFO - Started process (PID=19546) to work on /usr/local/python/3.10.13/lib/python3.10/site-packages/airflow/example_dags/tutorial_taskflow_api_virtualenv.py
[2024-05-16T12:34:32.798+0000] {processor.py:830} INFO - Processing file /usr/local/python/3.10.13/lib/python3.10/site-packages/airflow/example_dags/tutorial_taskflow_api_virtualenv.py for tasks to queue
[2024-05-16T12:34:32.804+0000] {logging_mixin.py:188} INFO - [2024-05-16T12:34:32.804+0000] {dagbag.py:545} INFO - Filling up the DagBag from /usr/local/python/3.10.13/lib/python3.10/site-packages/airflow/example_dags/tutorial_taskflow_api_virtualenv.py
[2024-05-16T12:34:32.824+0000] {processor.py:840} INFO - DAG(s) 'tutorial_taskflow_api_virtualenv' retrieved from /usr/local/python/3.10.13/lib/python3.10/site-packages/airflow/example_dags/tutorial_taskflow_api_virtualenv.py
[2024-05-16T12:34:32.870+0000] {logging_mixin.py:188} INFO - [2024-05-16T12:34:32.870+0000] {dag.py:3096} INFO - Sync 1 DAGs
[2024-05-16T12:34:32.880+0000] {logging_mixin.py:188} INFO - [2024-05-16T12:34:32.880+0000] {dag.py:3954} INFO - Setting next_dagrun for tutorial_taskflow_api_virtualenv to None, run_after=None
[2024-05-16T12:34:32.926+0000] {processor.py:183} INFO - Processing /usr/local/python/3.10.13/lib/python3.10/site-packages/airflow/example_dags/tutorial_taskflow_api_virtualenv.py took 0.157 seconds
[2024-05-16T12:35:15.838+0000] {processor.py:161} INFO - Started process (PID=19858) to work on /usr/local/python/3.10.13/lib/python3.10/site-packages/airflow/example_dags/tutorial_taskflow_api_virtualenv.py
[2024-05-16T12:35:15.839+0000] {processor.py:830} INFO - Processing file /usr/local/python/3.10.13/lib/python3.10/site-packages/airflow/example_dags/tutorial_taskflow_api_virtualenv.py for tasks to queue
[2024-05-16T12:35:15.840+0000] {logging_mixin.py:188} INFO - [2024-05-16T12:35:15.840+0000] {dagbag.py:545} INFO - Filling up the DagBag from /usr/local/python/3.10.13/lib/python3.10/site-packages/airflow/example_dags/tutorial_taskflow_api_virtualenv.py
[2024-05-16T12:35:15.848+0000] {processor.py:840} INFO - DAG(s) 'tutorial_taskflow_api_virtualenv' retrieved from /usr/local/python/3.10.13/lib/python3.10/site-packages/airflow/example_dags/tutorial_taskflow_api_virtualenv.py
[2024-05-16T12:35:15.860+0000] {logging_mixin.py:188} INFO - [2024-05-16T12:35:15.860+0000] {dag.py:3096} INFO - Sync 1 DAGs
[2024-05-16T12:35:15.869+0000] {logging_mixin.py:188} INFO - [2024-05-16T12:35:15.869+0000] {dag.py:3954} INFO - Setting next_dagrun for tutorial_taskflow_api_virtualenv to None, run_after=None
[2024-05-16T12:35:15.913+0000] {processor.py:183} INFO - Processing /usr/local/python/3.10.13/lib/python3.10/site-packages/airflow/example_dags/tutorial_taskflow_api_virtualenv.py took 0.080 seconds
[2024-05-16T12:35:58.433+0000] {processor.py:161} INFO - Started process (PID=20174) to work on /usr/local/python/3.10.13/lib/python3.10/site-packages/airflow/example_dags/tutorial_taskflow_api_virtualenv.py
[2024-05-16T12:35:58.434+0000] {processor.py:830} INFO - Processing file /usr/local/python/3.10.13/lib/python3.10/site-packages/airflow/example_dags/tutorial_taskflow_api_virtualenv.py for tasks to queue
[2024-05-16T12:35:58.435+0000] {logging_mixin.py:188} INFO - [2024-05-16T12:35:58.435+0000] {dagbag.py:545} INFO - Filling up the DagBag from /usr/local/python/3.10.13/lib/python3.10/site-packages/airflow/example_dags/tutorial_taskflow_api_virtualenv.py
[2024-05-16T12:35:58.444+0000] {processor.py:840} INFO - DAG(s) 'tutorial_taskflow_api_virtualenv' retrieved from /usr/local/python/3.10.13/lib/python3.10/site-packages/airflow/example_dags/tutorial_taskflow_api_virtualenv.py
[2024-05-16T12:35:58.456+0000] {logging_mixin.py:188} INFO - [2024-05-16T12:35:58.455+0000] {dag.py:3096} INFO - Sync 1 DAGs
[2024-05-16T12:35:58.465+0000] {logging_mixin.py:188} INFO - [2024-05-16T12:35:58.465+0000] {dag.py:3954} INFO - Setting next_dagrun for tutorial_taskflow_api_virtualenv to None, run_after=None
[2024-05-16T12:35:58.527+0000] {processor.py:183} INFO - Processing /usr/local/python/3.10.13/lib/python3.10/site-packages/airflow/example_dags/tutorial_taskflow_api_virtualenv.py took 0.099 seconds
[2024-05-16T12:36:59.637+0000] {processor.py:161} INFO - Started process (PID=20612) to work on /usr/local/python/3.10.13/lib/python3.10/site-packages/airflow/example_dags/tutorial_taskflow_api_virtualenv.py
[2024-05-16T12:36:59.638+0000] {processor.py:830} INFO - Processing file /usr/local/python/3.10.13/lib/python3.10/site-packages/airflow/example_dags/tutorial_taskflow_api_virtualenv.py for tasks to queue
[2024-05-16T12:36:59.639+0000] {logging_mixin.py:188} INFO - [2024-05-16T12:36:59.639+0000] {dagbag.py:545} INFO - Filling up the DagBag from /usr/local/python/3.10.13/lib/python3.10/site-packages/airflow/example_dags/tutorial_taskflow_api_virtualenv.py
[2024-05-16T12:36:59.648+0000] {processor.py:840} INFO - DAG(s) 'tutorial_taskflow_api_virtualenv' retrieved from /usr/local/python/3.10.13/lib/python3.10/site-packages/airflow/example_dags/tutorial_taskflow_api_virtualenv.py
[2024-05-16T12:36:59.660+0000] {logging_mixin.py:188} INFO - [2024-05-16T12:36:59.659+0000] {dag.py:3096} INFO - Sync 1 DAGs
[2024-05-16T12:36:59.668+0000] {logging_mixin.py:188} INFO - [2024-05-16T12:36:59.668+0000] {dag.py:3954} INFO - Setting next_dagrun for tutorial_taskflow_api_virtualenv to None, run_after=None
[2024-05-16T12:36:59.713+0000] {processor.py:183} INFO - Processing /usr/local/python/3.10.13/lib/python3.10/site-packages/airflow/example_dags/tutorial_taskflow_api_virtualenv.py took 0.080 seconds
[2024-05-16T12:37:43.155+0000] {processor.py:161} INFO - Started process (PID=20913) to work on /usr/local/python/3.10.13/lib/python3.10/site-packages/airflow/example_dags/tutorial_taskflow_api_virtualenv.py
[2024-05-16T12:37:43.156+0000] {processor.py:830} INFO - Processing file /usr/local/python/3.10.13/lib/python3.10/site-packages/airflow/example_dags/tutorial_taskflow_api_virtualenv.py for tasks to queue
[2024-05-16T12:37:43.157+0000] {logging_mixin.py:188} INFO - [2024-05-16T12:37:43.157+0000] {dagbag.py:545} INFO - Filling up the DagBag from /usr/local/python/3.10.13/lib/python3.10/site-packages/airflow/example_dags/tutorial_taskflow_api_virtualenv.py
[2024-05-16T12:37:43.166+0000] {processor.py:840} INFO - DAG(s) 'tutorial_taskflow_api_virtualenv' retrieved from /usr/local/python/3.10.13/lib/python3.10/site-packages/airflow/example_dags/tutorial_taskflow_api_virtualenv.py
[2024-05-16T12:37:43.177+0000] {logging_mixin.py:188} INFO - [2024-05-16T12:37:43.177+0000] {dag.py:3096} INFO - Sync 1 DAGs
[2024-05-16T12:37:43.186+0000] {logging_mixin.py:188} INFO - [2024-05-16T12:37:43.186+0000] {dag.py:3954} INFO - Setting next_dagrun for tutorial_taskflow_api_virtualenv to None, run_after=None
[2024-05-16T12:37:43.233+0000] {processor.py:183} INFO - Processing /usr/local/python/3.10.13/lib/python3.10/site-packages/airflow/example_dags/tutorial_taskflow_api_virtualenv.py took 0.082 seconds
[2024-05-16T12:38:40.039+0000] {processor.py:161} INFO - Started process (PID=21322) to work on /usr/local/python/3.10.13/lib/python3.10/site-packages/airflow/example_dags/tutorial_taskflow_api_virtualenv.py
[2024-05-16T12:38:40.040+0000] {processor.py:830} INFO - Processing file /usr/local/python/3.10.13/lib/python3.10/site-packages/airflow/example_dags/tutorial_taskflow_api_virtualenv.py for tasks to queue
[2024-05-16T12:38:40.041+0000] {logging_mixin.py:188} INFO - [2024-05-16T12:38:40.041+0000] {dagbag.py:545} INFO - Filling up the DagBag from /usr/local/python/3.10.13/lib/python3.10/site-packages/airflow/example_dags/tutorial_taskflow_api_virtualenv.py
[2024-05-16T12:38:40.049+0000] {processor.py:840} INFO - DAG(s) 'tutorial_taskflow_api_virtualenv' retrieved from /usr/local/python/3.10.13/lib/python3.10/site-packages/airflow/example_dags/tutorial_taskflow_api_virtualenv.py
[2024-05-16T12:38:40.061+0000] {logging_mixin.py:188} INFO - [2024-05-16T12:38:40.061+0000] {dag.py:3096} INFO - Sync 1 DAGs
[2024-05-16T12:38:40.070+0000] {logging_mixin.py:188} INFO - [2024-05-16T12:38:40.069+0000] {dag.py:3954} INFO - Setting next_dagrun for tutorial_taskflow_api_virtualenv to None, run_after=None
[2024-05-16T12:38:40.113+0000] {processor.py:183} INFO - Processing /usr/local/python/3.10.13/lib/python3.10/site-packages/airflow/example_dags/tutorial_taskflow_api_virtualenv.py took 0.079 seconds
[2024-05-16T12:39:42.081+0000] {processor.py:161} INFO - Started process (PID=21763) to work on /usr/local/python/3.10.13/lib/python3.10/site-packages/airflow/example_dags/tutorial_taskflow_api_virtualenv.py
[2024-05-16T12:39:42.081+0000] {processor.py:830} INFO - Processing file /usr/local/python/3.10.13/lib/python3.10/site-packages/airflow/example_dags/tutorial_taskflow_api_virtualenv.py for tasks to queue
[2024-05-16T12:39:42.083+0000] {logging_mixin.py:188} INFO - [2024-05-16T12:39:42.083+0000] {dagbag.py:545} INFO - Filling up the DagBag from /usr/local/python/3.10.13/lib/python3.10/site-packages/airflow/example_dags/tutorial_taskflow_api_virtualenv.py
[2024-05-16T12:39:42.091+0000] {processor.py:840} INFO - DAG(s) 'tutorial_taskflow_api_virtualenv' retrieved from /usr/local/python/3.10.13/lib/python3.10/site-packages/airflow/example_dags/tutorial_taskflow_api_virtualenv.py
[2024-05-16T12:39:42.102+0000] {logging_mixin.py:188} INFO - [2024-05-16T12:39:42.102+0000] {dag.py:3096} INFO - Sync 1 DAGs
[2024-05-16T12:39:42.111+0000] {logging_mixin.py:188} INFO - [2024-05-16T12:39:42.110+0000] {dag.py:3954} INFO - Setting next_dagrun for tutorial_taskflow_api_virtualenv to None, run_after=None
[2024-05-16T12:39:42.155+0000] {processor.py:183} INFO - Processing /usr/local/python/3.10.13/lib/python3.10/site-packages/airflow/example_dags/tutorial_taskflow_api_virtualenv.py took 0.079 seconds
[2024-05-16T12:40:25.759+0000] {processor.py:161} INFO - Started process (PID=22080) to work on /usr/local/python/3.10.13/lib/python3.10/site-packages/airflow/example_dags/tutorial_taskflow_api_virtualenv.py
[2024-05-16T12:40:25.760+0000] {processor.py:830} INFO - Processing file /usr/local/python/3.10.13/lib/python3.10/site-packages/airflow/example_dags/tutorial_taskflow_api_virtualenv.py for tasks to queue
[2024-05-16T12:40:25.761+0000] {logging_mixin.py:188} INFO - [2024-05-16T12:40:25.761+0000] {dagbag.py:545} INFO - Filling up the DagBag from /usr/local/python/3.10.13/lib/python3.10/site-packages/airflow/example_dags/tutorial_taskflow_api_virtualenv.py
[2024-05-16T12:40:25.770+0000] {processor.py:840} INFO - DAG(s) 'tutorial_taskflow_api_virtualenv' retrieved from /usr/local/python/3.10.13/lib/python3.10/site-packages/airflow/example_dags/tutorial_taskflow_api_virtualenv.py
[2024-05-16T12:40:25.781+0000] {logging_mixin.py:188} INFO - [2024-05-16T12:40:25.781+0000] {dag.py:3096} INFO - Sync 1 DAGs
[2024-05-16T12:40:25.790+0000] {logging_mixin.py:188} INFO - [2024-05-16T12:40:25.790+0000] {dag.py:3954} INFO - Setting next_dagrun for tutorial_taskflow_api_virtualenv to None, run_after=None
[2024-05-16T12:40:25.835+0000] {processor.py:183} INFO - Processing /usr/local/python/3.10.13/lib/python3.10/site-packages/airflow/example_dags/tutorial_taskflow_api_virtualenv.py took 0.080 seconds
[2024-05-16T12:41:07.588+0000] {processor.py:161} INFO - Started process (PID=22380) to work on /usr/local/python/3.10.13/lib/python3.10/site-packages/airflow/example_dags/tutorial_taskflow_api_virtualenv.py
[2024-05-16T12:41:07.589+0000] {processor.py:830} INFO - Processing file /usr/local/python/3.10.13/lib/python3.10/site-packages/airflow/example_dags/tutorial_taskflow_api_virtualenv.py for tasks to queue
[2024-05-16T12:41:07.590+0000] {logging_mixin.py:188} INFO - [2024-05-16T12:41:07.590+0000] {dagbag.py:545} INFO - Filling up the DagBag from /usr/local/python/3.10.13/lib/python3.10/site-packages/airflow/example_dags/tutorial_taskflow_api_virtualenv.py
[2024-05-16T12:41:07.598+0000] {processor.py:840} INFO - DAG(s) 'tutorial_taskflow_api_virtualenv' retrieved from /usr/local/python/3.10.13/lib/python3.10/site-packages/airflow/example_dags/tutorial_taskflow_api_virtualenv.py
[2024-05-16T12:41:07.610+0000] {logging_mixin.py:188} INFO - [2024-05-16T12:41:07.610+0000] {dag.py:3096} INFO - Sync 1 DAGs
[2024-05-16T12:41:07.619+0000] {logging_mixin.py:188} INFO - [2024-05-16T12:41:07.619+0000] {dag.py:3954} INFO - Setting next_dagrun for tutorial_taskflow_api_virtualenv to None, run_after=None
[2024-05-16T12:41:07.663+0000] {processor.py:183} INFO - Processing /usr/local/python/3.10.13/lib/python3.10/site-packages/airflow/example_dags/tutorial_taskflow_api_virtualenv.py took 0.080 seconds
[2024-05-16T12:41:50.198+0000] {processor.py:161} INFO - Started process (PID=22694) to work on /usr/local/python/3.10.13/lib/python3.10/site-packages/airflow/example_dags/tutorial_taskflow_api_virtualenv.py
[2024-05-16T12:41:50.198+0000] {processor.py:830} INFO - Processing file /usr/local/python/3.10.13/lib/python3.10/site-packages/airflow/example_dags/tutorial_taskflow_api_virtualenv.py for tasks to queue
[2024-05-16T12:41:50.200+0000] {logging_mixin.py:188} INFO - [2024-05-16T12:41:50.199+0000] {dagbag.py:545} INFO - Filling up the DagBag from /usr/local/python/3.10.13/lib/python3.10/site-packages/airflow/example_dags/tutorial_taskflow_api_virtualenv.py
[2024-05-16T12:41:50.208+0000] {processor.py:840} INFO - DAG(s) 'tutorial_taskflow_api_virtualenv' retrieved from /usr/local/python/3.10.13/lib/python3.10/site-packages/airflow/example_dags/tutorial_taskflow_api_virtualenv.py
[2024-05-16T12:41:50.220+0000] {logging_mixin.py:188} INFO - [2024-05-16T12:41:50.219+0000] {dag.py:3096} INFO - Sync 1 DAGs
[2024-05-16T12:41:50.229+0000] {logging_mixin.py:188} INFO - [2024-05-16T12:41:50.229+0000] {dag.py:3954} INFO - Setting next_dagrun for tutorial_taskflow_api_virtualenv to None, run_after=None
[2024-05-16T12:41:50.276+0000] {processor.py:183} INFO - Processing /usr/local/python/3.10.13/lib/python3.10/site-packages/airflow/example_dags/tutorial_taskflow_api_virtualenv.py took 0.083 seconds
[2024-05-16T12:42:35.380+0000] {processor.py:161} INFO - Started process (PID=23016) to work on /usr/local/python/3.10.13/lib/python3.10/site-packages/airflow/example_dags/tutorial_taskflow_api_virtualenv.py
[2024-05-16T12:42:35.381+0000] {processor.py:830} INFO - Processing file /usr/local/python/3.10.13/lib/python3.10/site-packages/airflow/example_dags/tutorial_taskflow_api_virtualenv.py for tasks to queue
[2024-05-16T12:42:35.383+0000] {logging_mixin.py:188} INFO - [2024-05-16T12:42:35.382+0000] {dagbag.py:545} INFO - Filling up the DagBag from /usr/local/python/3.10.13/lib/python3.10/site-packages/airflow/example_dags/tutorial_taskflow_api_virtualenv.py
[2024-05-16T12:42:35.391+0000] {processor.py:840} INFO - DAG(s) 'tutorial_taskflow_api_virtualenv' retrieved from /usr/local/python/3.10.13/lib/python3.10/site-packages/airflow/example_dags/tutorial_taskflow_api_virtualenv.py
[2024-05-16T12:42:35.402+0000] {logging_mixin.py:188} INFO - [2024-05-16T12:42:35.402+0000] {dag.py:3096} INFO - Sync 1 DAGs
[2024-05-16T12:42:35.410+0000] {logging_mixin.py:188} INFO - [2024-05-16T12:42:35.410+0000] {dag.py:3954} INFO - Setting next_dagrun for tutorial_taskflow_api_virtualenv to None, run_after=None
[2024-05-16T12:42:35.457+0000] {processor.py:183} INFO - Processing /usr/local/python/3.10.13/lib/python3.10/site-packages/airflow/example_dags/tutorial_taskflow_api_virtualenv.py took 0.081 seconds
[2024-05-16T12:43:36.357+0000] {processor.py:161} INFO - Started process (PID=23471) to work on /usr/local/python/3.10.13/lib/python3.10/site-packages/airflow/example_dags/tutorial_taskflow_api_virtualenv.py
[2024-05-16T12:43:36.358+0000] {processor.py:830} INFO - Processing file /usr/local/python/3.10.13/lib/python3.10/site-packages/airflow/example_dags/tutorial_taskflow_api_virtualenv.py for tasks to queue
[2024-05-16T12:43:36.359+0000] {logging_mixin.py:188} INFO - [2024-05-16T12:43:36.359+0000] {dagbag.py:545} INFO - Filling up the DagBag from /usr/local/python/3.10.13/lib/python3.10/site-packages/airflow/example_dags/tutorial_taskflow_api_virtualenv.py
[2024-05-16T12:43:36.367+0000] {processor.py:840} INFO - DAG(s) 'tutorial_taskflow_api_virtualenv' retrieved from /usr/local/python/3.10.13/lib/python3.10/site-packages/airflow/example_dags/tutorial_taskflow_api_virtualenv.py
[2024-05-16T12:43:36.379+0000] {logging_mixin.py:188} INFO - [2024-05-16T12:43:36.379+0000] {dag.py:3096} INFO - Sync 1 DAGs
[2024-05-16T12:43:36.387+0000] {logging_mixin.py:188} INFO - [2024-05-16T12:43:36.387+0000] {dag.py:3954} INFO - Setting next_dagrun for tutorial_taskflow_api_virtualenv to None, run_after=None
[2024-05-16T12:43:36.431+0000] {processor.py:183} INFO - Processing /usr/local/python/3.10.13/lib/python3.10/site-packages/airflow/example_dags/tutorial_taskflow_api_virtualenv.py took 0.079 seconds
[2024-05-16T12:44:19.606+0000] {processor.py:161} INFO - Started process (PID=23783) to work on /usr/local/python/3.10.13/lib/python3.10/site-packages/airflow/example_dags/tutorial_taskflow_api_virtualenv.py
[2024-05-16T12:44:19.607+0000] {processor.py:830} INFO - Processing file /usr/local/python/3.10.13/lib/python3.10/site-packages/airflow/example_dags/tutorial_taskflow_api_virtualenv.py for tasks to queue
[2024-05-16T12:44:19.609+0000] {logging_mixin.py:188} INFO - [2024-05-16T12:44:19.609+0000] {dagbag.py:545} INFO - Filling up the DagBag from /usr/local/python/3.10.13/lib/python3.10/site-packages/airflow/example_dags/tutorial_taskflow_api_virtualenv.py
[2024-05-16T12:44:19.620+0000] {processor.py:840} INFO - DAG(s) 'tutorial_taskflow_api_virtualenv' retrieved from /usr/local/python/3.10.13/lib/python3.10/site-packages/airflow/example_dags/tutorial_taskflow_api_virtualenv.py
[2024-05-16T12:44:19.635+0000] {logging_mixin.py:188} INFO - [2024-05-16T12:44:19.635+0000] {dag.py:3096} INFO - Sync 1 DAGs
[2024-05-16T12:44:19.648+0000] {logging_mixin.py:188} INFO - [2024-05-16T12:44:19.648+0000] {dag.py:3954} INFO - Setting next_dagrun for tutorial_taskflow_api_virtualenv to None, run_after=None
[2024-05-16T12:44:19.696+0000] {processor.py:183} INFO - Processing /usr/local/python/3.10.13/lib/python3.10/site-packages/airflow/example_dags/tutorial_taskflow_api_virtualenv.py took 0.096 seconds
[2024-05-16T12:45:02.105+0000] {processor.py:161} INFO - Started process (PID=24083) to work on /usr/local/python/3.10.13/lib/python3.10/site-packages/airflow/example_dags/tutorial_taskflow_api_virtualenv.py
[2024-05-16T12:45:02.106+0000] {processor.py:830} INFO - Processing file /usr/local/python/3.10.13/lib/python3.10/site-packages/airflow/example_dags/tutorial_taskflow_api_virtualenv.py for tasks to queue
[2024-05-16T12:45:02.107+0000] {logging_mixin.py:188} INFO - [2024-05-16T12:45:02.107+0000] {dagbag.py:545} INFO - Filling up the DagBag from /usr/local/python/3.10.13/lib/python3.10/site-packages/airflow/example_dags/tutorial_taskflow_api_virtualenv.py
[2024-05-16T12:45:02.116+0000] {processor.py:840} INFO - DAG(s) 'tutorial_taskflow_api_virtualenv' retrieved from /usr/local/python/3.10.13/lib/python3.10/site-packages/airflow/example_dags/tutorial_taskflow_api_virtualenv.py
[2024-05-16T12:45:02.129+0000] {logging_mixin.py:188} INFO - [2024-05-16T12:45:02.129+0000] {dag.py:3096} INFO - Sync 1 DAGs
[2024-05-16T12:45:02.138+0000] {logging_mixin.py:188} INFO - [2024-05-16T12:45:02.138+0000] {dag.py:3954} INFO - Setting next_dagrun for tutorial_taskflow_api_virtualenv to None, run_after=None
[2024-05-16T12:45:02.182+0000] {processor.py:183} INFO - Processing /usr/local/python/3.10.13/lib/python3.10/site-packages/airflow/example_dags/tutorial_taskflow_api_virtualenv.py took 0.082 seconds
