2024-05-16 12:06:01,658 INFO - Task context logging is enabled
2024-05-16 12:06:01,659 INFO - Loaded executor: SequentialExecutor
2024-05-16 12:06:01,750 INFO - Starting the scheduler
2024-05-16 12:06:01,751 INFO - Processing each file at most -1 times
2024-05-16 12:06:01,768 INFO - Launched DagFileProcessorManager with pid: 7235
2024-05-16 12:06:01,770 INFO - Adopting or resetting orphaned tasks for active dag runs
2024-05-16 12:06:01,795 INFO - Configured default timezone UTC
2024-05-16 12:06:10,034 WARNING - The Authorization header is missing: Accept: text/html,application/xhtml+xml,application/xml;q=0.9,image/avif,image/webp,image/apng,*/*;q=0.8,application/signed-exchange;v=b3;q=0.7
Host: localhost:8793
User-Agent: Mozilla/5.0 (Windows NT 10.0; Win64; x64) AppleWebKit/537.36 (KHTML, like Gecko) Chrome/124.0.0.0 Safari/537.36
Accept-Encoding: gzip, deflate, br, zstd
Accept-Language: vi-VN,vi;q=0.9,en-US;q=0.8,en;q=0.7,ja-JP;q=0.6,ja;q=0.5,es;q=0.4
Cache-Control: max-age=0
Referer: https://supreme-invention-qgvj4pgw446hwp6.github.dev/
X-Request-Id: d0d31aa0c48781cbf17403fcf7e8aaa7
X-Real-Ip: 10.240.5.141
X-Forwarded-Port: 443
X-Forwarded-Scheme: https
X-Original-Uri: /
X-Scheme: https
Sec-Fetch-Site: same-site
Sec-Fetch-Mode: navigate
Sec-Fetch-Dest: document
Sec-Ch-Ua: "Chromium";v="124", "Google Chrome";v="124", "Not-A.Brand";v="99"
Sec-Ch-Ua-Mobile: ?0
Sec-Ch-Ua-Platform: "Windows"
X-Original-Proto: https
X-Forwarded-Proto: https
X-Forwarded-Host: supreme-invention-qgvj4pgw446hwp6-8793.app.github.dev
X-Forwarded-For: 10.240.5.141
Proxy-Connection: Keep-Alive

.
2024-05-16 12:06:10,337 WARNING - The Authorization header is missing: Accept: image/avif,image/webp,image/apng,image/svg+xml,image/*,*/*;q=0.8
Host: localhost:8793
User-Agent: Mozilla/5.0 (Windows NT 10.0; Win64; x64) AppleWebKit/537.36 (KHTML, like Gecko) Chrome/124.0.0.0 Safari/537.36
Accept-Encoding: gzip, deflate, br, zstd
Accept-Language: vi-VN,vi;q=0.9,en-US;q=0.8,en;q=0.7,ja-JP;q=0.6,ja;q=0.5,es;q=0.4
Referer: https://supreme-invention-qgvj4pgw446hwp6-8793.app.github.dev/
X-Request-Id: 0ddfc36b1b68a74fe172d28571d40507
X-Real-Ip: 10.240.5.141
X-Forwarded-Port: 443
X-Forwarded-Scheme: https
X-Original-Uri: /favicon.ico
X-Scheme: https
Sec-Ch-Ua: "Chromium";v="124", "Google Chrome";v="124", "Not-A.Brand";v="99"
Sec-Ch-Ua-Mobile: ?0
Sec-Ch-Ua-Platform: "Windows"
Sec-Fetch-Site: same-origin
Sec-Fetch-Mode: no-cors
Sec-Fetch-Dest: image
X-Original-Proto: https
X-Forwarded-Proto: https
X-Forwarded-Host: supreme-invention-qgvj4pgw446hwp6-8793.app.github.dev
X-Forwarded-For: 10.240.5.141
Proxy-Connection: Keep-Alive

.
2024-05-16 12:11:01,956 INFO - Adopting or resetting orphaned tasks for active dag runs
2024-05-16 12:16:02,003 INFO - Adopting or resetting orphaned tasks for active dag runs
2024-05-16 12:21:02,138 INFO - Adopting or resetting orphaned tasks for active dag runs
2024-05-16 12:26:02,276 INFO - Adopting or resetting orphaned tasks for active dag runs
2024-05-16 12:31:02,444 INFO - Adopting or resetting orphaned tasks for active dag runs
2024-05-16 12:36:02,584 INFO - Adopting or resetting orphaned tasks for active dag runs
2024-05-16 12:41:02,720 INFO - Adopting or resetting orphaned tasks for active dag runs
2024-05-16 12:45:35,336 INFO - Exiting gracefully upon receiving signal 15
2024-05-16 12:45:36,340 INFO - Sending Signals.SIGTERM to group 7235. PIDs of all processes in the group: [7235]
2024-05-16 12:45:36,341 INFO - Sending the signal Signals.SIGTERM to group 7235
2024-05-16 12:45:36,562 INFO - Process psutil.Process(pid=7235, status='terminated', exitcode=0, started='12:06:01') (7235) terminated with exit code 0
2024-05-16 12:45:36,564 INFO - Sending Signals.SIGTERM to group 7235. PIDs of all processes in the group: []
2024-05-16 12:45:36,565 INFO - Sending the signal Signals.SIGTERM to group 7235
2024-05-16 12:45:36,565 INFO - Sending the signal Signals.SIGTERM to process 7235 as process group is missing.
2024-05-16 12:45:36,566 INFO - Exited execute loop
